[2025-10-30T20:13:45.769+0000] {taskinstance.py:1956} INFO - Dependencies all met for dep_context=non-requeueable deps ti=<TaskInstance: dataset_analysis_dag.descriptive_stats manual__2025-10-30T20:13:16.408910+00:00 [queued]>
[2025-10-30T20:13:45.779+0000] {taskinstance.py:1956} INFO - Dependencies all met for dep_context=requeueable deps ti=<TaskInstance: dataset_analysis_dag.descriptive_stats manual__2025-10-30T20:13:16.408910+00:00 [queued]>
[2025-10-30T20:13:45.780+0000] {taskinstance.py:2170} INFO - Starting attempt 1 of 4
[2025-10-30T20:13:45.796+0000] {taskinstance.py:2191} INFO - Executing <Task(PythonOperator): descriptive_stats> on 2025-10-30 20:13:16.408910+00:00
[2025-10-30T20:13:45.803+0000] {standard_task_runner.py:60} INFO - Started process 422 to run task
[2025-10-30T20:13:45.807+0000] {standard_task_runner.py:87} INFO - Running: ['***', 'tasks', 'run', 'dataset_analysis_dag', 'descriptive_stats', 'manual__2025-10-30T20:13:16.408910+00:00', '--job-id', '12', '--raw', '--subdir', 'DAGS_FOLDER/dataset_analysis_dag.py', '--cfg-path', '/tmp/tmpxc67_2iq']
[2025-10-30T20:13:45.809+0000] {standard_task_runner.py:88} INFO - Job 12: Subtask descriptive_stats
[2025-10-30T20:13:45.884+0000] {task_command.py:423} INFO - Running <TaskInstance: dataset_analysis_dag.descriptive_stats manual__2025-10-30T20:13:16.408910+00:00 [running]> on host f8a733c3dfd5
[2025-10-30T20:13:45.967+0000] {taskinstance.py:2480} INFO - Exporting env vars: AIRFLOW_CTX_DAG_OWNER='you' AIRFLOW_CTX_DAG_ID='dataset_analysis_dag' AIRFLOW_CTX_TASK_ID='descriptive_stats' AIRFLOW_CTX_EXECUTION_DATE='2025-10-30T20:13:16.408910+00:00' AIRFLOW_CTX_TRY_NUMBER='1' AIRFLOW_CTX_DAG_RUN_ID='manual__2025-10-30T20:13:16.408910+00:00'
[2025-10-30T20:13:59.794+0000] {logging_mixin.py:188} INFO - 
=== ESTADÍSTICAS NUMÉRICAS ===
[2025-10-30T20:13:59.907+0000] {logging_mixin.py:188} INFO -        num_products
count  1.108987e+06
mean   9.550872e+00
std    9.999499e+00
min    1.000000e+00
25%    3.000000e+00
50%    6.000000e+00
75%    1.200000e+01
max    1.280000e+02
[2025-10-30T20:13:59.907+0000] {logging_mixin.py:188} INFO - 
Outliers: {'count': 89733, 'min_outlier': 26, 'max_outlier': 128}
[2025-10-30T20:13:59.908+0000] {logging_mixin.py:188} INFO - 
=== ESTADÍSTICAS CATEGÓRICAS ===
[2025-10-30T20:13:59.908+0000] {logging_mixin.py:188} INFO - Top categorías:
[2025-10-30T20:13:59.909+0000] {logging_mixin.py:188} INFO - Categoría 2: 23258 productos (20.76%)
[2025-10-30T20:13:59.909+0000] {logging_mixin.py:188} INFO - Categoría 9: 5279 productos (4.71%)
[2025-10-30T20:13:59.909+0000] {logging_mixin.py:188} INFO - Categoría 11: 4869 productos (4.35%)
[2025-10-30T20:13:59.910+0000] {logging_mixin.py:188} INFO - Categoría 13: 4541 productos (4.05%)
[2025-10-30T20:13:59.910+0000] {logging_mixin.py:188} INFO - Categoría 8: 4260 productos (3.8%)
[2025-10-30T20:13:59.911+0000] {logging_mixin.py:188} INFO - Categoría 14: 3784 productos (3.38%)
[2025-10-30T20:13:59.911+0000] {logging_mixin.py:188} INFO - Categoría 40: 3693 productos (3.3%)
[2025-10-30T20:13:59.911+0000] {logging_mixin.py:188} INFO - Categoría 48: 3434 productos (3.07%)
[2025-10-30T20:13:59.912+0000] {logging_mixin.py:188} INFO - Categoría 22: 3422 productos (3.06%)
[2025-10-30T20:13:59.918+0000] {logging_mixin.py:188} INFO - Categoría 5: 3322 productos (2.97%)
[2025-10-30T20:13:59.919+0000] {logging_mixin.py:188} INFO - 
Top productos:
[2025-10-30T20:13:59.919+0000] {logging_mixin.py:188} INFO - Producto 5: 300526 veces
[2025-10-30T20:13:59.920+0000] {logging_mixin.py:188} INFO - Producto 10: 290313 veces
[2025-10-30T20:13:59.920+0000] {logging_mixin.py:188} INFO - Producto 3: 269855 veces
[2025-10-30T20:13:59.921+0000] {logging_mixin.py:188} INFO - Producto 4: 260418 veces
[2025-10-30T20:13:59.921+0000] {logging_mixin.py:188} INFO - Producto 6: 254644 veces
[2025-10-30T20:13:59.922+0000] {logging_mixin.py:188} INFO - Producto 8: 253899 veces
[2025-10-30T20:13:59.922+0000] {logging_mixin.py:188} INFO - Producto 7: 225877 veces
[2025-10-30T20:13:59.922+0000] {logging_mixin.py:188} INFO - Producto 16: 224159 veces
[2025-10-30T20:13:59.922+0000] {logging_mixin.py:188} INFO - Producto 11: 221968 veces
[2025-10-30T20:13:59.923+0000] {logging_mixin.py:188} INFO - Producto 9: 212480 veces
[2025-10-30T20:14:00.121+0000] {python.py:201} INFO - Done. Returned value was: None
[2025-10-30T20:14:00.132+0000] {taskinstance.py:1138} INFO - Marking task as SUCCESS. dag_id=dataset_analysis_dag, task_id=descriptive_stats, execution_date=20251030T201316, start_date=20251030T201345, end_date=20251030T201400
[2025-10-30T20:14:00.180+0000] {local_task_job_runner.py:234} INFO - Task exited with return code 0
[2025-10-30T20:14:00.210+0000] {taskinstance.py:3280} INFO - 1 downstream tasks scheduled from follow-on schedule check
