[2025-11-06T22:21:15.620+0000] {processor.py:161} INFO - Started process (PID=236) to work on /home/airflow/.local/lib/python3.8/site-packages/airflow/example_dags/example_branch_python_dop_operator_3.py
[2025-11-06T22:21:15.687+0000] {processor.py:830} INFO - Processing file /home/airflow/.local/lib/python3.8/site-packages/airflow/example_dags/example_branch_python_dop_operator_3.py for tasks to queue
[2025-11-06T22:21:15.691+0000] {logging_mixin.py:188} INFO - [2025-11-06T22:21:15.689+0000] {dagbag.py:538} INFO - Filling up the DagBag from /home/airflow/.local/lib/python3.8/site-packages/airflow/example_dags/example_branch_python_dop_operator_3.py
[2025-11-06T22:21:15.766+0000] {processor.py:840} INFO - DAG(s) 'example_branch_dop_operator_v3' retrieved from /home/airflow/.local/lib/python3.8/site-packages/airflow/example_dags/example_branch_python_dop_operator_3.py
[2025-11-06T22:21:16.525+0000] {logging_mixin.py:188} INFO - [2025-11-06T22:21:16.524+0000] {dag.py:3036} INFO - Sync 1 DAGs
[2025-11-06T22:21:16.667+0000] {logging_mixin.py:188} INFO - [2025-11-06T22:21:16.666+0000] {dag.py:3823} INFO - Setting next_dagrun for example_branch_dop_operator_v3 to 2025-11-06 22:20:00+00:00, run_after=2025-11-06 22:21:00+00:00
[2025-11-06T22:21:16.790+0000] {processor.py:183} INFO - Processing /home/airflow/.local/lib/python3.8/site-packages/airflow/example_dags/example_branch_python_dop_operator_3.py took 1.201 seconds
[2025-11-06T22:22:01.509+0000] {processor.py:161} INFO - Started process (PID=318) to work on /home/airflow/.local/lib/python3.8/site-packages/airflow/example_dags/example_branch_python_dop_operator_3.py
[2025-11-06T22:22:01.511+0000] {processor.py:830} INFO - Processing file /home/airflow/.local/lib/python3.8/site-packages/airflow/example_dags/example_branch_python_dop_operator_3.py for tasks to queue
[2025-11-06T22:22:01.515+0000] {logging_mixin.py:188} INFO - [2025-11-06T22:22:01.514+0000] {dagbag.py:538} INFO - Filling up the DagBag from /home/airflow/.local/lib/python3.8/site-packages/airflow/example_dags/example_branch_python_dop_operator_3.py
[2025-11-06T22:22:01.557+0000] {processor.py:840} INFO - DAG(s) 'example_branch_dop_operator_v3' retrieved from /home/airflow/.local/lib/python3.8/site-packages/airflow/example_dags/example_branch_python_dop_operator_3.py
[2025-11-06T22:22:01.716+0000] {logging_mixin.py:188} INFO - [2025-11-06T22:22:01.714+0000] {dag.py:3036} INFO - Sync 1 DAGs
[2025-11-06T22:22:01.935+0000] {logging_mixin.py:188} INFO - [2025-11-06T22:22:01.935+0000] {dag.py:3823} INFO - Setting next_dagrun for example_branch_dop_operator_v3 to 2025-11-06 22:21:00+00:00, run_after=2025-11-06 22:22:00+00:00
[2025-11-06T22:22:02.056+0000] {processor.py:183} INFO - Processing /home/airflow/.local/lib/python3.8/site-packages/airflow/example_dags/example_branch_python_dop_operator_3.py took 0.559 seconds
[2025-11-06T22:22:33.964+0000] {processor.py:161} INFO - Started process (PID=391) to work on /home/airflow/.local/lib/python3.8/site-packages/airflow/example_dags/example_branch_python_dop_operator_3.py
[2025-11-06T22:22:33.967+0000] {processor.py:830} INFO - Processing file /home/airflow/.local/lib/python3.8/site-packages/airflow/example_dags/example_branch_python_dop_operator_3.py for tasks to queue
[2025-11-06T22:22:33.974+0000] {logging_mixin.py:188} INFO - [2025-11-06T22:22:33.971+0000] {dagbag.py:538} INFO - Filling up the DagBag from /home/airflow/.local/lib/python3.8/site-packages/airflow/example_dags/example_branch_python_dop_operator_3.py
[2025-11-06T22:22:34.043+0000] {processor.py:840} INFO - DAG(s) 'example_branch_dop_operator_v3' retrieved from /home/airflow/.local/lib/python3.8/site-packages/airflow/example_dags/example_branch_python_dop_operator_3.py
[2025-11-06T22:22:34.156+0000] {logging_mixin.py:188} INFO - [2025-11-06T22:22:34.155+0000] {dag.py:3036} INFO - Sync 1 DAGs
[2025-11-06T22:22:34.333+0000] {logging_mixin.py:188} INFO - [2025-11-06T22:22:34.332+0000] {dag.py:3823} INFO - Setting next_dagrun for example_branch_dop_operator_v3 to 2025-11-06 22:21:00+00:00, run_after=2025-11-06 22:22:00+00:00
[2025-11-06T22:22:34.425+0000] {processor.py:183} INFO - Processing /home/airflow/.local/lib/python3.8/site-packages/airflow/example_dags/example_branch_python_dop_operator_3.py took 0.485 seconds
[2025-11-06T22:33:23.128+0000] {processor.py:161} INFO - Started process (PID=149) to work on /home/airflow/.local/lib/python3.8/site-packages/airflow/example_dags/example_branch_python_dop_operator_3.py
[2025-11-06T22:33:23.131+0000] {processor.py:830} INFO - Processing file /home/airflow/.local/lib/python3.8/site-packages/airflow/example_dags/example_branch_python_dop_operator_3.py for tasks to queue
[2025-11-06T22:33:23.149+0000] {logging_mixin.py:188} INFO - [2025-11-06T22:33:23.146+0000] {dagbag.py:538} INFO - Filling up the DagBag from /home/airflow/.local/lib/python3.8/site-packages/airflow/example_dags/example_branch_python_dop_operator_3.py
[2025-11-06T22:33:23.211+0000] {processor.py:840} INFO - DAG(s) 'example_branch_dop_operator_v3' retrieved from /home/airflow/.local/lib/python3.8/site-packages/airflow/example_dags/example_branch_python_dop_operator_3.py
[2025-11-06T22:33:23.674+0000] {logging_mixin.py:188} INFO - [2025-11-06T22:33:23.673+0000] {dag.py:3036} INFO - Sync 1 DAGs
[2025-11-06T22:33:23.758+0000] {logging_mixin.py:188} INFO - [2025-11-06T22:33:23.757+0000] {dag.py:3823} INFO - Setting next_dagrun for example_branch_dop_operator_v3 to 2025-11-06 22:32:00+00:00, run_after=2025-11-06 22:33:00+00:00
[2025-11-06T22:33:23.844+0000] {processor.py:183} INFO - Processing /home/airflow/.local/lib/python3.8/site-packages/airflow/example_dags/example_branch_python_dop_operator_3.py took 0.768 seconds
[2025-11-06T22:33:54.508+0000] {processor.py:161} INFO - Started process (PID=222) to work on /home/airflow/.local/lib/python3.8/site-packages/airflow/example_dags/example_branch_python_dop_operator_3.py
[2025-11-06T22:33:54.510+0000] {processor.py:830} INFO - Processing file /home/airflow/.local/lib/python3.8/site-packages/airflow/example_dags/example_branch_python_dop_operator_3.py for tasks to queue
[2025-11-06T22:33:54.513+0000] {logging_mixin.py:188} INFO - [2025-11-06T22:33:54.512+0000] {dagbag.py:538} INFO - Filling up the DagBag from /home/airflow/.local/lib/python3.8/site-packages/airflow/example_dags/example_branch_python_dop_operator_3.py
[2025-11-06T22:33:54.534+0000] {processor.py:840} INFO - DAG(s) 'example_branch_dop_operator_v3' retrieved from /home/airflow/.local/lib/python3.8/site-packages/airflow/example_dags/example_branch_python_dop_operator_3.py
[2025-11-06T22:33:54.599+0000] {logging_mixin.py:188} INFO - [2025-11-06T22:33:54.598+0000] {dag.py:3036} INFO - Sync 1 DAGs
[2025-11-06T22:33:54.667+0000] {logging_mixin.py:188} INFO - [2025-11-06T22:33:54.667+0000] {dag.py:3823} INFO - Setting next_dagrun for example_branch_dop_operator_v3 to 2025-11-06 22:32:00+00:00, run_after=2025-11-06 22:33:00+00:00
[2025-11-06T22:33:54.714+0000] {processor.py:183} INFO - Processing /home/airflow/.local/lib/python3.8/site-packages/airflow/example_dags/example_branch_python_dop_operator_3.py took 0.214 seconds
[2025-11-06T22:34:30.505+0000] {processor.py:161} INFO - Started process (PID=303) to work on /home/airflow/.local/lib/python3.8/site-packages/airflow/example_dags/example_branch_python_dop_operator_3.py
[2025-11-06T22:34:30.507+0000] {processor.py:830} INFO - Processing file /home/airflow/.local/lib/python3.8/site-packages/airflow/example_dags/example_branch_python_dop_operator_3.py for tasks to queue
[2025-11-06T22:34:30.509+0000] {logging_mixin.py:188} INFO - [2025-11-06T22:34:30.508+0000] {dagbag.py:538} INFO - Filling up the DagBag from /home/airflow/.local/lib/python3.8/site-packages/airflow/example_dags/example_branch_python_dop_operator_3.py
[2025-11-06T22:34:30.533+0000] {processor.py:840} INFO - DAG(s) 'example_branch_dop_operator_v3' retrieved from /home/airflow/.local/lib/python3.8/site-packages/airflow/example_dags/example_branch_python_dop_operator_3.py
[2025-11-06T22:34:30.586+0000] {logging_mixin.py:188} INFO - [2025-11-06T22:34:30.585+0000] {dag.py:3036} INFO - Sync 1 DAGs
[2025-11-06T22:34:30.880+0000] {logging_mixin.py:188} INFO - [2025-11-06T22:34:30.880+0000] {dag.py:3823} INFO - Setting next_dagrun for example_branch_dop_operator_v3 to 2025-11-06 22:33:00+00:00, run_after=2025-11-06 22:34:00+00:00
[2025-11-06T22:34:30.919+0000] {processor.py:183} INFO - Processing /home/airflow/.local/lib/python3.8/site-packages/airflow/example_dags/example_branch_python_dop_operator_3.py took 0.422 seconds
[2025-11-06T22:35:04.657+0000] {processor.py:161} INFO - Started process (PID=376) to work on /home/airflow/.local/lib/python3.8/site-packages/airflow/example_dags/example_branch_python_dop_operator_3.py
[2025-11-06T22:35:04.663+0000] {processor.py:830} INFO - Processing file /home/airflow/.local/lib/python3.8/site-packages/airflow/example_dags/example_branch_python_dop_operator_3.py for tasks to queue
[2025-11-06T22:35:04.674+0000] {logging_mixin.py:188} INFO - [2025-11-06T22:35:04.671+0000] {dagbag.py:538} INFO - Filling up the DagBag from /home/airflow/.local/lib/python3.8/site-packages/airflow/example_dags/example_branch_python_dop_operator_3.py
[2025-11-06T22:35:04.955+0000] {processor.py:840} INFO - DAG(s) 'example_branch_dop_operator_v3' retrieved from /home/airflow/.local/lib/python3.8/site-packages/airflow/example_dags/example_branch_python_dop_operator_3.py
[2025-11-06T22:35:05.288+0000] {logging_mixin.py:188} INFO - [2025-11-06T22:35:05.287+0000] {dag.py:3036} INFO - Sync 1 DAGs
[2025-11-06T22:35:05.572+0000] {logging_mixin.py:188} INFO - [2025-11-06T22:35:05.568+0000] {dag.py:3823} INFO - Setting next_dagrun for example_branch_dop_operator_v3 to 2025-11-06 22:34:00+00:00, run_after=2025-11-06 22:35:00+00:00
[2025-11-06T22:35:05.684+0000] {processor.py:183} INFO - Processing /home/airflow/.local/lib/python3.8/site-packages/airflow/example_dags/example_branch_python_dop_operator_3.py took 1.186 seconds
[2025-11-06T22:35:36.320+0000] {processor.py:161} INFO - Started process (PID=450) to work on /home/airflow/.local/lib/python3.8/site-packages/airflow/example_dags/example_branch_python_dop_operator_3.py
[2025-11-06T22:35:36.321+0000] {processor.py:830} INFO - Processing file /home/airflow/.local/lib/python3.8/site-packages/airflow/example_dags/example_branch_python_dop_operator_3.py for tasks to queue
[2025-11-06T22:35:36.325+0000] {logging_mixin.py:188} INFO - [2025-11-06T22:35:36.324+0000] {dagbag.py:538} INFO - Filling up the DagBag from /home/airflow/.local/lib/python3.8/site-packages/airflow/example_dags/example_branch_python_dop_operator_3.py
[2025-11-06T22:35:36.355+0000] {processor.py:840} INFO - DAG(s) 'example_branch_dop_operator_v3' retrieved from /home/airflow/.local/lib/python3.8/site-packages/airflow/example_dags/example_branch_python_dop_operator_3.py
[2025-11-06T22:35:36.452+0000] {logging_mixin.py:188} INFO - [2025-11-06T22:35:36.451+0000] {dag.py:3036} INFO - Sync 1 DAGs
[2025-11-06T22:35:36.530+0000] {logging_mixin.py:188} INFO - [2025-11-06T22:35:36.529+0000] {dag.py:3823} INFO - Setting next_dagrun for example_branch_dop_operator_v3 to 2025-11-06 22:34:00+00:00, run_after=2025-11-06 22:35:00+00:00
[2025-11-06T22:35:36.586+0000] {processor.py:183} INFO - Processing /home/airflow/.local/lib/python3.8/site-packages/airflow/example_dags/example_branch_python_dop_operator_3.py took 0.276 seconds
[2025-11-06T22:36:07.176+0000] {processor.py:161} INFO - Started process (PID=525) to work on /home/airflow/.local/lib/python3.8/site-packages/airflow/example_dags/example_branch_python_dop_operator_3.py
[2025-11-06T22:36:07.179+0000] {processor.py:830} INFO - Processing file /home/airflow/.local/lib/python3.8/site-packages/airflow/example_dags/example_branch_python_dop_operator_3.py for tasks to queue
[2025-11-06T22:36:07.181+0000] {logging_mixin.py:188} INFO - [2025-11-06T22:36:07.181+0000] {dagbag.py:538} INFO - Filling up the DagBag from /home/airflow/.local/lib/python3.8/site-packages/airflow/example_dags/example_branch_python_dop_operator_3.py
[2025-11-06T22:36:07.214+0000] {processor.py:840} INFO - DAG(s) 'example_branch_dop_operator_v3' retrieved from /home/airflow/.local/lib/python3.8/site-packages/airflow/example_dags/example_branch_python_dop_operator_3.py
[2025-11-06T22:36:07.280+0000] {logging_mixin.py:188} INFO - [2025-11-06T22:36:07.280+0000] {dag.py:3036} INFO - Sync 1 DAGs
[2025-11-06T22:36:07.401+0000] {logging_mixin.py:188} INFO - [2025-11-06T22:36:07.400+0000] {dag.py:3823} INFO - Setting next_dagrun for example_branch_dop_operator_v3 to 2025-11-06 22:35:00+00:00, run_after=2025-11-06 22:36:00+00:00
[2025-11-06T22:36:07.477+0000] {processor.py:183} INFO - Processing /home/airflow/.local/lib/python3.8/site-packages/airflow/example_dags/example_branch_python_dop_operator_3.py took 0.312 seconds
[2025-11-06T22:36:37.976+0000] {processor.py:161} INFO - Started process (PID=596) to work on /home/airflow/.local/lib/python3.8/site-packages/airflow/example_dags/example_branch_python_dop_operator_3.py
[2025-11-06T22:36:37.978+0000] {processor.py:830} INFO - Processing file /home/airflow/.local/lib/python3.8/site-packages/airflow/example_dags/example_branch_python_dop_operator_3.py for tasks to queue
[2025-11-06T22:36:37.980+0000] {logging_mixin.py:188} INFO - [2025-11-06T22:36:37.980+0000] {dagbag.py:538} INFO - Filling up the DagBag from /home/airflow/.local/lib/python3.8/site-packages/airflow/example_dags/example_branch_python_dop_operator_3.py
[2025-11-06T22:36:38.001+0000] {processor.py:840} INFO - DAG(s) 'example_branch_dop_operator_v3' retrieved from /home/airflow/.local/lib/python3.8/site-packages/airflow/example_dags/example_branch_python_dop_operator_3.py
[2025-11-06T22:36:38.059+0000] {logging_mixin.py:188} INFO - [2025-11-06T22:36:38.058+0000] {dag.py:3036} INFO - Sync 1 DAGs
[2025-11-06T22:36:38.192+0000] {logging_mixin.py:188} INFO - [2025-11-06T22:36:38.192+0000] {dag.py:3823} INFO - Setting next_dagrun for example_branch_dop_operator_v3 to 2025-11-06 22:35:00+00:00, run_after=2025-11-06 22:36:00+00:00
[2025-11-06T22:36:38.277+0000] {processor.py:183} INFO - Processing /home/airflow/.local/lib/python3.8/site-packages/airflow/example_dags/example_branch_python_dop_operator_3.py took 0.308 seconds
[2025-11-06T22:37:08.343+0000] {processor.py:161} INFO - Started process (PID=677) to work on /home/airflow/.local/lib/python3.8/site-packages/airflow/example_dags/example_branch_python_dop_operator_3.py
[2025-11-06T22:37:08.344+0000] {processor.py:830} INFO - Processing file /home/airflow/.local/lib/python3.8/site-packages/airflow/example_dags/example_branch_python_dop_operator_3.py for tasks to queue
[2025-11-06T22:37:08.346+0000] {logging_mixin.py:188} INFO - [2025-11-06T22:37:08.345+0000] {dagbag.py:538} INFO - Filling up the DagBag from /home/airflow/.local/lib/python3.8/site-packages/airflow/example_dags/example_branch_python_dop_operator_3.py
[2025-11-06T22:37:08.363+0000] {processor.py:840} INFO - DAG(s) 'example_branch_dop_operator_v3' retrieved from /home/airflow/.local/lib/python3.8/site-packages/airflow/example_dags/example_branch_python_dop_operator_3.py
[2025-11-06T22:37:08.402+0000] {logging_mixin.py:188} INFO - [2025-11-06T22:37:08.402+0000] {dag.py:3036} INFO - Sync 1 DAGs
[2025-11-06T22:37:08.445+0000] {logging_mixin.py:188} INFO - [2025-11-06T22:37:08.445+0000] {dag.py:3823} INFO - Setting next_dagrun for example_branch_dop_operator_v3 to 2025-11-06 22:36:00+00:00, run_after=2025-11-06 22:37:00+00:00
[2025-11-06T22:37:08.480+0000] {processor.py:183} INFO - Processing /home/airflow/.local/lib/python3.8/site-packages/airflow/example_dags/example_branch_python_dop_operator_3.py took 0.144 seconds
[2025-11-06T22:37:38.688+0000] {processor.py:161} INFO - Started process (PID=749) to work on /home/airflow/.local/lib/python3.8/site-packages/airflow/example_dags/example_branch_python_dop_operator_3.py
[2025-11-06T22:37:38.691+0000] {processor.py:830} INFO - Processing file /home/airflow/.local/lib/python3.8/site-packages/airflow/example_dags/example_branch_python_dop_operator_3.py for tasks to queue
[2025-11-06T22:37:38.694+0000] {logging_mixin.py:188} INFO - [2025-11-06T22:37:38.693+0000] {dagbag.py:538} INFO - Filling up the DagBag from /home/airflow/.local/lib/python3.8/site-packages/airflow/example_dags/example_branch_python_dop_operator_3.py
[2025-11-06T22:37:38.735+0000] {processor.py:840} INFO - DAG(s) 'example_branch_dop_operator_v3' retrieved from /home/airflow/.local/lib/python3.8/site-packages/airflow/example_dags/example_branch_python_dop_operator_3.py
[2025-11-06T22:37:38.838+0000] {logging_mixin.py:188} INFO - [2025-11-06T22:37:38.838+0000] {dag.py:3036} INFO - Sync 1 DAGs
[2025-11-06T22:37:38.937+0000] {logging_mixin.py:188} INFO - [2025-11-06T22:37:38.936+0000] {dag.py:3823} INFO - Setting next_dagrun for example_branch_dop_operator_v3 to 2025-11-06 22:36:00+00:00, run_after=2025-11-06 22:37:00+00:00
[2025-11-06T22:37:38.997+0000] {processor.py:183} INFO - Processing /home/airflow/.local/lib/python3.8/site-packages/airflow/example_dags/example_branch_python_dop_operator_3.py took 0.321 seconds
[2025-11-06T22:40:13.028+0000] {processor.py:161} INFO - Started process (PID=860) to work on /home/airflow/.local/lib/python3.8/site-packages/airflow/example_dags/example_branch_python_dop_operator_3.py
[2025-11-06T22:40:13.053+0000] {processor.py:830} INFO - Processing file /home/airflow/.local/lib/python3.8/site-packages/airflow/example_dags/example_branch_python_dop_operator_3.py for tasks to queue
[2025-11-06T22:40:13.069+0000] {logging_mixin.py:188} INFO - [2025-11-06T22:40:13.068+0000] {dagbag.py:538} INFO - Filling up the DagBag from /home/airflow/.local/lib/python3.8/site-packages/airflow/example_dags/example_branch_python_dop_operator_3.py
[2025-11-06T22:40:13.156+0000] {processor.py:840} INFO - DAG(s) 'example_branch_dop_operator_v3' retrieved from /home/airflow/.local/lib/python3.8/site-packages/airflow/example_dags/example_branch_python_dop_operator_3.py
[2025-11-06T22:40:13.533+0000] {logging_mixin.py:188} INFO - [2025-11-06T22:40:13.533+0000] {dag.py:3036} INFO - Sync 1 DAGs
[2025-11-06T22:40:13.817+0000] {logging_mixin.py:188} INFO - [2025-11-06T22:40:13.816+0000] {dag.py:3823} INFO - Setting next_dagrun for example_branch_dop_operator_v3 to 2025-11-06 22:39:00+00:00, run_after=2025-11-06 22:40:00+00:00
[2025-11-06T22:40:13.994+0000] {processor.py:183} INFO - Processing /home/airflow/.local/lib/python3.8/site-packages/airflow/example_dags/example_branch_python_dop_operator_3.py took 1.018 seconds
[2025-11-06T22:40:47.474+0000] {processor.py:161} INFO - Started process (PID=939) to work on /home/airflow/.local/lib/python3.8/site-packages/airflow/example_dags/example_branch_python_dop_operator_3.py
[2025-11-06T22:40:47.488+0000] {processor.py:830} INFO - Processing file /home/airflow/.local/lib/python3.8/site-packages/airflow/example_dags/example_branch_python_dop_operator_3.py for tasks to queue
[2025-11-06T22:40:47.494+0000] {logging_mixin.py:188} INFO - [2025-11-06T22:40:47.493+0000] {dagbag.py:538} INFO - Filling up the DagBag from /home/airflow/.local/lib/python3.8/site-packages/airflow/example_dags/example_branch_python_dop_operator_3.py
[2025-11-06T22:40:47.633+0000] {processor.py:840} INFO - DAG(s) 'example_branch_dop_operator_v3' retrieved from /home/airflow/.local/lib/python3.8/site-packages/airflow/example_dags/example_branch_python_dop_operator_3.py
[2025-11-06T22:40:47.947+0000] {logging_mixin.py:188} INFO - [2025-11-06T22:40:47.934+0000] {dag.py:3036} INFO - Sync 1 DAGs
[2025-11-06T22:40:48.282+0000] {logging_mixin.py:188} INFO - [2025-11-06T22:40:48.282+0000] {dag.py:3823} INFO - Setting next_dagrun for example_branch_dop_operator_v3 to 2025-11-06 22:39:00+00:00, run_after=2025-11-06 22:40:00+00:00
[2025-11-06T22:40:48.415+0000] {processor.py:183} INFO - Processing /home/airflow/.local/lib/python3.8/site-packages/airflow/example_dags/example_branch_python_dop_operator_3.py took 1.035 seconds
[2025-11-06T22:41:30.730+0000] {processor.py:161} INFO - Started process (PID=1027) to work on /home/airflow/.local/lib/python3.8/site-packages/airflow/example_dags/example_branch_python_dop_operator_3.py
[2025-11-06T22:41:30.733+0000] {processor.py:830} INFO - Processing file /home/airflow/.local/lib/python3.8/site-packages/airflow/example_dags/example_branch_python_dop_operator_3.py for tasks to queue
[2025-11-06T22:41:30.737+0000] {logging_mixin.py:188} INFO - [2025-11-06T22:41:30.736+0000] {dagbag.py:538} INFO - Filling up the DagBag from /home/airflow/.local/lib/python3.8/site-packages/airflow/example_dags/example_branch_python_dop_operator_3.py
[2025-11-06T22:41:30.768+0000] {processor.py:840} INFO - DAG(s) 'example_branch_dop_operator_v3' retrieved from /home/airflow/.local/lib/python3.8/site-packages/airflow/example_dags/example_branch_python_dop_operator_3.py
[2025-11-06T22:41:30.934+0000] {logging_mixin.py:188} INFO - [2025-11-06T22:41:30.933+0000] {dag.py:3036} INFO - Sync 1 DAGs
[2025-11-06T22:41:31.059+0000] {logging_mixin.py:188} INFO - [2025-11-06T22:41:31.057+0000] {dag.py:3823} INFO - Setting next_dagrun for example_branch_dop_operator_v3 to 2025-11-06 22:40:00+00:00, run_after=2025-11-06 22:41:00+00:00
[2025-11-06T22:41:31.414+0000] {processor.py:183} INFO - Processing /home/airflow/.local/lib/python3.8/site-packages/airflow/example_dags/example_branch_python_dop_operator_3.py took 0.697 seconds
[2025-11-06T22:42:04.313+0000] {processor.py:161} INFO - Started process (PID=1102) to work on /home/airflow/.local/lib/python3.8/site-packages/airflow/example_dags/example_branch_python_dop_operator_3.py
[2025-11-06T22:42:04.315+0000] {processor.py:830} INFO - Processing file /home/airflow/.local/lib/python3.8/site-packages/airflow/example_dags/example_branch_python_dop_operator_3.py for tasks to queue
[2025-11-06T22:42:04.319+0000] {logging_mixin.py:188} INFO - [2025-11-06T22:42:04.318+0000] {dagbag.py:538} INFO - Filling up the DagBag from /home/airflow/.local/lib/python3.8/site-packages/airflow/example_dags/example_branch_python_dop_operator_3.py
[2025-11-06T22:42:04.396+0000] {processor.py:840} INFO - DAG(s) 'example_branch_dop_operator_v3' retrieved from /home/airflow/.local/lib/python3.8/site-packages/airflow/example_dags/example_branch_python_dop_operator_3.py
[2025-11-06T22:42:04.681+0000] {logging_mixin.py:188} INFO - [2025-11-06T22:42:04.680+0000] {dag.py:3036} INFO - Sync 1 DAGs
[2025-11-06T22:42:04.907+0000] {logging_mixin.py:188} INFO - [2025-11-06T22:42:04.907+0000] {dag.py:3823} INFO - Setting next_dagrun for example_branch_dop_operator_v3 to 2025-11-06 22:41:00+00:00, run_after=2025-11-06 22:42:00+00:00
[2025-11-06T22:42:05.058+0000] {processor.py:183} INFO - Processing /home/airflow/.local/lib/python3.8/site-packages/airflow/example_dags/example_branch_python_dop_operator_3.py took 0.789 seconds
[2025-11-06T22:42:47.908+0000] {processor.py:161} INFO - Started process (PID=1173) to work on /home/airflow/.local/lib/python3.8/site-packages/airflow/example_dags/example_branch_python_dop_operator_3.py
[2025-11-06T22:42:47.910+0000] {processor.py:830} INFO - Processing file /home/airflow/.local/lib/python3.8/site-packages/airflow/example_dags/example_branch_python_dop_operator_3.py for tasks to queue
[2025-11-06T22:42:47.917+0000] {logging_mixin.py:188} INFO - [2025-11-06T22:42:47.914+0000] {dagbag.py:538} INFO - Filling up the DagBag from /home/airflow/.local/lib/python3.8/site-packages/airflow/example_dags/example_branch_python_dop_operator_3.py
[2025-11-06T22:42:48.043+0000] {processor.py:840} INFO - DAG(s) 'example_branch_dop_operator_v3' retrieved from /home/airflow/.local/lib/python3.8/site-packages/airflow/example_dags/example_branch_python_dop_operator_3.py
[2025-11-06T22:42:48.165+0000] {logging_mixin.py:188} INFO - [2025-11-06T22:42:48.164+0000] {dag.py:3036} INFO - Sync 1 DAGs
[2025-11-06T22:42:48.344+0000] {logging_mixin.py:188} INFO - [2025-11-06T22:42:48.343+0000] {dag.py:3823} INFO - Setting next_dagrun for example_branch_dop_operator_v3 to 2025-11-06 22:41:00+00:00, run_after=2025-11-06 22:42:00+00:00
[2025-11-06T22:42:48.486+0000] {processor.py:183} INFO - Processing /home/airflow/.local/lib/python3.8/site-packages/airflow/example_dags/example_branch_python_dop_operator_3.py took 0.624 seconds
[2025-11-06T22:43:23.055+0000] {processor.py:161} INFO - Started process (PID=1254) to work on /home/airflow/.local/lib/python3.8/site-packages/airflow/example_dags/example_branch_python_dop_operator_3.py
[2025-11-06T22:43:23.058+0000] {processor.py:830} INFO - Processing file /home/airflow/.local/lib/python3.8/site-packages/airflow/example_dags/example_branch_python_dop_operator_3.py for tasks to queue
[2025-11-06T22:43:23.064+0000] {logging_mixin.py:188} INFO - [2025-11-06T22:43:23.063+0000] {dagbag.py:538} INFO - Filling up the DagBag from /home/airflow/.local/lib/python3.8/site-packages/airflow/example_dags/example_branch_python_dop_operator_3.py
[2025-11-06T22:43:23.112+0000] {processor.py:840} INFO - DAG(s) 'example_branch_dop_operator_v3' retrieved from /home/airflow/.local/lib/python3.8/site-packages/airflow/example_dags/example_branch_python_dop_operator_3.py
[2025-11-06T22:43:23.230+0000] {logging_mixin.py:188} INFO - [2025-11-06T22:43:23.228+0000] {dag.py:3036} INFO - Sync 1 DAGs
[2025-11-06T22:43:23.389+0000] {logging_mixin.py:188} INFO - [2025-11-06T22:43:23.389+0000] {dag.py:3823} INFO - Setting next_dagrun for example_branch_dop_operator_v3 to 2025-11-06 22:42:00+00:00, run_after=2025-11-06 22:43:00+00:00
[2025-11-06T22:43:23.461+0000] {processor.py:183} INFO - Processing /home/airflow/.local/lib/python3.8/site-packages/airflow/example_dags/example_branch_python_dop_operator_3.py took 0.420 seconds
[2025-11-06T22:44:16.726+0000] {processor.py:161} INFO - Started process (PID=1335) to work on /home/airflow/.local/lib/python3.8/site-packages/airflow/example_dags/example_branch_python_dop_operator_3.py
[2025-11-06T22:44:16.730+0000] {processor.py:830} INFO - Processing file /home/airflow/.local/lib/python3.8/site-packages/airflow/example_dags/example_branch_python_dop_operator_3.py for tasks to queue
[2025-11-06T22:44:16.734+0000] {logging_mixin.py:188} INFO - [2025-11-06T22:44:16.733+0000] {dagbag.py:538} INFO - Filling up the DagBag from /home/airflow/.local/lib/python3.8/site-packages/airflow/example_dags/example_branch_python_dop_operator_3.py
[2025-11-06T22:44:16.824+0000] {processor.py:840} INFO - DAG(s) 'example_branch_dop_operator_v3' retrieved from /home/airflow/.local/lib/python3.8/site-packages/airflow/example_dags/example_branch_python_dop_operator_3.py
[2025-11-06T22:44:16.953+0000] {logging_mixin.py:188} INFO - [2025-11-06T22:44:16.953+0000] {dag.py:3036} INFO - Sync 1 DAGs
[2025-11-06T22:44:17.179+0000] {logging_mixin.py:188} INFO - [2025-11-06T22:44:17.178+0000] {dag.py:3823} INFO - Setting next_dagrun for example_branch_dop_operator_v3 to 2025-11-06 22:43:00+00:00, run_after=2025-11-06 22:44:00+00:00
[2025-11-06T22:44:17.360+0000] {processor.py:183} INFO - Processing /home/airflow/.local/lib/python3.8/site-packages/airflow/example_dags/example_branch_python_dop_operator_3.py took 0.659 seconds
[2025-11-06T22:45:40.882+0000] {processor.py:161} INFO - Started process (PID=1451) to work on /home/airflow/.local/lib/python3.8/site-packages/airflow/example_dags/example_branch_python_dop_operator_3.py
[2025-11-06T22:45:40.886+0000] {processor.py:830} INFO - Processing file /home/airflow/.local/lib/python3.8/site-packages/airflow/example_dags/example_branch_python_dop_operator_3.py for tasks to queue
[2025-11-06T22:45:40.920+0000] {logging_mixin.py:188} INFO - [2025-11-06T22:45:40.913+0000] {dagbag.py:538} INFO - Filling up the DagBag from /home/airflow/.local/lib/python3.8/site-packages/airflow/example_dags/example_branch_python_dop_operator_3.py
[2025-11-06T22:45:41.108+0000] {processor.py:840} INFO - DAG(s) 'example_branch_dop_operator_v3' retrieved from /home/airflow/.local/lib/python3.8/site-packages/airflow/example_dags/example_branch_python_dop_operator_3.py
[2025-11-06T22:45:41.305+0000] {logging_mixin.py:188} INFO - [2025-11-06T22:45:41.304+0000] {dag.py:3036} INFO - Sync 1 DAGs
[2025-11-06T22:45:43.641+0000] {logging_mixin.py:188} INFO - [2025-11-06T22:45:43.640+0000] {dag.py:3823} INFO - Setting next_dagrun for example_branch_dop_operator_v3 to 2025-11-06 22:44:00+00:00, run_after=2025-11-06 22:45:00+00:00
[2025-11-06T22:45:44.332+0000] {processor.py:183} INFO - Processing /home/airflow/.local/lib/python3.8/site-packages/airflow/example_dags/example_branch_python_dop_operator_3.py took 2.053 seconds
[2025-11-06T22:46:15.477+0000] {processor.py:161} INFO - Started process (PID=1525) to work on /home/airflow/.local/lib/python3.8/site-packages/airflow/example_dags/example_branch_python_dop_operator_3.py
[2025-11-06T22:46:15.488+0000] {processor.py:830} INFO - Processing file /home/airflow/.local/lib/python3.8/site-packages/airflow/example_dags/example_branch_python_dop_operator_3.py for tasks to queue
[2025-11-06T22:46:15.500+0000] {logging_mixin.py:188} INFO - [2025-11-06T22:46:15.491+0000] {dagbag.py:538} INFO - Filling up the DagBag from /home/airflow/.local/lib/python3.8/site-packages/airflow/example_dags/example_branch_python_dop_operator_3.py
[2025-11-06T22:46:15.580+0000] {processor.py:840} INFO - DAG(s) 'example_branch_dop_operator_v3' retrieved from /home/airflow/.local/lib/python3.8/site-packages/airflow/example_dags/example_branch_python_dop_operator_3.py
[2025-11-06T22:46:15.716+0000] {logging_mixin.py:188} INFO - [2025-11-06T22:46:15.712+0000] {dag.py:3036} INFO - Sync 1 DAGs
[2025-11-06T22:46:15.840+0000] {logging_mixin.py:188} INFO - [2025-11-06T22:46:15.839+0000] {dag.py:3823} INFO - Setting next_dagrun for example_branch_dop_operator_v3 to 2025-11-06 22:45:00+00:00, run_after=2025-11-06 22:46:00+00:00
[2025-11-06T22:46:15.944+0000] {processor.py:183} INFO - Processing /home/airflow/.local/lib/python3.8/site-packages/airflow/example_dags/example_branch_python_dop_operator_3.py took 0.492 seconds
[2025-11-06T22:46:47.351+0000] {processor.py:161} INFO - Started process (PID=1599) to work on /home/airflow/.local/lib/python3.8/site-packages/airflow/example_dags/example_branch_python_dop_operator_3.py
[2025-11-06T22:46:47.353+0000] {processor.py:830} INFO - Processing file /home/airflow/.local/lib/python3.8/site-packages/airflow/example_dags/example_branch_python_dop_operator_3.py for tasks to queue
[2025-11-06T22:46:47.357+0000] {logging_mixin.py:188} INFO - [2025-11-06T22:46:47.356+0000] {dagbag.py:538} INFO - Filling up the DagBag from /home/airflow/.local/lib/python3.8/site-packages/airflow/example_dags/example_branch_python_dop_operator_3.py
[2025-11-06T22:46:47.428+0000] {processor.py:840} INFO - DAG(s) 'example_branch_dop_operator_v3' retrieved from /home/airflow/.local/lib/python3.8/site-packages/airflow/example_dags/example_branch_python_dop_operator_3.py
[2025-11-06T22:46:47.614+0000] {logging_mixin.py:188} INFO - [2025-11-06T22:46:47.612+0000] {dag.py:3036} INFO - Sync 1 DAGs
[2025-11-06T22:46:47.799+0000] {logging_mixin.py:188} INFO - [2025-11-06T22:46:47.799+0000] {dag.py:3823} INFO - Setting next_dagrun for example_branch_dop_operator_v3 to 2025-11-06 22:45:00+00:00, run_after=2025-11-06 22:46:00+00:00
[2025-11-06T22:46:47.880+0000] {processor.py:183} INFO - Processing /home/airflow/.local/lib/python3.8/site-packages/airflow/example_dags/example_branch_python_dop_operator_3.py took 0.545 seconds
[2025-11-06T22:47:18.629+0000] {processor.py:161} INFO - Started process (PID=1672) to work on /home/airflow/.local/lib/python3.8/site-packages/airflow/example_dags/example_branch_python_dop_operator_3.py
[2025-11-06T22:47:18.631+0000] {processor.py:830} INFO - Processing file /home/airflow/.local/lib/python3.8/site-packages/airflow/example_dags/example_branch_python_dop_operator_3.py for tasks to queue
[2025-11-06T22:47:18.634+0000] {logging_mixin.py:188} INFO - [2025-11-06T22:47:18.633+0000] {dagbag.py:538} INFO - Filling up the DagBag from /home/airflow/.local/lib/python3.8/site-packages/airflow/example_dags/example_branch_python_dop_operator_3.py
[2025-11-06T22:47:18.657+0000] {processor.py:840} INFO - DAG(s) 'example_branch_dop_operator_v3' retrieved from /home/airflow/.local/lib/python3.8/site-packages/airflow/example_dags/example_branch_python_dop_operator_3.py
[2025-11-06T22:47:18.749+0000] {logging_mixin.py:188} INFO - [2025-11-06T22:47:18.748+0000] {dag.py:3036} INFO - Sync 1 DAGs
[2025-11-06T22:47:18.844+0000] {logging_mixin.py:188} INFO - [2025-11-06T22:47:18.843+0000] {dag.py:3823} INFO - Setting next_dagrun for example_branch_dop_operator_v3 to 2025-11-06 22:46:00+00:00, run_after=2025-11-06 22:47:00+00:00
[2025-11-06T22:47:18.909+0000] {processor.py:183} INFO - Processing /home/airflow/.local/lib/python3.8/site-packages/airflow/example_dags/example_branch_python_dop_operator_3.py took 0.291 seconds
