[2025-11-06T22:21:17.124+0000] {processor.py:161} INFO - Started process (PID=239) to work on /home/airflow/.local/lib/python3.8/site-packages/airflow/example_dags/example_subdag_operator.py
[2025-11-06T22:21:17.136+0000] {processor.py:830} INFO - Processing file /home/airflow/.local/lib/python3.8/site-packages/airflow/example_dags/example_subdag_operator.py for tasks to queue
[2025-11-06T22:21:17.139+0000] {logging_mixin.py:188} INFO - [2025-11-06T22:21:17.138+0000] {dagbag.py:538} INFO - Filling up the DagBag from /home/airflow/.local/lib/python3.8/site-packages/airflow/example_dags/example_subdag_operator.py
[2025-11-06T22:21:17.300+0000] {processor.py:840} INFO - DAG(s) 'example_subdag_operator.section-1', 'example_subdag_operator.section-2', 'example_subdag_operator' retrieved from /home/airflow/.local/lib/python3.8/site-packages/airflow/example_dags/example_subdag_operator.py
[2025-11-06T22:21:17.711+0000] {logging_mixin.py:188} INFO - [2025-11-06T22:21:17.710+0000] {dag.py:3036} INFO - Sync 3 DAGs
[2025-11-06T22:21:17.822+0000] {logging_mixin.py:188} INFO - [2025-11-06T22:21:17.821+0000] {dag.py:3823} INFO - Setting next_dagrun for example_subdag_operator to 2022-01-01 00:00:00+00:00, run_after=2022-01-01 00:00:00+00:00
[2025-11-06T22:21:17.850+0000] {logging_mixin.py:188} INFO - [2025-11-06T22:21:17.850+0000] {dag.py:3823} INFO - Setting next_dagrun for example_subdag_operator.section-1 to None, run_after=None
[2025-11-06T22:21:17.857+0000] {logging_mixin.py:188} INFO - [2025-11-06T22:21:17.856+0000] {dag.py:3823} INFO - Setting next_dagrun for example_subdag_operator.section-2 to None, run_after=None
[2025-11-06T22:21:17.885+0000] {logging_mixin.py:188} INFO - [2025-11-06T22:21:17.885+0000] {dag.py:3036} INFO - Sync 2 DAGs
[2025-11-06T22:21:17.908+0000] {logging_mixin.py:188} INFO - [2025-11-06T22:21:17.907+0000] {dag.py:3823} INFO - Setting next_dagrun for example_subdag_operator.section-1 to None, run_after=None
[2025-11-06T22:21:17.910+0000] {logging_mixin.py:188} INFO - [2025-11-06T22:21:17.909+0000] {dag.py:3823} INFO - Setting next_dagrun for example_subdag_operator.section-2 to None, run_after=None
[2025-11-06T22:21:17.962+0000] {processor.py:183} INFO - Processing /home/airflow/.local/lib/python3.8/site-packages/airflow/example_dags/example_subdag_operator.py took 0.898 seconds
[2025-11-06T22:22:02.232+0000] {processor.py:161} INFO - Started process (PID=320) to work on /home/airflow/.local/lib/python3.8/site-packages/airflow/example_dags/example_subdag_operator.py
[2025-11-06T22:22:02.235+0000] {processor.py:830} INFO - Processing file /home/airflow/.local/lib/python3.8/site-packages/airflow/example_dags/example_subdag_operator.py for tasks to queue
[2025-11-06T22:22:02.240+0000] {logging_mixin.py:188} INFO - [2025-11-06T22:22:02.239+0000] {dagbag.py:538} INFO - Filling up the DagBag from /home/airflow/.local/lib/python3.8/site-packages/airflow/example_dags/example_subdag_operator.py
[2025-11-06T22:22:02.430+0000] {processor.py:840} INFO - DAG(s) 'example_subdag_operator.section-1', 'example_subdag_operator.section-2', 'example_subdag_operator' retrieved from /home/airflow/.local/lib/python3.8/site-packages/airflow/example_dags/example_subdag_operator.py
[2025-11-06T22:22:02.528+0000] {logging_mixin.py:188} INFO - [2025-11-06T22:22:02.527+0000] {dag.py:3036} INFO - Sync 3 DAGs
[2025-11-06T22:22:02.620+0000] {logging_mixin.py:188} INFO - [2025-11-06T22:22:02.619+0000] {dag.py:3823} INFO - Setting next_dagrun for example_subdag_operator to 2022-01-01 00:00:00+00:00, run_after=2022-01-01 00:00:00+00:00
[2025-11-06T22:22:02.638+0000] {logging_mixin.py:188} INFO - [2025-11-06T22:22:02.637+0000] {dag.py:3823} INFO - Setting next_dagrun for example_subdag_operator.section-1 to None, run_after=None
[2025-11-06T22:22:02.646+0000] {logging_mixin.py:188} INFO - [2025-11-06T22:22:02.645+0000] {dag.py:3823} INFO - Setting next_dagrun for example_subdag_operator.section-2 to None, run_after=None
[2025-11-06T22:22:02.693+0000] {logging_mixin.py:188} INFO - [2025-11-06T22:22:02.692+0000] {dag.py:3036} INFO - Sync 2 DAGs
[2025-11-06T22:22:02.713+0000] {logging_mixin.py:188} INFO - [2025-11-06T22:22:02.712+0000] {dag.py:3823} INFO - Setting next_dagrun for example_subdag_operator.section-1 to None, run_after=None
[2025-11-06T22:22:02.715+0000] {logging_mixin.py:188} INFO - [2025-11-06T22:22:02.714+0000] {dag.py:3823} INFO - Setting next_dagrun for example_subdag_operator.section-2 to None, run_after=None
[2025-11-06T22:22:02.752+0000] {processor.py:183} INFO - Processing /home/airflow/.local/lib/python3.8/site-packages/airflow/example_dags/example_subdag_operator.py took 0.548 seconds
[2025-11-06T22:22:34.531+0000] {processor.py:161} INFO - Started process (PID=393) to work on /home/airflow/.local/lib/python3.8/site-packages/airflow/example_dags/example_subdag_operator.py
[2025-11-06T22:22:34.533+0000] {processor.py:830} INFO - Processing file /home/airflow/.local/lib/python3.8/site-packages/airflow/example_dags/example_subdag_operator.py for tasks to queue
[2025-11-06T22:22:34.536+0000] {logging_mixin.py:188} INFO - [2025-11-06T22:22:34.535+0000] {dagbag.py:538} INFO - Filling up the DagBag from /home/airflow/.local/lib/python3.8/site-packages/airflow/example_dags/example_subdag_operator.py
[2025-11-06T22:22:34.615+0000] {processor.py:840} INFO - DAG(s) 'example_subdag_operator.section-1', 'example_subdag_operator.section-2', 'example_subdag_operator' retrieved from /home/airflow/.local/lib/python3.8/site-packages/airflow/example_dags/example_subdag_operator.py
[2025-11-06T22:22:34.660+0000] {logging_mixin.py:188} INFO - [2025-11-06T22:22:34.660+0000] {dag.py:3036} INFO - Sync 3 DAGs
[2025-11-06T22:22:34.741+0000] {logging_mixin.py:188} INFO - [2025-11-06T22:22:34.740+0000] {dag.py:3823} INFO - Setting next_dagrun for example_subdag_operator to 2022-01-01 00:00:00+00:00, run_after=2022-01-01 00:00:00+00:00
[2025-11-06T22:22:34.750+0000] {logging_mixin.py:188} INFO - [2025-11-06T22:22:34.750+0000] {dag.py:3823} INFO - Setting next_dagrun for example_subdag_operator.section-1 to None, run_after=None
[2025-11-06T22:22:34.754+0000] {logging_mixin.py:188} INFO - [2025-11-06T22:22:34.754+0000] {dag.py:3823} INFO - Setting next_dagrun for example_subdag_operator.section-2 to None, run_after=None
[2025-11-06T22:22:34.769+0000] {logging_mixin.py:188} INFO - [2025-11-06T22:22:34.768+0000] {dag.py:3036} INFO - Sync 2 DAGs
[2025-11-06T22:22:34.782+0000] {logging_mixin.py:188} INFO - [2025-11-06T22:22:34.781+0000] {dag.py:3823} INFO - Setting next_dagrun for example_subdag_operator.section-1 to None, run_after=None
[2025-11-06T22:22:34.800+0000] {logging_mixin.py:188} INFO - [2025-11-06T22:22:34.799+0000] {dag.py:3823} INFO - Setting next_dagrun for example_subdag_operator.section-2 to None, run_after=None
[2025-11-06T22:22:34.834+0000] {processor.py:183} INFO - Processing /home/airflow/.local/lib/python3.8/site-packages/airflow/example_dags/example_subdag_operator.py took 0.311 seconds
[2025-11-06T22:33:23.926+0000] {processor.py:161} INFO - Started process (PID=151) to work on /home/airflow/.local/lib/python3.8/site-packages/airflow/example_dags/example_subdag_operator.py
[2025-11-06T22:33:23.929+0000] {processor.py:830} INFO - Processing file /home/airflow/.local/lib/python3.8/site-packages/airflow/example_dags/example_subdag_operator.py for tasks to queue
[2025-11-06T22:33:23.932+0000] {logging_mixin.py:188} INFO - [2025-11-06T22:33:23.931+0000] {dagbag.py:538} INFO - Filling up the DagBag from /home/airflow/.local/lib/python3.8/site-packages/airflow/example_dags/example_subdag_operator.py
[2025-11-06T22:33:24.017+0000] {processor.py:840} INFO - DAG(s) 'example_subdag_operator.section-1', 'example_subdag_operator.section-2', 'example_subdag_operator' retrieved from /home/airflow/.local/lib/python3.8/site-packages/airflow/example_dags/example_subdag_operator.py
[2025-11-06T22:33:24.420+0000] {logging_mixin.py:188} INFO - [2025-11-06T22:33:24.420+0000] {dag.py:3036} INFO - Sync 3 DAGs
[2025-11-06T22:33:24.483+0000] {logging_mixin.py:188} INFO - [2025-11-06T22:33:24.482+0000] {dag.py:3823} INFO - Setting next_dagrun for example_subdag_operator to 2022-01-01 00:00:00+00:00, run_after=2022-01-01 00:00:00+00:00
[2025-11-06T22:33:24.501+0000] {logging_mixin.py:188} INFO - [2025-11-06T22:33:24.501+0000] {dag.py:3823} INFO - Setting next_dagrun for example_subdag_operator.section-1 to None, run_after=None
[2025-11-06T22:33:24.508+0000] {logging_mixin.py:188} INFO - [2025-11-06T22:33:24.507+0000] {dag.py:3823} INFO - Setting next_dagrun for example_subdag_operator.section-2 to None, run_after=None
[2025-11-06T22:33:24.565+0000] {logging_mixin.py:188} INFO - [2025-11-06T22:33:24.564+0000] {dag.py:3036} INFO - Sync 2 DAGs
[2025-11-06T22:33:24.582+0000] {logging_mixin.py:188} INFO - [2025-11-06T22:33:24.581+0000] {dag.py:3823} INFO - Setting next_dagrun for example_subdag_operator.section-1 to None, run_after=None
[2025-11-06T22:33:24.584+0000] {logging_mixin.py:188} INFO - [2025-11-06T22:33:24.584+0000] {dag.py:3823} INFO - Setting next_dagrun for example_subdag_operator.section-2 to None, run_after=None
[2025-11-06T22:33:24.866+0000] {processor.py:183} INFO - Processing /home/airflow/.local/lib/python3.8/site-packages/airflow/example_dags/example_subdag_operator.py took 0.950 seconds
[2025-11-06T22:33:55.082+0000] {processor.py:161} INFO - Started process (PID=224) to work on /home/airflow/.local/lib/python3.8/site-packages/airflow/example_dags/example_subdag_operator.py
[2025-11-06T22:33:55.084+0000] {processor.py:830} INFO - Processing file /home/airflow/.local/lib/python3.8/site-packages/airflow/example_dags/example_subdag_operator.py for tasks to queue
[2025-11-06T22:33:55.088+0000] {logging_mixin.py:188} INFO - [2025-11-06T22:33:55.086+0000] {dagbag.py:538} INFO - Filling up the DagBag from /home/airflow/.local/lib/python3.8/site-packages/airflow/example_dags/example_subdag_operator.py
[2025-11-06T22:33:55.163+0000] {processor.py:840} INFO - DAG(s) 'example_subdag_operator.section-1', 'example_subdag_operator.section-2', 'example_subdag_operator' retrieved from /home/airflow/.local/lib/python3.8/site-packages/airflow/example_dags/example_subdag_operator.py
[2025-11-06T22:33:55.213+0000] {logging_mixin.py:188} INFO - [2025-11-06T22:33:55.213+0000] {dag.py:3036} INFO - Sync 3 DAGs
[2025-11-06T22:33:55.278+0000] {logging_mixin.py:188} INFO - [2025-11-06T22:33:55.277+0000] {dag.py:3823} INFO - Setting next_dagrun for example_subdag_operator to 2022-01-01 00:00:00+00:00, run_after=2022-01-01 00:00:00+00:00
[2025-11-06T22:33:55.317+0000] {logging_mixin.py:188} INFO - [2025-11-06T22:33:55.317+0000] {dag.py:3823} INFO - Setting next_dagrun for example_subdag_operator.section-1 to None, run_after=None
[2025-11-06T22:33:55.322+0000] {logging_mixin.py:188} INFO - [2025-11-06T22:33:55.322+0000] {dag.py:3823} INFO - Setting next_dagrun for example_subdag_operator.section-2 to None, run_after=None
[2025-11-06T22:33:55.345+0000] {logging_mixin.py:188} INFO - [2025-11-06T22:33:55.344+0000] {dag.py:3036} INFO - Sync 2 DAGs
[2025-11-06T22:33:55.364+0000] {logging_mixin.py:188} INFO - [2025-11-06T22:33:55.363+0000] {dag.py:3823} INFO - Setting next_dagrun for example_subdag_operator.section-1 to None, run_after=None
[2025-11-06T22:33:55.367+0000] {logging_mixin.py:188} INFO - [2025-11-06T22:33:55.366+0000] {dag.py:3823} INFO - Setting next_dagrun for example_subdag_operator.section-2 to None, run_after=None
[2025-11-06T22:33:55.415+0000] {processor.py:183} INFO - Processing /home/airflow/.local/lib/python3.8/site-packages/airflow/example_dags/example_subdag_operator.py took 0.349 seconds
[2025-11-06T22:34:30.995+0000] {processor.py:161} INFO - Started process (PID=305) to work on /home/airflow/.local/lib/python3.8/site-packages/airflow/example_dags/example_subdag_operator.py
[2025-11-06T22:34:30.997+0000] {processor.py:830} INFO - Processing file /home/airflow/.local/lib/python3.8/site-packages/airflow/example_dags/example_subdag_operator.py for tasks to queue
[2025-11-06T22:34:31.000+0000] {logging_mixin.py:188} INFO - [2025-11-06T22:34:30.999+0000] {dagbag.py:538} INFO - Filling up the DagBag from /home/airflow/.local/lib/python3.8/site-packages/airflow/example_dags/example_subdag_operator.py
[2025-11-06T22:34:31.086+0000] {processor.py:840} INFO - DAG(s) 'example_subdag_operator.section-1', 'example_subdag_operator.section-2', 'example_subdag_operator' retrieved from /home/airflow/.local/lib/python3.8/site-packages/airflow/example_dags/example_subdag_operator.py
[2025-11-06T22:34:31.132+0000] {logging_mixin.py:188} INFO - [2025-11-06T22:34:31.132+0000] {dag.py:3036} INFO - Sync 3 DAGs
[2025-11-06T22:34:31.596+0000] {logging_mixin.py:188} INFO - [2025-11-06T22:34:31.595+0000] {dag.py:3823} INFO - Setting next_dagrun for example_subdag_operator to 2022-01-01 00:00:00+00:00, run_after=2022-01-01 00:00:00+00:00
[2025-11-06T22:34:31.617+0000] {logging_mixin.py:188} INFO - [2025-11-06T22:34:31.616+0000] {dag.py:3823} INFO - Setting next_dagrun for example_subdag_operator.section-1 to None, run_after=None
[2025-11-06T22:34:31.622+0000] {logging_mixin.py:188} INFO - [2025-11-06T22:34:31.622+0000] {dag.py:3823} INFO - Setting next_dagrun for example_subdag_operator.section-2 to None, run_after=None
[2025-11-06T22:34:31.651+0000] {logging_mixin.py:188} INFO - [2025-11-06T22:34:31.650+0000] {dag.py:3036} INFO - Sync 2 DAGs
[2025-11-06T22:34:31.703+0000] {logging_mixin.py:188} INFO - [2025-11-06T22:34:31.702+0000] {dag.py:3823} INFO - Setting next_dagrun for example_subdag_operator.section-1 to None, run_after=None
[2025-11-06T22:34:31.706+0000] {logging_mixin.py:188} INFO - [2025-11-06T22:34:31.706+0000] {dag.py:3823} INFO - Setting next_dagrun for example_subdag_operator.section-2 to None, run_after=None
[2025-11-06T22:34:31.768+0000] {processor.py:183} INFO - Processing /home/airflow/.local/lib/python3.8/site-packages/airflow/example_dags/example_subdag_operator.py took 0.781 seconds
[2025-11-06T22:35:05.849+0000] {processor.py:161} INFO - Started process (PID=378) to work on /home/airflow/.local/lib/python3.8/site-packages/airflow/example_dags/example_subdag_operator.py
[2025-11-06T22:35:05.852+0000] {processor.py:830} INFO - Processing file /home/airflow/.local/lib/python3.8/site-packages/airflow/example_dags/example_subdag_operator.py for tasks to queue
[2025-11-06T22:35:05.865+0000] {logging_mixin.py:188} INFO - [2025-11-06T22:35:05.862+0000] {dagbag.py:538} INFO - Filling up the DagBag from /home/airflow/.local/lib/python3.8/site-packages/airflow/example_dags/example_subdag_operator.py
[2025-11-06T22:35:06.110+0000] {processor.py:840} INFO - DAG(s) 'example_subdag_operator.section-1', 'example_subdag_operator.section-2', 'example_subdag_operator' retrieved from /home/airflow/.local/lib/python3.8/site-packages/airflow/example_dags/example_subdag_operator.py
[2025-11-06T22:35:06.214+0000] {logging_mixin.py:188} INFO - [2025-11-06T22:35:06.213+0000] {dag.py:3036} INFO - Sync 3 DAGs
[2025-11-06T22:35:06.367+0000] {logging_mixin.py:188} INFO - [2025-11-06T22:35:06.366+0000] {dag.py:3823} INFO - Setting next_dagrun for example_subdag_operator to 2022-01-01 00:00:00+00:00, run_after=2022-01-01 00:00:00+00:00
[2025-11-06T22:35:06.396+0000] {logging_mixin.py:188} INFO - [2025-11-06T22:35:06.396+0000] {dag.py:3823} INFO - Setting next_dagrun for example_subdag_operator.section-1 to None, run_after=None
[2025-11-06T22:35:06.406+0000] {logging_mixin.py:188} INFO - [2025-11-06T22:35:06.406+0000] {dag.py:3823} INFO - Setting next_dagrun for example_subdag_operator.section-2 to None, run_after=None
[2025-11-06T22:35:06.477+0000] {logging_mixin.py:188} INFO - [2025-11-06T22:35:06.476+0000] {dag.py:3036} INFO - Sync 2 DAGs
[2025-11-06T22:35:06.534+0000] {logging_mixin.py:188} INFO - [2025-11-06T22:35:06.533+0000] {dag.py:3823} INFO - Setting next_dagrun for example_subdag_operator.section-1 to None, run_after=None
[2025-11-06T22:35:06.548+0000] {logging_mixin.py:188} INFO - [2025-11-06T22:35:06.547+0000] {dag.py:3823} INFO - Setting next_dagrun for example_subdag_operator.section-2 to None, run_after=None
[2025-11-06T22:35:06.645+0000] {processor.py:183} INFO - Processing /home/airflow/.local/lib/python3.8/site-packages/airflow/example_dags/example_subdag_operator.py took 0.814 seconds
[2025-11-06T22:35:37.834+0000] {processor.py:161} INFO - Started process (PID=452) to work on /home/airflow/.local/lib/python3.8/site-packages/airflow/example_dags/example_subdag_operator.py
[2025-11-06T22:35:37.843+0000] {processor.py:830} INFO - Processing file /home/airflow/.local/lib/python3.8/site-packages/airflow/example_dags/example_subdag_operator.py for tasks to queue
[2025-11-06T22:35:37.856+0000] {logging_mixin.py:188} INFO - [2025-11-06T22:35:37.853+0000] {dagbag.py:538} INFO - Filling up the DagBag from /home/airflow/.local/lib/python3.8/site-packages/airflow/example_dags/example_subdag_operator.py
[2025-11-06T22:35:38.032+0000] {processor.py:840} INFO - DAG(s) 'example_subdag_operator.section-1', 'example_subdag_operator.section-2', 'example_subdag_operator' retrieved from /home/airflow/.local/lib/python3.8/site-packages/airflow/example_dags/example_subdag_operator.py
[2025-11-06T22:35:38.103+0000] {logging_mixin.py:188} INFO - [2025-11-06T22:35:38.103+0000] {dag.py:3036} INFO - Sync 3 DAGs
[2025-11-06T22:35:38.205+0000] {logging_mixin.py:188} INFO - [2025-11-06T22:35:38.204+0000] {dag.py:3823} INFO - Setting next_dagrun for example_subdag_operator to 2022-01-01 00:00:00+00:00, run_after=2022-01-01 00:00:00+00:00
[2025-11-06T22:35:38.223+0000] {logging_mixin.py:188} INFO - [2025-11-06T22:35:38.222+0000] {dag.py:3823} INFO - Setting next_dagrun for example_subdag_operator.section-1 to None, run_after=None
[2025-11-06T22:35:38.236+0000] {logging_mixin.py:188} INFO - [2025-11-06T22:35:38.235+0000] {dag.py:3823} INFO - Setting next_dagrun for example_subdag_operator.section-2 to None, run_after=None
[2025-11-06T22:35:38.291+0000] {logging_mixin.py:188} INFO - [2025-11-06T22:35:38.290+0000] {dag.py:3036} INFO - Sync 2 DAGs
[2025-11-06T22:35:38.319+0000] {logging_mixin.py:188} INFO - [2025-11-06T22:35:38.318+0000] {dag.py:3823} INFO - Setting next_dagrun for example_subdag_operator.section-1 to None, run_after=None
[2025-11-06T22:35:38.322+0000] {logging_mixin.py:188} INFO - [2025-11-06T22:35:38.321+0000] {dag.py:3823} INFO - Setting next_dagrun for example_subdag_operator.section-2 to None, run_after=None
[2025-11-06T22:35:38.391+0000] {processor.py:183} INFO - Processing /home/airflow/.local/lib/python3.8/site-packages/airflow/example_dags/example_subdag_operator.py took 0.584 seconds
[2025-11-06T22:36:08.651+0000] {processor.py:161} INFO - Started process (PID=527) to work on /home/airflow/.local/lib/python3.8/site-packages/airflow/example_dags/example_subdag_operator.py
[2025-11-06T22:36:08.654+0000] {processor.py:830} INFO - Processing file /home/airflow/.local/lib/python3.8/site-packages/airflow/example_dags/example_subdag_operator.py for tasks to queue
[2025-11-06T22:36:08.657+0000] {logging_mixin.py:188} INFO - [2025-11-06T22:36:08.656+0000] {dagbag.py:538} INFO - Filling up the DagBag from /home/airflow/.local/lib/python3.8/site-packages/airflow/example_dags/example_subdag_operator.py
[2025-11-06T22:36:08.748+0000] {processor.py:840} INFO - DAG(s) 'example_subdag_operator.section-1', 'example_subdag_operator.section-2', 'example_subdag_operator' retrieved from /home/airflow/.local/lib/python3.8/site-packages/airflow/example_dags/example_subdag_operator.py
[2025-11-06T22:36:08.803+0000] {logging_mixin.py:188} INFO - [2025-11-06T22:36:08.803+0000] {dag.py:3036} INFO - Sync 3 DAGs
[2025-11-06T22:36:08.857+0000] {logging_mixin.py:188} INFO - [2025-11-06T22:36:08.856+0000] {dag.py:3823} INFO - Setting next_dagrun for example_subdag_operator to 2022-01-01 00:00:00+00:00, run_after=2022-01-01 00:00:00+00:00
[2025-11-06T22:36:08.868+0000] {logging_mixin.py:188} INFO - [2025-11-06T22:36:08.868+0000] {dag.py:3823} INFO - Setting next_dagrun for example_subdag_operator.section-1 to None, run_after=None
[2025-11-06T22:36:08.872+0000] {logging_mixin.py:188} INFO - [2025-11-06T22:36:08.871+0000] {dag.py:3823} INFO - Setting next_dagrun for example_subdag_operator.section-2 to None, run_after=None
[2025-11-06T22:36:08.890+0000] {logging_mixin.py:188} INFO - [2025-11-06T22:36:08.889+0000] {dag.py:3036} INFO - Sync 2 DAGs
[2025-11-06T22:36:08.901+0000] {logging_mixin.py:188} INFO - [2025-11-06T22:36:08.901+0000] {dag.py:3823} INFO - Setting next_dagrun for example_subdag_operator.section-1 to None, run_after=None
[2025-11-06T22:36:08.903+0000] {logging_mixin.py:188} INFO - [2025-11-06T22:36:08.902+0000] {dag.py:3823} INFO - Setting next_dagrun for example_subdag_operator.section-2 to None, run_after=None
[2025-11-06T22:36:08.930+0000] {processor.py:183} INFO - Processing /home/airflow/.local/lib/python3.8/site-packages/airflow/example_dags/example_subdag_operator.py took 0.288 seconds
[2025-11-06T22:36:39.423+0000] {processor.py:161} INFO - Started process (PID=599) to work on /home/airflow/.local/lib/python3.8/site-packages/airflow/example_dags/example_subdag_operator.py
[2025-11-06T22:36:39.425+0000] {processor.py:830} INFO - Processing file /home/airflow/.local/lib/python3.8/site-packages/airflow/example_dags/example_subdag_operator.py for tasks to queue
[2025-11-06T22:36:39.428+0000] {logging_mixin.py:188} INFO - [2025-11-06T22:36:39.427+0000] {dagbag.py:538} INFO - Filling up the DagBag from /home/airflow/.local/lib/python3.8/site-packages/airflow/example_dags/example_subdag_operator.py
[2025-11-06T22:36:39.494+0000] {processor.py:840} INFO - DAG(s) 'example_subdag_operator.section-1', 'example_subdag_operator.section-2', 'example_subdag_operator' retrieved from /home/airflow/.local/lib/python3.8/site-packages/airflow/example_dags/example_subdag_operator.py
[2025-11-06T22:36:39.527+0000] {logging_mixin.py:188} INFO - [2025-11-06T22:36:39.526+0000] {dag.py:3036} INFO - Sync 3 DAGs
[2025-11-06T22:36:39.580+0000] {logging_mixin.py:188} INFO - [2025-11-06T22:36:39.580+0000] {dag.py:3823} INFO - Setting next_dagrun for example_subdag_operator to 2022-01-01 00:00:00+00:00, run_after=2022-01-01 00:00:00+00:00
[2025-11-06T22:36:39.587+0000] {logging_mixin.py:188} INFO - [2025-11-06T22:36:39.587+0000] {dag.py:3823} INFO - Setting next_dagrun for example_subdag_operator.section-1 to None, run_after=None
[2025-11-06T22:36:39.591+0000] {logging_mixin.py:188} INFO - [2025-11-06T22:36:39.591+0000] {dag.py:3823} INFO - Setting next_dagrun for example_subdag_operator.section-2 to None, run_after=None
[2025-11-06T22:36:39.605+0000] {logging_mixin.py:188} INFO - [2025-11-06T22:36:39.605+0000] {dag.py:3036} INFO - Sync 2 DAGs
[2025-11-06T22:36:39.615+0000] {logging_mixin.py:188} INFO - [2025-11-06T22:36:39.615+0000] {dag.py:3823} INFO - Setting next_dagrun for example_subdag_operator.section-1 to None, run_after=None
[2025-11-06T22:36:39.616+0000] {logging_mixin.py:188} INFO - [2025-11-06T22:36:39.616+0000] {dag.py:3823} INFO - Setting next_dagrun for example_subdag_operator.section-2 to None, run_after=None
[2025-11-06T22:36:39.641+0000] {processor.py:183} INFO - Processing /home/airflow/.local/lib/python3.8/site-packages/airflow/example_dags/example_subdag_operator.py took 0.229 seconds
[2025-11-06T22:37:10.544+0000] {processor.py:161} INFO - Started process (PID=679) to work on /home/airflow/.local/lib/python3.8/site-packages/airflow/example_dags/example_subdag_operator.py
[2025-11-06T22:37:10.545+0000] {processor.py:830} INFO - Processing file /home/airflow/.local/lib/python3.8/site-packages/airflow/example_dags/example_subdag_operator.py for tasks to queue
[2025-11-06T22:37:10.547+0000] {logging_mixin.py:188} INFO - [2025-11-06T22:37:10.547+0000] {dagbag.py:538} INFO - Filling up the DagBag from /home/airflow/.local/lib/python3.8/site-packages/airflow/example_dags/example_subdag_operator.py
[2025-11-06T22:37:10.593+0000] {processor.py:840} INFO - DAG(s) 'example_subdag_operator.section-1', 'example_subdag_operator.section-2', 'example_subdag_operator' retrieved from /home/airflow/.local/lib/python3.8/site-packages/airflow/example_dags/example_subdag_operator.py
[2025-11-06T22:37:10.622+0000] {logging_mixin.py:188} INFO - [2025-11-06T22:37:10.622+0000] {dag.py:3036} INFO - Sync 3 DAGs
[2025-11-06T22:37:10.658+0000] {logging_mixin.py:188} INFO - [2025-11-06T22:37:10.657+0000] {dag.py:3823} INFO - Setting next_dagrun for example_subdag_operator to 2022-01-01 00:00:00+00:00, run_after=2022-01-01 00:00:00+00:00
[2025-11-06T22:37:10.665+0000] {logging_mixin.py:188} INFO - [2025-11-06T22:37:10.664+0000] {dag.py:3823} INFO - Setting next_dagrun for example_subdag_operator.section-1 to None, run_after=None
[2025-11-06T22:37:10.668+0000] {logging_mixin.py:188} INFO - [2025-11-06T22:37:10.667+0000] {dag.py:3823} INFO - Setting next_dagrun for example_subdag_operator.section-2 to None, run_after=None
[2025-11-06T22:37:10.682+0000] {logging_mixin.py:188} INFO - [2025-11-06T22:37:10.681+0000] {dag.py:3036} INFO - Sync 2 DAGs
[2025-11-06T22:37:10.693+0000] {logging_mixin.py:188} INFO - [2025-11-06T22:37:10.693+0000] {dag.py:3823} INFO - Setting next_dagrun for example_subdag_operator.section-1 to None, run_after=None
[2025-11-06T22:37:10.694+0000] {logging_mixin.py:188} INFO - [2025-11-06T22:37:10.694+0000] {dag.py:3823} INFO - Setting next_dagrun for example_subdag_operator.section-2 to None, run_after=None
[2025-11-06T22:37:10.744+0000] {processor.py:183} INFO - Processing /home/airflow/.local/lib/python3.8/site-packages/airflow/example_dags/example_subdag_operator.py took 0.205 seconds
[2025-11-06T22:37:41.141+0000] {processor.py:161} INFO - Started process (PID=760) to work on /home/airflow/.local/lib/python3.8/site-packages/airflow/example_dags/example_subdag_operator.py
[2025-11-06T22:37:41.144+0000] {processor.py:830} INFO - Processing file /home/airflow/.local/lib/python3.8/site-packages/airflow/example_dags/example_subdag_operator.py for tasks to queue
[2025-11-06T22:37:41.149+0000] {logging_mixin.py:188} INFO - [2025-11-06T22:37:41.147+0000] {dagbag.py:538} INFO - Filling up the DagBag from /home/airflow/.local/lib/python3.8/site-packages/airflow/example_dags/example_subdag_operator.py
[2025-11-06T22:37:41.249+0000] {processor.py:840} INFO - DAG(s) 'example_subdag_operator.section-1', 'example_subdag_operator.section-2', 'example_subdag_operator' retrieved from /home/airflow/.local/lib/python3.8/site-packages/airflow/example_dags/example_subdag_operator.py
[2025-11-06T22:37:41.321+0000] {logging_mixin.py:188} INFO - [2025-11-06T22:37:41.320+0000] {dag.py:3036} INFO - Sync 3 DAGs
[2025-11-06T22:37:41.432+0000] {logging_mixin.py:188} INFO - [2025-11-06T22:37:41.431+0000] {dag.py:3823} INFO - Setting next_dagrun for example_subdag_operator to 2022-01-01 00:00:00+00:00, run_after=2022-01-01 00:00:00+00:00
[2025-11-06T22:37:41.443+0000] {logging_mixin.py:188} INFO - [2025-11-06T22:37:41.442+0000] {dag.py:3823} INFO - Setting next_dagrun for example_subdag_operator.section-1 to None, run_after=None
[2025-11-06T22:37:41.447+0000] {logging_mixin.py:188} INFO - [2025-11-06T22:37:41.446+0000] {dag.py:3823} INFO - Setting next_dagrun for example_subdag_operator.section-2 to None, run_after=None
[2025-11-06T22:37:41.468+0000] {logging_mixin.py:188} INFO - [2025-11-06T22:37:41.467+0000] {dag.py:3036} INFO - Sync 2 DAGs
[2025-11-06T22:37:41.487+0000] {logging_mixin.py:188} INFO - [2025-11-06T22:37:41.486+0000] {dag.py:3823} INFO - Setting next_dagrun for example_subdag_operator.section-1 to None, run_after=None
[2025-11-06T22:37:41.488+0000] {logging_mixin.py:188} INFO - [2025-11-06T22:37:41.488+0000] {dag.py:3823} INFO - Setting next_dagrun for example_subdag_operator.section-2 to None, run_after=None
[2025-11-06T22:37:41.532+0000] {processor.py:183} INFO - Processing /home/airflow/.local/lib/python3.8/site-packages/airflow/example_dags/example_subdag_operator.py took 0.404 seconds
[2025-11-06T22:40:16.439+0000] {processor.py:161} INFO - Started process (PID=877) to work on /home/airflow/.local/lib/python3.8/site-packages/airflow/example_dags/example_subdag_operator.py
[2025-11-06T22:40:16.442+0000] {processor.py:830} INFO - Processing file /home/airflow/.local/lib/python3.8/site-packages/airflow/example_dags/example_subdag_operator.py for tasks to queue
[2025-11-06T22:40:16.450+0000] {logging_mixin.py:188} INFO - [2025-11-06T22:40:16.449+0000] {dagbag.py:538} INFO - Filling up the DagBag from /home/airflow/.local/lib/python3.8/site-packages/airflow/example_dags/example_subdag_operator.py
[2025-11-06T22:40:16.590+0000] {processor.py:840} INFO - DAG(s) 'example_subdag_operator.section-1', 'example_subdag_operator.section-2', 'example_subdag_operator' retrieved from /home/airflow/.local/lib/python3.8/site-packages/airflow/example_dags/example_subdag_operator.py
[2025-11-06T22:40:16.801+0000] {logging_mixin.py:188} INFO - [2025-11-06T22:40:16.798+0000] {dag.py:3036} INFO - Sync 3 DAGs
[2025-11-06T22:40:17.013+0000] {logging_mixin.py:188} INFO - [2025-11-06T22:40:17.013+0000] {dag.py:3823} INFO - Setting next_dagrun for example_subdag_operator to 2022-01-01 00:00:00+00:00, run_after=2022-01-01 00:00:00+00:00
[2025-11-06T22:40:17.116+0000] {logging_mixin.py:188} INFO - [2025-11-06T22:40:17.115+0000] {dag.py:3823} INFO - Setting next_dagrun for example_subdag_operator.section-1 to None, run_after=None
[2025-11-06T22:40:17.184+0000] {logging_mixin.py:188} INFO - [2025-11-06T22:40:17.183+0000] {dag.py:3823} INFO - Setting next_dagrun for example_subdag_operator.section-2 to None, run_after=None
[2025-11-06T22:40:17.324+0000] {logging_mixin.py:188} INFO - [2025-11-06T22:40:17.322+0000] {dag.py:3036} INFO - Sync 2 DAGs
[2025-11-06T22:40:17.354+0000] {logging_mixin.py:188} INFO - [2025-11-06T22:40:17.353+0000] {dag.py:3823} INFO - Setting next_dagrun for example_subdag_operator.section-1 to None, run_after=None
[2025-11-06T22:40:17.357+0000] {logging_mixin.py:188} INFO - [2025-11-06T22:40:17.356+0000] {dag.py:3823} INFO - Setting next_dagrun for example_subdag_operator.section-2 to None, run_after=None
[2025-11-06T22:40:17.476+0000] {processor.py:183} INFO - Processing /home/airflow/.local/lib/python3.8/site-packages/airflow/example_dags/example_subdag_operator.py took 1.083 seconds
[2025-11-06T22:40:48.688+0000] {processor.py:161} INFO - Started process (PID=941) to work on /home/airflow/.local/lib/python3.8/site-packages/airflow/example_dags/example_subdag_operator.py
[2025-11-06T22:40:48.711+0000] {processor.py:830} INFO - Processing file /home/airflow/.local/lib/python3.8/site-packages/airflow/example_dags/example_subdag_operator.py for tasks to queue
[2025-11-06T22:40:48.742+0000] {logging_mixin.py:188} INFO - [2025-11-06T22:40:48.731+0000] {dagbag.py:538} INFO - Filling up the DagBag from /home/airflow/.local/lib/python3.8/site-packages/airflow/example_dags/example_subdag_operator.py
[2025-11-06T22:40:49.187+0000] {processor.py:840} INFO - DAG(s) 'example_subdag_operator.section-1', 'example_subdag_operator.section-2', 'example_subdag_operator' retrieved from /home/airflow/.local/lib/python3.8/site-packages/airflow/example_dags/example_subdag_operator.py
[2025-11-06T22:40:49.371+0000] {logging_mixin.py:188} INFO - [2025-11-06T22:40:49.370+0000] {dag.py:3036} INFO - Sync 3 DAGs
[2025-11-06T22:40:49.515+0000] {logging_mixin.py:188} INFO - [2025-11-06T22:40:49.513+0000] {dag.py:3823} INFO - Setting next_dagrun for example_subdag_operator to 2022-01-01 00:00:00+00:00, run_after=2022-01-01 00:00:00+00:00
[2025-11-06T22:40:49.532+0000] {logging_mixin.py:188} INFO - [2025-11-06T22:40:49.531+0000] {dag.py:3823} INFO - Setting next_dagrun for example_subdag_operator.section-1 to None, run_after=None
[2025-11-06T22:40:49.539+0000] {logging_mixin.py:188} INFO - [2025-11-06T22:40:49.538+0000] {dag.py:3823} INFO - Setting next_dagrun for example_subdag_operator.section-2 to None, run_after=None
[2025-11-06T22:40:49.587+0000] {logging_mixin.py:188} INFO - [2025-11-06T22:40:49.586+0000] {dag.py:3036} INFO - Sync 2 DAGs
[2025-11-06T22:40:49.618+0000] {logging_mixin.py:188} INFO - [2025-11-06T22:40:49.617+0000] {dag.py:3823} INFO - Setting next_dagrun for example_subdag_operator.section-1 to None, run_after=None
[2025-11-06T22:40:49.625+0000] {logging_mixin.py:188} INFO - [2025-11-06T22:40:49.623+0000] {dag.py:3823} INFO - Setting next_dagrun for example_subdag_operator.section-2 to None, run_after=None
[2025-11-06T22:40:49.725+0000] {processor.py:183} INFO - Processing /home/airflow/.local/lib/python3.8/site-packages/airflow/example_dags/example_subdag_operator.py took 1.055 seconds
[2025-11-06T22:41:31.502+0000] {processor.py:161} INFO - Started process (PID=1029) to work on /home/airflow/.local/lib/python3.8/site-packages/airflow/example_dags/example_subdag_operator.py
[2025-11-06T22:41:31.504+0000] {processor.py:830} INFO - Processing file /home/airflow/.local/lib/python3.8/site-packages/airflow/example_dags/example_subdag_operator.py for tasks to queue
[2025-11-06T22:41:31.510+0000] {logging_mixin.py:188} INFO - [2025-11-06T22:41:31.507+0000] {dagbag.py:538} INFO - Filling up the DagBag from /home/airflow/.local/lib/python3.8/site-packages/airflow/example_dags/example_subdag_operator.py
[2025-11-06T22:41:31.626+0000] {processor.py:840} INFO - DAG(s) 'example_subdag_operator.section-1', 'example_subdag_operator.section-2', 'example_subdag_operator' retrieved from /home/airflow/.local/lib/python3.8/site-packages/airflow/example_dags/example_subdag_operator.py
[2025-11-06T22:41:31.690+0000] {logging_mixin.py:188} INFO - [2025-11-06T22:41:31.689+0000] {dag.py:3036} INFO - Sync 3 DAGs
[2025-11-06T22:41:31.761+0000] {logging_mixin.py:188} INFO - [2025-11-06T22:41:31.759+0000] {dag.py:3823} INFO - Setting next_dagrun for example_subdag_operator to 2022-01-01 00:00:00+00:00, run_after=2022-01-01 00:00:00+00:00
[2025-11-06T22:41:31.773+0000] {logging_mixin.py:188} INFO - [2025-11-06T22:41:31.772+0000] {dag.py:3823} INFO - Setting next_dagrun for example_subdag_operator.section-1 to None, run_after=None
[2025-11-06T22:41:31.778+0000] {logging_mixin.py:188} INFO - [2025-11-06T22:41:31.777+0000] {dag.py:3823} INFO - Setting next_dagrun for example_subdag_operator.section-2 to None, run_after=None
[2025-11-06T22:41:31.802+0000] {logging_mixin.py:188} INFO - [2025-11-06T22:41:31.802+0000] {dag.py:3036} INFO - Sync 2 DAGs
[2025-11-06T22:41:31.818+0000] {logging_mixin.py:188} INFO - [2025-11-06T22:41:31.817+0000] {dag.py:3823} INFO - Setting next_dagrun for example_subdag_operator.section-1 to None, run_after=None
[2025-11-06T22:41:31.820+0000] {logging_mixin.py:188} INFO - [2025-11-06T22:41:31.820+0000] {dag.py:3823} INFO - Setting next_dagrun for example_subdag_operator.section-2 to None, run_after=None
[2025-11-06T22:41:32.033+0000] {processor.py:183} INFO - Processing /home/airflow/.local/lib/python3.8/site-packages/airflow/example_dags/example_subdag_operator.py took 0.544 seconds
[2025-11-06T22:42:05.615+0000] {processor.py:161} INFO - Started process (PID=1104) to work on /home/airflow/.local/lib/python3.8/site-packages/airflow/example_dags/example_subdag_operator.py
[2025-11-06T22:42:05.617+0000] {processor.py:830} INFO - Processing file /home/airflow/.local/lib/python3.8/site-packages/airflow/example_dags/example_subdag_operator.py for tasks to queue
[2025-11-06T22:42:05.621+0000] {logging_mixin.py:188} INFO - [2025-11-06T22:42:05.620+0000] {dagbag.py:538} INFO - Filling up the DagBag from /home/airflow/.local/lib/python3.8/site-packages/airflow/example_dags/example_subdag_operator.py
[2025-11-06T22:42:05.812+0000] {processor.py:840} INFO - DAG(s) 'example_subdag_operator.section-1', 'example_subdag_operator.section-2', 'example_subdag_operator' retrieved from /home/airflow/.local/lib/python3.8/site-packages/airflow/example_dags/example_subdag_operator.py
[2025-11-06T22:42:05.929+0000] {logging_mixin.py:188} INFO - [2025-11-06T22:42:05.929+0000] {dag.py:3036} INFO - Sync 3 DAGs
[2025-11-06T22:42:06.126+0000] {logging_mixin.py:188} INFO - [2025-11-06T22:42:06.125+0000] {dag.py:3823} INFO - Setting next_dagrun for example_subdag_operator to 2022-01-01 00:00:00+00:00, run_after=2022-01-01 00:00:00+00:00
[2025-11-06T22:42:06.160+0000] {logging_mixin.py:188} INFO - [2025-11-06T22:42:06.157+0000] {dag.py:3823} INFO - Setting next_dagrun for example_subdag_operator.section-1 to None, run_after=None
[2025-11-06T22:42:06.172+0000] {logging_mixin.py:188} INFO - [2025-11-06T22:42:06.171+0000] {dag.py:3823} INFO - Setting next_dagrun for example_subdag_operator.section-2 to None, run_after=None
[2025-11-06T22:42:06.243+0000] {logging_mixin.py:188} INFO - [2025-11-06T22:42:06.236+0000] {dag.py:3036} INFO - Sync 2 DAGs
[2025-11-06T22:42:06.285+0000] {logging_mixin.py:188} INFO - [2025-11-06T22:42:06.284+0000] {dag.py:3823} INFO - Setting next_dagrun for example_subdag_operator.section-1 to None, run_after=None
[2025-11-06T22:42:06.299+0000] {logging_mixin.py:188} INFO - [2025-11-06T22:42:06.299+0000] {dag.py:3823} INFO - Setting next_dagrun for example_subdag_operator.section-2 to None, run_after=None
[2025-11-06T22:42:06.421+0000] {processor.py:183} INFO - Processing /home/airflow/.local/lib/python3.8/site-packages/airflow/example_dags/example_subdag_operator.py took 0.827 seconds
[2025-11-06T22:42:48.662+0000] {processor.py:161} INFO - Started process (PID=1175) to work on /home/airflow/.local/lib/python3.8/site-packages/airflow/example_dags/example_subdag_operator.py
[2025-11-06T22:42:48.687+0000] {processor.py:830} INFO - Processing file /home/airflow/.local/lib/python3.8/site-packages/airflow/example_dags/example_subdag_operator.py for tasks to queue
[2025-11-06T22:42:48.694+0000] {logging_mixin.py:188} INFO - [2025-11-06T22:42:48.692+0000] {dagbag.py:538} INFO - Filling up the DagBag from /home/airflow/.local/lib/python3.8/site-packages/airflow/example_dags/example_subdag_operator.py
[2025-11-06T22:42:48.855+0000] {processor.py:840} INFO - DAG(s) 'example_subdag_operator.section-1', 'example_subdag_operator.section-2', 'example_subdag_operator' retrieved from /home/airflow/.local/lib/python3.8/site-packages/airflow/example_dags/example_subdag_operator.py
[2025-11-06T22:42:48.928+0000] {logging_mixin.py:188} INFO - [2025-11-06T22:42:48.927+0000] {dag.py:3036} INFO - Sync 3 DAGs
[2025-11-06T22:42:49.009+0000] {logging_mixin.py:188} INFO - [2025-11-06T22:42:49.008+0000] {dag.py:3823} INFO - Setting next_dagrun for example_subdag_operator to 2022-01-01 00:00:00+00:00, run_after=2022-01-01 00:00:00+00:00
[2025-11-06T22:42:49.023+0000] {logging_mixin.py:188} INFO - [2025-11-06T22:42:49.022+0000] {dag.py:3823} INFO - Setting next_dagrun for example_subdag_operator.section-1 to None, run_after=None
[2025-11-06T22:42:49.027+0000] {logging_mixin.py:188} INFO - [2025-11-06T22:42:49.027+0000] {dag.py:3823} INFO - Setting next_dagrun for example_subdag_operator.section-2 to None, run_after=None
[2025-11-06T22:42:49.054+0000] {logging_mixin.py:188} INFO - [2025-11-06T22:42:49.053+0000] {dag.py:3036} INFO - Sync 2 DAGs
[2025-11-06T22:42:49.077+0000] {logging_mixin.py:188} INFO - [2025-11-06T22:42:49.077+0000] {dag.py:3823} INFO - Setting next_dagrun for example_subdag_operator.section-1 to None, run_after=None
[2025-11-06T22:42:49.082+0000] {logging_mixin.py:188} INFO - [2025-11-06T22:42:49.082+0000] {dag.py:3823} INFO - Setting next_dagrun for example_subdag_operator.section-2 to None, run_after=None
[2025-11-06T22:42:49.121+0000] {processor.py:183} INFO - Processing /home/airflow/.local/lib/python3.8/site-packages/airflow/example_dags/example_subdag_operator.py took 0.481 seconds
[2025-11-06T22:43:23.540+0000] {processor.py:161} INFO - Started process (PID=1256) to work on /home/airflow/.local/lib/python3.8/site-packages/airflow/example_dags/example_subdag_operator.py
[2025-11-06T22:43:23.542+0000] {processor.py:830} INFO - Processing file /home/airflow/.local/lib/python3.8/site-packages/airflow/example_dags/example_subdag_operator.py for tasks to queue
[2025-11-06T22:43:23.546+0000] {logging_mixin.py:188} INFO - [2025-11-06T22:43:23.545+0000] {dagbag.py:538} INFO - Filling up the DagBag from /home/airflow/.local/lib/python3.8/site-packages/airflow/example_dags/example_subdag_operator.py
[2025-11-06T22:43:23.653+0000] {processor.py:840} INFO - DAG(s) 'example_subdag_operator.section-1', 'example_subdag_operator.section-2', 'example_subdag_operator' retrieved from /home/airflow/.local/lib/python3.8/site-packages/airflow/example_dags/example_subdag_operator.py
[2025-11-06T22:43:23.720+0000] {logging_mixin.py:188} INFO - [2025-11-06T22:43:23.719+0000] {dag.py:3036} INFO - Sync 3 DAGs
[2025-11-06T22:43:23.815+0000] {logging_mixin.py:188} INFO - [2025-11-06T22:43:23.814+0000] {dag.py:3823} INFO - Setting next_dagrun for example_subdag_operator to 2022-01-01 00:00:00+00:00, run_after=2022-01-01 00:00:00+00:00
[2025-11-06T22:43:23.862+0000] {logging_mixin.py:188} INFO - [2025-11-06T22:43:23.851+0000] {dag.py:3823} INFO - Setting next_dagrun for example_subdag_operator.section-1 to None, run_after=None
[2025-11-06T22:43:23.882+0000] {logging_mixin.py:188} INFO - [2025-11-06T22:43:23.881+0000] {dag.py:3823} INFO - Setting next_dagrun for example_subdag_operator.section-2 to None, run_after=None
[2025-11-06T22:43:23.917+0000] {logging_mixin.py:188} INFO - [2025-11-06T22:43:23.916+0000] {dag.py:3036} INFO - Sync 2 DAGs
[2025-11-06T22:43:23.951+0000] {logging_mixin.py:188} INFO - [2025-11-06T22:43:23.950+0000] {dag.py:3823} INFO - Setting next_dagrun for example_subdag_operator.section-1 to None, run_after=None
[2025-11-06T22:43:23.954+0000] {logging_mixin.py:188} INFO - [2025-11-06T22:43:23.953+0000] {dag.py:3823} INFO - Setting next_dagrun for example_subdag_operator.section-2 to None, run_after=None
[2025-11-06T22:43:24.112+0000] {processor.py:183} INFO - Processing /home/airflow/.local/lib/python3.8/site-packages/airflow/example_dags/example_subdag_operator.py took 0.584 seconds
[2025-11-06T22:44:17.753+0000] {processor.py:161} INFO - Started process (PID=1337) to work on /home/airflow/.local/lib/python3.8/site-packages/airflow/example_dags/example_subdag_operator.py
[2025-11-06T22:44:17.771+0000] {processor.py:830} INFO - Processing file /home/airflow/.local/lib/python3.8/site-packages/airflow/example_dags/example_subdag_operator.py for tasks to queue
[2025-11-06T22:44:17.809+0000] {logging_mixin.py:188} INFO - [2025-11-06T22:44:17.795+0000] {dagbag.py:538} INFO - Filling up the DagBag from /home/airflow/.local/lib/python3.8/site-packages/airflow/example_dags/example_subdag_operator.py
[2025-11-06T22:44:18.045+0000] {processor.py:840} INFO - DAG(s) 'example_subdag_operator.section-1', 'example_subdag_operator.section-2', 'example_subdag_operator' retrieved from /home/airflow/.local/lib/python3.8/site-packages/airflow/example_dags/example_subdag_operator.py
[2025-11-06T22:44:18.204+0000] {logging_mixin.py:188} INFO - [2025-11-06T22:44:18.203+0000] {dag.py:3036} INFO - Sync 3 DAGs
[2025-11-06T22:44:18.295+0000] {logging_mixin.py:188} INFO - [2025-11-06T22:44:18.293+0000] {dag.py:3823} INFO - Setting next_dagrun for example_subdag_operator to 2022-01-01 00:00:00+00:00, run_after=2022-01-01 00:00:00+00:00
[2025-11-06T22:44:18.310+0000] {logging_mixin.py:188} INFO - [2025-11-06T22:44:18.310+0000] {dag.py:3823} INFO - Setting next_dagrun for example_subdag_operator.section-1 to None, run_after=None
[2025-11-06T22:44:18.322+0000] {logging_mixin.py:188} INFO - [2025-11-06T22:44:18.321+0000] {dag.py:3823} INFO - Setting next_dagrun for example_subdag_operator.section-2 to None, run_after=None
[2025-11-06T22:44:18.347+0000] {logging_mixin.py:188} INFO - [2025-11-06T22:44:18.346+0000] {dag.py:3036} INFO - Sync 2 DAGs
[2025-11-06T22:44:18.367+0000] {logging_mixin.py:188} INFO - [2025-11-06T22:44:18.366+0000] {dag.py:3823} INFO - Setting next_dagrun for example_subdag_operator.section-1 to None, run_after=None
[2025-11-06T22:44:18.369+0000] {logging_mixin.py:188} INFO - [2025-11-06T22:44:18.368+0000] {dag.py:3823} INFO - Setting next_dagrun for example_subdag_operator.section-2 to None, run_after=None
[2025-11-06T22:44:18.415+0000] {processor.py:183} INFO - Processing /home/airflow/.local/lib/python3.8/site-packages/airflow/example_dags/example_subdag_operator.py took 0.688 seconds
[2025-11-06T22:45:45.339+0000] {processor.py:161} INFO - Started process (PID=1453) to work on /home/airflow/.local/lib/python3.8/site-packages/airflow/example_dags/example_subdag_operator.py
[2025-11-06T22:45:45.342+0000] {processor.py:830} INFO - Processing file /home/airflow/.local/lib/python3.8/site-packages/airflow/example_dags/example_subdag_operator.py for tasks to queue
[2025-11-06T22:45:45.346+0000] {logging_mixin.py:188} INFO - [2025-11-06T22:45:45.345+0000] {dagbag.py:538} INFO - Filling up the DagBag from /home/airflow/.local/lib/python3.8/site-packages/airflow/example_dags/example_subdag_operator.py
[2025-11-06T22:45:45.448+0000] {processor.py:840} INFO - DAG(s) 'example_subdag_operator.section-1', 'example_subdag_operator.section-2', 'example_subdag_operator' retrieved from /home/airflow/.local/lib/python3.8/site-packages/airflow/example_dags/example_subdag_operator.py
[2025-11-06T22:45:45.530+0000] {logging_mixin.py:188} INFO - [2025-11-06T22:45:45.528+0000] {dag.py:3036} INFO - Sync 3 DAGs
[2025-11-06T22:45:45.889+0000] {logging_mixin.py:188} INFO - [2025-11-06T22:45:45.888+0000] {dag.py:3823} INFO - Setting next_dagrun for example_subdag_operator to 2022-01-01 00:00:00+00:00, run_after=2022-01-01 00:00:00+00:00
[2025-11-06T22:45:45.942+0000] {logging_mixin.py:188} INFO - [2025-11-06T22:45:45.941+0000] {dag.py:3823} INFO - Setting next_dagrun for example_subdag_operator.section-1 to None, run_after=None
[2025-11-06T22:45:45.950+0000] {logging_mixin.py:188} INFO - [2025-11-06T22:45:45.949+0000] {dag.py:3823} INFO - Setting next_dagrun for example_subdag_operator.section-2 to None, run_after=None
[2025-11-06T22:45:45.981+0000] {logging_mixin.py:188} INFO - [2025-11-06T22:45:45.980+0000] {dag.py:3036} INFO - Sync 2 DAGs
[2025-11-06T22:45:46.017+0000] {logging_mixin.py:188} INFO - [2025-11-06T22:45:46.016+0000] {dag.py:3823} INFO - Setting next_dagrun for example_subdag_operator.section-1 to None, run_after=None
[2025-11-06T22:45:46.019+0000] {logging_mixin.py:188} INFO - [2025-11-06T22:45:46.019+0000] {dag.py:3823} INFO - Setting next_dagrun for example_subdag_operator.section-2 to None, run_after=None
[2025-11-06T22:45:46.331+0000] {processor.py:183} INFO - Processing /home/airflow/.local/lib/python3.8/site-packages/airflow/example_dags/example_subdag_operator.py took 1.008 seconds
[2025-11-06T22:46:16.897+0000] {processor.py:161} INFO - Started process (PID=1527) to work on /home/airflow/.local/lib/python3.8/site-packages/airflow/example_dags/example_subdag_operator.py
[2025-11-06T22:46:16.900+0000] {processor.py:830} INFO - Processing file /home/airflow/.local/lib/python3.8/site-packages/airflow/example_dags/example_subdag_operator.py for tasks to queue
[2025-11-06T22:46:16.904+0000] {logging_mixin.py:188} INFO - [2025-11-06T22:46:16.902+0000] {dagbag.py:538} INFO - Filling up the DagBag from /home/airflow/.local/lib/python3.8/site-packages/airflow/example_dags/example_subdag_operator.py
[2025-11-06T22:46:17.322+0000] {processor.py:840} INFO - DAG(s) 'example_subdag_operator.section-1', 'example_subdag_operator.section-2', 'example_subdag_operator' retrieved from /home/airflow/.local/lib/python3.8/site-packages/airflow/example_dags/example_subdag_operator.py
[2025-11-06T22:46:17.534+0000] {logging_mixin.py:188} INFO - [2025-11-06T22:46:17.533+0000] {dag.py:3036} INFO - Sync 3 DAGs
[2025-11-06T22:46:17.646+0000] {logging_mixin.py:188} INFO - [2025-11-06T22:46:17.645+0000] {dag.py:3823} INFO - Setting next_dagrun for example_subdag_operator to 2022-01-01 00:00:00+00:00, run_after=2022-01-01 00:00:00+00:00
[2025-11-06T22:46:17.701+0000] {logging_mixin.py:188} INFO - [2025-11-06T22:46:17.700+0000] {dag.py:3823} INFO - Setting next_dagrun for example_subdag_operator.section-1 to None, run_after=None
[2025-11-06T22:46:17.719+0000] {logging_mixin.py:188} INFO - [2025-11-06T22:46:17.718+0000] {dag.py:3823} INFO - Setting next_dagrun for example_subdag_operator.section-2 to None, run_after=None
[2025-11-06T22:46:17.748+0000] {logging_mixin.py:188} INFO - [2025-11-06T22:46:17.747+0000] {dag.py:3036} INFO - Sync 2 DAGs
[2025-11-06T22:46:17.778+0000] {logging_mixin.py:188} INFO - [2025-11-06T22:46:17.777+0000] {dag.py:3823} INFO - Setting next_dagrun for example_subdag_operator.section-1 to None, run_after=None
[2025-11-06T22:46:17.780+0000] {logging_mixin.py:188} INFO - [2025-11-06T22:46:17.779+0000] {dag.py:3823} INFO - Setting next_dagrun for example_subdag_operator.section-2 to None, run_after=None
[2025-11-06T22:46:17.823+0000] {processor.py:183} INFO - Processing /home/airflow/.local/lib/python3.8/site-packages/airflow/example_dags/example_subdag_operator.py took 0.941 seconds
[2025-11-06T22:46:48.477+0000] {processor.py:161} INFO - Started process (PID=1601) to work on /home/airflow/.local/lib/python3.8/site-packages/airflow/example_dags/example_subdag_operator.py
[2025-11-06T22:46:48.516+0000] {processor.py:830} INFO - Processing file /home/airflow/.local/lib/python3.8/site-packages/airflow/example_dags/example_subdag_operator.py for tasks to queue
[2025-11-06T22:46:48.530+0000] {logging_mixin.py:188} INFO - [2025-11-06T22:46:48.530+0000] {dagbag.py:538} INFO - Filling up the DagBag from /home/airflow/.local/lib/python3.8/site-packages/airflow/example_dags/example_subdag_operator.py
[2025-11-06T22:46:48.799+0000] {processor.py:840} INFO - DAG(s) 'example_subdag_operator.section-1', 'example_subdag_operator.section-2', 'example_subdag_operator' retrieved from /home/airflow/.local/lib/python3.8/site-packages/airflow/example_dags/example_subdag_operator.py
[2025-11-06T22:46:48.878+0000] {logging_mixin.py:188} INFO - [2025-11-06T22:46:48.877+0000] {dag.py:3036} INFO - Sync 3 DAGs
[2025-11-06T22:46:48.988+0000] {logging_mixin.py:188} INFO - [2025-11-06T22:46:48.987+0000] {dag.py:3823} INFO - Setting next_dagrun for example_subdag_operator to 2022-01-01 00:00:00+00:00, run_after=2022-01-01 00:00:00+00:00
[2025-11-06T22:46:49.055+0000] {logging_mixin.py:188} INFO - [2025-11-06T22:46:49.054+0000] {dag.py:3823} INFO - Setting next_dagrun for example_subdag_operator.section-1 to None, run_after=None
[2025-11-06T22:46:49.067+0000] {logging_mixin.py:188} INFO - [2025-11-06T22:46:49.067+0000] {dag.py:3823} INFO - Setting next_dagrun for example_subdag_operator.section-2 to None, run_after=None
[2025-11-06T22:46:49.124+0000] {logging_mixin.py:188} INFO - [2025-11-06T22:46:49.121+0000] {dag.py:3036} INFO - Sync 2 DAGs
[2025-11-06T22:46:49.189+0000] {logging_mixin.py:188} INFO - [2025-11-06T22:46:49.181+0000] {dag.py:3823} INFO - Setting next_dagrun for example_subdag_operator.section-1 to None, run_after=None
[2025-11-06T22:46:49.193+0000] {logging_mixin.py:188} INFO - [2025-11-06T22:46:49.192+0000] {dag.py:3823} INFO - Setting next_dagrun for example_subdag_operator.section-2 to None, run_after=None
[2025-11-06T22:46:49.253+0000] {processor.py:183} INFO - Processing /home/airflow/.local/lib/python3.8/site-packages/airflow/example_dags/example_subdag_operator.py took 0.805 seconds
[2025-11-06T22:47:19.970+0000] {processor.py:161} INFO - Started process (PID=1674) to work on /home/airflow/.local/lib/python3.8/site-packages/airflow/example_dags/example_subdag_operator.py
[2025-11-06T22:47:19.973+0000] {processor.py:830} INFO - Processing file /home/airflow/.local/lib/python3.8/site-packages/airflow/example_dags/example_subdag_operator.py for tasks to queue
[2025-11-06T22:47:19.976+0000] {logging_mixin.py:188} INFO - [2025-11-06T22:47:19.975+0000] {dagbag.py:538} INFO - Filling up the DagBag from /home/airflow/.local/lib/python3.8/site-packages/airflow/example_dags/example_subdag_operator.py
[2025-11-06T22:47:20.090+0000] {processor.py:840} INFO - DAG(s) 'example_subdag_operator.section-1', 'example_subdag_operator.section-2', 'example_subdag_operator' retrieved from /home/airflow/.local/lib/python3.8/site-packages/airflow/example_dags/example_subdag_operator.py
[2025-11-06T22:47:20.152+0000] {logging_mixin.py:188} INFO - [2025-11-06T22:47:20.151+0000] {dag.py:3036} INFO - Sync 3 DAGs
[2025-11-06T22:47:20.241+0000] {logging_mixin.py:188} INFO - [2025-11-06T22:47:20.240+0000] {dag.py:3823} INFO - Setting next_dagrun for example_subdag_operator to 2022-01-01 00:00:00+00:00, run_after=2022-01-01 00:00:00+00:00
[2025-11-06T22:47:20.261+0000] {logging_mixin.py:188} INFO - [2025-11-06T22:47:20.260+0000] {dag.py:3823} INFO - Setting next_dagrun for example_subdag_operator.section-1 to None, run_after=None
[2025-11-06T22:47:20.268+0000] {logging_mixin.py:188} INFO - [2025-11-06T22:47:20.268+0000] {dag.py:3823} INFO - Setting next_dagrun for example_subdag_operator.section-2 to None, run_after=None
[2025-11-06T22:47:20.310+0000] {logging_mixin.py:188} INFO - [2025-11-06T22:47:20.309+0000] {dag.py:3036} INFO - Sync 2 DAGs
[2025-11-06T22:47:20.334+0000] {logging_mixin.py:188} INFO - [2025-11-06T22:47:20.334+0000] {dag.py:3823} INFO - Setting next_dagrun for example_subdag_operator.section-1 to None, run_after=None
[2025-11-06T22:47:20.339+0000] {logging_mixin.py:188} INFO - [2025-11-06T22:47:20.338+0000] {dag.py:3823} INFO - Setting next_dagrun for example_subdag_operator.section-2 to None, run_after=None
[2025-11-06T22:47:20.388+0000] {processor.py:183} INFO - Processing /home/airflow/.local/lib/python3.8/site-packages/airflow/example_dags/example_subdag_operator.py took 0.429 seconds
