[2025-11-06T22:21:25.633+0000] {processor.py:161} INFO - Started process (PID=247) to work on /home/airflow/.local/lib/python3.8/site-packages/airflow/example_dags/example_python_decorator.py
[2025-11-06T22:21:25.649+0000] {processor.py:830} INFO - Processing file /home/airflow/.local/lib/python3.8/site-packages/airflow/example_dags/example_python_decorator.py for tasks to queue
[2025-11-06T22:21:25.655+0000] {logging_mixin.py:188} INFO - [2025-11-06T22:21:25.654+0000] {dagbag.py:538} INFO - Filling up the DagBag from /home/airflow/.local/lib/python3.8/site-packages/airflow/example_dags/example_python_decorator.py
[2025-11-06T22:21:25.923+0000] {processor.py:840} INFO - DAG(s) 'example_python_decorator' retrieved from /home/airflow/.local/lib/python3.8/site-packages/airflow/example_dags/example_python_decorator.py
[2025-11-06T22:21:27.076+0000] {logging_mixin.py:188} INFO - [2025-11-06T22:21:27.075+0000] {dag.py:3036} INFO - Sync 1 DAGs
[2025-11-06T22:21:27.114+0000] {logging_mixin.py:188} INFO - [2025-11-06T22:21:27.113+0000] {dag.py:3823} INFO - Setting next_dagrun for example_python_decorator to None, run_after=None
[2025-11-06T22:21:27.206+0000] {processor.py:183} INFO - Processing /home/airflow/.local/lib/python3.8/site-packages/airflow/example_dags/example_python_decorator.py took 1.724 seconds
[2025-11-06T22:22:05.516+0000] {processor.py:161} INFO - Started process (PID=328) to work on /home/airflow/.local/lib/python3.8/site-packages/airflow/example_dags/example_python_decorator.py
[2025-11-06T22:22:05.528+0000] {processor.py:830} INFO - Processing file /home/airflow/.local/lib/python3.8/site-packages/airflow/example_dags/example_python_decorator.py for tasks to queue
[2025-11-06T22:22:05.587+0000] {logging_mixin.py:188} INFO - [2025-11-06T22:22:05.585+0000] {dagbag.py:538} INFO - Filling up the DagBag from /home/airflow/.local/lib/python3.8/site-packages/airflow/example_dags/example_python_decorator.py
[2025-11-06T22:22:05.693+0000] {processor.py:840} INFO - DAG(s) 'example_python_decorator' retrieved from /home/airflow/.local/lib/python3.8/site-packages/airflow/example_dags/example_python_decorator.py
[2025-11-06T22:22:05.919+0000] {logging_mixin.py:188} INFO - [2025-11-06T22:22:05.917+0000] {dag.py:3036} INFO - Sync 1 DAGs
[2025-11-06T22:22:06.041+0000] {logging_mixin.py:188} INFO - [2025-11-06T22:22:06.040+0000] {dag.py:3823} INFO - Setting next_dagrun for example_python_decorator to None, run_after=None
[2025-11-06T22:22:06.345+0000] {processor.py:183} INFO - Processing /home/airflow/.local/lib/python3.8/site-packages/airflow/example_dags/example_python_decorator.py took 0.890 seconds
[2025-11-06T22:22:36.734+0000] {processor.py:161} INFO - Started process (PID=408) to work on /home/airflow/.local/lib/python3.8/site-packages/airflow/example_dags/example_python_decorator.py
[2025-11-06T22:22:36.736+0000] {processor.py:830} INFO - Processing file /home/airflow/.local/lib/python3.8/site-packages/airflow/example_dags/example_python_decorator.py for tasks to queue
[2025-11-06T22:22:36.739+0000] {logging_mixin.py:188} INFO - [2025-11-06T22:22:36.738+0000] {dagbag.py:538} INFO - Filling up the DagBag from /home/airflow/.local/lib/python3.8/site-packages/airflow/example_dags/example_python_decorator.py
[2025-11-06T22:22:36.785+0000] {processor.py:840} INFO - DAG(s) 'example_python_decorator' retrieved from /home/airflow/.local/lib/python3.8/site-packages/airflow/example_dags/example_python_decorator.py
[2025-11-06T22:22:36.899+0000] {logging_mixin.py:188} INFO - [2025-11-06T22:22:36.898+0000] {dag.py:3036} INFO - Sync 1 DAGs
[2025-11-06T22:22:36.957+0000] {logging_mixin.py:188} INFO - [2025-11-06T22:22:36.956+0000] {dag.py:3823} INFO - Setting next_dagrun for example_python_decorator to None, run_after=None
[2025-11-06T22:22:37.061+0000] {processor.py:183} INFO - Processing /home/airflow/.local/lib/python3.8/site-packages/airflow/example_dags/example_python_decorator.py took 0.337 seconds
[2025-11-06T22:33:27.305+0000] {processor.py:161} INFO - Started process (PID=166) to work on /home/airflow/.local/lib/python3.8/site-packages/airflow/example_dags/example_python_decorator.py
[2025-11-06T22:33:27.308+0000] {processor.py:830} INFO - Processing file /home/airflow/.local/lib/python3.8/site-packages/airflow/example_dags/example_python_decorator.py for tasks to queue
[2025-11-06T22:33:27.311+0000] {logging_mixin.py:188} INFO - [2025-11-06T22:33:27.311+0000] {dagbag.py:538} INFO - Filling up the DagBag from /home/airflow/.local/lib/python3.8/site-packages/airflow/example_dags/example_python_decorator.py
[2025-11-06T22:33:27.381+0000] {processor.py:840} INFO - DAG(s) 'example_python_decorator' retrieved from /home/airflow/.local/lib/python3.8/site-packages/airflow/example_dags/example_python_decorator.py
[2025-11-06T22:33:27.814+0000] {logging_mixin.py:188} INFO - [2025-11-06T22:33:27.813+0000] {dag.py:3036} INFO - Sync 1 DAGs
[2025-11-06T22:33:27.860+0000] {logging_mixin.py:188} INFO - [2025-11-06T22:33:27.860+0000] {dag.py:3823} INFO - Setting next_dagrun for example_python_decorator to None, run_after=None
[2025-11-06T22:33:27.997+0000] {processor.py:183} INFO - Processing /home/airflow/.local/lib/python3.8/site-packages/airflow/example_dags/example_python_decorator.py took 0.703 seconds
[2025-11-06T22:33:58.210+0000] {processor.py:161} INFO - Started process (PID=239) to work on /home/airflow/.local/lib/python3.8/site-packages/airflow/example_dags/example_python_decorator.py
[2025-11-06T22:33:58.212+0000] {processor.py:830} INFO - Processing file /home/airflow/.local/lib/python3.8/site-packages/airflow/example_dags/example_python_decorator.py for tasks to queue
[2025-11-06T22:33:58.216+0000] {logging_mixin.py:188} INFO - [2025-11-06T22:33:58.214+0000] {dagbag.py:538} INFO - Filling up the DagBag from /home/airflow/.local/lib/python3.8/site-packages/airflow/example_dags/example_python_decorator.py
[2025-11-06T22:33:58.304+0000] {processor.py:840} INFO - DAG(s) 'example_python_decorator' retrieved from /home/airflow/.local/lib/python3.8/site-packages/airflow/example_dags/example_python_decorator.py
[2025-11-06T22:33:58.482+0000] {logging_mixin.py:188} INFO - [2025-11-06T22:33:58.474+0000] {dag.py:3036} INFO - Sync 1 DAGs
[2025-11-06T22:33:58.536+0000] {logging_mixin.py:188} INFO - [2025-11-06T22:33:58.536+0000] {dag.py:3823} INFO - Setting next_dagrun for example_python_decorator to None, run_after=None
[2025-11-06T22:33:58.628+0000] {processor.py:183} INFO - Processing /home/airflow/.local/lib/python3.8/site-packages/airflow/example_dags/example_python_decorator.py took 0.435 seconds
[2025-11-06T22:34:33.951+0000] {processor.py:161} INFO - Started process (PID=313) to work on /home/airflow/.local/lib/python3.8/site-packages/airflow/example_dags/example_python_decorator.py
[2025-11-06T22:34:33.953+0000] {processor.py:830} INFO - Processing file /home/airflow/.local/lib/python3.8/site-packages/airflow/example_dags/example_python_decorator.py for tasks to queue
[2025-11-06T22:34:33.956+0000] {logging_mixin.py:188} INFO - [2025-11-06T22:34:33.955+0000] {dagbag.py:538} INFO - Filling up the DagBag from /home/airflow/.local/lib/python3.8/site-packages/airflow/example_dags/example_python_decorator.py
[2025-11-06T22:34:33.988+0000] {processor.py:840} INFO - DAG(s) 'example_python_decorator' retrieved from /home/airflow/.local/lib/python3.8/site-packages/airflow/example_dags/example_python_decorator.py
[2025-11-06T22:34:34.340+0000] {logging_mixin.py:188} INFO - [2025-11-06T22:34:34.339+0000] {dag.py:3036} INFO - Sync 1 DAGs
[2025-11-06T22:34:34.389+0000] {logging_mixin.py:188} INFO - [2025-11-06T22:34:34.389+0000] {dag.py:3823} INFO - Setting next_dagrun for example_python_decorator to None, run_after=None
[2025-11-06T22:34:34.468+0000] {processor.py:183} INFO - Processing /home/airflow/.local/lib/python3.8/site-packages/airflow/example_dags/example_python_decorator.py took 0.523 seconds
[2025-11-06T22:35:11.037+0000] {processor.py:161} INFO - Started process (PID=387) to work on /home/airflow/.local/lib/python3.8/site-packages/airflow/example_dags/example_python_decorator.py
[2025-11-06T22:35:11.156+0000] {processor.py:830} INFO - Processing file /home/airflow/.local/lib/python3.8/site-packages/airflow/example_dags/example_python_decorator.py for tasks to queue
[2025-11-06T22:35:11.200+0000] {logging_mixin.py:188} INFO - [2025-11-06T22:35:11.199+0000] {dagbag.py:538} INFO - Filling up the DagBag from /home/airflow/.local/lib/python3.8/site-packages/airflow/example_dags/example_python_decorator.py
[2025-11-06T22:35:11.510+0000] {processor.py:840} INFO - DAG(s) 'example_python_decorator' retrieved from /home/airflow/.local/lib/python3.8/site-packages/airflow/example_dags/example_python_decorator.py
[2025-11-06T22:35:12.003+0000] {logging_mixin.py:188} INFO - [2025-11-06T22:35:12.002+0000] {dag.py:3036} INFO - Sync 1 DAGs
[2025-11-06T22:35:12.280+0000] {logging_mixin.py:188} INFO - [2025-11-06T22:35:12.279+0000] {dag.py:3823} INFO - Setting next_dagrun for example_python_decorator to None, run_after=None
[2025-11-06T22:35:12.686+0000] {processor.py:183} INFO - Processing /home/airflow/.local/lib/python3.8/site-packages/airflow/example_dags/example_python_decorator.py took 1.697 seconds
[2025-11-06T22:35:42.936+0000] {processor.py:161} INFO - Started process (PID=460) to work on /home/airflow/.local/lib/python3.8/site-packages/airflow/example_dags/example_python_decorator.py
[2025-11-06T22:35:42.944+0000] {processor.py:830} INFO - Processing file /home/airflow/.local/lib/python3.8/site-packages/airflow/example_dags/example_python_decorator.py for tasks to queue
[2025-11-06T22:35:42.949+0000] {logging_mixin.py:188} INFO - [2025-11-06T22:35:42.947+0000] {dagbag.py:538} INFO - Filling up the DagBag from /home/airflow/.local/lib/python3.8/site-packages/airflow/example_dags/example_python_decorator.py
[2025-11-06T22:35:43.121+0000] {processor.py:840} INFO - DAG(s) 'example_python_decorator' retrieved from /home/airflow/.local/lib/python3.8/site-packages/airflow/example_dags/example_python_decorator.py
[2025-11-06T22:35:43.339+0000] {logging_mixin.py:188} INFO - [2025-11-06T22:35:43.338+0000] {dag.py:3036} INFO - Sync 1 DAGs
[2025-11-06T22:35:43.441+0000] {logging_mixin.py:188} INFO - [2025-11-06T22:35:43.440+0000] {dag.py:3823} INFO - Setting next_dagrun for example_python_decorator to None, run_after=None
[2025-11-06T22:35:43.569+0000] {processor.py:183} INFO - Processing /home/airflow/.local/lib/python3.8/site-packages/airflow/example_dags/example_python_decorator.py took 0.671 seconds
[2025-11-06T22:36:13.978+0000] {processor.py:161} INFO - Started process (PID=542) to work on /home/airflow/.local/lib/python3.8/site-packages/airflow/example_dags/example_python_decorator.py
[2025-11-06T22:36:13.980+0000] {processor.py:830} INFO - Processing file /home/airflow/.local/lib/python3.8/site-packages/airflow/example_dags/example_python_decorator.py for tasks to queue
[2025-11-06T22:36:13.981+0000] {logging_mixin.py:188} INFO - [2025-11-06T22:36:13.981+0000] {dagbag.py:538} INFO - Filling up the DagBag from /home/airflow/.local/lib/python3.8/site-packages/airflow/example_dags/example_python_decorator.py
[2025-11-06T22:36:14.006+0000] {processor.py:840} INFO - DAG(s) 'example_python_decorator' retrieved from /home/airflow/.local/lib/python3.8/site-packages/airflow/example_dags/example_python_decorator.py
[2025-11-06T22:36:14.067+0000] {logging_mixin.py:188} INFO - [2025-11-06T22:36:14.066+0000] {dag.py:3036} INFO - Sync 1 DAGs
[2025-11-06T22:36:14.102+0000] {logging_mixin.py:188} INFO - [2025-11-06T22:36:14.101+0000] {dag.py:3823} INFO - Setting next_dagrun for example_python_decorator to None, run_after=None
[2025-11-06T22:36:14.142+0000] {processor.py:183} INFO - Processing /home/airflow/.local/lib/python3.8/site-packages/airflow/example_dags/example_python_decorator.py took 0.171 seconds
[2025-11-06T22:36:44.494+0000] {processor.py:161} INFO - Started process (PID=615) to work on /home/airflow/.local/lib/python3.8/site-packages/airflow/example_dags/example_python_decorator.py
[2025-11-06T22:36:44.512+0000] {processor.py:830} INFO - Processing file /home/airflow/.local/lib/python3.8/site-packages/airflow/example_dags/example_python_decorator.py for tasks to queue
[2025-11-06T22:36:44.516+0000] {logging_mixin.py:188} INFO - [2025-11-06T22:36:44.515+0000] {dagbag.py:538} INFO - Filling up the DagBag from /home/airflow/.local/lib/python3.8/site-packages/airflow/example_dags/example_python_decorator.py
[2025-11-06T22:36:44.610+0000] {processor.py:840} INFO - DAG(s) 'example_python_decorator' retrieved from /home/airflow/.local/lib/python3.8/site-packages/airflow/example_dags/example_python_decorator.py
[2025-11-06T22:36:44.714+0000] {logging_mixin.py:188} INFO - [2025-11-06T22:36:44.713+0000] {dag.py:3036} INFO - Sync 1 DAGs
[2025-11-06T22:36:44.756+0000] {logging_mixin.py:188} INFO - [2025-11-06T22:36:44.756+0000] {dag.py:3823} INFO - Setting next_dagrun for example_python_decorator to None, run_after=None
[2025-11-06T22:36:44.823+0000] {processor.py:183} INFO - Processing /home/airflow/.local/lib/python3.8/site-packages/airflow/example_dags/example_python_decorator.py took 0.342 seconds
[2025-11-06T22:37:15.527+0000] {processor.py:161} INFO - Started process (PID=689) to work on /home/airflow/.local/lib/python3.8/site-packages/airflow/example_dags/example_python_decorator.py
[2025-11-06T22:37:15.529+0000] {processor.py:830} INFO - Processing file /home/airflow/.local/lib/python3.8/site-packages/airflow/example_dags/example_python_decorator.py for tasks to queue
[2025-11-06T22:37:15.533+0000] {logging_mixin.py:188} INFO - [2025-11-06T22:37:15.532+0000] {dagbag.py:538} INFO - Filling up the DagBag from /home/airflow/.local/lib/python3.8/site-packages/airflow/example_dags/example_python_decorator.py
[2025-11-06T22:37:15.580+0000] {processor.py:840} INFO - DAG(s) 'example_python_decorator' retrieved from /home/airflow/.local/lib/python3.8/site-packages/airflow/example_dags/example_python_decorator.py
[2025-11-06T22:37:15.670+0000] {logging_mixin.py:188} INFO - [2025-11-06T22:37:15.669+0000] {dag.py:3036} INFO - Sync 1 DAGs
[2025-11-06T22:37:15.727+0000] {logging_mixin.py:188} INFO - [2025-11-06T22:37:15.727+0000] {dag.py:3823} INFO - Setting next_dagrun for example_python_decorator to None, run_after=None
[2025-11-06T22:37:15.833+0000] {processor.py:183} INFO - Processing /home/airflow/.local/lib/python3.8/site-packages/airflow/example_dags/example_python_decorator.py took 0.317 seconds
[2025-11-06T22:37:46.334+0000] {processor.py:161} INFO - Started process (PID=777) to work on /home/airflow/.local/lib/python3.8/site-packages/airflow/example_dags/example_python_decorator.py
[2025-11-06T22:37:46.337+0000] {processor.py:830} INFO - Processing file /home/airflow/.local/lib/python3.8/site-packages/airflow/example_dags/example_python_decorator.py for tasks to queue
[2025-11-06T22:37:46.340+0000] {logging_mixin.py:188} INFO - [2025-11-06T22:37:46.339+0000] {dagbag.py:538} INFO - Filling up the DagBag from /home/airflow/.local/lib/python3.8/site-packages/airflow/example_dags/example_python_decorator.py
[2025-11-06T22:37:46.392+0000] {processor.py:840} INFO - DAG(s) 'example_python_decorator' retrieved from /home/airflow/.local/lib/python3.8/site-packages/airflow/example_dags/example_python_decorator.py
[2025-11-06T22:37:46.489+0000] {logging_mixin.py:188} INFO - [2025-11-06T22:37:46.488+0000] {dag.py:3036} INFO - Sync 1 DAGs
[2025-11-06T22:37:46.538+0000] {logging_mixin.py:188} INFO - [2025-11-06T22:37:46.537+0000] {dag.py:3823} INFO - Setting next_dagrun for example_python_decorator to None, run_after=None
[2025-11-06T22:37:46.597+0000] {processor.py:183} INFO - Processing /home/airflow/.local/lib/python3.8/site-packages/airflow/example_dags/example_python_decorator.py took 0.275 seconds
[2025-11-06T22:40:22.965+0000] {processor.py:161} INFO - Started process (PID=886) to work on /home/airflow/.local/lib/python3.8/site-packages/airflow/example_dags/example_python_decorator.py
[2025-11-06T22:40:23.005+0000] {processor.py:830} INFO - Processing file /home/airflow/.local/lib/python3.8/site-packages/airflow/example_dags/example_python_decorator.py for tasks to queue
[2025-11-06T22:40:23.022+0000] {logging_mixin.py:188} INFO - [2025-11-06T22:40:23.021+0000] {dagbag.py:538} INFO - Filling up the DagBag from /home/airflow/.local/lib/python3.8/site-packages/airflow/example_dags/example_python_decorator.py
[2025-11-06T22:40:23.225+0000] {processor.py:840} INFO - DAG(s) 'example_python_decorator' retrieved from /home/airflow/.local/lib/python3.8/site-packages/airflow/example_dags/example_python_decorator.py
[2025-11-06T22:40:23.477+0000] {logging_mixin.py:188} INFO - [2025-11-06T22:40:23.469+0000] {dag.py:3036} INFO - Sync 1 DAGs
[2025-11-06T22:40:24.353+0000] {logging_mixin.py:188} INFO - [2025-11-06T22:40:24.343+0000] {dag.py:3823} INFO - Setting next_dagrun for example_python_decorator to None, run_after=None
[2025-11-06T22:40:25.453+0000] {processor.py:183} INFO - Processing /home/airflow/.local/lib/python3.8/site-packages/airflow/example_dags/example_python_decorator.py took 1.056 seconds
[2025-11-06T22:41:03.113+0000] {processor.py:161} INFO - Started process (PID=965) to work on /home/airflow/.local/lib/python3.8/site-packages/airflow/example_dags/example_python_decorator.py
[2025-11-06T22:41:03.145+0000] {processor.py:830} INFO - Processing file /home/airflow/.local/lib/python3.8/site-packages/airflow/example_dags/example_python_decorator.py for tasks to queue
[2025-11-06T22:41:03.245+0000] {logging_mixin.py:188} INFO - [2025-11-06T22:41:03.244+0000] {dagbag.py:538} INFO - Filling up the DagBag from /home/airflow/.local/lib/python3.8/site-packages/airflow/example_dags/example_python_decorator.py
[2025-11-06T22:41:04.012+0000] {processor.py:840} INFO - DAG(s) 'example_python_decorator' retrieved from /home/airflow/.local/lib/python3.8/site-packages/airflow/example_dags/example_python_decorator.py
[2025-11-06T22:41:04.817+0000] {logging_mixin.py:188} INFO - [2025-11-06T22:41:04.816+0000] {dag.py:3036} INFO - Sync 1 DAGs
[2025-11-06T22:41:05.144+0000] {logging_mixin.py:188} INFO - [2025-11-06T22:41:05.143+0000] {dag.py:3823} INFO - Setting next_dagrun for example_python_decorator to None, run_after=None
[2025-11-06T22:41:05.567+0000] {processor.py:183} INFO - Processing /home/airflow/.local/lib/python3.8/site-packages/airflow/example_dags/example_python_decorator.py took 2.559 seconds
[2025-11-06T22:41:35.827+0000] {processor.py:161} INFO - Started process (PID=1037) to work on /home/airflow/.local/lib/python3.8/site-packages/airflow/example_dags/example_python_decorator.py
[2025-11-06T22:41:35.847+0000] {processor.py:830} INFO - Processing file /home/airflow/.local/lib/python3.8/site-packages/airflow/example_dags/example_python_decorator.py for tasks to queue
[2025-11-06T22:41:35.849+0000] {logging_mixin.py:188} INFO - [2025-11-06T22:41:35.849+0000] {dagbag.py:538} INFO - Filling up the DagBag from /home/airflow/.local/lib/python3.8/site-packages/airflow/example_dags/example_python_decorator.py
[2025-11-06T22:41:35.869+0000] {processor.py:840} INFO - DAG(s) 'example_python_decorator' retrieved from /home/airflow/.local/lib/python3.8/site-packages/airflow/example_dags/example_python_decorator.py
[2025-11-06T22:41:35.907+0000] {logging_mixin.py:188} INFO - [2025-11-06T22:41:35.907+0000] {dag.py:3036} INFO - Sync 1 DAGs
[2025-11-06T22:41:35.925+0000] {logging_mixin.py:188} INFO - [2025-11-06T22:41:35.925+0000] {dag.py:3823} INFO - Setting next_dagrun for example_python_decorator to None, run_after=None
[2025-11-06T22:41:36.513+0000] {processor.py:183} INFO - Processing /home/airflow/.local/lib/python3.8/site-packages/airflow/example_dags/example_python_decorator.py took 0.691 seconds
[2025-11-06T22:42:09.028+0000] {processor.py:161} INFO - Started process (PID=1112) to work on /home/airflow/.local/lib/python3.8/site-packages/airflow/example_dags/example_python_decorator.py
[2025-11-06T22:42:09.035+0000] {processor.py:830} INFO - Processing file /home/airflow/.local/lib/python3.8/site-packages/airflow/example_dags/example_python_decorator.py for tasks to queue
[2025-11-06T22:42:09.042+0000] {logging_mixin.py:188} INFO - [2025-11-06T22:42:09.040+0000] {dagbag.py:538} INFO - Filling up the DagBag from /home/airflow/.local/lib/python3.8/site-packages/airflow/example_dags/example_python_decorator.py
[2025-11-06T22:42:09.150+0000] {processor.py:840} INFO - DAG(s) 'example_python_decorator' retrieved from /home/airflow/.local/lib/python3.8/site-packages/airflow/example_dags/example_python_decorator.py
[2025-11-06T22:42:09.297+0000] {logging_mixin.py:188} INFO - [2025-11-06T22:42:09.296+0000] {dag.py:3036} INFO - Sync 1 DAGs
[2025-11-06T22:42:09.361+0000] {logging_mixin.py:188} INFO - [2025-11-06T22:42:09.360+0000] {dag.py:3823} INFO - Setting next_dagrun for example_python_decorator to None, run_after=None
[2025-11-06T22:42:09.444+0000] {processor.py:183} INFO - Processing /home/airflow/.local/lib/python3.8/site-packages/airflow/example_dags/example_python_decorator.py took 0.437 seconds
[2025-11-06T22:42:51.082+0000] {processor.py:161} INFO - Started process (PID=1191) to work on /home/airflow/.local/lib/python3.8/site-packages/airflow/example_dags/example_python_decorator.py
[2025-11-06T22:42:51.085+0000] {processor.py:830} INFO - Processing file /home/airflow/.local/lib/python3.8/site-packages/airflow/example_dags/example_python_decorator.py for tasks to queue
[2025-11-06T22:42:51.094+0000] {logging_mixin.py:188} INFO - [2025-11-06T22:42:51.088+0000] {dagbag.py:538} INFO - Filling up the DagBag from /home/airflow/.local/lib/python3.8/site-packages/airflow/example_dags/example_python_decorator.py
[2025-11-06T22:42:51.200+0000] {processor.py:840} INFO - DAG(s) 'example_python_decorator' retrieved from /home/airflow/.local/lib/python3.8/site-packages/airflow/example_dags/example_python_decorator.py
[2025-11-06T22:42:51.304+0000] {logging_mixin.py:188} INFO - [2025-11-06T22:42:51.303+0000] {dag.py:3036} INFO - Sync 1 DAGs
[2025-11-06T22:42:51.345+0000] {logging_mixin.py:188} INFO - [2025-11-06T22:42:51.344+0000] {dag.py:3823} INFO - Setting next_dagrun for example_python_decorator to None, run_after=None
[2025-11-06T22:42:51.411+0000] {processor.py:183} INFO - Processing /home/airflow/.local/lib/python3.8/site-packages/airflow/example_dags/example_python_decorator.py took 0.348 seconds
[2025-11-06T22:43:27.266+0000] {processor.py:161} INFO - Started process (PID=1272) to work on /home/airflow/.local/lib/python3.8/site-packages/airflow/example_dags/example_python_decorator.py
[2025-11-06T22:43:27.269+0000] {processor.py:830} INFO - Processing file /home/airflow/.local/lib/python3.8/site-packages/airflow/example_dags/example_python_decorator.py for tasks to queue
[2025-11-06T22:43:27.277+0000] {logging_mixin.py:188} INFO - [2025-11-06T22:43:27.274+0000] {dagbag.py:538} INFO - Filling up the DagBag from /home/airflow/.local/lib/python3.8/site-packages/airflow/example_dags/example_python_decorator.py
[2025-11-06T22:43:27.357+0000] {processor.py:840} INFO - DAG(s) 'example_python_decorator' retrieved from /home/airflow/.local/lib/python3.8/site-packages/airflow/example_dags/example_python_decorator.py
[2025-11-06T22:43:27.524+0000] {logging_mixin.py:188} INFO - [2025-11-06T22:43:27.523+0000] {dag.py:3036} INFO - Sync 1 DAGs
[2025-11-06T22:43:27.620+0000] {logging_mixin.py:188} INFO - [2025-11-06T22:43:27.619+0000] {dag.py:3823} INFO - Setting next_dagrun for example_python_decorator to None, run_after=None
[2025-11-06T22:43:27.716+0000] {processor.py:183} INFO - Processing /home/airflow/.local/lib/python3.8/site-packages/airflow/example_dags/example_python_decorator.py took 0.464 seconds
[2025-11-06T22:44:22.584+0000] {processor.py:161} INFO - Started process (PID=1346) to work on /home/airflow/.local/lib/python3.8/site-packages/airflow/example_dags/example_python_decorator.py
[2025-11-06T22:44:22.587+0000] {processor.py:830} INFO - Processing file /home/airflow/.local/lib/python3.8/site-packages/airflow/example_dags/example_python_decorator.py for tasks to queue
[2025-11-06T22:44:22.593+0000] {logging_mixin.py:188} INFO - [2025-11-06T22:44:22.591+0000] {dagbag.py:538} INFO - Filling up the DagBag from /home/airflow/.local/lib/python3.8/site-packages/airflow/example_dags/example_python_decorator.py
[2025-11-06T22:44:22.991+0000] {processor.py:840} INFO - DAG(s) 'example_python_decorator' retrieved from /home/airflow/.local/lib/python3.8/site-packages/airflow/example_dags/example_python_decorator.py
[2025-11-06T22:44:23.364+0000] {logging_mixin.py:188} INFO - [2025-11-06T22:44:23.364+0000] {dag.py:3036} INFO - Sync 1 DAGs
[2025-11-06T22:44:23.455+0000] {logging_mixin.py:188} INFO - [2025-11-06T22:44:23.453+0000] {dag.py:3823} INFO - Setting next_dagrun for example_python_decorator to None, run_after=None
[2025-11-06T22:44:23.690+0000] {processor.py:183} INFO - Processing /home/airflow/.local/lib/python3.8/site-packages/airflow/example_dags/example_python_decorator.py took 1.135 seconds
[2025-11-06T22:45:49.376+0000] {processor.py:161} INFO - Started process (PID=1461) to work on /home/airflow/.local/lib/python3.8/site-packages/airflow/example_dags/example_python_decorator.py
[2025-11-06T22:45:49.378+0000] {processor.py:830} INFO - Processing file /home/airflow/.local/lib/python3.8/site-packages/airflow/example_dags/example_python_decorator.py for tasks to queue
[2025-11-06T22:45:49.382+0000] {logging_mixin.py:188} INFO - [2025-11-06T22:45:49.380+0000] {dagbag.py:538} INFO - Filling up the DagBag from /home/airflow/.local/lib/python3.8/site-packages/airflow/example_dags/example_python_decorator.py
[2025-11-06T22:45:49.521+0000] {processor.py:840} INFO - DAG(s) 'example_python_decorator' retrieved from /home/airflow/.local/lib/python3.8/site-packages/airflow/example_dags/example_python_decorator.py
[2025-11-06T22:45:49.775+0000] {logging_mixin.py:188} INFO - [2025-11-06T22:45:49.774+0000] {dag.py:3036} INFO - Sync 1 DAGs
[2025-11-06T22:45:49.999+0000] {logging_mixin.py:188} INFO - [2025-11-06T22:45:49.998+0000] {dag.py:3823} INFO - Setting next_dagrun for example_python_decorator to None, run_after=None
[2025-11-06T22:45:50.216+0000] {processor.py:183} INFO - Processing /home/airflow/.local/lib/python3.8/site-packages/airflow/example_dags/example_python_decorator.py took 0.929 seconds
[2025-11-06T22:46:20.735+0000] {processor.py:161} INFO - Started process (PID=1541) to work on /home/airflow/.local/lib/python3.8/site-packages/airflow/example_dags/example_python_decorator.py
[2025-11-06T22:46:20.739+0000] {processor.py:830} INFO - Processing file /home/airflow/.local/lib/python3.8/site-packages/airflow/example_dags/example_python_decorator.py for tasks to queue
[2025-11-06T22:46:20.744+0000] {logging_mixin.py:188} INFO - [2025-11-06T22:46:20.742+0000] {dagbag.py:538} INFO - Filling up the DagBag from /home/airflow/.local/lib/python3.8/site-packages/airflow/example_dags/example_python_decorator.py
[2025-11-06T22:46:20.825+0000] {processor.py:840} INFO - DAG(s) 'example_python_decorator' retrieved from /home/airflow/.local/lib/python3.8/site-packages/airflow/example_dags/example_python_decorator.py
[2025-11-06T22:46:21.052+0000] {logging_mixin.py:188} INFO - [2025-11-06T22:46:21.051+0000] {dag.py:3036} INFO - Sync 1 DAGs
[2025-11-06T22:46:21.120+0000] {logging_mixin.py:188} INFO - [2025-11-06T22:46:21.119+0000] {dag.py:3823} INFO - Setting next_dagrun for example_python_decorator to None, run_after=None
[2025-11-06T22:46:21.227+0000] {processor.py:183} INFO - Processing /home/airflow/.local/lib/python3.8/site-packages/airflow/example_dags/example_python_decorator.py took 0.506 seconds
[2025-11-06T22:46:51.959+0000] {processor.py:161} INFO - Started process (PID=1616) to work on /home/airflow/.local/lib/python3.8/site-packages/airflow/example_dags/example_python_decorator.py
[2025-11-06T22:46:51.962+0000] {processor.py:830} INFO - Processing file /home/airflow/.local/lib/python3.8/site-packages/airflow/example_dags/example_python_decorator.py for tasks to queue
[2025-11-06T22:46:51.966+0000] {logging_mixin.py:188} INFO - [2025-11-06T22:46:51.965+0000] {dagbag.py:538} INFO - Filling up the DagBag from /home/airflow/.local/lib/python3.8/site-packages/airflow/example_dags/example_python_decorator.py
[2025-11-06T22:46:52.157+0000] {processor.py:840} INFO - DAG(s) 'example_python_decorator' retrieved from /home/airflow/.local/lib/python3.8/site-packages/airflow/example_dags/example_python_decorator.py
[2025-11-06T22:46:52.318+0000] {logging_mixin.py:188} INFO - [2025-11-06T22:46:52.311+0000] {dag.py:3036} INFO - Sync 1 DAGs
[2025-11-06T22:46:52.386+0000] {logging_mixin.py:188} INFO - [2025-11-06T22:46:52.385+0000] {dag.py:3823} INFO - Setting next_dagrun for example_python_decorator to None, run_after=None
[2025-11-06T22:46:52.593+0000] {processor.py:183} INFO - Processing /home/airflow/.local/lib/python3.8/site-packages/airflow/example_dags/example_python_decorator.py took 0.650 seconds
[2025-11-06T22:47:23.319+0000] {processor.py:161} INFO - Started process (PID=1689) to work on /home/airflow/.local/lib/python3.8/site-packages/airflow/example_dags/example_python_decorator.py
[2025-11-06T22:47:23.330+0000] {processor.py:830} INFO - Processing file /home/airflow/.local/lib/python3.8/site-packages/airflow/example_dags/example_python_decorator.py for tasks to queue
[2025-11-06T22:47:23.333+0000] {logging_mixin.py:188} INFO - [2025-11-06T22:47:23.332+0000] {dagbag.py:538} INFO - Filling up the DagBag from /home/airflow/.local/lib/python3.8/site-packages/airflow/example_dags/example_python_decorator.py
[2025-11-06T22:47:23.425+0000] {processor.py:840} INFO - DAG(s) 'example_python_decorator' retrieved from /home/airflow/.local/lib/python3.8/site-packages/airflow/example_dags/example_python_decorator.py
[2025-11-06T22:47:23.548+0000] {logging_mixin.py:188} INFO - [2025-11-06T22:47:23.547+0000] {dag.py:3036} INFO - Sync 1 DAGs
[2025-11-06T22:47:23.597+0000] {logging_mixin.py:188} INFO - [2025-11-06T22:47:23.597+0000] {dag.py:3823} INFO - Setting next_dagrun for example_python_decorator to None, run_after=None
[2025-11-06T22:47:24.351+0000] {processor.py:183} INFO - Processing /home/airflow/.local/lib/python3.8/site-packages/airflow/example_dags/example_python_decorator.py took 1.043 seconds
