[2025-11-06T22:21:03.882+0000] {processor.py:161} INFO - Started process (PID=211) to work on /home/airflow/.local/lib/python3.8/site-packages/airflow/example_dags/example_branch_labels.py
[2025-11-06T22:21:03.885+0000] {processor.py:830} INFO - Processing file /home/airflow/.local/lib/python3.8/site-packages/airflow/example_dags/example_branch_labels.py for tasks to queue
[2025-11-06T22:21:03.889+0000] {logging_mixin.py:188} INFO - [2025-11-06T22:21:03.888+0000] {dagbag.py:538} INFO - Filling up the DagBag from /home/airflow/.local/lib/python3.8/site-packages/airflow/example_dags/example_branch_labels.py
[2025-11-06T22:21:03.992+0000] {processor.py:840} INFO - DAG(s) 'example_branch_labels' retrieved from /home/airflow/.local/lib/python3.8/site-packages/airflow/example_dags/example_branch_labels.py
[2025-11-06T22:21:04.680+0000] {logging_mixin.py:188} INFO - [2025-11-06T22:21:04.679+0000] {dag.py:3036} INFO - Sync 1 DAGs
[2025-11-06T22:21:04.865+0000] {logging_mixin.py:188} INFO - [2025-11-06T22:21:04.865+0000] {dag.py:3823} INFO - Setting next_dagrun for example_branch_labels to 2025-11-05 00:00:00+00:00, run_after=2025-11-06 00:00:00+00:00
[2025-11-06T22:21:05.056+0000] {processor.py:183} INFO - Processing /home/airflow/.local/lib/python3.8/site-packages/airflow/example_dags/example_branch_labels.py took 1.185 seconds
[2025-11-06T22:21:56.258+0000] {processor.py:161} INFO - Started process (PID=306) to work on /home/airflow/.local/lib/python3.8/site-packages/airflow/example_dags/example_branch_labels.py
[2025-11-06T22:21:56.264+0000] {processor.py:830} INFO - Processing file /home/airflow/.local/lib/python3.8/site-packages/airflow/example_dags/example_branch_labels.py for tasks to queue
[2025-11-06T22:21:56.269+0000] {logging_mixin.py:188} INFO - [2025-11-06T22:21:56.267+0000] {dagbag.py:538} INFO - Filling up the DagBag from /home/airflow/.local/lib/python3.8/site-packages/airflow/example_dags/example_branch_labels.py
[2025-11-06T22:21:56.372+0000] {processor.py:840} INFO - DAG(s) 'example_branch_labels' retrieved from /home/airflow/.local/lib/python3.8/site-packages/airflow/example_dags/example_branch_labels.py
[2025-11-06T22:21:56.563+0000] {logging_mixin.py:188} INFO - [2025-11-06T22:21:56.562+0000] {dag.py:3036} INFO - Sync 1 DAGs
[2025-11-06T22:21:56.791+0000] {logging_mixin.py:188} INFO - [2025-11-06T22:21:56.789+0000] {dag.py:3823} INFO - Setting next_dagrun for example_branch_labels to 2025-11-05 00:00:00+00:00, run_after=2025-11-06 00:00:00+00:00
[2025-11-06T22:21:56.951+0000] {processor.py:183} INFO - Processing /home/airflow/.local/lib/python3.8/site-packages/airflow/example_dags/example_branch_labels.py took 0.730 seconds
[2025-11-06T22:22:30.993+0000] {processor.py:161} INFO - Started process (PID=380) to work on /home/airflow/.local/lib/python3.8/site-packages/airflow/example_dags/example_branch_labels.py
[2025-11-06T22:22:31.002+0000] {processor.py:830} INFO - Processing file /home/airflow/.local/lib/python3.8/site-packages/airflow/example_dags/example_branch_labels.py for tasks to queue
[2025-11-06T22:22:31.010+0000] {logging_mixin.py:188} INFO - [2025-11-06T22:22:31.009+0000] {dagbag.py:538} INFO - Filling up the DagBag from /home/airflow/.local/lib/python3.8/site-packages/airflow/example_dags/example_branch_labels.py
[2025-11-06T22:22:31.043+0000] {processor.py:840} INFO - DAG(s) 'example_branch_labels' retrieved from /home/airflow/.local/lib/python3.8/site-packages/airflow/example_dags/example_branch_labels.py
[2025-11-06T22:22:31.243+0000] {logging_mixin.py:188} INFO - [2025-11-06T22:22:31.242+0000] {dag.py:3036} INFO - Sync 1 DAGs
[2025-11-06T22:22:31.434+0000] {logging_mixin.py:188} INFO - [2025-11-06T22:22:31.433+0000] {dag.py:3823} INFO - Setting next_dagrun for example_branch_labels to 2025-11-05 00:00:00+00:00, run_after=2025-11-06 00:00:00+00:00
[2025-11-06T22:22:31.557+0000] {processor.py:183} INFO - Processing /home/airflow/.local/lib/python3.8/site-packages/airflow/example_dags/example_branch_labels.py took 0.591 seconds
[2025-11-06T22:33:18.794+0000] {processor.py:161} INFO - Started process (PID=130) to work on /home/airflow/.local/lib/python3.8/site-packages/airflow/example_dags/example_branch_labels.py
[2025-11-06T22:33:18.796+0000] {processor.py:830} INFO - Processing file /home/airflow/.local/lib/python3.8/site-packages/airflow/example_dags/example_branch_labels.py for tasks to queue
[2025-11-06T22:33:18.797+0000] {logging_mixin.py:188} INFO - [2025-11-06T22:33:18.797+0000] {dagbag.py:538} INFO - Filling up the DagBag from /home/airflow/.local/lib/python3.8/site-packages/airflow/example_dags/example_branch_labels.py
[2025-11-06T22:33:18.820+0000] {processor.py:840} INFO - DAG(s) 'example_branch_labels' retrieved from /home/airflow/.local/lib/python3.8/site-packages/airflow/example_dags/example_branch_labels.py
[2025-11-06T22:33:19.043+0000] {logging_mixin.py:188} INFO - [2025-11-06T22:33:19.042+0000] {dag.py:3036} INFO - Sync 1 DAGs
[2025-11-06T22:33:19.094+0000] {logging_mixin.py:188} INFO - [2025-11-06T22:33:19.094+0000] {dag.py:3823} INFO - Setting next_dagrun for example_branch_labels to 2025-11-05 00:00:00+00:00, run_after=2025-11-06 00:00:00+00:00
[2025-11-06T22:33:19.140+0000] {processor.py:183} INFO - Processing /home/airflow/.local/lib/python3.8/site-packages/airflow/example_dags/example_branch_labels.py took 0.351 seconds
[2025-11-06T22:33:49.684+0000] {processor.py:161} INFO - Started process (PID=211) to work on /home/airflow/.local/lib/python3.8/site-packages/airflow/example_dags/example_branch_labels.py
[2025-11-06T22:33:49.686+0000] {processor.py:830} INFO - Processing file /home/airflow/.local/lib/python3.8/site-packages/airflow/example_dags/example_branch_labels.py for tasks to queue
[2025-11-06T22:33:49.688+0000] {logging_mixin.py:188} INFO - [2025-11-06T22:33:49.688+0000] {dagbag.py:538} INFO - Filling up the DagBag from /home/airflow/.local/lib/python3.8/site-packages/airflow/example_dags/example_branch_labels.py
[2025-11-06T22:33:49.710+0000] {processor.py:840} INFO - DAG(s) 'example_branch_labels' retrieved from /home/airflow/.local/lib/python3.8/site-packages/airflow/example_dags/example_branch_labels.py
[2025-11-06T22:33:49.788+0000] {logging_mixin.py:188} INFO - [2025-11-06T22:33:49.787+0000] {dag.py:3036} INFO - Sync 1 DAGs
[2025-11-06T22:33:49.840+0000] {logging_mixin.py:188} INFO - [2025-11-06T22:33:49.839+0000] {dag.py:3823} INFO - Setting next_dagrun for example_branch_labels to 2025-11-05 00:00:00+00:00, run_after=2025-11-06 00:00:00+00:00
[2025-11-06T22:33:49.890+0000] {processor.py:183} INFO - Processing /home/airflow/.local/lib/python3.8/site-packages/airflow/example_dags/example_branch_labels.py took 0.220 seconds
[2025-11-06T22:34:24.861+0000] {processor.py:161} INFO - Started process (PID=285) to work on /home/airflow/.local/lib/python3.8/site-packages/airflow/example_dags/example_branch_labels.py
[2025-11-06T22:34:24.895+0000] {processor.py:830} INFO - Processing file /home/airflow/.local/lib/python3.8/site-packages/airflow/example_dags/example_branch_labels.py for tasks to queue
[2025-11-06T22:34:24.921+0000] {logging_mixin.py:188} INFO - [2025-11-06T22:34:24.919+0000] {dagbag.py:538} INFO - Filling up the DagBag from /home/airflow/.local/lib/python3.8/site-packages/airflow/example_dags/example_branch_labels.py
[2025-11-06T22:34:25.013+0000] {processor.py:840} INFO - DAG(s) 'example_branch_labels' retrieved from /home/airflow/.local/lib/python3.8/site-packages/airflow/example_dags/example_branch_labels.py
[2025-11-06T22:34:25.136+0000] {logging_mixin.py:188} INFO - [2025-11-06T22:34:25.135+0000] {dag.py:3036} INFO - Sync 1 DAGs
[2025-11-06T22:34:25.591+0000] {logging_mixin.py:188} INFO - [2025-11-06T22:34:25.590+0000] {dag.py:3823} INFO - Setting next_dagrun for example_branch_labels to 2025-11-05 00:00:00+00:00, run_after=2025-11-06 00:00:00+00:00
[2025-11-06T22:34:25.726+0000] {processor.py:183} INFO - Processing /home/airflow/.local/lib/python3.8/site-packages/airflow/example_dags/example_branch_labels.py took 0.916 seconds
[2025-11-06T22:34:55.987+0000] {processor.py:161} INFO - Started process (PID=358) to work on /home/airflow/.local/lib/python3.8/site-packages/airflow/example_dags/example_branch_labels.py
[2025-11-06T22:34:55.990+0000] {processor.py:830} INFO - Processing file /home/airflow/.local/lib/python3.8/site-packages/airflow/example_dags/example_branch_labels.py for tasks to queue
[2025-11-06T22:34:55.992+0000] {logging_mixin.py:188} INFO - [2025-11-06T22:34:55.992+0000] {dagbag.py:538} INFO - Filling up the DagBag from /home/airflow/.local/lib/python3.8/site-packages/airflow/example_dags/example_branch_labels.py
[2025-11-06T22:34:56.014+0000] {processor.py:840} INFO - DAG(s) 'example_branch_labels' retrieved from /home/airflow/.local/lib/python3.8/site-packages/airflow/example_dags/example_branch_labels.py
[2025-11-06T22:34:56.070+0000] {logging_mixin.py:188} INFO - [2025-11-06T22:34:56.069+0000] {dag.py:3036} INFO - Sync 1 DAGs
[2025-11-06T22:34:56.131+0000] {logging_mixin.py:188} INFO - [2025-11-06T22:34:56.131+0000] {dag.py:3823} INFO - Setting next_dagrun for example_branch_labels to 2025-11-05 00:00:00+00:00, run_after=2025-11-06 00:00:00+00:00
[2025-11-06T22:34:56.173+0000] {processor.py:183} INFO - Processing /home/airflow/.local/lib/python3.8/site-packages/airflow/example_dags/example_branch_labels.py took 0.194 seconds
[2025-11-06T22:35:27.212+0000] {processor.py:161} INFO - Started process (PID=430) to work on /home/airflow/.local/lib/python3.8/site-packages/airflow/example_dags/example_branch_labels.py
[2025-11-06T22:35:27.214+0000] {processor.py:830} INFO - Processing file /home/airflow/.local/lib/python3.8/site-packages/airflow/example_dags/example_branch_labels.py for tasks to queue
[2025-11-06T22:35:27.219+0000] {logging_mixin.py:188} INFO - [2025-11-06T22:35:27.217+0000] {dagbag.py:538} INFO - Filling up the DagBag from /home/airflow/.local/lib/python3.8/site-packages/airflow/example_dags/example_branch_labels.py
[2025-11-06T22:35:27.256+0000] {processor.py:840} INFO - DAG(s) 'example_branch_labels' retrieved from /home/airflow/.local/lib/python3.8/site-packages/airflow/example_dags/example_branch_labels.py
[2025-11-06T22:35:27.335+0000] {logging_mixin.py:188} INFO - [2025-11-06T22:35:27.334+0000] {dag.py:3036} INFO - Sync 1 DAGs
[2025-11-06T22:35:27.424+0000] {logging_mixin.py:188} INFO - [2025-11-06T22:35:27.423+0000] {dag.py:3823} INFO - Setting next_dagrun for example_branch_labels to 2025-11-05 00:00:00+00:00, run_after=2025-11-06 00:00:00+00:00
[2025-11-06T22:35:27.493+0000] {processor.py:183} INFO - Processing /home/airflow/.local/lib/python3.8/site-packages/airflow/example_dags/example_branch_labels.py took 0.291 seconds
[2025-11-06T22:35:57.958+0000] {processor.py:161} INFO - Started process (PID=504) to work on /home/airflow/.local/lib/python3.8/site-packages/airflow/example_dags/example_branch_labels.py
[2025-11-06T22:35:57.964+0000] {processor.py:830} INFO - Processing file /home/airflow/.local/lib/python3.8/site-packages/airflow/example_dags/example_branch_labels.py for tasks to queue
[2025-11-06T22:35:57.967+0000] {logging_mixin.py:188} INFO - [2025-11-06T22:35:57.966+0000] {dagbag.py:538} INFO - Filling up the DagBag from /home/airflow/.local/lib/python3.8/site-packages/airflow/example_dags/example_branch_labels.py
[2025-11-06T22:35:58.007+0000] {processor.py:840} INFO - DAG(s) 'example_branch_labels' retrieved from /home/airflow/.local/lib/python3.8/site-packages/airflow/example_dags/example_branch_labels.py
[2025-11-06T22:35:58.123+0000] {logging_mixin.py:188} INFO - [2025-11-06T22:35:58.119+0000] {dag.py:3036} INFO - Sync 1 DAGs
[2025-11-06T22:35:58.243+0000] {logging_mixin.py:188} INFO - [2025-11-06T22:35:58.241+0000] {dag.py:3823} INFO - Setting next_dagrun for example_branch_labels to 2025-11-05 00:00:00+00:00, run_after=2025-11-06 00:00:00+00:00
[2025-11-06T22:35:58.349+0000] {processor.py:183} INFO - Processing /home/airflow/.local/lib/python3.8/site-packages/airflow/example_dags/example_branch_labels.py took 0.409 seconds
[2025-11-06T22:36:28.856+0000] {processor.py:161} INFO - Started process (PID=585) to work on /home/airflow/.local/lib/python3.8/site-packages/airflow/example_dags/example_branch_labels.py
[2025-11-06T22:36:28.868+0000] {processor.py:830} INFO - Processing file /home/airflow/.local/lib/python3.8/site-packages/airflow/example_dags/example_branch_labels.py for tasks to queue
[2025-11-06T22:36:28.871+0000] {logging_mixin.py:188} INFO - [2025-11-06T22:36:28.870+0000] {dagbag.py:538} INFO - Filling up the DagBag from /home/airflow/.local/lib/python3.8/site-packages/airflow/example_dags/example_branch_labels.py
[2025-11-06T22:36:28.894+0000] {processor.py:840} INFO - DAG(s) 'example_branch_labels' retrieved from /home/airflow/.local/lib/python3.8/site-packages/airflow/example_dags/example_branch_labels.py
[2025-11-06T22:36:28.971+0000] {logging_mixin.py:188} INFO - [2025-11-06T22:36:28.970+0000] {dag.py:3036} INFO - Sync 1 DAGs
[2025-11-06T22:36:29.044+0000] {logging_mixin.py:188} INFO - [2025-11-06T22:36:29.043+0000] {dag.py:3823} INFO - Setting next_dagrun for example_branch_labels to 2025-11-05 00:00:00+00:00, run_after=2025-11-06 00:00:00+00:00
[2025-11-06T22:36:29.089+0000] {processor.py:183} INFO - Processing /home/airflow/.local/lib/python3.8/site-packages/airflow/example_dags/example_branch_labels.py took 0.269 seconds
[2025-11-06T22:37:00.274+0000] {processor.py:161} INFO - Started process (PID=658) to work on /home/airflow/.local/lib/python3.8/site-packages/airflow/example_dags/example_branch_labels.py
[2025-11-06T22:37:00.293+0000] {processor.py:830} INFO - Processing file /home/airflow/.local/lib/python3.8/site-packages/airflow/example_dags/example_branch_labels.py for tasks to queue
[2025-11-06T22:37:00.297+0000] {logging_mixin.py:188} INFO - [2025-11-06T22:37:00.296+0000] {dagbag.py:538} INFO - Filling up the DagBag from /home/airflow/.local/lib/python3.8/site-packages/airflow/example_dags/example_branch_labels.py
[2025-11-06T22:37:00.396+0000] {processor.py:840} INFO - DAG(s) 'example_branch_labels' retrieved from /home/airflow/.local/lib/python3.8/site-packages/airflow/example_dags/example_branch_labels.py
[2025-11-06T22:37:00.612+0000] {logging_mixin.py:188} INFO - [2025-11-06T22:37:00.610+0000] {dag.py:3036} INFO - Sync 1 DAGs
[2025-11-06T22:37:00.738+0000] {logging_mixin.py:188} INFO - [2025-11-06T22:37:00.737+0000] {dag.py:3823} INFO - Setting next_dagrun for example_branch_labels to 2025-11-05 00:00:00+00:00, run_after=2025-11-06 00:00:00+00:00
[2025-11-06T22:37:00.819+0000] {processor.py:183} INFO - Processing /home/airflow/.local/lib/python3.8/site-packages/airflow/example_dags/example_branch_labels.py took 0.570 seconds
[2025-11-06T22:37:31.399+0000] {processor.py:161} INFO - Started process (PID=733) to work on /home/airflow/.local/lib/python3.8/site-packages/airflow/example_dags/example_branch_labels.py
[2025-11-06T22:37:31.400+0000] {processor.py:830} INFO - Processing file /home/airflow/.local/lib/python3.8/site-packages/airflow/example_dags/example_branch_labels.py for tasks to queue
[2025-11-06T22:37:31.402+0000] {logging_mixin.py:188} INFO - [2025-11-06T22:37:31.401+0000] {dagbag.py:538} INFO - Filling up the DagBag from /home/airflow/.local/lib/python3.8/site-packages/airflow/example_dags/example_branch_labels.py
[2025-11-06T22:37:31.414+0000] {processor.py:840} INFO - DAG(s) 'example_branch_labels' retrieved from /home/airflow/.local/lib/python3.8/site-packages/airflow/example_dags/example_branch_labels.py
[2025-11-06T22:37:31.452+0000] {logging_mixin.py:188} INFO - [2025-11-06T22:37:31.451+0000] {dag.py:3036} INFO - Sync 1 DAGs
[2025-11-06T22:37:31.488+0000] {logging_mixin.py:188} INFO - [2025-11-06T22:37:31.488+0000] {dag.py:3823} INFO - Setting next_dagrun for example_branch_labels to 2025-11-05 00:00:00+00:00, run_after=2025-11-06 00:00:00+00:00
[2025-11-06T22:37:31.518+0000] {processor.py:183} INFO - Processing /home/airflow/.local/lib/python3.8/site-packages/airflow/example_dags/example_branch_labels.py took 0.124 seconds
[2025-11-06T22:39:55.786+0000] {processor.py:161} INFO - Started process (PID=846) to work on /home/airflow/.local/lib/python3.8/site-packages/airflow/example_dags/example_branch_labels.py
[2025-11-06T22:39:55.791+0000] {processor.py:830} INFO - Processing file /home/airflow/.local/lib/python3.8/site-packages/airflow/example_dags/example_branch_labels.py for tasks to queue
[2025-11-06T22:39:55.817+0000] {logging_mixin.py:188} INFO - [2025-11-06T22:39:55.816+0000] {dagbag.py:538} INFO - Filling up the DagBag from /home/airflow/.local/lib/python3.8/site-packages/airflow/example_dags/example_branch_labels.py
[2025-11-06T22:39:55.987+0000] {processor.py:840} INFO - DAG(s) 'example_branch_labels' retrieved from /home/airflow/.local/lib/python3.8/site-packages/airflow/example_dags/example_branch_labels.py
[2025-11-06T22:39:56.228+0000] {logging_mixin.py:188} INFO - [2025-11-06T22:39:56.227+0000] {dag.py:3036} INFO - Sync 1 DAGs
[2025-11-06T22:39:56.538+0000] {logging_mixin.py:188} INFO - [2025-11-06T22:39:56.537+0000] {dag.py:3823} INFO - Setting next_dagrun for example_branch_labels to 2025-11-05 00:00:00+00:00, run_after=2025-11-06 00:00:00+00:00
[2025-11-06T22:39:56.696+0000] {processor.py:183} INFO - Processing /home/airflow/.local/lib/python3.8/site-packages/airflow/example_dags/example_branch_labels.py took 0.990 seconds
[2025-11-06T22:40:40.053+0000] {processor.py:161} INFO - Started process (PID=928) to work on /home/airflow/.local/lib/python3.8/site-packages/airflow/example_dags/example_branch_labels.py
[2025-11-06T22:40:40.073+0000] {processor.py:830} INFO - Processing file /home/airflow/.local/lib/python3.8/site-packages/airflow/example_dags/example_branch_labels.py for tasks to queue
[2025-11-06T22:40:40.085+0000] {logging_mixin.py:188} INFO - [2025-11-06T22:40:40.085+0000] {dagbag.py:538} INFO - Filling up the DagBag from /home/airflow/.local/lib/python3.8/site-packages/airflow/example_dags/example_branch_labels.py
[2025-11-06T22:40:40.202+0000] {processor.py:840} INFO - DAG(s) 'example_branch_labels' retrieved from /home/airflow/.local/lib/python3.8/site-packages/airflow/example_dags/example_branch_labels.py
[2025-11-06T22:40:40.503+0000] {logging_mixin.py:188} INFO - [2025-11-06T22:40:40.502+0000] {dag.py:3036} INFO - Sync 1 DAGs
[2025-11-06T22:40:40.810+0000] {logging_mixin.py:188} INFO - [2025-11-06T22:40:40.809+0000] {dag.py:3823} INFO - Setting next_dagrun for example_branch_labels to 2025-11-05 00:00:00+00:00, run_after=2025-11-06 00:00:00+00:00
[2025-11-06T22:40:40.912+0000] {processor.py:183} INFO - Processing /home/airflow/.local/lib/python3.8/site-packages/airflow/example_dags/example_branch_labels.py took 0.910 seconds
[2025-11-06T22:41:20.112+0000] {processor.py:161} INFO - Started process (PID=991) to work on /home/airflow/.local/lib/python3.8/site-packages/airflow/example_dags/example_branch_labels.py
[2025-11-06T22:41:20.122+0000] {processor.py:830} INFO - Processing file /home/airflow/.local/lib/python3.8/site-packages/airflow/example_dags/example_branch_labels.py for tasks to queue
[2025-11-06T22:41:20.126+0000] {logging_mixin.py:188} INFO - [2025-11-06T22:41:20.125+0000] {dagbag.py:538} INFO - Filling up the DagBag from /home/airflow/.local/lib/python3.8/site-packages/airflow/example_dags/example_branch_labels.py
[2025-11-06T22:41:20.374+0000] {processor.py:840} INFO - DAG(s) 'example_branch_labels' retrieved from /home/airflow/.local/lib/python3.8/site-packages/airflow/example_dags/example_branch_labels.py
[2025-11-06T22:41:20.667+0000] {logging_mixin.py:188} INFO - [2025-11-06T22:41:20.666+0000] {dag.py:3036} INFO - Sync 1 DAGs
[2025-11-06T22:41:20.814+0000] {logging_mixin.py:188} INFO - [2025-11-06T22:41:20.813+0000] {dag.py:3823} INFO - Setting next_dagrun for example_branch_labels to 2025-11-05 00:00:00+00:00, run_after=2025-11-06 00:00:00+00:00
[2025-11-06T22:41:20.895+0000] {processor.py:183} INFO - Processing /home/airflow/.local/lib/python3.8/site-packages/airflow/example_dags/example_branch_labels.py took 0.876 seconds
[2025-11-06T22:41:51.525+0000] {processor.py:161} INFO - Started process (PID=1072) to work on /home/airflow/.local/lib/python3.8/site-packages/airflow/example_dags/example_branch_labels.py
[2025-11-06T22:41:51.530+0000] {processor.py:830} INFO - Processing file /home/airflow/.local/lib/python3.8/site-packages/airflow/example_dags/example_branch_labels.py for tasks to queue
[2025-11-06T22:41:51.547+0000] {logging_mixin.py:188} INFO - [2025-11-06T22:41:51.545+0000] {dagbag.py:538} INFO - Filling up the DagBag from /home/airflow/.local/lib/python3.8/site-packages/airflow/example_dags/example_branch_labels.py
[2025-11-06T22:41:51.606+0000] {processor.py:840} INFO - DAG(s) 'example_branch_labels' retrieved from /home/airflow/.local/lib/python3.8/site-packages/airflow/example_dags/example_branch_labels.py
[2025-11-06T22:41:51.783+0000] {logging_mixin.py:188} INFO - [2025-11-06T22:41:51.782+0000] {dag.py:3036} INFO - Sync 1 DAGs
[2025-11-06T22:41:51.934+0000] {logging_mixin.py:188} INFO - [2025-11-06T22:41:51.933+0000] {dag.py:3823} INFO - Setting next_dagrun for example_branch_labels to 2025-11-05 00:00:00+00:00, run_after=2025-11-06 00:00:00+00:00
[2025-11-06T22:41:52.069+0000] {processor.py:183} INFO - Processing /home/airflow/.local/lib/python3.8/site-packages/airflow/example_dags/example_branch_labels.py took 0.575 seconds
[2025-11-06T22:42:35.249+0000] {processor.py:161} INFO - Started process (PID=1147) to work on /home/airflow/.local/lib/python3.8/site-packages/airflow/example_dags/example_branch_labels.py
[2025-11-06T22:42:35.251+0000] {processor.py:830} INFO - Processing file /home/airflow/.local/lib/python3.8/site-packages/airflow/example_dags/example_branch_labels.py for tasks to queue
[2025-11-06T22:42:35.256+0000] {logging_mixin.py:188} INFO - [2025-11-06T22:42:35.253+0000] {dagbag.py:538} INFO - Filling up the DagBag from /home/airflow/.local/lib/python3.8/site-packages/airflow/example_dags/example_branch_labels.py
[2025-11-06T22:42:35.292+0000] {processor.py:840} INFO - DAG(s) 'example_branch_labels' retrieved from /home/airflow/.local/lib/python3.8/site-packages/airflow/example_dags/example_branch_labels.py
[2025-11-06T22:42:35.442+0000] {logging_mixin.py:188} INFO - [2025-11-06T22:42:35.441+0000] {dag.py:3036} INFO - Sync 1 DAGs
[2025-11-06T22:42:35.616+0000] {logging_mixin.py:188} INFO - [2025-11-06T22:42:35.615+0000] {dag.py:3823} INFO - Setting next_dagrun for example_branch_labels to 2025-11-05 00:00:00+00:00, run_after=2025-11-06 00:00:00+00:00
[2025-11-06T22:42:35.742+0000] {processor.py:183} INFO - Processing /home/airflow/.local/lib/python3.8/site-packages/airflow/example_dags/example_branch_labels.py took 0.527 seconds
[2025-11-06T22:43:17.305+0000] {processor.py:161} INFO - Started process (PID=1235) to work on /home/airflow/.local/lib/python3.8/site-packages/airflow/example_dags/example_branch_labels.py
[2025-11-06T22:43:17.307+0000] {processor.py:830} INFO - Processing file /home/airflow/.local/lib/python3.8/site-packages/airflow/example_dags/example_branch_labels.py for tasks to queue
[2025-11-06T22:43:17.309+0000] {logging_mixin.py:188} INFO - [2025-11-06T22:43:17.308+0000] {dagbag.py:538} INFO - Filling up the DagBag from /home/airflow/.local/lib/python3.8/site-packages/airflow/example_dags/example_branch_labels.py
[2025-11-06T22:43:17.338+0000] {processor.py:840} INFO - DAG(s) 'example_branch_labels' retrieved from /home/airflow/.local/lib/python3.8/site-packages/airflow/example_dags/example_branch_labels.py
[2025-11-06T22:43:17.424+0000] {logging_mixin.py:188} INFO - [2025-11-06T22:43:17.423+0000] {dag.py:3036} INFO - Sync 1 DAGs
[2025-11-06T22:43:17.507+0000] {logging_mixin.py:188} INFO - [2025-11-06T22:43:17.507+0000] {dag.py:3823} INFO - Setting next_dagrun for example_branch_labels to 2025-11-05 00:00:00+00:00, run_after=2025-11-06 00:00:00+00:00
[2025-11-06T22:43:17.573+0000] {processor.py:183} INFO - Processing /home/airflow/.local/lib/python3.8/site-packages/airflow/example_dags/example_branch_labels.py took 0.279 seconds
[2025-11-06T22:43:52.692+0000] {processor.py:161} INFO - Started process (PID=1310) to work on /home/airflow/.local/lib/python3.8/site-packages/airflow/example_dags/example_branch_labels.py
[2025-11-06T22:43:52.703+0000] {processor.py:830} INFO - Processing file /home/airflow/.local/lib/python3.8/site-packages/airflow/example_dags/example_branch_labels.py for tasks to queue
[2025-11-06T22:43:57.861+0000] {logging_mixin.py:188} INFO - [2025-11-06T22:43:52.728+0000] {dagbag.py:538} INFO - Filling up the DagBag from /home/airflow/.local/lib/python3.8/site-packages/airflow/example_dags/example_branch_labels.py
[2025-11-06T22:44:06.436+0000] {processor.py:840} INFO - DAG(s) 'example_branch_labels' retrieved from /home/airflow/.local/lib/python3.8/site-packages/airflow/example_dags/example_branch_labels.py
[2025-11-06T22:44:09.183+0000] {logging_mixin.py:188} INFO - [2025-11-06T22:44:09.179+0000] {dag.py:3036} INFO - Sync 1 DAGs
[2025-11-06T22:44:09.653+0000] {logging_mixin.py:188} INFO - [2025-11-06T22:44:09.651+0000] {dag.py:3823} INFO - Setting next_dagrun for example_branch_labels to 2025-11-05 00:00:00+00:00, run_after=2025-11-06 00:00:00+00:00
[2025-11-06T22:44:09.964+0000] {processor.py:183} INFO - Processing /home/airflow/.local/lib/python3.8/site-packages/airflow/example_dags/example_branch_labels.py took 15.714 seconds
[2025-11-06T22:45:32.738+0000] {processor.py:161} INFO - Started process (PID=1431) to work on /home/airflow/.local/lib/python3.8/site-packages/airflow/example_dags/example_branch_labels.py
[2025-11-06T22:45:32.740+0000] {processor.py:830} INFO - Processing file /home/airflow/.local/lib/python3.8/site-packages/airflow/example_dags/example_branch_labels.py for tasks to queue
[2025-11-06T22:45:32.746+0000] {logging_mixin.py:188} INFO - [2025-11-06T22:45:32.744+0000] {dagbag.py:538} INFO - Filling up the DagBag from /home/airflow/.local/lib/python3.8/site-packages/airflow/example_dags/example_branch_labels.py
[2025-11-06T22:45:32.819+0000] {processor.py:840} INFO - DAG(s) 'example_branch_labels' retrieved from /home/airflow/.local/lib/python3.8/site-packages/airflow/example_dags/example_branch_labels.py
[2025-11-06T22:45:32.934+0000] {logging_mixin.py:188} INFO - [2025-11-06T22:45:32.934+0000] {dag.py:3036} INFO - Sync 1 DAGs
[2025-11-06T22:45:33.103+0000] {logging_mixin.py:188} INFO - [2025-11-06T22:45:33.103+0000] {dag.py:3823} INFO - Setting next_dagrun for example_branch_labels to 2025-11-05 00:00:00+00:00, run_after=2025-11-06 00:00:00+00:00
[2025-11-06T22:45:33.200+0000] {processor.py:183} INFO - Processing /home/airflow/.local/lib/python3.8/site-packages/airflow/example_dags/example_branch_labels.py took 0.480 seconds
[2025-11-06T22:46:03.819+0000] {processor.py:161} INFO - Started process (PID=1506) to work on /home/airflow/.local/lib/python3.8/site-packages/airflow/example_dags/example_branch_labels.py
[2025-11-06T22:46:03.821+0000] {processor.py:830} INFO - Processing file /home/airflow/.local/lib/python3.8/site-packages/airflow/example_dags/example_branch_labels.py for tasks to queue
[2025-11-06T22:46:03.824+0000] {logging_mixin.py:188} INFO - [2025-11-06T22:46:03.823+0000] {dagbag.py:538} INFO - Filling up the DagBag from /home/airflow/.local/lib/python3.8/site-packages/airflow/example_dags/example_branch_labels.py
[2025-11-06T22:46:03.861+0000] {processor.py:840} INFO - DAG(s) 'example_branch_labels' retrieved from /home/airflow/.local/lib/python3.8/site-packages/airflow/example_dags/example_branch_labels.py
[2025-11-06T22:46:04.002+0000] {logging_mixin.py:188} INFO - [2025-11-06T22:46:04.001+0000] {dag.py:3036} INFO - Sync 1 DAGs
[2025-11-06T22:46:04.089+0000] {logging_mixin.py:188} INFO - [2025-11-06T22:46:04.088+0000] {dag.py:3823} INFO - Setting next_dagrun for example_branch_labels to 2025-11-05 00:00:00+00:00, run_after=2025-11-06 00:00:00+00:00
[2025-11-06T22:46:04.166+0000] {processor.py:183} INFO - Processing /home/airflow/.local/lib/python3.8/site-packages/airflow/example_dags/example_branch_labels.py took 0.359 seconds
[2025-11-06T22:46:36.364+0000] {processor.py:161} INFO - Started process (PID=1577) to work on /home/airflow/.local/lib/python3.8/site-packages/airflow/example_dags/example_branch_labels.py
[2025-11-06T22:46:36.365+0000] {processor.py:830} INFO - Processing file /home/airflow/.local/lib/python3.8/site-packages/airflow/example_dags/example_branch_labels.py for tasks to queue
[2025-11-06T22:46:36.368+0000] {logging_mixin.py:188} INFO - [2025-11-06T22:46:36.367+0000] {dagbag.py:538} INFO - Filling up the DagBag from /home/airflow/.local/lib/python3.8/site-packages/airflow/example_dags/example_branch_labels.py
[2025-11-06T22:46:36.384+0000] {processor.py:840} INFO - DAG(s) 'example_branch_labels' retrieved from /home/airflow/.local/lib/python3.8/site-packages/airflow/example_dags/example_branch_labels.py
[2025-11-06T22:46:36.430+0000] {logging_mixin.py:188} INFO - [2025-11-06T22:46:36.430+0000] {dag.py:3036} INFO - Sync 1 DAGs
[2025-11-06T22:46:36.493+0000] {logging_mixin.py:188} INFO - [2025-11-06T22:46:36.493+0000] {dag.py:3823} INFO - Setting next_dagrun for example_branch_labels to 2025-11-05 00:00:00+00:00, run_after=2025-11-06 00:00:00+00:00
[2025-11-06T22:46:36.544+0000] {processor.py:183} INFO - Processing /home/airflow/.local/lib/python3.8/site-packages/airflow/example_dags/example_branch_labels.py took 0.188 seconds
[2025-11-06T22:47:08.931+0000] {processor.py:161} INFO - Started process (PID=1659) to work on /home/airflow/.local/lib/python3.8/site-packages/airflow/example_dags/example_branch_labels.py
[2025-11-06T22:47:08.934+0000] {processor.py:830} INFO - Processing file /home/airflow/.local/lib/python3.8/site-packages/airflow/example_dags/example_branch_labels.py for tasks to queue
[2025-11-06T22:47:08.938+0000] {logging_mixin.py:188} INFO - [2025-11-06T22:47:08.937+0000] {dagbag.py:538} INFO - Filling up the DagBag from /home/airflow/.local/lib/python3.8/site-packages/airflow/example_dags/example_branch_labels.py
[2025-11-06T22:47:08.999+0000] {processor.py:840} INFO - DAG(s) 'example_branch_labels' retrieved from /home/airflow/.local/lib/python3.8/site-packages/airflow/example_dags/example_branch_labels.py
[2025-11-06T22:47:09.177+0000] {logging_mixin.py:188} INFO - [2025-11-06T22:47:09.176+0000] {dag.py:3036} INFO - Sync 1 DAGs
[2025-11-06T22:47:09.328+0000] {logging_mixin.py:188} INFO - [2025-11-06T22:47:09.327+0000] {dag.py:3823} INFO - Setting next_dagrun for example_branch_labels to 2025-11-05 00:00:00+00:00, run_after=2025-11-06 00:00:00+00:00
[2025-11-06T22:47:09.431+0000] {processor.py:183} INFO - Processing /home/airflow/.local/lib/python3.8/site-packages/airflow/example_dags/example_branch_labels.py took 0.516 seconds
