[2025-11-06T22:20:48.195+0000] {processor.py:161} INFO - Started process (PID=192) to work on /home/airflow/.local/lib/python3.8/site-packages/airflow/example_dags/example_nested_branch_dag.py
[2025-11-06T22:20:48.204+0000] {processor.py:830} INFO - Processing file /home/airflow/.local/lib/python3.8/site-packages/airflow/example_dags/example_nested_branch_dag.py for tasks to queue
[2025-11-06T22:20:48.212+0000] {logging_mixin.py:188} INFO - [2025-11-06T22:20:48.211+0000] {dagbag.py:538} INFO - Filling up the DagBag from /home/airflow/.local/lib/python3.8/site-packages/airflow/example_dags/example_nested_branch_dag.py
[2025-11-06T22:20:48.333+0000] {processor.py:840} INFO - DAG(s) 'example_nested_branch_dag' retrieved from /home/airflow/.local/lib/python3.8/site-packages/airflow/example_dags/example_nested_branch_dag.py
[2025-11-06T22:20:49.130+0000] {logging_mixin.py:188} INFO - [2025-11-06T22:20:49.128+0000] {dag.py:3036} INFO - Sync 1 DAGs
[2025-11-06T22:20:49.269+0000] {logging_mixin.py:188} INFO - [2025-11-06T22:20:49.268+0000] {dag.py:3823} INFO - Setting next_dagrun for example_nested_branch_dag to 2025-11-05 00:00:00+00:00, run_after=2025-11-06 00:00:00+00:00
[2025-11-06T22:20:49.389+0000] {processor.py:183} INFO - Processing /home/airflow/.local/lib/python3.8/site-packages/airflow/example_dags/example_nested_branch_dag.py took 1.204 seconds
[2025-11-06T22:21:49.456+0000] {processor.py:161} INFO - Started process (PID=289) to work on /home/airflow/.local/lib/python3.8/site-packages/airflow/example_dags/example_nested_branch_dag.py
[2025-11-06T22:21:49.471+0000] {processor.py:830} INFO - Processing file /home/airflow/.local/lib/python3.8/site-packages/airflow/example_dags/example_nested_branch_dag.py for tasks to queue
[2025-11-06T22:21:49.477+0000] {logging_mixin.py:188} INFO - [2025-11-06T22:21:49.476+0000] {dagbag.py:538} INFO - Filling up the DagBag from /home/airflow/.local/lib/python3.8/site-packages/airflow/example_dags/example_nested_branch_dag.py
[2025-11-06T22:21:49.560+0000] {processor.py:840} INFO - DAG(s) 'example_nested_branch_dag' retrieved from /home/airflow/.local/lib/python3.8/site-packages/airflow/example_dags/example_nested_branch_dag.py
[2025-11-06T22:21:49.681+0000] {logging_mixin.py:188} INFO - [2025-11-06T22:21:49.680+0000] {dag.py:3036} INFO - Sync 1 DAGs
[2025-11-06T22:21:49.947+0000] {logging_mixin.py:188} INFO - [2025-11-06T22:21:49.940+0000] {dag.py:3823} INFO - Setting next_dagrun for example_nested_branch_dag to 2025-11-05 00:00:00+00:00, run_after=2025-11-06 00:00:00+00:00
[2025-11-06T22:21:50.235+0000] {processor.py:183} INFO - Processing /home/airflow/.local/lib/python3.8/site-packages/airflow/example_dags/example_nested_branch_dag.py took 0.794 seconds
[2025-11-06T22:22:20.646+0000] {processor.py:161} INFO - Started process (PID=362) to work on /home/airflow/.local/lib/python3.8/site-packages/airflow/example_dags/example_nested_branch_dag.py
[2025-11-06T22:22:20.648+0000] {processor.py:830} INFO - Processing file /home/airflow/.local/lib/python3.8/site-packages/airflow/example_dags/example_nested_branch_dag.py for tasks to queue
[2025-11-06T22:22:20.652+0000] {logging_mixin.py:188} INFO - [2025-11-06T22:22:20.651+0000] {dagbag.py:538} INFO - Filling up the DagBag from /home/airflow/.local/lib/python3.8/site-packages/airflow/example_dags/example_nested_branch_dag.py
[2025-11-06T22:22:20.697+0000] {processor.py:840} INFO - DAG(s) 'example_nested_branch_dag' retrieved from /home/airflow/.local/lib/python3.8/site-packages/airflow/example_dags/example_nested_branch_dag.py
[2025-11-06T22:22:20.965+0000] {logging_mixin.py:188} INFO - [2025-11-06T22:22:20.953+0000] {dag.py:3036} INFO - Sync 1 DAGs
[2025-11-06T22:22:21.142+0000] {logging_mixin.py:188} INFO - [2025-11-06T22:22:21.141+0000] {dag.py:3823} INFO - Setting next_dagrun for example_nested_branch_dag to 2025-11-05 00:00:00+00:00, run_after=2025-11-06 00:00:00+00:00
[2025-11-06T22:22:21.349+0000] {processor.py:183} INFO - Processing /home/airflow/.local/lib/python3.8/site-packages/airflow/example_dags/example_nested_branch_dag.py took 0.717 seconds
[2025-11-06T22:22:54.100+0000] {processor.py:161} INFO - Started process (PID=427) to work on /home/airflow/.local/lib/python3.8/site-packages/airflow/example_dags/example_nested_branch_dag.py
[2025-11-06T22:22:54.113+0000] {processor.py:830} INFO - Processing file /home/airflow/.local/lib/python3.8/site-packages/airflow/example_dags/example_nested_branch_dag.py for tasks to queue
[2025-11-06T22:22:54.170+0000] {logging_mixin.py:188} INFO - [2025-11-06T22:22:54.169+0000] {dagbag.py:538} INFO - Filling up the DagBag from /home/airflow/.local/lib/python3.8/site-packages/airflow/example_dags/example_nested_branch_dag.py
[2025-11-06T22:22:54.689+0000] {processor.py:840} INFO - DAG(s) 'example_nested_branch_dag' retrieved from /home/airflow/.local/lib/python3.8/site-packages/airflow/example_dags/example_nested_branch_dag.py
[2025-11-06T22:22:55.233+0000] {logging_mixin.py:188} INFO - [2025-11-06T22:22:55.232+0000] {dag.py:3036} INFO - Sync 1 DAGs
[2025-11-06T22:22:55.483+0000] {logging_mixin.py:188} INFO - [2025-11-06T22:22:55.481+0000] {dag.py:3823} INFO - Setting next_dagrun for example_nested_branch_dag to 2025-11-05 00:00:00+00:00, run_after=2025-11-06 00:00:00+00:00
[2025-11-06T22:22:55.791+0000] {processor.py:183} INFO - Processing /home/airflow/.local/lib/python3.8/site-packages/airflow/example_dags/example_nested_branch_dag.py took 1.770 seconds
[2025-11-06T22:33:16.443+0000] {processor.py:161} INFO - Started process (PID=121) to work on /home/airflow/.local/lib/python3.8/site-packages/airflow/example_dags/example_nested_branch_dag.py
[2025-11-06T22:33:16.444+0000] {processor.py:830} INFO - Processing file /home/airflow/.local/lib/python3.8/site-packages/airflow/example_dags/example_nested_branch_dag.py for tasks to queue
[2025-11-06T22:33:16.446+0000] {logging_mixin.py:188} INFO - [2025-11-06T22:33:16.446+0000] {dagbag.py:538} INFO - Filling up the DagBag from /home/airflow/.local/lib/python3.8/site-packages/airflow/example_dags/example_nested_branch_dag.py
[2025-11-06T22:33:16.464+0000] {processor.py:840} INFO - DAG(s) 'example_nested_branch_dag' retrieved from /home/airflow/.local/lib/python3.8/site-packages/airflow/example_dags/example_nested_branch_dag.py
[2025-11-06T22:33:16.640+0000] {logging_mixin.py:188} INFO - [2025-11-06T22:33:16.639+0000] {dag.py:3036} INFO - Sync 1 DAGs
[2025-11-06T22:33:16.678+0000] {logging_mixin.py:188} INFO - [2025-11-06T22:33:16.677+0000] {dag.py:3823} INFO - Setting next_dagrun for example_nested_branch_dag to 2025-11-05 00:00:00+00:00, run_after=2025-11-06 00:00:00+00:00
[2025-11-06T22:33:16.714+0000] {processor.py:183} INFO - Processing /home/airflow/.local/lib/python3.8/site-packages/airflow/example_dags/example_nested_branch_dag.py took 0.276 seconds
[2025-11-06T22:33:47.853+0000] {processor.py:161} INFO - Started process (PID=200) to work on /home/airflow/.local/lib/python3.8/site-packages/airflow/example_dags/example_nested_branch_dag.py
[2025-11-06T22:33:47.855+0000] {processor.py:830} INFO - Processing file /home/airflow/.local/lib/python3.8/site-packages/airflow/example_dags/example_nested_branch_dag.py for tasks to queue
[2025-11-06T22:33:47.857+0000] {logging_mixin.py:188} INFO - [2025-11-06T22:33:47.856+0000] {dagbag.py:538} INFO - Filling up the DagBag from /home/airflow/.local/lib/python3.8/site-packages/airflow/example_dags/example_nested_branch_dag.py
[2025-11-06T22:33:47.874+0000] {processor.py:840} INFO - DAG(s) 'example_nested_branch_dag' retrieved from /home/airflow/.local/lib/python3.8/site-packages/airflow/example_dags/example_nested_branch_dag.py
[2025-11-06T22:33:47.911+0000] {logging_mixin.py:188} INFO - [2025-11-06T22:33:47.910+0000] {dag.py:3036} INFO - Sync 1 DAGs
[2025-11-06T22:33:47.944+0000] {logging_mixin.py:188} INFO - [2025-11-06T22:33:47.943+0000] {dag.py:3823} INFO - Setting next_dagrun for example_nested_branch_dag to 2025-11-05 00:00:00+00:00, run_after=2025-11-06 00:00:00+00:00
[2025-11-06T22:33:47.972+0000] {processor.py:183} INFO - Processing /home/airflow/.local/lib/python3.8/site-packages/airflow/example_dags/example_nested_branch_dag.py took 0.125 seconds
[2025-11-06T22:34:18.580+0000] {processor.py:161} INFO - Started process (PID=266) to work on /home/airflow/.local/lib/python3.8/site-packages/airflow/example_dags/example_nested_branch_dag.py
[2025-11-06T22:34:18.624+0000] {processor.py:830} INFO - Processing file /home/airflow/.local/lib/python3.8/site-packages/airflow/example_dags/example_nested_branch_dag.py for tasks to queue
[2025-11-06T22:34:18.629+0000] {logging_mixin.py:188} INFO - [2025-11-06T22:34:18.628+0000] {dagbag.py:538} INFO - Filling up the DagBag from /home/airflow/.local/lib/python3.8/site-packages/airflow/example_dags/example_nested_branch_dag.py
[2025-11-06T22:34:18.697+0000] {processor.py:840} INFO - DAG(s) 'example_nested_branch_dag' retrieved from /home/airflow/.local/lib/python3.8/site-packages/airflow/example_dags/example_nested_branch_dag.py
[2025-11-06T22:34:18.832+0000] {logging_mixin.py:188} INFO - [2025-11-06T22:34:18.832+0000] {dag.py:3036} INFO - Sync 1 DAGs
[2025-11-06T22:34:18.961+0000] {logging_mixin.py:188} INFO - [2025-11-06T22:34:18.961+0000] {dag.py:3823} INFO - Setting next_dagrun for example_nested_branch_dag to 2025-11-05 00:00:00+00:00, run_after=2025-11-06 00:00:00+00:00
[2025-11-06T22:34:19.112+0000] {processor.py:183} INFO - Processing /home/airflow/.local/lib/python3.8/site-packages/airflow/example_dags/example_nested_branch_dag.py took 0.555 seconds
[2025-11-06T22:34:49.779+0000] {processor.py:161} INFO - Started process (PID=346) to work on /home/airflow/.local/lib/python3.8/site-packages/airflow/example_dags/example_nested_branch_dag.py
[2025-11-06T22:34:49.788+0000] {processor.py:830} INFO - Processing file /home/airflow/.local/lib/python3.8/site-packages/airflow/example_dags/example_nested_branch_dag.py for tasks to queue
[2025-11-06T22:34:49.804+0000] {logging_mixin.py:188} INFO - [2025-11-06T22:34:49.803+0000] {dagbag.py:538} INFO - Filling up the DagBag from /home/airflow/.local/lib/python3.8/site-packages/airflow/example_dags/example_nested_branch_dag.py
[2025-11-06T22:34:49.883+0000] {processor.py:840} INFO - DAG(s) 'example_nested_branch_dag' retrieved from /home/airflow/.local/lib/python3.8/site-packages/airflow/example_dags/example_nested_branch_dag.py
[2025-11-06T22:34:50.031+0000] {logging_mixin.py:188} INFO - [2025-11-06T22:34:50.030+0000] {dag.py:3036} INFO - Sync 1 DAGs
[2025-11-06T22:34:50.178+0000] {logging_mixin.py:188} INFO - [2025-11-06T22:34:50.177+0000] {dag.py:3823} INFO - Setting next_dagrun for example_nested_branch_dag to 2025-11-05 00:00:00+00:00, run_after=2025-11-06 00:00:00+00:00
[2025-11-06T22:34:50.926+0000] {processor.py:183} INFO - Processing /home/airflow/.local/lib/python3.8/site-packages/airflow/example_dags/example_nested_branch_dag.py took 1.162 seconds
[2025-11-06T22:35:22.885+0000] {processor.py:161} INFO - Started process (PID=419) to work on /home/airflow/.local/lib/python3.8/site-packages/airflow/example_dags/example_nested_branch_dag.py
[2025-11-06T22:35:22.887+0000] {processor.py:830} INFO - Processing file /home/airflow/.local/lib/python3.8/site-packages/airflow/example_dags/example_nested_branch_dag.py for tasks to queue
[2025-11-06T22:35:22.890+0000] {logging_mixin.py:188} INFO - [2025-11-06T22:35:22.889+0000] {dagbag.py:538} INFO - Filling up the DagBag from /home/airflow/.local/lib/python3.8/site-packages/airflow/example_dags/example_nested_branch_dag.py
[2025-11-06T22:35:22.942+0000] {processor.py:840} INFO - DAG(s) 'example_nested_branch_dag' retrieved from /home/airflow/.local/lib/python3.8/site-packages/airflow/example_dags/example_nested_branch_dag.py
[2025-11-06T22:35:23.045+0000] {logging_mixin.py:188} INFO - [2025-11-06T22:35:23.039+0000] {dag.py:3036} INFO - Sync 1 DAGs
[2025-11-06T22:35:23.142+0000] {logging_mixin.py:188} INFO - [2025-11-06T22:35:23.141+0000] {dag.py:3823} INFO - Setting next_dagrun for example_nested_branch_dag to 2025-11-05 00:00:00+00:00, run_after=2025-11-06 00:00:00+00:00
[2025-11-06T22:35:23.322+0000] {processor.py:183} INFO - Processing /home/airflow/.local/lib/python3.8/site-packages/airflow/example_dags/example_nested_branch_dag.py took 0.449 seconds
[2025-11-06T22:35:53.927+0000] {processor.py:161} INFO - Started process (PID=494) to work on /home/airflow/.local/lib/python3.8/site-packages/airflow/example_dags/example_nested_branch_dag.py
[2025-11-06T22:35:53.929+0000] {processor.py:830} INFO - Processing file /home/airflow/.local/lib/python3.8/site-packages/airflow/example_dags/example_nested_branch_dag.py for tasks to queue
[2025-11-06T22:35:53.931+0000] {logging_mixin.py:188} INFO - [2025-11-06T22:35:53.930+0000] {dagbag.py:538} INFO - Filling up the DagBag from /home/airflow/.local/lib/python3.8/site-packages/airflow/example_dags/example_nested_branch_dag.py
[2025-11-06T22:35:53.962+0000] {processor.py:840} INFO - DAG(s) 'example_nested_branch_dag' retrieved from /home/airflow/.local/lib/python3.8/site-packages/airflow/example_dags/example_nested_branch_dag.py
[2025-11-06T22:35:54.015+0000] {logging_mixin.py:188} INFO - [2025-11-06T22:35:54.014+0000] {dag.py:3036} INFO - Sync 1 DAGs
[2025-11-06T22:35:54.081+0000] {logging_mixin.py:188} INFO - [2025-11-06T22:35:54.081+0000] {dag.py:3823} INFO - Setting next_dagrun for example_nested_branch_dag to 2025-11-05 00:00:00+00:00, run_after=2025-11-06 00:00:00+00:00
[2025-11-06T22:35:54.130+0000] {processor.py:183} INFO - Processing /home/airflow/.local/lib/python3.8/site-packages/airflow/example_dags/example_nested_branch_dag.py took 0.212 seconds
[2025-11-06T22:36:24.812+0000] {processor.py:161} INFO - Started process (PID=567) to work on /home/airflow/.local/lib/python3.8/site-packages/airflow/example_dags/example_nested_branch_dag.py
[2025-11-06T22:36:24.828+0000] {processor.py:830} INFO - Processing file /home/airflow/.local/lib/python3.8/site-packages/airflow/example_dags/example_nested_branch_dag.py for tasks to queue
[2025-11-06T22:36:24.857+0000] {logging_mixin.py:188} INFO - [2025-11-06T22:36:24.840+0000] {dagbag.py:538} INFO - Filling up the DagBag from /home/airflow/.local/lib/python3.8/site-packages/airflow/example_dags/example_nested_branch_dag.py
[2025-11-06T22:36:24.903+0000] {processor.py:840} INFO - DAG(s) 'example_nested_branch_dag' retrieved from /home/airflow/.local/lib/python3.8/site-packages/airflow/example_dags/example_nested_branch_dag.py
[2025-11-06T22:36:24.992+0000] {logging_mixin.py:188} INFO - [2025-11-06T22:36:24.991+0000] {dag.py:3036} INFO - Sync 1 DAGs
[2025-11-06T22:36:25.070+0000] {logging_mixin.py:188} INFO - [2025-11-06T22:36:25.069+0000] {dag.py:3823} INFO - Setting next_dagrun for example_nested_branch_dag to 2025-11-05 00:00:00+00:00, run_after=2025-11-06 00:00:00+00:00
[2025-11-06T22:36:25.126+0000] {processor.py:183} INFO - Processing /home/airflow/.local/lib/python3.8/site-packages/airflow/example_dags/example_nested_branch_dag.py took 0.328 seconds
[2025-11-06T22:36:55.276+0000] {processor.py:161} INFO - Started process (PID=638) to work on /home/airflow/.local/lib/python3.8/site-packages/airflow/example_dags/example_nested_branch_dag.py
[2025-11-06T22:36:55.277+0000] {processor.py:830} INFO - Processing file /home/airflow/.local/lib/python3.8/site-packages/airflow/example_dags/example_nested_branch_dag.py for tasks to queue
[2025-11-06T22:36:55.280+0000] {logging_mixin.py:188} INFO - [2025-11-06T22:36:55.279+0000] {dagbag.py:538} INFO - Filling up the DagBag from /home/airflow/.local/lib/python3.8/site-packages/airflow/example_dags/example_nested_branch_dag.py
[2025-11-06T22:36:55.311+0000] {processor.py:840} INFO - DAG(s) 'example_nested_branch_dag' retrieved from /home/airflow/.local/lib/python3.8/site-packages/airflow/example_dags/example_nested_branch_dag.py
[2025-11-06T22:36:55.388+0000] {logging_mixin.py:188} INFO - [2025-11-06T22:36:55.387+0000] {dag.py:3036} INFO - Sync 1 DAGs
[2025-11-06T22:36:55.459+0000] {logging_mixin.py:188} INFO - [2025-11-06T22:36:55.459+0000] {dag.py:3823} INFO - Setting next_dagrun for example_nested_branch_dag to 2025-11-05 00:00:00+00:00, run_after=2025-11-06 00:00:00+00:00
[2025-11-06T22:36:55.523+0000] {processor.py:183} INFO - Processing /home/airflow/.local/lib/python3.8/site-packages/airflow/example_dags/example_nested_branch_dag.py took 0.258 seconds
[2025-11-06T22:37:26.426+0000] {processor.py:161} INFO - Started process (PID=721) to work on /home/airflow/.local/lib/python3.8/site-packages/airflow/example_dags/example_nested_branch_dag.py
[2025-11-06T22:37:26.430+0000] {processor.py:830} INFO - Processing file /home/airflow/.local/lib/python3.8/site-packages/airflow/example_dags/example_nested_branch_dag.py for tasks to queue
[2025-11-06T22:37:26.450+0000] {logging_mixin.py:188} INFO - [2025-11-06T22:37:26.449+0000] {dagbag.py:538} INFO - Filling up the DagBag from /home/airflow/.local/lib/python3.8/site-packages/airflow/example_dags/example_nested_branch_dag.py
[2025-11-06T22:37:26.536+0000] {processor.py:840} INFO - DAG(s) 'example_nested_branch_dag' retrieved from /home/airflow/.local/lib/python3.8/site-packages/airflow/example_dags/example_nested_branch_dag.py
[2025-11-06T22:37:26.700+0000] {logging_mixin.py:188} INFO - [2025-11-06T22:37:26.699+0000] {dag.py:3036} INFO - Sync 1 DAGs
[2025-11-06T22:37:26.856+0000] {logging_mixin.py:188} INFO - [2025-11-06T22:37:26.852+0000] {dag.py:3823} INFO - Setting next_dagrun for example_nested_branch_dag to 2025-11-05 00:00:00+00:00, run_after=2025-11-06 00:00:00+00:00
[2025-11-06T22:37:26.966+0000] {processor.py:183} INFO - Processing /home/airflow/.local/lib/python3.8/site-packages/airflow/example_dags/example_nested_branch_dag.py took 0.553 seconds
[2025-11-06T22:38:03.308+0000] {processor.py:161} INFO - Started process (PID=800) to work on /home/airflow/.local/lib/python3.8/site-packages/airflow/example_dags/example_nested_branch_dag.py
[2025-11-06T22:38:03.314+0000] {processor.py:830} INFO - Processing file /home/airflow/.local/lib/python3.8/site-packages/airflow/example_dags/example_nested_branch_dag.py for tasks to queue
[2025-11-06T22:38:03.350+0000] {logging_mixin.py:188} INFO - [2025-11-06T22:38:03.329+0000] {dagbag.py:538} INFO - Filling up the DagBag from /home/airflow/.local/lib/python3.8/site-packages/airflow/example_dags/example_nested_branch_dag.py
[2025-11-06T22:38:03.657+0000] {processor.py:840} INFO - DAG(s) 'example_nested_branch_dag' retrieved from /home/airflow/.local/lib/python3.8/site-packages/airflow/example_dags/example_nested_branch_dag.py
[2025-11-06T22:38:03.949+0000] {logging_mixin.py:188} INFO - [2025-11-06T22:38:03.949+0000] {dag.py:3036} INFO - Sync 1 DAGs
[2025-11-06T22:38:04.212+0000] {logging_mixin.py:188} INFO - [2025-11-06T22:38:04.211+0000] {dag.py:3823} INFO - Setting next_dagrun for example_nested_branch_dag to 2025-11-05 00:00:00+00:00, run_after=2025-11-06 00:00:00+00:00
[2025-11-06T22:38:04.283+0000] {processor.py:183} INFO - Processing /home/airflow/.local/lib/python3.8/site-packages/airflow/example_dags/example_nested_branch_dag.py took 1.082 seconds
[2025-11-06T22:39:41.704+0000] {processor.py:161} INFO - Started process (PID=817) to work on /home/airflow/.local/lib/python3.8/site-packages/airflow/example_dags/example_nested_branch_dag.py
[2025-11-06T22:39:41.707+0000] {processor.py:830} INFO - Processing file /home/airflow/.local/lib/python3.8/site-packages/airflow/example_dags/example_nested_branch_dag.py for tasks to queue
[2025-11-06T22:39:41.724+0000] {logging_mixin.py:188} INFO - [2025-11-06T22:39:41.723+0000] {dagbag.py:538} INFO - Filling up the DagBag from /home/airflow/.local/lib/python3.8/site-packages/airflow/example_dags/example_nested_branch_dag.py
[2025-11-06T22:39:41.863+0000] {processor.py:840} INFO - DAG(s) 'example_nested_branch_dag' retrieved from /home/airflow/.local/lib/python3.8/site-packages/airflow/example_dags/example_nested_branch_dag.py
[2025-11-06T22:39:42.043+0000] {logging_mixin.py:188} INFO - [2025-11-06T22:39:42.042+0000] {dag.py:3036} INFO - Sync 1 DAGs
[2025-11-06T22:39:42.154+0000] {logging_mixin.py:188} INFO - [2025-11-06T22:39:42.153+0000] {dag.py:3823} INFO - Setting next_dagrun for example_nested_branch_dag to 2025-11-05 00:00:00+00:00, run_after=2025-11-06 00:00:00+00:00
[2025-11-06T22:39:42.294+0000] {processor.py:183} INFO - Processing /home/airflow/.local/lib/python3.8/site-packages/airflow/example_dags/example_nested_branch_dag.py took 0.624 seconds
[2025-11-06T22:40:36.083+0000] {processor.py:161} INFO - Started process (PID=912) to work on /home/airflow/.local/lib/python3.8/site-packages/airflow/example_dags/example_nested_branch_dag.py
[2025-11-06T22:40:36.093+0000] {processor.py:830} INFO - Processing file /home/airflow/.local/lib/python3.8/site-packages/airflow/example_dags/example_nested_branch_dag.py for tasks to queue
[2025-11-06T22:40:36.124+0000] {logging_mixin.py:188} INFO - [2025-11-06T22:40:36.101+0000] {dagbag.py:538} INFO - Filling up the DagBag from /home/airflow/.local/lib/python3.8/site-packages/airflow/example_dags/example_nested_branch_dag.py
[2025-11-06T22:40:36.273+0000] {processor.py:840} INFO - DAG(s) 'example_nested_branch_dag' retrieved from /home/airflow/.local/lib/python3.8/site-packages/airflow/example_dags/example_nested_branch_dag.py
[2025-11-06T22:40:36.488+0000] {logging_mixin.py:188} INFO - [2025-11-06T22:40:36.487+0000] {dag.py:3036} INFO - Sync 1 DAGs
[2025-11-06T22:40:36.657+0000] {logging_mixin.py:188} INFO - [2025-11-06T22:40:36.656+0000] {dag.py:3823} INFO - Setting next_dagrun for example_nested_branch_dag to 2025-11-05 00:00:00+00:00, run_after=2025-11-06 00:00:00+00:00
[2025-11-06T22:40:36.788+0000] {processor.py:183} INFO - Processing /home/airflow/.local/lib/python3.8/site-packages/airflow/example_dags/example_nested_branch_dag.py took 0.755 seconds
[2025-11-06T22:41:13.519+0000] {processor.py:161} INFO - Started process (PID=975) to work on /home/airflow/.local/lib/python3.8/site-packages/airflow/example_dags/example_nested_branch_dag.py
[2025-11-06T22:41:13.526+0000] {processor.py:830} INFO - Processing file /home/airflow/.local/lib/python3.8/site-packages/airflow/example_dags/example_nested_branch_dag.py for tasks to queue
[2025-11-06T22:41:13.530+0000] {logging_mixin.py:188} INFO - [2025-11-06T22:41:13.529+0000] {dagbag.py:538} INFO - Filling up the DagBag from /home/airflow/.local/lib/python3.8/site-packages/airflow/example_dags/example_nested_branch_dag.py
[2025-11-06T22:41:13.599+0000] {processor.py:840} INFO - DAG(s) 'example_nested_branch_dag' retrieved from /home/airflow/.local/lib/python3.8/site-packages/airflow/example_dags/example_nested_branch_dag.py
[2025-11-06T22:41:13.717+0000] {logging_mixin.py:188} INFO - [2025-11-06T22:41:13.717+0000] {dag.py:3036} INFO - Sync 1 DAGs
[2025-11-06T22:41:13.895+0000] {logging_mixin.py:188} INFO - [2025-11-06T22:41:13.893+0000] {dag.py:3823} INFO - Setting next_dagrun for example_nested_branch_dag to 2025-11-05 00:00:00+00:00, run_after=2025-11-06 00:00:00+00:00
[2025-11-06T22:41:14.041+0000] {processor.py:183} INFO - Processing /home/airflow/.local/lib/python3.8/site-packages/airflow/example_dags/example_nested_branch_dag.py took 0.543 seconds
[2025-11-06T22:41:45.059+0000] {processor.py:161} INFO - Started process (PID=1055) to work on /home/airflow/.local/lib/python3.8/site-packages/airflow/example_dags/example_nested_branch_dag.py
[2025-11-06T22:41:45.061+0000] {processor.py:830} INFO - Processing file /home/airflow/.local/lib/python3.8/site-packages/airflow/example_dags/example_nested_branch_dag.py for tasks to queue
[2025-11-06T22:41:45.063+0000] {logging_mixin.py:188} INFO - [2025-11-06T22:41:45.063+0000] {dagbag.py:538} INFO - Filling up the DagBag from /home/airflow/.local/lib/python3.8/site-packages/airflow/example_dags/example_nested_branch_dag.py
[2025-11-06T22:41:45.083+0000] {processor.py:840} INFO - DAG(s) 'example_nested_branch_dag' retrieved from /home/airflow/.local/lib/python3.8/site-packages/airflow/example_dags/example_nested_branch_dag.py
[2025-11-06T22:41:45.126+0000] {logging_mixin.py:188} INFO - [2025-11-06T22:41:45.125+0000] {dag.py:3036} INFO - Sync 1 DAGs
[2025-11-06T22:41:45.164+0000] {logging_mixin.py:188} INFO - [2025-11-06T22:41:45.164+0000] {dag.py:3823} INFO - Setting next_dagrun for example_nested_branch_dag to 2025-11-05 00:00:00+00:00, run_after=2025-11-06 00:00:00+00:00
[2025-11-06T22:41:45.294+0000] {processor.py:183} INFO - Processing /home/airflow/.local/lib/python3.8/site-packages/airflow/example_dags/example_nested_branch_dag.py took 0.242 seconds
[2025-11-06T22:42:21.834+0000] {processor.py:161} INFO - Started process (PID=1137) to work on /home/airflow/.local/lib/python3.8/site-packages/airflow/example_dags/example_nested_branch_dag.py
[2025-11-06T22:42:21.850+0000] {processor.py:830} INFO - Processing file /home/airflow/.local/lib/python3.8/site-packages/airflow/example_dags/example_nested_branch_dag.py for tasks to queue
[2025-11-06T22:42:21.889+0000] {logging_mixin.py:188} INFO - [2025-11-06T22:42:21.887+0000] {dagbag.py:538} INFO - Filling up the DagBag from /home/airflow/.local/lib/python3.8/site-packages/airflow/example_dags/example_nested_branch_dag.py
[2025-11-06T22:42:22.003+0000] {processor.py:840} INFO - DAG(s) 'example_nested_branch_dag' retrieved from /home/airflow/.local/lib/python3.8/site-packages/airflow/example_dags/example_nested_branch_dag.py
[2025-11-06T22:42:22.429+0000] {logging_mixin.py:188} INFO - [2025-11-06T22:42:22.428+0000] {dag.py:3036} INFO - Sync 1 DAGs
[2025-11-06T22:42:22.669+0000] {logging_mixin.py:188} INFO - [2025-11-06T22:42:22.665+0000] {dag.py:3823} INFO - Setting next_dagrun for example_nested_branch_dag to 2025-11-05 00:00:00+00:00, run_after=2025-11-06 00:00:00+00:00
[2025-11-06T22:42:22.890+0000] {processor.py:183} INFO - Processing /home/airflow/.local/lib/python3.8/site-packages/airflow/example_dags/example_nested_branch_dag.py took 1.146 seconds
[2025-11-06T22:43:14.680+0000] {processor.py:161} INFO - Started process (PID=1226) to work on /home/airflow/.local/lib/python3.8/site-packages/airflow/example_dags/example_nested_branch_dag.py
[2025-11-06T22:43:14.682+0000] {processor.py:830} INFO - Processing file /home/airflow/.local/lib/python3.8/site-packages/airflow/example_dags/example_nested_branch_dag.py for tasks to queue
[2025-11-06T22:43:14.685+0000] {logging_mixin.py:188} INFO - [2025-11-06T22:43:14.684+0000] {dagbag.py:538} INFO - Filling up the DagBag from /home/airflow/.local/lib/python3.8/site-packages/airflow/example_dags/example_nested_branch_dag.py
[2025-11-06T22:43:14.739+0000] {processor.py:840} INFO - DAG(s) 'example_nested_branch_dag' retrieved from /home/airflow/.local/lib/python3.8/site-packages/airflow/example_dags/example_nested_branch_dag.py
[2025-11-06T22:43:14.832+0000] {logging_mixin.py:188} INFO - [2025-11-06T22:43:14.832+0000] {dag.py:3036} INFO - Sync 1 DAGs
[2025-11-06T22:43:14.924+0000] {logging_mixin.py:188} INFO - [2025-11-06T22:43:14.923+0000] {dag.py:3823} INFO - Setting next_dagrun for example_nested_branch_dag to 2025-11-05 00:00:00+00:00, run_after=2025-11-06 00:00:00+00:00
[2025-11-06T22:43:15.001+0000] {processor.py:183} INFO - Processing /home/airflow/.local/lib/python3.8/site-packages/airflow/example_dags/example_nested_branch_dag.py took 0.337 seconds
[2025-11-06T22:43:45.564+0000] {processor.py:161} INFO - Started process (PID=1289) to work on /home/airflow/.local/lib/python3.8/site-packages/airflow/example_dags/example_nested_branch_dag.py
[2025-11-06T22:43:45.568+0000] {processor.py:830} INFO - Processing file /home/airflow/.local/lib/python3.8/site-packages/airflow/example_dags/example_nested_branch_dag.py for tasks to queue
[2025-11-06T22:43:45.572+0000] {logging_mixin.py:188} INFO - [2025-11-06T22:43:45.570+0000] {dagbag.py:538} INFO - Filling up the DagBag from /home/airflow/.local/lib/python3.8/site-packages/airflow/example_dags/example_nested_branch_dag.py
[2025-11-06T22:43:45.632+0000] {processor.py:840} INFO - DAG(s) 'example_nested_branch_dag' retrieved from /home/airflow/.local/lib/python3.8/site-packages/airflow/example_dags/example_nested_branch_dag.py
[2025-11-06T22:43:45.799+0000] {logging_mixin.py:188} INFO - [2025-11-06T22:43:45.798+0000] {dag.py:3036} INFO - Sync 1 DAGs
[2025-11-06T22:43:45.981+0000] {logging_mixin.py:188} INFO - [2025-11-06T22:43:45.980+0000] {dag.py:3823} INFO - Setting next_dagrun for example_nested_branch_dag to 2025-11-05 00:00:00+00:00, run_after=2025-11-06 00:00:00+00:00
[2025-11-06T22:43:46.159+0000] {processor.py:183} INFO - Processing /home/airflow/.local/lib/python3.8/site-packages/airflow/example_dags/example_nested_branch_dag.py took 0.609 seconds
[2025-11-06T22:45:06.280+0000] {processor.py:161} INFO - Started process (PID=1392) to work on /home/airflow/.local/lib/python3.8/site-packages/airflow/example_dags/example_nested_branch_dag.py
[2025-11-06T22:45:06.298+0000] {processor.py:830} INFO - Processing file /home/airflow/.local/lib/python3.8/site-packages/airflow/example_dags/example_nested_branch_dag.py for tasks to queue
[2025-11-06T22:45:06.319+0000] {logging_mixin.py:188} INFO - [2025-11-06T22:45:06.306+0000] {dagbag.py:538} INFO - Filling up the DagBag from /home/airflow/.local/lib/python3.8/site-packages/airflow/example_dags/example_nested_branch_dag.py
[2025-11-06T22:45:06.429+0000] {processor.py:840} INFO - DAG(s) 'example_nested_branch_dag' retrieved from /home/airflow/.local/lib/python3.8/site-packages/airflow/example_dags/example_nested_branch_dag.py
[2025-11-06T22:45:06.837+0000] {logging_mixin.py:188} INFO - [2025-11-06T22:45:06.836+0000] {dag.py:3036} INFO - Sync 1 DAGs
[2025-11-06T22:45:07.179+0000] {logging_mixin.py:188} INFO - [2025-11-06T22:45:07.178+0000] {dag.py:3823} INFO - Setting next_dagrun for example_nested_branch_dag to 2025-11-05 00:00:00+00:00, run_after=2025-11-06 00:00:00+00:00
[2025-11-06T22:45:07.446+0000] {processor.py:183} INFO - Processing /home/airflow/.local/lib/python3.8/site-packages/airflow/example_dags/example_nested_branch_dag.py took 1.213 seconds
[2025-11-06T22:45:56.884+0000] {processor.py:161} INFO - Started process (PID=1490) to work on /home/airflow/.local/lib/python3.8/site-packages/airflow/example_dags/example_nested_branch_dag.py
[2025-11-06T22:45:56.887+0000] {processor.py:830} INFO - Processing file /home/airflow/.local/lib/python3.8/site-packages/airflow/example_dags/example_nested_branch_dag.py for tasks to queue
[2025-11-06T22:45:56.900+0000] {logging_mixin.py:188} INFO - [2025-11-06T22:45:56.900+0000] {dagbag.py:538} INFO - Filling up the DagBag from /home/airflow/.local/lib/python3.8/site-packages/airflow/example_dags/example_nested_branch_dag.py
[2025-11-06T22:45:56.999+0000] {processor.py:840} INFO - DAG(s) 'example_nested_branch_dag' retrieved from /home/airflow/.local/lib/python3.8/site-packages/airflow/example_dags/example_nested_branch_dag.py
[2025-11-06T22:45:57.135+0000] {logging_mixin.py:188} INFO - [2025-11-06T22:45:57.134+0000] {dag.py:3036} INFO - Sync 1 DAGs
[2025-11-06T22:45:57.271+0000] {logging_mixin.py:188} INFO - [2025-11-06T22:45:57.270+0000] {dag.py:3823} INFO - Setting next_dagrun for example_nested_branch_dag to 2025-11-05 00:00:00+00:00, run_after=2025-11-06 00:00:00+00:00
[2025-11-06T22:45:57.367+0000] {processor.py:183} INFO - Processing /home/airflow/.local/lib/python3.8/site-packages/airflow/example_dags/example_nested_branch_dag.py took 0.530 seconds
[2025-11-06T22:46:27.888+0000] {processor.py:161} INFO - Started process (PID=1561) to work on /home/airflow/.local/lib/python3.8/site-packages/airflow/example_dags/example_nested_branch_dag.py
[2025-11-06T22:46:27.892+0000] {processor.py:830} INFO - Processing file /home/airflow/.local/lib/python3.8/site-packages/airflow/example_dags/example_nested_branch_dag.py for tasks to queue
[2025-11-06T22:46:27.897+0000] {logging_mixin.py:188} INFO - [2025-11-06T22:46:27.896+0000] {dagbag.py:538} INFO - Filling up the DagBag from /home/airflow/.local/lib/python3.8/site-packages/airflow/example_dags/example_nested_branch_dag.py
[2025-11-06T22:46:27.948+0000] {processor.py:840} INFO - DAG(s) 'example_nested_branch_dag' retrieved from /home/airflow/.local/lib/python3.8/site-packages/airflow/example_dags/example_nested_branch_dag.py
[2025-11-06T22:46:28.119+0000] {logging_mixin.py:188} INFO - [2025-11-06T22:46:28.117+0000] {dag.py:3036} INFO - Sync 1 DAGs
[2025-11-06T22:46:28.221+0000] {logging_mixin.py:188} INFO - [2025-11-06T22:46:28.220+0000] {dag.py:3823} INFO - Setting next_dagrun for example_nested_branch_dag to 2025-11-05 00:00:00+00:00, run_after=2025-11-06 00:00:00+00:00
[2025-11-06T22:46:28.327+0000] {processor.py:183} INFO - Processing /home/airflow/.local/lib/python3.8/site-packages/airflow/example_dags/example_nested_branch_dag.py took 0.464 seconds
[2025-11-06T22:46:58.769+0000] {processor.py:161} INFO - Started process (PID=1628) to work on /home/airflow/.local/lib/python3.8/site-packages/airflow/example_dags/example_nested_branch_dag.py
[2025-11-06T22:46:58.779+0000] {processor.py:830} INFO - Processing file /home/airflow/.local/lib/python3.8/site-packages/airflow/example_dags/example_nested_branch_dag.py for tasks to queue
[2025-11-06T22:46:58.784+0000] {logging_mixin.py:188} INFO - [2025-11-06T22:46:58.783+0000] {dagbag.py:538} INFO - Filling up the DagBag from /home/airflow/.local/lib/python3.8/site-packages/airflow/example_dags/example_nested_branch_dag.py
[2025-11-06T22:46:58.879+0000] {processor.py:840} INFO - DAG(s) 'example_nested_branch_dag' retrieved from /home/airflow/.local/lib/python3.8/site-packages/airflow/example_dags/example_nested_branch_dag.py
[2025-11-06T22:46:59.008+0000] {logging_mixin.py:188} INFO - [2025-11-06T22:46:59.007+0000] {dag.py:3036} INFO - Sync 1 DAGs
[2025-11-06T22:46:59.221+0000] {logging_mixin.py:188} INFO - [2025-11-06T22:46:59.220+0000] {dag.py:3823} INFO - Setting next_dagrun for example_nested_branch_dag to 2025-11-05 00:00:00+00:00, run_after=2025-11-06 00:00:00+00:00
[2025-11-06T22:46:59.370+0000] {processor.py:183} INFO - Processing /home/airflow/.local/lib/python3.8/site-packages/airflow/example_dags/example_nested_branch_dag.py took 0.645 seconds
[2025-11-06T22:48:02.661+0000] {processor.py:161} INFO - Started process (PID=1716) to work on /home/airflow/.local/lib/python3.8/site-packages/airflow/example_dags/example_nested_branch_dag.py
[2025-11-06T22:48:02.665+0000] {processor.py:830} INFO - Processing file /home/airflow/.local/lib/python3.8/site-packages/airflow/example_dags/example_nested_branch_dag.py for tasks to queue
[2025-11-06T22:48:02.669+0000] {logging_mixin.py:188} INFO - [2025-11-06T22:48:02.668+0000] {dagbag.py:538} INFO - Filling up the DagBag from /home/airflow/.local/lib/python3.8/site-packages/airflow/example_dags/example_nested_branch_dag.py
[2025-11-06T22:48:02.940+0000] {processor.py:840} INFO - DAG(s) 'example_nested_branch_dag' retrieved from /home/airflow/.local/lib/python3.8/site-packages/airflow/example_dags/example_nested_branch_dag.py
[2025-11-06T22:48:03.225+0000] {logging_mixin.py:188} INFO - [2025-11-06T22:48:03.220+0000] {dag.py:3036} INFO - Sync 1 DAGs
[2025-11-06T22:48:03.582+0000] {logging_mixin.py:188} INFO - [2025-11-06T22:48:03.581+0000] {dag.py:3823} INFO - Setting next_dagrun for example_nested_branch_dag to 2025-11-05 00:00:00+00:00, run_after=2025-11-06 00:00:00+00:00
