[2025-11-06T22:21:33.072+0000] {processor.py:161} INFO - Started process (PID=267) to work on /home/airflow/.local/lib/python3.8/site-packages/airflow/example_dags/example_xcom.py
[2025-11-06T22:21:33.079+0000] {processor.py:830} INFO - Processing file /home/airflow/.local/lib/python3.8/site-packages/airflow/example_dags/example_xcom.py for tasks to queue
[2025-11-06T22:21:33.103+0000] {logging_mixin.py:188} INFO - [2025-11-06T22:21:33.102+0000] {dagbag.py:538} INFO - Filling up the DagBag from /home/airflow/.local/lib/python3.8/site-packages/airflow/example_dags/example_xcom.py
[2025-11-06T22:21:33.177+0000] {processor.py:840} INFO - DAG(s) 'example_xcom' retrieved from /home/airflow/.local/lib/python3.8/site-packages/airflow/example_dags/example_xcom.py
[2025-11-06T22:21:33.987+0000] {logging_mixin.py:188} INFO - [2025-11-06T22:21:33.986+0000] {dag.py:3036} INFO - Sync 1 DAGs
[2025-11-06T22:21:34.121+0000] {logging_mixin.py:188} INFO - [2025-11-06T22:21:34.120+0000] {dag.py:3823} INFO - Setting next_dagrun for example_xcom to 2021-01-01 00:00:00+00:00, run_after=2021-01-01 00:00:00+00:00
[2025-11-06T22:21:34.348+0000] {processor.py:183} INFO - Processing /home/airflow/.local/lib/python3.8/site-packages/airflow/example_dags/example_xcom.py took 1.310 seconds
[2025-11-06T22:22:09.800+0000] {processor.py:161} INFO - Started process (PID=342) to work on /home/airflow/.local/lib/python3.8/site-packages/airflow/example_dags/example_xcom.py
[2025-11-06T22:22:09.803+0000] {processor.py:830} INFO - Processing file /home/airflow/.local/lib/python3.8/site-packages/airflow/example_dags/example_xcom.py for tasks to queue
[2025-11-06T22:22:09.806+0000] {logging_mixin.py:188} INFO - [2025-11-06T22:22:09.805+0000] {dagbag.py:538} INFO - Filling up the DagBag from /home/airflow/.local/lib/python3.8/site-packages/airflow/example_dags/example_xcom.py
[2025-11-06T22:22:09.865+0000] {processor.py:840} INFO - DAG(s) 'example_xcom' retrieved from /home/airflow/.local/lib/python3.8/site-packages/airflow/example_dags/example_xcom.py
[2025-11-06T22:22:10.117+0000] {logging_mixin.py:188} INFO - [2025-11-06T22:22:10.108+0000] {dag.py:3036} INFO - Sync 1 DAGs
[2025-11-06T22:22:10.832+0000] {logging_mixin.py:188} INFO - [2025-11-06T22:22:10.831+0000] {dag.py:3823} INFO - Setting next_dagrun for example_xcom to 2021-01-01 00:00:00+00:00, run_after=2021-01-01 00:00:00+00:00
[2025-11-06T22:22:11.844+0000] {processor.py:183} INFO - Processing /home/airflow/.local/lib/python3.8/site-packages/airflow/example_dags/example_xcom.py took 0.646 seconds
[2025-11-06T22:22:44.926+0000] {processor.py:161} INFO - Started process (PID=417) to work on /home/airflow/.local/lib/python3.8/site-packages/airflow/example_dags/example_xcom.py
[2025-11-06T22:22:44.969+0000] {processor.py:830} INFO - Processing file /home/airflow/.local/lib/python3.8/site-packages/airflow/example_dags/example_xcom.py for tasks to queue
[2025-11-06T22:22:45.002+0000] {logging_mixin.py:188} INFO - [2025-11-06T22:22:44.989+0000] {dagbag.py:538} INFO - Filling up the DagBag from /home/airflow/.local/lib/python3.8/site-packages/airflow/example_dags/example_xcom.py
[2025-11-06T22:22:45.198+0000] {processor.py:840} INFO - DAG(s) 'example_xcom' retrieved from /home/airflow/.local/lib/python3.8/site-packages/airflow/example_dags/example_xcom.py
[2025-11-06T22:22:46.299+0000] {logging_mixin.py:188} INFO - [2025-11-06T22:22:46.254+0000] {dag.py:3036} INFO - Sync 1 DAGs
[2025-11-06T22:22:46.845+0000] {logging_mixin.py:188} INFO - [2025-11-06T22:22:46.845+0000] {dag.py:3823} INFO - Setting next_dagrun for example_xcom to 2021-01-01 00:00:00+00:00, run_after=2021-01-01 00:00:00+00:00
[2025-11-06T22:22:47.377+0000] {processor.py:183} INFO - Processing /home/airflow/.local/lib/python3.8/site-packages/airflow/example_dags/example_xcom.py took 2.528 seconds
[2025-11-06T22:33:30.469+0000] {processor.py:161} INFO - Started process (PID=173) to work on /home/airflow/.local/lib/python3.8/site-packages/airflow/example_dags/example_xcom.py
[2025-11-06T22:33:30.528+0000] {processor.py:830} INFO - Processing file /home/airflow/.local/lib/python3.8/site-packages/airflow/example_dags/example_xcom.py for tasks to queue
[2025-11-06T22:33:30.530+0000] {logging_mixin.py:188} INFO - [2025-11-06T22:33:30.530+0000] {dagbag.py:538} INFO - Filling up the DagBag from /home/airflow/.local/lib/python3.8/site-packages/airflow/example_dags/example_xcom.py
[2025-11-06T22:33:30.540+0000] {processor.py:840} INFO - DAG(s) 'example_xcom' retrieved from /home/airflow/.local/lib/python3.8/site-packages/airflow/example_dags/example_xcom.py
[2025-11-06T22:33:30.637+0000] {logging_mixin.py:188} INFO - [2025-11-06T22:33:30.637+0000] {dag.py:3036} INFO - Sync 1 DAGs
[2025-11-06T22:33:30.658+0000] {logging_mixin.py:188} INFO - [2025-11-06T22:33:30.658+0000] {dag.py:3823} INFO - Setting next_dagrun for example_xcom to 2021-01-01 00:00:00+00:00, run_after=2021-01-01 00:00:00+00:00
[2025-11-06T22:33:30.749+0000] {processor.py:183} INFO - Processing /home/airflow/.local/lib/python3.8/site-packages/airflow/example_dags/example_xcom.py took 0.283 seconds
[2025-11-06T22:34:01.685+0000] {processor.py:161} INFO - Started process (PID=247) to work on /home/airflow/.local/lib/python3.8/site-packages/airflow/example_dags/example_xcom.py
[2025-11-06T22:34:01.707+0000] {processor.py:830} INFO - Processing file /home/airflow/.local/lib/python3.8/site-packages/airflow/example_dags/example_xcom.py for tasks to queue
[2025-11-06T22:34:01.719+0000] {logging_mixin.py:188} INFO - [2025-11-06T22:34:01.717+0000] {dagbag.py:538} INFO - Filling up the DagBag from /home/airflow/.local/lib/python3.8/site-packages/airflow/example_dags/example_xcom.py
[2025-11-06T22:34:01.794+0000] {processor.py:840} INFO - DAG(s) 'example_xcom' retrieved from /home/airflow/.local/lib/python3.8/site-packages/airflow/example_dags/example_xcom.py
[2025-11-06T22:34:01.935+0000] {logging_mixin.py:188} INFO - [2025-11-06T22:34:01.934+0000] {dag.py:3036} INFO - Sync 1 DAGs
[2025-11-06T22:34:02.017+0000] {logging_mixin.py:188} INFO - [2025-11-06T22:34:02.016+0000] {dag.py:3823} INFO - Setting next_dagrun for example_xcom to 2021-01-01 00:00:00+00:00, run_after=2021-01-01 00:00:00+00:00
[2025-11-06T22:34:02.140+0000] {processor.py:183} INFO - Processing /home/airflow/.local/lib/python3.8/site-packages/airflow/example_dags/example_xcom.py took 0.475 seconds
[2025-11-06T22:34:35.905+0000] {processor.py:161} INFO - Started process (PID=320) to work on /home/airflow/.local/lib/python3.8/site-packages/airflow/example_dags/example_xcom.py
[2025-11-06T22:34:35.908+0000] {processor.py:830} INFO - Processing file /home/airflow/.local/lib/python3.8/site-packages/airflow/example_dags/example_xcom.py for tasks to queue
[2025-11-06T22:34:35.911+0000] {logging_mixin.py:188} INFO - [2025-11-06T22:34:35.910+0000] {dagbag.py:538} INFO - Filling up the DagBag from /home/airflow/.local/lib/python3.8/site-packages/airflow/example_dags/example_xcom.py
[2025-11-06T22:34:35.939+0000] {processor.py:840} INFO - DAG(s) 'example_xcom' retrieved from /home/airflow/.local/lib/python3.8/site-packages/airflow/example_dags/example_xcom.py
[2025-11-06T22:34:36.032+0000] {logging_mixin.py:188} INFO - [2025-11-06T22:34:36.031+0000] {dag.py:3036} INFO - Sync 1 DAGs
[2025-11-06T22:34:36.089+0000] {logging_mixin.py:188} INFO - [2025-11-06T22:34:36.089+0000] {dag.py:3823} INFO - Setting next_dagrun for example_xcom to 2021-01-01 00:00:00+00:00, run_after=2021-01-01 00:00:00+00:00
[2025-11-06T22:34:36.138+0000] {processor.py:183} INFO - Processing /home/airflow/.local/lib/python3.8/site-packages/airflow/example_dags/example_xcom.py took 0.243 seconds
[2025-11-06T22:35:15.322+0000] {processor.py:161} INFO - Started process (PID=394) to work on /home/airflow/.local/lib/python3.8/site-packages/airflow/example_dags/example_xcom.py
[2025-11-06T22:35:15.326+0000] {processor.py:830} INFO - Processing file /home/airflow/.local/lib/python3.8/site-packages/airflow/example_dags/example_xcom.py for tasks to queue
[2025-11-06T22:35:15.331+0000] {logging_mixin.py:188} INFO - [2025-11-06T22:35:15.329+0000] {dagbag.py:538} INFO - Filling up the DagBag from /home/airflow/.local/lib/python3.8/site-packages/airflow/example_dags/example_xcom.py
[2025-11-06T22:35:15.401+0000] {processor.py:840} INFO - DAG(s) 'example_xcom' retrieved from /home/airflow/.local/lib/python3.8/site-packages/airflow/example_dags/example_xcom.py
[2025-11-06T22:35:15.520+0000] {logging_mixin.py:188} INFO - [2025-11-06T22:35:15.519+0000] {dag.py:3036} INFO - Sync 1 DAGs
[2025-11-06T22:35:15.614+0000] {logging_mixin.py:188} INFO - [2025-11-06T22:35:15.613+0000] {dag.py:3823} INFO - Setting next_dagrun for example_xcom to 2021-01-01 00:00:00+00:00, run_after=2021-01-01 00:00:00+00:00
[2025-11-06T22:35:15.703+0000] {processor.py:183} INFO - Processing /home/airflow/.local/lib/python3.8/site-packages/airflow/example_dags/example_xcom.py took 0.397 seconds
[2025-11-06T22:35:46.685+0000] {processor.py:161} INFO - Started process (PID=476) to work on /home/airflow/.local/lib/python3.8/site-packages/airflow/example_dags/example_xcom.py
[2025-11-06T22:35:46.688+0000] {processor.py:830} INFO - Processing file /home/airflow/.local/lib/python3.8/site-packages/airflow/example_dags/example_xcom.py for tasks to queue
[2025-11-06T22:35:46.703+0000] {logging_mixin.py:188} INFO - [2025-11-06T22:35:46.702+0000] {dagbag.py:538} INFO - Filling up the DagBag from /home/airflow/.local/lib/python3.8/site-packages/airflow/example_dags/example_xcom.py
[2025-11-06T22:35:46.748+0000] {processor.py:840} INFO - DAG(s) 'example_xcom' retrieved from /home/airflow/.local/lib/python3.8/site-packages/airflow/example_dags/example_xcom.py
[2025-11-06T22:35:46.945+0000] {logging_mixin.py:188} INFO - [2025-11-06T22:35:46.944+0000] {dag.py:3036} INFO - Sync 1 DAGs
[2025-11-06T22:35:47.077+0000] {logging_mixin.py:188} INFO - [2025-11-06T22:35:47.076+0000] {dag.py:3823} INFO - Setting next_dagrun for example_xcom to 2021-01-01 00:00:00+00:00, run_after=2021-01-01 00:00:00+00:00
[2025-11-06T22:35:47.155+0000] {processor.py:183} INFO - Processing /home/airflow/.local/lib/python3.8/site-packages/airflow/example_dags/example_xcom.py took 0.488 seconds
[2025-11-06T22:36:17.821+0000] {processor.py:161} INFO - Started process (PID=549) to work on /home/airflow/.local/lib/python3.8/site-packages/airflow/example_dags/example_xcom.py
[2025-11-06T22:36:17.823+0000] {processor.py:830} INFO - Processing file /home/airflow/.local/lib/python3.8/site-packages/airflow/example_dags/example_xcom.py for tasks to queue
[2025-11-06T22:36:17.824+0000] {logging_mixin.py:188} INFO - [2025-11-06T22:36:17.824+0000] {dagbag.py:538} INFO - Filling up the DagBag from /home/airflow/.local/lib/python3.8/site-packages/airflow/example_dags/example_xcom.py
[2025-11-06T22:36:17.839+0000] {processor.py:840} INFO - DAG(s) 'example_xcom' retrieved from /home/airflow/.local/lib/python3.8/site-packages/airflow/example_dags/example_xcom.py
[2025-11-06T22:36:17.909+0000] {logging_mixin.py:188} INFO - [2025-11-06T22:36:17.908+0000] {dag.py:3036} INFO - Sync 1 DAGs
[2025-11-06T22:36:17.986+0000] {logging_mixin.py:188} INFO - [2025-11-06T22:36:17.985+0000] {dag.py:3823} INFO - Setting next_dagrun for example_xcom to 2021-01-01 00:00:00+00:00, run_after=2021-01-01 00:00:00+00:00
[2025-11-06T22:36:18.043+0000] {processor.py:183} INFO - Processing /home/airflow/.local/lib/python3.8/site-packages/airflow/example_dags/example_xcom.py took 0.229 seconds
[2025-11-06T22:36:48.737+0000] {processor.py:161} INFO - Started process (PID=629) to work on /home/airflow/.local/lib/python3.8/site-packages/airflow/example_dags/example_xcom.py
[2025-11-06T22:36:48.739+0000] {processor.py:830} INFO - Processing file /home/airflow/.local/lib/python3.8/site-packages/airflow/example_dags/example_xcom.py for tasks to queue
[2025-11-06T22:36:48.742+0000] {logging_mixin.py:188} INFO - [2025-11-06T22:36:48.741+0000] {dagbag.py:538} INFO - Filling up the DagBag from /home/airflow/.local/lib/python3.8/site-packages/airflow/example_dags/example_xcom.py
[2025-11-06T22:36:48.767+0000] {processor.py:840} INFO - DAG(s) 'example_xcom' retrieved from /home/airflow/.local/lib/python3.8/site-packages/airflow/example_dags/example_xcom.py
[2025-11-06T22:36:48.866+0000] {logging_mixin.py:188} INFO - [2025-11-06T22:36:48.865+0000] {dag.py:3036} INFO - Sync 1 DAGs
[2025-11-06T22:36:48.923+0000] {logging_mixin.py:188} INFO - [2025-11-06T22:36:48.923+0000] {dag.py:3823} INFO - Setting next_dagrun for example_xcom to 2021-01-01 00:00:00+00:00, run_after=2021-01-01 00:00:00+00:00
[2025-11-06T22:36:48.981+0000] {processor.py:183} INFO - Processing /home/airflow/.local/lib/python3.8/site-packages/airflow/example_dags/example_xcom.py took 0.254 seconds
[2025-11-06T22:37:19.246+0000] {processor.py:161} INFO - Started process (PID=705) to work on /home/airflow/.local/lib/python3.8/site-packages/airflow/example_dags/example_xcom.py
[2025-11-06T22:37:19.248+0000] {processor.py:830} INFO - Processing file /home/airflow/.local/lib/python3.8/site-packages/airflow/example_dags/example_xcom.py for tasks to queue
[2025-11-06T22:37:19.252+0000] {logging_mixin.py:188} INFO - [2025-11-06T22:37:19.251+0000] {dagbag.py:538} INFO - Filling up the DagBag from /home/airflow/.local/lib/python3.8/site-packages/airflow/example_dags/example_xcom.py
[2025-11-06T22:37:19.277+0000] {processor.py:840} INFO - DAG(s) 'example_xcom' retrieved from /home/airflow/.local/lib/python3.8/site-packages/airflow/example_dags/example_xcom.py
[2025-11-06T22:37:19.357+0000] {logging_mixin.py:188} INFO - [2025-11-06T22:37:19.357+0000] {dag.py:3036} INFO - Sync 1 DAGs
[2025-11-06T22:37:19.426+0000] {logging_mixin.py:188} INFO - [2025-11-06T22:37:19.425+0000] {dag.py:3823} INFO - Setting next_dagrun for example_xcom to 2021-01-01 00:00:00+00:00, run_after=2021-01-01 00:00:00+00:00
[2025-11-06T22:37:19.478+0000] {processor.py:183} INFO - Processing /home/airflow/.local/lib/python3.8/site-packages/airflow/example_dags/example_xcom.py took 0.244 seconds
[2025-11-06T22:37:50.504+0000] {processor.py:161} INFO - Started process (PID=784) to work on /home/airflow/.local/lib/python3.8/site-packages/airflow/example_dags/example_xcom.py
[2025-11-06T22:37:50.506+0000] {processor.py:830} INFO - Processing file /home/airflow/.local/lib/python3.8/site-packages/airflow/example_dags/example_xcom.py for tasks to queue
[2025-11-06T22:37:50.510+0000] {logging_mixin.py:188} INFO - [2025-11-06T22:37:50.509+0000] {dagbag.py:538} INFO - Filling up the DagBag from /home/airflow/.local/lib/python3.8/site-packages/airflow/example_dags/example_xcom.py
[2025-11-06T22:37:50.542+0000] {processor.py:840} INFO - DAG(s) 'example_xcom' retrieved from /home/airflow/.local/lib/python3.8/site-packages/airflow/example_dags/example_xcom.py
[2025-11-06T22:37:50.636+0000] {logging_mixin.py:188} INFO - [2025-11-06T22:37:50.635+0000] {dag.py:3036} INFO - Sync 1 DAGs
[2025-11-06T22:37:50.717+0000] {logging_mixin.py:188} INFO - [2025-11-06T22:37:50.716+0000] {dag.py:3823} INFO - Setting next_dagrun for example_xcom to 2021-01-01 00:00:00+00:00, run_after=2021-01-01 00:00:00+00:00
[2025-11-06T22:37:50.792+0000] {processor.py:183} INFO - Processing /home/airflow/.local/lib/python3.8/site-packages/airflow/example_dags/example_xcom.py took 0.300 seconds
[2025-11-06T22:40:29.660+0000] {processor.py:161} INFO - Started process (PID=893) to work on /home/airflow/.local/lib/python3.8/site-packages/airflow/example_dags/example_xcom.py
[2025-11-06T22:40:29.663+0000] {processor.py:830} INFO - Processing file /home/airflow/.local/lib/python3.8/site-packages/airflow/example_dags/example_xcom.py for tasks to queue
[2025-11-06T22:40:29.673+0000] {logging_mixin.py:188} INFO - [2025-11-06T22:40:29.672+0000] {dagbag.py:538} INFO - Filling up the DagBag from /home/airflow/.local/lib/python3.8/site-packages/airflow/example_dags/example_xcom.py
[2025-11-06T22:40:29.751+0000] {processor.py:840} INFO - DAG(s) 'example_xcom' retrieved from /home/airflow/.local/lib/python3.8/site-packages/airflow/example_dags/example_xcom.py
[2025-11-06T22:40:30.204+0000] {logging_mixin.py:188} INFO - [2025-11-06T22:40:30.203+0000] {dag.py:3036} INFO - Sync 1 DAGs
[2025-11-06T22:40:30.469+0000] {logging_mixin.py:188} INFO - [2025-11-06T22:40:30.467+0000] {dag.py:3823} INFO - Setting next_dagrun for example_xcom to 2021-01-01 00:00:00+00:00, run_after=2021-01-01 00:00:00+00:00
[2025-11-06T22:40:30.687+0000] {processor.py:183} INFO - Processing /home/airflow/.local/lib/python3.8/site-packages/airflow/example_dags/example_xcom.py took 1.092 seconds
[2025-11-06T22:41:21.282+0000] {processor.py:161} INFO - Started process (PID=994) to work on /home/airflow/.local/lib/python3.8/site-packages/airflow/example_dags/example_xcom.py
[2025-11-06T22:41:21.284+0000] {processor.py:830} INFO - Processing file /home/airflow/.local/lib/python3.8/site-packages/airflow/example_dags/example_xcom.py for tasks to queue
[2025-11-06T22:41:21.288+0000] {logging_mixin.py:188} INFO - [2025-11-06T22:41:21.287+0000] {dagbag.py:538} INFO - Filling up the DagBag from /home/airflow/.local/lib/python3.8/site-packages/airflow/example_dags/example_xcom.py
[2025-11-06T22:41:21.317+0000] {processor.py:840} INFO - DAG(s) 'example_xcom' retrieved from /home/airflow/.local/lib/python3.8/site-packages/airflow/example_dags/example_xcom.py
[2025-11-06T22:41:21.429+0000] {logging_mixin.py:188} INFO - [2025-11-06T22:41:21.428+0000] {dag.py:3036} INFO - Sync 1 DAGs
[2025-11-06T22:41:21.747+0000] {logging_mixin.py:188} INFO - [2025-11-06T22:41:21.747+0000] {dag.py:3823} INFO - Setting next_dagrun for example_xcom to 2021-01-01 00:00:00+00:00, run_after=2021-01-01 00:00:00+00:00
[2025-11-06T22:41:21.944+0000] {processor.py:183} INFO - Processing /home/airflow/.local/lib/python3.8/site-packages/airflow/example_dags/example_xcom.py took 0.674 seconds
[2025-11-06T22:41:52.727+0000] {processor.py:161} INFO - Started process (PID=1075) to work on /home/airflow/.local/lib/python3.8/site-packages/airflow/example_dags/example_xcom.py
[2025-11-06T22:41:52.729+0000] {processor.py:830} INFO - Processing file /home/airflow/.local/lib/python3.8/site-packages/airflow/example_dags/example_xcom.py for tasks to queue
[2025-11-06T22:41:52.732+0000] {logging_mixin.py:188} INFO - [2025-11-06T22:41:52.731+0000] {dagbag.py:538} INFO - Filling up the DagBag from /home/airflow/.local/lib/python3.8/site-packages/airflow/example_dags/example_xcom.py
[2025-11-06T22:41:52.775+0000] {processor.py:840} INFO - DAG(s) 'example_xcom' retrieved from /home/airflow/.local/lib/python3.8/site-packages/airflow/example_dags/example_xcom.py
[2025-11-06T22:41:52.889+0000] {logging_mixin.py:188} INFO - [2025-11-06T22:41:52.888+0000] {dag.py:3036} INFO - Sync 1 DAGs
[2025-11-06T22:41:52.995+0000] {logging_mixin.py:188} INFO - [2025-11-06T22:41:52.994+0000] {dag.py:3823} INFO - Setting next_dagrun for example_xcom to 2021-01-01 00:00:00+00:00, run_after=2021-01-01 00:00:00+00:00
[2025-11-06T22:41:53.137+0000] {processor.py:183} INFO - Processing /home/airflow/.local/lib/python3.8/site-packages/airflow/example_dags/example_xcom.py took 0.425 seconds
[2025-11-06T22:42:39.451+0000] {processor.py:161} INFO - Started process (PID=1155) to work on /home/airflow/.local/lib/python3.8/site-packages/airflow/example_dags/example_xcom.py
[2025-11-06T22:42:39.453+0000] {processor.py:830} INFO - Processing file /home/airflow/.local/lib/python3.8/site-packages/airflow/example_dags/example_xcom.py for tasks to queue
[2025-11-06T22:42:39.459+0000] {logging_mixin.py:188} INFO - [2025-11-06T22:42:39.457+0000] {dagbag.py:538} INFO - Filling up the DagBag from /home/airflow/.local/lib/python3.8/site-packages/airflow/example_dags/example_xcom.py
[2025-11-06T22:42:39.551+0000] {processor.py:840} INFO - DAG(s) 'example_xcom' retrieved from /home/airflow/.local/lib/python3.8/site-packages/airflow/example_dags/example_xcom.py
[2025-11-06T22:42:39.709+0000] {logging_mixin.py:188} INFO - [2025-11-06T22:42:39.708+0000] {dag.py:3036} INFO - Sync 1 DAGs
[2025-11-06T22:42:39.964+0000] {logging_mixin.py:188} INFO - [2025-11-06T22:42:39.963+0000] {dag.py:3823} INFO - Setting next_dagrun for example_xcom to 2021-01-01 00:00:00+00:00, run_after=2021-01-01 00:00:00+00:00
[2025-11-06T22:42:40.202+0000] {processor.py:183} INFO - Processing /home/airflow/.local/lib/python3.8/site-packages/airflow/example_dags/example_xcom.py took 0.792 seconds
[2025-11-06T22:43:18.876+0000] {processor.py:161} INFO - Started process (PID=1243) to work on /home/airflow/.local/lib/python3.8/site-packages/airflow/example_dags/example_xcom.py
[2025-11-06T22:43:18.878+0000] {processor.py:830} INFO - Processing file /home/airflow/.local/lib/python3.8/site-packages/airflow/example_dags/example_xcom.py for tasks to queue
[2025-11-06T22:43:18.881+0000] {logging_mixin.py:188} INFO - [2025-11-06T22:43:18.880+0000] {dagbag.py:538} INFO - Filling up the DagBag from /home/airflow/.local/lib/python3.8/site-packages/airflow/example_dags/example_xcom.py
[2025-11-06T22:43:18.909+0000] {processor.py:840} INFO - DAG(s) 'example_xcom' retrieved from /home/airflow/.local/lib/python3.8/site-packages/airflow/example_dags/example_xcom.py
[2025-11-06T22:43:19.014+0000] {logging_mixin.py:188} INFO - [2025-11-06T22:43:19.014+0000] {dag.py:3036} INFO - Sync 1 DAGs
[2025-11-06T22:43:19.165+0000] {logging_mixin.py:188} INFO - [2025-11-06T22:43:19.161+0000] {dag.py:3823} INFO - Setting next_dagrun for example_xcom to 2021-01-01 00:00:00+00:00, run_after=2021-01-01 00:00:00+00:00
[2025-11-06T22:43:19.341+0000] {processor.py:183} INFO - Processing /home/airflow/.local/lib/python3.8/site-packages/airflow/example_dags/example_xcom.py took 0.477 seconds
[2025-11-06T22:44:26.273+0000] {processor.py:161} INFO - Started process (PID=1350) to work on /home/airflow/.local/lib/python3.8/site-packages/airflow/example_dags/example_xcom.py
[2025-11-06T22:44:26.302+0000] {processor.py:830} INFO - Processing file /home/airflow/.local/lib/python3.8/site-packages/airflow/example_dags/example_xcom.py for tasks to queue
[2025-11-06T22:44:26.376+0000] {logging_mixin.py:188} INFO - [2025-11-06T22:44:26.374+0000] {dagbag.py:538} INFO - Filling up the DagBag from /home/airflow/.local/lib/python3.8/site-packages/airflow/example_dags/example_xcom.py
[2025-11-06T22:44:26.546+0000] {processor.py:840} INFO - DAG(s) 'example_xcom' retrieved from /home/airflow/.local/lib/python3.8/site-packages/airflow/example_dags/example_xcom.py
[2025-11-06T22:44:26.903+0000] {logging_mixin.py:188} INFO - [2025-11-06T22:44:26.899+0000] {dag.py:3036} INFO - Sync 1 DAGs
[2025-11-06T22:44:27.170+0000] {logging_mixin.py:188} INFO - [2025-11-06T22:44:27.169+0000] {dag.py:3823} INFO - Setting next_dagrun for example_xcom to 2021-01-01 00:00:00+00:00, run_after=2021-01-01 00:00:00+00:00
[2025-11-06T22:44:27.644+0000] {processor.py:183} INFO - Processing /home/airflow/.local/lib/python3.8/site-packages/airflow/example_dags/example_xcom.py took 1.539 seconds
[2025-11-06T22:45:51.779+0000] {processor.py:161} INFO - Started process (PID=1465) to work on /home/airflow/.local/lib/python3.8/site-packages/airflow/example_dags/example_xcom.py
[2025-11-06T22:45:51.787+0000] {processor.py:830} INFO - Processing file /home/airflow/.local/lib/python3.8/site-packages/airflow/example_dags/example_xcom.py for tasks to queue
[2025-11-06T22:45:51.795+0000] {logging_mixin.py:188} INFO - [2025-11-06T22:45:51.794+0000] {dagbag.py:538} INFO - Filling up the DagBag from /home/airflow/.local/lib/python3.8/site-packages/airflow/example_dags/example_xcom.py
[2025-11-06T22:45:51.933+0000] {processor.py:840} INFO - DAG(s) 'example_xcom' retrieved from /home/airflow/.local/lib/python3.8/site-packages/airflow/example_dags/example_xcom.py
[2025-11-06T22:45:52.070+0000] {logging_mixin.py:188} INFO - [2025-11-06T22:45:52.069+0000] {dag.py:3036} INFO - Sync 1 DAGs
[2025-11-06T22:45:52.205+0000] {logging_mixin.py:188} INFO - [2025-11-06T22:45:52.204+0000] {dag.py:3823} INFO - Setting next_dagrun for example_xcom to 2021-01-01 00:00:00+00:00, run_after=2021-01-01 00:00:00+00:00
[2025-11-06T22:45:52.308+0000] {processor.py:183} INFO - Processing /home/airflow/.local/lib/python3.8/site-packages/airflow/example_dags/example_xcom.py took 0.572 seconds
[2025-11-06T22:46:22.593+0000] {processor.py:161} INFO - Started process (PID=1546) to work on /home/airflow/.local/lib/python3.8/site-packages/airflow/example_dags/example_xcom.py
[2025-11-06T22:46:22.598+0000] {processor.py:830} INFO - Processing file /home/airflow/.local/lib/python3.8/site-packages/airflow/example_dags/example_xcom.py for tasks to queue
[2025-11-06T22:46:22.603+0000] {logging_mixin.py:188} INFO - [2025-11-06T22:46:22.601+0000] {dagbag.py:538} INFO - Filling up the DagBag from /home/airflow/.local/lib/python3.8/site-packages/airflow/example_dags/example_xcom.py
[2025-11-06T22:46:22.651+0000] {processor.py:840} INFO - DAG(s) 'example_xcom' retrieved from /home/airflow/.local/lib/python3.8/site-packages/airflow/example_dags/example_xcom.py
[2025-11-06T22:46:22.813+0000] {logging_mixin.py:188} INFO - [2025-11-06T22:46:22.813+0000] {dag.py:3036} INFO - Sync 1 DAGs
[2025-11-06T22:46:22.921+0000] {logging_mixin.py:188} INFO - [2025-11-06T22:46:22.920+0000] {dag.py:3823} INFO - Setting next_dagrun for example_xcom to 2021-01-01 00:00:00+00:00, run_after=2021-01-01 00:00:00+00:00
[2025-11-06T22:46:23.014+0000] {processor.py:183} INFO - Processing /home/airflow/.local/lib/python3.8/site-packages/airflow/example_dags/example_xcom.py took 0.439 seconds
[2025-11-06T22:46:53.958+0000] {processor.py:161} INFO - Started process (PID=1620) to work on /home/airflow/.local/lib/python3.8/site-packages/airflow/example_dags/example_xcom.py
[2025-11-06T22:46:53.988+0000] {processor.py:830} INFO - Processing file /home/airflow/.local/lib/python3.8/site-packages/airflow/example_dags/example_xcom.py for tasks to queue
[2025-11-06T22:46:54.024+0000] {logging_mixin.py:188} INFO - [2025-11-06T22:46:54.022+0000] {dagbag.py:538} INFO - Filling up the DagBag from /home/airflow/.local/lib/python3.8/site-packages/airflow/example_dags/example_xcom.py
[2025-11-06T22:46:54.101+0000] {processor.py:840} INFO - DAG(s) 'example_xcom' retrieved from /home/airflow/.local/lib/python3.8/site-packages/airflow/example_dags/example_xcom.py
[2025-11-06T22:46:54.293+0000] {logging_mixin.py:188} INFO - [2025-11-06T22:46:54.293+0000] {dag.py:3036} INFO - Sync 1 DAGs
[2025-11-06T22:46:54.474+0000] {logging_mixin.py:188} INFO - [2025-11-06T22:46:54.473+0000] {dag.py:3823} INFO - Setting next_dagrun for example_xcom to 2021-01-01 00:00:00+00:00, run_after=2021-01-01 00:00:00+00:00
[2025-11-06T22:46:54.660+0000] {processor.py:183} INFO - Processing /home/airflow/.local/lib/python3.8/site-packages/airflow/example_dags/example_xcom.py took 0.790 seconds
[2025-11-06T22:47:41.492+0000] {processor.py:161} INFO - Started process (PID=1694) to work on /home/airflow/.local/lib/python3.8/site-packages/airflow/example_dags/example_xcom.py
[2025-11-06T22:47:41.495+0000] {processor.py:830} INFO - Processing file /home/airflow/.local/lib/python3.8/site-packages/airflow/example_dags/example_xcom.py for tasks to queue
[2025-11-06T22:47:41.523+0000] {logging_mixin.py:188} INFO - [2025-11-06T22:47:41.509+0000] {dagbag.py:538} INFO - Filling up the DagBag from /home/airflow/.local/lib/python3.8/site-packages/airflow/example_dags/example_xcom.py
[2025-11-06T22:47:41.813+0000] {processor.py:840} INFO - DAG(s) 'example_xcom' retrieved from /home/airflow/.local/lib/python3.8/site-packages/airflow/example_dags/example_xcom.py
[2025-11-06T22:47:42.529+0000] {logging_mixin.py:188} INFO - [2025-11-06T22:47:42.528+0000] {dag.py:3036} INFO - Sync 1 DAGs
[2025-11-06T22:47:43.612+0000] {logging_mixin.py:188} INFO - [2025-11-06T22:47:43.604+0000] {dag.py:3823} INFO - Setting next_dagrun for example_xcom to 2021-01-01 00:00:00+00:00, run_after=2021-01-01 00:00:00+00:00
[2025-11-06T22:47:44.122+0000] {processor.py:183} INFO - Processing /home/airflow/.local/lib/python3.8/site-packages/airflow/example_dags/example_xcom.py took 2.946 seconds
