[2025-11-06T22:21:27.409+0000] {processor.py:161} INFO - Started process (PID=257) to work on /home/airflow/.local/lib/python3.8/site-packages/airflow/example_dags/example_kubernetes_executor.py
[2025-11-06T22:21:27.411+0000] {processor.py:830} INFO - Processing file /home/airflow/.local/lib/python3.8/site-packages/airflow/example_dags/example_kubernetes_executor.py for tasks to queue
[2025-11-06T22:21:27.430+0000] {logging_mixin.py:188} INFO - [2025-11-06T22:21:27.429+0000] {dagbag.py:538} INFO - Filling up the DagBag from /home/airflow/.local/lib/python3.8/site-packages/airflow/example_dags/example_kubernetes_executor.py
[2025-11-06T22:21:27.515+0000] {processor.py:840} INFO - DAG(s) 'example_kubernetes_executor' retrieved from /home/airflow/.local/lib/python3.8/site-packages/airflow/example_dags/example_kubernetes_executor.py
[2025-11-06T22:21:28.375+0000] {logging_mixin.py:188} INFO - [2025-11-06T22:21:28.375+0000] {dag.py:3036} INFO - Sync 1 DAGs
[2025-11-06T22:21:28.486+0000] {logging_mixin.py:188} INFO - [2025-11-06T22:21:28.485+0000] {dag.py:3823} INFO - Setting next_dagrun for example_kubernetes_executor to None, run_after=None
[2025-11-06T22:21:28.650+0000] {processor.py:183} INFO - Processing /home/airflow/.local/lib/python3.8/site-packages/airflow/example_dags/example_kubernetes_executor.py took 1.252 seconds
[2025-11-06T22:22:07.342+0000] {processor.py:161} INFO - Started process (PID=338) to work on /home/airflow/.local/lib/python3.8/site-packages/airflow/example_dags/example_kubernetes_executor.py
[2025-11-06T22:22:07.357+0000] {processor.py:830} INFO - Processing file /home/airflow/.local/lib/python3.8/site-packages/airflow/example_dags/example_kubernetes_executor.py for tasks to queue
[2025-11-06T22:22:07.369+0000] {logging_mixin.py:188} INFO - [2025-11-06T22:22:07.368+0000] {dagbag.py:538} INFO - Filling up the DagBag from /home/airflow/.local/lib/python3.8/site-packages/airflow/example_dags/example_kubernetes_executor.py
[2025-11-06T22:22:07.623+0000] {processor.py:840} INFO - DAG(s) 'example_kubernetes_executor' retrieved from /home/airflow/.local/lib/python3.8/site-packages/airflow/example_dags/example_kubernetes_executor.py
[2025-11-06T22:22:08.024+0000] {logging_mixin.py:188} INFO - [2025-11-06T22:22:08.024+0000] {dag.py:3036} INFO - Sync 1 DAGs
[2025-11-06T22:22:08.170+0000] {logging_mixin.py:188} INFO - [2025-11-06T22:22:08.170+0000] {dag.py:3823} INFO - Setting next_dagrun for example_kubernetes_executor to None, run_after=None
[2025-11-06T22:22:08.338+0000] {processor.py:183} INFO - Processing /home/airflow/.local/lib/python3.8/site-packages/airflow/example_dags/example_kubernetes_executor.py took 1.023 seconds
[2025-11-06T22:22:39.535+0000] {processor.py:161} INFO - Started process (PID=413) to work on /home/airflow/.local/lib/python3.8/site-packages/airflow/example_dags/example_kubernetes_executor.py
[2025-11-06T22:22:39.537+0000] {processor.py:830} INFO - Processing file /home/airflow/.local/lib/python3.8/site-packages/airflow/example_dags/example_kubernetes_executor.py for tasks to queue
[2025-11-06T22:22:39.543+0000] {logging_mixin.py:188} INFO - [2025-11-06T22:22:39.542+0000] {dagbag.py:538} INFO - Filling up the DagBag from /home/airflow/.local/lib/python3.8/site-packages/airflow/example_dags/example_kubernetes_executor.py
[2025-11-06T22:22:39.611+0000] {processor.py:840} INFO - DAG(s) 'example_kubernetes_executor' retrieved from /home/airflow/.local/lib/python3.8/site-packages/airflow/example_dags/example_kubernetes_executor.py
[2025-11-06T22:22:39.840+0000] {logging_mixin.py:188} INFO - [2025-11-06T22:22:39.839+0000] {dag.py:3036} INFO - Sync 1 DAGs
[2025-11-06T22:22:39.882+0000] {logging_mixin.py:188} INFO - [2025-11-06T22:22:39.881+0000] {dag.py:3823} INFO - Setting next_dagrun for example_kubernetes_executor to None, run_after=None
[2025-11-06T22:22:39.955+0000] {processor.py:183} INFO - Processing /home/airflow/.local/lib/python3.8/site-packages/airflow/example_dags/example_kubernetes_executor.py took 0.432 seconds
[2025-11-06T22:33:28.124+0000] {processor.py:161} INFO - Started process (PID=169) to work on /home/airflow/.local/lib/python3.8/site-packages/airflow/example_dags/example_kubernetes_executor.py
[2025-11-06T22:33:28.199+0000] {processor.py:830} INFO - Processing file /home/airflow/.local/lib/python3.8/site-packages/airflow/example_dags/example_kubernetes_executor.py for tasks to queue
[2025-11-06T22:33:28.202+0000] {logging_mixin.py:188} INFO - [2025-11-06T22:33:28.201+0000] {dagbag.py:538} INFO - Filling up the DagBag from /home/airflow/.local/lib/python3.8/site-packages/airflow/example_dags/example_kubernetes_executor.py
[2025-11-06T22:33:28.258+0000] {processor.py:840} INFO - DAG(s) 'example_kubernetes_executor' retrieved from /home/airflow/.local/lib/python3.8/site-packages/airflow/example_dags/example_kubernetes_executor.py
[2025-11-06T22:33:28.546+0000] {logging_mixin.py:188} INFO - [2025-11-06T22:33:28.545+0000] {dag.py:3036} INFO - Sync 1 DAGs
[2025-11-06T22:33:28.566+0000] {logging_mixin.py:188} INFO - [2025-11-06T22:33:28.565+0000] {dag.py:3823} INFO - Setting next_dagrun for example_kubernetes_executor to None, run_after=None
[2025-11-06T22:33:28.696+0000] {processor.py:183} INFO - Processing /home/airflow/.local/lib/python3.8/site-packages/airflow/example_dags/example_kubernetes_executor.py took 0.582 seconds
[2025-11-06T22:33:59.791+0000] {processor.py:161} INFO - Started process (PID=243) to work on /home/airflow/.local/lib/python3.8/site-packages/airflow/example_dags/example_kubernetes_executor.py
[2025-11-06T22:33:59.819+0000] {processor.py:830} INFO - Processing file /home/airflow/.local/lib/python3.8/site-packages/airflow/example_dags/example_kubernetes_executor.py for tasks to queue
[2025-11-06T22:33:59.828+0000] {logging_mixin.py:188} INFO - [2025-11-06T22:33:59.827+0000] {dagbag.py:538} INFO - Filling up the DagBag from /home/airflow/.local/lib/python3.8/site-packages/airflow/example_dags/example_kubernetes_executor.py
[2025-11-06T22:33:59.933+0000] {processor.py:840} INFO - DAG(s) 'example_kubernetes_executor' retrieved from /home/airflow/.local/lib/python3.8/site-packages/airflow/example_dags/example_kubernetes_executor.py
[2025-11-06T22:34:00.360+0000] {logging_mixin.py:188} INFO - [2025-11-06T22:34:00.359+0000] {dag.py:3036} INFO - Sync 1 DAGs
[2025-11-06T22:34:00.530+0000] {logging_mixin.py:188} INFO - [2025-11-06T22:34:00.529+0000] {dag.py:3823} INFO - Setting next_dagrun for example_kubernetes_executor to None, run_after=None
[2025-11-06T22:34:00.699+0000] {processor.py:183} INFO - Processing /home/airflow/.local/lib/python3.8/site-packages/airflow/example_dags/example_kubernetes_executor.py took 0.923 seconds
[2025-11-06T22:34:35.083+0000] {processor.py:161} INFO - Started process (PID=316) to work on /home/airflow/.local/lib/python3.8/site-packages/airflow/example_dags/example_kubernetes_executor.py
[2025-11-06T22:34:35.085+0000] {processor.py:830} INFO - Processing file /home/airflow/.local/lib/python3.8/site-packages/airflow/example_dags/example_kubernetes_executor.py for tasks to queue
[2025-11-06T22:34:35.090+0000] {logging_mixin.py:188} INFO - [2025-11-06T22:34:35.088+0000] {dagbag.py:538} INFO - Filling up the DagBag from /home/airflow/.local/lib/python3.8/site-packages/airflow/example_dags/example_kubernetes_executor.py
[2025-11-06T22:34:35.142+0000] {processor.py:840} INFO - DAG(s) 'example_kubernetes_executor' retrieved from /home/airflow/.local/lib/python3.8/site-packages/airflow/example_dags/example_kubernetes_executor.py
[2025-11-06T22:34:35.285+0000] {logging_mixin.py:188} INFO - [2025-11-06T22:34:35.284+0000] {dag.py:3036} INFO - Sync 1 DAGs
[2025-11-06T22:34:35.326+0000] {logging_mixin.py:188} INFO - [2025-11-06T22:34:35.325+0000] {dag.py:3823} INFO - Setting next_dagrun for example_kubernetes_executor to None, run_after=None
[2025-11-06T22:34:35.391+0000] {processor.py:183} INFO - Processing /home/airflow/.local/lib/python3.8/site-packages/airflow/example_dags/example_kubernetes_executor.py took 0.317 seconds
[2025-11-06T22:35:13.610+0000] {processor.py:161} INFO - Started process (PID=390) to work on /home/airflow/.local/lib/python3.8/site-packages/airflow/example_dags/example_kubernetes_executor.py
[2025-11-06T22:35:13.612+0000] {processor.py:830} INFO - Processing file /home/airflow/.local/lib/python3.8/site-packages/airflow/example_dags/example_kubernetes_executor.py for tasks to queue
[2025-11-06T22:35:13.616+0000] {logging_mixin.py:188} INFO - [2025-11-06T22:35:13.615+0000] {dagbag.py:538} INFO - Filling up the DagBag from /home/airflow/.local/lib/python3.8/site-packages/airflow/example_dags/example_kubernetes_executor.py
[2025-11-06T22:35:13.759+0000] {processor.py:840} INFO - DAG(s) 'example_kubernetes_executor' retrieved from /home/airflow/.local/lib/python3.8/site-packages/airflow/example_dags/example_kubernetes_executor.py
[2025-11-06T22:35:14.041+0000] {logging_mixin.py:188} INFO - [2025-11-06T22:35:14.041+0000] {dag.py:3036} INFO - Sync 1 DAGs
[2025-11-06T22:35:14.080+0000] {logging_mixin.py:188} INFO - [2025-11-06T22:35:14.080+0000] {dag.py:3823} INFO - Setting next_dagrun for example_kubernetes_executor to None, run_after=None
[2025-11-06T22:35:14.141+0000] {processor.py:183} INFO - Processing /home/airflow/.local/lib/python3.8/site-packages/airflow/example_dags/example_kubernetes_executor.py took 0.543 seconds
[2025-11-06T22:35:44.900+0000] {processor.py:161} INFO - Started process (PID=471) to work on /home/airflow/.local/lib/python3.8/site-packages/airflow/example_dags/example_kubernetes_executor.py
[2025-11-06T22:35:44.903+0000] {processor.py:830} INFO - Processing file /home/airflow/.local/lib/python3.8/site-packages/airflow/example_dags/example_kubernetes_executor.py for tasks to queue
[2025-11-06T22:35:44.927+0000] {logging_mixin.py:188} INFO - [2025-11-06T22:35:44.917+0000] {dagbag.py:538} INFO - Filling up the DagBag from /home/airflow/.local/lib/python3.8/site-packages/airflow/example_dags/example_kubernetes_executor.py
[2025-11-06T22:35:45.183+0000] {processor.py:840} INFO - DAG(s) 'example_kubernetes_executor' retrieved from /home/airflow/.local/lib/python3.8/site-packages/airflow/example_dags/example_kubernetes_executor.py
[2025-11-06T22:35:45.496+0000] {logging_mixin.py:188} INFO - [2025-11-06T22:35:45.495+0000] {dag.py:3036} INFO - Sync 1 DAGs
[2025-11-06T22:35:45.586+0000] {logging_mixin.py:188} INFO - [2025-11-06T22:35:45.585+0000] {dag.py:3823} INFO - Setting next_dagrun for example_kubernetes_executor to None, run_after=None
[2025-11-06T22:35:45.743+0000] {processor.py:183} INFO - Processing /home/airflow/.local/lib/python3.8/site-packages/airflow/example_dags/example_kubernetes_executor.py took 0.867 seconds
[2025-11-06T22:36:16.215+0000] {processor.py:161} INFO - Started process (PID=545) to work on /home/airflow/.local/lib/python3.8/site-packages/airflow/example_dags/example_kubernetes_executor.py
[2025-11-06T22:36:16.217+0000] {processor.py:830} INFO - Processing file /home/airflow/.local/lib/python3.8/site-packages/airflow/example_dags/example_kubernetes_executor.py for tasks to queue
[2025-11-06T22:36:16.218+0000] {logging_mixin.py:188} INFO - [2025-11-06T22:36:16.218+0000] {dagbag.py:538} INFO - Filling up the DagBag from /home/airflow/.local/lib/python3.8/site-packages/airflow/example_dags/example_kubernetes_executor.py
[2025-11-06T22:36:16.241+0000] {processor.py:840} INFO - DAG(s) 'example_kubernetes_executor' retrieved from /home/airflow/.local/lib/python3.8/site-packages/airflow/example_dags/example_kubernetes_executor.py
[2025-11-06T22:36:16.316+0000] {logging_mixin.py:188} INFO - [2025-11-06T22:36:16.316+0000] {dag.py:3036} INFO - Sync 1 DAGs
[2025-11-06T22:36:16.337+0000] {logging_mixin.py:188} INFO - [2025-11-06T22:36:16.337+0000] {dag.py:3823} INFO - Setting next_dagrun for example_kubernetes_executor to None, run_after=None
[2025-11-06T22:36:16.371+0000] {processor.py:183} INFO - Processing /home/airflow/.local/lib/python3.8/site-packages/airflow/example_dags/example_kubernetes_executor.py took 0.162 seconds
[2025-11-06T22:36:46.875+0000] {processor.py:161} INFO - Started process (PID=625) to work on /home/airflow/.local/lib/python3.8/site-packages/airflow/example_dags/example_kubernetes_executor.py
[2025-11-06T22:36:46.897+0000] {processor.py:830} INFO - Processing file /home/airflow/.local/lib/python3.8/site-packages/airflow/example_dags/example_kubernetes_executor.py for tasks to queue
[2025-11-06T22:36:46.901+0000] {logging_mixin.py:188} INFO - [2025-11-06T22:36:46.900+0000] {dagbag.py:538} INFO - Filling up the DagBag from /home/airflow/.local/lib/python3.8/site-packages/airflow/example_dags/example_kubernetes_executor.py
[2025-11-06T22:36:46.950+0000] {processor.py:840} INFO - DAG(s) 'example_kubernetes_executor' retrieved from /home/airflow/.local/lib/python3.8/site-packages/airflow/example_dags/example_kubernetes_executor.py
[2025-11-06T22:36:47.053+0000] {logging_mixin.py:188} INFO - [2025-11-06T22:36:47.052+0000] {dag.py:3036} INFO - Sync 1 DAGs
[2025-11-06T22:36:47.078+0000] {logging_mixin.py:188} INFO - [2025-11-06T22:36:47.078+0000] {dag.py:3823} INFO - Setting next_dagrun for example_kubernetes_executor to None, run_after=None
[2025-11-06T22:36:47.129+0000] {processor.py:183} INFO - Processing /home/airflow/.local/lib/python3.8/site-packages/airflow/example_dags/example_kubernetes_executor.py took 0.266 seconds
[2025-11-06T22:37:17.969+0000] {processor.py:161} INFO - Started process (PID=700) to work on /home/airflow/.local/lib/python3.8/site-packages/airflow/example_dags/example_kubernetes_executor.py
[2025-11-06T22:37:17.971+0000] {processor.py:830} INFO - Processing file /home/airflow/.local/lib/python3.8/site-packages/airflow/example_dags/example_kubernetes_executor.py for tasks to queue
[2025-11-06T22:37:17.974+0000] {logging_mixin.py:188} INFO - [2025-11-06T22:37:17.973+0000] {dagbag.py:538} INFO - Filling up the DagBag from /home/airflow/.local/lib/python3.8/site-packages/airflow/example_dags/example_kubernetes_executor.py
[2025-11-06T22:37:18.025+0000] {processor.py:840} INFO - DAG(s) 'example_kubernetes_executor' retrieved from /home/airflow/.local/lib/python3.8/site-packages/airflow/example_dags/example_kubernetes_executor.py
[2025-11-06T22:37:18.157+0000] {logging_mixin.py:188} INFO - [2025-11-06T22:37:18.156+0000] {dag.py:3036} INFO - Sync 1 DAGs
[2025-11-06T22:37:18.248+0000] {logging_mixin.py:188} INFO - [2025-11-06T22:37:18.247+0000] {dag.py:3823} INFO - Setting next_dagrun for example_kubernetes_executor to None, run_after=None
[2025-11-06T22:37:18.349+0000] {processor.py:183} INFO - Processing /home/airflow/.local/lib/python3.8/site-packages/airflow/example_dags/example_kubernetes_executor.py took 0.392 seconds
[2025-11-06T22:37:48.536+0000] {processor.py:161} INFO - Started process (PID=779) to work on /home/airflow/.local/lib/python3.8/site-packages/airflow/example_dags/example_kubernetes_executor.py
[2025-11-06T22:37:48.540+0000] {processor.py:830} INFO - Processing file /home/airflow/.local/lib/python3.8/site-packages/airflow/example_dags/example_kubernetes_executor.py for tasks to queue
[2025-11-06T22:37:48.544+0000] {logging_mixin.py:188} INFO - [2025-11-06T22:37:48.543+0000] {dagbag.py:538} INFO - Filling up the DagBag from /home/airflow/.local/lib/python3.8/site-packages/airflow/example_dags/example_kubernetes_executor.py
[2025-11-06T22:37:48.608+0000] {processor.py:840} INFO - DAG(s) 'example_kubernetes_executor' retrieved from /home/airflow/.local/lib/python3.8/site-packages/airflow/example_dags/example_kubernetes_executor.py
[2025-11-06T22:37:48.771+0000] {logging_mixin.py:188} INFO - [2025-11-06T22:37:48.771+0000] {dag.py:3036} INFO - Sync 1 DAGs
[2025-11-06T22:37:48.811+0000] {logging_mixin.py:188} INFO - [2025-11-06T22:37:48.810+0000] {dag.py:3823} INFO - Setting next_dagrun for example_kubernetes_executor to None, run_after=None
[2025-11-06T22:37:48.875+0000] {processor.py:183} INFO - Processing /home/airflow/.local/lib/python3.8/site-packages/airflow/example_dags/example_kubernetes_executor.py took 0.350 seconds
[2025-11-06T22:40:27.282+0000] {processor.py:161} INFO - Started process (PID=889) to work on /home/airflow/.local/lib/python3.8/site-packages/airflow/example_dags/example_kubernetes_executor.py
[2025-11-06T22:40:27.288+0000] {processor.py:830} INFO - Processing file /home/airflow/.local/lib/python3.8/site-packages/airflow/example_dags/example_kubernetes_executor.py for tasks to queue
[2025-11-06T22:40:27.298+0000] {logging_mixin.py:188} INFO - [2025-11-06T22:40:27.297+0000] {dagbag.py:538} INFO - Filling up the DagBag from /home/airflow/.local/lib/python3.8/site-packages/airflow/example_dags/example_kubernetes_executor.py
[2025-11-06T22:40:27.572+0000] {processor.py:840} INFO - DAG(s) 'example_kubernetes_executor' retrieved from /home/airflow/.local/lib/python3.8/site-packages/airflow/example_dags/example_kubernetes_executor.py
[2025-11-06T22:40:28.058+0000] {logging_mixin.py:188} INFO - [2025-11-06T22:40:28.057+0000] {dag.py:3036} INFO - Sync 1 DAGs
[2025-11-06T22:40:28.167+0000] {logging_mixin.py:188} INFO - [2025-11-06T22:40:28.165+0000] {dag.py:3823} INFO - Setting next_dagrun for example_kubernetes_executor to None, run_after=None
[2025-11-06T22:40:28.404+0000] {processor.py:183} INFO - Processing /home/airflow/.local/lib/python3.8/site-packages/airflow/example_dags/example_kubernetes_executor.py took 1.192 seconds
[2025-11-06T22:41:09.754+0000] {processor.py:161} INFO - Started process (PID=969) to work on /home/airflow/.local/lib/python3.8/site-packages/airflow/example_dags/example_kubernetes_executor.py
[2025-11-06T22:41:09.783+0000] {processor.py:830} INFO - Processing file /home/airflow/.local/lib/python3.8/site-packages/airflow/example_dags/example_kubernetes_executor.py for tasks to queue
[2025-11-06T22:41:09.793+0000] {logging_mixin.py:188} INFO - [2025-11-06T22:41:09.791+0000] {dagbag.py:538} INFO - Filling up the DagBag from /home/airflow/.local/lib/python3.8/site-packages/airflow/example_dags/example_kubernetes_executor.py
[2025-11-06T22:41:09.949+0000] {processor.py:840} INFO - DAG(s) 'example_kubernetes_executor' retrieved from /home/airflow/.local/lib/python3.8/site-packages/airflow/example_dags/example_kubernetes_executor.py
[2025-11-06T22:41:10.624+0000] {logging_mixin.py:188} INFO - [2025-11-06T22:41:10.624+0000] {dag.py:3036} INFO - Sync 1 DAGs
[2025-11-06T22:41:10.789+0000] {logging_mixin.py:188} INFO - [2025-11-06T22:41:10.788+0000] {dag.py:3823} INFO - Setting next_dagrun for example_kubernetes_executor to None, run_after=None
[2025-11-06T22:41:11.005+0000] {processor.py:183} INFO - Processing /home/airflow/.local/lib/python3.8/site-packages/airflow/example_dags/example_kubernetes_executor.py took 1.288 seconds
[2025-11-06T22:41:41.746+0000] {processor.py:161} INFO - Started process (PID=1042) to work on /home/airflow/.local/lib/python3.8/site-packages/airflow/example_dags/example_kubernetes_executor.py
[2025-11-06T22:41:41.747+0000] {processor.py:830} INFO - Processing file /home/airflow/.local/lib/python3.8/site-packages/airflow/example_dags/example_kubernetes_executor.py for tasks to queue
[2025-11-06T22:41:41.749+0000] {logging_mixin.py:188} INFO - [2025-11-06T22:41:41.749+0000] {dagbag.py:538} INFO - Filling up the DagBag from /home/airflow/.local/lib/python3.8/site-packages/airflow/example_dags/example_kubernetes_executor.py
[2025-11-06T22:41:41.777+0000] {processor.py:840} INFO - DAG(s) 'example_kubernetes_executor' retrieved from /home/airflow/.local/lib/python3.8/site-packages/airflow/example_dags/example_kubernetes_executor.py
[2025-11-06T22:41:41.839+0000] {logging_mixin.py:188} INFO - [2025-11-06T22:41:41.838+0000] {dag.py:3036} INFO - Sync 1 DAGs
[2025-11-06T22:41:41.859+0000] {logging_mixin.py:188} INFO - [2025-11-06T22:41:41.859+0000] {dag.py:3823} INFO - Setting next_dagrun for example_kubernetes_executor to None, run_after=None
[2025-11-06T22:41:43.094+0000] {processor.py:183} INFO - Processing /home/airflow/.local/lib/python3.8/site-packages/airflow/example_dags/example_kubernetes_executor.py took 1.353 seconds
[2025-11-06T22:42:13.799+0000] {processor.py:161} INFO - Started process (PID=1123) to work on /home/airflow/.local/lib/python3.8/site-packages/airflow/example_dags/example_kubernetes_executor.py
[2025-11-06T22:42:13.801+0000] {processor.py:830} INFO - Processing file /home/airflow/.local/lib/python3.8/site-packages/airflow/example_dags/example_kubernetes_executor.py for tasks to queue
[2025-11-06T22:42:13.804+0000] {logging_mixin.py:188} INFO - [2025-11-06T22:42:13.803+0000] {dagbag.py:538} INFO - Filling up the DagBag from /home/airflow/.local/lib/python3.8/site-packages/airflow/example_dags/example_kubernetes_executor.py
[2025-11-06T22:42:13.898+0000] {processor.py:840} INFO - DAG(s) 'example_kubernetes_executor' retrieved from /home/airflow/.local/lib/python3.8/site-packages/airflow/example_dags/example_kubernetes_executor.py
[2025-11-06T22:42:14.158+0000] {logging_mixin.py:188} INFO - [2025-11-06T22:42:14.157+0000] {dag.py:3036} INFO - Sync 1 DAGs
[2025-11-06T22:42:14.248+0000] {logging_mixin.py:188} INFO - [2025-11-06T22:42:14.247+0000] {dag.py:3823} INFO - Setting next_dagrun for example_kubernetes_executor to None, run_after=None
[2025-11-06T22:42:14.341+0000] {processor.py:183} INFO - Processing /home/airflow/.local/lib/python3.8/site-packages/airflow/example_dags/example_kubernetes_executor.py took 0.554 seconds
[2025-11-06T22:43:13.765+0000] {processor.py:161} INFO - Started process (PID=1222) to work on /home/airflow/.local/lib/python3.8/site-packages/airflow/example_dags/example_kubernetes_executor.py
[2025-11-06T22:43:13.770+0000] {processor.py:830} INFO - Processing file /home/airflow/.local/lib/python3.8/site-packages/airflow/example_dags/example_kubernetes_executor.py for tasks to queue
[2025-11-06T22:43:13.775+0000] {logging_mixin.py:188} INFO - [2025-11-06T22:43:13.774+0000] {dagbag.py:538} INFO - Filling up the DagBag from /home/airflow/.local/lib/python3.8/site-packages/airflow/example_dags/example_kubernetes_executor.py
[2025-11-06T22:43:13.838+0000] {processor.py:840} INFO - DAG(s) 'example_kubernetes_executor' retrieved from /home/airflow/.local/lib/python3.8/site-packages/airflow/example_dags/example_kubernetes_executor.py
[2025-11-06T22:43:13.987+0000] {logging_mixin.py:188} INFO - [2025-11-06T22:43:13.986+0000] {dag.py:3036} INFO - Sync 1 DAGs
[2025-11-06T22:43:14.026+0000] {logging_mixin.py:188} INFO - [2025-11-06T22:43:14.026+0000] {dag.py:3823} INFO - Setting next_dagrun for example_kubernetes_executor to None, run_after=None
[2025-11-06T22:43:14.094+0000] {processor.py:183} INFO - Processing /home/airflow/.local/lib/python3.8/site-packages/airflow/example_dags/example_kubernetes_executor.py took 0.346 seconds
[2025-11-06T22:43:46.395+0000] {processor.py:161} INFO - Started process (PID=1297) to work on /home/airflow/.local/lib/python3.8/site-packages/airflow/example_dags/example_kubernetes_executor.py
[2025-11-06T22:43:46.398+0000] {processor.py:830} INFO - Processing file /home/airflow/.local/lib/python3.8/site-packages/airflow/example_dags/example_kubernetes_executor.py for tasks to queue
[2025-11-06T22:43:46.404+0000] {logging_mixin.py:188} INFO - [2025-11-06T22:43:46.403+0000] {dagbag.py:538} INFO - Filling up the DagBag from /home/airflow/.local/lib/python3.8/site-packages/airflow/example_dags/example_kubernetes_executor.py
[2025-11-06T22:43:46.518+0000] {processor.py:840} INFO - DAG(s) 'example_kubernetes_executor' retrieved from /home/airflow/.local/lib/python3.8/site-packages/airflow/example_dags/example_kubernetes_executor.py
[2025-11-06T22:43:46.839+0000] {logging_mixin.py:188} INFO - [2025-11-06T22:43:46.837+0000] {dag.py:3036} INFO - Sync 1 DAGs
[2025-11-06T22:43:47.010+0000] {logging_mixin.py:188} INFO - [2025-11-06T22:43:47.009+0000] {dag.py:3823} INFO - Setting next_dagrun for example_kubernetes_executor to None, run_after=None
[2025-11-06T22:43:47.190+0000] {processor.py:183} INFO - Processing /home/airflow/.local/lib/python3.8/site-packages/airflow/example_dags/example_kubernetes_executor.py took 0.813 seconds
[2025-11-06T22:45:28.519+0000] {processor.py:161} INFO - Started process (PID=1417) to work on /home/airflow/.local/lib/python3.8/site-packages/airflow/example_dags/example_kubernetes_executor.py
[2025-11-06T22:45:28.536+0000] {processor.py:830} INFO - Processing file /home/airflow/.local/lib/python3.8/site-packages/airflow/example_dags/example_kubernetes_executor.py for tasks to queue
[2025-11-06T22:45:28.539+0000] {logging_mixin.py:188} INFO - [2025-11-06T22:45:28.538+0000] {dagbag.py:538} INFO - Filling up the DagBag from /home/airflow/.local/lib/python3.8/site-packages/airflow/example_dags/example_kubernetes_executor.py
[2025-11-06T22:45:28.754+0000] {processor.py:840} INFO - DAG(s) 'example_kubernetes_executor' retrieved from /home/airflow/.local/lib/python3.8/site-packages/airflow/example_dags/example_kubernetes_executor.py
[2025-11-06T22:45:29.213+0000] {logging_mixin.py:188} INFO - [2025-11-06T22:45:29.212+0000] {dag.py:3036} INFO - Sync 1 DAGs
[2025-11-06T22:45:29.329+0000] {logging_mixin.py:188} INFO - [2025-11-06T22:45:29.329+0000] {dag.py:3823} INFO - Setting next_dagrun for example_kubernetes_executor to None, run_after=None
[2025-11-06T22:45:29.441+0000] {processor.py:183} INFO - Processing /home/airflow/.local/lib/python3.8/site-packages/airflow/example_dags/example_kubernetes_executor.py took 0.963 seconds
[2025-11-06T22:46:02.145+0000] {processor.py:161} INFO - Started process (PID=1500) to work on /home/airflow/.local/lib/python3.8/site-packages/airflow/example_dags/example_kubernetes_executor.py
[2025-11-06T22:46:02.149+0000] {processor.py:830} INFO - Processing file /home/airflow/.local/lib/python3.8/site-packages/airflow/example_dags/example_kubernetes_executor.py for tasks to queue
[2025-11-06T22:46:02.157+0000] {logging_mixin.py:188} INFO - [2025-11-06T22:46:02.156+0000] {dagbag.py:538} INFO - Filling up the DagBag from /home/airflow/.local/lib/python3.8/site-packages/airflow/example_dags/example_kubernetes_executor.py
[2025-11-06T22:46:02.265+0000] {processor.py:840} INFO - DAG(s) 'example_kubernetes_executor' retrieved from /home/airflow/.local/lib/python3.8/site-packages/airflow/example_dags/example_kubernetes_executor.py
[2025-11-06T22:46:02.411+0000] {logging_mixin.py:188} INFO - [2025-11-06T22:46:02.410+0000] {dag.py:3036} INFO - Sync 1 DAGs
[2025-11-06T22:46:02.466+0000] {logging_mixin.py:188} INFO - [2025-11-06T22:46:02.465+0000] {dag.py:3823} INFO - Setting next_dagrun for example_kubernetes_executor to None, run_after=None
[2025-11-06T22:46:02.553+0000] {processor.py:183} INFO - Processing /home/airflow/.local/lib/python3.8/site-packages/airflow/example_dags/example_kubernetes_executor.py took 0.449 seconds
[2025-11-06T22:46:33.796+0000] {processor.py:161} INFO - Started process (PID=1572) to work on /home/airflow/.local/lib/python3.8/site-packages/airflow/example_dags/example_kubernetes_executor.py
[2025-11-06T22:46:33.798+0000] {processor.py:830} INFO - Processing file /home/airflow/.local/lib/python3.8/site-packages/airflow/example_dags/example_kubernetes_executor.py for tasks to queue
[2025-11-06T22:46:33.813+0000] {logging_mixin.py:188} INFO - [2025-11-06T22:46:33.812+0000] {dagbag.py:538} INFO - Filling up the DagBag from /home/airflow/.local/lib/python3.8/site-packages/airflow/example_dags/example_kubernetes_executor.py
[2025-11-06T22:46:33.895+0000] {processor.py:840} INFO - DAG(s) 'example_kubernetes_executor' retrieved from /home/airflow/.local/lib/python3.8/site-packages/airflow/example_dags/example_kubernetes_executor.py
[2025-11-06T22:46:34.120+0000] {logging_mixin.py:188} INFO - [2025-11-06T22:46:34.117+0000] {dag.py:3036} INFO - Sync 1 DAGs
[2025-11-06T22:46:34.218+0000] {logging_mixin.py:188} INFO - [2025-11-06T22:46:34.217+0000] {dag.py:3823} INFO - Setting next_dagrun for example_kubernetes_executor to None, run_after=None
[2025-11-06T22:46:34.354+0000] {processor.py:183} INFO - Processing /home/airflow/.local/lib/python3.8/site-packages/airflow/example_dags/example_kubernetes_executor.py took 0.582 seconds
[2025-11-06T22:47:04.526+0000] {processor.py:161} INFO - Started process (PID=1646) to work on /home/airflow/.local/lib/python3.8/site-packages/airflow/example_dags/example_kubernetes_executor.py
[2025-11-06T22:47:04.529+0000] {processor.py:830} INFO - Processing file /home/airflow/.local/lib/python3.8/site-packages/airflow/example_dags/example_kubernetes_executor.py for tasks to queue
[2025-11-06T22:47:04.535+0000] {logging_mixin.py:188} INFO - [2025-11-06T22:47:04.533+0000] {dagbag.py:538} INFO - Filling up the DagBag from /home/airflow/.local/lib/python3.8/site-packages/airflow/example_dags/example_kubernetes_executor.py
[2025-11-06T22:47:04.670+0000] {processor.py:840} INFO - DAG(s) 'example_kubernetes_executor' retrieved from /home/airflow/.local/lib/python3.8/site-packages/airflow/example_dags/example_kubernetes_executor.py
[2025-11-06T22:47:04.878+0000] {logging_mixin.py:188} INFO - [2025-11-06T22:47:04.878+0000] {dag.py:3036} INFO - Sync 1 DAGs
[2025-11-06T22:47:04.919+0000] {logging_mixin.py:188} INFO - [2025-11-06T22:47:04.918+0000] {dag.py:3823} INFO - Setting next_dagrun for example_kubernetes_executor to None, run_after=None
[2025-11-06T22:47:05.041+0000] {processor.py:183} INFO - Processing /home/airflow/.local/lib/python3.8/site-packages/airflow/example_dags/example_kubernetes_executor.py took 0.529 seconds
