[2025-11-06T22:21:13.002+0000] {processor.py:161} INFO - Started process (PID=233) to work on /home/airflow/.local/lib/python3.8/site-packages/airflow/example_dags/example_bash_operator.py
[2025-11-06T22:21:13.005+0000] {processor.py:830} INFO - Processing file /home/airflow/.local/lib/python3.8/site-packages/airflow/example_dags/example_bash_operator.py for tasks to queue
[2025-11-06T22:21:13.008+0000] {logging_mixin.py:188} INFO - [2025-11-06T22:21:13.007+0000] {dagbag.py:538} INFO - Filling up the DagBag from /home/airflow/.local/lib/python3.8/site-packages/airflow/example_dags/example_bash_operator.py
[2025-11-06T22:21:13.085+0000] {processor.py:840} INFO - DAG(s) 'example_bash_operator' retrieved from /home/airflow/.local/lib/python3.8/site-packages/airflow/example_dags/example_bash_operator.py
[2025-11-06T22:21:14.086+0000] {logging_mixin.py:188} INFO - [2025-11-06T22:21:14.085+0000] {dag.py:3036} INFO - Sync 1 DAGs
[2025-11-06T22:21:14.466+0000] {logging_mixin.py:188} INFO - [2025-11-06T22:21:14.464+0000] {dag.py:3823} INFO - Setting next_dagrun for example_bash_operator to 2025-11-05 00:00:00+00:00, run_after=2025-11-06 00:00:00+00:00
[2025-11-06T22:21:14.577+0000] {processor.py:183} INFO - Processing /home/airflow/.local/lib/python3.8/site-packages/airflow/example_dags/example_bash_operator.py took 1.584 seconds
[2025-11-06T22:22:00.814+0000] {processor.py:161} INFO - Started process (PID=315) to work on /home/airflow/.local/lib/python3.8/site-packages/airflow/example_dags/example_bash_operator.py
[2025-11-06T22:22:00.819+0000] {processor.py:830} INFO - Processing file /home/airflow/.local/lib/python3.8/site-packages/airflow/example_dags/example_bash_operator.py for tasks to queue
[2025-11-06T22:22:00.824+0000] {logging_mixin.py:188} INFO - [2025-11-06T22:22:00.822+0000] {dagbag.py:538} INFO - Filling up the DagBag from /home/airflow/.local/lib/python3.8/site-packages/airflow/example_dags/example_bash_operator.py
[2025-11-06T22:22:00.922+0000] {processor.py:840} INFO - DAG(s) 'example_bash_operator' retrieved from /home/airflow/.local/lib/python3.8/site-packages/airflow/example_dags/example_bash_operator.py
[2025-11-06T22:22:01.107+0000] {logging_mixin.py:188} INFO - [2025-11-06T22:22:01.106+0000] {dag.py:3036} INFO - Sync 1 DAGs
[2025-11-06T22:22:01.208+0000] {logging_mixin.py:188} INFO - [2025-11-06T22:22:01.207+0000] {dag.py:3823} INFO - Setting next_dagrun for example_bash_operator to 2025-11-05 00:00:00+00:00, run_after=2025-11-06 00:00:00+00:00
[2025-11-06T22:22:01.294+0000] {processor.py:183} INFO - Processing /home/airflow/.local/lib/python3.8/site-packages/airflow/example_dags/example_bash_operator.py took 0.504 seconds
[2025-11-06T22:22:32.998+0000] {processor.py:161} INFO - Started process (PID=388) to work on /home/airflow/.local/lib/python3.8/site-packages/airflow/example_dags/example_bash_operator.py
[2025-11-06T22:22:33.014+0000] {processor.py:830} INFO - Processing file /home/airflow/.local/lib/python3.8/site-packages/airflow/example_dags/example_bash_operator.py for tasks to queue
[2025-11-06T22:22:33.019+0000] {logging_mixin.py:188} INFO - [2025-11-06T22:22:33.017+0000] {dagbag.py:538} INFO - Filling up the DagBag from /home/airflow/.local/lib/python3.8/site-packages/airflow/example_dags/example_bash_operator.py
[2025-11-06T22:22:33.135+0000] {processor.py:840} INFO - DAG(s) 'example_bash_operator' retrieved from /home/airflow/.local/lib/python3.8/site-packages/airflow/example_dags/example_bash_operator.py
[2025-11-06T22:22:33.340+0000] {logging_mixin.py:188} INFO - [2025-11-06T22:22:33.337+0000] {dag.py:3036} INFO - Sync 1 DAGs
[2025-11-06T22:22:33.478+0000] {logging_mixin.py:188} INFO - [2025-11-06T22:22:33.477+0000] {dag.py:3823} INFO - Setting next_dagrun for example_bash_operator to 2025-11-05 00:00:00+00:00, run_after=2025-11-06 00:00:00+00:00
[2025-11-06T22:22:33.577+0000] {processor.py:183} INFO - Processing /home/airflow/.local/lib/python3.8/site-packages/airflow/example_dags/example_bash_operator.py took 0.618 seconds
[2025-11-06T22:33:21.673+0000] {processor.py:161} INFO - Started process (PID=146) to work on /home/airflow/.local/lib/python3.8/site-packages/airflow/example_dags/example_bash_operator.py
[2025-11-06T22:33:21.676+0000] {processor.py:830} INFO - Processing file /home/airflow/.local/lib/python3.8/site-packages/airflow/example_dags/example_bash_operator.py for tasks to queue
[2025-11-06T22:33:21.688+0000] {logging_mixin.py:188} INFO - [2025-11-06T22:33:21.687+0000] {dagbag.py:538} INFO - Filling up the DagBag from /home/airflow/.local/lib/python3.8/site-packages/airflow/example_dags/example_bash_operator.py
[2025-11-06T22:33:21.765+0000] {processor.py:840} INFO - DAG(s) 'example_bash_operator' retrieved from /home/airflow/.local/lib/python3.8/site-packages/airflow/example_dags/example_bash_operator.py
[2025-11-06T22:33:22.599+0000] {logging_mixin.py:188} INFO - [2025-11-06T22:33:22.598+0000] {dag.py:3036} INFO - Sync 1 DAGs
[2025-11-06T22:33:22.847+0000] {logging_mixin.py:188} INFO - [2025-11-06T22:33:22.846+0000] {dag.py:3823} INFO - Setting next_dagrun for example_bash_operator to 2025-11-05 00:00:00+00:00, run_after=2025-11-06 00:00:00+00:00
[2025-11-06T22:33:22.937+0000] {processor.py:183} INFO - Processing /home/airflow/.local/lib/python3.8/site-packages/airflow/example_dags/example_bash_operator.py took 1.302 seconds
[2025-11-06T22:33:53.344+0000] {processor.py:161} INFO - Started process (PID=219) to work on /home/airflow/.local/lib/python3.8/site-packages/airflow/example_dags/example_bash_operator.py
[2025-11-06T22:33:53.345+0000] {processor.py:830} INFO - Processing file /home/airflow/.local/lib/python3.8/site-packages/airflow/example_dags/example_bash_operator.py for tasks to queue
[2025-11-06T22:33:53.346+0000] {logging_mixin.py:188} INFO - [2025-11-06T22:33:53.346+0000] {dagbag.py:538} INFO - Filling up the DagBag from /home/airflow/.local/lib/python3.8/site-packages/airflow/example_dags/example_bash_operator.py
[2025-11-06T22:33:53.357+0000] {processor.py:840} INFO - DAG(s) 'example_bash_operator' retrieved from /home/airflow/.local/lib/python3.8/site-packages/airflow/example_dags/example_bash_operator.py
[2025-11-06T22:33:53.386+0000] {logging_mixin.py:188} INFO - [2025-11-06T22:33:53.385+0000] {dag.py:3036} INFO - Sync 1 DAGs
[2025-11-06T22:33:53.407+0000] {logging_mixin.py:188} INFO - [2025-11-06T22:33:53.407+0000] {dag.py:3823} INFO - Setting next_dagrun for example_bash_operator to 2025-11-05 00:00:00+00:00, run_after=2025-11-06 00:00:00+00:00
[2025-11-06T22:33:53.430+0000] {processor.py:183} INFO - Processing /home/airflow/.local/lib/python3.8/site-packages/airflow/example_dags/example_bash_operator.py took 0.089 seconds
[2025-11-06T22:34:29.449+0000] {processor.py:161} INFO - Started process (PID=300) to work on /home/airflow/.local/lib/python3.8/site-packages/airflow/example_dags/example_bash_operator.py
[2025-11-06T22:34:29.451+0000] {processor.py:830} INFO - Processing file /home/airflow/.local/lib/python3.8/site-packages/airflow/example_dags/example_bash_operator.py for tasks to queue
[2025-11-06T22:34:29.454+0000] {logging_mixin.py:188} INFO - [2025-11-06T22:34:29.453+0000] {dagbag.py:538} INFO - Filling up the DagBag from /home/airflow/.local/lib/python3.8/site-packages/airflow/example_dags/example_bash_operator.py
[2025-11-06T22:34:29.496+0000] {processor.py:840} INFO - DAG(s) 'example_bash_operator' retrieved from /home/airflow/.local/lib/python3.8/site-packages/airflow/example_dags/example_bash_operator.py
[2025-11-06T22:34:29.642+0000] {logging_mixin.py:188} INFO - [2025-11-06T22:34:29.641+0000] {dag.py:3036} INFO - Sync 1 DAGs
[2025-11-06T22:34:30.175+0000] {logging_mixin.py:188} INFO - [2025-11-06T22:34:30.175+0000] {dag.py:3823} INFO - Setting next_dagrun for example_bash_operator to 2025-11-05 00:00:00+00:00, run_after=2025-11-06 00:00:00+00:00
[2025-11-06T22:34:30.238+0000] {processor.py:183} INFO - Processing /home/airflow/.local/lib/python3.8/site-packages/airflow/example_dags/example_bash_operator.py took 0.799 seconds
[2025-11-06T22:35:02.284+0000] {processor.py:161} INFO - Started process (PID=373) to work on /home/airflow/.local/lib/python3.8/site-packages/airflow/example_dags/example_bash_operator.py
[2025-11-06T22:35:02.295+0000] {processor.py:830} INFO - Processing file /home/airflow/.local/lib/python3.8/site-packages/airflow/example_dags/example_bash_operator.py for tasks to queue
[2025-11-06T22:35:02.312+0000] {logging_mixin.py:188} INFO - [2025-11-06T22:35:02.311+0000] {dagbag.py:538} INFO - Filling up the DagBag from /home/airflow/.local/lib/python3.8/site-packages/airflow/example_dags/example_bash_operator.py
[2025-11-06T22:35:02.414+0000] {processor.py:840} INFO - DAG(s) 'example_bash_operator' retrieved from /home/airflow/.local/lib/python3.8/site-packages/airflow/example_dags/example_bash_operator.py
[2025-11-06T22:35:02.786+0000] {logging_mixin.py:188} INFO - [2025-11-06T22:35:02.767+0000] {dag.py:3036} INFO - Sync 1 DAGs
[2025-11-06T22:35:03.000+0000] {logging_mixin.py:188} INFO - [2025-11-06T22:35:02.999+0000] {dag.py:3823} INFO - Setting next_dagrun for example_bash_operator to 2025-11-05 00:00:00+00:00, run_after=2025-11-06 00:00:00+00:00
[2025-11-06T22:35:03.173+0000] {processor.py:183} INFO - Processing /home/airflow/.local/lib/python3.8/site-packages/airflow/example_dags/example_bash_operator.py took 0.968 seconds
[2025-11-06T22:35:33.843+0000] {processor.py:161} INFO - Started process (PID=447) to work on /home/airflow/.local/lib/python3.8/site-packages/airflow/example_dags/example_bash_operator.py
[2025-11-06T22:35:33.859+0000] {processor.py:830} INFO - Processing file /home/airflow/.local/lib/python3.8/site-packages/airflow/example_dags/example_bash_operator.py for tasks to queue
[2025-11-06T22:35:33.864+0000] {logging_mixin.py:188} INFO - [2025-11-06T22:35:33.862+0000] {dagbag.py:538} INFO - Filling up the DagBag from /home/airflow/.local/lib/python3.8/site-packages/airflow/example_dags/example_bash_operator.py
[2025-11-06T22:35:33.958+0000] {processor.py:840} INFO - DAG(s) 'example_bash_operator' retrieved from /home/airflow/.local/lib/python3.8/site-packages/airflow/example_dags/example_bash_operator.py
[2025-11-06T22:35:34.153+0000] {logging_mixin.py:188} INFO - [2025-11-06T22:35:34.153+0000] {dag.py:3036} INFO - Sync 1 DAGs
[2025-11-06T22:35:34.251+0000] {logging_mixin.py:188} INFO - [2025-11-06T22:35:34.249+0000] {dag.py:3823} INFO - Setting next_dagrun for example_bash_operator to 2025-11-05 00:00:00+00:00, run_after=2025-11-06 00:00:00+00:00
[2025-11-06T22:35:34.314+0000] {processor.py:183} INFO - Processing /home/airflow/.local/lib/python3.8/site-packages/airflow/example_dags/example_bash_operator.py took 0.532 seconds
[2025-11-06T22:36:04.494+0000] {processor.py:161} INFO - Started process (PID=512) to work on /home/airflow/.local/lib/python3.8/site-packages/airflow/example_dags/example_bash_operator.py
[2025-11-06T22:36:04.497+0000] {processor.py:830} INFO - Processing file /home/airflow/.local/lib/python3.8/site-packages/airflow/example_dags/example_bash_operator.py for tasks to queue
[2025-11-06T22:36:04.500+0000] {logging_mixin.py:188} INFO - [2025-11-06T22:36:04.499+0000] {dagbag.py:538} INFO - Filling up the DagBag from /home/airflow/.local/lib/python3.8/site-packages/airflow/example_dags/example_bash_operator.py
[2025-11-06T22:36:04.550+0000] {processor.py:840} INFO - DAG(s) 'example_bash_operator' retrieved from /home/airflow/.local/lib/python3.8/site-packages/airflow/example_dags/example_bash_operator.py
[2025-11-06T22:36:04.663+0000] {logging_mixin.py:188} INFO - [2025-11-06T22:36:04.663+0000] {dag.py:3036} INFO - Sync 1 DAGs
[2025-11-06T22:36:04.737+0000] {logging_mixin.py:188} INFO - [2025-11-06T22:36:04.736+0000] {dag.py:3823} INFO - Setting next_dagrun for example_bash_operator to 2025-11-05 00:00:00+00:00, run_after=2025-11-06 00:00:00+00:00
[2025-11-06T22:36:04.805+0000] {processor.py:183} INFO - Processing /home/airflow/.local/lib/python3.8/site-packages/airflow/example_dags/example_bash_operator.py took 0.323 seconds
[2025-11-06T22:36:35.060+0000] {processor.py:161} INFO - Started process (PID=593) to work on /home/airflow/.local/lib/python3.8/site-packages/airflow/example_dags/example_bash_operator.py
[2025-11-06T22:36:35.065+0000] {processor.py:830} INFO - Processing file /home/airflow/.local/lib/python3.8/site-packages/airflow/example_dags/example_bash_operator.py for tasks to queue
[2025-11-06T22:36:35.078+0000] {logging_mixin.py:188} INFO - [2025-11-06T22:36:35.077+0000] {dagbag.py:538} INFO - Filling up the DagBag from /home/airflow/.local/lib/python3.8/site-packages/airflow/example_dags/example_bash_operator.py
[2025-11-06T22:36:35.144+0000] {processor.py:840} INFO - DAG(s) 'example_bash_operator' retrieved from /home/airflow/.local/lib/python3.8/site-packages/airflow/example_dags/example_bash_operator.py
[2025-11-06T22:36:35.281+0000] {logging_mixin.py:188} INFO - [2025-11-06T22:36:35.280+0000] {dag.py:3036} INFO - Sync 1 DAGs
[2025-11-06T22:36:35.387+0000] {logging_mixin.py:188} INFO - [2025-11-06T22:36:35.386+0000] {dag.py:3823} INFO - Setting next_dagrun for example_bash_operator to 2025-11-05 00:00:00+00:00, run_after=2025-11-06 00:00:00+00:00
[2025-11-06T22:36:35.456+0000] {processor.py:183} INFO - Processing /home/airflow/.local/lib/python3.8/site-packages/airflow/example_dags/example_bash_operator.py took 0.410 seconds
[2025-11-06T22:37:05.634+0000] {processor.py:161} INFO - Started process (PID=674) to work on /home/airflow/.local/lib/python3.8/site-packages/airflow/example_dags/example_bash_operator.py
[2025-11-06T22:37:05.636+0000] {processor.py:830} INFO - Processing file /home/airflow/.local/lib/python3.8/site-packages/airflow/example_dags/example_bash_operator.py for tasks to queue
[2025-11-06T22:37:05.639+0000] {logging_mixin.py:188} INFO - [2025-11-06T22:37:05.638+0000] {dagbag.py:538} INFO - Filling up the DagBag from /home/airflow/.local/lib/python3.8/site-packages/airflow/example_dags/example_bash_operator.py
[2025-11-06T22:37:05.682+0000] {processor.py:840} INFO - DAG(s) 'example_bash_operator' retrieved from /home/airflow/.local/lib/python3.8/site-packages/airflow/example_dags/example_bash_operator.py
[2025-11-06T22:37:05.803+0000] {logging_mixin.py:188} INFO - [2025-11-06T22:37:05.802+0000] {dag.py:3036} INFO - Sync 1 DAGs
[2025-11-06T22:37:05.896+0000] {logging_mixin.py:188} INFO - [2025-11-06T22:37:05.895+0000] {dag.py:3823} INFO - Setting next_dagrun for example_bash_operator to 2025-11-05 00:00:00+00:00, run_after=2025-11-06 00:00:00+00:00
[2025-11-06T22:37:05.995+0000] {processor.py:183} INFO - Processing /home/airflow/.local/lib/python3.8/site-packages/airflow/example_dags/example_bash_operator.py took 0.371 seconds
[2025-11-06T22:37:36.175+0000] {processor.py:161} INFO - Started process (PID=741) to work on /home/airflow/.local/lib/python3.8/site-packages/airflow/example_dags/example_bash_operator.py
[2025-11-06T22:37:36.177+0000] {processor.py:830} INFO - Processing file /home/airflow/.local/lib/python3.8/site-packages/airflow/example_dags/example_bash_operator.py for tasks to queue
[2025-11-06T22:37:36.179+0000] {logging_mixin.py:188} INFO - [2025-11-06T22:37:36.178+0000] {dagbag.py:538} INFO - Filling up the DagBag from /home/airflow/.local/lib/python3.8/site-packages/airflow/example_dags/example_bash_operator.py
[2025-11-06T22:37:36.207+0000] {processor.py:840} INFO - DAG(s) 'example_bash_operator' retrieved from /home/airflow/.local/lib/python3.8/site-packages/airflow/example_dags/example_bash_operator.py
[2025-11-06T22:37:36.274+0000] {logging_mixin.py:188} INFO - [2025-11-06T22:37:36.274+0000] {dag.py:3036} INFO - Sync 1 DAGs
[2025-11-06T22:37:36.324+0000] {logging_mixin.py:188} INFO - [2025-11-06T22:37:36.324+0000] {dag.py:3823} INFO - Setting next_dagrun for example_bash_operator to 2025-11-05 00:00:00+00:00, run_after=2025-11-06 00:00:00+00:00
[2025-11-06T22:37:36.370+0000] {processor.py:183} INFO - Processing /home/airflow/.local/lib/python3.8/site-packages/airflow/example_dags/example_bash_operator.py took 0.201 seconds
[2025-11-06T22:40:08.932+0000] {processor.py:161} INFO - Started process (PID=855) to work on /home/airflow/.local/lib/python3.8/site-packages/airflow/example_dags/example_bash_operator.py
[2025-11-06T22:40:08.941+0000] {processor.py:830} INFO - Processing file /home/airflow/.local/lib/python3.8/site-packages/airflow/example_dags/example_bash_operator.py for tasks to queue
[2025-11-06T22:40:08.963+0000] {logging_mixin.py:188} INFO - [2025-11-06T22:40:08.962+0000] {dagbag.py:538} INFO - Filling up the DagBag from /home/airflow/.local/lib/python3.8/site-packages/airflow/example_dags/example_bash_operator.py
[2025-11-06T22:40:09.532+0000] {processor.py:840} INFO - DAG(s) 'example_bash_operator' retrieved from /home/airflow/.local/lib/python3.8/site-packages/airflow/example_dags/example_bash_operator.py
[2025-11-06T22:40:10.261+0000] {logging_mixin.py:188} INFO - [2025-11-06T22:40:10.260+0000] {dag.py:3036} INFO - Sync 1 DAGs
[2025-11-06T22:40:10.929+0000] {logging_mixin.py:188} INFO - [2025-11-06T22:40:10.924+0000] {dag.py:3823} INFO - Setting next_dagrun for example_bash_operator to 2025-11-05 00:00:00+00:00, run_after=2025-11-06 00:00:00+00:00
[2025-11-06T22:40:11.145+0000] {processor.py:183} INFO - Processing /home/airflow/.local/lib/python3.8/site-packages/airflow/example_dags/example_bash_operator.py took 2.274 seconds
[2025-11-06T22:40:45.477+0000] {processor.py:161} INFO - Started process (PID=936) to work on /home/airflow/.local/lib/python3.8/site-packages/airflow/example_dags/example_bash_operator.py
[2025-11-06T22:40:45.484+0000] {processor.py:830} INFO - Processing file /home/airflow/.local/lib/python3.8/site-packages/airflow/example_dags/example_bash_operator.py for tasks to queue
[2025-11-06T22:40:45.488+0000] {logging_mixin.py:188} INFO - [2025-11-06T22:40:45.487+0000] {dagbag.py:538} INFO - Filling up the DagBag from /home/airflow/.local/lib/python3.8/site-packages/airflow/example_dags/example_bash_operator.py
[2025-11-06T22:40:45.612+0000] {processor.py:840} INFO - DAG(s) 'example_bash_operator' retrieved from /home/airflow/.local/lib/python3.8/site-packages/airflow/example_dags/example_bash_operator.py
[2025-11-06T22:40:45.966+0000] {logging_mixin.py:188} INFO - [2025-11-06T22:40:45.965+0000] {dag.py:3036} INFO - Sync 1 DAGs
[2025-11-06T22:40:46.221+0000] {logging_mixin.py:188} INFO - [2025-11-06T22:40:46.221+0000] {dag.py:3823} INFO - Setting next_dagrun for example_bash_operator to 2025-11-05 00:00:00+00:00, run_after=2025-11-06 00:00:00+00:00
[2025-11-06T22:40:46.553+0000] {processor.py:183} INFO - Processing /home/airflow/.local/lib/python3.8/site-packages/airflow/example_dags/example_bash_operator.py took 1.110 seconds
[2025-11-06T22:41:26.234+0000] {processor.py:161} INFO - Started process (PID=1017) to work on /home/airflow/.local/lib/python3.8/site-packages/airflow/example_dags/example_bash_operator.py
[2025-11-06T22:41:26.236+0000] {processor.py:830} INFO - Processing file /home/airflow/.local/lib/python3.8/site-packages/airflow/example_dags/example_bash_operator.py for tasks to queue
[2025-11-06T22:41:26.240+0000] {logging_mixin.py:188} INFO - [2025-11-06T22:41:26.239+0000] {dagbag.py:538} INFO - Filling up the DagBag from /home/airflow/.local/lib/python3.8/site-packages/airflow/example_dags/example_bash_operator.py
[2025-11-06T22:41:26.306+0000] {processor.py:840} INFO - DAG(s) 'example_bash_operator' retrieved from /home/airflow/.local/lib/python3.8/site-packages/airflow/example_dags/example_bash_operator.py
[2025-11-06T22:41:29.529+0000] {logging_mixin.py:188} INFO - [2025-11-06T22:41:29.529+0000] {dag.py:3036} INFO - Sync 1 DAGs
[2025-11-06T22:41:29.630+0000] {logging_mixin.py:188} INFO - [2025-11-06T22:41:29.630+0000] {dag.py:3823} INFO - Setting next_dagrun for example_bash_operator to 2025-11-05 00:00:00+00:00, run_after=2025-11-06 00:00:00+00:00
[2025-11-06T22:41:29.931+0000] {processor.py:183} INFO - Processing /home/airflow/.local/lib/python3.8/site-packages/airflow/example_dags/example_bash_operator.py took 2.281 seconds
[2025-11-06T22:42:01.402+0000] {processor.py:161} INFO - Started process (PID=1098) to work on /home/airflow/.local/lib/python3.8/site-packages/airflow/example_dags/example_bash_operator.py
[2025-11-06T22:42:01.407+0000] {processor.py:830} INFO - Processing file /home/airflow/.local/lib/python3.8/site-packages/airflow/example_dags/example_bash_operator.py for tasks to queue
[2025-11-06T22:42:01.413+0000] {logging_mixin.py:188} INFO - [2025-11-06T22:42:01.412+0000] {dagbag.py:538} INFO - Filling up the DagBag from /home/airflow/.local/lib/python3.8/site-packages/airflow/example_dags/example_bash_operator.py
[2025-11-06T22:42:01.584+0000] {processor.py:840} INFO - DAG(s) 'example_bash_operator' retrieved from /home/airflow/.local/lib/python3.8/site-packages/airflow/example_dags/example_bash_operator.py
[2025-11-06T22:42:02.011+0000] {logging_mixin.py:188} INFO - [2025-11-06T22:42:02.009+0000] {dag.py:3036} INFO - Sync 1 DAGs
[2025-11-06T22:42:02.553+0000] {logging_mixin.py:188} INFO - [2025-11-06T22:42:02.552+0000] {dag.py:3823} INFO - Setting next_dagrun for example_bash_operator to 2025-11-05 00:00:00+00:00, run_after=2025-11-06 00:00:00+00:00
[2025-11-06T22:42:02.865+0000] {processor.py:183} INFO - Processing /home/airflow/.local/lib/python3.8/site-packages/airflow/example_dags/example_bash_operator.py took 1.565 seconds
[2025-11-06T22:42:44.406+0000] {processor.py:161} INFO - Started process (PID=1170) to work on /home/airflow/.local/lib/python3.8/site-packages/airflow/example_dags/example_bash_operator.py
[2025-11-06T22:42:44.421+0000] {processor.py:830} INFO - Processing file /home/airflow/.local/lib/python3.8/site-packages/airflow/example_dags/example_bash_operator.py for tasks to queue
[2025-11-06T22:42:44.451+0000] {logging_mixin.py:188} INFO - [2025-11-06T22:42:44.450+0000] {dagbag.py:538} INFO - Filling up the DagBag from /home/airflow/.local/lib/python3.8/site-packages/airflow/example_dags/example_bash_operator.py
[2025-11-06T22:42:44.818+0000] {processor.py:840} INFO - DAG(s) 'example_bash_operator' retrieved from /home/airflow/.local/lib/python3.8/site-packages/airflow/example_dags/example_bash_operator.py
[2025-11-06T22:42:45.781+0000] {logging_mixin.py:188} INFO - [2025-11-06T22:42:45.767+0000] {dag.py:3036} INFO - Sync 1 DAGs
[2025-11-06T22:42:46.519+0000] {logging_mixin.py:188} INFO - [2025-11-06T22:42:46.507+0000] {dag.py:3823} INFO - Setting next_dagrun for example_bash_operator to 2025-11-05 00:00:00+00:00, run_after=2025-11-06 00:00:00+00:00
[2025-11-06T22:42:47.224+0000] {processor.py:183} INFO - Processing /home/airflow/.local/lib/python3.8/site-packages/airflow/example_dags/example_bash_operator.py took 2.996 seconds
[2025-11-06T22:43:21.625+0000] {processor.py:161} INFO - Started process (PID=1251) to work on /home/airflow/.local/lib/python3.8/site-packages/airflow/example_dags/example_bash_operator.py
[2025-11-06T22:43:21.640+0000] {processor.py:830} INFO - Processing file /home/airflow/.local/lib/python3.8/site-packages/airflow/example_dags/example_bash_operator.py for tasks to queue
[2025-11-06T22:43:21.644+0000] {logging_mixin.py:188} INFO - [2025-11-06T22:43:21.642+0000] {dagbag.py:538} INFO - Filling up the DagBag from /home/airflow/.local/lib/python3.8/site-packages/airflow/example_dags/example_bash_operator.py
[2025-11-06T22:43:21.725+0000] {processor.py:840} INFO - DAG(s) 'example_bash_operator' retrieved from /home/airflow/.local/lib/python3.8/site-packages/airflow/example_dags/example_bash_operator.py
[2025-11-06T22:43:21.886+0000] {logging_mixin.py:188} INFO - [2025-11-06T22:43:21.885+0000] {dag.py:3036} INFO - Sync 1 DAGs
[2025-11-06T22:43:22.126+0000] {logging_mixin.py:188} INFO - [2025-11-06T22:43:22.120+0000] {dag.py:3823} INFO - Setting next_dagrun for example_bash_operator to 2025-11-05 00:00:00+00:00, run_after=2025-11-06 00:00:00+00:00
[2025-11-06T22:43:22.276+0000] {processor.py:183} INFO - Processing /home/airflow/.local/lib/python3.8/site-packages/airflow/example_dags/example_bash_operator.py took 0.670 seconds
[2025-11-06T22:44:15.142+0000] {processor.py:161} INFO - Started process (PID=1332) to work on /home/airflow/.local/lib/python3.8/site-packages/airflow/example_dags/example_bash_operator.py
[2025-11-06T22:44:15.153+0000] {processor.py:830} INFO - Processing file /home/airflow/.local/lib/python3.8/site-packages/airflow/example_dags/example_bash_operator.py for tasks to queue
[2025-11-06T22:44:15.209+0000] {logging_mixin.py:188} INFO - [2025-11-06T22:44:15.204+0000] {dagbag.py:538} INFO - Filling up the DagBag from /home/airflow/.local/lib/python3.8/site-packages/airflow/example_dags/example_bash_operator.py
[2025-11-06T22:44:15.453+0000] {processor.py:840} INFO - DAG(s) 'example_bash_operator' retrieved from /home/airflow/.local/lib/python3.8/site-packages/airflow/example_dags/example_bash_operator.py
[2025-11-06T22:44:15.830+0000] {logging_mixin.py:188} INFO - [2025-11-06T22:44:15.828+0000] {dag.py:3036} INFO - Sync 1 DAGs
[2025-11-06T22:44:16.072+0000] {logging_mixin.py:188} INFO - [2025-11-06T22:44:16.071+0000] {dag.py:3823} INFO - Setting next_dagrun for example_bash_operator to 2025-11-05 00:00:00+00:00, run_after=2025-11-06 00:00:00+00:00
[2025-11-06T22:44:16.227+0000] {processor.py:183} INFO - Processing /home/airflow/.local/lib/python3.8/site-packages/airflow/example_dags/example_bash_operator.py took 1.140 seconds
[2025-11-06T22:45:39.009+0000] {processor.py:161} INFO - Started process (PID=1447) to work on /home/airflow/.local/lib/python3.8/site-packages/airflow/example_dags/example_bash_operator.py
[2025-11-06T22:45:39.028+0000] {processor.py:830} INFO - Processing file /home/airflow/.local/lib/python3.8/site-packages/airflow/example_dags/example_bash_operator.py for tasks to queue
[2025-11-06T22:45:39.034+0000] {logging_mixin.py:188} INFO - [2025-11-06T22:45:39.033+0000] {dagbag.py:538} INFO - Filling up the DagBag from /home/airflow/.local/lib/python3.8/site-packages/airflow/example_dags/example_bash_operator.py
[2025-11-06T22:45:39.221+0000] {processor.py:840} INFO - DAG(s) 'example_bash_operator' retrieved from /home/airflow/.local/lib/python3.8/site-packages/airflow/example_dags/example_bash_operator.py
[2025-11-06T22:45:39.393+0000] {logging_mixin.py:188} INFO - [2025-11-06T22:45:39.392+0000] {dag.py:3036} INFO - Sync 1 DAGs
[2025-11-06T22:45:39.636+0000] {logging_mixin.py:188} INFO - [2025-11-06T22:45:39.635+0000] {dag.py:3823} INFO - Setting next_dagrun for example_bash_operator to 2025-11-05 00:00:00+00:00, run_after=2025-11-06 00:00:00+00:00
[2025-11-06T22:45:39.881+0000] {processor.py:183} INFO - Processing /home/airflow/.local/lib/python3.8/site-packages/airflow/example_dags/example_bash_operator.py took 0.909 seconds
[2025-11-06T22:46:10.242+0000] {processor.py:161} INFO - Started process (PID=1522) to work on /home/airflow/.local/lib/python3.8/site-packages/airflow/example_dags/example_bash_operator.py
[2025-11-06T22:46:10.249+0000] {processor.py:830} INFO - Processing file /home/airflow/.local/lib/python3.8/site-packages/airflow/example_dags/example_bash_operator.py for tasks to queue
[2025-11-06T22:46:10.263+0000] {logging_mixin.py:188} INFO - [2025-11-06T22:46:10.262+0000] {dagbag.py:538} INFO - Filling up the DagBag from /home/airflow/.local/lib/python3.8/site-packages/airflow/example_dags/example_bash_operator.py
[2025-11-06T22:46:10.389+0000] {processor.py:840} INFO - DAG(s) 'example_bash_operator' retrieved from /home/airflow/.local/lib/python3.8/site-packages/airflow/example_dags/example_bash_operator.py
[2025-11-06T22:46:10.685+0000] {logging_mixin.py:188} INFO - [2025-11-06T22:46:10.684+0000] {dag.py:3036} INFO - Sync 1 DAGs
[2025-11-06T22:46:10.838+0000] {logging_mixin.py:188} INFO - [2025-11-06T22:46:10.837+0000] {dag.py:3823} INFO - Setting next_dagrun for example_bash_operator to 2025-11-05 00:00:00+00:00, run_after=2025-11-06 00:00:00+00:00
[2025-11-06T22:46:10.969+0000] {processor.py:183} INFO - Processing /home/airflow/.local/lib/python3.8/site-packages/airflow/example_dags/example_bash_operator.py took 0.742 seconds
[2025-11-06T22:46:41.266+0000] {processor.py:161} INFO - Started process (PID=1596) to work on /home/airflow/.local/lib/python3.8/site-packages/airflow/example_dags/example_bash_operator.py
[2025-11-06T22:46:41.274+0000] {processor.py:830} INFO - Processing file /home/airflow/.local/lib/python3.8/site-packages/airflow/example_dags/example_bash_operator.py for tasks to queue
[2025-11-06T22:46:41.278+0000] {logging_mixin.py:188} INFO - [2025-11-06T22:46:41.277+0000] {dagbag.py:538} INFO - Filling up the DagBag from /home/airflow/.local/lib/python3.8/site-packages/airflow/example_dags/example_bash_operator.py
[2025-11-06T22:46:41.436+0000] {processor.py:840} INFO - DAG(s) 'example_bash_operator' retrieved from /home/airflow/.local/lib/python3.8/site-packages/airflow/example_dags/example_bash_operator.py
[2025-11-06T22:46:41.685+0000] {logging_mixin.py:188} INFO - [2025-11-06T22:46:41.684+0000] {dag.py:3036} INFO - Sync 1 DAGs
[2025-11-06T22:46:41.943+0000] {logging_mixin.py:188} INFO - [2025-11-06T22:46:41.942+0000] {dag.py:3823} INFO - Setting next_dagrun for example_bash_operator to 2025-11-05 00:00:00+00:00, run_after=2025-11-06 00:00:00+00:00
[2025-11-06T22:46:42.278+0000] {processor.py:183} INFO - Processing /home/airflow/.local/lib/python3.8/site-packages/airflow/example_dags/example_bash_operator.py took 1.055 seconds
[2025-11-06T22:47:12.512+0000] {processor.py:161} INFO - Started process (PID=1669) to work on /home/airflow/.local/lib/python3.8/site-packages/airflow/example_dags/example_bash_operator.py
[2025-11-06T22:47:12.514+0000] {processor.py:830} INFO - Processing file /home/airflow/.local/lib/python3.8/site-packages/airflow/example_dags/example_bash_operator.py for tasks to queue
[2025-11-06T22:47:12.517+0000] {logging_mixin.py:188} INFO - [2025-11-06T22:47:12.516+0000] {dagbag.py:538} INFO - Filling up the DagBag from /home/airflow/.local/lib/python3.8/site-packages/airflow/example_dags/example_bash_operator.py
[2025-11-06T22:47:12.561+0000] {processor.py:840} INFO - DAG(s) 'example_bash_operator' retrieved from /home/airflow/.local/lib/python3.8/site-packages/airflow/example_dags/example_bash_operator.py
[2025-11-06T22:47:12.693+0000] {logging_mixin.py:188} INFO - [2025-11-06T22:47:12.692+0000] {dag.py:3036} INFO - Sync 1 DAGs
[2025-11-06T22:47:12.798+0000] {logging_mixin.py:188} INFO - [2025-11-06T22:47:12.797+0000] {dag.py:3823} INFO - Setting next_dagrun for example_bash_operator to 2025-11-05 00:00:00+00:00, run_after=2025-11-06 00:00:00+00:00
[2025-11-06T22:47:12.880+0000] {processor.py:183} INFO - Processing /home/airflow/.local/lib/python3.8/site-packages/airflow/example_dags/example_bash_operator.py took 0.377 seconds
