[2025-11-06T22:20:52.927+0000] {processor.py:161} INFO - Started process (PID=203) to work on /home/airflow/.local/lib/python3.8/site-packages/airflow/example_dags/example_latest_only.py
[2025-11-06T22:20:52.962+0000] {processor.py:830} INFO - Processing file /home/airflow/.local/lib/python3.8/site-packages/airflow/example_dags/example_latest_only.py for tasks to queue
[2025-11-06T22:20:52.976+0000] {logging_mixin.py:188} INFO - [2025-11-06T22:20:52.969+0000] {dagbag.py:538} INFO - Filling up the DagBag from /home/airflow/.local/lib/python3.8/site-packages/airflow/example_dags/example_latest_only.py
[2025-11-06T22:20:53.140+0000] {processor.py:840} INFO - DAG(s) 'latest_only' retrieved from /home/airflow/.local/lib/python3.8/site-packages/airflow/example_dags/example_latest_only.py
[2025-11-06T22:20:54.237+0000] {logging_mixin.py:188} INFO - [2025-11-06T22:20:54.237+0000] {dag.py:3036} INFO - Sync 1 DAGs
[2025-11-06T22:20:54.425+0000] {logging_mixin.py:188} INFO - [2025-11-06T22:20:54.425+0000] {dag.py:3823} INFO - Setting next_dagrun for latest_only to 2025-11-06 16:00:00+00:00, run_after=2025-11-06 20:00:00+00:00
[2025-11-06T22:20:54.638+0000] {processor.py:183} INFO - Processing /home/airflow/.local/lib/python3.8/site-packages/airflow/example_dags/example_latest_only.py took 1.777 seconds
[2025-11-06T22:21:51.462+0000] {processor.py:161} INFO - Started process (PID=291) to work on /home/airflow/.local/lib/python3.8/site-packages/airflow/example_dags/example_latest_only.py
[2025-11-06T22:21:51.479+0000] {processor.py:830} INFO - Processing file /home/airflow/.local/lib/python3.8/site-packages/airflow/example_dags/example_latest_only.py for tasks to queue
[2025-11-06T22:21:51.495+0000] {logging_mixin.py:188} INFO - [2025-11-06T22:21:51.494+0000] {dagbag.py:538} INFO - Filling up the DagBag from /home/airflow/.local/lib/python3.8/site-packages/airflow/example_dags/example_latest_only.py
[2025-11-06T22:21:51.624+0000] {processor.py:840} INFO - DAG(s) 'latest_only' retrieved from /home/airflow/.local/lib/python3.8/site-packages/airflow/example_dags/example_latest_only.py
[2025-11-06T22:21:51.950+0000] {logging_mixin.py:188} INFO - [2025-11-06T22:21:51.949+0000] {dag.py:3036} INFO - Sync 1 DAGs
[2025-11-06T22:21:52.197+0000] {logging_mixin.py:188} INFO - [2025-11-06T22:21:52.196+0000] {dag.py:3823} INFO - Setting next_dagrun for latest_only to 2025-11-06 16:00:00+00:00, run_after=2025-11-06 20:00:00+00:00
[2025-11-06T22:21:52.354+0000] {processor.py:183} INFO - Processing /home/airflow/.local/lib/python3.8/site-packages/airflow/example_dags/example_latest_only.py took 0.914 seconds
[2025-11-06T22:22:23.623+0000] {processor.py:161} INFO - Started process (PID=365) to work on /home/airflow/.local/lib/python3.8/site-packages/airflow/example_dags/example_latest_only.py
[2025-11-06T22:22:23.629+0000] {processor.py:830} INFO - Processing file /home/airflow/.local/lib/python3.8/site-packages/airflow/example_dags/example_latest_only.py for tasks to queue
[2025-11-06T22:22:23.646+0000] {logging_mixin.py:188} INFO - [2025-11-06T22:22:23.638+0000] {dagbag.py:538} INFO - Filling up the DagBag from /home/airflow/.local/lib/python3.8/site-packages/airflow/example_dags/example_latest_only.py
[2025-11-06T22:22:23.953+0000] {processor.py:840} INFO - DAG(s) 'latest_only' retrieved from /home/airflow/.local/lib/python3.8/site-packages/airflow/example_dags/example_latest_only.py
[2025-11-06T22:22:24.555+0000] {logging_mixin.py:188} INFO - [2025-11-06T22:22:24.555+0000] {dag.py:3036} INFO - Sync 1 DAGs
[2025-11-06T22:22:24.858+0000] {logging_mixin.py:188} INFO - [2025-11-06T22:22:24.848+0000] {dag.py:3823} INFO - Setting next_dagrun for latest_only to 2025-11-06 16:00:00+00:00, run_after=2025-11-06 20:00:00+00:00
[2025-11-06T22:22:24.969+0000] {processor.py:183} INFO - Processing /home/airflow/.local/lib/python3.8/site-packages/airflow/example_dags/example_latest_only.py took 1.389 seconds
[2025-11-06T22:22:57.687+0000] {processor.py:161} INFO - Started process (PID=437) to work on /home/airflow/.local/lib/python3.8/site-packages/airflow/example_dags/example_latest_only.py
[2025-11-06T22:22:57.696+0000] {processor.py:830} INFO - Processing file /home/airflow/.local/lib/python3.8/site-packages/airflow/example_dags/example_latest_only.py for tasks to queue
[2025-11-06T22:22:57.707+0000] {logging_mixin.py:188} INFO - [2025-11-06T22:22:57.700+0000] {dagbag.py:538} INFO - Filling up the DagBag from /home/airflow/.local/lib/python3.8/site-packages/airflow/example_dags/example_latest_only.py
[2025-11-06T22:22:57.814+0000] {processor.py:840} INFO - DAG(s) 'latest_only' retrieved from /home/airflow/.local/lib/python3.8/site-packages/airflow/example_dags/example_latest_only.py
[2025-11-06T22:22:58.139+0000] {logging_mixin.py:188} INFO - [2025-11-06T22:22:58.138+0000] {dag.py:3036} INFO - Sync 1 DAGs
[2025-11-06T22:22:58.540+0000] {logging_mixin.py:188} INFO - [2025-11-06T22:22:58.539+0000] {dag.py:3823} INFO - Setting next_dagrun for latest_only to 2025-11-06 16:00:00+00:00, run_after=2025-11-06 20:00:00+00:00
[2025-11-06T22:22:58.963+0000] {processor.py:183} INFO - Processing /home/airflow/.local/lib/python3.8/site-packages/airflow/example_dags/example_latest_only.py took 1.287 seconds
[2025-11-06T22:33:17.158+0000] {processor.py:161} INFO - Started process (PID=123) to work on /home/airflow/.local/lib/python3.8/site-packages/airflow/example_dags/example_latest_only.py
[2025-11-06T22:33:17.160+0000] {processor.py:830} INFO - Processing file /home/airflow/.local/lib/python3.8/site-packages/airflow/example_dags/example_latest_only.py for tasks to queue
[2025-11-06T22:33:17.163+0000] {logging_mixin.py:188} INFO - [2025-11-06T22:33:17.162+0000] {dagbag.py:538} INFO - Filling up the DagBag from /home/airflow/.local/lib/python3.8/site-packages/airflow/example_dags/example_latest_only.py
[2025-11-06T22:33:17.183+0000] {processor.py:840} INFO - DAG(s) 'latest_only' retrieved from /home/airflow/.local/lib/python3.8/site-packages/airflow/example_dags/example_latest_only.py
[2025-11-06T22:33:17.413+0000] {logging_mixin.py:188} INFO - [2025-11-06T22:33:17.413+0000] {dag.py:3036} INFO - Sync 1 DAGs
[2025-11-06T22:33:17.452+0000] {logging_mixin.py:188} INFO - [2025-11-06T22:33:17.452+0000] {dag.py:3823} INFO - Setting next_dagrun for latest_only to 2025-11-06 16:00:00+00:00, run_after=2025-11-06 20:00:00+00:00
[2025-11-06T22:33:17.488+0000] {processor.py:183} INFO - Processing /home/airflow/.local/lib/python3.8/site-packages/airflow/example_dags/example_latest_only.py took 0.337 seconds
[2025-11-06T22:33:48.236+0000] {processor.py:161} INFO - Started process (PID=204) to work on /home/airflow/.local/lib/python3.8/site-packages/airflow/example_dags/example_latest_only.py
[2025-11-06T22:33:48.238+0000] {processor.py:830} INFO - Processing file /home/airflow/.local/lib/python3.8/site-packages/airflow/example_dags/example_latest_only.py for tasks to queue
[2025-11-06T22:33:48.240+0000] {logging_mixin.py:188} INFO - [2025-11-06T22:33:48.239+0000] {dagbag.py:538} INFO - Filling up the DagBag from /home/airflow/.local/lib/python3.8/site-packages/airflow/example_dags/example_latest_only.py
[2025-11-06T22:33:48.250+0000] {processor.py:840} INFO - DAG(s) 'latest_only' retrieved from /home/airflow/.local/lib/python3.8/site-packages/airflow/example_dags/example_latest_only.py
[2025-11-06T22:33:48.292+0000] {logging_mixin.py:188} INFO - [2025-11-06T22:33:48.292+0000] {dag.py:3036} INFO - Sync 1 DAGs
[2025-11-06T22:33:48.331+0000] {logging_mixin.py:188} INFO - [2025-11-06T22:33:48.331+0000] {dag.py:3823} INFO - Setting next_dagrun for latest_only to 2025-11-06 16:00:00+00:00, run_after=2025-11-06 20:00:00+00:00
[2025-11-06T22:33:48.366+0000] {processor.py:183} INFO - Processing /home/airflow/.local/lib/python3.8/site-packages/airflow/example_dags/example_latest_only.py took 0.137 seconds
[2025-11-06T22:34:19.735+0000] {processor.py:161} INFO - Started process (PID=275) to work on /home/airflow/.local/lib/python3.8/site-packages/airflow/example_dags/example_latest_only.py
[2025-11-06T22:34:19.737+0000] {processor.py:830} INFO - Processing file /home/airflow/.local/lib/python3.8/site-packages/airflow/example_dags/example_latest_only.py for tasks to queue
[2025-11-06T22:34:19.740+0000] {logging_mixin.py:188} INFO - [2025-11-06T22:34:19.739+0000] {dagbag.py:538} INFO - Filling up the DagBag from /home/airflow/.local/lib/python3.8/site-packages/airflow/example_dags/example_latest_only.py
[2025-11-06T22:34:19.759+0000] {processor.py:840} INFO - DAG(s) 'latest_only' retrieved from /home/airflow/.local/lib/python3.8/site-packages/airflow/example_dags/example_latest_only.py
[2025-11-06T22:34:19.845+0000] {logging_mixin.py:188} INFO - [2025-11-06T22:34:19.844+0000] {dag.py:3036} INFO - Sync 1 DAGs
[2025-11-06T22:34:19.925+0000] {logging_mixin.py:188} INFO - [2025-11-06T22:34:19.925+0000] {dag.py:3823} INFO - Setting next_dagrun for latest_only to 2025-11-06 16:00:00+00:00, run_after=2025-11-06 20:00:00+00:00
[2025-11-06T22:34:19.994+0000] {processor.py:183} INFO - Processing /home/airflow/.local/lib/python3.8/site-packages/airflow/example_dags/example_latest_only.py took 0.270 seconds
[2025-11-06T22:34:51.994+0000] {processor.py:161} INFO - Started process (PID=349) to work on /home/airflow/.local/lib/python3.8/site-packages/airflow/example_dags/example_latest_only.py
[2025-11-06T22:34:51.997+0000] {processor.py:830} INFO - Processing file /home/airflow/.local/lib/python3.8/site-packages/airflow/example_dags/example_latest_only.py for tasks to queue
[2025-11-06T22:34:52.001+0000] {logging_mixin.py:188} INFO - [2025-11-06T22:34:52.000+0000] {dagbag.py:538} INFO - Filling up the DagBag from /home/airflow/.local/lib/python3.8/site-packages/airflow/example_dags/example_latest_only.py
[2025-11-06T22:34:52.061+0000] {processor.py:840} INFO - DAG(s) 'latest_only' retrieved from /home/airflow/.local/lib/python3.8/site-packages/airflow/example_dags/example_latest_only.py
[2025-11-06T22:34:52.169+0000] {logging_mixin.py:188} INFO - [2025-11-06T22:34:52.168+0000] {dag.py:3036} INFO - Sync 1 DAGs
[2025-11-06T22:34:52.260+0000] {logging_mixin.py:188} INFO - [2025-11-06T22:34:52.260+0000] {dag.py:3823} INFO - Setting next_dagrun for latest_only to 2025-11-06 16:00:00+00:00, run_after=2025-11-06 20:00:00+00:00
[2025-11-06T22:34:52.624+0000] {processor.py:183} INFO - Processing /home/airflow/.local/lib/python3.8/site-packages/airflow/example_dags/example_latest_only.py took 0.683 seconds
[2025-11-06T22:35:24.359+0000] {processor.py:161} INFO - Started process (PID=422) to work on /home/airflow/.local/lib/python3.8/site-packages/airflow/example_dags/example_latest_only.py
[2025-11-06T22:35:24.365+0000] {processor.py:830} INFO - Processing file /home/airflow/.local/lib/python3.8/site-packages/airflow/example_dags/example_latest_only.py for tasks to queue
[2025-11-06T22:35:24.370+0000] {logging_mixin.py:188} INFO - [2025-11-06T22:35:24.369+0000] {dagbag.py:538} INFO - Filling up the DagBag from /home/airflow/.local/lib/python3.8/site-packages/airflow/example_dags/example_latest_only.py
[2025-11-06T22:35:24.419+0000] {processor.py:840} INFO - DAG(s) 'latest_only' retrieved from /home/airflow/.local/lib/python3.8/site-packages/airflow/example_dags/example_latest_only.py
[2025-11-06T22:35:24.530+0000] {logging_mixin.py:188} INFO - [2025-11-06T22:35:24.529+0000] {dag.py:3036} INFO - Sync 1 DAGs
[2025-11-06T22:35:24.637+0000] {logging_mixin.py:188} INFO - [2025-11-06T22:35:24.636+0000] {dag.py:3823} INFO - Setting next_dagrun for latest_only to 2025-11-06 16:00:00+00:00, run_after=2025-11-06 20:00:00+00:00
[2025-11-06T22:35:24.713+0000] {processor.py:183} INFO - Processing /home/airflow/.local/lib/python3.8/site-packages/airflow/example_dags/example_latest_only.py took 0.413 seconds
[2025-11-06T22:35:54.939+0000] {processor.py:161} INFO - Started process (PID=496) to work on /home/airflow/.local/lib/python3.8/site-packages/airflow/example_dags/example_latest_only.py
[2025-11-06T22:35:54.940+0000] {processor.py:830} INFO - Processing file /home/airflow/.local/lib/python3.8/site-packages/airflow/example_dags/example_latest_only.py for tasks to queue
[2025-11-06T22:35:54.943+0000] {logging_mixin.py:188} INFO - [2025-11-06T22:35:54.942+0000] {dagbag.py:538} INFO - Filling up the DagBag from /home/airflow/.local/lib/python3.8/site-packages/airflow/example_dags/example_latest_only.py
[2025-11-06T22:35:54.956+0000] {processor.py:840} INFO - DAG(s) 'latest_only' retrieved from /home/airflow/.local/lib/python3.8/site-packages/airflow/example_dags/example_latest_only.py
[2025-11-06T22:35:55.005+0000] {logging_mixin.py:188} INFO - [2025-11-06T22:35:55.005+0000] {dag.py:3036} INFO - Sync 1 DAGs
[2025-11-06T22:35:55.057+0000] {logging_mixin.py:188} INFO - [2025-11-06T22:35:55.056+0000] {dag.py:3823} INFO - Setting next_dagrun for latest_only to 2025-11-06 16:00:00+00:00, run_after=2025-11-06 20:00:00+00:00
[2025-11-06T22:35:55.095+0000] {processor.py:183} INFO - Processing /home/airflow/.local/lib/python3.8/site-packages/airflow/example_dags/example_latest_only.py took 0.164 seconds
[2025-11-06T22:36:25.396+0000] {processor.py:161} INFO - Started process (PID=570) to work on /home/airflow/.local/lib/python3.8/site-packages/airflow/example_dags/example_latest_only.py
[2025-11-06T22:36:25.399+0000] {processor.py:830} INFO - Processing file /home/airflow/.local/lib/python3.8/site-packages/airflow/example_dags/example_latest_only.py for tasks to queue
[2025-11-06T22:36:25.402+0000] {logging_mixin.py:188} INFO - [2025-11-06T22:36:25.401+0000] {dagbag.py:538} INFO - Filling up the DagBag from /home/airflow/.local/lib/python3.8/site-packages/airflow/example_dags/example_latest_only.py
[2025-11-06T22:36:25.422+0000] {processor.py:840} INFO - DAG(s) 'latest_only' retrieved from /home/airflow/.local/lib/python3.8/site-packages/airflow/example_dags/example_latest_only.py
[2025-11-06T22:36:25.577+0000] {logging_mixin.py:188} INFO - [2025-11-06T22:36:25.576+0000] {dag.py:3036} INFO - Sync 1 DAGs
[2025-11-06T22:36:25.705+0000] {logging_mixin.py:188} INFO - [2025-11-06T22:36:25.704+0000] {dag.py:3823} INFO - Setting next_dagrun for latest_only to 2025-11-06 16:00:00+00:00, run_after=2025-11-06 20:00:00+00:00
[2025-11-06T22:36:25.774+0000] {processor.py:183} INFO - Processing /home/airflow/.local/lib/python3.8/site-packages/airflow/example_dags/example_latest_only.py took 0.390 seconds
[2025-11-06T22:36:55.964+0000] {processor.py:161} INFO - Started process (PID=642) to work on /home/airflow/.local/lib/python3.8/site-packages/airflow/example_dags/example_latest_only.py
[2025-11-06T22:36:55.967+0000] {processor.py:830} INFO - Processing file /home/airflow/.local/lib/python3.8/site-packages/airflow/example_dags/example_latest_only.py for tasks to queue
[2025-11-06T22:36:55.972+0000] {logging_mixin.py:188} INFO - [2025-11-06T22:36:55.971+0000] {dagbag.py:538} INFO - Filling up the DagBag from /home/airflow/.local/lib/python3.8/site-packages/airflow/example_dags/example_latest_only.py
[2025-11-06T22:36:55.996+0000] {processor.py:840} INFO - DAG(s) 'latest_only' retrieved from /home/airflow/.local/lib/python3.8/site-packages/airflow/example_dags/example_latest_only.py
[2025-11-06T22:36:56.079+0000] {logging_mixin.py:188} INFO - [2025-11-06T22:36:56.079+0000] {dag.py:3036} INFO - Sync 1 DAGs
[2025-11-06T22:36:56.146+0000] {logging_mixin.py:188} INFO - [2025-11-06T22:36:56.145+0000] {dag.py:3823} INFO - Setting next_dagrun for latest_only to 2025-11-06 16:00:00+00:00, run_after=2025-11-06 20:00:00+00:00
[2025-11-06T22:36:56.201+0000] {processor.py:183} INFO - Processing /home/airflow/.local/lib/python3.8/site-packages/airflow/example_dags/example_latest_only.py took 0.250 seconds
[2025-11-06T22:37:27.104+0000] {processor.py:161} INFO - Started process (PID=723) to work on /home/airflow/.local/lib/python3.8/site-packages/airflow/example_dags/example_latest_only.py
[2025-11-06T22:37:27.108+0000] {processor.py:830} INFO - Processing file /home/airflow/.local/lib/python3.8/site-packages/airflow/example_dags/example_latest_only.py for tasks to queue
[2025-11-06T22:37:27.118+0000] {logging_mixin.py:188} INFO - [2025-11-06T22:37:27.117+0000] {dagbag.py:538} INFO - Filling up the DagBag from /home/airflow/.local/lib/python3.8/site-packages/airflow/example_dags/example_latest_only.py
[2025-11-06T22:37:27.150+0000] {processor.py:840} INFO - DAG(s) 'latest_only' retrieved from /home/airflow/.local/lib/python3.8/site-packages/airflow/example_dags/example_latest_only.py
[2025-11-06T22:37:27.277+0000] {logging_mixin.py:188} INFO - [2025-11-06T22:37:27.276+0000] {dag.py:3036} INFO - Sync 1 DAGs
[2025-11-06T22:37:27.406+0000] {logging_mixin.py:188} INFO - [2025-11-06T22:37:27.405+0000] {dag.py:3823} INFO - Setting next_dagrun for latest_only to 2025-11-06 16:00:00+00:00, run_after=2025-11-06 20:00:00+00:00
[2025-11-06T22:37:27.499+0000] {processor.py:183} INFO - Processing /home/airflow/.local/lib/python3.8/site-packages/airflow/example_dags/example_latest_only.py took 0.414 seconds
[2025-11-06T22:38:04.515+0000] {processor.py:161} INFO - Started process (PID=802) to work on /home/airflow/.local/lib/python3.8/site-packages/airflow/example_dags/example_latest_only.py
[2025-11-06T22:38:04.522+0000] {processor.py:830} INFO - Processing file /home/airflow/.local/lib/python3.8/site-packages/airflow/example_dags/example_latest_only.py for tasks to queue
[2025-11-06T22:38:04.534+0000] {logging_mixin.py:188} INFO - [2025-11-06T22:38:04.532+0000] {dagbag.py:538} INFO - Filling up the DagBag from /home/airflow/.local/lib/python3.8/site-packages/airflow/example_dags/example_latest_only.py
[2025-11-06T22:38:04.592+0000] {processor.py:840} INFO - DAG(s) 'latest_only' retrieved from /home/airflow/.local/lib/python3.8/site-packages/airflow/example_dags/example_latest_only.py
[2025-11-06T22:38:05.150+0000] {logging_mixin.py:188} INFO - [2025-11-06T22:38:05.052+0000] {dag.py:3036} INFO - Sync 1 DAGs
[2025-11-06T22:38:06.076+0000] {logging_mixin.py:188} INFO - [2025-11-06T22:38:06.076+0000] {dag.py:3823} INFO - Setting next_dagrun for latest_only to 2025-11-06 16:00:00+00:00, run_after=2025-11-06 20:00:00+00:00
[2025-11-06T22:38:07.734+0000] {processor.py:183} INFO - Processing /home/airflow/.local/lib/python3.8/site-packages/airflow/example_dags/example_latest_only.py took 3.248 seconds
[2025-11-06T22:40:36.912+0000] {processor.py:161} INFO - Started process (PID=914) to work on /home/airflow/.local/lib/python3.8/site-packages/airflow/example_dags/example_latest_only.py
[2025-11-06T22:40:36.914+0000] {processor.py:830} INFO - Processing file /home/airflow/.local/lib/python3.8/site-packages/airflow/example_dags/example_latest_only.py for tasks to queue
[2025-11-06T22:40:36.925+0000] {logging_mixin.py:188} INFO - [2025-11-06T22:40:36.924+0000] {dagbag.py:538} INFO - Filling up the DagBag from /home/airflow/.local/lib/python3.8/site-packages/airflow/example_dags/example_latest_only.py
[2025-11-06T22:40:36.958+0000] {processor.py:840} INFO - DAG(s) 'latest_only' retrieved from /home/airflow/.local/lib/python3.8/site-packages/airflow/example_dags/example_latest_only.py
[2025-11-06T22:40:37.701+0000] {logging_mixin.py:188} INFO - [2025-11-06T22:40:37.700+0000] {dag.py:3036} INFO - Sync 1 DAGs
[2025-11-06T22:40:37.973+0000] {logging_mixin.py:188} INFO - [2025-11-06T22:40:37.972+0000] {dag.py:3823} INFO - Setting next_dagrun for latest_only to 2025-11-06 16:00:00+00:00, run_after=2025-11-06 20:00:00+00:00
[2025-11-06T22:40:38.128+0000] {processor.py:183} INFO - Processing /home/airflow/.local/lib/python3.8/site-packages/airflow/example_dags/example_latest_only.py took 1.234 seconds
[2025-11-06T22:41:15.225+0000] {processor.py:161} INFO - Started process (PID=977) to work on /home/airflow/.local/lib/python3.8/site-packages/airflow/example_dags/example_latest_only.py
[2025-11-06T22:41:15.230+0000] {processor.py:830} INFO - Processing file /home/airflow/.local/lib/python3.8/site-packages/airflow/example_dags/example_latest_only.py for tasks to queue
[2025-11-06T22:41:15.238+0000] {logging_mixin.py:188} INFO - [2025-11-06T22:41:15.236+0000] {dagbag.py:538} INFO - Filling up the DagBag from /home/airflow/.local/lib/python3.8/site-packages/airflow/example_dags/example_latest_only.py
[2025-11-06T22:41:15.291+0000] {processor.py:840} INFO - DAG(s) 'latest_only' retrieved from /home/airflow/.local/lib/python3.8/site-packages/airflow/example_dags/example_latest_only.py
[2025-11-06T22:41:15.422+0000] {logging_mixin.py:188} INFO - [2025-11-06T22:41:15.421+0000] {dag.py:3036} INFO - Sync 1 DAGs
[2025-11-06T22:41:15.660+0000] {logging_mixin.py:188} INFO - [2025-11-06T22:41:15.659+0000] {dag.py:3823} INFO - Setting next_dagrun for latest_only to 2025-11-06 16:00:00+00:00, run_after=2025-11-06 20:00:00+00:00
[2025-11-06T22:41:15.794+0000] {processor.py:183} INFO - Processing /home/airflow/.local/lib/python3.8/site-packages/airflow/example_dags/example_latest_only.py took 0.584 seconds
[2025-11-06T22:41:45.975+0000] {processor.py:161} INFO - Started process (PID=1065) to work on /home/airflow/.local/lib/python3.8/site-packages/airflow/example_dags/example_latest_only.py
[2025-11-06T22:41:45.977+0000] {processor.py:830} INFO - Processing file /home/airflow/.local/lib/python3.8/site-packages/airflow/example_dags/example_latest_only.py for tasks to queue
[2025-11-06T22:41:45.980+0000] {logging_mixin.py:188} INFO - [2025-11-06T22:41:45.979+0000] {dagbag.py:538} INFO - Filling up the DagBag from /home/airflow/.local/lib/python3.8/site-packages/airflow/example_dags/example_latest_only.py
[2025-11-06T22:41:45.996+0000] {processor.py:840} INFO - DAG(s) 'latest_only' retrieved from /home/airflow/.local/lib/python3.8/site-packages/airflow/example_dags/example_latest_only.py
[2025-11-06T22:41:46.051+0000] {logging_mixin.py:188} INFO - [2025-11-06T22:41:46.051+0000] {dag.py:3036} INFO - Sync 1 DAGs
[2025-11-06T22:41:46.102+0000] {logging_mixin.py:188} INFO - [2025-11-06T22:41:46.101+0000] {dag.py:3823} INFO - Setting next_dagrun for latest_only to 2025-11-06 16:00:00+00:00, run_after=2025-11-06 20:00:00+00:00
[2025-11-06T22:41:46.257+0000] {processor.py:183} INFO - Processing /home/airflow/.local/lib/python3.8/site-packages/airflow/example_dags/example_latest_only.py took 0.289 seconds
[2025-11-06T22:42:24.350+0000] {processor.py:161} INFO - Started process (PID=1139) to work on /home/airflow/.local/lib/python3.8/site-packages/airflow/example_dags/example_latest_only.py
[2025-11-06T22:42:24.377+0000] {processor.py:830} INFO - Processing file /home/airflow/.local/lib/python3.8/site-packages/airflow/example_dags/example_latest_only.py for tasks to queue
[2025-11-06T22:42:24.462+0000] {logging_mixin.py:188} INFO - [2025-11-06T22:42:24.396+0000] {dagbag.py:538} INFO - Filling up the DagBag from /home/airflow/.local/lib/python3.8/site-packages/airflow/example_dags/example_latest_only.py
[2025-11-06T22:42:25.376+0000] {processor.py:840} INFO - DAG(s) 'latest_only' retrieved from /home/airflow/.local/lib/python3.8/site-packages/airflow/example_dags/example_latest_only.py
[2025-11-06T22:42:26.489+0000] {logging_mixin.py:188} INFO - [2025-11-06T22:42:26.487+0000] {dag.py:3036} INFO - Sync 1 DAGs
[2025-11-06T22:42:28.111+0000] {logging_mixin.py:188} INFO - [2025-11-06T22:42:28.110+0000] {dag.py:3823} INFO - Setting next_dagrun for latest_only to 2025-11-06 16:00:00+00:00, run_after=2025-11-06 20:00:00+00:00
[2025-11-06T22:42:28.876+0000] {processor.py:183} INFO - Processing /home/airflow/.local/lib/python3.8/site-packages/airflow/example_dags/example_latest_only.py took 4.898 seconds
[2025-11-06T22:43:15.664+0000] {processor.py:161} INFO - Started process (PID=1228) to work on /home/airflow/.local/lib/python3.8/site-packages/airflow/example_dags/example_latest_only.py
[2025-11-06T22:43:15.670+0000] {processor.py:830} INFO - Processing file /home/airflow/.local/lib/python3.8/site-packages/airflow/example_dags/example_latest_only.py for tasks to queue
[2025-11-06T22:43:15.673+0000] {logging_mixin.py:188} INFO - [2025-11-06T22:43:15.672+0000] {dagbag.py:538} INFO - Filling up the DagBag from /home/airflow/.local/lib/python3.8/site-packages/airflow/example_dags/example_latest_only.py
[2025-11-06T22:43:15.693+0000] {processor.py:840} INFO - DAG(s) 'latest_only' retrieved from /home/airflow/.local/lib/python3.8/site-packages/airflow/example_dags/example_latest_only.py
[2025-11-06T22:43:15.757+0000] {logging_mixin.py:188} INFO - [2025-11-06T22:43:15.757+0000] {dag.py:3036} INFO - Sync 1 DAGs
[2025-11-06T22:43:15.831+0000] {logging_mixin.py:188} INFO - [2025-11-06T22:43:15.831+0000] {dag.py:3823} INFO - Setting next_dagrun for latest_only to 2025-11-06 16:00:00+00:00, run_after=2025-11-06 20:00:00+00:00
[2025-11-06T22:43:15.880+0000] {processor.py:183} INFO - Processing /home/airflow/.local/lib/python3.8/site-packages/airflow/example_dags/example_latest_only.py took 0.248 seconds
[2025-11-06T22:43:50.080+0000] {processor.py:161} INFO - Started process (PID=1303) to work on /home/airflow/.local/lib/python3.8/site-packages/airflow/example_dags/example_latest_only.py
[2025-11-06T22:43:50.082+0000] {processor.py:830} INFO - Processing file /home/airflow/.local/lib/python3.8/site-packages/airflow/example_dags/example_latest_only.py for tasks to queue
[2025-11-06T22:43:50.086+0000] {logging_mixin.py:188} INFO - [2025-11-06T22:43:50.085+0000] {dagbag.py:538} INFO - Filling up the DagBag from /home/airflow/.local/lib/python3.8/site-packages/airflow/example_dags/example_latest_only.py
[2025-11-06T22:43:50.111+0000] {processor.py:840} INFO - DAG(s) 'latest_only' retrieved from /home/airflow/.local/lib/python3.8/site-packages/airflow/example_dags/example_latest_only.py
[2025-11-06T22:43:50.184+0000] {logging_mixin.py:188} INFO - [2025-11-06T22:43:50.183+0000] {dag.py:3036} INFO - Sync 1 DAGs
[2025-11-06T22:43:50.280+0000] {logging_mixin.py:188} INFO - [2025-11-06T22:43:50.279+0000] {dag.py:3823} INFO - Setting next_dagrun for latest_only to 2025-11-06 16:00:00+00:00, run_after=2025-11-06 20:00:00+00:00
[2025-11-06T22:43:50.383+0000] {processor.py:183} INFO - Processing /home/airflow/.local/lib/python3.8/site-packages/airflow/example_dags/example_latest_only.py took 0.313 seconds
[2025-11-06T22:45:12.142+0000] {processor.py:161} INFO - Started process (PID=1394) to work on /home/airflow/.local/lib/python3.8/site-packages/airflow/example_dags/example_latest_only.py
[2025-11-06T22:45:12.147+0000] {processor.py:830} INFO - Processing file /home/airflow/.local/lib/python3.8/site-packages/airflow/example_dags/example_latest_only.py for tasks to queue
[2025-11-06T22:45:12.161+0000] {logging_mixin.py:188} INFO - [2025-11-06T22:45:12.160+0000] {dagbag.py:538} INFO - Filling up the DagBag from /home/airflow/.local/lib/python3.8/site-packages/airflow/example_dags/example_latest_only.py
[2025-11-06T22:45:12.307+0000] {processor.py:840} INFO - DAG(s) 'latest_only' retrieved from /home/airflow/.local/lib/python3.8/site-packages/airflow/example_dags/example_latest_only.py
[2025-11-06T22:45:12.689+0000] {logging_mixin.py:188} INFO - [2025-11-06T22:45:12.676+0000] {dag.py:3036} INFO - Sync 1 DAGs
[2025-11-06T22:45:12.834+0000] {logging_mixin.py:188} INFO - [2025-11-06T22:45:12.833+0000] {dag.py:3823} INFO - Setting next_dagrun for latest_only to 2025-11-06 16:00:00+00:00, run_after=2025-11-06 20:00:00+00:00
[2025-11-06T22:45:13.091+0000] {processor.py:183} INFO - Processing /home/airflow/.local/lib/python3.8/site-packages/airflow/example_dags/example_latest_only.py took 1.072 seconds
[2025-11-06T22:45:58.362+0000] {processor.py:161} INFO - Started process (PID=1492) to work on /home/airflow/.local/lib/python3.8/site-packages/airflow/example_dags/example_latest_only.py
[2025-11-06T22:45:58.364+0000] {processor.py:830} INFO - Processing file /home/airflow/.local/lib/python3.8/site-packages/airflow/example_dags/example_latest_only.py for tasks to queue
[2025-11-06T22:45:58.368+0000] {logging_mixin.py:188} INFO - [2025-11-06T22:45:58.367+0000] {dagbag.py:538} INFO - Filling up the DagBag from /home/airflow/.local/lib/python3.8/site-packages/airflow/example_dags/example_latest_only.py
[2025-11-06T22:45:58.392+0000] {processor.py:840} INFO - DAG(s) 'latest_only' retrieved from /home/airflow/.local/lib/python3.8/site-packages/airflow/example_dags/example_latest_only.py
[2025-11-06T22:45:58.558+0000] {logging_mixin.py:188} INFO - [2025-11-06T22:45:58.558+0000] {dag.py:3036} INFO - Sync 1 DAGs
[2025-11-06T22:45:58.844+0000] {logging_mixin.py:188} INFO - [2025-11-06T22:45:58.843+0000] {dag.py:3823} INFO - Setting next_dagrun for latest_only to 2025-11-06 16:00:00+00:00, run_after=2025-11-06 20:00:00+00:00
[2025-11-06T22:45:58.963+0000] {processor.py:183} INFO - Processing /home/airflow/.local/lib/python3.8/site-packages/airflow/example_dags/example_latest_only.py took 0.614 seconds
[2025-11-06T22:46:29.267+0000] {processor.py:161} INFO - Started process (PID=1563) to work on /home/airflow/.local/lib/python3.8/site-packages/airflow/example_dags/example_latest_only.py
[2025-11-06T22:46:29.275+0000] {processor.py:830} INFO - Processing file /home/airflow/.local/lib/python3.8/site-packages/airflow/example_dags/example_latest_only.py for tasks to queue
[2025-11-06T22:46:29.279+0000] {logging_mixin.py:188} INFO - [2025-11-06T22:46:29.278+0000] {dagbag.py:538} INFO - Filling up the DagBag from /home/airflow/.local/lib/python3.8/site-packages/airflow/example_dags/example_latest_only.py
[2025-11-06T22:46:29.300+0000] {processor.py:840} INFO - DAG(s) 'latest_only' retrieved from /home/airflow/.local/lib/python3.8/site-packages/airflow/example_dags/example_latest_only.py
[2025-11-06T22:46:29.410+0000] {logging_mixin.py:188} INFO - [2025-11-06T22:46:29.409+0000] {dag.py:3036} INFO - Sync 1 DAGs
[2025-11-06T22:46:29.555+0000] {logging_mixin.py:188} INFO - [2025-11-06T22:46:29.554+0000] {dag.py:3823} INFO - Setting next_dagrun for latest_only to 2025-11-06 16:00:00+00:00, run_after=2025-11-06 20:00:00+00:00
[2025-11-06T22:46:29.711+0000] {processor.py:183} INFO - Processing /home/airflow/.local/lib/python3.8/site-packages/airflow/example_dags/example_latest_only.py took 0.461 seconds
[2025-11-06T22:46:59.918+0000] {processor.py:161} INFO - Started process (PID=1630) to work on /home/airflow/.local/lib/python3.8/site-packages/airflow/example_dags/example_latest_only.py
[2025-11-06T22:46:59.921+0000] {processor.py:830} INFO - Processing file /home/airflow/.local/lib/python3.8/site-packages/airflow/example_dags/example_latest_only.py for tasks to queue
[2025-11-06T22:46:59.924+0000] {logging_mixin.py:188} INFO - [2025-11-06T22:46:59.923+0000] {dagbag.py:538} INFO - Filling up the DagBag from /home/airflow/.local/lib/python3.8/site-packages/airflow/example_dags/example_latest_only.py
[2025-11-06T22:46:59.954+0000] {processor.py:840} INFO - DAG(s) 'latest_only' retrieved from /home/airflow/.local/lib/python3.8/site-packages/airflow/example_dags/example_latest_only.py
[2025-11-06T22:47:00.088+0000] {logging_mixin.py:188} INFO - [2025-11-06T22:47:00.087+0000] {dag.py:3036} INFO - Sync 1 DAGs
[2025-11-06T22:47:00.202+0000] {logging_mixin.py:188} INFO - [2025-11-06T22:47:00.200+0000] {dag.py:3823} INFO - Setting next_dagrun for latest_only to 2025-11-06 16:00:00+00:00, run_after=2025-11-06 20:00:00+00:00
[2025-11-06T22:47:00.305+0000] {processor.py:183} INFO - Processing /home/airflow/.local/lib/python3.8/site-packages/airflow/example_dags/example_latest_only.py took 0.397 seconds
