[2025-11-06T22:20:44.178+0000] {processor.py:161} INFO - Started process (PID=191) to work on /home/airflow/.local/lib/python3.8/site-packages/airflow/example_dags/example_dag_decorator.py
[2025-11-06T22:20:44.185+0000] {processor.py:830} INFO - Processing file /home/airflow/.local/lib/python3.8/site-packages/airflow/example_dags/example_dag_decorator.py for tasks to queue
[2025-11-06T22:20:44.198+0000] {logging_mixin.py:188} INFO - [2025-11-06T22:20:44.196+0000] {dagbag.py:538} INFO - Filling up the DagBag from /home/airflow/.local/lib/python3.8/site-packages/airflow/example_dags/example_dag_decorator.py
[2025-11-06T22:20:46.159+0000] {processor.py:840} INFO - DAG(s) 'example_dag_decorator' retrieved from /home/airflow/.local/lib/python3.8/site-packages/airflow/example_dags/example_dag_decorator.py
[2025-11-06T22:20:47.337+0000] {logging_mixin.py:188} INFO - [2025-11-06T22:20:47.326+0000] {dag.py:3036} INFO - Sync 1 DAGs
[2025-11-06T22:20:47.429+0000] {logging_mixin.py:188} INFO - [2025-11-06T22:20:47.429+0000] {dag.py:3823} INFO - Setting next_dagrun for example_dag_decorator to None, run_after=None
[2025-11-06T22:20:47.928+0000] {processor.py:183} INFO - Processing /home/airflow/.local/lib/python3.8/site-packages/airflow/example_dags/example_dag_decorator.py took 3.785 seconds
[2025-11-06T22:21:48.318+0000] {processor.py:161} INFO - Started process (PID=288) to work on /home/airflow/.local/lib/python3.8/site-packages/airflow/example_dags/example_dag_decorator.py
[2025-11-06T22:21:48.325+0000] {processor.py:830} INFO - Processing file /home/airflow/.local/lib/python3.8/site-packages/airflow/example_dags/example_dag_decorator.py for tasks to queue
[2025-11-06T22:21:48.339+0000] {logging_mixin.py:188} INFO - [2025-11-06T22:21:48.338+0000] {dagbag.py:538} INFO - Filling up the DagBag from /home/airflow/.local/lib/python3.8/site-packages/airflow/example_dags/example_dag_decorator.py
[2025-11-06T22:21:49.653+0000] {processor.py:840} INFO - DAG(s) 'example_dag_decorator' retrieved from /home/airflow/.local/lib/python3.8/site-packages/airflow/example_dags/example_dag_decorator.py
[2025-11-06T22:21:53.409+0000] {logging_mixin.py:188} INFO - [2025-11-06T22:21:53.408+0000] {dag.py:3036} INFO - Sync 1 DAGs
[2025-11-06T22:21:53.616+0000] {logging_mixin.py:188} INFO - [2025-11-06T22:21:53.615+0000] {dag.py:3823} INFO - Setting next_dagrun for example_dag_decorator to None, run_after=None
[2025-11-06T22:21:53.843+0000] {processor.py:183} INFO - Processing /home/airflow/.local/lib/python3.8/site-packages/airflow/example_dags/example_dag_decorator.py took 5.565 seconds
[2025-11-06T22:22:25.293+0000] {processor.py:161} INFO - Started process (PID=366) to work on /home/airflow/.local/lib/python3.8/site-packages/airflow/example_dags/example_dag_decorator.py
[2025-11-06T22:22:25.371+0000] {processor.py:830} INFO - Processing file /home/airflow/.local/lib/python3.8/site-packages/airflow/example_dags/example_dag_decorator.py for tasks to queue
[2025-11-06T22:22:25.377+0000] {logging_mixin.py:188} INFO - [2025-11-06T22:22:25.376+0000] {dagbag.py:538} INFO - Filling up the DagBag from /home/airflow/.local/lib/python3.8/site-packages/airflow/example_dags/example_dag_decorator.py
[2025-11-06T22:22:26.287+0000] {processor.py:840} INFO - DAG(s) 'example_dag_decorator' retrieved from /home/airflow/.local/lib/python3.8/site-packages/airflow/example_dags/example_dag_decorator.py
[2025-11-06T22:22:27.414+0000] {logging_mixin.py:188} INFO - [2025-11-06T22:22:27.413+0000] {dag.py:3036} INFO - Sync 1 DAGs
[2025-11-06T22:22:27.545+0000] {logging_mixin.py:188} INFO - [2025-11-06T22:22:27.544+0000] {dag.py:3823} INFO - Setting next_dagrun for example_dag_decorator to None, run_after=None
[2025-11-06T22:22:27.740+0000] {processor.py:183} INFO - Processing /home/airflow/.local/lib/python3.8/site-packages/airflow/example_dags/example_dag_decorator.py took 2.562 seconds
[2025-11-06T22:22:58.864+0000] {processor.py:161} INFO - Started process (PID=445) to work on /home/airflow/.local/lib/python3.8/site-packages/airflow/example_dags/example_dag_decorator.py
[2025-11-06T22:22:58.867+0000] {processor.py:830} INFO - Processing file /home/airflow/.local/lib/python3.8/site-packages/airflow/example_dags/example_dag_decorator.py for tasks to queue
[2025-11-06T22:22:58.877+0000] {logging_mixin.py:188} INFO - [2025-11-06T22:22:58.876+0000] {dagbag.py:538} INFO - Filling up the DagBag from /home/airflow/.local/lib/python3.8/site-packages/airflow/example_dags/example_dag_decorator.py
[2025-11-06T22:23:00.270+0000] {processor.py:840} INFO - DAG(s) 'example_dag_decorator' retrieved from /home/airflow/.local/lib/python3.8/site-packages/airflow/example_dags/example_dag_decorator.py
[2025-11-06T22:23:02.005+0000] {logging_mixin.py:188} INFO - [2025-11-06T22:23:02.004+0000] {dag.py:3036} INFO - Sync 1 DAGs
[2025-11-06T22:23:02.111+0000] {logging_mixin.py:188} INFO - [2025-11-06T22:23:02.106+0000] {dag.py:3823} INFO - Setting next_dagrun for example_dag_decorator to None, run_after=None
[2025-11-06T22:23:03.049+0000] {processor.py:183} INFO - Processing /home/airflow/.local/lib/python3.8/site-packages/airflow/example_dags/example_dag_decorator.py took 4.219 seconds
[2025-11-06T22:33:15.824+0000] {processor.py:161} INFO - Started process (PID=118) to work on /home/airflow/.local/lib/python3.8/site-packages/airflow/example_dags/example_dag_decorator.py
[2025-11-06T22:33:15.974+0000] {processor.py:830} INFO - Processing file /home/airflow/.local/lib/python3.8/site-packages/airflow/example_dags/example_dag_decorator.py for tasks to queue
[2025-11-06T22:33:15.979+0000] {logging_mixin.py:188} INFO - [2025-11-06T22:33:15.976+0000] {dagbag.py:538} INFO - Filling up the DagBag from /home/airflow/.local/lib/python3.8/site-packages/airflow/example_dags/example_dag_decorator.py
[2025-11-06T22:33:16.214+0000] {processor.py:840} INFO - DAG(s) 'example_dag_decorator' retrieved from /home/airflow/.local/lib/python3.8/site-packages/airflow/example_dags/example_dag_decorator.py
[2025-11-06T22:33:16.357+0000] {logging_mixin.py:188} INFO - [2025-11-06T22:33:16.357+0000] {dag.py:3036} INFO - Sync 1 DAGs
[2025-11-06T22:33:16.371+0000] {logging_mixin.py:188} INFO - [2025-11-06T22:33:16.370+0000] {dag.py:3823} INFO - Setting next_dagrun for example_dag_decorator to None, run_after=None
[2025-11-06T22:33:16.399+0000] {processor.py:183} INFO - Processing /home/airflow/.local/lib/python3.8/site-packages/airflow/example_dags/example_dag_decorator.py took 0.579 seconds
[2025-11-06T22:33:46.757+0000] {processor.py:161} INFO - Started process (PID=199) to work on /home/airflow/.local/lib/python3.8/site-packages/airflow/example_dags/example_dag_decorator.py
[2025-11-06T22:33:46.759+0000] {processor.py:830} INFO - Processing file /home/airflow/.local/lib/python3.8/site-packages/airflow/example_dags/example_dag_decorator.py for tasks to queue
[2025-11-06T22:33:46.762+0000] {logging_mixin.py:188} INFO - [2025-11-06T22:33:46.761+0000] {dagbag.py:538} INFO - Filling up the DagBag from /home/airflow/.local/lib/python3.8/site-packages/airflow/example_dags/example_dag_decorator.py
[2025-11-06T22:33:46.957+0000] {processor.py:840} INFO - DAG(s) 'example_dag_decorator' retrieved from /home/airflow/.local/lib/python3.8/site-packages/airflow/example_dags/example_dag_decorator.py
[2025-11-06T22:33:47.314+0000] {logging_mixin.py:188} INFO - [2025-11-06T22:33:47.313+0000] {dag.py:3036} INFO - Sync 1 DAGs
[2025-11-06T22:33:47.328+0000] {logging_mixin.py:188} INFO - [2025-11-06T22:33:47.328+0000] {dag.py:3823} INFO - Setting next_dagrun for example_dag_decorator to None, run_after=None
[2025-11-06T22:33:47.808+0000] {processor.py:183} INFO - Processing /home/airflow/.local/lib/python3.8/site-packages/airflow/example_dags/example_dag_decorator.py took 1.060 seconds
[2025-11-06T22:34:18.181+0000] {processor.py:161} INFO - Started process (PID=265) to work on /home/airflow/.local/lib/python3.8/site-packages/airflow/example_dags/example_dag_decorator.py
[2025-11-06T22:34:18.183+0000] {processor.py:830} INFO - Processing file /home/airflow/.local/lib/python3.8/site-packages/airflow/example_dags/example_dag_decorator.py for tasks to queue
[2025-11-06T22:34:18.186+0000] {logging_mixin.py:188} INFO - [2025-11-06T22:34:18.185+0000] {dagbag.py:538} INFO - Filling up the DagBag from /home/airflow/.local/lib/python3.8/site-packages/airflow/example_dags/example_dag_decorator.py
[2025-11-06T22:34:18.436+0000] {processor.py:840} INFO - DAG(s) 'example_dag_decorator' retrieved from /home/airflow/.local/lib/python3.8/site-packages/airflow/example_dags/example_dag_decorator.py
[2025-11-06T22:34:19.576+0000] {logging_mixin.py:188} INFO - [2025-11-06T22:34:19.576+0000] {dag.py:3036} INFO - Sync 1 DAGs
[2025-11-06T22:34:19.606+0000] {logging_mixin.py:188} INFO - [2025-11-06T22:34:19.606+0000] {dag.py:3823} INFO - Setting next_dagrun for example_dag_decorator to None, run_after=None
[2025-11-06T22:34:19.663+0000] {processor.py:183} INFO - Processing /home/airflow/.local/lib/python3.8/site-packages/airflow/example_dags/example_dag_decorator.py took 1.492 seconds
[2025-11-06T22:34:50.594+0000] {processor.py:161} INFO - Started process (PID=347) to work on /home/airflow/.local/lib/python3.8/site-packages/airflow/example_dags/example_dag_decorator.py
[2025-11-06T22:34:50.596+0000] {processor.py:830} INFO - Processing file /home/airflow/.local/lib/python3.8/site-packages/airflow/example_dags/example_dag_decorator.py for tasks to queue
[2025-11-06T22:34:50.604+0000] {logging_mixin.py:188} INFO - [2025-11-06T22:34:50.599+0000] {dagbag.py:538} INFO - Filling up the DagBag from /home/airflow/.local/lib/python3.8/site-packages/airflow/example_dags/example_dag_decorator.py
[2025-11-06T22:34:51.585+0000] {processor.py:840} INFO - DAG(s) 'example_dag_decorator' retrieved from /home/airflow/.local/lib/python3.8/site-packages/airflow/example_dags/example_dag_decorator.py
[2025-11-06T22:34:52.166+0000] {logging_mixin.py:188} INFO - [2025-11-06T22:34:52.165+0000] {dag.py:3036} INFO - Sync 1 DAGs
[2025-11-06T22:34:52.223+0000] {logging_mixin.py:188} INFO - [2025-11-06T22:34:52.222+0000] {dag.py:3823} INFO - Setting next_dagrun for example_dag_decorator to None, run_after=None
[2025-11-06T22:34:52.356+0000] {processor.py:183} INFO - Processing /home/airflow/.local/lib/python3.8/site-packages/airflow/example_dags/example_dag_decorator.py took 1.812 seconds
[2025-11-06T22:35:22.850+0000] {processor.py:161} INFO - Started process (PID=412) to work on /home/airflow/.local/lib/python3.8/site-packages/airflow/example_dags/example_dag_decorator.py
[2025-11-06T22:35:22.854+0000] {processor.py:830} INFO - Processing file /home/airflow/.local/lib/python3.8/site-packages/airflow/example_dags/example_dag_decorator.py for tasks to queue
[2025-11-06T22:35:22.862+0000] {logging_mixin.py:188} INFO - [2025-11-06T22:35:22.861+0000] {dagbag.py:538} INFO - Filling up the DagBag from /home/airflow/.local/lib/python3.8/site-packages/airflow/example_dags/example_dag_decorator.py
[2025-11-06T22:35:24.103+0000] {processor.py:840} INFO - DAG(s) 'example_dag_decorator' retrieved from /home/airflow/.local/lib/python3.8/site-packages/airflow/example_dags/example_dag_decorator.py
[2025-11-06T22:35:25.291+0000] {logging_mixin.py:188} INFO - [2025-11-06T22:35:25.290+0000] {dag.py:3036} INFO - Sync 1 DAGs
[2025-11-06T22:35:25.400+0000] {logging_mixin.py:188} INFO - [2025-11-06T22:35:25.399+0000] {dag.py:3823} INFO - Setting next_dagrun for example_dag_decorator to None, run_after=None
[2025-11-06T22:35:25.504+0000] {processor.py:183} INFO - Processing /home/airflow/.local/lib/python3.8/site-packages/airflow/example_dags/example_dag_decorator.py took 2.684 seconds
[2025-11-06T22:35:56.177+0000] {processor.py:161} INFO - Started process (PID=497) to work on /home/airflow/.local/lib/python3.8/site-packages/airflow/example_dags/example_dag_decorator.py
[2025-11-06T22:35:56.180+0000] {processor.py:830} INFO - Processing file /home/airflow/.local/lib/python3.8/site-packages/airflow/example_dags/example_dag_decorator.py for tasks to queue
[2025-11-06T22:35:56.185+0000] {logging_mixin.py:188} INFO - [2025-11-06T22:35:56.184+0000] {dagbag.py:538} INFO - Filling up the DagBag from /home/airflow/.local/lib/python3.8/site-packages/airflow/example_dags/example_dag_decorator.py
[2025-11-06T22:35:56.477+0000] {processor.py:840} INFO - DAG(s) 'example_dag_decorator' retrieved from /home/airflow/.local/lib/python3.8/site-packages/airflow/example_dags/example_dag_decorator.py
[2025-11-06T22:35:56.552+0000] {logging_mixin.py:188} INFO - [2025-11-06T22:35:56.551+0000] {dag.py:3036} INFO - Sync 1 DAGs
[2025-11-06T22:35:56.588+0000] {logging_mixin.py:188} INFO - [2025-11-06T22:35:56.587+0000] {dag.py:3823} INFO - Setting next_dagrun for example_dag_decorator to None, run_after=None
[2025-11-06T22:35:56.636+0000] {processor.py:183} INFO - Processing /home/airflow/.local/lib/python3.8/site-packages/airflow/example_dags/example_dag_decorator.py took 0.467 seconds
[2025-11-06T22:36:26.901+0000] {processor.py:161} INFO - Started process (PID=572) to work on /home/airflow/.local/lib/python3.8/site-packages/airflow/example_dags/example_dag_decorator.py
[2025-11-06T22:36:26.904+0000] {processor.py:830} INFO - Processing file /home/airflow/.local/lib/python3.8/site-packages/airflow/example_dags/example_dag_decorator.py for tasks to queue
[2025-11-06T22:36:26.907+0000] {logging_mixin.py:188} INFO - [2025-11-06T22:36:26.907+0000] {dagbag.py:538} INFO - Filling up the DagBag from /home/airflow/.local/lib/python3.8/site-packages/airflow/example_dags/example_dag_decorator.py
[2025-11-06T22:36:27.216+0000] {processor.py:840} INFO - DAG(s) 'example_dag_decorator' retrieved from /home/airflow/.local/lib/python3.8/site-packages/airflow/example_dags/example_dag_decorator.py
[2025-11-06T22:36:27.565+0000] {logging_mixin.py:188} INFO - [2025-11-06T22:36:27.564+0000] {dag.py:3036} INFO - Sync 1 DAGs
[2025-11-06T22:36:27.605+0000] {logging_mixin.py:188} INFO - [2025-11-06T22:36:27.605+0000] {dag.py:3823} INFO - Setting next_dagrun for example_dag_decorator to None, run_after=None
[2025-11-06T22:36:27.667+0000] {processor.py:183} INFO - Processing /home/airflow/.local/lib/python3.8/site-packages/airflow/example_dags/example_dag_decorator.py took 0.789 seconds
[2025-11-06T22:36:58.327+0000] {processor.py:161} INFO - Started process (PID=644) to work on /home/airflow/.local/lib/python3.8/site-packages/airflow/example_dags/example_dag_decorator.py
[2025-11-06T22:36:58.329+0000] {processor.py:830} INFO - Processing file /home/airflow/.local/lib/python3.8/site-packages/airflow/example_dags/example_dag_decorator.py for tasks to queue
[2025-11-06T22:36:58.332+0000] {logging_mixin.py:188} INFO - [2025-11-06T22:36:58.331+0000] {dagbag.py:538} INFO - Filling up the DagBag from /home/airflow/.local/lib/python3.8/site-packages/airflow/example_dags/example_dag_decorator.py
[2025-11-06T22:36:58.623+0000] {processor.py:840} INFO - DAG(s) 'example_dag_decorator' retrieved from /home/airflow/.local/lib/python3.8/site-packages/airflow/example_dags/example_dag_decorator.py
[2025-11-06T22:36:59.090+0000] {logging_mixin.py:188} INFO - [2025-11-06T22:36:59.089+0000] {dag.py:3036} INFO - Sync 1 DAGs
[2025-11-06T22:36:59.131+0000] {logging_mixin.py:188} INFO - [2025-11-06T22:36:59.130+0000] {dag.py:3823} INFO - Setting next_dagrun for example_dag_decorator to None, run_after=None
[2025-11-06T22:36:59.218+0000] {processor.py:183} INFO - Processing /home/airflow/.local/lib/python3.8/site-packages/airflow/example_dags/example_dag_decorator.py took 0.901 seconds
[2025-11-06T22:37:29.596+0000] {processor.py:161} INFO - Started process (PID=728) to work on /home/airflow/.local/lib/python3.8/site-packages/airflow/example_dags/example_dag_decorator.py
[2025-11-06T22:37:29.607+0000] {processor.py:830} INFO - Processing file /home/airflow/.local/lib/python3.8/site-packages/airflow/example_dags/example_dag_decorator.py for tasks to queue
[2025-11-06T22:37:29.612+0000] {logging_mixin.py:188} INFO - [2025-11-06T22:37:29.611+0000] {dagbag.py:538} INFO - Filling up the DagBag from /home/airflow/.local/lib/python3.8/site-packages/airflow/example_dags/example_dag_decorator.py
[2025-11-06T22:37:29.947+0000] {processor.py:840} INFO - DAG(s) 'example_dag_decorator' retrieved from /home/airflow/.local/lib/python3.8/site-packages/airflow/example_dags/example_dag_decorator.py
[2025-11-06T22:37:30.005+0000] {logging_mixin.py:188} INFO - [2025-11-06T22:37:30.004+0000] {dag.py:3036} INFO - Sync 1 DAGs
[2025-11-06T22:37:30.035+0000] {logging_mixin.py:188} INFO - [2025-11-06T22:37:30.034+0000] {dag.py:3823} INFO - Setting next_dagrun for example_dag_decorator to None, run_after=None
[2025-11-06T22:37:30.101+0000] {processor.py:183} INFO - Processing /home/airflow/.local/lib/python3.8/site-packages/airflow/example_dags/example_dag_decorator.py took 0.526 seconds
[2025-11-06T22:39:32.838+0000] {processor.py:161} INFO - Started process (PID=814) to work on /home/airflow/.local/lib/python3.8/site-packages/airflow/example_dags/example_dag_decorator.py
[2025-11-06T22:39:32.853+0000] {processor.py:830} INFO - Processing file /home/airflow/.local/lib/python3.8/site-packages/airflow/example_dags/example_dag_decorator.py for tasks to queue
[2025-11-06T22:39:32.896+0000] {logging_mixin.py:188} INFO - [2025-11-06T22:39:32.884+0000] {dagbag.py:538} INFO - Filling up the DagBag from /home/airflow/.local/lib/python3.8/site-packages/airflow/example_dags/example_dag_decorator.py
[2025-11-06T22:39:36.974+0000] {processor.py:840} INFO - DAG(s) 'example_dag_decorator' retrieved from /home/airflow/.local/lib/python3.8/site-packages/airflow/example_dags/example_dag_decorator.py
[2025-11-06T22:39:41.002+0000] {logging_mixin.py:188} INFO - [2025-11-06T22:39:41.001+0000] {dag.py:3036} INFO - Sync 1 DAGs
[2025-11-06T22:39:41.140+0000] {logging_mixin.py:188} INFO - [2025-11-06T22:39:41.135+0000] {dag.py:3823} INFO - Setting next_dagrun for example_dag_decorator to None, run_after=None
[2025-11-06T22:39:41.399+0000] {processor.py:183} INFO - Processing /home/airflow/.local/lib/python3.8/site-packages/airflow/example_dags/example_dag_decorator.py took 8.621 seconds
[2025-11-06T22:40:35.107+0000] {processor.py:161} INFO - Started process (PID=911) to work on /home/airflow/.local/lib/python3.8/site-packages/airflow/example_dags/example_dag_decorator.py
[2025-11-06T22:40:35.109+0000] {processor.py:830} INFO - Processing file /home/airflow/.local/lib/python3.8/site-packages/airflow/example_dags/example_dag_decorator.py for tasks to queue
[2025-11-06T22:40:35.113+0000] {logging_mixin.py:188} INFO - [2025-11-06T22:40:35.112+0000] {dagbag.py:538} INFO - Filling up the DagBag from /home/airflow/.local/lib/python3.8/site-packages/airflow/example_dags/example_dag_decorator.py
[2025-11-06T22:40:35.464+0000] {processor.py:840} INFO - DAG(s) 'example_dag_decorator' retrieved from /home/airflow/.local/lib/python3.8/site-packages/airflow/example_dags/example_dag_decorator.py
[2025-11-06T22:40:35.887+0000] {logging_mixin.py:188} INFO - [2025-11-06T22:40:35.886+0000] {dag.py:3036} INFO - Sync 1 DAGs
[2025-11-06T22:40:35.930+0000] {logging_mixin.py:188} INFO - [2025-11-06T22:40:35.929+0000] {dag.py:3823} INFO - Setting next_dagrun for example_dag_decorator to None, run_after=None
[2025-11-06T22:40:36.109+0000] {processor.py:183} INFO - Processing /home/airflow/.local/lib/python3.8/site-packages/airflow/example_dags/example_dag_decorator.py took 1.014 seconds
[2025-11-06T22:41:13.405+0000] {processor.py:161} INFO - Started process (PID=974) to work on /home/airflow/.local/lib/python3.8/site-packages/airflow/example_dags/example_dag_decorator.py
[2025-11-06T22:41:13.415+0000] {processor.py:830} INFO - Processing file /home/airflow/.local/lib/python3.8/site-packages/airflow/example_dags/example_dag_decorator.py for tasks to queue
[2025-11-06T22:41:13.419+0000] {logging_mixin.py:188} INFO - [2025-11-06T22:41:13.418+0000] {dagbag.py:538} INFO - Filling up the DagBag from /home/airflow/.local/lib/python3.8/site-packages/airflow/example_dags/example_dag_decorator.py
[2025-11-06T22:41:14.004+0000] {processor.py:840} INFO - DAG(s) 'example_dag_decorator' retrieved from /home/airflow/.local/lib/python3.8/site-packages/airflow/example_dags/example_dag_decorator.py
[2025-11-06T22:41:14.905+0000] {logging_mixin.py:188} INFO - [2025-11-06T22:41:14.904+0000] {dag.py:3036} INFO - Sync 1 DAGs
[2025-11-06T22:41:14.979+0000] {logging_mixin.py:188} INFO - [2025-11-06T22:41:14.978+0000] {dag.py:3823} INFO - Setting next_dagrun for example_dag_decorator to None, run_after=None
[2025-11-06T22:41:15.081+0000] {processor.py:183} INFO - Processing /home/airflow/.local/lib/python3.8/site-packages/airflow/example_dags/example_dag_decorator.py took 1.692 seconds
[2025-11-06T22:41:45.347+0000] {processor.py:161} INFO - Started process (PID=1056) to work on /home/airflow/.local/lib/python3.8/site-packages/airflow/example_dags/example_dag_decorator.py
[2025-11-06T22:41:45.349+0000] {processor.py:830} INFO - Processing file /home/airflow/.local/lib/python3.8/site-packages/airflow/example_dags/example_dag_decorator.py for tasks to queue
[2025-11-06T22:41:45.358+0000] {logging_mixin.py:188} INFO - [2025-11-06T22:41:45.358+0000] {dagbag.py:538} INFO - Filling up the DagBag from /home/airflow/.local/lib/python3.8/site-packages/airflow/example_dags/example_dag_decorator.py
[2025-11-06T22:41:45.561+0000] {processor.py:840} INFO - DAG(s) 'example_dag_decorator' retrieved from /home/airflow/.local/lib/python3.8/site-packages/airflow/example_dags/example_dag_decorator.py
[2025-11-06T22:41:45.787+0000] {logging_mixin.py:188} INFO - [2025-11-06T22:41:45.786+0000] {dag.py:3036} INFO - Sync 1 DAGs
[2025-11-06T22:41:45.804+0000] {logging_mixin.py:188} INFO - [2025-11-06T22:41:45.804+0000] {dag.py:3823} INFO - Setting next_dagrun for example_dag_decorator to None, run_after=None
[2025-11-06T22:41:45.902+0000] {processor.py:183} INFO - Processing /home/airflow/.local/lib/python3.8/site-packages/airflow/example_dags/example_dag_decorator.py took 0.561 seconds
[2025-11-06T22:42:19.664+0000] {processor.py:161} INFO - Started process (PID=1129) to work on /home/airflow/.local/lib/python3.8/site-packages/airflow/example_dags/example_dag_decorator.py
[2025-11-06T22:42:19.689+0000] {processor.py:830} INFO - Processing file /home/airflow/.local/lib/python3.8/site-packages/airflow/example_dags/example_dag_decorator.py for tasks to queue
[2025-11-06T22:42:19.795+0000] {logging_mixin.py:188} INFO - [2025-11-06T22:42:19.712+0000] {dagbag.py:538} INFO - Filling up the DagBag from /home/airflow/.local/lib/python3.8/site-packages/airflow/example_dags/example_dag_decorator.py
[2025-11-06T22:42:21.255+0000] {processor.py:840} INFO - DAG(s) 'example_dag_decorator' retrieved from /home/airflow/.local/lib/python3.8/site-packages/airflow/example_dags/example_dag_decorator.py
[2025-11-06T22:42:22.479+0000] {logging_mixin.py:188} INFO - [2025-11-06T22:42:22.478+0000] {dag.py:3036} INFO - Sync 1 DAGs
[2025-11-06T22:42:22.582+0000] {logging_mixin.py:188} INFO - [2025-11-06T22:42:22.581+0000] {dag.py:3823} INFO - Setting next_dagrun for example_dag_decorator to None, run_after=None
[2025-11-06T22:42:22.854+0000] {processor.py:183} INFO - Processing /home/airflow/.local/lib/python3.8/site-packages/airflow/example_dags/example_dag_decorator.py took 3.260 seconds
[2025-11-06T22:43:14.542+0000] {processor.py:161} INFO - Started process (PID=1225) to work on /home/airflow/.local/lib/python3.8/site-packages/airflow/example_dags/example_dag_decorator.py
[2025-11-06T22:43:14.544+0000] {processor.py:830} INFO - Processing file /home/airflow/.local/lib/python3.8/site-packages/airflow/example_dags/example_dag_decorator.py for tasks to queue
[2025-11-06T22:43:14.549+0000] {logging_mixin.py:188} INFO - [2025-11-06T22:43:14.548+0000] {dagbag.py:538} INFO - Filling up the DagBag from /home/airflow/.local/lib/python3.8/site-packages/airflow/example_dags/example_dag_decorator.py
[2025-11-06T22:43:15.080+0000] {processor.py:840} INFO - DAG(s) 'example_dag_decorator' retrieved from /home/airflow/.local/lib/python3.8/site-packages/airflow/example_dags/example_dag_decorator.py
[2025-11-06T22:43:16.070+0000] {logging_mixin.py:188} INFO - [2025-11-06T22:43:16.070+0000] {dag.py:3036} INFO - Sync 1 DAGs
[2025-11-06T22:43:16.093+0000] {logging_mixin.py:188} INFO - [2025-11-06T22:43:16.093+0000] {dag.py:3823} INFO - Setting next_dagrun for example_dag_decorator to None, run_after=None
[2025-11-06T22:43:16.146+0000] {processor.py:183} INFO - Processing /home/airflow/.local/lib/python3.8/site-packages/airflow/example_dags/example_dag_decorator.py took 1.616 seconds
[2025-11-06T22:43:48.452+0000] {processor.py:161} INFO - Started process (PID=1300) to work on /home/airflow/.local/lib/python3.8/site-packages/airflow/example_dags/example_dag_decorator.py
[2025-11-06T22:43:48.455+0000] {processor.py:830} INFO - Processing file /home/airflow/.local/lib/python3.8/site-packages/airflow/example_dags/example_dag_decorator.py for tasks to queue
[2025-11-06T22:43:48.468+0000] {logging_mixin.py:188} INFO - [2025-11-06T22:43:48.467+0000] {dagbag.py:538} INFO - Filling up the DagBag from /home/airflow/.local/lib/python3.8/site-packages/airflow/example_dags/example_dag_decorator.py
[2025-11-06T22:43:49.115+0000] {processor.py:840} INFO - DAG(s) 'example_dag_decorator' retrieved from /home/airflow/.local/lib/python3.8/site-packages/airflow/example_dags/example_dag_decorator.py
[2025-11-06T22:43:50.218+0000] {logging_mixin.py:188} INFO - [2025-11-06T22:43:50.217+0000] {dag.py:3036} INFO - Sync 1 DAGs
[2025-11-06T22:43:50.312+0000] {logging_mixin.py:188} INFO - [2025-11-06T22:43:50.311+0000] {dag.py:3823} INFO - Setting next_dagrun for example_dag_decorator to None, run_after=None
[2025-11-06T22:43:50.406+0000] {processor.py:183} INFO - Processing /home/airflow/.local/lib/python3.8/site-packages/airflow/example_dags/example_dag_decorator.py took 1.964 seconds
[2025-11-06T22:44:58.184+0000] {processor.py:161} INFO - Started process (PID=1390) to work on /home/airflow/.local/lib/python3.8/site-packages/airflow/example_dags/example_dag_decorator.py
[2025-11-06T22:44:58.188+0000] {processor.py:830} INFO - Processing file /home/airflow/.local/lib/python3.8/site-packages/airflow/example_dags/example_dag_decorator.py for tasks to queue
[2025-11-06T22:44:58.193+0000] {logging_mixin.py:188} INFO - [2025-11-06T22:44:58.192+0000] {dagbag.py:538} INFO - Filling up the DagBag from /home/airflow/.local/lib/python3.8/site-packages/airflow/example_dags/example_dag_decorator.py
[2025-11-06T22:45:01.385+0000] {processor.py:840} INFO - DAG(s) 'example_dag_decorator' retrieved from /home/airflow/.local/lib/python3.8/site-packages/airflow/example_dags/example_dag_decorator.py
[2025-11-06T22:45:05.395+0000] {logging_mixin.py:188} INFO - [2025-11-06T22:45:05.389+0000] {dag.py:3036} INFO - Sync 1 DAGs
[2025-11-06T22:45:05.521+0000] {logging_mixin.py:188} INFO - [2025-11-06T22:45:05.505+0000] {dag.py:3823} INFO - Setting next_dagrun for example_dag_decorator to None, run_after=None
[2025-11-06T22:45:05.929+0000] {processor.py:183} INFO - Processing /home/airflow/.local/lib/python3.8/site-packages/airflow/example_dags/example_dag_decorator.py took 7.798 seconds
[2025-11-06T22:45:54.849+0000] {processor.py:161} INFO - Started process (PID=1481) to work on /home/airflow/.local/lib/python3.8/site-packages/airflow/example_dags/example_dag_decorator.py
[2025-11-06T22:45:54.851+0000] {processor.py:830} INFO - Processing file /home/airflow/.local/lib/python3.8/site-packages/airflow/example_dags/example_dag_decorator.py for tasks to queue
[2025-11-06T22:45:54.854+0000] {logging_mixin.py:188} INFO - [2025-11-06T22:45:54.853+0000] {dagbag.py:538} INFO - Filling up the DagBag from /home/airflow/.local/lib/python3.8/site-packages/airflow/example_dags/example_dag_decorator.py
[2025-11-06T22:45:55.450+0000] {processor.py:840} INFO - DAG(s) 'example_dag_decorator' retrieved from /home/airflow/.local/lib/python3.8/site-packages/airflow/example_dags/example_dag_decorator.py
[2025-11-06T22:45:56.410+0000] {logging_mixin.py:188} INFO - [2025-11-06T22:45:56.409+0000] {dag.py:3036} INFO - Sync 1 DAGs
[2025-11-06T22:45:56.559+0000] {logging_mixin.py:188} INFO - [2025-11-06T22:45:56.559+0000] {dag.py:3823} INFO - Setting next_dagrun for example_dag_decorator to None, run_after=None
[2025-11-06T22:45:56.704+0000] {processor.py:183} INFO - Processing /home/airflow/.local/lib/python3.8/site-packages/airflow/example_dags/example_dag_decorator.py took 1.867 seconds
[2025-11-06T22:46:26.925+0000] {processor.py:161} INFO - Started process (PID=1560) to work on /home/airflow/.local/lib/python3.8/site-packages/airflow/example_dags/example_dag_decorator.py
[2025-11-06T22:46:26.927+0000] {processor.py:830} INFO - Processing file /home/airflow/.local/lib/python3.8/site-packages/airflow/example_dags/example_dag_decorator.py for tasks to queue
[2025-11-06T22:46:26.932+0000] {logging_mixin.py:188} INFO - [2025-11-06T22:46:26.931+0000] {dagbag.py:538} INFO - Filling up the DagBag from /home/airflow/.local/lib/python3.8/site-packages/airflow/example_dags/example_dag_decorator.py
[2025-11-06T22:46:27.501+0000] {processor.py:840} INFO - DAG(s) 'example_dag_decorator' retrieved from /home/airflow/.local/lib/python3.8/site-packages/airflow/example_dags/example_dag_decorator.py
[2025-11-06T22:46:28.258+0000] {logging_mixin.py:188} INFO - [2025-11-06T22:46:28.257+0000] {dag.py:3036} INFO - Sync 1 DAGs
[2025-11-06T22:46:28.315+0000] {logging_mixin.py:188} INFO - [2025-11-06T22:46:28.314+0000] {dag.py:3823} INFO - Setting next_dagrun for example_dag_decorator to None, run_after=None
[2025-11-06T22:46:28.397+0000] {processor.py:183} INFO - Processing /home/airflow/.local/lib/python3.8/site-packages/airflow/example_dags/example_dag_decorator.py took 1.498 seconds
[2025-11-06T22:46:58.689+0000] {processor.py:161} INFO - Started process (PID=1627) to work on /home/airflow/.local/lib/python3.8/site-packages/airflow/example_dags/example_dag_decorator.py
[2025-11-06T22:46:58.694+0000] {processor.py:830} INFO - Processing file /home/airflow/.local/lib/python3.8/site-packages/airflow/example_dags/example_dag_decorator.py for tasks to queue
[2025-11-06T22:46:58.698+0000] {logging_mixin.py:188} INFO - [2025-11-06T22:46:58.697+0000] {dagbag.py:538} INFO - Filling up the DagBag from /home/airflow/.local/lib/python3.8/site-packages/airflow/example_dags/example_dag_decorator.py
[2025-11-06T22:46:59.201+0000] {processor.py:840} INFO - DAG(s) 'example_dag_decorator' retrieved from /home/airflow/.local/lib/python3.8/site-packages/airflow/example_dags/example_dag_decorator.py
[2025-11-06T22:46:59.407+0000] {logging_mixin.py:188} INFO - [2025-11-06T22:46:59.406+0000] {dag.py:3036} INFO - Sync 1 DAGs
[2025-11-06T22:46:59.458+0000] {logging_mixin.py:188} INFO - [2025-11-06T22:46:59.457+0000] {dag.py:3823} INFO - Setting next_dagrun for example_dag_decorator to None, run_after=None
[2025-11-06T22:46:59.520+0000] {processor.py:183} INFO - Processing /home/airflow/.local/lib/python3.8/site-packages/airflow/example_dags/example_dag_decorator.py took 0.844 seconds
[2025-11-06T22:47:55.560+0000] {processor.py:161} INFO - Started process (PID=1707) to work on /home/airflow/.local/lib/python3.8/site-packages/airflow/example_dags/example_dag_decorator.py
[2025-11-06T22:47:55.581+0000] {processor.py:830} INFO - Processing file /home/airflow/.local/lib/python3.8/site-packages/airflow/example_dags/example_dag_decorator.py for tasks to queue
[2025-11-06T22:47:55.635+0000] {logging_mixin.py:188} INFO - [2025-11-06T22:47:55.621+0000] {dagbag.py:538} INFO - Filling up the DagBag from /home/airflow/.local/lib/python3.8/site-packages/airflow/example_dags/example_dag_decorator.py
[2025-11-06T22:47:59.134+0000] {processor.py:840} INFO - DAG(s) 'example_dag_decorator' retrieved from /home/airflow/.local/lib/python3.8/site-packages/airflow/example_dags/example_dag_decorator.py
[2025-11-06T22:48:02.265+0000] {logging_mixin.py:188} INFO - [2025-11-06T22:48:02.261+0000] {dag.py:3036} INFO - Sync 1 DAGs
[2025-11-06T22:48:02.335+0000] {logging_mixin.py:188} INFO - [2025-11-06T22:48:02.335+0000] {dag.py:3823} INFO - Setting next_dagrun for example_dag_decorator to None, run_after=None
[2025-11-06T22:48:02.429+0000] {processor.py:183} INFO - Processing /home/airflow/.local/lib/python3.8/site-packages/airflow/example_dags/example_dag_decorator.py took 7.016 seconds
