[2025-11-06T22:21:12.587+0000] {processor.py:161} INFO - Started process (PID=231) to work on /home/airflow/.local/lib/python3.8/site-packages/airflow/example_dags/example_sensors.py
[2025-11-06T22:21:12.602+0000] {processor.py:830} INFO - Processing file /home/airflow/.local/lib/python3.8/site-packages/airflow/example_dags/example_sensors.py for tasks to queue
[2025-11-06T22:21:12.605+0000] {logging_mixin.py:188} INFO - [2025-11-06T22:21:12.604+0000] {dagbag.py:538} INFO - Filling up the DagBag from /home/airflow/.local/lib/python3.8/site-packages/airflow/example_dags/example_sensors.py
[2025-11-06T22:21:12.722+0000] {processor.py:840} INFO - DAG(s) 'example_sensors' retrieved from /home/airflow/.local/lib/python3.8/site-packages/airflow/example_dags/example_sensors.py
[2025-11-06T22:21:13.781+0000] {logging_mixin.py:188} INFO - [2025-11-06T22:21:13.772+0000] {dag.py:3036} INFO - Sync 1 DAGs
[2025-11-06T22:21:13.892+0000] {logging_mixin.py:188} INFO - [2025-11-06T22:21:13.891+0000] {dag.py:3823} INFO - Setting next_dagrun for example_sensors to None, run_after=None
[2025-11-06T22:21:14.095+0000] {processor.py:183} INFO - Processing /home/airflow/.local/lib/python3.8/site-packages/airflow/example_dags/example_sensors.py took 1.552 seconds
[2025-11-06T22:22:00.263+0000] {processor.py:161} INFO - Started process (PID=314) to work on /home/airflow/.local/lib/python3.8/site-packages/airflow/example_dags/example_sensors.py
[2025-11-06T22:22:00.271+0000] {processor.py:830} INFO - Processing file /home/airflow/.local/lib/python3.8/site-packages/airflow/example_dags/example_sensors.py for tasks to queue
[2025-11-06T22:22:00.279+0000] {logging_mixin.py:188} INFO - [2025-11-06T22:22:00.278+0000] {dagbag.py:538} INFO - Filling up the DagBag from /home/airflow/.local/lib/python3.8/site-packages/airflow/example_dags/example_sensors.py
[2025-11-06T22:22:00.377+0000] {processor.py:840} INFO - DAG(s) 'example_sensors' retrieved from /home/airflow/.local/lib/python3.8/site-packages/airflow/example_dags/example_sensors.py
[2025-11-06T22:22:00.540+0000] {logging_mixin.py:188} INFO - [2025-11-06T22:22:00.538+0000] {dag.py:3036} INFO - Sync 1 DAGs
[2025-11-06T22:22:00.675+0000] {logging_mixin.py:188} INFO - [2025-11-06T22:22:00.674+0000] {dag.py:3823} INFO - Setting next_dagrun for example_sensors to None, run_after=None
[2025-11-06T22:22:00.840+0000] {processor.py:183} INFO - Processing /home/airflow/.local/lib/python3.8/site-packages/airflow/example_dags/example_sensors.py took 0.596 seconds
[2025-11-06T22:22:32.757+0000] {processor.py:161} INFO - Started process (PID=387) to work on /home/airflow/.local/lib/python3.8/site-packages/airflow/example_dags/example_sensors.py
[2025-11-06T22:22:32.760+0000] {processor.py:830} INFO - Processing file /home/airflow/.local/lib/python3.8/site-packages/airflow/example_dags/example_sensors.py for tasks to queue
[2025-11-06T22:22:32.764+0000] {logging_mixin.py:188} INFO - [2025-11-06T22:22:32.763+0000] {dagbag.py:538} INFO - Filling up the DagBag from /home/airflow/.local/lib/python3.8/site-packages/airflow/example_dags/example_sensors.py
[2025-11-06T22:22:32.835+0000] {processor.py:840} INFO - DAG(s) 'example_sensors' retrieved from /home/airflow/.local/lib/python3.8/site-packages/airflow/example_dags/example_sensors.py
[2025-11-06T22:22:33.021+0000] {logging_mixin.py:188} INFO - [2025-11-06T22:22:33.010+0000] {dag.py:3036} INFO - Sync 1 DAGs
[2025-11-06T22:22:33.124+0000] {logging_mixin.py:188} INFO - [2025-11-06T22:22:33.123+0000] {dag.py:3823} INFO - Setting next_dagrun for example_sensors to None, run_after=None
[2025-11-06T22:22:33.331+0000] {processor.py:183} INFO - Processing /home/airflow/.local/lib/python3.8/site-packages/airflow/example_dags/example_sensors.py took 0.583 seconds
[2025-11-06T22:33:20.570+0000] {processor.py:161} INFO - Started process (PID=145) to work on /home/airflow/.local/lib/python3.8/site-packages/airflow/example_dags/example_sensors.py
[2025-11-06T22:33:20.576+0000] {processor.py:830} INFO - Processing file /home/airflow/.local/lib/python3.8/site-packages/airflow/example_dags/example_sensors.py for tasks to queue
[2025-11-06T22:33:20.585+0000] {logging_mixin.py:188} INFO - [2025-11-06T22:33:20.581+0000] {dagbag.py:538} INFO - Filling up the DagBag from /home/airflow/.local/lib/python3.8/site-packages/airflow/example_dags/example_sensors.py
[2025-11-06T22:33:20.671+0000] {processor.py:840} INFO - DAG(s) 'example_sensors' retrieved from /home/airflow/.local/lib/python3.8/site-packages/airflow/example_dags/example_sensors.py
[2025-11-06T22:33:21.222+0000] {logging_mixin.py:188} INFO - [2025-11-06T22:33:21.221+0000] {dag.py:3036} INFO - Sync 1 DAGs
[2025-11-06T22:33:21.272+0000] {logging_mixin.py:188} INFO - [2025-11-06T22:33:21.272+0000] {dag.py:3823} INFO - Setting next_dagrun for example_sensors to None, run_after=None
[2025-11-06T22:33:21.378+0000] {processor.py:183} INFO - Processing /home/airflow/.local/lib/python3.8/site-packages/airflow/example_dags/example_sensors.py took 0.836 seconds
[2025-11-06T22:33:52.311+0000] {processor.py:161} INFO - Started process (PID=218) to work on /home/airflow/.local/lib/python3.8/site-packages/airflow/example_dags/example_sensors.py
[2025-11-06T22:33:52.312+0000] {processor.py:830} INFO - Processing file /home/airflow/.local/lib/python3.8/site-packages/airflow/example_dags/example_sensors.py for tasks to queue
[2025-11-06T22:33:52.313+0000] {logging_mixin.py:188} INFO - [2025-11-06T22:33:52.313+0000] {dagbag.py:538} INFO - Filling up the DagBag from /home/airflow/.local/lib/python3.8/site-packages/airflow/example_dags/example_sensors.py
[2025-11-06T22:33:52.322+0000] {processor.py:840} INFO - DAG(s) 'example_sensors' retrieved from /home/airflow/.local/lib/python3.8/site-packages/airflow/example_dags/example_sensors.py
[2025-11-06T22:33:52.347+0000] {logging_mixin.py:188} INFO - [2025-11-06T22:33:52.347+0000] {dag.py:3036} INFO - Sync 1 DAGs
[2025-11-06T22:33:52.359+0000] {logging_mixin.py:188} INFO - [2025-11-06T22:33:52.359+0000] {dag.py:3823} INFO - Setting next_dagrun for example_sensors to None, run_after=None
[2025-11-06T22:33:52.399+0000] {processor.py:183} INFO - Processing /home/airflow/.local/lib/python3.8/site-packages/airflow/example_dags/example_sensors.py took 0.091 seconds
[2025-11-06T22:34:29.132+0000] {processor.py:161} INFO - Started process (PID=299) to work on /home/airflow/.local/lib/python3.8/site-packages/airflow/example_dags/example_sensors.py
[2025-11-06T22:34:29.135+0000] {processor.py:830} INFO - Processing file /home/airflow/.local/lib/python3.8/site-packages/airflow/example_dags/example_sensors.py for tasks to queue
[2025-11-06T22:34:29.143+0000] {logging_mixin.py:188} INFO - [2025-11-06T22:34:29.142+0000] {dagbag.py:538} INFO - Filling up the DagBag from /home/airflow/.local/lib/python3.8/site-packages/airflow/example_dags/example_sensors.py
[2025-11-06T22:34:29.215+0000] {processor.py:840} INFO - DAG(s) 'example_sensors' retrieved from /home/airflow/.local/lib/python3.8/site-packages/airflow/example_dags/example_sensors.py
[2025-11-06T22:34:29.593+0000] {logging_mixin.py:188} INFO - [2025-11-06T22:34:29.593+0000] {dag.py:3036} INFO - Sync 1 DAGs
[2025-11-06T22:34:29.651+0000] {logging_mixin.py:188} INFO - [2025-11-06T22:34:29.649+0000] {dag.py:3823} INFO - Setting next_dagrun for example_sensors to None, run_after=None
[2025-11-06T22:34:29.760+0000] {processor.py:183} INFO - Processing /home/airflow/.local/lib/python3.8/site-packages/airflow/example_dags/example_sensors.py took 0.645 seconds
[2025-11-06T22:35:00.585+0000] {processor.py:161} INFO - Started process (PID=365) to work on /home/airflow/.local/lib/python3.8/site-packages/airflow/example_dags/example_sensors.py
[2025-11-06T22:35:00.596+0000] {processor.py:830} INFO - Processing file /home/airflow/.local/lib/python3.8/site-packages/airflow/example_dags/example_sensors.py for tasks to queue
[2025-11-06T22:35:00.630+0000] {logging_mixin.py:188} INFO - [2025-11-06T22:35:00.612+0000] {dagbag.py:538} INFO - Filling up the DagBag from /home/airflow/.local/lib/python3.8/site-packages/airflow/example_dags/example_sensors.py
[2025-11-06T22:35:00.888+0000] {processor.py:840} INFO - DAG(s) 'example_sensors' retrieved from /home/airflow/.local/lib/python3.8/site-packages/airflow/example_dags/example_sensors.py
[2025-11-06T22:35:01.419+0000] {logging_mixin.py:188} INFO - [2025-11-06T22:35:01.418+0000] {dag.py:3036} INFO - Sync 1 DAGs
[2025-11-06T22:35:01.708+0000] {logging_mixin.py:188} INFO - [2025-11-06T22:35:01.694+0000] {dag.py:3823} INFO - Setting next_dagrun for example_sensors to None, run_after=None
[2025-11-06T22:35:02.042+0000] {processor.py:183} INFO - Processing /home/airflow/.local/lib/python3.8/site-packages/airflow/example_dags/example_sensors.py took 1.511 seconds
[2025-11-06T22:35:33.259+0000] {processor.py:161} INFO - Started process (PID=439) to work on /home/airflow/.local/lib/python3.8/site-packages/airflow/example_dags/example_sensors.py
[2025-11-06T22:35:33.261+0000] {processor.py:830} INFO - Processing file /home/airflow/.local/lib/python3.8/site-packages/airflow/example_dags/example_sensors.py for tasks to queue
[2025-11-06T22:35:33.265+0000] {logging_mixin.py:188} INFO - [2025-11-06T22:35:33.264+0000] {dagbag.py:538} INFO - Filling up the DagBag from /home/airflow/.local/lib/python3.8/site-packages/airflow/example_dags/example_sensors.py
[2025-11-06T22:35:33.303+0000] {processor.py:840} INFO - DAG(s) 'example_sensors' retrieved from /home/airflow/.local/lib/python3.8/site-packages/airflow/example_dags/example_sensors.py
[2025-11-06T22:35:33.427+0000] {logging_mixin.py:188} INFO - [2025-11-06T22:35:33.427+0000] {dag.py:3036} INFO - Sync 1 DAGs
[2025-11-06T22:35:33.566+0000] {logging_mixin.py:188} INFO - [2025-11-06T22:35:33.565+0000] {dag.py:3823} INFO - Setting next_dagrun for example_sensors to None, run_after=None
[2025-11-06T22:35:33.661+0000] {processor.py:183} INFO - Processing /home/airflow/.local/lib/python3.8/site-packages/airflow/example_dags/example_sensors.py took 0.417 seconds
[2025-11-06T22:36:04.299+0000] {processor.py:161} INFO - Started process (PID=511) to work on /home/airflow/.local/lib/python3.8/site-packages/airflow/example_dags/example_sensors.py
[2025-11-06T22:36:04.302+0000] {processor.py:830} INFO - Processing file /home/airflow/.local/lib/python3.8/site-packages/airflow/example_dags/example_sensors.py for tasks to queue
[2025-11-06T22:36:04.313+0000] {logging_mixin.py:188} INFO - [2025-11-06T22:36:04.305+0000] {dagbag.py:538} INFO - Filling up the DagBag from /home/airflow/.local/lib/python3.8/site-packages/airflow/example_dags/example_sensors.py
[2025-11-06T22:36:04.350+0000] {processor.py:840} INFO - DAG(s) 'example_sensors' retrieved from /home/airflow/.local/lib/python3.8/site-packages/airflow/example_dags/example_sensors.py
[2025-11-06T22:36:04.431+0000] {logging_mixin.py:188} INFO - [2025-11-06T22:36:04.430+0000] {dag.py:3036} INFO - Sync 1 DAGs
[2025-11-06T22:36:04.496+0000] {logging_mixin.py:188} INFO - [2025-11-06T22:36:04.495+0000] {dag.py:3823} INFO - Setting next_dagrun for example_sensors to None, run_after=None
[2025-11-06T22:36:04.563+0000] {processor.py:183} INFO - Processing /home/airflow/.local/lib/python3.8/site-packages/airflow/example_dags/example_sensors.py took 0.276 seconds
[2025-11-06T22:36:35.055+0000] {processor.py:161} INFO - Started process (PID=592) to work on /home/airflow/.local/lib/python3.8/site-packages/airflow/example_dags/example_sensors.py
[2025-11-06T22:36:35.063+0000] {processor.py:830} INFO - Processing file /home/airflow/.local/lib/python3.8/site-packages/airflow/example_dags/example_sensors.py for tasks to queue
[2025-11-06T22:36:35.069+0000] {logging_mixin.py:188} INFO - [2025-11-06T22:36:35.067+0000] {dagbag.py:538} INFO - Filling up the DagBag from /home/airflow/.local/lib/python3.8/site-packages/airflow/example_dags/example_sensors.py
[2025-11-06T22:36:35.125+0000] {processor.py:840} INFO - DAG(s) 'example_sensors' retrieved from /home/airflow/.local/lib/python3.8/site-packages/airflow/example_dags/example_sensors.py
[2025-11-06T22:36:35.263+0000] {logging_mixin.py:188} INFO - [2025-11-06T22:36:35.262+0000] {dag.py:3036} INFO - Sync 1 DAGs
[2025-11-06T22:36:35.330+0000] {logging_mixin.py:188} INFO - [2025-11-06T22:36:35.329+0000] {dag.py:3823} INFO - Setting next_dagrun for example_sensors to None, run_after=None
[2025-11-06T22:36:35.399+0000] {processor.py:183} INFO - Processing /home/airflow/.local/lib/python3.8/site-packages/airflow/example_dags/example_sensors.py took 0.366 seconds
[2025-11-06T22:37:05.634+0000] {processor.py:161} INFO - Started process (PID=673) to work on /home/airflow/.local/lib/python3.8/site-packages/airflow/example_dags/example_sensors.py
[2025-11-06T22:37:05.636+0000] {processor.py:830} INFO - Processing file /home/airflow/.local/lib/python3.8/site-packages/airflow/example_dags/example_sensors.py for tasks to queue
[2025-11-06T22:37:05.640+0000] {logging_mixin.py:188} INFO - [2025-11-06T22:37:05.639+0000] {dagbag.py:538} INFO - Filling up the DagBag from /home/airflow/.local/lib/python3.8/site-packages/airflow/example_dags/example_sensors.py
[2025-11-06T22:37:05.674+0000] {processor.py:840} INFO - DAG(s) 'example_sensors' retrieved from /home/airflow/.local/lib/python3.8/site-packages/airflow/example_dags/example_sensors.py
[2025-11-06T22:37:05.768+0000] {logging_mixin.py:188} INFO - [2025-11-06T22:37:05.767+0000] {dag.py:3036} INFO - Sync 1 DAGs
[2025-11-06T22:37:05.818+0000] {logging_mixin.py:188} INFO - [2025-11-06T22:37:05.818+0000] {dag.py:3823} INFO - Setting next_dagrun for example_sensors to None, run_after=None
[2025-11-06T22:37:05.898+0000] {processor.py:183} INFO - Processing /home/airflow/.local/lib/python3.8/site-packages/airflow/example_dags/example_sensors.py took 0.274 seconds
[2025-11-06T22:37:36.175+0000] {processor.py:161} INFO - Started process (PID=740) to work on /home/airflow/.local/lib/python3.8/site-packages/airflow/example_dags/example_sensors.py
[2025-11-06T22:37:36.177+0000] {processor.py:830} INFO - Processing file /home/airflow/.local/lib/python3.8/site-packages/airflow/example_dags/example_sensors.py for tasks to queue
[2025-11-06T22:37:36.179+0000] {logging_mixin.py:188} INFO - [2025-11-06T22:37:36.178+0000] {dagbag.py:538} INFO - Filling up the DagBag from /home/airflow/.local/lib/python3.8/site-packages/airflow/example_dags/example_sensors.py
[2025-11-06T22:37:36.199+0000] {processor.py:840} INFO - DAG(s) 'example_sensors' retrieved from /home/airflow/.local/lib/python3.8/site-packages/airflow/example_dags/example_sensors.py
[2025-11-06T22:37:36.258+0000] {logging_mixin.py:188} INFO - [2025-11-06T22:37:36.258+0000] {dag.py:3036} INFO - Sync 1 DAGs
[2025-11-06T22:37:36.291+0000] {logging_mixin.py:188} INFO - [2025-11-06T22:37:36.291+0000] {dag.py:3823} INFO - Setting next_dagrun for example_sensors to None, run_after=None
[2025-11-06T22:37:36.337+0000] {processor.py:183} INFO - Processing /home/airflow/.local/lib/python3.8/site-packages/airflow/example_dags/example_sensors.py took 0.170 seconds
[2025-11-06T22:40:06.715+0000] {processor.py:161} INFO - Started process (PID=854) to work on /home/airflow/.local/lib/python3.8/site-packages/airflow/example_dags/example_sensors.py
[2025-11-06T22:40:06.753+0000] {processor.py:830} INFO - Processing file /home/airflow/.local/lib/python3.8/site-packages/airflow/example_dags/example_sensors.py for tasks to queue
[2025-11-06T22:40:06.778+0000] {logging_mixin.py:188} INFO - [2025-11-06T22:40:06.776+0000] {dagbag.py:538} INFO - Filling up the DagBag from /home/airflow/.local/lib/python3.8/site-packages/airflow/example_dags/example_sensors.py
[2025-11-06T22:40:07.075+0000] {processor.py:840} INFO - DAG(s) 'example_sensors' retrieved from /home/airflow/.local/lib/python3.8/site-packages/airflow/example_dags/example_sensors.py
[2025-11-06T22:40:07.759+0000] {logging_mixin.py:188} INFO - [2025-11-06T22:40:07.754+0000] {dag.py:3036} INFO - Sync 1 DAGs
[2025-11-06T22:40:08.119+0000] {logging_mixin.py:188} INFO - [2025-11-06T22:40:08.115+0000] {dag.py:3823} INFO - Setting next_dagrun for example_sensors to None, run_after=None
[2025-11-06T22:40:08.404+0000] {processor.py:183} INFO - Processing /home/airflow/.local/lib/python3.8/site-packages/airflow/example_dags/example_sensors.py took 1.850 seconds
[2025-11-06T22:40:44.960+0000] {processor.py:161} INFO - Started process (PID=935) to work on /home/airflow/.local/lib/python3.8/site-packages/airflow/example_dags/example_sensors.py
[2025-11-06T22:40:44.971+0000] {processor.py:830} INFO - Processing file /home/airflow/.local/lib/python3.8/site-packages/airflow/example_dags/example_sensors.py for tasks to queue
[2025-11-06T22:40:44.982+0000] {logging_mixin.py:188} INFO - [2025-11-06T22:40:44.978+0000] {dagbag.py:538} INFO - Filling up the DagBag from /home/airflow/.local/lib/python3.8/site-packages/airflow/example_dags/example_sensors.py
[2025-11-06T22:40:45.310+0000] {processor.py:840} INFO - DAG(s) 'example_sensors' retrieved from /home/airflow/.local/lib/python3.8/site-packages/airflow/example_dags/example_sensors.py
[2025-11-06T22:40:45.685+0000] {logging_mixin.py:188} INFO - [2025-11-06T22:40:45.678+0000] {dag.py:3036} INFO - Sync 1 DAGs
[2025-11-06T22:40:45.796+0000] {logging_mixin.py:188} INFO - [2025-11-06T22:40:45.795+0000] {dag.py:3823} INFO - Setting next_dagrun for example_sensors to None, run_after=None
[2025-11-06T22:40:46.051+0000] {processor.py:183} INFO - Processing /home/airflow/.local/lib/python3.8/site-packages/airflow/example_dags/example_sensors.py took 1.128 seconds
[2025-11-06T22:41:26.138+0000] {processor.py:161} INFO - Started process (PID=1016) to work on /home/airflow/.local/lib/python3.8/site-packages/airflow/example_dags/example_sensors.py
[2025-11-06T22:41:26.140+0000] {processor.py:830} INFO - Processing file /home/airflow/.local/lib/python3.8/site-packages/airflow/example_dags/example_sensors.py for tasks to queue
[2025-11-06T22:41:26.143+0000] {logging_mixin.py:188} INFO - [2025-11-06T22:41:26.142+0000] {dagbag.py:538} INFO - Filling up the DagBag from /home/airflow/.local/lib/python3.8/site-packages/airflow/example_dags/example_sensors.py
[2025-11-06T22:41:26.181+0000] {processor.py:840} INFO - DAG(s) 'example_sensors' retrieved from /home/airflow/.local/lib/python3.8/site-packages/airflow/example_dags/example_sensors.py
[2025-11-06T22:41:26.306+0000] {logging_mixin.py:188} INFO - [2025-11-06T22:41:26.305+0000] {dag.py:3036} INFO - Sync 1 DAGs
[2025-11-06T22:41:26.338+0000] {logging_mixin.py:188} INFO - [2025-11-06T22:41:26.338+0000] {dag.py:3823} INFO - Setting next_dagrun for example_sensors to None, run_after=None
[2025-11-06T22:41:28.937+0000] {processor.py:183} INFO - Processing /home/airflow/.local/lib/python3.8/site-packages/airflow/example_dags/example_sensors.py took 1.353 seconds
[2025-11-06T22:42:00.354+0000] {processor.py:161} INFO - Started process (PID=1097) to work on /home/airflow/.local/lib/python3.8/site-packages/airflow/example_dags/example_sensors.py
[2025-11-06T22:42:00.362+0000] {processor.py:830} INFO - Processing file /home/airflow/.local/lib/python3.8/site-packages/airflow/example_dags/example_sensors.py for tasks to queue
[2025-11-06T22:42:00.380+0000] {logging_mixin.py:188} INFO - [2025-11-06T22:42:00.378+0000] {dagbag.py:538} INFO - Filling up the DagBag from /home/airflow/.local/lib/python3.8/site-packages/airflow/example_dags/example_sensors.py
[2025-11-06T22:42:00.449+0000] {processor.py:840} INFO - DAG(s) 'example_sensors' retrieved from /home/airflow/.local/lib/python3.8/site-packages/airflow/example_dags/example_sensors.py
[2025-11-06T22:42:00.719+0000] {logging_mixin.py:188} INFO - [2025-11-06T22:42:00.718+0000] {dag.py:3036} INFO - Sync 1 DAGs
[2025-11-06T22:42:00.836+0000] {logging_mixin.py:188} INFO - [2025-11-06T22:42:00.835+0000] {dag.py:3823} INFO - Setting next_dagrun for example_sensors to None, run_after=None
[2025-11-06T22:42:01.117+0000] {processor.py:183} INFO - Processing /home/airflow/.local/lib/python3.8/site-packages/airflow/example_dags/example_sensors.py took 0.812 seconds
[2025-11-06T22:42:44.152+0000] {processor.py:161} INFO - Started process (PID=1169) to work on /home/airflow/.local/lib/python3.8/site-packages/airflow/example_dags/example_sensors.py
[2025-11-06T22:42:44.166+0000] {processor.py:830} INFO - Processing file /home/airflow/.local/lib/python3.8/site-packages/airflow/example_dags/example_sensors.py for tasks to queue
[2025-11-06T22:42:44.195+0000] {logging_mixin.py:188} INFO - [2025-11-06T22:42:44.176+0000] {dagbag.py:538} INFO - Filling up the DagBag from /home/airflow/.local/lib/python3.8/site-packages/airflow/example_dags/example_sensors.py
[2025-11-06T22:42:44.355+0000] {processor.py:840} INFO - DAG(s) 'example_sensors' retrieved from /home/airflow/.local/lib/python3.8/site-packages/airflow/example_dags/example_sensors.py
[2025-11-06T22:42:44.938+0000] {logging_mixin.py:188} INFO - [2025-11-06T22:42:44.937+0000] {dag.py:3036} INFO - Sync 1 DAGs
[2025-11-06T22:42:45.257+0000] {logging_mixin.py:188} INFO - [2025-11-06T22:42:45.257+0000] {dag.py:3823} INFO - Setting next_dagrun for example_sensors to None, run_after=None
[2025-11-06T22:42:45.688+0000] {processor.py:183} INFO - Processing /home/airflow/.local/lib/python3.8/site-packages/airflow/example_dags/example_sensors.py took 1.565 seconds
[2025-11-06T22:43:21.025+0000] {processor.py:161} INFO - Started process (PID=1250) to work on /home/airflow/.local/lib/python3.8/site-packages/airflow/example_dags/example_sensors.py
[2025-11-06T22:43:21.030+0000] {processor.py:830} INFO - Processing file /home/airflow/.local/lib/python3.8/site-packages/airflow/example_dags/example_sensors.py for tasks to queue
[2025-11-06T22:43:21.033+0000] {logging_mixin.py:188} INFO - [2025-11-06T22:43:21.032+0000] {dagbag.py:538} INFO - Filling up the DagBag from /home/airflow/.local/lib/python3.8/site-packages/airflow/example_dags/example_sensors.py
[2025-11-06T22:43:21.123+0000] {processor.py:840} INFO - DAG(s) 'example_sensors' retrieved from /home/airflow/.local/lib/python3.8/site-packages/airflow/example_dags/example_sensors.py
[2025-11-06T22:43:21.266+0000] {logging_mixin.py:188} INFO - [2025-11-06T22:43:21.265+0000] {dag.py:3036} INFO - Sync 1 DAGs
[2025-11-06T22:43:21.321+0000] {logging_mixin.py:188} INFO - [2025-11-06T22:43:21.318+0000] {dag.py:3823} INFO - Setting next_dagrun for example_sensors to None, run_after=None
[2025-11-06T22:43:21.480+0000] {processor.py:183} INFO - Processing /home/airflow/.local/lib/python3.8/site-packages/airflow/example_dags/example_sensors.py took 0.475 seconds
[2025-11-06T22:44:14.429+0000] {processor.py:161} INFO - Started process (PID=1331) to work on /home/airflow/.local/lib/python3.8/site-packages/airflow/example_dags/example_sensors.py
[2025-11-06T22:44:14.445+0000] {processor.py:830} INFO - Processing file /home/airflow/.local/lib/python3.8/site-packages/airflow/example_dags/example_sensors.py for tasks to queue
[2025-11-06T22:44:14.466+0000] {logging_mixin.py:188} INFO - [2025-11-06T22:44:14.463+0000] {dagbag.py:538} INFO - Filling up the DagBag from /home/airflow/.local/lib/python3.8/site-packages/airflow/example_dags/example_sensors.py
[2025-11-06T22:44:14.668+0000] {processor.py:840} INFO - DAG(s) 'example_sensors' retrieved from /home/airflow/.local/lib/python3.8/site-packages/airflow/example_dags/example_sensors.py
[2025-11-06T22:44:15.244+0000] {logging_mixin.py:188} INFO - [2025-11-06T22:44:15.243+0000] {dag.py:3036} INFO - Sync 1 DAGs
[2025-11-06T22:44:15.338+0000] {logging_mixin.py:188} INFO - [2025-11-06T22:44:15.337+0000] {dag.py:3823} INFO - Setting next_dagrun for example_sensors to None, run_after=None
[2025-11-06T22:44:15.710+0000] {processor.py:183} INFO - Processing /home/airflow/.local/lib/python3.8/site-packages/airflow/example_dags/example_sensors.py took 1.338 seconds
[2025-11-06T22:45:37.966+0000] {processor.py:161} INFO - Started process (PID=1446) to work on /home/airflow/.local/lib/python3.8/site-packages/airflow/example_dags/example_sensors.py
[2025-11-06T22:45:37.972+0000] {processor.py:830} INFO - Processing file /home/airflow/.local/lib/python3.8/site-packages/airflow/example_dags/example_sensors.py for tasks to queue
[2025-11-06T22:45:37.990+0000] {logging_mixin.py:188} INFO - [2025-11-06T22:45:37.989+0000] {dagbag.py:538} INFO - Filling up the DagBag from /home/airflow/.local/lib/python3.8/site-packages/airflow/example_dags/example_sensors.py
[2025-11-06T22:45:38.186+0000] {processor.py:840} INFO - DAG(s) 'example_sensors' retrieved from /home/airflow/.local/lib/python3.8/site-packages/airflow/example_dags/example_sensors.py
[2025-11-06T22:45:38.743+0000] {logging_mixin.py:188} INFO - [2025-11-06T22:45:38.743+0000] {dag.py:3036} INFO - Sync 1 DAGs
[2025-11-06T22:45:38.909+0000] {logging_mixin.py:188} INFO - [2025-11-06T22:45:38.904+0000] {dag.py:3823} INFO - Setting next_dagrun for example_sensors to None, run_after=None
[2025-11-06T22:45:39.090+0000] {processor.py:183} INFO - Processing /home/airflow/.local/lib/python3.8/site-packages/airflow/example_dags/example_sensors.py took 1.148 seconds
[2025-11-06T22:46:10.178+0000] {processor.py:161} INFO - Started process (PID=1521) to work on /home/airflow/.local/lib/python3.8/site-packages/airflow/example_dags/example_sensors.py
[2025-11-06T22:46:10.183+0000] {processor.py:830} INFO - Processing file /home/airflow/.local/lib/python3.8/site-packages/airflow/example_dags/example_sensors.py for tasks to queue
[2025-11-06T22:46:10.187+0000] {logging_mixin.py:188} INFO - [2025-11-06T22:46:10.186+0000] {dagbag.py:538} INFO - Filling up the DagBag from /home/airflow/.local/lib/python3.8/site-packages/airflow/example_dags/example_sensors.py
[2025-11-06T22:46:10.267+0000] {processor.py:840} INFO - DAG(s) 'example_sensors' retrieved from /home/airflow/.local/lib/python3.8/site-packages/airflow/example_dags/example_sensors.py
[2025-11-06T22:46:10.549+0000] {logging_mixin.py:188} INFO - [2025-11-06T22:46:10.548+0000] {dag.py:3036} INFO - Sync 1 DAGs
[2025-11-06T22:46:10.660+0000] {logging_mixin.py:188} INFO - [2025-11-06T22:46:10.659+0000] {dag.py:3823} INFO - Setting next_dagrun for example_sensors to None, run_after=None
[2025-11-06T22:46:10.876+0000] {processor.py:183} INFO - Processing /home/airflow/.local/lib/python3.8/site-packages/airflow/example_dags/example_sensors.py took 0.720 seconds
[2025-11-06T22:46:41.219+0000] {processor.py:161} INFO - Started process (PID=1595) to work on /home/airflow/.local/lib/python3.8/site-packages/airflow/example_dags/example_sensors.py
[2025-11-06T22:46:41.231+0000] {processor.py:830} INFO - Processing file /home/airflow/.local/lib/python3.8/site-packages/airflow/example_dags/example_sensors.py for tasks to queue
[2025-11-06T22:46:41.237+0000] {logging_mixin.py:188} INFO - [2025-11-06T22:46:41.234+0000] {dagbag.py:538} INFO - Filling up the DagBag from /home/airflow/.local/lib/python3.8/site-packages/airflow/example_dags/example_sensors.py
[2025-11-06T22:46:41.340+0000] {processor.py:840} INFO - DAG(s) 'example_sensors' retrieved from /home/airflow/.local/lib/python3.8/site-packages/airflow/example_dags/example_sensors.py
[2025-11-06T22:46:41.632+0000] {logging_mixin.py:188} INFO - [2025-11-06T22:46:41.632+0000] {dag.py:3036} INFO - Sync 1 DAGs
[2025-11-06T22:46:41.719+0000] {logging_mixin.py:188} INFO - [2025-11-06T22:46:41.718+0000] {dag.py:3823} INFO - Setting next_dagrun for example_sensors to None, run_after=None
[2025-11-06T22:46:41.827+0000] {processor.py:183} INFO - Processing /home/airflow/.local/lib/python3.8/site-packages/airflow/example_dags/example_sensors.py took 0.625 seconds
[2025-11-06T22:47:12.508+0000] {processor.py:161} INFO - Started process (PID=1668) to work on /home/airflow/.local/lib/python3.8/site-packages/airflow/example_dags/example_sensors.py
[2025-11-06T22:47:12.510+0000] {processor.py:830} INFO - Processing file /home/airflow/.local/lib/python3.8/site-packages/airflow/example_dags/example_sensors.py for tasks to queue
[2025-11-06T22:47:12.512+0000] {logging_mixin.py:188} INFO - [2025-11-06T22:47:12.512+0000] {dagbag.py:538} INFO - Filling up the DagBag from /home/airflow/.local/lib/python3.8/site-packages/airflow/example_dags/example_sensors.py
[2025-11-06T22:47:12.544+0000] {processor.py:840} INFO - DAG(s) 'example_sensors' retrieved from /home/airflow/.local/lib/python3.8/site-packages/airflow/example_dags/example_sensors.py
[2025-11-06T22:47:12.647+0000] {logging_mixin.py:188} INFO - [2025-11-06T22:47:12.646+0000] {dag.py:3036} INFO - Sync 1 DAGs
[2025-11-06T22:47:12.709+0000] {logging_mixin.py:188} INFO - [2025-11-06T22:47:12.708+0000] {dag.py:3823} INFO - Setting next_dagrun for example_sensors to None, run_after=None
[2025-11-06T22:47:12.793+0000] {processor.py:183} INFO - Processing /home/airflow/.local/lib/python3.8/site-packages/airflow/example_dags/example_sensors.py took 0.296 seconds
