[2025-11-06T22:21:10.896+0000] {processor.py:161} INFO - Started process (PID=224) to work on /home/airflow/.local/lib/python3.8/site-packages/airflow/example_dags/example_external_task_marker_dag.py
[2025-11-06T22:21:10.900+0000] {processor.py:830} INFO - Processing file /home/airflow/.local/lib/python3.8/site-packages/airflow/example_dags/example_external_task_marker_dag.py for tasks to queue
[2025-11-06T22:21:10.905+0000] {logging_mixin.py:188} INFO - [2025-11-06T22:21:10.904+0000] {dagbag.py:538} INFO - Filling up the DagBag from /home/airflow/.local/lib/python3.8/site-packages/airflow/example_dags/example_external_task_marker_dag.py
[2025-11-06T22:21:10.973+0000] {processor.py:840} INFO - DAG(s) 'example_external_task_marker_child', 'example_external_task_marker_parent' retrieved from /home/airflow/.local/lib/python3.8/site-packages/airflow/example_dags/example_external_task_marker_dag.py
[2025-11-06T22:21:11.913+0000] {logging_mixin.py:188} INFO - [2025-11-06T22:21:11.912+0000] {dag.py:3036} INFO - Sync 2 DAGs
[2025-11-06T22:21:12.011+0000] {logging_mixin.py:188} INFO - [2025-11-06T22:21:12.004+0000] {dag.py:3823} INFO - Setting next_dagrun for example_external_task_marker_child to None, run_after=None
[2025-11-06T22:21:12.046+0000] {logging_mixin.py:188} INFO - [2025-11-06T22:21:12.045+0000] {dag.py:3823} INFO - Setting next_dagrun for example_external_task_marker_parent to None, run_after=None
[2025-11-06T22:21:12.399+0000] {processor.py:183} INFO - Processing /home/airflow/.local/lib/python3.8/site-packages/airflow/example_dags/example_external_task_marker_dag.py took 1.521 seconds
[2025-11-06T22:21:59.751+0000] {processor.py:161} INFO - Started process (PID=313) to work on /home/airflow/.local/lib/python3.8/site-packages/airflow/example_dags/example_external_task_marker_dag.py
[2025-11-06T22:21:59.787+0000] {processor.py:830} INFO - Processing file /home/airflow/.local/lib/python3.8/site-packages/airflow/example_dags/example_external_task_marker_dag.py for tasks to queue
[2025-11-06T22:21:59.793+0000] {logging_mixin.py:188} INFO - [2025-11-06T22:21:59.791+0000] {dagbag.py:538} INFO - Filling up the DagBag from /home/airflow/.local/lib/python3.8/site-packages/airflow/example_dags/example_external_task_marker_dag.py
[2025-11-06T22:21:59.885+0000] {processor.py:840} INFO - DAG(s) 'example_external_task_marker_child', 'example_external_task_marker_parent' retrieved from /home/airflow/.local/lib/python3.8/site-packages/airflow/example_dags/example_external_task_marker_dag.py
[2025-11-06T22:22:00.255+0000] {logging_mixin.py:188} INFO - [2025-11-06T22:22:00.254+0000] {dag.py:3036} INFO - Sync 2 DAGs
[2025-11-06T22:22:00.353+0000] {logging_mixin.py:188} INFO - [2025-11-06T22:22:00.352+0000] {dag.py:3823} INFO - Setting next_dagrun for example_external_task_marker_child to None, run_after=None
[2025-11-06T22:22:00.382+0000] {logging_mixin.py:188} INFO - [2025-11-06T22:22:00.382+0000] {dag.py:3823} INFO - Setting next_dagrun for example_external_task_marker_parent to None, run_after=None
[2025-11-06T22:22:00.598+0000] {processor.py:183} INFO - Processing /home/airflow/.local/lib/python3.8/site-packages/airflow/example_dags/example_external_task_marker_dag.py took 0.920 seconds
[2025-11-06T22:22:32.561+0000] {processor.py:161} INFO - Started process (PID=386) to work on /home/airflow/.local/lib/python3.8/site-packages/airflow/example_dags/example_external_task_marker_dag.py
[2025-11-06T22:22:32.563+0000] {processor.py:830} INFO - Processing file /home/airflow/.local/lib/python3.8/site-packages/airflow/example_dags/example_external_task_marker_dag.py for tasks to queue
[2025-11-06T22:22:32.565+0000] {logging_mixin.py:188} INFO - [2025-11-06T22:22:32.564+0000] {dagbag.py:538} INFO - Filling up the DagBag from /home/airflow/.local/lib/python3.8/site-packages/airflow/example_dags/example_external_task_marker_dag.py
[2025-11-06T22:22:32.575+0000] {processor.py:840} INFO - DAG(s) 'example_external_task_marker_parent', 'example_external_task_marker_child' retrieved from /home/airflow/.local/lib/python3.8/site-packages/airflow/example_dags/example_external_task_marker_dag.py
[2025-11-06T22:22:32.652+0000] {logging_mixin.py:188} INFO - [2025-11-06T22:22:32.652+0000] {dag.py:3036} INFO - Sync 2 DAGs
[2025-11-06T22:22:32.709+0000] {logging_mixin.py:188} INFO - [2025-11-06T22:22:32.708+0000] {dag.py:3823} INFO - Setting next_dagrun for example_external_task_marker_child to None, run_after=None
[2025-11-06T22:22:32.725+0000] {logging_mixin.py:188} INFO - [2025-11-06T22:22:32.724+0000] {dag.py:3823} INFO - Setting next_dagrun for example_external_task_marker_parent to None, run_after=None
[2025-11-06T22:22:32.791+0000] {processor.py:183} INFO - Processing /home/airflow/.local/lib/python3.8/site-packages/airflow/example_dags/example_external_task_marker_dag.py took 0.236 seconds
[2025-11-06T22:33:20.495+0000] {processor.py:161} INFO - Started process (PID=144) to work on /home/airflow/.local/lib/python3.8/site-packages/airflow/example_dags/example_external_task_marker_dag.py
[2025-11-06T22:33:20.498+0000] {processor.py:830} INFO - Processing file /home/airflow/.local/lib/python3.8/site-packages/airflow/example_dags/example_external_task_marker_dag.py for tasks to queue
[2025-11-06T22:33:20.503+0000] {logging_mixin.py:188} INFO - [2025-11-06T22:33:20.501+0000] {dagbag.py:538} INFO - Filling up the DagBag from /home/airflow/.local/lib/python3.8/site-packages/airflow/example_dags/example_external_task_marker_dag.py
[2025-11-06T22:33:20.531+0000] {processor.py:840} INFO - DAG(s) 'example_external_task_marker_parent', 'example_external_task_marker_child' retrieved from /home/airflow/.local/lib/python3.8/site-packages/airflow/example_dags/example_external_task_marker_dag.py
[2025-11-06T22:33:21.259+0000] {logging_mixin.py:188} INFO - [2025-11-06T22:33:21.258+0000] {dag.py:3036} INFO - Sync 2 DAGs
[2025-11-06T22:33:21.344+0000] {logging_mixin.py:188} INFO - [2025-11-06T22:33:21.337+0000] {dag.py:3823} INFO - Setting next_dagrun for example_external_task_marker_child to None, run_after=None
[2025-11-06T22:33:21.379+0000] {logging_mixin.py:188} INFO - [2025-11-06T22:33:21.378+0000] {dag.py:3823} INFO - Setting next_dagrun for example_external_task_marker_parent to None, run_after=None
[2025-11-06T22:33:21.653+0000] {processor.py:183} INFO - Processing /home/airflow/.local/lib/python3.8/site-packages/airflow/example_dags/example_external_task_marker_dag.py took 1.202 seconds
[2025-11-06T22:33:52.309+0000] {processor.py:161} INFO - Started process (PID=217) to work on /home/airflow/.local/lib/python3.8/site-packages/airflow/example_dags/example_external_task_marker_dag.py
[2025-11-06T22:33:52.310+0000] {processor.py:830} INFO - Processing file /home/airflow/.local/lib/python3.8/site-packages/airflow/example_dags/example_external_task_marker_dag.py for tasks to queue
[2025-11-06T22:33:52.311+0000] {logging_mixin.py:188} INFO - [2025-11-06T22:33:52.310+0000] {dagbag.py:538} INFO - Filling up the DagBag from /home/airflow/.local/lib/python3.8/site-packages/airflow/example_dags/example_external_task_marker_dag.py
[2025-11-06T22:33:52.317+0000] {processor.py:840} INFO - DAG(s) 'example_external_task_marker_child', 'example_external_task_marker_parent' retrieved from /home/airflow/.local/lib/python3.8/site-packages/airflow/example_dags/example_external_task_marker_dag.py
[2025-11-06T22:33:52.344+0000] {logging_mixin.py:188} INFO - [2025-11-06T22:33:52.344+0000] {dag.py:3036} INFO - Sync 2 DAGs
[2025-11-06T22:33:52.356+0000] {logging_mixin.py:188} INFO - [2025-11-06T22:33:52.356+0000] {dag.py:3823} INFO - Setting next_dagrun for example_external_task_marker_child to None, run_after=None
[2025-11-06T22:33:52.360+0000] {logging_mixin.py:188} INFO - [2025-11-06T22:33:52.360+0000] {dag.py:3823} INFO - Setting next_dagrun for example_external_task_marker_parent to None, run_after=None
[2025-11-06T22:33:52.398+0000] {processor.py:183} INFO - Processing /home/airflow/.local/lib/python3.8/site-packages/airflow/example_dags/example_external_task_marker_dag.py took 0.092 seconds
[2025-11-06T22:34:28.437+0000] {processor.py:161} INFO - Started process (PID=298) to work on /home/airflow/.local/lib/python3.8/site-packages/airflow/example_dags/example_external_task_marker_dag.py
[2025-11-06T22:34:28.443+0000] {processor.py:830} INFO - Processing file /home/airflow/.local/lib/python3.8/site-packages/airflow/example_dags/example_external_task_marker_dag.py for tasks to queue
[2025-11-06T22:34:28.453+0000] {logging_mixin.py:188} INFO - [2025-11-06T22:34:28.445+0000] {dagbag.py:538} INFO - Filling up the DagBag from /home/airflow/.local/lib/python3.8/site-packages/airflow/example_dags/example_external_task_marker_dag.py
[2025-11-06T22:34:28.521+0000] {processor.py:840} INFO - DAG(s) 'example_external_task_marker_parent', 'example_external_task_marker_child' retrieved from /home/airflow/.local/lib/python3.8/site-packages/airflow/example_dags/example_external_task_marker_dag.py
[2025-11-06T22:34:28.799+0000] {logging_mixin.py:188} INFO - [2025-11-06T22:34:28.798+0000] {dag.py:3036} INFO - Sync 2 DAGs
[2025-11-06T22:34:29.311+0000] {logging_mixin.py:188} INFO - [2025-11-06T22:34:29.310+0000] {dag.py:3823} INFO - Setting next_dagrun for example_external_task_marker_child to None, run_after=None
[2025-11-06T22:34:29.325+0000] {logging_mixin.py:188} INFO - [2025-11-06T22:34:29.324+0000] {dag.py:3823} INFO - Setting next_dagrun for example_external_task_marker_parent to None, run_after=None
[2025-11-06T22:34:29.370+0000] {processor.py:183} INFO - Processing /home/airflow/.local/lib/python3.8/site-packages/airflow/example_dags/example_external_task_marker_dag.py took 0.944 seconds
[2025-11-06T22:35:00.592+0000] {processor.py:161} INFO - Started process (PID=364) to work on /home/airflow/.local/lib/python3.8/site-packages/airflow/example_dags/example_external_task_marker_dag.py
[2025-11-06T22:35:00.596+0000] {processor.py:830} INFO - Processing file /home/airflow/.local/lib/python3.8/site-packages/airflow/example_dags/example_external_task_marker_dag.py for tasks to queue
[2025-11-06T22:35:00.607+0000] {logging_mixin.py:188} INFO - [2025-11-06T22:35:00.602+0000] {dagbag.py:538} INFO - Filling up the DagBag from /home/airflow/.local/lib/python3.8/site-packages/airflow/example_dags/example_external_task_marker_dag.py
[2025-11-06T22:35:00.904+0000] {processor.py:840} INFO - DAG(s) 'example_external_task_marker_parent', 'example_external_task_marker_child' retrieved from /home/airflow/.local/lib/python3.8/site-packages/airflow/example_dags/example_external_task_marker_dag.py
[2025-11-06T22:35:01.413+0000] {logging_mixin.py:188} INFO - [2025-11-06T22:35:01.412+0000] {dag.py:3036} INFO - Sync 2 DAGs
[2025-11-06T22:35:01.635+0000] {logging_mixin.py:188} INFO - [2025-11-06T22:35:01.634+0000] {dag.py:3823} INFO - Setting next_dagrun for example_external_task_marker_child to None, run_after=None
[2025-11-06T22:35:01.694+0000] {logging_mixin.py:188} INFO - [2025-11-06T22:35:01.693+0000] {dag.py:3823} INFO - Setting next_dagrun for example_external_task_marker_parent to None, run_after=None
[2025-11-06T22:35:01.997+0000] {processor.py:183} INFO - Processing /home/airflow/.local/lib/python3.8/site-packages/airflow/example_dags/example_external_task_marker_dag.py took 1.502 seconds
[2025-11-06T22:35:32.754+0000] {processor.py:161} INFO - Started process (PID=438) to work on /home/airflow/.local/lib/python3.8/site-packages/airflow/example_dags/example_external_task_marker_dag.py
[2025-11-06T22:35:32.756+0000] {processor.py:830} INFO - Processing file /home/airflow/.local/lib/python3.8/site-packages/airflow/example_dags/example_external_task_marker_dag.py for tasks to queue
[2025-11-06T22:35:32.762+0000] {logging_mixin.py:188} INFO - [2025-11-06T22:35:32.761+0000] {dagbag.py:538} INFO - Filling up the DagBag from /home/airflow/.local/lib/python3.8/site-packages/airflow/example_dags/example_external_task_marker_dag.py
[2025-11-06T22:35:32.816+0000] {processor.py:840} INFO - DAG(s) 'example_external_task_marker_parent', 'example_external_task_marker_child' retrieved from /home/airflow/.local/lib/python3.8/site-packages/airflow/example_dags/example_external_task_marker_dag.py
[2025-11-06T22:35:32.989+0000] {logging_mixin.py:188} INFO - [2025-11-06T22:35:32.988+0000] {dag.py:3036} INFO - Sync 2 DAGs
[2025-11-06T22:35:33.062+0000] {logging_mixin.py:188} INFO - [2025-11-06T22:35:33.061+0000] {dag.py:3823} INFO - Setting next_dagrun for example_external_task_marker_child to None, run_after=None
[2025-11-06T22:35:33.079+0000] {logging_mixin.py:188} INFO - [2025-11-06T22:35:33.078+0000] {dag.py:3823} INFO - Setting next_dagrun for example_external_task_marker_parent to None, run_after=None
[2025-11-06T22:35:33.154+0000] {processor.py:183} INFO - Processing /home/airflow/.local/lib/python3.8/site-packages/airflow/example_dags/example_external_task_marker_dag.py took 0.418 seconds
[2025-11-06T22:36:03.226+0000] {processor.py:161} INFO - Started process (PID=510) to work on /home/airflow/.local/lib/python3.8/site-packages/airflow/example_dags/example_external_task_marker_dag.py
[2025-11-06T22:36:03.228+0000] {processor.py:830} INFO - Processing file /home/airflow/.local/lib/python3.8/site-packages/airflow/example_dags/example_external_task_marker_dag.py for tasks to queue
[2025-11-06T22:36:03.230+0000] {logging_mixin.py:188} INFO - [2025-11-06T22:36:03.229+0000] {dagbag.py:538} INFO - Filling up the DagBag from /home/airflow/.local/lib/python3.8/site-packages/airflow/example_dags/example_external_task_marker_dag.py
[2025-11-06T22:36:03.246+0000] {processor.py:840} INFO - DAG(s) 'example_external_task_marker_parent', 'example_external_task_marker_child' retrieved from /home/airflow/.local/lib/python3.8/site-packages/airflow/example_dags/example_external_task_marker_dag.py
[2025-11-06T22:36:03.308+0000] {logging_mixin.py:188} INFO - [2025-11-06T22:36:03.308+0000] {dag.py:3036} INFO - Sync 2 DAGs
[2025-11-06T22:36:03.348+0000] {logging_mixin.py:188} INFO - [2025-11-06T22:36:03.347+0000] {dag.py:3823} INFO - Setting next_dagrun for example_external_task_marker_child to None, run_after=None
[2025-11-06T22:36:03.358+0000] {logging_mixin.py:188} INFO - [2025-11-06T22:36:03.358+0000] {dag.py:3823} INFO - Setting next_dagrun for example_external_task_marker_parent to None, run_after=None
[2025-11-06T22:36:03.398+0000] {processor.py:183} INFO - Processing /home/airflow/.local/lib/python3.8/site-packages/airflow/example_dags/example_external_task_marker_dag.py took 0.179 seconds
[2025-11-06T22:36:33.953+0000] {processor.py:161} INFO - Started process (PID=591) to work on /home/airflow/.local/lib/python3.8/site-packages/airflow/example_dags/example_external_task_marker_dag.py
[2025-11-06T22:36:33.957+0000] {processor.py:830} INFO - Processing file /home/airflow/.local/lib/python3.8/site-packages/airflow/example_dags/example_external_task_marker_dag.py for tasks to queue
[2025-11-06T22:36:33.962+0000] {logging_mixin.py:188} INFO - [2025-11-06T22:36:33.961+0000] {dagbag.py:538} INFO - Filling up the DagBag from /home/airflow/.local/lib/python3.8/site-packages/airflow/example_dags/example_external_task_marker_dag.py
[2025-11-06T22:36:33.992+0000] {processor.py:840} INFO - DAG(s) 'example_external_task_marker_parent', 'example_external_task_marker_child' retrieved from /home/airflow/.local/lib/python3.8/site-packages/airflow/example_dags/example_external_task_marker_dag.py
[2025-11-06T22:36:34.151+0000] {logging_mixin.py:188} INFO - [2025-11-06T22:36:34.150+0000] {dag.py:3036} INFO - Sync 2 DAGs
[2025-11-06T22:36:34.251+0000] {logging_mixin.py:188} INFO - [2025-11-06T22:36:34.250+0000] {dag.py:3823} INFO - Setting next_dagrun for example_external_task_marker_child to None, run_after=None
[2025-11-06T22:36:34.295+0000] {logging_mixin.py:188} INFO - [2025-11-06T22:36:34.295+0000] {dag.py:3823} INFO - Setting next_dagrun for example_external_task_marker_parent to None, run_after=None
[2025-11-06T22:36:34.423+0000] {processor.py:183} INFO - Processing /home/airflow/.local/lib/python3.8/site-packages/airflow/example_dags/example_external_task_marker_dag.py took 0.482 seconds
[2025-11-06T22:37:04.605+0000] {processor.py:161} INFO - Started process (PID=665) to work on /home/airflow/.local/lib/python3.8/site-packages/airflow/example_dags/example_external_task_marker_dag.py
[2025-11-06T22:37:04.607+0000] {processor.py:830} INFO - Processing file /home/airflow/.local/lib/python3.8/site-packages/airflow/example_dags/example_external_task_marker_dag.py for tasks to queue
[2025-11-06T22:37:04.609+0000] {logging_mixin.py:188} INFO - [2025-11-06T22:37:04.609+0000] {dagbag.py:538} INFO - Filling up the DagBag from /home/airflow/.local/lib/python3.8/site-packages/airflow/example_dags/example_external_task_marker_dag.py
[2025-11-06T22:37:04.631+0000] {processor.py:840} INFO - DAG(s) 'example_external_task_marker_child', 'example_external_task_marker_parent' retrieved from /home/airflow/.local/lib/python3.8/site-packages/airflow/example_dags/example_external_task_marker_dag.py
[2025-11-06T22:37:04.722+0000] {logging_mixin.py:188} INFO - [2025-11-06T22:37:04.721+0000] {dag.py:3036} INFO - Sync 2 DAGs
[2025-11-06T22:37:04.765+0000] {logging_mixin.py:188} INFO - [2025-11-06T22:37:04.764+0000] {dag.py:3823} INFO - Setting next_dagrun for example_external_task_marker_child to None, run_after=None
[2025-11-06T22:37:04.801+0000] {logging_mixin.py:188} INFO - [2025-11-06T22:37:04.801+0000] {dag.py:3823} INFO - Setting next_dagrun for example_external_task_marker_parent to None, run_after=None
[2025-11-06T22:37:04.875+0000] {processor.py:183} INFO - Processing /home/airflow/.local/lib/python3.8/site-packages/airflow/example_dags/example_external_task_marker_dag.py took 0.283 seconds
[2025-11-06T22:37:34.999+0000] {processor.py:161} INFO - Started process (PID=739) to work on /home/airflow/.local/lib/python3.8/site-packages/airflow/example_dags/example_external_task_marker_dag.py
[2025-11-06T22:37:35.001+0000] {processor.py:830} INFO - Processing file /home/airflow/.local/lib/python3.8/site-packages/airflow/example_dags/example_external_task_marker_dag.py for tasks to queue
[2025-11-06T22:37:35.003+0000] {logging_mixin.py:188} INFO - [2025-11-06T22:37:35.002+0000] {dagbag.py:538} INFO - Filling up the DagBag from /home/airflow/.local/lib/python3.8/site-packages/airflow/example_dags/example_external_task_marker_dag.py
[2025-11-06T22:37:35.017+0000] {processor.py:840} INFO - DAG(s) 'example_external_task_marker_parent', 'example_external_task_marker_child' retrieved from /home/airflow/.local/lib/python3.8/site-packages/airflow/example_dags/example_external_task_marker_dag.py
[2025-11-06T22:37:35.073+0000] {logging_mixin.py:188} INFO - [2025-11-06T22:37:35.073+0000] {dag.py:3036} INFO - Sync 2 DAGs
[2025-11-06T22:37:35.097+0000] {logging_mixin.py:188} INFO - [2025-11-06T22:37:35.096+0000] {dag.py:3823} INFO - Setting next_dagrun for example_external_task_marker_child to None, run_after=None
[2025-11-06T22:37:35.104+0000] {logging_mixin.py:188} INFO - [2025-11-06T22:37:35.104+0000] {dag.py:3823} INFO - Setting next_dagrun for example_external_task_marker_parent to None, run_after=None
[2025-11-06T22:37:35.141+0000] {processor.py:183} INFO - Processing /home/airflow/.local/lib/python3.8/site-packages/airflow/example_dags/example_external_task_marker_dag.py took 0.150 seconds
[2025-11-06T22:40:05.147+0000] {processor.py:161} INFO - Started process (PID=853) to work on /home/airflow/.local/lib/python3.8/site-packages/airflow/example_dags/example_external_task_marker_dag.py
[2025-11-06T22:40:05.175+0000] {processor.py:830} INFO - Processing file /home/airflow/.local/lib/python3.8/site-packages/airflow/example_dags/example_external_task_marker_dag.py for tasks to queue
[2025-11-06T22:40:05.197+0000] {logging_mixin.py:188} INFO - [2025-11-06T22:40:05.196+0000] {dagbag.py:538} INFO - Filling up the DagBag from /home/airflow/.local/lib/python3.8/site-packages/airflow/example_dags/example_external_task_marker_dag.py
[2025-11-06T22:40:05.622+0000] {processor.py:840} INFO - DAG(s) 'example_external_task_marker_child', 'example_external_task_marker_parent' retrieved from /home/airflow/.local/lib/python3.8/site-packages/airflow/example_dags/example_external_task_marker_dag.py
[2025-11-06T22:40:05.944+0000] {logging_mixin.py:188} INFO - [2025-11-06T22:40:05.943+0000] {dag.py:3036} INFO - Sync 2 DAGs
[2025-11-06T22:40:06.053+0000] {logging_mixin.py:188} INFO - [2025-11-06T22:40:06.053+0000] {dag.py:3823} INFO - Setting next_dagrun for example_external_task_marker_child to None, run_after=None
[2025-11-06T22:40:06.084+0000] {logging_mixin.py:188} INFO - [2025-11-06T22:40:06.084+0000] {dag.py:3823} INFO - Setting next_dagrun for example_external_task_marker_parent to None, run_after=None
[2025-11-06T22:40:06.201+0000] {processor.py:183} INFO - Processing /home/airflow/.local/lib/python3.8/site-packages/airflow/example_dags/example_external_task_marker_dag.py took 1.126 seconds
[2025-11-06T22:40:44.231+0000] {processor.py:161} INFO - Started process (PID=934) to work on /home/airflow/.local/lib/python3.8/site-packages/airflow/example_dags/example_external_task_marker_dag.py
[2025-11-06T22:40:44.238+0000] {processor.py:830} INFO - Processing file /home/airflow/.local/lib/python3.8/site-packages/airflow/example_dags/example_external_task_marker_dag.py for tasks to queue
[2025-11-06T22:40:44.262+0000] {logging_mixin.py:188} INFO - [2025-11-06T22:40:44.261+0000] {dagbag.py:538} INFO - Filling up the DagBag from /home/airflow/.local/lib/python3.8/site-packages/airflow/example_dags/example_external_task_marker_dag.py
[2025-11-06T22:40:44.371+0000] {processor.py:840} INFO - DAG(s) 'example_external_task_marker_parent', 'example_external_task_marker_child' retrieved from /home/airflow/.local/lib/python3.8/site-packages/airflow/example_dags/example_external_task_marker_dag.py
[2025-11-06T22:40:44.532+0000] {logging_mixin.py:188} INFO - [2025-11-06T22:40:44.531+0000] {dag.py:3036} INFO - Sync 2 DAGs
[2025-11-06T22:40:44.674+0000] {logging_mixin.py:188} INFO - [2025-11-06T22:40:44.673+0000] {dag.py:3823} INFO - Setting next_dagrun for example_external_task_marker_child to None, run_after=None
[2025-11-06T22:40:44.733+0000] {logging_mixin.py:188} INFO - [2025-11-06T22:40:44.717+0000] {dag.py:3823} INFO - Setting next_dagrun for example_external_task_marker_parent to None, run_after=None
[2025-11-06T22:40:44.964+0000] {processor.py:183} INFO - Processing /home/airflow/.local/lib/python3.8/site-packages/airflow/example_dags/example_external_task_marker_dag.py took 0.753 seconds
[2025-11-06T22:41:25.246+0000] {processor.py:161} INFO - Started process (PID=1014) to work on /home/airflow/.local/lib/python3.8/site-packages/airflow/example_dags/example_external_task_marker_dag.py
[2025-11-06T22:41:25.248+0000] {processor.py:830} INFO - Processing file /home/airflow/.local/lib/python3.8/site-packages/airflow/example_dags/example_external_task_marker_dag.py for tasks to queue
[2025-11-06T22:41:25.252+0000] {logging_mixin.py:188} INFO - [2025-11-06T22:41:25.250+0000] {dagbag.py:538} INFO - Filling up the DagBag from /home/airflow/.local/lib/python3.8/site-packages/airflow/example_dags/example_external_task_marker_dag.py
[2025-11-06T22:41:25.275+0000] {processor.py:840} INFO - DAG(s) 'example_external_task_marker_child', 'example_external_task_marker_parent' retrieved from /home/airflow/.local/lib/python3.8/site-packages/airflow/example_dags/example_external_task_marker_dag.py
[2025-11-06T22:41:25.391+0000] {logging_mixin.py:188} INFO - [2025-11-06T22:41:25.389+0000] {dag.py:3036} INFO - Sync 2 DAGs
[2025-11-06T22:41:25.457+0000] {logging_mixin.py:188} INFO - [2025-11-06T22:41:25.456+0000] {dag.py:3823} INFO - Setting next_dagrun for example_external_task_marker_child to None, run_after=None
[2025-11-06T22:41:25.495+0000] {logging_mixin.py:188} INFO - [2025-11-06T22:41:25.493+0000] {dag.py:3823} INFO - Setting next_dagrun for example_external_task_marker_parent to None, run_after=None
[2025-11-06T22:41:26.025+0000] {processor.py:183} INFO - Processing /home/airflow/.local/lib/python3.8/site-packages/airflow/example_dags/example_external_task_marker_dag.py took 0.790 seconds
[2025-11-06T22:41:57.137+0000] {processor.py:161} INFO - Started process (PID=1086) to work on /home/airflow/.local/lib/python3.8/site-packages/airflow/example_dags/example_external_task_marker_dag.py
[2025-11-06T22:41:57.140+0000] {processor.py:830} INFO - Processing file /home/airflow/.local/lib/python3.8/site-packages/airflow/example_dags/example_external_task_marker_dag.py for tasks to queue
[2025-11-06T22:41:57.148+0000] {logging_mixin.py:188} INFO - [2025-11-06T22:41:57.147+0000] {dagbag.py:538} INFO - Filling up the DagBag from /home/airflow/.local/lib/python3.8/site-packages/airflow/example_dags/example_external_task_marker_dag.py
[2025-11-06T22:41:57.179+0000] {processor.py:840} INFO - DAG(s) 'example_external_task_marker_parent', 'example_external_task_marker_child' retrieved from /home/airflow/.local/lib/python3.8/site-packages/airflow/example_dags/example_external_task_marker_dag.py
[2025-11-06T22:41:57.311+0000] {logging_mixin.py:188} INFO - [2025-11-06T22:41:57.310+0000] {dag.py:3036} INFO - Sync 2 DAGs
[2025-11-06T22:41:57.372+0000] {logging_mixin.py:188} INFO - [2025-11-06T22:41:57.371+0000] {dag.py:3823} INFO - Setting next_dagrun for example_external_task_marker_child to None, run_after=None
[2025-11-06T22:41:57.390+0000] {logging_mixin.py:188} INFO - [2025-11-06T22:41:57.389+0000] {dag.py:3823} INFO - Setting next_dagrun for example_external_task_marker_parent to None, run_after=None
[2025-11-06T22:41:57.468+0000] {processor.py:183} INFO - Processing /home/airflow/.local/lib/python3.8/site-packages/airflow/example_dags/example_external_task_marker_dag.py took 0.350 seconds
[2025-11-06T22:42:37.975+0000] {processor.py:161} INFO - Started process (PID=1153) to work on /home/airflow/.local/lib/python3.8/site-packages/airflow/example_dags/example_external_task_marker_dag.py
[2025-11-06T22:42:37.980+0000] {processor.py:830} INFO - Processing file /home/airflow/.local/lib/python3.8/site-packages/airflow/example_dags/example_external_task_marker_dag.py for tasks to queue
[2025-11-06T22:42:38.001+0000] {logging_mixin.py:188} INFO - [2025-11-06T22:42:38.000+0000] {dagbag.py:538} INFO - Filling up the DagBag from /home/airflow/.local/lib/python3.8/site-packages/airflow/example_dags/example_external_task_marker_dag.py
[2025-11-06T22:42:38.145+0000] {processor.py:840} INFO - DAG(s) 'example_external_task_marker_child', 'example_external_task_marker_parent' retrieved from /home/airflow/.local/lib/python3.8/site-packages/airflow/example_dags/example_external_task_marker_dag.py
[2025-11-06T22:42:38.853+0000] {logging_mixin.py:188} INFO - [2025-11-06T22:42:38.852+0000] {dag.py:3036} INFO - Sync 2 DAGs
[2025-11-06T22:42:39.131+0000] {logging_mixin.py:188} INFO - [2025-11-06T22:42:39.130+0000] {dag.py:3823} INFO - Setting next_dagrun for example_external_task_marker_child to None, run_after=None
[2025-11-06T22:42:39.169+0000] {logging_mixin.py:188} INFO - [2025-11-06T22:42:39.168+0000] {dag.py:3823} INFO - Setting next_dagrun for example_external_task_marker_parent to None, run_after=None
[2025-11-06T22:42:39.295+0000] {processor.py:183} INFO - Processing /home/airflow/.local/lib/python3.8/site-packages/airflow/example_dags/example_external_task_marker_dag.py took 1.349 seconds
[2025-11-06T22:43:18.540+0000] {processor.py:161} INFO - Started process (PID=1241) to work on /home/airflow/.local/lib/python3.8/site-packages/airflow/example_dags/example_external_task_marker_dag.py
[2025-11-06T22:43:18.542+0000] {processor.py:830} INFO - Processing file /home/airflow/.local/lib/python3.8/site-packages/airflow/example_dags/example_external_task_marker_dag.py for tasks to queue
[2025-11-06T22:43:18.546+0000] {logging_mixin.py:188} INFO - [2025-11-06T22:43:18.545+0000] {dagbag.py:538} INFO - Filling up the DagBag from /home/airflow/.local/lib/python3.8/site-packages/airflow/example_dags/example_external_task_marker_dag.py
[2025-11-06T22:43:18.567+0000] {processor.py:840} INFO - DAG(s) 'example_external_task_marker_parent', 'example_external_task_marker_child' retrieved from /home/airflow/.local/lib/python3.8/site-packages/airflow/example_dags/example_external_task_marker_dag.py
[2025-11-06T22:43:18.659+0000] {logging_mixin.py:188} INFO - [2025-11-06T22:43:18.658+0000] {dag.py:3036} INFO - Sync 2 DAGs
[2025-11-06T22:43:18.718+0000] {logging_mixin.py:188} INFO - [2025-11-06T22:43:18.717+0000] {dag.py:3823} INFO - Setting next_dagrun for example_external_task_marker_child to None, run_after=None
[2025-11-06T22:43:18.733+0000] {logging_mixin.py:188} INFO - [2025-11-06T22:43:18.732+0000] {dag.py:3823} INFO - Setting next_dagrun for example_external_task_marker_parent to None, run_after=None
[2025-11-06T22:43:18.795+0000] {processor.py:183} INFO - Processing /home/airflow/.local/lib/python3.8/site-packages/airflow/example_dags/example_external_task_marker_dag.py took 0.267 seconds
[2025-11-06T22:44:13.683+0000] {processor.py:161} INFO - Started process (PID=1330) to work on /home/airflow/.local/lib/python3.8/site-packages/airflow/example_dags/example_external_task_marker_dag.py
[2025-11-06T22:44:13.692+0000] {processor.py:830} INFO - Processing file /home/airflow/.local/lib/python3.8/site-packages/airflow/example_dags/example_external_task_marker_dag.py for tasks to queue
[2025-11-06T22:44:13.705+0000] {logging_mixin.py:188} INFO - [2025-11-06T22:44:13.704+0000] {dagbag.py:538} INFO - Filling up the DagBag from /home/airflow/.local/lib/python3.8/site-packages/airflow/example_dags/example_external_task_marker_dag.py
[2025-11-06T22:44:13.801+0000] {processor.py:840} INFO - DAG(s) 'example_external_task_marker_parent', 'example_external_task_marker_child' retrieved from /home/airflow/.local/lib/python3.8/site-packages/airflow/example_dags/example_external_task_marker_dag.py
[2025-11-06T22:44:14.328+0000] {logging_mixin.py:188} INFO - [2025-11-06T22:44:14.327+0000] {dag.py:3036} INFO - Sync 2 DAGs
[2025-11-06T22:44:14.470+0000] {logging_mixin.py:188} INFO - [2025-11-06T22:44:14.469+0000] {dag.py:3823} INFO - Setting next_dagrun for example_external_task_marker_child to None, run_after=None
[2025-11-06T22:44:14.552+0000] {logging_mixin.py:188} INFO - [2025-11-06T22:44:14.549+0000] {dag.py:3823} INFO - Setting next_dagrun for example_external_task_marker_parent to None, run_after=None
[2025-11-06T22:44:14.899+0000] {processor.py:183} INFO - Processing /home/airflow/.local/lib/python3.8/site-packages/airflow/example_dags/example_external_task_marker_dag.py took 1.339 seconds
[2025-11-06T22:45:37.327+0000] {processor.py:161} INFO - Started process (PID=1445) to work on /home/airflow/.local/lib/python3.8/site-packages/airflow/example_dags/example_external_task_marker_dag.py
[2025-11-06T22:45:37.329+0000] {processor.py:830} INFO - Processing file /home/airflow/.local/lib/python3.8/site-packages/airflow/example_dags/example_external_task_marker_dag.py for tasks to queue
[2025-11-06T22:45:37.335+0000] {logging_mixin.py:188} INFO - [2025-11-06T22:45:37.333+0000] {dagbag.py:538} INFO - Filling up the DagBag from /home/airflow/.local/lib/python3.8/site-packages/airflow/example_dags/example_external_task_marker_dag.py
[2025-11-06T22:45:37.497+0000] {processor.py:840} INFO - DAG(s) 'example_external_task_marker_child', 'example_external_task_marker_parent' retrieved from /home/airflow/.local/lib/python3.8/site-packages/airflow/example_dags/example_external_task_marker_dag.py
[2025-11-06T22:45:38.139+0000] {logging_mixin.py:188} INFO - [2025-11-06T22:45:38.137+0000] {dag.py:3036} INFO - Sync 2 DAGs
[2025-11-06T22:45:38.331+0000] {logging_mixin.py:188} INFO - [2025-11-06T22:45:38.330+0000] {dag.py:3823} INFO - Setting next_dagrun for example_external_task_marker_child to None, run_after=None
[2025-11-06T22:45:38.418+0000] {logging_mixin.py:188} INFO - [2025-11-06T22:45:38.417+0000] {dag.py:3823} INFO - Setting next_dagrun for example_external_task_marker_parent to None, run_after=None
[2025-11-06T22:45:38.605+0000] {processor.py:183} INFO - Processing /home/airflow/.local/lib/python3.8/site-packages/airflow/example_dags/example_external_task_marker_dag.py took 1.342 seconds
[2025-11-06T22:46:09.191+0000] {processor.py:161} INFO - Started process (PID=1520) to work on /home/airflow/.local/lib/python3.8/site-packages/airflow/example_dags/example_external_task_marker_dag.py
[2025-11-06T22:46:09.206+0000] {processor.py:830} INFO - Processing file /home/airflow/.local/lib/python3.8/site-packages/airflow/example_dags/example_external_task_marker_dag.py for tasks to queue
[2025-11-06T22:46:09.212+0000] {logging_mixin.py:188} INFO - [2025-11-06T22:46:09.211+0000] {dagbag.py:538} INFO - Filling up the DagBag from /home/airflow/.local/lib/python3.8/site-packages/airflow/example_dags/example_external_task_marker_dag.py
[2025-11-06T22:46:09.274+0000] {processor.py:840} INFO - DAG(s) 'example_external_task_marker_parent', 'example_external_task_marker_child' retrieved from /home/airflow/.local/lib/python3.8/site-packages/airflow/example_dags/example_external_task_marker_dag.py
[2025-11-06T22:46:09.398+0000] {logging_mixin.py:188} INFO - [2025-11-06T22:46:09.398+0000] {dag.py:3036} INFO - Sync 2 DAGs
[2025-11-06T22:46:09.545+0000] {logging_mixin.py:188} INFO - [2025-11-06T22:46:09.544+0000] {dag.py:3823} INFO - Setting next_dagrun for example_external_task_marker_child to None, run_after=None
[2025-11-06T22:46:09.624+0000] {logging_mixin.py:188} INFO - [2025-11-06T22:46:09.623+0000] {dag.py:3823} INFO - Setting next_dagrun for example_external_task_marker_parent to None, run_after=None
[2025-11-06T22:46:09.848+0000] {processor.py:183} INFO - Processing /home/airflow/.local/lib/python3.8/site-packages/airflow/example_dags/example_external_task_marker_dag.py took 0.681 seconds
[2025-11-06T22:46:40.132+0000] {processor.py:161} INFO - Started process (PID=1594) to work on /home/airflow/.local/lib/python3.8/site-packages/airflow/example_dags/example_external_task_marker_dag.py
[2025-11-06T22:46:40.135+0000] {processor.py:830} INFO - Processing file /home/airflow/.local/lib/python3.8/site-packages/airflow/example_dags/example_external_task_marker_dag.py for tasks to queue
[2025-11-06T22:46:40.139+0000] {logging_mixin.py:188} INFO - [2025-11-06T22:46:40.138+0000] {dagbag.py:538} INFO - Filling up the DagBag from /home/airflow/.local/lib/python3.8/site-packages/airflow/example_dags/example_external_task_marker_dag.py
[2025-11-06T22:46:40.185+0000] {processor.py:840} INFO - DAG(s) 'example_external_task_marker_parent', 'example_external_task_marker_child' retrieved from /home/airflow/.local/lib/python3.8/site-packages/airflow/example_dags/example_external_task_marker_dag.py
[2025-11-06T22:46:40.356+0000] {logging_mixin.py:188} INFO - [2025-11-06T22:46:40.355+0000] {dag.py:3036} INFO - Sync 2 DAGs
[2025-11-06T22:46:40.446+0000] {logging_mixin.py:188} INFO - [2025-11-06T22:46:40.445+0000] {dag.py:3823} INFO - Setting next_dagrun for example_external_task_marker_child to None, run_after=None
[2025-11-06T22:46:40.474+0000] {logging_mixin.py:188} INFO - [2025-11-06T22:46:40.473+0000] {dag.py:3823} INFO - Setting next_dagrun for example_external_task_marker_parent to None, run_after=None
[2025-11-06T22:46:40.599+0000] {processor.py:183} INFO - Processing /home/airflow/.local/lib/python3.8/site-packages/airflow/example_dags/example_external_task_marker_dag.py took 0.489 seconds
[2025-11-06T22:47:11.000+0000] {processor.py:161} INFO - Started process (PID=1667) to work on /home/airflow/.local/lib/python3.8/site-packages/airflow/example_dags/example_external_task_marker_dag.py
[2025-11-06T22:47:11.003+0000] {processor.py:830} INFO - Processing file /home/airflow/.local/lib/python3.8/site-packages/airflow/example_dags/example_external_task_marker_dag.py for tasks to queue
[2025-11-06T22:47:11.007+0000] {logging_mixin.py:188} INFO - [2025-11-06T22:47:11.006+0000] {dagbag.py:538} INFO - Filling up the DagBag from /home/airflow/.local/lib/python3.8/site-packages/airflow/example_dags/example_external_task_marker_dag.py
[2025-11-06T22:47:11.052+0000] {processor.py:840} INFO - DAG(s) 'example_external_task_marker_parent', 'example_external_task_marker_child' retrieved from /home/airflow/.local/lib/python3.8/site-packages/airflow/example_dags/example_external_task_marker_dag.py
[2025-11-06T22:47:11.217+0000] {logging_mixin.py:188} INFO - [2025-11-06T22:47:11.217+0000] {dag.py:3036} INFO - Sync 2 DAGs
[2025-11-06T22:47:11.302+0000] {logging_mixin.py:188} INFO - [2025-11-06T22:47:11.302+0000] {dag.py:3823} INFO - Setting next_dagrun for example_external_task_marker_child to None, run_after=None
[2025-11-06T22:47:11.328+0000] {logging_mixin.py:188} INFO - [2025-11-06T22:47:11.327+0000] {dag.py:3823} INFO - Setting next_dagrun for example_external_task_marker_parent to None, run_after=None
[2025-11-06T22:47:11.398+0000] {processor.py:183} INFO - Processing /home/airflow/.local/lib/python3.8/site-packages/airflow/example_dags/example_external_task_marker_dag.py took 0.436 seconds
