[2025-11-06T22:21:16.433+0000] {processor.py:161} INFO - Started process (PID=237) to work on /home/airflow/.local/lib/python3.8/site-packages/airflow/example_dags/example_xcomargs.py
[2025-11-06T22:21:16.441+0000] {processor.py:830} INFO - Processing file /home/airflow/.local/lib/python3.8/site-packages/airflow/example_dags/example_xcomargs.py for tasks to queue
[2025-11-06T22:21:16.458+0000] {logging_mixin.py:188} INFO - [2025-11-06T22:21:16.457+0000] {dagbag.py:538} INFO - Filling up the DagBag from /home/airflow/.local/lib/python3.8/site-packages/airflow/example_dags/example_xcomargs.py
[2025-11-06T22:21:16.594+0000] {processor.py:840} INFO - DAG(s) 'example_xcom_args_with_operators', 'example_xcom_args' retrieved from /home/airflow/.local/lib/python3.8/site-packages/airflow/example_dags/example_xcomargs.py
[2025-11-06T22:21:17.442+0000] {logging_mixin.py:188} INFO - [2025-11-06T22:21:17.431+0000] {dag.py:3036} INFO - Sync 2 DAGs
[2025-11-06T22:21:17.482+0000] {logging_mixin.py:188} INFO - [2025-11-06T22:21:17.481+0000] {dag.py:3823} INFO - Setting next_dagrun for example_xcom_args to None, run_after=None
[2025-11-06T22:21:17.491+0000] {logging_mixin.py:188} INFO - [2025-11-06T22:21:17.490+0000] {dag.py:3823} INFO - Setting next_dagrun for example_xcom_args_with_operators to None, run_after=None
[2025-11-06T22:21:17.580+0000] {processor.py:183} INFO - Processing /home/airflow/.local/lib/python3.8/site-packages/airflow/example_dags/example_xcomargs.py took 1.194 seconds
[2025-11-06T22:22:02.090+0000] {processor.py:161} INFO - Started process (PID=319) to work on /home/airflow/.local/lib/python3.8/site-packages/airflow/example_dags/example_xcomargs.py
[2025-11-06T22:22:02.114+0000] {processor.py:830} INFO - Processing file /home/airflow/.local/lib/python3.8/site-packages/airflow/example_dags/example_xcomargs.py for tasks to queue
[2025-11-06T22:22:02.129+0000] {logging_mixin.py:188} INFO - [2025-11-06T22:22:02.118+0000] {dagbag.py:538} INFO - Filling up the DagBag from /home/airflow/.local/lib/python3.8/site-packages/airflow/example_dags/example_xcomargs.py
[2025-11-06T22:22:02.243+0000] {processor.py:840} INFO - DAG(s) 'example_xcom_args', 'example_xcom_args_with_operators' retrieved from /home/airflow/.local/lib/python3.8/site-packages/airflow/example_dags/example_xcomargs.py
[2025-11-06T22:22:02.514+0000] {logging_mixin.py:188} INFO - [2025-11-06T22:22:02.514+0000] {dag.py:3036} INFO - Sync 2 DAGs
[2025-11-06T22:22:02.571+0000] {logging_mixin.py:188} INFO - [2025-11-06T22:22:02.570+0000] {dag.py:3823} INFO - Setting next_dagrun for example_xcom_args to None, run_after=None
[2025-11-06T22:22:02.599+0000] {logging_mixin.py:188} INFO - [2025-11-06T22:22:02.598+0000] {dag.py:3823} INFO - Setting next_dagrun for example_xcom_args_with_operators to None, run_after=None
[2025-11-06T22:22:02.707+0000] {processor.py:183} INFO - Processing /home/airflow/.local/lib/python3.8/site-packages/airflow/example_dags/example_xcomargs.py took 0.645 seconds
[2025-11-06T22:22:34.355+0000] {processor.py:161} INFO - Started process (PID=392) to work on /home/airflow/.local/lib/python3.8/site-packages/airflow/example_dags/example_xcomargs.py
[2025-11-06T22:22:34.357+0000] {processor.py:830} INFO - Processing file /home/airflow/.local/lib/python3.8/site-packages/airflow/example_dags/example_xcomargs.py for tasks to queue
[2025-11-06T22:22:34.361+0000] {logging_mixin.py:188} INFO - [2025-11-06T22:22:34.360+0000] {dagbag.py:538} INFO - Filling up the DagBag from /home/airflow/.local/lib/python3.8/site-packages/airflow/example_dags/example_xcomargs.py
[2025-11-06T22:22:34.443+0000] {processor.py:840} INFO - DAG(s) 'example_xcom_args', 'example_xcom_args_with_operators' retrieved from /home/airflow/.local/lib/python3.8/site-packages/airflow/example_dags/example_xcomargs.py
[2025-11-06T22:22:34.535+0000] {logging_mixin.py:188} INFO - [2025-11-06T22:22:34.535+0000] {dag.py:3036} INFO - Sync 2 DAGs
[2025-11-06T22:22:34.572+0000] {logging_mixin.py:188} INFO - [2025-11-06T22:22:34.571+0000] {dag.py:3823} INFO - Setting next_dagrun for example_xcom_args to None, run_after=None
[2025-11-06T22:22:34.582+0000] {logging_mixin.py:188} INFO - [2025-11-06T22:22:34.581+0000] {dag.py:3823} INFO - Setting next_dagrun for example_xcom_args_with_operators to None, run_after=None
[2025-11-06T22:22:34.633+0000] {processor.py:183} INFO - Processing /home/airflow/.local/lib/python3.8/site-packages/airflow/example_dags/example_xcomargs.py took 0.296 seconds
[2025-11-06T22:33:23.698+0000] {processor.py:161} INFO - Started process (PID=150) to work on /home/airflow/.local/lib/python3.8/site-packages/airflow/example_dags/example_xcomargs.py
[2025-11-06T22:33:23.716+0000] {processor.py:830} INFO - Processing file /home/airflow/.local/lib/python3.8/site-packages/airflow/example_dags/example_xcomargs.py for tasks to queue
[2025-11-06T22:33:23.719+0000] {logging_mixin.py:188} INFO - [2025-11-06T22:33:23.718+0000] {dagbag.py:538} INFO - Filling up the DagBag from /home/airflow/.local/lib/python3.8/site-packages/airflow/example_dags/example_xcomargs.py
[2025-11-06T22:33:23.762+0000] {processor.py:840} INFO - DAG(s) 'example_xcom_args_with_operators', 'example_xcom_args' retrieved from /home/airflow/.local/lib/python3.8/site-packages/airflow/example_dags/example_xcomargs.py
[2025-11-06T22:33:24.149+0000] {logging_mixin.py:188} INFO - [2025-11-06T22:33:24.148+0000] {dag.py:3036} INFO - Sync 2 DAGs
[2025-11-06T22:33:24.184+0000] {logging_mixin.py:188} INFO - [2025-11-06T22:33:24.184+0000] {dag.py:3823} INFO - Setting next_dagrun for example_xcom_args to None, run_after=None
[2025-11-06T22:33:24.200+0000] {logging_mixin.py:188} INFO - [2025-11-06T22:33:24.199+0000] {dag.py:3823} INFO - Setting next_dagrun for example_xcom_args_with_operators to None, run_after=None
[2025-11-06T22:33:24.290+0000] {processor.py:183} INFO - Processing /home/airflow/.local/lib/python3.8/site-packages/airflow/example_dags/example_xcomargs.py took 0.600 seconds
[2025-11-06T22:33:54.774+0000] {processor.py:161} INFO - Started process (PID=223) to work on /home/airflow/.local/lib/python3.8/site-packages/airflow/example_dags/example_xcomargs.py
[2025-11-06T22:33:54.776+0000] {processor.py:830} INFO - Processing file /home/airflow/.local/lib/python3.8/site-packages/airflow/example_dags/example_xcomargs.py for tasks to queue
[2025-11-06T22:33:54.779+0000] {logging_mixin.py:188} INFO - [2025-11-06T22:33:54.778+0000] {dagbag.py:538} INFO - Filling up the DagBag from /home/airflow/.local/lib/python3.8/site-packages/airflow/example_dags/example_xcomargs.py
[2025-11-06T22:33:54.806+0000] {processor.py:840} INFO - DAG(s) 'example_xcom_args_with_operators', 'example_xcom_args' retrieved from /home/airflow/.local/lib/python3.8/site-packages/airflow/example_dags/example_xcomargs.py
[2025-11-06T22:33:54.876+0000] {logging_mixin.py:188} INFO - [2025-11-06T22:33:54.874+0000] {dag.py:3036} INFO - Sync 2 DAGs
[2025-11-06T22:33:54.923+0000] {logging_mixin.py:188} INFO - [2025-11-06T22:33:54.922+0000] {dag.py:3823} INFO - Setting next_dagrun for example_xcom_args to None, run_after=None
[2025-11-06T22:33:54.933+0000] {logging_mixin.py:188} INFO - [2025-11-06T22:33:54.932+0000] {dag.py:3823} INFO - Setting next_dagrun for example_xcom_args_with_operators to None, run_after=None
[2025-11-06T22:33:54.988+0000] {processor.py:183} INFO - Processing /home/airflow/.local/lib/python3.8/site-packages/airflow/example_dags/example_xcomargs.py took 0.223 seconds
[2025-11-06T22:34:30.833+0000] {processor.py:161} INFO - Started process (PID=304) to work on /home/airflow/.local/lib/python3.8/site-packages/airflow/example_dags/example_xcomargs.py
[2025-11-06T22:34:30.835+0000] {processor.py:830} INFO - Processing file /home/airflow/.local/lib/python3.8/site-packages/airflow/example_dags/example_xcomargs.py for tasks to queue
[2025-11-06T22:34:30.838+0000] {logging_mixin.py:188} INFO - [2025-11-06T22:34:30.837+0000] {dagbag.py:538} INFO - Filling up the DagBag from /home/airflow/.local/lib/python3.8/site-packages/airflow/example_dags/example_xcomargs.py
[2025-11-06T22:34:30.859+0000] {processor.py:840} INFO - DAG(s) 'example_xcom_args_with_operators', 'example_xcom_args' retrieved from /home/airflow/.local/lib/python3.8/site-packages/airflow/example_dags/example_xcomargs.py
[2025-11-06T22:34:30.917+0000] {logging_mixin.py:188} INFO - [2025-11-06T22:34:30.916+0000] {dag.py:3036} INFO - Sync 2 DAGs
[2025-11-06T22:34:31.216+0000] {logging_mixin.py:188} INFO - [2025-11-06T22:34:31.216+0000] {dag.py:3823} INFO - Setting next_dagrun for example_xcom_args to None, run_after=None
[2025-11-06T22:34:31.226+0000] {logging_mixin.py:188} INFO - [2025-11-06T22:34:31.226+0000] {dag.py:3823} INFO - Setting next_dagrun for example_xcom_args_with_operators to None, run_after=None
[2025-11-06T22:34:31.273+0000] {processor.py:183} INFO - Processing /home/airflow/.local/lib/python3.8/site-packages/airflow/example_dags/example_xcomargs.py took 0.448 seconds
[2025-11-06T22:35:05.108+0000] {processor.py:161} INFO - Started process (PID=377) to work on /home/airflow/.local/lib/python3.8/site-packages/airflow/example_dags/example_xcomargs.py
[2025-11-06T22:35:05.131+0000] {processor.py:830} INFO - Processing file /home/airflow/.local/lib/python3.8/site-packages/airflow/example_dags/example_xcomargs.py for tasks to queue
[2025-11-06T22:35:05.165+0000] {logging_mixin.py:188} INFO - [2025-11-06T22:35:05.145+0000] {dagbag.py:538} INFO - Filling up the DagBag from /home/airflow/.local/lib/python3.8/site-packages/airflow/example_dags/example_xcomargs.py
[2025-11-06T22:35:05.306+0000] {processor.py:840} INFO - DAG(s) 'example_xcom_args_with_operators', 'example_xcom_args' retrieved from /home/airflow/.local/lib/python3.8/site-packages/airflow/example_dags/example_xcomargs.py
[2025-11-06T22:35:05.472+0000] {logging_mixin.py:188} INFO - [2025-11-06T22:35:05.471+0000] {dag.py:3036} INFO - Sync 2 DAGs
[2025-11-06T22:35:05.537+0000] {logging_mixin.py:188} INFO - [2025-11-06T22:35:05.537+0000] {dag.py:3823} INFO - Setting next_dagrun for example_xcom_args to None, run_after=None
[2025-11-06T22:35:05.564+0000] {logging_mixin.py:188} INFO - [2025-11-06T22:35:05.563+0000] {dag.py:3823} INFO - Setting next_dagrun for example_xcom_args_with_operators to None, run_after=None
[2025-11-06T22:35:05.643+0000] {processor.py:183} INFO - Processing /home/airflow/.local/lib/python3.8/site-packages/airflow/example_dags/example_xcomargs.py took 0.565 seconds
[2025-11-06T22:35:36.320+0000] {processor.py:161} INFO - Started process (PID=451) to work on /home/airflow/.local/lib/python3.8/site-packages/airflow/example_dags/example_xcomargs.py
[2025-11-06T22:35:36.322+0000] {processor.py:830} INFO - Processing file /home/airflow/.local/lib/python3.8/site-packages/airflow/example_dags/example_xcomargs.py for tasks to queue
[2025-11-06T22:35:36.325+0000] {logging_mixin.py:188} INFO - [2025-11-06T22:35:36.324+0000] {dagbag.py:538} INFO - Filling up the DagBag from /home/airflow/.local/lib/python3.8/site-packages/airflow/example_dags/example_xcomargs.py
[2025-11-06T22:35:36.352+0000] {processor.py:840} INFO - DAG(s) 'example_xcom_args_with_operators', 'example_xcom_args' retrieved from /home/airflow/.local/lib/python3.8/site-packages/airflow/example_dags/example_xcomargs.py
[2025-11-06T22:35:36.461+0000] {logging_mixin.py:188} INFO - [2025-11-06T22:35:36.460+0000] {dag.py:3036} INFO - Sync 2 DAGs
[2025-11-06T22:35:36.501+0000] {logging_mixin.py:188} INFO - [2025-11-06T22:35:36.501+0000] {dag.py:3823} INFO - Setting next_dagrun for example_xcom_args to None, run_after=None
[2025-11-06T22:35:36.513+0000] {logging_mixin.py:188} INFO - [2025-11-06T22:35:36.512+0000] {dag.py:3823} INFO - Setting next_dagrun for example_xcom_args_with_operators to None, run_after=None
[2025-11-06T22:35:36.561+0000] {processor.py:183} INFO - Processing /home/airflow/.local/lib/python3.8/site-packages/airflow/example_dags/example_xcomargs.py took 0.250 seconds
[2025-11-06T22:36:07.601+0000] {processor.py:161} INFO - Started process (PID=526) to work on /home/airflow/.local/lib/python3.8/site-packages/airflow/example_dags/example_xcomargs.py
[2025-11-06T22:36:07.604+0000] {processor.py:830} INFO - Processing file /home/airflow/.local/lib/python3.8/site-packages/airflow/example_dags/example_xcomargs.py for tasks to queue
[2025-11-06T22:36:07.608+0000] {logging_mixin.py:188} INFO - [2025-11-06T22:36:07.608+0000] {dagbag.py:538} INFO - Filling up the DagBag from /home/airflow/.local/lib/python3.8/site-packages/airflow/example_dags/example_xcomargs.py
[2025-11-06T22:36:07.643+0000] {processor.py:840} INFO - DAG(s) 'example_xcom_args', 'example_xcom_args_with_operators' retrieved from /home/airflow/.local/lib/python3.8/site-packages/airflow/example_dags/example_xcomargs.py
[2025-11-06T22:36:07.767+0000] {logging_mixin.py:188} INFO - [2025-11-06T22:36:07.766+0000] {dag.py:3036} INFO - Sync 2 DAGs
[2025-11-06T22:36:07.821+0000] {logging_mixin.py:188} INFO - [2025-11-06T22:36:07.820+0000] {dag.py:3823} INFO - Setting next_dagrun for example_xcom_args to None, run_after=None
[2025-11-06T22:36:07.834+0000] {logging_mixin.py:188} INFO - [2025-11-06T22:36:07.833+0000] {dag.py:3823} INFO - Setting next_dagrun for example_xcom_args_with_operators to None, run_after=None
[2025-11-06T22:36:07.921+0000] {processor.py:183} INFO - Processing /home/airflow/.local/lib/python3.8/site-packages/airflow/example_dags/example_xcomargs.py took 0.355 seconds
[2025-11-06T22:36:38.388+0000] {processor.py:161} INFO - Started process (PID=597) to work on /home/airflow/.local/lib/python3.8/site-packages/airflow/example_dags/example_xcomargs.py
[2025-11-06T22:36:38.389+0000] {processor.py:830} INFO - Processing file /home/airflow/.local/lib/python3.8/site-packages/airflow/example_dags/example_xcomargs.py for tasks to queue
[2025-11-06T22:36:38.391+0000] {logging_mixin.py:188} INFO - [2025-11-06T22:36:38.391+0000] {dagbag.py:538} INFO - Filling up the DagBag from /home/airflow/.local/lib/python3.8/site-packages/airflow/example_dags/example_xcomargs.py
[2025-11-06T22:36:38.415+0000] {processor.py:840} INFO - DAG(s) 'example_xcom_args_with_operators', 'example_xcom_args' retrieved from /home/airflow/.local/lib/python3.8/site-packages/airflow/example_dags/example_xcomargs.py
[2025-11-06T22:36:38.499+0000] {logging_mixin.py:188} INFO - [2025-11-06T22:36:38.499+0000] {dag.py:3036} INFO - Sync 2 DAGs
[2025-11-06T22:36:38.542+0000] {logging_mixin.py:188} INFO - [2025-11-06T22:36:38.542+0000] {dag.py:3823} INFO - Setting next_dagrun for example_xcom_args to None, run_after=None
[2025-11-06T22:36:38.556+0000] {logging_mixin.py:188} INFO - [2025-11-06T22:36:38.555+0000] {dag.py:3823} INFO - Setting next_dagrun for example_xcom_args_with_operators to None, run_after=None
[2025-11-06T22:36:38.621+0000] {processor.py:183} INFO - Processing /home/airflow/.local/lib/python3.8/site-packages/airflow/example_dags/example_xcomargs.py took 0.241 seconds
[2025-11-06T22:37:09.414+0000] {processor.py:161} INFO - Started process (PID=678) to work on /home/airflow/.local/lib/python3.8/site-packages/airflow/example_dags/example_xcomargs.py
[2025-11-06T22:37:09.420+0000] {processor.py:830} INFO - Processing file /home/airflow/.local/lib/python3.8/site-packages/airflow/example_dags/example_xcomargs.py for tasks to queue
[2025-11-06T22:37:09.422+0000] {logging_mixin.py:188} INFO - [2025-11-06T22:37:09.422+0000] {dagbag.py:538} INFO - Filling up the DagBag from /home/airflow/.local/lib/python3.8/site-packages/airflow/example_dags/example_xcomargs.py
[2025-11-06T22:37:09.446+0000] {processor.py:840} INFO - DAG(s) 'example_xcom_args', 'example_xcom_args_with_operators' retrieved from /home/airflow/.local/lib/python3.8/site-packages/airflow/example_dags/example_xcomargs.py
[2025-11-06T22:37:09.509+0000] {logging_mixin.py:188} INFO - [2025-11-06T22:37:09.509+0000] {dag.py:3036} INFO - Sync 2 DAGs
[2025-11-06T22:37:09.532+0000] {logging_mixin.py:188} INFO - [2025-11-06T22:37:09.531+0000] {dag.py:3823} INFO - Setting next_dagrun for example_xcom_args to None, run_after=None
[2025-11-06T22:37:09.539+0000] {logging_mixin.py:188} INFO - [2025-11-06T22:37:09.538+0000] {dag.py:3823} INFO - Setting next_dagrun for example_xcom_args_with_operators to None, run_after=None
[2025-11-06T22:37:09.573+0000] {processor.py:183} INFO - Processing /home/airflow/.local/lib/python3.8/site-packages/airflow/example_dags/example_xcomargs.py took 0.167 seconds
[2025-11-06T22:37:40.076+0000] {processor.py:161} INFO - Started process (PID=758) to work on /home/airflow/.local/lib/python3.8/site-packages/airflow/example_dags/example_xcomargs.py
[2025-11-06T22:37:40.079+0000] {processor.py:830} INFO - Processing file /home/airflow/.local/lib/python3.8/site-packages/airflow/example_dags/example_xcomargs.py for tasks to queue
[2025-11-06T22:37:40.084+0000] {logging_mixin.py:188} INFO - [2025-11-06T22:37:40.083+0000] {dagbag.py:538} INFO - Filling up the DagBag from /home/airflow/.local/lib/python3.8/site-packages/airflow/example_dags/example_xcomargs.py
[2025-11-06T22:37:40.146+0000] {processor.py:840} INFO - DAG(s) 'example_xcom_args', 'example_xcom_args_with_operators' retrieved from /home/airflow/.local/lib/python3.8/site-packages/airflow/example_dags/example_xcomargs.py
[2025-11-06T22:37:40.257+0000] {logging_mixin.py:188} INFO - [2025-11-06T22:37:40.257+0000] {dag.py:3036} INFO - Sync 2 DAGs
[2025-11-06T22:37:40.302+0000] {logging_mixin.py:188} INFO - [2025-11-06T22:37:40.301+0000] {dag.py:3823} INFO - Setting next_dagrun for example_xcom_args to None, run_after=None
[2025-11-06T22:37:40.317+0000] {logging_mixin.py:188} INFO - [2025-11-06T22:37:40.316+0000] {dag.py:3823} INFO - Setting next_dagrun for example_xcom_args_with_operators to None, run_after=None
[2025-11-06T22:37:40.369+0000] {processor.py:183} INFO - Processing /home/airflow/.local/lib/python3.8/site-packages/airflow/example_dags/example_xcomargs.py took 0.365 seconds
[2025-11-06T22:40:15.058+0000] {processor.py:161} INFO - Started process (PID=861) to work on /home/airflow/.local/lib/python3.8/site-packages/airflow/example_dags/example_xcomargs.py
[2025-11-06T22:40:15.087+0000] {processor.py:830} INFO - Processing file /home/airflow/.local/lib/python3.8/site-packages/airflow/example_dags/example_xcomargs.py for tasks to queue
[2025-11-06T22:40:15.130+0000] {logging_mixin.py:188} INFO - [2025-11-06T22:40:15.123+0000] {dagbag.py:538} INFO - Filling up the DagBag from /home/airflow/.local/lib/python3.8/site-packages/airflow/example_dags/example_xcomargs.py
[2025-11-06T22:40:15.406+0000] {processor.py:840} INFO - DAG(s) 'example_xcom_args', 'example_xcom_args_with_operators' retrieved from /home/airflow/.local/lib/python3.8/site-packages/airflow/example_dags/example_xcomargs.py
[2025-11-06T22:40:15.843+0000] {logging_mixin.py:188} INFO - [2025-11-06T22:40:15.842+0000] {dag.py:3036} INFO - Sync 2 DAGs
[2025-11-06T22:40:15.918+0000] {logging_mixin.py:188} INFO - [2025-11-06T22:40:15.917+0000] {dag.py:3823} INFO - Setting next_dagrun for example_xcom_args to None, run_after=None
[2025-11-06T22:40:15.955+0000] {logging_mixin.py:188} INFO - [2025-11-06T22:40:15.954+0000] {dag.py:3823} INFO - Setting next_dagrun for example_xcom_args_with_operators to None, run_after=None
[2025-11-06T22:40:16.102+0000] {processor.py:183} INFO - Processing /home/airflow/.local/lib/python3.8/site-packages/airflow/example_dags/example_xcomargs.py took 1.092 seconds
[2025-11-06T22:40:47.673+0000] {processor.py:161} INFO - Started process (PID=940) to work on /home/airflow/.local/lib/python3.8/site-packages/airflow/example_dags/example_xcomargs.py
[2025-11-06T22:40:47.678+0000] {processor.py:830} INFO - Processing file /home/airflow/.local/lib/python3.8/site-packages/airflow/example_dags/example_xcomargs.py for tasks to queue
[2025-11-06T22:40:47.681+0000] {logging_mixin.py:188} INFO - [2025-11-06T22:40:47.680+0000] {dagbag.py:538} INFO - Filling up the DagBag from /home/airflow/.local/lib/python3.8/site-packages/airflow/example_dags/example_xcomargs.py
[2025-11-06T22:40:47.831+0000] {processor.py:840} INFO - DAG(s) 'example_xcom_args_with_operators', 'example_xcom_args' retrieved from /home/airflow/.local/lib/python3.8/site-packages/airflow/example_dags/example_xcomargs.py
[2025-11-06T22:40:48.248+0000] {logging_mixin.py:188} INFO - [2025-11-06T22:40:48.247+0000] {dag.py:3036} INFO - Sync 2 DAGs
[2025-11-06T22:40:48.431+0000] {logging_mixin.py:188} INFO - [2025-11-06T22:40:48.399+0000] {dag.py:3823} INFO - Setting next_dagrun for example_xcom_args to None, run_after=None
[2025-11-06T22:40:48.553+0000] {logging_mixin.py:188} INFO - [2025-11-06T22:40:48.553+0000] {dag.py:3823} INFO - Setting next_dagrun for example_xcom_args_with_operators to None, run_after=None
[2025-11-06T22:40:48.847+0000] {processor.py:183} INFO - Processing /home/airflow/.local/lib/python3.8/site-packages/airflow/example_dags/example_xcomargs.py took 1.187 seconds
[2025-11-06T22:41:31.001+0000] {processor.py:161} INFO - Started process (PID=1028) to work on /home/airflow/.local/lib/python3.8/site-packages/airflow/example_dags/example_xcomargs.py
[2025-11-06T22:41:31.005+0000] {processor.py:830} INFO - Processing file /home/airflow/.local/lib/python3.8/site-packages/airflow/example_dags/example_xcomargs.py for tasks to queue
[2025-11-06T22:41:31.008+0000] {logging_mixin.py:188} INFO - [2025-11-06T22:41:31.007+0000] {dagbag.py:538} INFO - Filling up the DagBag from /home/airflow/.local/lib/python3.8/site-packages/airflow/example_dags/example_xcomargs.py
[2025-11-06T22:41:31.044+0000] {processor.py:840} INFO - DAG(s) 'example_xcom_args_with_operators', 'example_xcom_args' retrieved from /home/airflow/.local/lib/python3.8/site-packages/airflow/example_dags/example_xcomargs.py
[2025-11-06T22:41:31.160+0000] {logging_mixin.py:188} INFO - [2025-11-06T22:41:31.159+0000] {dag.py:3036} INFO - Sync 2 DAGs
[2025-11-06T22:41:31.216+0000] {logging_mixin.py:188} INFO - [2025-11-06T22:41:31.215+0000] {dag.py:3823} INFO - Setting next_dagrun for example_xcom_args to None, run_after=None
[2025-11-06T22:41:31.228+0000] {logging_mixin.py:188} INFO - [2025-11-06T22:41:31.228+0000] {dag.py:3823} INFO - Setting next_dagrun for example_xcom_args_with_operators to None, run_after=None
[2025-11-06T22:41:31.607+0000] {processor.py:183} INFO - Processing /home/airflow/.local/lib/python3.8/site-packages/airflow/example_dags/example_xcomargs.py took 0.622 seconds
[2025-11-06T22:42:05.206+0000] {processor.py:161} INFO - Started process (PID=1103) to work on /home/airflow/.local/lib/python3.8/site-packages/airflow/example_dags/example_xcomargs.py
[2025-11-06T22:42:05.208+0000] {processor.py:830} INFO - Processing file /home/airflow/.local/lib/python3.8/site-packages/airflow/example_dags/example_xcomargs.py for tasks to queue
[2025-11-06T22:42:05.212+0000] {logging_mixin.py:188} INFO - [2025-11-06T22:42:05.211+0000] {dagbag.py:538} INFO - Filling up the DagBag from /home/airflow/.local/lib/python3.8/site-packages/airflow/example_dags/example_xcomargs.py
[2025-11-06T22:42:05.266+0000] {processor.py:840} INFO - DAG(s) 'example_xcom_args_with_operators', 'example_xcom_args' retrieved from /home/airflow/.local/lib/python3.8/site-packages/airflow/example_dags/example_xcomargs.py
[2025-11-06T22:42:05.483+0000] {logging_mixin.py:188} INFO - [2025-11-06T22:42:05.481+0000] {dag.py:3036} INFO - Sync 2 DAGs
[2025-11-06T22:42:05.540+0000] {logging_mixin.py:188} INFO - [2025-11-06T22:42:05.539+0000] {dag.py:3823} INFO - Setting next_dagrun for example_xcom_args to None, run_after=None
[2025-11-06T22:42:05.564+0000] {logging_mixin.py:188} INFO - [2025-11-06T22:42:05.561+0000] {dag.py:3823} INFO - Setting next_dagrun for example_xcom_args_with_operators to None, run_after=None
[2025-11-06T22:42:05.673+0000] {processor.py:183} INFO - Processing /home/airflow/.local/lib/python3.8/site-packages/airflow/example_dags/example_xcomargs.py took 0.482 seconds
[2025-11-06T22:42:48.232+0000] {processor.py:161} INFO - Started process (PID=1174) to work on /home/airflow/.local/lib/python3.8/site-packages/airflow/example_dags/example_xcomargs.py
[2025-11-06T22:42:48.234+0000] {processor.py:830} INFO - Processing file /home/airflow/.local/lib/python3.8/site-packages/airflow/example_dags/example_xcomargs.py for tasks to queue
[2025-11-06T22:42:48.238+0000] {logging_mixin.py:188} INFO - [2025-11-06T22:42:48.237+0000] {dagbag.py:538} INFO - Filling up the DagBag from /home/airflow/.local/lib/python3.8/site-packages/airflow/example_dags/example_xcomargs.py
[2025-11-06T22:42:48.283+0000] {processor.py:840} INFO - DAG(s) 'example_xcom_args', 'example_xcom_args_with_operators' retrieved from /home/airflow/.local/lib/python3.8/site-packages/airflow/example_dags/example_xcomargs.py
[2025-11-06T22:42:48.510+0000] {logging_mixin.py:188} INFO - [2025-11-06T22:42:48.509+0000] {dag.py:3036} INFO - Sync 2 DAGs
[2025-11-06T22:42:48.562+0000] {logging_mixin.py:188} INFO - [2025-11-06T22:42:48.562+0000] {dag.py:3823} INFO - Setting next_dagrun for example_xcom_args to None, run_after=None
[2025-11-06T22:42:48.587+0000] {logging_mixin.py:188} INFO - [2025-11-06T22:42:48.586+0000] {dag.py:3823} INFO - Setting next_dagrun for example_xcom_args_with_operators to None, run_after=None
[2025-11-06T22:42:48.731+0000] {processor.py:183} INFO - Processing /home/airflow/.local/lib/python3.8/site-packages/airflow/example_dags/example_xcomargs.py took 0.511 seconds
[2025-11-06T22:43:23.185+0000] {processor.py:161} INFO - Started process (PID=1255) to work on /home/airflow/.local/lib/python3.8/site-packages/airflow/example_dags/example_xcomargs.py
[2025-11-06T22:43:23.201+0000] {processor.py:830} INFO - Processing file /home/airflow/.local/lib/python3.8/site-packages/airflow/example_dags/example_xcomargs.py for tasks to queue
[2025-11-06T22:43:23.204+0000] {logging_mixin.py:188} INFO - [2025-11-06T22:43:23.203+0000] {dagbag.py:538} INFO - Filling up the DagBag from /home/airflow/.local/lib/python3.8/site-packages/airflow/example_dags/example_xcomargs.py
[2025-11-06T22:43:23.292+0000] {processor.py:840} INFO - DAG(s) 'example_xcom_args_with_operators', 'example_xcom_args' retrieved from /home/airflow/.local/lib/python3.8/site-packages/airflow/example_dags/example_xcomargs.py
[2025-11-06T22:43:23.415+0000] {logging_mixin.py:188} INFO - [2025-11-06T22:43:23.415+0000] {dag.py:3036} INFO - Sync 2 DAGs
[2025-11-06T22:43:23.466+0000] {logging_mixin.py:188} INFO - [2025-11-06T22:43:23.465+0000] {dag.py:3823} INFO - Setting next_dagrun for example_xcom_args to None, run_after=None
[2025-11-06T22:43:23.480+0000] {logging_mixin.py:188} INFO - [2025-11-06T22:43:23.479+0000] {dag.py:3823} INFO - Setting next_dagrun for example_xcom_args_with_operators to None, run_after=None
[2025-11-06T22:43:23.539+0000] {processor.py:183} INFO - Processing /home/airflow/.local/lib/python3.8/site-packages/airflow/example_dags/example_xcomargs.py took 0.371 seconds
[2025-11-06T22:44:17.566+0000] {processor.py:161} INFO - Started process (PID=1336) to work on /home/airflow/.local/lib/python3.8/site-packages/airflow/example_dags/example_xcomargs.py
[2025-11-06T22:44:17.571+0000] {processor.py:830} INFO - Processing file /home/airflow/.local/lib/python3.8/site-packages/airflow/example_dags/example_xcomargs.py for tasks to queue
[2025-11-06T22:44:17.578+0000] {logging_mixin.py:188} INFO - [2025-11-06T22:44:17.577+0000] {dagbag.py:538} INFO - Filling up the DagBag from /home/airflow/.local/lib/python3.8/site-packages/airflow/example_dags/example_xcomargs.py
[2025-11-06T22:44:17.699+0000] {processor.py:840} INFO - DAG(s) 'example_xcom_args', 'example_xcom_args_with_operators' retrieved from /home/airflow/.local/lib/python3.8/site-packages/airflow/example_dags/example_xcomargs.py
[2025-11-06T22:44:17.996+0000] {logging_mixin.py:188} INFO - [2025-11-06T22:44:17.993+0000] {dag.py:3036} INFO - Sync 2 DAGs
[2025-11-06T22:44:18.192+0000] {logging_mixin.py:188} INFO - [2025-11-06T22:44:18.187+0000] {dag.py:3823} INFO - Setting next_dagrun for example_xcom_args to None, run_after=None
[2025-11-06T22:44:18.215+0000] {logging_mixin.py:188} INFO - [2025-11-06T22:44:18.214+0000] {dag.py:3823} INFO - Setting next_dagrun for example_xcom_args_with_operators to None, run_after=None
[2025-11-06T22:44:18.355+0000] {processor.py:183} INFO - Processing /home/airflow/.local/lib/python3.8/site-packages/airflow/example_dags/example_xcomargs.py took 0.837 seconds
[2025-11-06T22:45:44.722+0000] {processor.py:161} INFO - Started process (PID=1452) to work on /home/airflow/.local/lib/python3.8/site-packages/airflow/example_dags/example_xcomargs.py
[2025-11-06T22:45:44.728+0000] {processor.py:830} INFO - Processing file /home/airflow/.local/lib/python3.8/site-packages/airflow/example_dags/example_xcomargs.py for tasks to queue
[2025-11-06T22:45:44.732+0000] {logging_mixin.py:188} INFO - [2025-11-06T22:45:44.731+0000] {dagbag.py:538} INFO - Filling up the DagBag from /home/airflow/.local/lib/python3.8/site-packages/airflow/example_dags/example_xcomargs.py
[2025-11-06T22:45:44.934+0000] {processor.py:840} INFO - DAG(s) 'example_xcom_args_with_operators', 'example_xcom_args' retrieved from /home/airflow/.local/lib/python3.8/site-packages/airflow/example_dags/example_xcomargs.py
[2025-11-06T22:45:45.214+0000] {logging_mixin.py:188} INFO - [2025-11-06T22:45:45.214+0000] {dag.py:3036} INFO - Sync 2 DAGs
[2025-11-06T22:45:45.347+0000] {logging_mixin.py:188} INFO - [2025-11-06T22:45:45.347+0000] {dag.py:3823} INFO - Setting next_dagrun for example_xcom_args to None, run_after=None
[2025-11-06T22:45:45.382+0000] {logging_mixin.py:188} INFO - [2025-11-06T22:45:45.382+0000] {dag.py:3823} INFO - Setting next_dagrun for example_xcom_args_with_operators to None, run_after=None
[2025-11-06T22:45:45.547+0000] {processor.py:183} INFO - Processing /home/airflow/.local/lib/python3.8/site-packages/airflow/example_dags/example_xcomargs.py took 0.849 seconds
[2025-11-06T22:46:16.200+0000] {processor.py:161} INFO - Started process (PID=1526) to work on /home/airflow/.local/lib/python3.8/site-packages/airflow/example_dags/example_xcomargs.py
[2025-11-06T22:46:16.205+0000] {processor.py:830} INFO - Processing file /home/airflow/.local/lib/python3.8/site-packages/airflow/example_dags/example_xcomargs.py for tasks to queue
[2025-11-06T22:46:16.211+0000] {logging_mixin.py:188} INFO - [2025-11-06T22:46:16.210+0000] {dagbag.py:538} INFO - Filling up the DagBag from /home/airflow/.local/lib/python3.8/site-packages/airflow/example_dags/example_xcomargs.py
[2025-11-06T22:46:16.353+0000] {processor.py:840} INFO - DAG(s) 'example_xcom_args', 'example_xcom_args_with_operators' retrieved from /home/airflow/.local/lib/python3.8/site-packages/airflow/example_dags/example_xcomargs.py
[2025-11-06T22:46:16.550+0000] {logging_mixin.py:188} INFO - [2025-11-06T22:46:16.550+0000] {dag.py:3036} INFO - Sync 2 DAGs
[2025-11-06T22:46:16.604+0000] {logging_mixin.py:188} INFO - [2025-11-06T22:46:16.603+0000] {dag.py:3823} INFO - Setting next_dagrun for example_xcom_args to None, run_after=None
[2025-11-06T22:46:16.619+0000] {logging_mixin.py:188} INFO - [2025-11-06T22:46:16.618+0000] {dag.py:3823} INFO - Setting next_dagrun for example_xcom_args_with_operators to None, run_after=None
[2025-11-06T22:46:16.742+0000] {processor.py:183} INFO - Processing /home/airflow/.local/lib/python3.8/site-packages/airflow/example_dags/example_xcomargs.py took 0.582 seconds
[2025-11-06T22:46:48.090+0000] {processor.py:161} INFO - Started process (PID=1600) to work on /home/airflow/.local/lib/python3.8/site-packages/airflow/example_dags/example_xcomargs.py
[2025-11-06T22:46:48.096+0000] {processor.py:830} INFO - Processing file /home/airflow/.local/lib/python3.8/site-packages/airflow/example_dags/example_xcomargs.py for tasks to queue
[2025-11-06T22:46:48.141+0000] {logging_mixin.py:188} INFO - [2025-11-06T22:46:48.140+0000] {dagbag.py:538} INFO - Filling up the DagBag from /home/airflow/.local/lib/python3.8/site-packages/airflow/example_dags/example_xcomargs.py
[2025-11-06T22:46:48.231+0000] {processor.py:840} INFO - DAG(s) 'example_xcom_args_with_operators', 'example_xcom_args' retrieved from /home/airflow/.local/lib/python3.8/site-packages/airflow/example_dags/example_xcomargs.py
[2025-11-06T22:46:48.554+0000] {logging_mixin.py:188} INFO - [2025-11-06T22:46:48.554+0000] {dag.py:3036} INFO - Sync 2 DAGs
[2025-11-06T22:46:48.648+0000] {logging_mixin.py:188} INFO - [2025-11-06T22:46:48.647+0000] {dag.py:3823} INFO - Setting next_dagrun for example_xcom_args to None, run_after=None
[2025-11-06T22:46:48.769+0000] {logging_mixin.py:188} INFO - [2025-11-06T22:46:48.760+0000] {dag.py:3823} INFO - Setting next_dagrun for example_xcom_args_with_operators to None, run_after=None
[2025-11-06T22:46:48.932+0000] {processor.py:183} INFO - Processing /home/airflow/.local/lib/python3.8/site-packages/airflow/example_dags/example_xcomargs.py took 0.887 seconds
[2025-11-06T22:47:19.946+0000] {processor.py:161} INFO - Started process (PID=1673) to work on /home/airflow/.local/lib/python3.8/site-packages/airflow/example_dags/example_xcomargs.py
[2025-11-06T22:47:19.948+0000] {processor.py:830} INFO - Processing file /home/airflow/.local/lib/python3.8/site-packages/airflow/example_dags/example_xcomargs.py for tasks to queue
[2025-11-06T22:47:19.952+0000] {logging_mixin.py:188} INFO - [2025-11-06T22:47:19.950+0000] {dagbag.py:538} INFO - Filling up the DagBag from /home/airflow/.local/lib/python3.8/site-packages/airflow/example_dags/example_xcomargs.py
[2025-11-06T22:47:19.983+0000] {processor.py:840} INFO - DAG(s) 'example_xcom_args_with_operators', 'example_xcom_args' retrieved from /home/airflow/.local/lib/python3.8/site-packages/airflow/example_dags/example_xcomargs.py
[2025-11-06T22:47:20.105+0000] {logging_mixin.py:188} INFO - [2025-11-06T22:47:20.105+0000] {dag.py:3036} INFO - Sync 2 DAGs
[2025-11-06T22:47:20.163+0000] {logging_mixin.py:188} INFO - [2025-11-06T22:47:20.162+0000] {dag.py:3823} INFO - Setting next_dagrun for example_xcom_args to None, run_after=None
[2025-11-06T22:47:20.178+0000] {logging_mixin.py:188} INFO - [2025-11-06T22:47:20.176+0000] {dag.py:3823} INFO - Setting next_dagrun for example_xcom_args_with_operators to None, run_after=None
[2025-11-06T22:47:20.270+0000] {processor.py:183} INFO - Processing /home/airflow/.local/lib/python3.8/site-packages/airflow/example_dags/example_xcomargs.py took 0.331 seconds
