[2025-11-06T22:20:59.119+0000] {processor.py:161} INFO - Started process (PID=206) to work on /home/airflow/.local/lib/python3.8/site-packages/airflow/example_dags/example_datasets.py
[2025-11-06T22:20:59.126+0000] {processor.py:830} INFO - Processing file /home/airflow/.local/lib/python3.8/site-packages/airflow/example_dags/example_datasets.py for tasks to queue
[2025-11-06T22:20:59.156+0000] {logging_mixin.py:188} INFO - [2025-11-06T22:20:59.152+0000] {dagbag.py:538} INFO - Filling up the DagBag from /home/airflow/.local/lib/python3.8/site-packages/airflow/example_dags/example_datasets.py
[2025-11-06T22:20:59.473+0000] {processor.py:840} INFO - DAG(s) 'dataset_produces_2', 'dataset_consumes_1_and_2', 'dataset_consumes_1_never_scheduled', 'dataset_consumes_unknown_never_scheduled', 'dataset_consumes_1', 'dataset_produces_1' retrieved from /home/airflow/.local/lib/python3.8/site-packages/airflow/example_dags/example_datasets.py
[2025-11-06T22:21:01.654+0000] {logging_mixin.py:188} INFO - [2025-11-06T22:21:01.654+0000] {dag.py:3036} INFO - Sync 6 DAGs
[2025-11-06T22:21:01.747+0000] {logging_mixin.py:188} INFO - [2025-11-06T22:21:01.747+0000] {dag.py:3823} INFO - Setting next_dagrun for dataset_consumes_1 to None, run_after=None
[2025-11-06T22:21:01.758+0000] {logging_mixin.py:188} INFO - [2025-11-06T22:21:01.757+0000] {dag.py:3823} INFO - Setting next_dagrun for dataset_consumes_1_and_2 to None, run_after=None
[2025-11-06T22:21:01.764+0000] {logging_mixin.py:188} INFO - [2025-11-06T22:21:01.764+0000] {dag.py:3823} INFO - Setting next_dagrun for dataset_consumes_1_never_scheduled to None, run_after=None
[2025-11-06T22:21:01.769+0000] {logging_mixin.py:188} INFO - [2025-11-06T22:21:01.769+0000] {dag.py:3823} INFO - Setting next_dagrun for dataset_consumes_unknown_never_scheduled to None, run_after=None
[2025-11-06T22:21:01.781+0000] {logging_mixin.py:188} INFO - [2025-11-06T22:21:01.780+0000] {dag.py:3823} INFO - Setting next_dagrun for dataset_produces_1 to 2025-11-05 00:00:00+00:00, run_after=2025-11-06 00:00:00+00:00
[2025-11-06T22:21:01.787+0000] {logging_mixin.py:188} INFO - [2025-11-06T22:21:01.786+0000] {dag.py:3823} INFO - Setting next_dagrun for dataset_produces_2 to None, run_after=None
[2025-11-06T22:21:01.966+0000] {processor.py:183} INFO - Processing /home/airflow/.local/lib/python3.8/site-packages/airflow/example_dags/example_datasets.py took 2.872 seconds
[2025-11-06T22:21:53.584+0000] {processor.py:161} INFO - Started process (PID=293) to work on /home/airflow/.local/lib/python3.8/site-packages/airflow/example_dags/example_datasets.py
[2025-11-06T22:21:53.599+0000] {processor.py:830} INFO - Processing file /home/airflow/.local/lib/python3.8/site-packages/airflow/example_dags/example_datasets.py for tasks to queue
[2025-11-06T22:21:53.603+0000] {logging_mixin.py:188} INFO - [2025-11-06T22:21:53.602+0000] {dagbag.py:538} INFO - Filling up the DagBag from /home/airflow/.local/lib/python3.8/site-packages/airflow/example_dags/example_datasets.py
[2025-11-06T22:21:53.672+0000] {processor.py:840} INFO - DAG(s) 'dataset_produces_1', 'dataset_consumes_unknown_never_scheduled', 'dataset_consumes_1_never_scheduled', 'dataset_consumes_1_and_2', 'dataset_produces_2', 'dataset_consumes_1' retrieved from /home/airflow/.local/lib/python3.8/site-packages/airflow/example_dags/example_datasets.py
[2025-11-06T22:21:54.032+0000] {logging_mixin.py:188} INFO - [2025-11-06T22:21:54.031+0000] {dag.py:3036} INFO - Sync 6 DAGs
[2025-11-06T22:21:54.364+0000] {logging_mixin.py:188} INFO - [2025-11-06T22:21:54.363+0000] {dag.py:3823} INFO - Setting next_dagrun for dataset_consumes_1 to None, run_after=None
[2025-11-06T22:21:54.396+0000] {logging_mixin.py:188} INFO - [2025-11-06T22:21:54.395+0000] {dag.py:3823} INFO - Setting next_dagrun for dataset_consumes_1_and_2 to None, run_after=None
[2025-11-06T22:21:54.434+0000] {logging_mixin.py:188} INFO - [2025-11-06T22:21:54.434+0000] {dag.py:3823} INFO - Setting next_dagrun for dataset_consumes_1_never_scheduled to None, run_after=None
[2025-11-06T22:21:54.443+0000] {logging_mixin.py:188} INFO - [2025-11-06T22:21:54.443+0000] {dag.py:3823} INFO - Setting next_dagrun for dataset_consumes_unknown_never_scheduled to None, run_after=None
[2025-11-06T22:21:54.497+0000] {logging_mixin.py:188} INFO - [2025-11-06T22:21:54.485+0000] {dag.py:3823} INFO - Setting next_dagrun for dataset_produces_1 to 2025-11-05 00:00:00+00:00, run_after=2025-11-06 00:00:00+00:00
[2025-11-06T22:21:54.520+0000] {logging_mixin.py:188} INFO - [2025-11-06T22:21:54.519+0000] {dag.py:3823} INFO - Setting next_dagrun for dataset_produces_2 to None, run_after=None
[2025-11-06T22:21:54.848+0000] {processor.py:183} INFO - Processing /home/airflow/.local/lib/python3.8/site-packages/airflow/example_dags/example_datasets.py took 1.296 seconds
[2025-11-06T22:22:28.959+0000] {processor.py:161} INFO - Started process (PID=375) to work on /home/airflow/.local/lib/python3.8/site-packages/airflow/example_dags/example_datasets.py
[2025-11-06T22:22:28.968+0000] {processor.py:830} INFO - Processing file /home/airflow/.local/lib/python3.8/site-packages/airflow/example_dags/example_datasets.py for tasks to queue
[2025-11-06T22:22:28.975+0000] {logging_mixin.py:188} INFO - [2025-11-06T22:22:28.974+0000] {dagbag.py:538} INFO - Filling up the DagBag from /home/airflow/.local/lib/python3.8/site-packages/airflow/example_dags/example_datasets.py
[2025-11-06T22:22:29.062+0000] {processor.py:840} INFO - DAG(s) 'dataset_consumes_1_and_2', 'dataset_produces_1', 'dataset_consumes_unknown_never_scheduled', 'dataset_consumes_1', 'dataset_produces_2', 'dataset_consumes_1_never_scheduled' retrieved from /home/airflow/.local/lib/python3.8/site-packages/airflow/example_dags/example_datasets.py
[2025-11-06T22:22:29.558+0000] {logging_mixin.py:188} INFO - [2025-11-06T22:22:29.557+0000] {dag.py:3036} INFO - Sync 6 DAGs
[2025-11-06T22:22:29.941+0000] {logging_mixin.py:188} INFO - [2025-11-06T22:22:29.940+0000] {dag.py:3823} INFO - Setting next_dagrun for dataset_consumes_1 to None, run_after=None
[2025-11-06T22:22:29.993+0000] {logging_mixin.py:188} INFO - [2025-11-06T22:22:29.992+0000] {dag.py:3823} INFO - Setting next_dagrun for dataset_consumes_1_and_2 to None, run_after=None
[2025-11-06T22:22:30.026+0000] {logging_mixin.py:188} INFO - [2025-11-06T22:22:30.025+0000] {dag.py:3823} INFO - Setting next_dagrun for dataset_consumes_1_never_scheduled to None, run_after=None
[2025-11-06T22:22:30.038+0000] {logging_mixin.py:188} INFO - [2025-11-06T22:22:30.037+0000] {dag.py:3823} INFO - Setting next_dagrun for dataset_consumes_unknown_never_scheduled to None, run_after=None
[2025-11-06T22:22:30.067+0000] {logging_mixin.py:188} INFO - [2025-11-06T22:22:30.066+0000] {dag.py:3823} INFO - Setting next_dagrun for dataset_produces_1 to 2025-11-05 00:00:00+00:00, run_after=2025-11-06 00:00:00+00:00
[2025-11-06T22:22:30.135+0000] {logging_mixin.py:188} INFO - [2025-11-06T22:22:30.134+0000] {dag.py:3823} INFO - Setting next_dagrun for dataset_produces_2 to None, run_after=None
[2025-11-06T22:22:30.461+0000] {processor.py:183} INFO - Processing /home/airflow/.local/lib/python3.8/site-packages/airflow/example_dags/example_datasets.py took 1.546 seconds
[2025-11-06T22:33:17.543+0000] {processor.py:161} INFO - Started process (PID=125) to work on /home/airflow/.local/lib/python3.8/site-packages/airflow/example_dags/example_datasets.py
[2025-11-06T22:33:17.545+0000] {processor.py:830} INFO - Processing file /home/airflow/.local/lib/python3.8/site-packages/airflow/example_dags/example_datasets.py for tasks to queue
[2025-11-06T22:33:17.547+0000] {logging_mixin.py:188} INFO - [2025-11-06T22:33:17.547+0000] {dagbag.py:538} INFO - Filling up the DagBag from /home/airflow/.local/lib/python3.8/site-packages/airflow/example_dags/example_datasets.py
[2025-11-06T22:33:17.577+0000] {processor.py:840} INFO - DAG(s) 'dataset_consumes_1_never_scheduled', 'dataset_consumes_1', 'dataset_consumes_unknown_never_scheduled', 'dataset_produces_1', 'dataset_consumes_1_and_2', 'dataset_produces_2' retrieved from /home/airflow/.local/lib/python3.8/site-packages/airflow/example_dags/example_datasets.py
[2025-11-06T22:33:17.903+0000] {logging_mixin.py:188} INFO - [2025-11-06T22:33:17.903+0000] {dag.py:3036} INFO - Sync 6 DAGs
[2025-11-06T22:33:17.942+0000] {logging_mixin.py:188} INFO - [2025-11-06T22:33:17.942+0000] {dag.py:3823} INFO - Setting next_dagrun for dataset_consumes_1 to None, run_after=None
[2025-11-06T22:33:17.949+0000] {logging_mixin.py:188} INFO - [2025-11-06T22:33:17.948+0000] {dag.py:3823} INFO - Setting next_dagrun for dataset_consumes_1_and_2 to None, run_after=None
[2025-11-06T22:33:17.952+0000] {logging_mixin.py:188} INFO - [2025-11-06T22:33:17.952+0000] {dag.py:3823} INFO - Setting next_dagrun for dataset_consumes_1_never_scheduled to None, run_after=None
[2025-11-06T22:33:17.957+0000] {logging_mixin.py:188} INFO - [2025-11-06T22:33:17.956+0000] {dag.py:3823} INFO - Setting next_dagrun for dataset_consumes_unknown_never_scheduled to None, run_after=None
[2025-11-06T22:33:17.963+0000] {logging_mixin.py:188} INFO - [2025-11-06T22:33:17.962+0000] {dag.py:3823} INFO - Setting next_dagrun for dataset_produces_1 to 2025-11-05 00:00:00+00:00, run_after=2025-11-06 00:00:00+00:00
[2025-11-06T22:33:17.966+0000] {logging_mixin.py:188} INFO - [2025-11-06T22:33:17.966+0000] {dag.py:3823} INFO - Setting next_dagrun for dataset_produces_2 to None, run_after=None
[2025-11-06T22:33:18.029+0000] {processor.py:183} INFO - Processing /home/airflow/.local/lib/python3.8/site-packages/airflow/example_dags/example_datasets.py took 0.492 seconds
[2025-11-06T22:33:48.666+0000] {processor.py:161} INFO - Started process (PID=206) to work on /home/airflow/.local/lib/python3.8/site-packages/airflow/example_dags/example_datasets.py
[2025-11-06T22:33:48.668+0000] {processor.py:830} INFO - Processing file /home/airflow/.local/lib/python3.8/site-packages/airflow/example_dags/example_datasets.py for tasks to queue
[2025-11-06T22:33:48.670+0000] {logging_mixin.py:188} INFO - [2025-11-06T22:33:48.669+0000] {dagbag.py:538} INFO - Filling up the DagBag from /home/airflow/.local/lib/python3.8/site-packages/airflow/example_dags/example_datasets.py
[2025-11-06T22:33:48.693+0000] {processor.py:840} INFO - DAG(s) 'dataset_consumes_unknown_never_scheduled', 'dataset_produces_2', 'dataset_consumes_1_never_scheduled', 'dataset_produces_1', 'dataset_consumes_1_and_2', 'dataset_consumes_1' retrieved from /home/airflow/.local/lib/python3.8/site-packages/airflow/example_dags/example_datasets.py
[2025-11-06T22:33:48.776+0000] {logging_mixin.py:188} INFO - [2025-11-06T22:33:48.775+0000] {dag.py:3036} INFO - Sync 6 DAGs
[2025-11-06T22:33:48.820+0000] {logging_mixin.py:188} INFO - [2025-11-06T22:33:48.820+0000] {dag.py:3823} INFO - Setting next_dagrun for dataset_consumes_1 to None, run_after=None
[2025-11-06T22:33:48.827+0000] {logging_mixin.py:188} INFO - [2025-11-06T22:33:48.827+0000] {dag.py:3823} INFO - Setting next_dagrun for dataset_consumes_1_and_2 to None, run_after=None
[2025-11-06T22:33:48.830+0000] {logging_mixin.py:188} INFO - [2025-11-06T22:33:48.830+0000] {dag.py:3823} INFO - Setting next_dagrun for dataset_consumes_1_never_scheduled to None, run_after=None
[2025-11-06T22:33:48.833+0000] {logging_mixin.py:188} INFO - [2025-11-06T22:33:48.832+0000] {dag.py:3823} INFO - Setting next_dagrun for dataset_consumes_unknown_never_scheduled to None, run_after=None
[2025-11-06T22:33:48.838+0000] {logging_mixin.py:188} INFO - [2025-11-06T22:33:48.838+0000] {dag.py:3823} INFO - Setting next_dagrun for dataset_produces_1 to 2025-11-05 00:00:00+00:00, run_after=2025-11-06 00:00:00+00:00
[2025-11-06T22:33:48.841+0000] {logging_mixin.py:188} INFO - [2025-11-06T22:33:48.840+0000] {dag.py:3823} INFO - Setting next_dagrun for dataset_produces_2 to None, run_after=None
[2025-11-06T22:33:48.899+0000] {processor.py:183} INFO - Processing /home/airflow/.local/lib/python3.8/site-packages/airflow/example_dags/example_datasets.py took 0.240 seconds
[2025-11-06T22:34:20.087+0000] {processor.py:161} INFO - Started process (PID=277) to work on /home/airflow/.local/lib/python3.8/site-packages/airflow/example_dags/example_datasets.py
[2025-11-06T22:34:20.090+0000] {processor.py:830} INFO - Processing file /home/airflow/.local/lib/python3.8/site-packages/airflow/example_dags/example_datasets.py for tasks to queue
[2025-11-06T22:34:20.094+0000] {logging_mixin.py:188} INFO - [2025-11-06T22:34:20.093+0000] {dagbag.py:538} INFO - Filling up the DagBag from /home/airflow/.local/lib/python3.8/site-packages/airflow/example_dags/example_datasets.py
[2025-11-06T22:34:20.129+0000] {processor.py:840} INFO - DAG(s) 'dataset_consumes_unknown_never_scheduled', 'dataset_consumes_1_and_2', 'dataset_consumes_1_never_scheduled', 'dataset_consumes_1', 'dataset_produces_2', 'dataset_produces_1' retrieved from /home/airflow/.local/lib/python3.8/site-packages/airflow/example_dags/example_datasets.py
[2025-11-06T22:34:20.259+0000] {logging_mixin.py:188} INFO - [2025-11-06T22:34:20.258+0000] {dag.py:3036} INFO - Sync 6 DAGs
[2025-11-06T22:34:20.336+0000] {logging_mixin.py:188} INFO - [2025-11-06T22:34:20.335+0000] {dag.py:3823} INFO - Setting next_dagrun for dataset_consumes_1 to None, run_after=None
[2025-11-06T22:34:20.345+0000] {logging_mixin.py:188} INFO - [2025-11-06T22:34:20.345+0000] {dag.py:3823} INFO - Setting next_dagrun for dataset_consumes_1_and_2 to None, run_after=None
[2025-11-06T22:34:20.350+0000] {logging_mixin.py:188} INFO - [2025-11-06T22:34:20.349+0000] {dag.py:3823} INFO - Setting next_dagrun for dataset_consumes_1_never_scheduled to None, run_after=None
[2025-11-06T22:34:20.354+0000] {logging_mixin.py:188} INFO - [2025-11-06T22:34:20.353+0000] {dag.py:3823} INFO - Setting next_dagrun for dataset_consumes_unknown_never_scheduled to None, run_after=None
[2025-11-06T22:34:20.362+0000] {logging_mixin.py:188} INFO - [2025-11-06T22:34:20.362+0000] {dag.py:3823} INFO - Setting next_dagrun for dataset_produces_1 to 2025-11-05 00:00:00+00:00, run_after=2025-11-06 00:00:00+00:00
[2025-11-06T22:34:20.368+0000] {logging_mixin.py:188} INFO - [2025-11-06T22:34:20.367+0000] {dag.py:3823} INFO - Setting next_dagrun for dataset_produces_2 to None, run_after=None
[2025-11-06T22:34:20.472+0000] {processor.py:183} INFO - Processing /home/airflow/.local/lib/python3.8/site-packages/airflow/example_dags/example_datasets.py took 0.398 seconds
[2025-11-06T22:34:52.742+0000] {processor.py:161} INFO - Started process (PID=351) to work on /home/airflow/.local/lib/python3.8/site-packages/airflow/example_dags/example_datasets.py
[2025-11-06T22:34:52.744+0000] {processor.py:830} INFO - Processing file /home/airflow/.local/lib/python3.8/site-packages/airflow/example_dags/example_datasets.py for tasks to queue
[2025-11-06T22:34:52.747+0000] {logging_mixin.py:188} INFO - [2025-11-06T22:34:52.746+0000] {dagbag.py:538} INFO - Filling up the DagBag from /home/airflow/.local/lib/python3.8/site-packages/airflow/example_dags/example_datasets.py
[2025-11-06T22:34:52.774+0000] {processor.py:840} INFO - DAG(s) 'dataset_consumes_1', 'dataset_consumes_1_never_scheduled', 'dataset_consumes_1_and_2', 'dataset_produces_2', 'dataset_produces_1', 'dataset_consumes_unknown_never_scheduled' retrieved from /home/airflow/.local/lib/python3.8/site-packages/airflow/example_dags/example_datasets.py
[2025-11-06T22:34:52.936+0000] {logging_mixin.py:188} INFO - [2025-11-06T22:34:52.935+0000] {dag.py:3036} INFO - Sync 6 DAGs
[2025-11-06T22:34:53.296+0000] {logging_mixin.py:188} INFO - [2025-11-06T22:34:53.295+0000] {dag.py:3823} INFO - Setting next_dagrun for dataset_consumes_1 to None, run_after=None
[2025-11-06T22:34:53.307+0000] {logging_mixin.py:188} INFO - [2025-11-06T22:34:53.306+0000] {dag.py:3823} INFO - Setting next_dagrun for dataset_consumes_1_and_2 to None, run_after=None
[2025-11-06T22:34:53.311+0000] {logging_mixin.py:188} INFO - [2025-11-06T22:34:53.310+0000] {dag.py:3823} INFO - Setting next_dagrun for dataset_consumes_1_never_scheduled to None, run_after=None
[2025-11-06T22:34:53.316+0000] {logging_mixin.py:188} INFO - [2025-11-06T22:34:53.315+0000] {dag.py:3823} INFO - Setting next_dagrun for dataset_consumes_unknown_never_scheduled to None, run_after=None
[2025-11-06T22:34:53.336+0000] {logging_mixin.py:188} INFO - [2025-11-06T22:34:53.335+0000] {dag.py:3823} INFO - Setting next_dagrun for dataset_produces_1 to 2025-11-05 00:00:00+00:00, run_after=2025-11-06 00:00:00+00:00
[2025-11-06T22:34:53.340+0000] {logging_mixin.py:188} INFO - [2025-11-06T22:34:53.339+0000] {dag.py:3823} INFO - Setting next_dagrun for dataset_produces_2 to None, run_after=None
[2025-11-06T22:34:53.408+0000] {processor.py:183} INFO - Processing /home/airflow/.local/lib/python3.8/site-packages/airflow/example_dags/example_datasets.py took 0.675 seconds
[2025-11-06T22:35:25.459+0000] {processor.py:161} INFO - Started process (PID=424) to work on /home/airflow/.local/lib/python3.8/site-packages/airflow/example_dags/example_datasets.py
[2025-11-06T22:35:25.461+0000] {processor.py:830} INFO - Processing file /home/airflow/.local/lib/python3.8/site-packages/airflow/example_dags/example_datasets.py for tasks to queue
[2025-11-06T22:35:25.465+0000] {logging_mixin.py:188} INFO - [2025-11-06T22:35:25.464+0000] {dagbag.py:538} INFO - Filling up the DagBag from /home/airflow/.local/lib/python3.8/site-packages/airflow/example_dags/example_datasets.py
[2025-11-06T22:35:25.505+0000] {processor.py:840} INFO - DAG(s) 'dataset_consumes_1_never_scheduled', 'dataset_consumes_1', 'dataset_consumes_1_and_2', 'dataset_consumes_unknown_never_scheduled', 'dataset_produces_1', 'dataset_produces_2' retrieved from /home/airflow/.local/lib/python3.8/site-packages/airflow/example_dags/example_datasets.py
[2025-11-06T22:35:25.658+0000] {logging_mixin.py:188} INFO - [2025-11-06T22:35:25.658+0000] {dag.py:3036} INFO - Sync 6 DAGs
[2025-11-06T22:35:25.781+0000] {logging_mixin.py:188} INFO - [2025-11-06T22:35:25.780+0000] {dag.py:3823} INFO - Setting next_dagrun for dataset_consumes_1 to None, run_after=None
[2025-11-06T22:35:25.805+0000] {logging_mixin.py:188} INFO - [2025-11-06T22:35:25.805+0000] {dag.py:3823} INFO - Setting next_dagrun for dataset_consumes_1_and_2 to None, run_after=None
[2025-11-06T22:35:25.812+0000] {logging_mixin.py:188} INFO - [2025-11-06T22:35:25.811+0000] {dag.py:3823} INFO - Setting next_dagrun for dataset_consumes_1_never_scheduled to None, run_after=None
[2025-11-06T22:35:25.829+0000] {logging_mixin.py:188} INFO - [2025-11-06T22:35:25.828+0000] {dag.py:3823} INFO - Setting next_dagrun for dataset_consumes_unknown_never_scheduled to None, run_after=None
[2025-11-06T22:35:25.882+0000] {logging_mixin.py:188} INFO - [2025-11-06T22:35:25.881+0000] {dag.py:3823} INFO - Setting next_dagrun for dataset_produces_1 to 2025-11-05 00:00:00+00:00, run_after=2025-11-06 00:00:00+00:00
[2025-11-06T22:35:25.903+0000] {logging_mixin.py:188} INFO - [2025-11-06T22:35:25.899+0000] {dag.py:3823} INFO - Setting next_dagrun for dataset_produces_2 to None, run_after=None
[2025-11-06T22:35:26.110+0000] {processor.py:183} INFO - Processing /home/airflow/.local/lib/python3.8/site-packages/airflow/example_dags/example_datasets.py took 0.662 seconds
[2025-11-06T22:35:56.492+0000] {processor.py:161} INFO - Started process (PID=499) to work on /home/airflow/.local/lib/python3.8/site-packages/airflow/example_dags/example_datasets.py
[2025-11-06T22:35:56.498+0000] {processor.py:830} INFO - Processing file /home/airflow/.local/lib/python3.8/site-packages/airflow/example_dags/example_datasets.py for tasks to queue
[2025-11-06T22:35:56.501+0000] {logging_mixin.py:188} INFO - [2025-11-06T22:35:56.500+0000] {dagbag.py:538} INFO - Filling up the DagBag from /home/airflow/.local/lib/python3.8/site-packages/airflow/example_dags/example_datasets.py
[2025-11-06T22:35:56.539+0000] {processor.py:840} INFO - DAG(s) 'dataset_consumes_1_never_scheduled', 'dataset_produces_2', 'dataset_consumes_unknown_never_scheduled', 'dataset_consumes_1', 'dataset_consumes_1_and_2', 'dataset_produces_1' retrieved from /home/airflow/.local/lib/python3.8/site-packages/airflow/example_dags/example_datasets.py
[2025-11-06T22:35:56.654+0000] {logging_mixin.py:188} INFO - [2025-11-06T22:35:56.653+0000] {dag.py:3036} INFO - Sync 6 DAGs
[2025-11-06T22:35:56.722+0000] {logging_mixin.py:188} INFO - [2025-11-06T22:35:56.721+0000] {dag.py:3823} INFO - Setting next_dagrun for dataset_consumes_1 to None, run_after=None
[2025-11-06T22:35:56.741+0000] {logging_mixin.py:188} INFO - [2025-11-06T22:35:56.740+0000] {dag.py:3823} INFO - Setting next_dagrun for dataset_consumes_1_and_2 to None, run_after=None
[2025-11-06T22:35:56.746+0000] {logging_mixin.py:188} INFO - [2025-11-06T22:35:56.746+0000] {dag.py:3823} INFO - Setting next_dagrun for dataset_consumes_1_never_scheduled to None, run_after=None
[2025-11-06T22:35:56.765+0000] {logging_mixin.py:188} INFO - [2025-11-06T22:35:56.765+0000] {dag.py:3823} INFO - Setting next_dagrun for dataset_consumes_unknown_never_scheduled to None, run_after=None
[2025-11-06T22:35:56.781+0000] {logging_mixin.py:188} INFO - [2025-11-06T22:35:56.781+0000] {dag.py:3823} INFO - Setting next_dagrun for dataset_produces_1 to 2025-11-05 00:00:00+00:00, run_after=2025-11-06 00:00:00+00:00
[2025-11-06T22:35:56.799+0000] {logging_mixin.py:188} INFO - [2025-11-06T22:35:56.799+0000] {dag.py:3823} INFO - Setting next_dagrun for dataset_produces_2 to None, run_after=None
[2025-11-06T22:35:56.968+0000] {processor.py:183} INFO - Processing /home/airflow/.local/lib/python3.8/site-packages/airflow/example_dags/example_datasets.py took 0.485 seconds
[2025-11-06T22:36:27.774+0000] {processor.py:161} INFO - Started process (PID=573) to work on /home/airflow/.local/lib/python3.8/site-packages/airflow/example_dags/example_datasets.py
[2025-11-06T22:36:27.776+0000] {processor.py:830} INFO - Processing file /home/airflow/.local/lib/python3.8/site-packages/airflow/example_dags/example_datasets.py for tasks to queue
[2025-11-06T22:36:27.779+0000] {logging_mixin.py:188} INFO - [2025-11-06T22:36:27.778+0000] {dagbag.py:538} INFO - Filling up the DagBag from /home/airflow/.local/lib/python3.8/site-packages/airflow/example_dags/example_datasets.py
[2025-11-06T22:36:27.813+0000] {processor.py:840} INFO - DAG(s) 'dataset_produces_2', 'dataset_consumes_1_never_scheduled', 'dataset_consumes_1', 'dataset_consumes_1_and_2', 'dataset_consumes_unknown_never_scheduled', 'dataset_produces_1' retrieved from /home/airflow/.local/lib/python3.8/site-packages/airflow/example_dags/example_datasets.py
[2025-11-06T22:36:27.921+0000] {logging_mixin.py:188} INFO - [2025-11-06T22:36:27.920+0000] {dag.py:3036} INFO - Sync 6 DAGs
[2025-11-06T22:36:27.995+0000] {logging_mixin.py:188} INFO - [2025-11-06T22:36:27.995+0000] {dag.py:3823} INFO - Setting next_dagrun for dataset_consumes_1 to None, run_after=None
[2025-11-06T22:36:28.008+0000] {logging_mixin.py:188} INFO - [2025-11-06T22:36:28.008+0000] {dag.py:3823} INFO - Setting next_dagrun for dataset_consumes_1_and_2 to None, run_after=None
[2025-11-06T22:36:28.013+0000] {logging_mixin.py:188} INFO - [2025-11-06T22:36:28.012+0000] {dag.py:3823} INFO - Setting next_dagrun for dataset_consumes_1_never_scheduled to None, run_after=None
[2025-11-06T22:36:28.020+0000] {logging_mixin.py:188} INFO - [2025-11-06T22:36:28.020+0000] {dag.py:3823} INFO - Setting next_dagrun for dataset_consumes_unknown_never_scheduled to None, run_after=None
[2025-11-06T22:36:28.033+0000] {logging_mixin.py:188} INFO - [2025-11-06T22:36:28.033+0000] {dag.py:3823} INFO - Setting next_dagrun for dataset_produces_1 to 2025-11-05 00:00:00+00:00, run_after=2025-11-06 00:00:00+00:00
[2025-11-06T22:36:28.044+0000] {logging_mixin.py:188} INFO - [2025-11-06T22:36:28.043+0000] {dag.py:3823} INFO - Setting next_dagrun for dataset_produces_2 to None, run_after=None
[2025-11-06T22:36:28.141+0000] {processor.py:183} INFO - Processing /home/airflow/.local/lib/python3.8/site-packages/airflow/example_dags/example_datasets.py took 0.376 seconds
[2025-11-06T22:36:58.328+0000] {processor.py:161} INFO - Started process (PID=645) to work on /home/airflow/.local/lib/python3.8/site-packages/airflow/example_dags/example_datasets.py
[2025-11-06T22:36:58.329+0000] {processor.py:830} INFO - Processing file /home/airflow/.local/lib/python3.8/site-packages/airflow/example_dags/example_datasets.py for tasks to queue
[2025-11-06T22:36:58.332+0000] {logging_mixin.py:188} INFO - [2025-11-06T22:36:58.331+0000] {dagbag.py:538} INFO - Filling up the DagBag from /home/airflow/.local/lib/python3.8/site-packages/airflow/example_dags/example_datasets.py
[2025-11-06T22:36:58.369+0000] {processor.py:840} INFO - DAG(s) 'dataset_consumes_1', 'dataset_consumes_unknown_never_scheduled', 'dataset_consumes_1_and_2', 'dataset_consumes_1_never_scheduled', 'dataset_produces_1', 'dataset_produces_2' retrieved from /home/airflow/.local/lib/python3.8/site-packages/airflow/example_dags/example_datasets.py
[2025-11-06T22:36:58.480+0000] {logging_mixin.py:188} INFO - [2025-11-06T22:36:58.480+0000] {dag.py:3036} INFO - Sync 6 DAGs
[2025-11-06T22:36:58.542+0000] {logging_mixin.py:188} INFO - [2025-11-06T22:36:58.542+0000] {dag.py:3823} INFO - Setting next_dagrun for dataset_consumes_1 to None, run_after=None
[2025-11-06T22:36:58.555+0000] {logging_mixin.py:188} INFO - [2025-11-06T22:36:58.554+0000] {dag.py:3823} INFO - Setting next_dagrun for dataset_consumes_1_and_2 to None, run_after=None
[2025-11-06T22:36:58.562+0000] {logging_mixin.py:188} INFO - [2025-11-06T22:36:58.561+0000] {dag.py:3823} INFO - Setting next_dagrun for dataset_consumes_1_never_scheduled to None, run_after=None
[2025-11-06T22:36:58.567+0000] {logging_mixin.py:188} INFO - [2025-11-06T22:36:58.567+0000] {dag.py:3823} INFO - Setting next_dagrun for dataset_consumes_unknown_never_scheduled to None, run_after=None
[2025-11-06T22:36:58.577+0000] {logging_mixin.py:188} INFO - [2025-11-06T22:36:58.576+0000] {dag.py:3823} INFO - Setting next_dagrun for dataset_produces_1 to 2025-11-05 00:00:00+00:00, run_after=2025-11-06 00:00:00+00:00
[2025-11-06T22:36:58.583+0000] {logging_mixin.py:188} INFO - [2025-11-06T22:36:58.582+0000] {dag.py:3823} INFO - Setting next_dagrun for dataset_produces_2 to None, run_after=None
[2025-11-06T22:36:58.688+0000] {processor.py:183} INFO - Processing /home/airflow/.local/lib/python3.8/site-packages/airflow/example_dags/example_datasets.py took 0.370 seconds
[2025-11-06T22:37:28.897+0000] {processor.py:161} INFO - Started process (PID=727) to work on /home/airflow/.local/lib/python3.8/site-packages/airflow/example_dags/example_datasets.py
[2025-11-06T22:37:28.899+0000] {processor.py:830} INFO - Processing file /home/airflow/.local/lib/python3.8/site-packages/airflow/example_dags/example_datasets.py for tasks to queue
[2025-11-06T22:37:28.902+0000] {logging_mixin.py:188} INFO - [2025-11-06T22:37:28.901+0000] {dagbag.py:538} INFO - Filling up the DagBag from /home/airflow/.local/lib/python3.8/site-packages/airflow/example_dags/example_datasets.py
[2025-11-06T22:37:28.940+0000] {processor.py:840} INFO - DAG(s) 'dataset_produces_2', 'dataset_consumes_1_never_scheduled', 'dataset_produces_1', 'dataset_consumes_1_and_2', 'dataset_consumes_1', 'dataset_consumes_unknown_never_scheduled' retrieved from /home/airflow/.local/lib/python3.8/site-packages/airflow/example_dags/example_datasets.py
[2025-11-06T22:37:29.135+0000] {logging_mixin.py:188} INFO - [2025-11-06T22:37:29.135+0000] {dag.py:3036} INFO - Sync 6 DAGs
[2025-11-06T22:37:29.269+0000] {logging_mixin.py:188} INFO - [2025-11-06T22:37:29.268+0000] {dag.py:3823} INFO - Setting next_dagrun for dataset_consumes_1 to None, run_after=None
[2025-11-06T22:37:29.282+0000] {logging_mixin.py:188} INFO - [2025-11-06T22:37:29.281+0000] {dag.py:3823} INFO - Setting next_dagrun for dataset_consumes_1_and_2 to None, run_after=None
[2025-11-06T22:37:29.287+0000] {logging_mixin.py:188} INFO - [2025-11-06T22:37:29.286+0000] {dag.py:3823} INFO - Setting next_dagrun for dataset_consumes_1_never_scheduled to None, run_after=None
[2025-11-06T22:37:29.292+0000] {logging_mixin.py:188} INFO - [2025-11-06T22:37:29.291+0000] {dag.py:3823} INFO - Setting next_dagrun for dataset_consumes_unknown_never_scheduled to None, run_after=None
[2025-11-06T22:37:29.301+0000] {logging_mixin.py:188} INFO - [2025-11-06T22:37:29.300+0000] {dag.py:3823} INFO - Setting next_dagrun for dataset_produces_1 to 2025-11-05 00:00:00+00:00, run_after=2025-11-06 00:00:00+00:00
[2025-11-06T22:37:29.307+0000] {logging_mixin.py:188} INFO - [2025-11-06T22:37:29.306+0000] {dag.py:3823} INFO - Setting next_dagrun for dataset_produces_2 to None, run_after=None
[2025-11-06T22:37:29.444+0000] {processor.py:183} INFO - Processing /home/airflow/.local/lib/python3.8/site-packages/airflow/example_dags/example_datasets.py took 0.558 seconds
[2025-11-06T22:39:46.672+0000] {processor.py:161} INFO - Started process (PID=820) to work on /home/airflow/.local/lib/python3.8/site-packages/airflow/example_dags/example_datasets.py
[2025-11-06T22:39:46.689+0000] {processor.py:830} INFO - Processing file /home/airflow/.local/lib/python3.8/site-packages/airflow/example_dags/example_datasets.py for tasks to queue
[2025-11-06T22:39:46.713+0000] {logging_mixin.py:188} INFO - [2025-11-06T22:39:46.704+0000] {dagbag.py:538} INFO - Filling up the DagBag from /home/airflow/.local/lib/python3.8/site-packages/airflow/example_dags/example_datasets.py
[2025-11-06T22:39:47.021+0000] {processor.py:840} INFO - DAG(s) 'dataset_consumes_unknown_never_scheduled', 'dataset_consumes_1', 'dataset_produces_1', 'dataset_consumes_1_and_2', 'dataset_consumes_1_never_scheduled', 'dataset_produces_2' retrieved from /home/airflow/.local/lib/python3.8/site-packages/airflow/example_dags/example_datasets.py
[2025-11-06T22:39:47.595+0000] {logging_mixin.py:188} INFO - [2025-11-06T22:39:47.593+0000] {dag.py:3036} INFO - Sync 6 DAGs
[2025-11-06T22:39:47.905+0000] {logging_mixin.py:188} INFO - [2025-11-06T22:39:47.904+0000] {dag.py:3823} INFO - Setting next_dagrun for dataset_consumes_1 to None, run_after=None
[2025-11-06T22:39:47.934+0000] {logging_mixin.py:188} INFO - [2025-11-06T22:39:47.933+0000] {dag.py:3823} INFO - Setting next_dagrun for dataset_consumes_1_and_2 to None, run_after=None
[2025-11-06T22:39:47.950+0000] {logging_mixin.py:188} INFO - [2025-11-06T22:39:47.949+0000] {dag.py:3823} INFO - Setting next_dagrun for dataset_consumes_1_never_scheduled to None, run_after=None
[2025-11-06T22:39:47.971+0000] {logging_mixin.py:188} INFO - [2025-11-06T22:39:47.970+0000] {dag.py:3823} INFO - Setting next_dagrun for dataset_consumes_unknown_never_scheduled to None, run_after=None
[2025-11-06T22:39:48.019+0000] {logging_mixin.py:188} INFO - [2025-11-06T22:39:48.018+0000] {dag.py:3823} INFO - Setting next_dagrun for dataset_produces_1 to 2025-11-05 00:00:00+00:00, run_after=2025-11-06 00:00:00+00:00
[2025-11-06T22:39:48.038+0000] {logging_mixin.py:188} INFO - [2025-11-06T22:39:48.036+0000] {dag.py:3823} INFO - Setting next_dagrun for dataset_produces_2 to None, run_after=None
[2025-11-06T22:39:48.636+0000] {processor.py:183} INFO - Processing /home/airflow/.local/lib/python3.8/site-packages/airflow/example_dags/example_datasets.py took 1.997 seconds
[2025-11-06T22:40:38.205+0000] {processor.py:161} INFO - Started process (PID=922) to work on /home/airflow/.local/lib/python3.8/site-packages/airflow/example_dags/example_datasets.py
[2025-11-06T22:40:38.207+0000] {processor.py:830} INFO - Processing file /home/airflow/.local/lib/python3.8/site-packages/airflow/example_dags/example_datasets.py for tasks to queue
[2025-11-06T22:40:38.244+0000] {logging_mixin.py:188} INFO - [2025-11-06T22:40:38.241+0000] {dagbag.py:538} INFO - Filling up the DagBag from /home/airflow/.local/lib/python3.8/site-packages/airflow/example_dags/example_datasets.py
[2025-11-06T22:40:38.317+0000] {processor.py:840} INFO - DAG(s) 'dataset_consumes_1_never_scheduled', 'dataset_consumes_1', 'dataset_produces_1', 'dataset_consumes_unknown_never_scheduled', 'dataset_produces_2', 'dataset_consumes_1_and_2' retrieved from /home/airflow/.local/lib/python3.8/site-packages/airflow/example_dags/example_datasets.py
[2025-11-06T22:40:38.671+0000] {logging_mixin.py:188} INFO - [2025-11-06T22:40:38.669+0000] {dag.py:3036} INFO - Sync 6 DAGs
[2025-11-06T22:40:38.869+0000] {logging_mixin.py:188} INFO - [2025-11-06T22:40:38.869+0000] {dag.py:3823} INFO - Setting next_dagrun for dataset_consumes_1 to None, run_after=None
[2025-11-06T22:40:38.884+0000] {logging_mixin.py:188} INFO - [2025-11-06T22:40:38.883+0000] {dag.py:3823} INFO - Setting next_dagrun for dataset_consumes_1_and_2 to None, run_after=None
[2025-11-06T22:40:38.889+0000] {logging_mixin.py:188} INFO - [2025-11-06T22:40:38.889+0000] {dag.py:3823} INFO - Setting next_dagrun for dataset_consumes_1_never_scheduled to None, run_after=None
[2025-11-06T22:40:38.895+0000] {logging_mixin.py:188} INFO - [2025-11-06T22:40:38.894+0000] {dag.py:3823} INFO - Setting next_dagrun for dataset_consumes_unknown_never_scheduled to None, run_after=None
[2025-11-06T22:40:38.908+0000] {logging_mixin.py:188} INFO - [2025-11-06T22:40:38.907+0000] {dag.py:3823} INFO - Setting next_dagrun for dataset_produces_1 to 2025-11-05 00:00:00+00:00, run_after=2025-11-06 00:00:00+00:00
[2025-11-06T22:40:38.914+0000] {logging_mixin.py:188} INFO - [2025-11-06T22:40:38.913+0000] {dag.py:3823} INFO - Setting next_dagrun for dataset_produces_2 to None, run_after=None
[2025-11-06T22:40:39.069+0000] {processor.py:183} INFO - Processing /home/airflow/.local/lib/python3.8/site-packages/airflow/example_dags/example_datasets.py took 0.908 seconds
[2025-11-06T22:41:15.930+0000] {processor.py:161} INFO - Started process (PID=979) to work on /home/airflow/.local/lib/python3.8/site-packages/airflow/example_dags/example_datasets.py
[2025-11-06T22:41:15.944+0000] {processor.py:830} INFO - Processing file /home/airflow/.local/lib/python3.8/site-packages/airflow/example_dags/example_datasets.py for tasks to queue
[2025-11-06T22:41:15.951+0000] {logging_mixin.py:188} INFO - [2025-11-06T22:41:15.948+0000] {dagbag.py:538} INFO - Filling up the DagBag from /home/airflow/.local/lib/python3.8/site-packages/airflow/example_dags/example_datasets.py
[2025-11-06T22:41:16.056+0000] {processor.py:840} INFO - DAG(s) 'dataset_consumes_unknown_never_scheduled', 'dataset_consumes_1', 'dataset_consumes_1_never_scheduled', 'dataset_produces_1', 'dataset_produces_2', 'dataset_consumes_1_and_2' retrieved from /home/airflow/.local/lib/python3.8/site-packages/airflow/example_dags/example_datasets.py
[2025-11-06T22:41:16.492+0000] {logging_mixin.py:188} INFO - [2025-11-06T22:41:16.491+0000] {dag.py:3036} INFO - Sync 6 DAGs
[2025-11-06T22:41:16.795+0000] {logging_mixin.py:188} INFO - [2025-11-06T22:41:16.791+0000] {dag.py:3823} INFO - Setting next_dagrun for dataset_consumes_1 to None, run_after=None
[2025-11-06T22:41:16.880+0000] {logging_mixin.py:188} INFO - [2025-11-06T22:41:16.879+0000] {dag.py:3823} INFO - Setting next_dagrun for dataset_consumes_1_and_2 to None, run_after=None
[2025-11-06T22:41:16.933+0000] {logging_mixin.py:188} INFO - [2025-11-06T22:41:16.932+0000] {dag.py:3823} INFO - Setting next_dagrun for dataset_consumes_1_never_scheduled to None, run_after=None
[2025-11-06T22:41:17.013+0000] {logging_mixin.py:188} INFO - [2025-11-06T22:41:17.012+0000] {dag.py:3823} INFO - Setting next_dagrun for dataset_consumes_unknown_never_scheduled to None, run_after=None
[2025-11-06T22:41:17.202+0000] {logging_mixin.py:188} INFO - [2025-11-06T22:41:17.201+0000] {dag.py:3823} INFO - Setting next_dagrun for dataset_produces_1 to 2025-11-05 00:00:00+00:00, run_after=2025-11-06 00:00:00+00:00
[2025-11-06T22:41:17.236+0000] {logging_mixin.py:188} INFO - [2025-11-06T22:41:17.235+0000] {dag.py:3823} INFO - Setting next_dagrun for dataset_produces_2 to None, run_after=None
[2025-11-06T22:41:17.686+0000] {processor.py:183} INFO - Processing /home/airflow/.local/lib/python3.8/site-packages/airflow/example_dags/example_datasets.py took 1.785 seconds
[2025-11-06T22:41:47.992+0000] {processor.py:161} INFO - Started process (PID=1067) to work on /home/airflow/.local/lib/python3.8/site-packages/airflow/example_dags/example_datasets.py
[2025-11-06T22:41:47.993+0000] {processor.py:830} INFO - Processing file /home/airflow/.local/lib/python3.8/site-packages/airflow/example_dags/example_datasets.py for tasks to queue
[2025-11-06T22:41:47.995+0000] {logging_mixin.py:188} INFO - [2025-11-06T22:41:47.995+0000] {dagbag.py:538} INFO - Filling up the DagBag from /home/airflow/.local/lib/python3.8/site-packages/airflow/example_dags/example_datasets.py
[2025-11-06T22:41:48.011+0000] {processor.py:840} INFO - DAG(s) 'dataset_consumes_unknown_never_scheduled', 'dataset_consumes_1', 'dataset_consumes_1_never_scheduled', 'dataset_consumes_1_and_2', 'dataset_produces_2', 'dataset_produces_1' retrieved from /home/airflow/.local/lib/python3.8/site-packages/airflow/example_dags/example_datasets.py
[2025-11-06T22:41:48.068+0000] {logging_mixin.py:188} INFO - [2025-11-06T22:41:48.068+0000] {dag.py:3036} INFO - Sync 6 DAGs
[2025-11-06T22:41:48.102+0000] {logging_mixin.py:188} INFO - [2025-11-06T22:41:48.102+0000] {dag.py:3823} INFO - Setting next_dagrun for dataset_consumes_1 to None, run_after=None
[2025-11-06T22:41:48.108+0000] {logging_mixin.py:188} INFO - [2025-11-06T22:41:48.108+0000] {dag.py:3823} INFO - Setting next_dagrun for dataset_consumes_1_and_2 to None, run_after=None
[2025-11-06T22:41:48.110+0000] {logging_mixin.py:188} INFO - [2025-11-06T22:41:48.110+0000] {dag.py:3823} INFO - Setting next_dagrun for dataset_consumes_1_never_scheduled to None, run_after=None
[2025-11-06T22:41:48.112+0000] {logging_mixin.py:188} INFO - [2025-11-06T22:41:48.112+0000] {dag.py:3823} INFO - Setting next_dagrun for dataset_consumes_unknown_never_scheduled to None, run_after=None
[2025-11-06T22:41:48.117+0000] {logging_mixin.py:188} INFO - [2025-11-06T22:41:48.116+0000] {dag.py:3823} INFO - Setting next_dagrun for dataset_produces_1 to 2025-11-05 00:00:00+00:00, run_after=2025-11-06 00:00:00+00:00
[2025-11-06T22:41:48.119+0000] {logging_mixin.py:188} INFO - [2025-11-06T22:41:48.119+0000] {dag.py:3823} INFO - Setting next_dagrun for dataset_produces_2 to None, run_after=None
[2025-11-06T22:41:48.882+0000] {processor.py:183} INFO - Processing /home/airflow/.local/lib/python3.8/site-packages/airflow/example_dags/example_datasets.py took 0.895 seconds
[2025-11-06T22:42:29.537+0000] {processor.py:161} INFO - Started process (PID=1143) to work on /home/airflow/.local/lib/python3.8/site-packages/airflow/example_dags/example_datasets.py
[2025-11-06T22:42:29.539+0000] {processor.py:830} INFO - Processing file /home/airflow/.local/lib/python3.8/site-packages/airflow/example_dags/example_datasets.py for tasks to queue
[2025-11-06T22:42:29.543+0000] {logging_mixin.py:188} INFO - [2025-11-06T22:42:29.542+0000] {dagbag.py:538} INFO - Filling up the DagBag from /home/airflow/.local/lib/python3.8/site-packages/airflow/example_dags/example_datasets.py
[2025-11-06T22:42:30.757+0000] {processor.py:840} INFO - DAG(s) 'dataset_produces_2', 'dataset_consumes_1_and_2', 'dataset_consumes_unknown_never_scheduled', 'dataset_produces_1', 'dataset_consumes_1', 'dataset_consumes_1_never_scheduled' retrieved from /home/airflow/.local/lib/python3.8/site-packages/airflow/example_dags/example_datasets.py
[2025-11-06T22:42:32.211+0000] {logging_mixin.py:188} INFO - [2025-11-06T22:42:32.210+0000] {dag.py:3036} INFO - Sync 6 DAGs
[2025-11-06T22:42:32.634+0000] {logging_mixin.py:188} INFO - [2025-11-06T22:42:32.633+0000] {dag.py:3823} INFO - Setting next_dagrun for dataset_consumes_1 to None, run_after=None
[2025-11-06T22:42:32.666+0000] {logging_mixin.py:188} INFO - [2025-11-06T22:42:32.665+0000] {dag.py:3823} INFO - Setting next_dagrun for dataset_consumes_1_and_2 to None, run_after=None
[2025-11-06T22:42:32.681+0000] {logging_mixin.py:188} INFO - [2025-11-06T22:42:32.680+0000] {dag.py:3823} INFO - Setting next_dagrun for dataset_consumes_1_never_scheduled to None, run_after=None
[2025-11-06T22:42:32.737+0000] {logging_mixin.py:188} INFO - [2025-11-06T22:42:32.735+0000] {dag.py:3823} INFO - Setting next_dagrun for dataset_consumes_unknown_never_scheduled to None, run_after=None
[2025-11-06T22:42:32.825+0000] {logging_mixin.py:188} INFO - [2025-11-06T22:42:32.824+0000] {dag.py:3823} INFO - Setting next_dagrun for dataset_produces_1 to 2025-11-05 00:00:00+00:00, run_after=2025-11-06 00:00:00+00:00
[2025-11-06T22:42:32.854+0000] {logging_mixin.py:188} INFO - [2025-11-06T22:42:32.853+0000] {dag.py:3823} INFO - Setting next_dagrun for dataset_produces_2 to None, run_after=None
[2025-11-06T22:42:33.511+0000] {processor.py:183} INFO - Processing /home/airflow/.local/lib/python3.8/site-packages/airflow/example_dags/example_datasets.py took 2.442 seconds
[2025-11-06T22:43:16.303+0000] {processor.py:161} INFO - Started process (PID=1230) to work on /home/airflow/.local/lib/python3.8/site-packages/airflow/example_dags/example_datasets.py
[2025-11-06T22:43:16.305+0000] {processor.py:830} INFO - Processing file /home/airflow/.local/lib/python3.8/site-packages/airflow/example_dags/example_datasets.py for tasks to queue
[2025-11-06T22:43:16.307+0000] {logging_mixin.py:188} INFO - [2025-11-06T22:43:16.307+0000] {dagbag.py:538} INFO - Filling up the DagBag from /home/airflow/.local/lib/python3.8/site-packages/airflow/example_dags/example_datasets.py
[2025-11-06T22:43:16.339+0000] {processor.py:840} INFO - DAG(s) 'dataset_produces_2', 'dataset_consumes_unknown_never_scheduled', 'dataset_produces_1', 'dataset_consumes_1', 'dataset_consumes_1_never_scheduled', 'dataset_consumes_1_and_2' retrieved from /home/airflow/.local/lib/python3.8/site-packages/airflow/example_dags/example_datasets.py
[2025-11-06T22:43:16.433+0000] {logging_mixin.py:188} INFO - [2025-11-06T22:43:16.433+0000] {dag.py:3036} INFO - Sync 6 DAGs
[2025-11-06T22:43:16.489+0000] {logging_mixin.py:188} INFO - [2025-11-06T22:43:16.489+0000] {dag.py:3823} INFO - Setting next_dagrun for dataset_consumes_1 to None, run_after=None
[2025-11-06T22:43:16.499+0000] {logging_mixin.py:188} INFO - [2025-11-06T22:43:16.498+0000] {dag.py:3823} INFO - Setting next_dagrun for dataset_consumes_1_and_2 to None, run_after=None
[2025-11-06T22:43:16.503+0000] {logging_mixin.py:188} INFO - [2025-11-06T22:43:16.502+0000] {dag.py:3823} INFO - Setting next_dagrun for dataset_consumes_1_never_scheduled to None, run_after=None
[2025-11-06T22:43:16.507+0000] {logging_mixin.py:188} INFO - [2025-11-06T22:43:16.506+0000] {dag.py:3823} INFO - Setting next_dagrun for dataset_consumes_unknown_never_scheduled to None, run_after=None
[2025-11-06T22:43:16.515+0000] {logging_mixin.py:188} INFO - [2025-11-06T22:43:16.514+0000] {dag.py:3823} INFO - Setting next_dagrun for dataset_produces_1 to 2025-11-05 00:00:00+00:00, run_after=2025-11-06 00:00:00+00:00
[2025-11-06T22:43:16.520+0000] {logging_mixin.py:188} INFO - [2025-11-06T22:43:16.519+0000] {dag.py:3823} INFO - Setting next_dagrun for dataset_produces_2 to None, run_after=None
[2025-11-06T22:43:16.619+0000] {processor.py:183} INFO - Processing /home/airflow/.local/lib/python3.8/site-packages/airflow/example_dags/example_datasets.py took 0.325 seconds
[2025-11-06T22:43:50.536+0000] {processor.py:161} INFO - Started process (PID=1305) to work on /home/airflow/.local/lib/python3.8/site-packages/airflow/example_dags/example_datasets.py
[2025-11-06T22:43:50.539+0000] {processor.py:830} INFO - Processing file /home/airflow/.local/lib/python3.8/site-packages/airflow/example_dags/example_datasets.py for tasks to queue
[2025-11-06T22:43:50.542+0000] {logging_mixin.py:188} INFO - [2025-11-06T22:43:50.541+0000] {dagbag.py:538} INFO - Filling up the DagBag from /home/airflow/.local/lib/python3.8/site-packages/airflow/example_dags/example_datasets.py
[2025-11-06T22:43:50.588+0000] {processor.py:840} INFO - DAG(s) 'dataset_produces_2', 'dataset_consumes_1', 'dataset_consumes_1_and_2', 'dataset_consumes_1_never_scheduled', 'dataset_consumes_unknown_never_scheduled', 'dataset_produces_1' retrieved from /home/airflow/.local/lib/python3.8/site-packages/airflow/example_dags/example_datasets.py
[2025-11-06T22:43:50.736+0000] {logging_mixin.py:188} INFO - [2025-11-06T22:43:50.735+0000] {dag.py:3036} INFO - Sync 6 DAGs
[2025-11-06T22:43:50.815+0000] {logging_mixin.py:188} INFO - [2025-11-06T22:43:50.814+0000] {dag.py:3823} INFO - Setting next_dagrun for dataset_consumes_1 to None, run_after=None
[2025-11-06T22:43:50.827+0000] {logging_mixin.py:188} INFO - [2025-11-06T22:43:50.827+0000] {dag.py:3823} INFO - Setting next_dagrun for dataset_consumes_1_and_2 to None, run_after=None
[2025-11-06T22:43:50.835+0000] {logging_mixin.py:188} INFO - [2025-11-06T22:43:50.833+0000] {dag.py:3823} INFO - Setting next_dagrun for dataset_consumes_1_never_scheduled to None, run_after=None
[2025-11-06T22:43:50.839+0000] {logging_mixin.py:188} INFO - [2025-11-06T22:43:50.839+0000] {dag.py:3823} INFO - Setting next_dagrun for dataset_consumes_unknown_never_scheduled to None, run_after=None
[2025-11-06T22:43:50.854+0000] {logging_mixin.py:188} INFO - [2025-11-06T22:43:50.853+0000] {dag.py:3823} INFO - Setting next_dagrun for dataset_produces_1 to 2025-11-05 00:00:00+00:00, run_after=2025-11-06 00:00:00+00:00
[2025-11-06T22:43:50.859+0000] {logging_mixin.py:188} INFO - [2025-11-06T22:43:50.858+0000] {dag.py:3823} INFO - Setting next_dagrun for dataset_produces_2 to None, run_after=None
[2025-11-06T22:43:51.005+0000] {processor.py:183} INFO - Processing /home/airflow/.local/lib/python3.8/site-packages/airflow/example_dags/example_datasets.py took 0.482 seconds
[2025-11-06T22:45:16.818+0000] {processor.py:161} INFO - Started process (PID=1404) to work on /home/airflow/.local/lib/python3.8/site-packages/airflow/example_dags/example_datasets.py
[2025-11-06T22:45:16.876+0000] {processor.py:830} INFO - Processing file /home/airflow/.local/lib/python3.8/site-packages/airflow/example_dags/example_datasets.py for tasks to queue
[2025-11-06T22:45:16.956+0000] {logging_mixin.py:188} INFO - [2025-11-06T22:45:16.929+0000] {dagbag.py:538} INFO - Filling up the DagBag from /home/airflow/.local/lib/python3.8/site-packages/airflow/example_dags/example_datasets.py
[2025-11-06T22:45:17.536+0000] {processor.py:840} INFO - DAG(s) 'dataset_produces_1', 'dataset_consumes_1', 'dataset_produces_2', 'dataset_consumes_1_and_2', 'dataset_consumes_1_never_scheduled', 'dataset_consumes_unknown_never_scheduled' retrieved from /home/airflow/.local/lib/python3.8/site-packages/airflow/example_dags/example_datasets.py
[2025-11-06T22:45:18.618+0000] {logging_mixin.py:188} INFO - [2025-11-06T22:45:18.617+0000] {dag.py:3036} INFO - Sync 6 DAGs
[2025-11-06T22:45:18.954+0000] {logging_mixin.py:188} INFO - [2025-11-06T22:45:18.953+0000] {dag.py:3823} INFO - Setting next_dagrun for dataset_consumes_1 to None, run_after=None
[2025-11-06T22:45:19.040+0000] {logging_mixin.py:188} INFO - [2025-11-06T22:45:19.039+0000] {dag.py:3823} INFO - Setting next_dagrun for dataset_consumes_1_and_2 to None, run_after=None
[2025-11-06T22:45:19.071+0000] {logging_mixin.py:188} INFO - [2025-11-06T22:45:19.065+0000] {dag.py:3823} INFO - Setting next_dagrun for dataset_consumes_1_never_scheduled to None, run_after=None
[2025-11-06T22:45:19.081+0000] {logging_mixin.py:188} INFO - [2025-11-06T22:45:19.080+0000] {dag.py:3823} INFO - Setting next_dagrun for dataset_consumes_unknown_never_scheduled to None, run_after=None
[2025-11-06T22:45:19.217+0000] {logging_mixin.py:188} INFO - [2025-11-06T22:45:19.217+0000] {dag.py:3823} INFO - Setting next_dagrun for dataset_produces_1 to 2025-11-05 00:00:00+00:00, run_after=2025-11-06 00:00:00+00:00
[2025-11-06T22:45:19.259+0000] {logging_mixin.py:188} INFO - [2025-11-06T22:45:19.258+0000] {dag.py:3823} INFO - Setting next_dagrun for dataset_produces_2 to None, run_after=None
[2025-11-06T22:45:19.814+0000] {processor.py:183} INFO - Processing /home/airflow/.local/lib/python3.8/site-packages/airflow/example_dags/example_datasets.py took 3.112 seconds
[2025-11-06T22:45:59.354+0000] {processor.py:161} INFO - Started process (PID=1495) to work on /home/airflow/.local/lib/python3.8/site-packages/airflow/example_dags/example_datasets.py
[2025-11-06T22:45:59.377+0000] {processor.py:830} INFO - Processing file /home/airflow/.local/lib/python3.8/site-packages/airflow/example_dags/example_datasets.py for tasks to queue
[2025-11-06T22:45:59.383+0000] {logging_mixin.py:188} INFO - [2025-11-06T22:45:59.382+0000] {dagbag.py:538} INFO - Filling up the DagBag from /home/airflow/.local/lib/python3.8/site-packages/airflow/example_dags/example_datasets.py
[2025-11-06T22:45:59.441+0000] {processor.py:840} INFO - DAG(s) 'dataset_consumes_1', 'dataset_produces_2', 'dataset_produces_1', 'dataset_consumes_1_never_scheduled', 'dataset_consumes_unknown_never_scheduled', 'dataset_consumes_1_and_2' retrieved from /home/airflow/.local/lib/python3.8/site-packages/airflow/example_dags/example_datasets.py
[2025-11-06T22:45:59.770+0000] {logging_mixin.py:188} INFO - [2025-11-06T22:45:59.769+0000] {dag.py:3036} INFO - Sync 6 DAGs
[2025-11-06T22:45:59.914+0000] {logging_mixin.py:188} INFO - [2025-11-06T22:45:59.913+0000] {dag.py:3823} INFO - Setting next_dagrun for dataset_consumes_1 to None, run_after=None
[2025-11-06T22:45:59.932+0000] {logging_mixin.py:188} INFO - [2025-11-06T22:45:59.931+0000] {dag.py:3823} INFO - Setting next_dagrun for dataset_consumes_1_and_2 to None, run_after=None
[2025-11-06T22:45:59.937+0000] {logging_mixin.py:188} INFO - [2025-11-06T22:45:59.936+0000] {dag.py:3823} INFO - Setting next_dagrun for dataset_consumes_1_never_scheduled to None, run_after=None
[2025-11-06T22:45:59.944+0000] {logging_mixin.py:188} INFO - [2025-11-06T22:45:59.944+0000] {dag.py:3823} INFO - Setting next_dagrun for dataset_consumes_unknown_never_scheduled to None, run_after=None
[2025-11-06T22:45:59.958+0000] {logging_mixin.py:188} INFO - [2025-11-06T22:45:59.958+0000] {dag.py:3823} INFO - Setting next_dagrun for dataset_produces_1 to 2025-11-05 00:00:00+00:00, run_after=2025-11-06 00:00:00+00:00
[2025-11-06T22:45:59.965+0000] {logging_mixin.py:188} INFO - [2025-11-06T22:45:59.964+0000] {dag.py:3823} INFO - Setting next_dagrun for dataset_produces_2 to None, run_after=None
[2025-11-06T22:46:00.277+0000] {processor.py:183} INFO - Processing /home/airflow/.local/lib/python3.8/site-packages/airflow/example_dags/example_datasets.py took 0.949 seconds
[2025-11-06T22:46:31.201+0000] {processor.py:161} INFO - Started process (PID=1567) to work on /home/airflow/.local/lib/python3.8/site-packages/airflow/example_dags/example_datasets.py
[2025-11-06T22:46:31.206+0000] {processor.py:830} INFO - Processing file /home/airflow/.local/lib/python3.8/site-packages/airflow/example_dags/example_datasets.py for tasks to queue
[2025-11-06T22:46:31.211+0000] {logging_mixin.py:188} INFO - [2025-11-06T22:46:31.210+0000] {dagbag.py:538} INFO - Filling up the DagBag from /home/airflow/.local/lib/python3.8/site-packages/airflow/example_dags/example_datasets.py
[2025-11-06T22:46:31.257+0000] {processor.py:840} INFO - DAG(s) 'dataset_consumes_1_and_2', 'dataset_consumes_1', 'dataset_consumes_unknown_never_scheduled', 'dataset_produces_1', 'dataset_produces_2', 'dataset_consumes_1_never_scheduled' retrieved from /home/airflow/.local/lib/python3.8/site-packages/airflow/example_dags/example_datasets.py
[2025-11-06T22:46:31.557+0000] {logging_mixin.py:188} INFO - [2025-11-06T22:46:31.554+0000] {dag.py:3036} INFO - Sync 6 DAGs
[2025-11-06T22:46:31.772+0000] {logging_mixin.py:188} INFO - [2025-11-06T22:46:31.771+0000] {dag.py:3823} INFO - Setting next_dagrun for dataset_consumes_1 to None, run_after=None
[2025-11-06T22:46:31.800+0000] {logging_mixin.py:188} INFO - [2025-11-06T22:46:31.799+0000] {dag.py:3823} INFO - Setting next_dagrun for dataset_consumes_1_and_2 to None, run_after=None
[2025-11-06T22:46:31.806+0000] {logging_mixin.py:188} INFO - [2025-11-06T22:46:31.805+0000] {dag.py:3823} INFO - Setting next_dagrun for dataset_consumes_1_never_scheduled to None, run_after=None
[2025-11-06T22:46:31.817+0000] {logging_mixin.py:188} INFO - [2025-11-06T22:46:31.817+0000] {dag.py:3823} INFO - Setting next_dagrun for dataset_consumes_unknown_never_scheduled to None, run_after=None
[2025-11-06T22:46:31.833+0000] {logging_mixin.py:188} INFO - [2025-11-06T22:46:31.832+0000] {dag.py:3823} INFO - Setting next_dagrun for dataset_produces_1 to 2025-11-05 00:00:00+00:00, run_after=2025-11-06 00:00:00+00:00
[2025-11-06T22:46:31.840+0000] {logging_mixin.py:188} INFO - [2025-11-06T22:46:31.839+0000] {dag.py:3823} INFO - Setting next_dagrun for dataset_produces_2 to None, run_after=None
[2025-11-06T22:46:32.006+0000] {processor.py:183} INFO - Processing /home/airflow/.local/lib/python3.8/site-packages/airflow/example_dags/example_datasets.py took 0.833 seconds
[2025-11-06T22:47:02.516+0000] {processor.py:161} INFO - Started process (PID=1640) to work on /home/airflow/.local/lib/python3.8/site-packages/airflow/example_dags/example_datasets.py
[2025-11-06T22:47:02.518+0000] {processor.py:830} INFO - Processing file /home/airflow/.local/lib/python3.8/site-packages/airflow/example_dags/example_datasets.py for tasks to queue
[2025-11-06T22:47:02.522+0000] {logging_mixin.py:188} INFO - [2025-11-06T22:47:02.521+0000] {dagbag.py:538} INFO - Filling up the DagBag from /home/airflow/.local/lib/python3.8/site-packages/airflow/example_dags/example_datasets.py
[2025-11-06T22:47:02.576+0000] {processor.py:840} INFO - DAG(s) 'dataset_produces_1', 'dataset_consumes_unknown_never_scheduled', 'dataset_consumes_1_never_scheduled', 'dataset_consumes_1_and_2', 'dataset_produces_2', 'dataset_consumes_1' retrieved from /home/airflow/.local/lib/python3.8/site-packages/airflow/example_dags/example_datasets.py
[2025-11-06T22:47:02.760+0000] {logging_mixin.py:188} INFO - [2025-11-06T22:47:02.760+0000] {dag.py:3036} INFO - Sync 6 DAGs
[2025-11-06T22:47:02.882+0000] {logging_mixin.py:188} INFO - [2025-11-06T22:47:02.881+0000] {dag.py:3823} INFO - Setting next_dagrun for dataset_consumes_1 to None, run_after=None
[2025-11-06T22:47:02.905+0000] {logging_mixin.py:188} INFO - [2025-11-06T22:47:02.903+0000] {dag.py:3823} INFO - Setting next_dagrun for dataset_consumes_1_and_2 to None, run_after=None
[2025-11-06T22:47:02.910+0000] {logging_mixin.py:188} INFO - [2025-11-06T22:47:02.909+0000] {dag.py:3823} INFO - Setting next_dagrun for dataset_consumes_1_never_scheduled to None, run_after=None
[2025-11-06T22:47:02.915+0000] {logging_mixin.py:188} INFO - [2025-11-06T22:47:02.914+0000] {dag.py:3823} INFO - Setting next_dagrun for dataset_consumes_unknown_never_scheduled to None, run_after=None
[2025-11-06T22:47:02.945+0000] {logging_mixin.py:188} INFO - [2025-11-06T22:47:02.945+0000] {dag.py:3823} INFO - Setting next_dagrun for dataset_produces_1 to 2025-11-05 00:00:00+00:00, run_after=2025-11-06 00:00:00+00:00
[2025-11-06T22:47:02.954+0000] {logging_mixin.py:188} INFO - [2025-11-06T22:47:02.952+0000] {dag.py:3823} INFO - Setting next_dagrun for dataset_produces_2 to None, run_after=None
[2025-11-06T22:47:03.122+0000] {processor.py:183} INFO - Processing /home/airflow/.local/lib/python3.8/site-packages/airflow/example_dags/example_datasets.py took 0.618 seconds
