[2025-11-06T22:21:20.547+0000] {processor.py:161} INFO - Started process (PID=244) to work on /home/airflow/.local/lib/python3.8/site-packages/airflow/example_dags/example_task_group.py
[2025-11-06T22:21:20.582+0000] {processor.py:830} INFO - Processing file /home/airflow/.local/lib/python3.8/site-packages/airflow/example_dags/example_task_group.py for tasks to queue
[2025-11-06T22:21:20.585+0000] {logging_mixin.py:188} INFO - [2025-11-06T22:21:20.584+0000] {dagbag.py:538} INFO - Filling up the DagBag from /home/airflow/.local/lib/python3.8/site-packages/airflow/example_dags/example_task_group.py
[2025-11-06T22:21:20.737+0000] {processor.py:840} INFO - DAG(s) 'example_task_group' retrieved from /home/airflow/.local/lib/python3.8/site-packages/airflow/example_dags/example_task_group.py
[2025-11-06T22:21:21.847+0000] {logging_mixin.py:188} INFO - [2025-11-06T22:21:21.845+0000] {dag.py:3036} INFO - Sync 1 DAGs
[2025-11-06T22:21:22.107+0000] {logging_mixin.py:188} INFO - [2025-11-06T22:21:22.106+0000] {dag.py:3823} INFO - Setting next_dagrun for example_task_group to 2025-11-05 00:00:00+00:00, run_after=2025-11-06 00:00:00+00:00
[2025-11-06T22:21:22.383+0000] {processor.py:183} INFO - Processing /home/airflow/.local/lib/python3.8/site-packages/airflow/example_dags/example_task_group.py took 1.935 seconds
[2025-11-06T22:22:03.940+0000] {processor.py:161} INFO - Started process (PID=325) to work on /home/airflow/.local/lib/python3.8/site-packages/airflow/example_dags/example_task_group.py
[2025-11-06T22:22:03.942+0000] {processor.py:830} INFO - Processing file /home/airflow/.local/lib/python3.8/site-packages/airflow/example_dags/example_task_group.py for tasks to queue
[2025-11-06T22:22:03.946+0000] {logging_mixin.py:188} INFO - [2025-11-06T22:22:03.945+0000] {dagbag.py:538} INFO - Filling up the DagBag from /home/airflow/.local/lib/python3.8/site-packages/airflow/example_dags/example_task_group.py
[2025-11-06T22:22:04.098+0000] {processor.py:840} INFO - DAG(s) 'example_task_group' retrieved from /home/airflow/.local/lib/python3.8/site-packages/airflow/example_dags/example_task_group.py
[2025-11-06T22:22:04.410+0000] {logging_mixin.py:188} INFO - [2025-11-06T22:22:04.409+0000] {dag.py:3036} INFO - Sync 1 DAGs
[2025-11-06T22:22:04.633+0000] {logging_mixin.py:188} INFO - [2025-11-06T22:22:04.631+0000] {dag.py:3823} INFO - Setting next_dagrun for example_task_group to 2025-11-05 00:00:00+00:00, run_after=2025-11-06 00:00:00+00:00
[2025-11-06T22:22:04.936+0000] {processor.py:183} INFO - Processing /home/airflow/.local/lib/python3.8/site-packages/airflow/example_dags/example_task_group.py took 1.009 seconds
[2025-11-06T22:22:35.842+0000] {processor.py:161} INFO - Started process (PID=398) to work on /home/airflow/.local/lib/python3.8/site-packages/airflow/example_dags/example_task_group.py
[2025-11-06T22:22:35.857+0000] {processor.py:830} INFO - Processing file /home/airflow/.local/lib/python3.8/site-packages/airflow/example_dags/example_task_group.py for tasks to queue
[2025-11-06T22:22:35.860+0000] {logging_mixin.py:188} INFO - [2025-11-06T22:22:35.859+0000] {dagbag.py:538} INFO - Filling up the DagBag from /home/airflow/.local/lib/python3.8/site-packages/airflow/example_dags/example_task_group.py
[2025-11-06T22:22:35.909+0000] {processor.py:840} INFO - DAG(s) 'example_task_group' retrieved from /home/airflow/.local/lib/python3.8/site-packages/airflow/example_dags/example_task_group.py
[2025-11-06T22:22:36.049+0000] {logging_mixin.py:188} INFO - [2025-11-06T22:22:36.046+0000] {dag.py:3036} INFO - Sync 1 DAGs
[2025-11-06T22:22:36.190+0000] {logging_mixin.py:188} INFO - [2025-11-06T22:22:36.189+0000] {dag.py:3823} INFO - Setting next_dagrun for example_task_group to 2025-11-05 00:00:00+00:00, run_after=2025-11-06 00:00:00+00:00
[2025-11-06T22:22:36.320+0000] {processor.py:183} INFO - Processing /home/airflow/.local/lib/python3.8/site-packages/airflow/example_dags/example_task_group.py took 0.514 seconds
[2025-11-06T22:33:26.197+0000] {processor.py:161} INFO - Started process (PID=163) to work on /home/airflow/.local/lib/python3.8/site-packages/airflow/example_dags/example_task_group.py
[2025-11-06T22:33:26.219+0000] {processor.py:830} INFO - Processing file /home/airflow/.local/lib/python3.8/site-packages/airflow/example_dags/example_task_group.py for tasks to queue
[2025-11-06T22:33:26.222+0000] {logging_mixin.py:188} INFO - [2025-11-06T22:33:26.221+0000] {dagbag.py:538} INFO - Filling up the DagBag from /home/airflow/.local/lib/python3.8/site-packages/airflow/example_dags/example_task_group.py
[2025-11-06T22:33:26.248+0000] {processor.py:840} INFO - DAG(s) 'example_task_group' retrieved from /home/airflow/.local/lib/python3.8/site-packages/airflow/example_dags/example_task_group.py
[2025-11-06T22:33:26.576+0000] {logging_mixin.py:188} INFO - [2025-11-06T22:33:26.575+0000] {dag.py:3036} INFO - Sync 1 DAGs
[2025-11-06T22:33:26.638+0000] {logging_mixin.py:188} INFO - [2025-11-06T22:33:26.637+0000] {dag.py:3823} INFO - Setting next_dagrun for example_task_group to 2025-11-05 00:00:00+00:00, run_after=2025-11-06 00:00:00+00:00
[2025-11-06T22:33:26.721+0000] {processor.py:183} INFO - Processing /home/airflow/.local/lib/python3.8/site-packages/airflow/example_dags/example_task_group.py took 0.532 seconds
[2025-11-06T22:33:56.936+0000] {processor.py:161} INFO - Started process (PID=229) to work on /home/airflow/.local/lib/python3.8/site-packages/airflow/example_dags/example_task_group.py
[2025-11-06T22:33:56.938+0000] {processor.py:830} INFO - Processing file /home/airflow/.local/lib/python3.8/site-packages/airflow/example_dags/example_task_group.py for tasks to queue
[2025-11-06T22:33:56.941+0000] {logging_mixin.py:188} INFO - [2025-11-06T22:33:56.940+0000] {dagbag.py:538} INFO - Filling up the DagBag from /home/airflow/.local/lib/python3.8/site-packages/airflow/example_dags/example_task_group.py
[2025-11-06T22:33:56.973+0000] {processor.py:840} INFO - DAG(s) 'example_task_group' retrieved from /home/airflow/.local/lib/python3.8/site-packages/airflow/example_dags/example_task_group.py
[2025-11-06T22:33:57.093+0000] {logging_mixin.py:188} INFO - [2025-11-06T22:33:57.092+0000] {dag.py:3036} INFO - Sync 1 DAGs
[2025-11-06T22:33:57.158+0000] {logging_mixin.py:188} INFO - [2025-11-06T22:33:57.158+0000] {dag.py:3823} INFO - Setting next_dagrun for example_task_group to 2025-11-05 00:00:00+00:00, run_after=2025-11-06 00:00:00+00:00
[2025-11-06T22:33:57.292+0000] {processor.py:183} INFO - Processing /home/airflow/.local/lib/python3.8/site-packages/airflow/example_dags/example_task_group.py took 0.365 seconds
[2025-11-06T22:34:33.183+0000] {processor.py:161} INFO - Started process (PID=310) to work on /home/airflow/.local/lib/python3.8/site-packages/airflow/example_dags/example_task_group.py
[2025-11-06T22:34:33.186+0000] {processor.py:830} INFO - Processing file /home/airflow/.local/lib/python3.8/site-packages/airflow/example_dags/example_task_group.py for tasks to queue
[2025-11-06T22:34:33.190+0000] {logging_mixin.py:188} INFO - [2025-11-06T22:34:33.189+0000] {dagbag.py:538} INFO - Filling up the DagBag from /home/airflow/.local/lib/python3.8/site-packages/airflow/example_dags/example_task_group.py
[2025-11-06T22:34:33.227+0000] {processor.py:840} INFO - DAG(s) 'example_task_group' retrieved from /home/airflow/.local/lib/python3.8/site-packages/airflow/example_dags/example_task_group.py
[2025-11-06T22:34:33.323+0000] {logging_mixin.py:188} INFO - [2025-11-06T22:34:33.323+0000] {dag.py:3036} INFO - Sync 1 DAGs
[2025-11-06T22:34:33.659+0000] {logging_mixin.py:188} INFO - [2025-11-06T22:34:33.659+0000] {dag.py:3823} INFO - Setting next_dagrun for example_task_group to 2025-11-05 00:00:00+00:00, run_after=2025-11-06 00:00:00+00:00
[2025-11-06T22:34:33.698+0000] {processor.py:183} INFO - Processing /home/airflow/.local/lib/python3.8/site-packages/airflow/example_dags/example_task_group.py took 0.531 seconds
[2025-11-06T22:35:09.465+0000] {processor.py:161} INFO - Started process (PID=383) to work on /home/airflow/.local/lib/python3.8/site-packages/airflow/example_dags/example_task_group.py
[2025-11-06T22:35:09.471+0000] {processor.py:830} INFO - Processing file /home/airflow/.local/lib/python3.8/site-packages/airflow/example_dags/example_task_group.py for tasks to queue
[2025-11-06T22:35:09.491+0000] {logging_mixin.py:188} INFO - [2025-11-06T22:35:09.490+0000] {dagbag.py:538} INFO - Filling up the DagBag from /home/airflow/.local/lib/python3.8/site-packages/airflow/example_dags/example_task_group.py
[2025-11-06T22:35:09.570+0000] {processor.py:840} INFO - DAG(s) 'example_task_group' retrieved from /home/airflow/.local/lib/python3.8/site-packages/airflow/example_dags/example_task_group.py
[2025-11-06T22:35:09.741+0000] {logging_mixin.py:188} INFO - [2025-11-06T22:35:09.740+0000] {dag.py:3036} INFO - Sync 1 DAGs
[2025-11-06T22:35:09.917+0000] {logging_mixin.py:188} INFO - [2025-11-06T22:35:09.917+0000] {dag.py:3823} INFO - Setting next_dagrun for example_task_group to 2025-11-05 00:00:00+00:00, run_after=2025-11-06 00:00:00+00:00
[2025-11-06T22:35:10.056+0000] {processor.py:183} INFO - Processing /home/airflow/.local/lib/python3.8/site-packages/airflow/example_dags/example_task_group.py took 0.631 seconds
[2025-11-06T22:35:40.517+0000] {processor.py:161} INFO - Started process (PID=457) to work on /home/airflow/.local/lib/python3.8/site-packages/airflow/example_dags/example_task_group.py
[2025-11-06T22:35:40.520+0000] {processor.py:830} INFO - Processing file /home/airflow/.local/lib/python3.8/site-packages/airflow/example_dags/example_task_group.py for tasks to queue
[2025-11-06T22:35:40.524+0000] {logging_mixin.py:188} INFO - [2025-11-06T22:35:40.523+0000] {dagbag.py:538} INFO - Filling up the DagBag from /home/airflow/.local/lib/python3.8/site-packages/airflow/example_dags/example_task_group.py
[2025-11-06T22:35:40.582+0000] {processor.py:840} INFO - DAG(s) 'example_task_group' retrieved from /home/airflow/.local/lib/python3.8/site-packages/airflow/example_dags/example_task_group.py
[2025-11-06T22:35:40.711+0000] {logging_mixin.py:188} INFO - [2025-11-06T22:35:40.711+0000] {dag.py:3036} INFO - Sync 1 DAGs
[2025-11-06T22:35:40.841+0000] {logging_mixin.py:188} INFO - [2025-11-06T22:35:40.840+0000] {dag.py:3823} INFO - Setting next_dagrun for example_task_group to 2025-11-05 00:00:00+00:00, run_after=2025-11-06 00:00:00+00:00
[2025-11-06T22:35:40.999+0000] {processor.py:183} INFO - Processing /home/airflow/.local/lib/python3.8/site-packages/airflow/example_dags/example_task_group.py took 0.495 seconds
[2025-11-06T22:36:11.717+0000] {processor.py:161} INFO - Started process (PID=539) to work on /home/airflow/.local/lib/python3.8/site-packages/airflow/example_dags/example_task_group.py
[2025-11-06T22:36:11.719+0000] {processor.py:830} INFO - Processing file /home/airflow/.local/lib/python3.8/site-packages/airflow/example_dags/example_task_group.py for tasks to queue
[2025-11-06T22:36:11.721+0000] {logging_mixin.py:188} INFO - [2025-11-06T22:36:11.721+0000] {dagbag.py:538} INFO - Filling up the DagBag from /home/airflow/.local/lib/python3.8/site-packages/airflow/example_dags/example_task_group.py
[2025-11-06T22:36:11.738+0000] {processor.py:840} INFO - DAG(s) 'example_task_group' retrieved from /home/airflow/.local/lib/python3.8/site-packages/airflow/example_dags/example_task_group.py
[2025-11-06T22:36:11.792+0000] {logging_mixin.py:188} INFO - [2025-11-06T22:36:11.792+0000] {dag.py:3036} INFO - Sync 1 DAGs
[2025-11-06T22:36:11.841+0000] {logging_mixin.py:188} INFO - [2025-11-06T22:36:11.840+0000] {dag.py:3823} INFO - Setting next_dagrun for example_task_group to 2025-11-05 00:00:00+00:00, run_after=2025-11-06 00:00:00+00:00
[2025-11-06T22:36:11.876+0000] {processor.py:183} INFO - Processing /home/airflow/.local/lib/python3.8/site-packages/airflow/example_dags/example_task_group.py took 0.165 seconds
[2025-11-06T22:36:42.054+0000] {processor.py:161} INFO - Started process (PID=611) to work on /home/airflow/.local/lib/python3.8/site-packages/airflow/example_dags/example_task_group.py
[2025-11-06T22:36:42.055+0000] {processor.py:830} INFO - Processing file /home/airflow/.local/lib/python3.8/site-packages/airflow/example_dags/example_task_group.py for tasks to queue
[2025-11-06T22:36:42.058+0000] {logging_mixin.py:188} INFO - [2025-11-06T22:36:42.057+0000] {dagbag.py:538} INFO - Filling up the DagBag from /home/airflow/.local/lib/python3.8/site-packages/airflow/example_dags/example_task_group.py
[2025-11-06T22:36:42.085+0000] {processor.py:840} INFO - DAG(s) 'example_task_group' retrieved from /home/airflow/.local/lib/python3.8/site-packages/airflow/example_dags/example_task_group.py
[2025-11-06T22:36:42.164+0000] {logging_mixin.py:188} INFO - [2025-11-06T22:36:42.163+0000] {dag.py:3036} INFO - Sync 1 DAGs
[2025-11-06T22:36:42.233+0000] {logging_mixin.py:188} INFO - [2025-11-06T22:36:42.232+0000] {dag.py:3823} INFO - Setting next_dagrun for example_task_group to 2025-11-05 00:00:00+00:00, run_after=2025-11-06 00:00:00+00:00
[2025-11-06T22:36:42.300+0000] {processor.py:183} INFO - Processing /home/airflow/.local/lib/python3.8/site-packages/airflow/example_dags/example_task_group.py took 0.256 seconds
[2025-11-06T22:37:13.041+0000] {processor.py:161} INFO - Started process (PID=686) to work on /home/airflow/.local/lib/python3.8/site-packages/airflow/example_dags/example_task_group.py
[2025-11-06T22:37:13.043+0000] {processor.py:830} INFO - Processing file /home/airflow/.local/lib/python3.8/site-packages/airflow/example_dags/example_task_group.py for tasks to queue
[2025-11-06T22:37:13.045+0000] {logging_mixin.py:188} INFO - [2025-11-06T22:37:13.045+0000] {dagbag.py:538} INFO - Filling up the DagBag from /home/airflow/.local/lib/python3.8/site-packages/airflow/example_dags/example_task_group.py
[2025-11-06T22:37:13.062+0000] {processor.py:840} INFO - DAG(s) 'example_task_group' retrieved from /home/airflow/.local/lib/python3.8/site-packages/airflow/example_dags/example_task_group.py
[2025-11-06T22:37:13.109+0000] {logging_mixin.py:188} INFO - [2025-11-06T22:37:13.109+0000] {dag.py:3036} INFO - Sync 1 DAGs
[2025-11-06T22:37:13.151+0000] {logging_mixin.py:188} INFO - [2025-11-06T22:37:13.151+0000] {dag.py:3823} INFO - Setting next_dagrun for example_task_group to 2025-11-05 00:00:00+00:00, run_after=2025-11-06 00:00:00+00:00
[2025-11-06T22:37:13.191+0000] {processor.py:183} INFO - Processing /home/airflow/.local/lib/python3.8/site-packages/airflow/example_dags/example_task_group.py took 0.155 seconds
[2025-11-06T22:37:43.275+0000] {processor.py:161} INFO - Started process (PID=765) to work on /home/airflow/.local/lib/python3.8/site-packages/airflow/example_dags/example_task_group.py
[2025-11-06T22:37:43.277+0000] {processor.py:830} INFO - Processing file /home/airflow/.local/lib/python3.8/site-packages/airflow/example_dags/example_task_group.py for tasks to queue
[2025-11-06T22:37:43.281+0000] {logging_mixin.py:188} INFO - [2025-11-06T22:37:43.280+0000] {dagbag.py:538} INFO - Filling up the DagBag from /home/airflow/.local/lib/python3.8/site-packages/airflow/example_dags/example_task_group.py
[2025-11-06T22:37:43.308+0000] {processor.py:840} INFO - DAG(s) 'example_task_group' retrieved from /home/airflow/.local/lib/python3.8/site-packages/airflow/example_dags/example_task_group.py
[2025-11-06T22:37:43.404+0000] {logging_mixin.py:188} INFO - [2025-11-06T22:37:43.403+0000] {dag.py:3036} INFO - Sync 1 DAGs
[2025-11-06T22:37:43.498+0000] {logging_mixin.py:188} INFO - [2025-11-06T22:37:43.497+0000] {dag.py:3823} INFO - Setting next_dagrun for example_task_group to 2025-11-05 00:00:00+00:00, run_after=2025-11-06 00:00:00+00:00
[2025-11-06T22:37:43.579+0000] {processor.py:183} INFO - Processing /home/airflow/.local/lib/python3.8/site-packages/airflow/example_dags/example_task_group.py took 0.315 seconds
[2025-11-06T22:40:21.763+0000] {processor.py:161} INFO - Started process (PID=883) to work on /home/airflow/.local/lib/python3.8/site-packages/airflow/example_dags/example_task_group.py
[2025-11-06T22:40:21.768+0000] {processor.py:830} INFO - Processing file /home/airflow/.local/lib/python3.8/site-packages/airflow/example_dags/example_task_group.py for tasks to queue
[2025-11-06T22:40:21.772+0000] {logging_mixin.py:188} INFO - [2025-11-06T22:40:21.771+0000] {dagbag.py:538} INFO - Filling up the DagBag from /home/airflow/.local/lib/python3.8/site-packages/airflow/example_dags/example_task_group.py
[2025-11-06T22:40:21.980+0000] {processor.py:840} INFO - DAG(s) 'example_task_group' retrieved from /home/airflow/.local/lib/python3.8/site-packages/airflow/example_dags/example_task_group.py
[2025-11-06T22:40:22.303+0000] {logging_mixin.py:188} INFO - [2025-11-06T22:40:22.303+0000] {dag.py:3036} INFO - Sync 1 DAGs
[2025-11-06T22:40:22.437+0000] {logging_mixin.py:188} INFO - [2025-11-06T22:40:22.436+0000] {dag.py:3823} INFO - Setting next_dagrun for example_task_group to 2025-11-05 00:00:00+00:00, run_after=2025-11-06 00:00:00+00:00
[2025-11-06T22:40:22.586+0000] {processor.py:183} INFO - Processing /home/airflow/.local/lib/python3.8/site-packages/airflow/example_dags/example_task_group.py took 0.856 seconds
[2025-11-06T22:40:57.350+0000] {processor.py:161} INFO - Started process (PID=955) to work on /home/airflow/.local/lib/python3.8/site-packages/airflow/example_dags/example_task_group.py
[2025-11-06T22:40:57.352+0000] {processor.py:830} INFO - Processing file /home/airflow/.local/lib/python3.8/site-packages/airflow/example_dags/example_task_group.py for tasks to queue
[2025-11-06T22:40:57.400+0000] {logging_mixin.py:188} INFO - [2025-11-06T22:40:57.399+0000] {dagbag.py:538} INFO - Filling up the DagBag from /home/airflow/.local/lib/python3.8/site-packages/airflow/example_dags/example_task_group.py
[2025-11-06T22:40:57.554+0000] {processor.py:840} INFO - DAG(s) 'example_task_group' retrieved from /home/airflow/.local/lib/python3.8/site-packages/airflow/example_dags/example_task_group.py
[2025-11-06T22:40:57.757+0000] {logging_mixin.py:188} INFO - [2025-11-06T22:40:57.757+0000] {dag.py:3036} INFO - Sync 1 DAGs
[2025-11-06T22:40:58.124+0000] {logging_mixin.py:188} INFO - [2025-11-06T22:40:58.115+0000] {dag.py:3823} INFO - Setting next_dagrun for example_task_group to 2025-11-05 00:00:00+00:00, run_after=2025-11-06 00:00:00+00:00
[2025-11-06T22:40:58.431+0000] {processor.py:183} INFO - Processing /home/airflow/.local/lib/python3.8/site-packages/airflow/example_dags/example_task_group.py took 1.117 seconds
[2025-11-06T22:41:32.932+0000] {processor.py:161} INFO - Started process (PID=1034) to work on /home/airflow/.local/lib/python3.8/site-packages/airflow/example_dags/example_task_group.py
[2025-11-06T22:41:32.934+0000] {processor.py:830} INFO - Processing file /home/airflow/.local/lib/python3.8/site-packages/airflow/example_dags/example_task_group.py for tasks to queue
[2025-11-06T22:41:32.936+0000] {logging_mixin.py:188} INFO - [2025-11-06T22:41:32.935+0000] {dagbag.py:538} INFO - Filling up the DagBag from /home/airflow/.local/lib/python3.8/site-packages/airflow/example_dags/example_task_group.py
[2025-11-06T22:41:32.958+0000] {processor.py:840} INFO - DAG(s) 'example_task_group' retrieved from /home/airflow/.local/lib/python3.8/site-packages/airflow/example_dags/example_task_group.py
[2025-11-06T22:41:33.019+0000] {logging_mixin.py:188} INFO - [2025-11-06T22:41:33.019+0000] {dag.py:3036} INFO - Sync 1 DAGs
[2025-11-06T22:41:33.086+0000] {logging_mixin.py:188} INFO - [2025-11-06T22:41:33.085+0000] {dag.py:3823} INFO - Setting next_dagrun for example_task_group to 2025-11-05 00:00:00+00:00, run_after=2025-11-06 00:00:00+00:00
[2025-11-06T22:41:33.478+0000] {processor.py:183} INFO - Processing /home/airflow/.local/lib/python3.8/site-packages/airflow/example_dags/example_task_group.py took 0.554 seconds
[2025-11-06T22:42:07.923+0000] {processor.py:161} INFO - Started process (PID=1109) to work on /home/airflow/.local/lib/python3.8/site-packages/airflow/example_dags/example_task_group.py
[2025-11-06T22:42:07.925+0000] {processor.py:830} INFO - Processing file /home/airflow/.local/lib/python3.8/site-packages/airflow/example_dags/example_task_group.py for tasks to queue
[2025-11-06T22:42:07.940+0000] {logging_mixin.py:188} INFO - [2025-11-06T22:42:07.939+0000] {dagbag.py:538} INFO - Filling up the DagBag from /home/airflow/.local/lib/python3.8/site-packages/airflow/example_dags/example_task_group.py
[2025-11-06T22:42:08.078+0000] {processor.py:840} INFO - DAG(s) 'example_task_group' retrieved from /home/airflow/.local/lib/python3.8/site-packages/airflow/example_dags/example_task_group.py
[2025-11-06T22:42:08.246+0000] {logging_mixin.py:188} INFO - [2025-11-06T22:42:08.245+0000] {dag.py:3036} INFO - Sync 1 DAGs
[2025-11-06T22:42:08.355+0000] {logging_mixin.py:188} INFO - [2025-11-06T22:42:08.353+0000] {dag.py:3823} INFO - Setting next_dagrun for example_task_group to 2025-11-05 00:00:00+00:00, run_after=2025-11-06 00:00:00+00:00
[2025-11-06T22:42:08.435+0000] {processor.py:183} INFO - Processing /home/airflow/.local/lib/python3.8/site-packages/airflow/example_dags/example_task_group.py took 0.543 seconds
[2025-11-06T22:42:49.964+0000] {processor.py:161} INFO - Started process (PID=1187) to work on /home/airflow/.local/lib/python3.8/site-packages/airflow/example_dags/example_task_group.py
[2025-11-06T22:42:49.967+0000] {processor.py:830} INFO - Processing file /home/airflow/.local/lib/python3.8/site-packages/airflow/example_dags/example_task_group.py for tasks to queue
[2025-11-06T22:42:49.975+0000] {logging_mixin.py:188} INFO - [2025-11-06T22:42:49.972+0000] {dagbag.py:538} INFO - Filling up the DagBag from /home/airflow/.local/lib/python3.8/site-packages/airflow/example_dags/example_task_group.py
[2025-11-06T22:42:50.024+0000] {processor.py:840} INFO - DAG(s) 'example_task_group' retrieved from /home/airflow/.local/lib/python3.8/site-packages/airflow/example_dags/example_task_group.py
[2025-11-06T22:42:50.192+0000] {logging_mixin.py:188} INFO - [2025-11-06T22:42:50.191+0000] {dag.py:3036} INFO - Sync 1 DAGs
[2025-11-06T22:42:50.314+0000] {logging_mixin.py:188} INFO - [2025-11-06T22:42:50.311+0000] {dag.py:3823} INFO - Setting next_dagrun for example_task_group to 2025-11-05 00:00:00+00:00, run_after=2025-11-06 00:00:00+00:00
[2025-11-06T22:42:50.440+0000] {processor.py:183} INFO - Processing /home/airflow/.local/lib/python3.8/site-packages/airflow/example_dags/example_task_group.py took 0.506 seconds
[2025-11-06T22:43:25.673+0000] {processor.py:161} INFO - Started process (PID=1269) to work on /home/airflow/.local/lib/python3.8/site-packages/airflow/example_dags/example_task_group.py
[2025-11-06T22:43:25.677+0000] {processor.py:830} INFO - Processing file /home/airflow/.local/lib/python3.8/site-packages/airflow/example_dags/example_task_group.py for tasks to queue
[2025-11-06T22:43:25.682+0000] {logging_mixin.py:188} INFO - [2025-11-06T22:43:25.681+0000] {dagbag.py:538} INFO - Filling up the DagBag from /home/airflow/.local/lib/python3.8/site-packages/airflow/example_dags/example_task_group.py
[2025-11-06T22:43:25.738+0000] {processor.py:840} INFO - DAG(s) 'example_task_group' retrieved from /home/airflow/.local/lib/python3.8/site-packages/airflow/example_dags/example_task_group.py
[2025-11-06T22:43:26.091+0000] {logging_mixin.py:188} INFO - [2025-11-06T22:43:26.090+0000] {dag.py:3036} INFO - Sync 1 DAGs
[2025-11-06T22:43:26.272+0000] {logging_mixin.py:188} INFO - [2025-11-06T22:43:26.266+0000] {dag.py:3823} INFO - Setting next_dagrun for example_task_group to 2025-11-05 00:00:00+00:00, run_after=2025-11-06 00:00:00+00:00
[2025-11-06T22:43:26.515+0000] {processor.py:183} INFO - Processing /home/airflow/.local/lib/python3.8/site-packages/airflow/example_dags/example_task_group.py took 0.919 seconds
[2025-11-06T22:44:19.920+0000] {processor.py:161} INFO - Started process (PID=1343) to work on /home/airflow/.local/lib/python3.8/site-packages/airflow/example_dags/example_task_group.py
[2025-11-06T22:44:19.923+0000] {processor.py:830} INFO - Processing file /home/airflow/.local/lib/python3.8/site-packages/airflow/example_dags/example_task_group.py for tasks to queue
[2025-11-06T22:44:19.928+0000] {logging_mixin.py:188} INFO - [2025-11-06T22:44:19.927+0000] {dagbag.py:538} INFO - Filling up the DagBag from /home/airflow/.local/lib/python3.8/site-packages/airflow/example_dags/example_task_group.py
[2025-11-06T22:44:20.013+0000] {processor.py:840} INFO - DAG(s) 'example_task_group' retrieved from /home/airflow/.local/lib/python3.8/site-packages/airflow/example_dags/example_task_group.py
[2025-11-06T22:44:20.317+0000] {logging_mixin.py:188} INFO - [2025-11-06T22:44:20.316+0000] {dag.py:3036} INFO - Sync 1 DAGs
[2025-11-06T22:44:20.822+0000] {logging_mixin.py:188} INFO - [2025-11-06T22:44:20.819+0000] {dag.py:3823} INFO - Setting next_dagrun for example_task_group to 2025-11-05 00:00:00+00:00, run_after=2025-11-06 00:00:00+00:00
[2025-11-06T22:44:21.104+0000] {processor.py:183} INFO - Processing /home/airflow/.local/lib/python3.8/site-packages/airflow/example_dags/example_task_group.py took 1.300 seconds
[2025-11-06T22:45:48.059+0000] {processor.py:161} INFO - Started process (PID=1458) to work on /home/airflow/.local/lib/python3.8/site-packages/airflow/example_dags/example_task_group.py
[2025-11-06T22:45:48.062+0000] {processor.py:830} INFO - Processing file /home/airflow/.local/lib/python3.8/site-packages/airflow/example_dags/example_task_group.py for tasks to queue
[2025-11-06T22:45:48.096+0000] {logging_mixin.py:188} INFO - [2025-11-06T22:45:48.067+0000] {dagbag.py:538} INFO - Filling up the DagBag from /home/airflow/.local/lib/python3.8/site-packages/airflow/example_dags/example_task_group.py
[2025-11-06T22:45:48.179+0000] {processor.py:840} INFO - DAG(s) 'example_task_group' retrieved from /home/airflow/.local/lib/python3.8/site-packages/airflow/example_dags/example_task_group.py
[2025-11-06T22:45:48.350+0000] {logging_mixin.py:188} INFO - [2025-11-06T22:45:48.349+0000] {dag.py:3036} INFO - Sync 1 DAGs
[2025-11-06T22:45:48.573+0000] {logging_mixin.py:188} INFO - [2025-11-06T22:45:48.572+0000] {dag.py:3823} INFO - Setting next_dagrun for example_task_group to 2025-11-05 00:00:00+00:00, run_after=2025-11-06 00:00:00+00:00
[2025-11-06T22:45:48.776+0000] {processor.py:183} INFO - Processing /home/airflow/.local/lib/python3.8/site-packages/airflow/example_dags/example_task_group.py took 0.742 seconds
[2025-11-06T22:46:18.958+0000] {processor.py:161} INFO - Started process (PID=1538) to work on /home/airflow/.local/lib/python3.8/site-packages/airflow/example_dags/example_task_group.py
[2025-11-06T22:46:18.960+0000] {processor.py:830} INFO - Processing file /home/airflow/.local/lib/python3.8/site-packages/airflow/example_dags/example_task_group.py for tasks to queue
[2025-11-06T22:46:18.966+0000] {logging_mixin.py:188} INFO - [2025-11-06T22:46:18.964+0000] {dagbag.py:538} INFO - Filling up the DagBag from /home/airflow/.local/lib/python3.8/site-packages/airflow/example_dags/example_task_group.py
[2025-11-06T22:46:19.019+0000] {processor.py:840} INFO - DAG(s) 'example_task_group' retrieved from /home/airflow/.local/lib/python3.8/site-packages/airflow/example_dags/example_task_group.py
[2025-11-06T22:46:19.197+0000] {logging_mixin.py:188} INFO - [2025-11-06T22:46:19.194+0000] {dag.py:3036} INFO - Sync 1 DAGs
[2025-11-06T22:46:19.355+0000] {logging_mixin.py:188} INFO - [2025-11-06T22:46:19.355+0000] {dag.py:3823} INFO - Setting next_dagrun for example_task_group to 2025-11-05 00:00:00+00:00, run_after=2025-11-06 00:00:00+00:00
[2025-11-06T22:46:19.480+0000] {processor.py:183} INFO - Processing /home/airflow/.local/lib/python3.8/site-packages/airflow/example_dags/example_task_group.py took 0.532 seconds
[2025-11-06T22:46:50.855+0000] {processor.py:161} INFO - Started process (PID=1613) to work on /home/airflow/.local/lib/python3.8/site-packages/airflow/example_dags/example_task_group.py
[2025-11-06T22:46:50.858+0000] {processor.py:830} INFO - Processing file /home/airflow/.local/lib/python3.8/site-packages/airflow/example_dags/example_task_group.py for tasks to queue
[2025-11-06T22:46:50.862+0000] {logging_mixin.py:188} INFO - [2025-11-06T22:46:50.861+0000] {dagbag.py:538} INFO - Filling up the DagBag from /home/airflow/.local/lib/python3.8/site-packages/airflow/example_dags/example_task_group.py
[2025-11-06T22:46:50.906+0000] {processor.py:840} INFO - DAG(s) 'example_task_group' retrieved from /home/airflow/.local/lib/python3.8/site-packages/airflow/example_dags/example_task_group.py
[2025-11-06T22:46:51.041+0000] {logging_mixin.py:188} INFO - [2025-11-06T22:46:51.040+0000] {dag.py:3036} INFO - Sync 1 DAGs
[2025-11-06T22:46:51.410+0000] {logging_mixin.py:188} INFO - [2025-11-06T22:46:51.402+0000] {dag.py:3823} INFO - Setting next_dagrun for example_task_group to 2025-11-05 00:00:00+00:00, run_after=2025-11-06 00:00:00+00:00
[2025-11-06T22:46:51.644+0000] {processor.py:183} INFO - Processing /home/airflow/.local/lib/python3.8/site-packages/airflow/example_dags/example_task_group.py took 0.808 seconds
[2025-11-06T22:47:22.379+0000] {processor.py:161} INFO - Started process (PID=1686) to work on /home/airflow/.local/lib/python3.8/site-packages/airflow/example_dags/example_task_group.py
[2025-11-06T22:47:22.392+0000] {processor.py:830} INFO - Processing file /home/airflow/.local/lib/python3.8/site-packages/airflow/example_dags/example_task_group.py for tasks to queue
[2025-11-06T22:47:22.395+0000] {logging_mixin.py:188} INFO - [2025-11-06T22:47:22.394+0000] {dagbag.py:538} INFO - Filling up the DagBag from /home/airflow/.local/lib/python3.8/site-packages/airflow/example_dags/example_task_group.py
[2025-11-06T22:47:22.446+0000] {processor.py:840} INFO - DAG(s) 'example_task_group' retrieved from /home/airflow/.local/lib/python3.8/site-packages/airflow/example_dags/example_task_group.py
[2025-11-06T22:47:22.606+0000] {logging_mixin.py:188} INFO - [2025-11-06T22:47:22.606+0000] {dag.py:3036} INFO - Sync 1 DAGs
[2025-11-06T22:47:22.693+0000] {logging_mixin.py:188} INFO - [2025-11-06T22:47:22.691+0000] {dag.py:3823} INFO - Setting next_dagrun for example_task_group to 2025-11-05 00:00:00+00:00, run_after=2025-11-06 00:00:00+00:00
[2025-11-06T22:47:22.772+0000] {processor.py:183} INFO - Processing /home/airflow/.local/lib/python3.8/site-packages/airflow/example_dags/example_task_group.py took 0.414 seconds
