[2025-11-06T22:21:20.244+0000] {processor.py:161} INFO - Started process (PID=243) to work on /home/airflow/.local/lib/python3.8/site-packages/airflow/example_dags/example_trigger_target_dag.py
[2025-11-06T22:21:20.253+0000] {processor.py:830} INFO - Processing file /home/airflow/.local/lib/python3.8/site-packages/airflow/example_dags/example_trigger_target_dag.py for tasks to queue
[2025-11-06T22:21:20.323+0000] {logging_mixin.py:188} INFO - [2025-11-06T22:21:20.322+0000] {dagbag.py:538} INFO - Filling up the DagBag from /home/airflow/.local/lib/python3.8/site-packages/airflow/example_dags/example_trigger_target_dag.py
[2025-11-06T22:21:20.472+0000] {processor.py:840} INFO - DAG(s) 'example_trigger_target_dag' retrieved from /home/airflow/.local/lib/python3.8/site-packages/airflow/example_dags/example_trigger_target_dag.py
[2025-11-06T22:21:21.811+0000] {logging_mixin.py:188} INFO - [2025-11-06T22:21:21.810+0000] {dag.py:3036} INFO - Sync 1 DAGs
[2025-11-06T22:21:22.057+0000] {logging_mixin.py:188} INFO - [2025-11-06T22:21:22.056+0000] {dag.py:3823} INFO - Setting next_dagrun for example_trigger_target_dag to None, run_after=None
[2025-11-06T22:21:22.402+0000] {processor.py:183} INFO - Processing /home/airflow/.local/lib/python3.8/site-packages/airflow/example_dags/example_trigger_target_dag.py took 2.215 seconds
[2025-11-06T22:22:03.901+0000] {processor.py:161} INFO - Started process (PID=324) to work on /home/airflow/.local/lib/python3.8/site-packages/airflow/example_dags/example_trigger_target_dag.py
[2025-11-06T22:22:03.909+0000] {processor.py:830} INFO - Processing file /home/airflow/.local/lib/python3.8/site-packages/airflow/example_dags/example_trigger_target_dag.py for tasks to queue
[2025-11-06T22:22:03.912+0000] {logging_mixin.py:188} INFO - [2025-11-06T22:22:03.911+0000] {dagbag.py:538} INFO - Filling up the DagBag from /home/airflow/.local/lib/python3.8/site-packages/airflow/example_dags/example_trigger_target_dag.py
[2025-11-06T22:22:03.968+0000] {processor.py:840} INFO - DAG(s) 'example_trigger_target_dag' retrieved from /home/airflow/.local/lib/python3.8/site-packages/airflow/example_dags/example_trigger_target_dag.py
[2025-11-06T22:22:04.124+0000] {logging_mixin.py:188} INFO - [2025-11-06T22:22:04.123+0000] {dag.py:3036} INFO - Sync 1 DAGs
[2025-11-06T22:22:04.189+0000] {logging_mixin.py:188} INFO - [2025-11-06T22:22:04.188+0000] {dag.py:3823} INFO - Setting next_dagrun for example_trigger_target_dag to None, run_after=None
[2025-11-06T22:22:04.292+0000] {processor.py:183} INFO - Processing /home/airflow/.local/lib/python3.8/site-packages/airflow/example_dags/example_trigger_target_dag.py took 0.430 seconds
[2025-11-06T22:22:35.564+0000] {processor.py:161} INFO - Started process (PID=397) to work on /home/airflow/.local/lib/python3.8/site-packages/airflow/example_dags/example_trigger_target_dag.py
[2025-11-06T22:22:35.566+0000] {processor.py:830} INFO - Processing file /home/airflow/.local/lib/python3.8/site-packages/airflow/example_dags/example_trigger_target_dag.py for tasks to queue
[2025-11-06T22:22:35.569+0000] {logging_mixin.py:188} INFO - [2025-11-06T22:22:35.568+0000] {dagbag.py:538} INFO - Filling up the DagBag from /home/airflow/.local/lib/python3.8/site-packages/airflow/example_dags/example_trigger_target_dag.py
[2025-11-06T22:22:35.627+0000] {processor.py:840} INFO - DAG(s) 'example_trigger_target_dag' retrieved from /home/airflow/.local/lib/python3.8/site-packages/airflow/example_dags/example_trigger_target_dag.py
[2025-11-06T22:22:35.773+0000] {logging_mixin.py:188} INFO - [2025-11-06T22:22:35.772+0000] {dag.py:3036} INFO - Sync 1 DAGs
[2025-11-06T22:22:35.877+0000] {logging_mixin.py:188} INFO - [2025-11-06T22:22:35.876+0000] {dag.py:3823} INFO - Setting next_dagrun for example_trigger_target_dag to None, run_after=None
[2025-11-06T22:22:35.992+0000] {processor.py:183} INFO - Processing /home/airflow/.local/lib/python3.8/site-packages/airflow/example_dags/example_trigger_target_dag.py took 0.441 seconds
[2025-11-06T22:33:26.106+0000] {processor.py:161} INFO - Started process (PID=162) to work on /home/airflow/.local/lib/python3.8/site-packages/airflow/example_dags/example_trigger_target_dag.py
[2025-11-06T22:33:26.108+0000] {processor.py:830} INFO - Processing file /home/airflow/.local/lib/python3.8/site-packages/airflow/example_dags/example_trigger_target_dag.py for tasks to queue
[2025-11-06T22:33:26.111+0000] {logging_mixin.py:188} INFO - [2025-11-06T22:33:26.110+0000] {dagbag.py:538} INFO - Filling up the DagBag from /home/airflow/.local/lib/python3.8/site-packages/airflow/example_dags/example_trigger_target_dag.py
[2025-11-06T22:33:26.132+0000] {processor.py:840} INFO - DAG(s) 'example_trigger_target_dag' retrieved from /home/airflow/.local/lib/python3.8/site-packages/airflow/example_dags/example_trigger_target_dag.py
[2025-11-06T22:33:26.416+0000] {logging_mixin.py:188} INFO - [2025-11-06T22:33:26.415+0000] {dag.py:3036} INFO - Sync 1 DAGs
[2025-11-06T22:33:26.446+0000] {logging_mixin.py:188} INFO - [2025-11-06T22:33:26.445+0000] {dag.py:3823} INFO - Setting next_dagrun for example_trigger_target_dag to None, run_after=None
[2025-11-06T22:33:26.515+0000] {processor.py:183} INFO - Processing /home/airflow/.local/lib/python3.8/site-packages/airflow/example_dags/example_trigger_target_dag.py took 0.419 seconds
[2025-11-06T22:33:56.886+0000] {processor.py:161} INFO - Started process (PID=228) to work on /home/airflow/.local/lib/python3.8/site-packages/airflow/example_dags/example_trigger_target_dag.py
[2025-11-06T22:33:56.889+0000] {processor.py:830} INFO - Processing file /home/airflow/.local/lib/python3.8/site-packages/airflow/example_dags/example_trigger_target_dag.py for tasks to queue
[2025-11-06T22:33:56.894+0000] {logging_mixin.py:188} INFO - [2025-11-06T22:33:56.893+0000] {dagbag.py:538} INFO - Filling up the DagBag from /home/airflow/.local/lib/python3.8/site-packages/airflow/example_dags/example_trigger_target_dag.py
[2025-11-06T22:33:56.915+0000] {processor.py:840} INFO - DAG(s) 'example_trigger_target_dag' retrieved from /home/airflow/.local/lib/python3.8/site-packages/airflow/example_dags/example_trigger_target_dag.py
[2025-11-06T22:33:57.029+0000] {logging_mixin.py:188} INFO - [2025-11-06T22:33:57.029+0000] {dag.py:3036} INFO - Sync 1 DAGs
[2025-11-06T22:33:57.067+0000] {logging_mixin.py:188} INFO - [2025-11-06T22:33:57.066+0000] {dag.py:3823} INFO - Setting next_dagrun for example_trigger_target_dag to None, run_after=None
[2025-11-06T22:33:57.144+0000] {processor.py:183} INFO - Processing /home/airflow/.local/lib/python3.8/site-packages/airflow/example_dags/example_trigger_target_dag.py took 0.267 seconds
[2025-11-06T22:34:32.757+0000] {processor.py:161} INFO - Started process (PID=309) to work on /home/airflow/.local/lib/python3.8/site-packages/airflow/example_dags/example_trigger_target_dag.py
[2025-11-06T22:34:32.760+0000] {processor.py:830} INFO - Processing file /home/airflow/.local/lib/python3.8/site-packages/airflow/example_dags/example_trigger_target_dag.py for tasks to queue
[2025-11-06T22:34:32.763+0000] {logging_mixin.py:188} INFO - [2025-11-06T22:34:32.762+0000] {dagbag.py:538} INFO - Filling up the DagBag from /home/airflow/.local/lib/python3.8/site-packages/airflow/example_dags/example_trigger_target_dag.py
[2025-11-06T22:34:32.785+0000] {processor.py:840} INFO - DAG(s) 'example_trigger_target_dag' retrieved from /home/airflow/.local/lib/python3.8/site-packages/airflow/example_dags/example_trigger_target_dag.py
[2025-11-06T22:34:32.868+0000] {logging_mixin.py:188} INFO - [2025-11-06T22:34:32.867+0000] {dag.py:3036} INFO - Sync 1 DAGs
[2025-11-06T22:34:33.305+0000] {logging_mixin.py:188} INFO - [2025-11-06T22:34:33.304+0000] {dag.py:3823} INFO - Setting next_dagrun for example_trigger_target_dag to None, run_after=None
[2025-11-06T22:34:33.378+0000] {processor.py:183} INFO - Processing /home/airflow/.local/lib/python3.8/site-packages/airflow/example_dags/example_trigger_target_dag.py took 0.629 seconds
[2025-11-06T22:35:08.391+0000] {processor.py:161} INFO - Started process (PID=382) to work on /home/airflow/.local/lib/python3.8/site-packages/airflow/example_dags/example_trigger_target_dag.py
[2025-11-06T22:35:08.393+0000] {processor.py:830} INFO - Processing file /home/airflow/.local/lib/python3.8/site-packages/airflow/example_dags/example_trigger_target_dag.py for tasks to queue
[2025-11-06T22:35:08.400+0000] {logging_mixin.py:188} INFO - [2025-11-06T22:35:08.397+0000] {dagbag.py:538} INFO - Filling up the DagBag from /home/airflow/.local/lib/python3.8/site-packages/airflow/example_dags/example_trigger_target_dag.py
[2025-11-06T22:35:08.464+0000] {processor.py:840} INFO - DAG(s) 'example_trigger_target_dag' retrieved from /home/airflow/.local/lib/python3.8/site-packages/airflow/example_dags/example_trigger_target_dag.py
[2025-11-06T22:35:08.635+0000] {logging_mixin.py:188} INFO - [2025-11-06T22:35:08.634+0000] {dag.py:3036} INFO - Sync 1 DAGs
[2025-11-06T22:35:08.986+0000] {logging_mixin.py:188} INFO - [2025-11-06T22:35:08.985+0000] {dag.py:3823} INFO - Setting next_dagrun for example_trigger_target_dag to None, run_after=None
[2025-11-06T22:35:09.127+0000] {processor.py:183} INFO - Processing /home/airflow/.local/lib/python3.8/site-packages/airflow/example_dags/example_trigger_target_dag.py took 0.749 seconds
[2025-11-06T22:35:39.974+0000] {processor.py:161} INFO - Started process (PID=456) to work on /home/airflow/.local/lib/python3.8/site-packages/airflow/example_dags/example_trigger_target_dag.py
[2025-11-06T22:35:39.976+0000] {processor.py:830} INFO - Processing file /home/airflow/.local/lib/python3.8/site-packages/airflow/example_dags/example_trigger_target_dag.py for tasks to queue
[2025-11-06T22:35:39.981+0000] {logging_mixin.py:188} INFO - [2025-11-06T22:35:39.978+0000] {dagbag.py:538} INFO - Filling up the DagBag from /home/airflow/.local/lib/python3.8/site-packages/airflow/example_dags/example_trigger_target_dag.py
[2025-11-06T22:35:40.011+0000] {processor.py:840} INFO - DAG(s) 'example_trigger_target_dag' retrieved from /home/airflow/.local/lib/python3.8/site-packages/airflow/example_dags/example_trigger_target_dag.py
[2025-11-06T22:35:40.149+0000] {logging_mixin.py:188} INFO - [2025-11-06T22:35:40.147+0000] {dag.py:3036} INFO - Sync 1 DAGs
[2025-11-06T22:35:40.221+0000] {logging_mixin.py:188} INFO - [2025-11-06T22:35:40.220+0000] {dag.py:3823} INFO - Setting next_dagrun for example_trigger_target_dag to None, run_after=None
[2025-11-06T22:35:40.315+0000] {processor.py:183} INFO - Processing /home/airflow/.local/lib/python3.8/site-packages/airflow/example_dags/example_trigger_target_dag.py took 0.354 seconds
[2025-11-06T22:36:10.473+0000] {processor.py:161} INFO - Started process (PID=537) to work on /home/airflow/.local/lib/python3.8/site-packages/airflow/example_dags/example_trigger_target_dag.py
[2025-11-06T22:36:10.475+0000] {processor.py:830} INFO - Processing file /home/airflow/.local/lib/python3.8/site-packages/airflow/example_dags/example_trigger_target_dag.py for tasks to queue
[2025-11-06T22:36:10.477+0000] {logging_mixin.py:188} INFO - [2025-11-06T22:36:10.477+0000] {dagbag.py:538} INFO - Filling up the DagBag from /home/airflow/.local/lib/python3.8/site-packages/airflow/example_dags/example_trigger_target_dag.py
[2025-11-06T22:36:10.496+0000] {processor.py:840} INFO - DAG(s) 'example_trigger_target_dag' retrieved from /home/airflow/.local/lib/python3.8/site-packages/airflow/example_dags/example_trigger_target_dag.py
[2025-11-06T22:36:10.552+0000] {logging_mixin.py:188} INFO - [2025-11-06T22:36:10.552+0000] {dag.py:3036} INFO - Sync 1 DAGs
[2025-11-06T22:36:10.583+0000] {logging_mixin.py:188} INFO - [2025-11-06T22:36:10.582+0000] {dag.py:3823} INFO - Setting next_dagrun for example_trigger_target_dag to None, run_after=None
[2025-11-06T22:36:10.631+0000] {processor.py:183} INFO - Processing /home/airflow/.local/lib/python3.8/site-packages/airflow/example_dags/example_trigger_target_dag.py took 0.168 seconds
[2025-11-06T22:36:41.243+0000] {processor.py:161} INFO - Started process (PID=609) to work on /home/airflow/.local/lib/python3.8/site-packages/airflow/example_dags/example_trigger_target_dag.py
[2025-11-06T22:36:41.245+0000] {processor.py:830} INFO - Processing file /home/airflow/.local/lib/python3.8/site-packages/airflow/example_dags/example_trigger_target_dag.py for tasks to queue
[2025-11-06T22:36:41.248+0000] {logging_mixin.py:188} INFO - [2025-11-06T22:36:41.247+0000] {dagbag.py:538} INFO - Filling up the DagBag from /home/airflow/.local/lib/python3.8/site-packages/airflow/example_dags/example_trigger_target_dag.py
[2025-11-06T22:36:41.278+0000] {processor.py:840} INFO - DAG(s) 'example_trigger_target_dag' retrieved from /home/airflow/.local/lib/python3.8/site-packages/airflow/example_dags/example_trigger_target_dag.py
[2025-11-06T22:36:41.351+0000] {logging_mixin.py:188} INFO - [2025-11-06T22:36:41.350+0000] {dag.py:3036} INFO - Sync 1 DAGs
[2025-11-06T22:36:41.396+0000] {logging_mixin.py:188} INFO - [2025-11-06T22:36:41.395+0000] {dag.py:3823} INFO - Setting next_dagrun for example_trigger_target_dag to None, run_after=None
[2025-11-06T22:36:41.456+0000] {processor.py:183} INFO - Processing /home/airflow/.local/lib/python3.8/site-packages/airflow/example_dags/example_trigger_target_dag.py took 0.226 seconds
[2025-11-06T22:37:11.838+0000] {processor.py:161} INFO - Started process (PID=682) to work on /home/airflow/.local/lib/python3.8/site-packages/airflow/example_dags/example_trigger_target_dag.py
[2025-11-06T22:37:11.839+0000] {processor.py:830} INFO - Processing file /home/airflow/.local/lib/python3.8/site-packages/airflow/example_dags/example_trigger_target_dag.py for tasks to queue
[2025-11-06T22:37:11.842+0000] {logging_mixin.py:188} INFO - [2025-11-06T22:37:11.841+0000] {dagbag.py:538} INFO - Filling up the DagBag from /home/airflow/.local/lib/python3.8/site-packages/airflow/example_dags/example_trigger_target_dag.py
[2025-11-06T22:37:11.856+0000] {processor.py:840} INFO - DAG(s) 'example_trigger_target_dag' retrieved from /home/airflow/.local/lib/python3.8/site-packages/airflow/example_dags/example_trigger_target_dag.py
[2025-11-06T22:37:11.901+0000] {logging_mixin.py:188} INFO - [2025-11-06T22:37:11.900+0000] {dag.py:3036} INFO - Sync 1 DAGs
[2025-11-06T22:37:11.923+0000] {logging_mixin.py:188} INFO - [2025-11-06T22:37:11.923+0000] {dag.py:3823} INFO - Setting next_dagrun for example_trigger_target_dag to None, run_after=None
[2025-11-06T22:37:11.963+0000] {processor.py:183} INFO - Processing /home/airflow/.local/lib/python3.8/site-packages/airflow/example_dags/example_trigger_target_dag.py took 0.131 seconds
[2025-11-06T22:37:42.966+0000] {processor.py:161} INFO - Started process (PID=764) to work on /home/airflow/.local/lib/python3.8/site-packages/airflow/example_dags/example_trigger_target_dag.py
[2025-11-06T22:37:42.968+0000] {processor.py:830} INFO - Processing file /home/airflow/.local/lib/python3.8/site-packages/airflow/example_dags/example_trigger_target_dag.py for tasks to queue
[2025-11-06T22:37:42.971+0000] {logging_mixin.py:188} INFO - [2025-11-06T22:37:42.970+0000] {dagbag.py:538} INFO - Filling up the DagBag from /home/airflow/.local/lib/python3.8/site-packages/airflow/example_dags/example_trigger_target_dag.py
[2025-11-06T22:37:42.989+0000] {processor.py:840} INFO - DAG(s) 'example_trigger_target_dag' retrieved from /home/airflow/.local/lib/python3.8/site-packages/airflow/example_dags/example_trigger_target_dag.py
[2025-11-06T22:37:43.059+0000] {logging_mixin.py:188} INFO - [2025-11-06T22:37:43.058+0000] {dag.py:3036} INFO - Sync 1 DAGs
[2025-11-06T22:37:43.117+0000] {logging_mixin.py:188} INFO - [2025-11-06T22:37:43.116+0000] {dag.py:3823} INFO - Setting next_dagrun for example_trigger_target_dag to None, run_after=None
[2025-11-06T22:37:43.182+0000] {processor.py:183} INFO - Processing /home/airflow/.local/lib/python3.8/site-packages/airflow/example_dags/example_trigger_target_dag.py took 0.227 seconds
[2025-11-06T22:40:20.756+0000] {processor.py:161} INFO - Started process (PID=882) to work on /home/airflow/.local/lib/python3.8/site-packages/airflow/example_dags/example_trigger_target_dag.py
[2025-11-06T22:40:20.765+0000] {processor.py:830} INFO - Processing file /home/airflow/.local/lib/python3.8/site-packages/airflow/example_dags/example_trigger_target_dag.py for tasks to queue
[2025-11-06T22:40:20.768+0000] {logging_mixin.py:188} INFO - [2025-11-06T22:40:20.767+0000] {dagbag.py:538} INFO - Filling up the DagBag from /home/airflow/.local/lib/python3.8/site-packages/airflow/example_dags/example_trigger_target_dag.py
[2025-11-06T22:40:20.795+0000] {processor.py:840} INFO - DAG(s) 'example_trigger_target_dag' retrieved from /home/airflow/.local/lib/python3.8/site-packages/airflow/example_dags/example_trigger_target_dag.py
[2025-11-06T22:40:20.893+0000] {logging_mixin.py:188} INFO - [2025-11-06T22:40:20.889+0000] {dag.py:3036} INFO - Sync 1 DAGs
[2025-11-06T22:40:21.084+0000] {logging_mixin.py:188} INFO - [2025-11-06T22:40:21.083+0000] {dag.py:3823} INFO - Setting next_dagrun for example_trigger_target_dag to None, run_after=None
[2025-11-06T22:40:21.294+0000] {processor.py:183} INFO - Processing /home/airflow/.local/lib/python3.8/site-packages/airflow/example_dags/example_trigger_target_dag.py took 0.548 seconds
[2025-11-06T22:40:54.292+0000] {processor.py:161} INFO - Started process (PID=954) to work on /home/airflow/.local/lib/python3.8/site-packages/airflow/example_dags/example_trigger_target_dag.py
[2025-11-06T22:40:54.305+0000] {processor.py:830} INFO - Processing file /home/airflow/.local/lib/python3.8/site-packages/airflow/example_dags/example_trigger_target_dag.py for tasks to queue
[2025-11-06T22:40:54.322+0000] {logging_mixin.py:188} INFO - [2025-11-06T22:40:54.321+0000] {dagbag.py:538} INFO - Filling up the DagBag from /home/airflow/.local/lib/python3.8/site-packages/airflow/example_dags/example_trigger_target_dag.py
[2025-11-06T22:40:54.458+0000] {processor.py:840} INFO - DAG(s) 'example_trigger_target_dag' retrieved from /home/airflow/.local/lib/python3.8/site-packages/airflow/example_dags/example_trigger_target_dag.py
[2025-11-06T22:40:54.806+0000] {logging_mixin.py:188} INFO - [2025-11-06T22:40:54.805+0000] {dag.py:3036} INFO - Sync 1 DAGs
[2025-11-06T22:40:54.919+0000] {logging_mixin.py:188} INFO - [2025-11-06T22:40:54.918+0000] {dag.py:3823} INFO - Setting next_dagrun for example_trigger_target_dag to None, run_after=None
[2025-11-06T22:40:55.901+0000] {processor.py:183} INFO - Processing /home/airflow/.local/lib/python3.8/site-packages/airflow/example_dags/example_trigger_target_dag.py took 0.943 seconds
[2025-11-06T22:41:32.510+0000] {processor.py:161} INFO - Started process (PID=1033) to work on /home/airflow/.local/lib/python3.8/site-packages/airflow/example_dags/example_trigger_target_dag.py
[2025-11-06T22:41:32.513+0000] {processor.py:830} INFO - Processing file /home/airflow/.local/lib/python3.8/site-packages/airflow/example_dags/example_trigger_target_dag.py for tasks to queue
[2025-11-06T22:41:32.521+0000] {logging_mixin.py:188} INFO - [2025-11-06T22:41:32.520+0000] {dagbag.py:538} INFO - Filling up the DagBag from /home/airflow/.local/lib/python3.8/site-packages/airflow/example_dags/example_trigger_target_dag.py
[2025-11-06T22:41:32.546+0000] {processor.py:840} INFO - DAG(s) 'example_trigger_target_dag' retrieved from /home/airflow/.local/lib/python3.8/site-packages/airflow/example_dags/example_trigger_target_dag.py
[2025-11-06T22:41:32.695+0000] {logging_mixin.py:188} INFO - [2025-11-06T22:41:32.695+0000] {dag.py:3036} INFO - Sync 1 DAGs
[2025-11-06T22:41:32.747+0000] {logging_mixin.py:188} INFO - [2025-11-06T22:41:32.746+0000] {dag.py:3823} INFO - Setting next_dagrun for example_trigger_target_dag to None, run_after=None
[2025-11-06T22:41:32.868+0000] {processor.py:183} INFO - Processing /home/airflow/.local/lib/python3.8/site-packages/airflow/example_dags/example_trigger_target_dag.py took 0.368 seconds
[2025-11-06T22:42:07.429+0000] {processor.py:161} INFO - Started process (PID=1108) to work on /home/airflow/.local/lib/python3.8/site-packages/airflow/example_dags/example_trigger_target_dag.py
[2025-11-06T22:42:07.434+0000] {processor.py:830} INFO - Processing file /home/airflow/.local/lib/python3.8/site-packages/airflow/example_dags/example_trigger_target_dag.py for tasks to queue
[2025-11-06T22:42:07.439+0000] {logging_mixin.py:188} INFO - [2025-11-06T22:42:07.437+0000] {dagbag.py:538} INFO - Filling up the DagBag from /home/airflow/.local/lib/python3.8/site-packages/airflow/example_dags/example_trigger_target_dag.py
[2025-11-06T22:42:07.476+0000] {processor.py:840} INFO - DAG(s) 'example_trigger_target_dag' retrieved from /home/airflow/.local/lib/python3.8/site-packages/airflow/example_dags/example_trigger_target_dag.py
[2025-11-06T22:42:07.644+0000] {logging_mixin.py:188} INFO - [2025-11-06T22:42:07.642+0000] {dag.py:3036} INFO - Sync 1 DAGs
[2025-11-06T22:42:07.708+0000] {logging_mixin.py:188} INFO - [2025-11-06T22:42:07.708+0000] {dag.py:3823} INFO - Setting next_dagrun for example_trigger_target_dag to None, run_after=None
[2025-11-06T22:42:07.829+0000] {processor.py:183} INFO - Processing /home/airflow/.local/lib/python3.8/site-packages/airflow/example_dags/example_trigger_target_dag.py took 0.461 seconds
[2025-11-06T22:42:49.713+0000] {processor.py:161} INFO - Started process (PID=1186) to work on /home/airflow/.local/lib/python3.8/site-packages/airflow/example_dags/example_trigger_target_dag.py
[2025-11-06T22:42:49.715+0000] {processor.py:830} INFO - Processing file /home/airflow/.local/lib/python3.8/site-packages/airflow/example_dags/example_trigger_target_dag.py for tasks to queue
[2025-11-06T22:42:49.721+0000] {logging_mixin.py:188} INFO - [2025-11-06T22:42:49.719+0000] {dagbag.py:538} INFO - Filling up the DagBag from /home/airflow/.local/lib/python3.8/site-packages/airflow/example_dags/example_trigger_target_dag.py
[2025-11-06T22:42:49.753+0000] {processor.py:840} INFO - DAG(s) 'example_trigger_target_dag' retrieved from /home/airflow/.local/lib/python3.8/site-packages/airflow/example_dags/example_trigger_target_dag.py
[2025-11-06T22:42:49.845+0000] {logging_mixin.py:188} INFO - [2025-11-06T22:42:49.844+0000] {dag.py:3036} INFO - Sync 1 DAGs
[2025-11-06T22:42:49.914+0000] {logging_mixin.py:188} INFO - [2025-11-06T22:42:49.911+0000] {dag.py:3823} INFO - Setting next_dagrun for example_trigger_target_dag to None, run_after=None
[2025-11-06T22:42:50.003+0000] {processor.py:183} INFO - Processing /home/airflow/.local/lib/python3.8/site-packages/airflow/example_dags/example_trigger_target_dag.py took 0.305 seconds
[2025-11-06T22:43:25.512+0000] {processor.py:161} INFO - Started process (PID=1268) to work on /home/airflow/.local/lib/python3.8/site-packages/airflow/example_dags/example_trigger_target_dag.py
[2025-11-06T22:43:25.520+0000] {processor.py:830} INFO - Processing file /home/airflow/.local/lib/python3.8/site-packages/airflow/example_dags/example_trigger_target_dag.py for tasks to queue
[2025-11-06T22:43:25.536+0000] {logging_mixin.py:188} INFO - [2025-11-06T22:43:25.527+0000] {dagbag.py:538} INFO - Filling up the DagBag from /home/airflow/.local/lib/python3.8/site-packages/airflow/example_dags/example_trigger_target_dag.py
[2025-11-06T22:43:25.597+0000] {processor.py:840} INFO - DAG(s) 'example_trigger_target_dag' retrieved from /home/airflow/.local/lib/python3.8/site-packages/airflow/example_dags/example_trigger_target_dag.py
[2025-11-06T22:43:25.885+0000] {logging_mixin.py:188} INFO - [2025-11-06T22:43:25.884+0000] {dag.py:3036} INFO - Sync 1 DAGs
[2025-11-06T22:43:26.192+0000] {logging_mixin.py:188} INFO - [2025-11-06T22:43:26.191+0000] {dag.py:3823} INFO - Setting next_dagrun for example_trigger_target_dag to None, run_after=None
[2025-11-06T22:43:26.402+0000] {processor.py:183} INFO - Processing /home/airflow/.local/lib/python3.8/site-packages/airflow/example_dags/example_trigger_target_dag.py took 0.925 seconds
[2025-11-06T22:44:19.622+0000] {processor.py:161} INFO - Started process (PID=1341) to work on /home/airflow/.local/lib/python3.8/site-packages/airflow/example_dags/example_trigger_target_dag.py
[2025-11-06T22:44:19.627+0000] {processor.py:830} INFO - Processing file /home/airflow/.local/lib/python3.8/site-packages/airflow/example_dags/example_trigger_target_dag.py for tasks to queue
[2025-11-06T22:44:19.636+0000] {logging_mixin.py:188} INFO - [2025-11-06T22:44:19.635+0000] {dagbag.py:538} INFO - Filling up the DagBag from /home/airflow/.local/lib/python3.8/site-packages/airflow/example_dags/example_trigger_target_dag.py
[2025-11-06T22:44:19.727+0000] {processor.py:840} INFO - DAG(s) 'example_trigger_target_dag' retrieved from /home/airflow/.local/lib/python3.8/site-packages/airflow/example_dags/example_trigger_target_dag.py
[2025-11-06T22:44:19.952+0000] {logging_mixin.py:188} INFO - [2025-11-06T22:44:19.952+0000] {dag.py:3036} INFO - Sync 1 DAGs
[2025-11-06T22:44:20.059+0000] {logging_mixin.py:188} INFO - [2025-11-06T22:44:20.057+0000] {dag.py:3823} INFO - Setting next_dagrun for example_trigger_target_dag to None, run_after=None
[2025-11-06T22:44:20.171+0000] {processor.py:183} INFO - Processing /home/airflow/.local/lib/python3.8/site-packages/airflow/example_dags/example_trigger_target_dag.py took 0.589 seconds
[2025-11-06T22:45:47.584+0000] {processor.py:161} INFO - Started process (PID=1457) to work on /home/airflow/.local/lib/python3.8/site-packages/airflow/example_dags/example_trigger_target_dag.py
[2025-11-06T22:45:47.594+0000] {processor.py:830} INFO - Processing file /home/airflow/.local/lib/python3.8/site-packages/airflow/example_dags/example_trigger_target_dag.py for tasks to queue
[2025-11-06T22:45:47.602+0000] {logging_mixin.py:188} INFO - [2025-11-06T22:45:47.601+0000] {dagbag.py:538} INFO - Filling up the DagBag from /home/airflow/.local/lib/python3.8/site-packages/airflow/example_dags/example_trigger_target_dag.py
[2025-11-06T22:45:47.658+0000] {processor.py:840} INFO - DAG(s) 'example_trigger_target_dag' retrieved from /home/airflow/.local/lib/python3.8/site-packages/airflow/example_dags/example_trigger_target_dag.py
[2025-11-06T22:45:47.815+0000] {logging_mixin.py:188} INFO - [2025-11-06T22:45:47.814+0000] {dag.py:3036} INFO - Sync 1 DAGs
[2025-11-06T22:45:47.889+0000] {logging_mixin.py:188} INFO - [2025-11-06T22:45:47.888+0000] {dag.py:3823} INFO - Setting next_dagrun for example_trigger_target_dag to None, run_after=None
[2025-11-06T22:45:47.983+0000] {processor.py:183} INFO - Processing /home/airflow/.local/lib/python3.8/site-packages/airflow/example_dags/example_trigger_target_dag.py took 0.433 seconds
[2025-11-06T22:46:18.363+0000] {processor.py:161} INFO - Started process (PID=1537) to work on /home/airflow/.local/lib/python3.8/site-packages/airflow/example_dags/example_trigger_target_dag.py
[2025-11-06T22:46:18.370+0000] {processor.py:830} INFO - Processing file /home/airflow/.local/lib/python3.8/site-packages/airflow/example_dags/example_trigger_target_dag.py for tasks to queue
[2025-11-06T22:46:18.386+0000] {logging_mixin.py:188} INFO - [2025-11-06T22:46:18.385+0000] {dagbag.py:538} INFO - Filling up the DagBag from /home/airflow/.local/lib/python3.8/site-packages/airflow/example_dags/example_trigger_target_dag.py
[2025-11-06T22:46:18.449+0000] {processor.py:840} INFO - DAG(s) 'example_trigger_target_dag' retrieved from /home/airflow/.local/lib/python3.8/site-packages/airflow/example_dags/example_trigger_target_dag.py
[2025-11-06T22:46:18.613+0000] {logging_mixin.py:188} INFO - [2025-11-06T22:46:18.612+0000] {dag.py:3036} INFO - Sync 1 DAGs
[2025-11-06T22:46:18.668+0000] {logging_mixin.py:188} INFO - [2025-11-06T22:46:18.668+0000] {dag.py:3823} INFO - Setting next_dagrun for example_trigger_target_dag to None, run_after=None
[2025-11-06T22:46:18.800+0000] {processor.py:183} INFO - Processing /home/airflow/.local/lib/python3.8/site-packages/airflow/example_dags/example_trigger_target_dag.py took 0.464 seconds
[2025-11-06T22:46:50.215+0000] {processor.py:161} INFO - Started process (PID=1612) to work on /home/airflow/.local/lib/python3.8/site-packages/airflow/example_dags/example_trigger_target_dag.py
[2025-11-06T22:46:50.230+0000] {processor.py:830} INFO - Processing file /home/airflow/.local/lib/python3.8/site-packages/airflow/example_dags/example_trigger_target_dag.py for tasks to queue
[2025-11-06T22:46:50.241+0000] {logging_mixin.py:188} INFO - [2025-11-06T22:46:50.235+0000] {dagbag.py:538} INFO - Filling up the DagBag from /home/airflow/.local/lib/python3.8/site-packages/airflow/example_dags/example_trigger_target_dag.py
[2025-11-06T22:46:50.287+0000] {processor.py:840} INFO - DAG(s) 'example_trigger_target_dag' retrieved from /home/airflow/.local/lib/python3.8/site-packages/airflow/example_dags/example_trigger_target_dag.py
[2025-11-06T22:46:50.398+0000] {logging_mixin.py:188} INFO - [2025-11-06T22:46:50.397+0000] {dag.py:3036} INFO - Sync 1 DAGs
[2025-11-06T22:46:50.598+0000] {logging_mixin.py:188} INFO - [2025-11-06T22:46:50.597+0000] {dag.py:3823} INFO - Setting next_dagrun for example_trigger_target_dag to None, run_after=None
[2025-11-06T22:46:50.842+0000] {processor.py:183} INFO - Processing /home/airflow/.local/lib/python3.8/site-packages/airflow/example_dags/example_trigger_target_dag.py took 0.664 seconds
[2025-11-06T22:47:21.299+0000] {processor.py:161} INFO - Started process (PID=1678) to work on /home/airflow/.local/lib/python3.8/site-packages/airflow/example_dags/example_trigger_target_dag.py
[2025-11-06T22:47:21.301+0000] {processor.py:830} INFO - Processing file /home/airflow/.local/lib/python3.8/site-packages/airflow/example_dags/example_trigger_target_dag.py for tasks to queue
[2025-11-06T22:47:21.309+0000] {logging_mixin.py:188} INFO - [2025-11-06T22:47:21.308+0000] {dagbag.py:538} INFO - Filling up the DagBag from /home/airflow/.local/lib/python3.8/site-packages/airflow/example_dags/example_trigger_target_dag.py
[2025-11-06T22:47:21.328+0000] {processor.py:840} INFO - DAG(s) 'example_trigger_target_dag' retrieved from /home/airflow/.local/lib/python3.8/site-packages/airflow/example_dags/example_trigger_target_dag.py
[2025-11-06T22:47:21.444+0000] {logging_mixin.py:188} INFO - [2025-11-06T22:47:21.443+0000] {dag.py:3036} INFO - Sync 1 DAGs
[2025-11-06T22:47:21.493+0000] {logging_mixin.py:188} INFO - [2025-11-06T22:47:21.492+0000] {dag.py:3823} INFO - Setting next_dagrun for example_trigger_target_dag to None, run_after=None
[2025-11-06T22:47:21.552+0000] {processor.py:183} INFO - Processing /home/airflow/.local/lib/python3.8/site-packages/airflow/example_dags/example_trigger_target_dag.py took 0.263 seconds
