[2025-11-06T22:21:36.083+0000] {processor.py:161} INFO - Started process (PID=271) to work on /home/airflow/.local/lib/python3.8/site-packages/airflow/example_dags/example_sla_dag.py
[2025-11-06T22:21:36.093+0000] {processor.py:830} INFO - Processing file /home/airflow/.local/lib/python3.8/site-packages/airflow/example_dags/example_sla_dag.py for tasks to queue
[2025-11-06T22:21:36.110+0000] {logging_mixin.py:188} INFO - [2025-11-06T22:21:36.108+0000] {dagbag.py:538} INFO - Filling up the DagBag from /home/airflow/.local/lib/python3.8/site-packages/airflow/example_dags/example_sla_dag.py
[2025-11-06T22:21:36.199+0000] {processor.py:840} INFO - DAG(s) 'example_sla_dag' retrieved from /home/airflow/.local/lib/python3.8/site-packages/airflow/example_dags/example_sla_dag.py
[2025-11-06T22:21:37.045+0000] {logging_mixin.py:188} INFO - [2025-11-06T22:21:37.044+0000] {dag.py:3036} INFO - Sync 1 DAGs
[2025-11-06T22:21:37.143+0000] {logging_mixin.py:188} INFO - [2025-11-06T22:21:37.142+0000] {dag.py:3823} INFO - Setting next_dagrun for example_sla_dag to 2025-11-06 22:18:00+00:00, run_after=2025-11-06 22:20:00+00:00
[2025-11-06T22:21:37.952+0000] {processor.py:183} INFO - Processing /home/airflow/.local/lib/python3.8/site-packages/airflow/example_dags/example_sla_dag.py took 1.909 seconds
[2025-11-06T22:22:12.356+0000] {processor.py:161} INFO - Started process (PID=345) to work on /home/airflow/.local/lib/python3.8/site-packages/airflow/example_dags/example_sla_dag.py
[2025-11-06T22:22:12.358+0000] {processor.py:830} INFO - Processing file /home/airflow/.local/lib/python3.8/site-packages/airflow/example_dags/example_sla_dag.py for tasks to queue
[2025-11-06T22:22:12.360+0000] {logging_mixin.py:188} INFO - [2025-11-06T22:22:12.359+0000] {dagbag.py:538} INFO - Filling up the DagBag from /home/airflow/.local/lib/python3.8/site-packages/airflow/example_dags/example_sla_dag.py
[2025-11-06T22:22:12.397+0000] {processor.py:840} INFO - DAG(s) 'example_sla_dag' retrieved from /home/airflow/.local/lib/python3.8/site-packages/airflow/example_dags/example_sla_dag.py
[2025-11-06T22:22:12.477+0000] {logging_mixin.py:188} INFO - [2025-11-06T22:22:12.476+0000] {dag.py:3036} INFO - Sync 1 DAGs
[2025-11-06T22:22:12.574+0000] {logging_mixin.py:188} INFO - [2025-11-06T22:22:12.574+0000] {dag.py:3823} INFO - Setting next_dagrun for example_sla_dag to 2025-11-06 22:20:00+00:00, run_after=2025-11-06 22:22:00+00:00
[2025-11-06T22:22:12.654+0000] {processor.py:183} INFO - Processing /home/airflow/.local/lib/python3.8/site-packages/airflow/example_dags/example_sla_dag.py took 0.307 seconds
[2025-11-06T22:22:47.866+0000] {processor.py:161} INFO - Started process (PID=420) to work on /home/airflow/.local/lib/python3.8/site-packages/airflow/example_dags/example_sla_dag.py
[2025-11-06T22:22:47.889+0000] {processor.py:830} INFO - Processing file /home/airflow/.local/lib/python3.8/site-packages/airflow/example_dags/example_sla_dag.py for tasks to queue
[2025-11-06T22:22:47.893+0000] {logging_mixin.py:188} INFO - [2025-11-06T22:22:47.891+0000] {dagbag.py:538} INFO - Filling up the DagBag from /home/airflow/.local/lib/python3.8/site-packages/airflow/example_dags/example_sla_dag.py
[2025-11-06T22:22:48.108+0000] {processor.py:840} INFO - DAG(s) 'example_sla_dag' retrieved from /home/airflow/.local/lib/python3.8/site-packages/airflow/example_dags/example_sla_dag.py
[2025-11-06T22:22:48.522+0000] {logging_mixin.py:188} INFO - [2025-11-06T22:22:48.521+0000] {dag.py:3036} INFO - Sync 1 DAGs
[2025-11-06T22:22:49.171+0000] {logging_mixin.py:188} INFO - [2025-11-06T22:22:49.171+0000] {dag.py:3823} INFO - Setting next_dagrun for example_sla_dag to 2025-11-06 22:20:00+00:00, run_after=2025-11-06 22:22:00+00:00
[2025-11-06T22:22:49.487+0000] {processor.py:183} INFO - Processing /home/airflow/.local/lib/python3.8/site-packages/airflow/example_dags/example_sla_dag.py took 1.653 seconds
[2025-11-06T22:33:31.156+0000] {processor.py:161} INFO - Started process (PID=176) to work on /home/airflow/.local/lib/python3.8/site-packages/airflow/example_dags/example_sla_dag.py
[2025-11-06T22:33:31.159+0000] {processor.py:830} INFO - Processing file /home/airflow/.local/lib/python3.8/site-packages/airflow/example_dags/example_sla_dag.py for tasks to queue
[2025-11-06T22:33:31.161+0000] {logging_mixin.py:188} INFO - [2025-11-06T22:33:31.161+0000] {dagbag.py:538} INFO - Filling up the DagBag from /home/airflow/.local/lib/python3.8/site-packages/airflow/example_dags/example_sla_dag.py
[2025-11-06T22:33:31.174+0000] {processor.py:840} INFO - DAG(s) 'example_sla_dag' retrieved from /home/airflow/.local/lib/python3.8/site-packages/airflow/example_dags/example_sla_dag.py
[2025-11-06T22:33:31.305+0000] {logging_mixin.py:188} INFO - [2025-11-06T22:33:31.305+0000] {dag.py:3036} INFO - Sync 1 DAGs
[2025-11-06T22:33:31.334+0000] {logging_mixin.py:188} INFO - [2025-11-06T22:33:31.334+0000] {dag.py:3823} INFO - Setting next_dagrun for example_sla_dag to 2025-11-06 22:30:00+00:00, run_after=2025-11-06 22:32:00+00:00
[2025-11-06T22:33:31.395+0000] {processor.py:183} INFO - Processing /home/airflow/.local/lib/python3.8/site-packages/airflow/example_dags/example_sla_dag.py took 0.244 seconds
[2025-11-06T22:34:02.466+0000] {processor.py:161} INFO - Started process (PID=250) to work on /home/airflow/.local/lib/python3.8/site-packages/airflow/example_dags/example_sla_dag.py
[2025-11-06T22:34:02.481+0000] {processor.py:830} INFO - Processing file /home/airflow/.local/lib/python3.8/site-packages/airflow/example_dags/example_sla_dag.py for tasks to queue
[2025-11-06T22:34:02.505+0000] {logging_mixin.py:188} INFO - [2025-11-06T22:34:02.504+0000] {dagbag.py:538} INFO - Filling up the DagBag from /home/airflow/.local/lib/python3.8/site-packages/airflow/example_dags/example_sla_dag.py
[2025-11-06T22:34:02.551+0000] {processor.py:840} INFO - DAG(s) 'example_sla_dag' retrieved from /home/airflow/.local/lib/python3.8/site-packages/airflow/example_dags/example_sla_dag.py
[2025-11-06T22:34:02.631+0000] {logging_mixin.py:188} INFO - [2025-11-06T22:34:02.630+0000] {dag.py:3036} INFO - Sync 1 DAGs
[2025-11-06T22:34:02.718+0000] {logging_mixin.py:188} INFO - [2025-11-06T22:34:02.717+0000] {dag.py:3823} INFO - Setting next_dagrun for example_sla_dag to 2025-11-06 22:32:00+00:00, run_after=2025-11-06 22:34:00+00:00
[2025-11-06T22:34:02.872+0000] {processor.py:183} INFO - Processing /home/airflow/.local/lib/python3.8/site-packages/airflow/example_dags/example_sla_dag.py took 0.423 seconds
[2025-11-06T22:34:36.420+0000] {processor.py:161} INFO - Started process (PID=323) to work on /home/airflow/.local/lib/python3.8/site-packages/airflow/example_dags/example_sla_dag.py
[2025-11-06T22:34:36.422+0000] {processor.py:830} INFO - Processing file /home/airflow/.local/lib/python3.8/site-packages/airflow/example_dags/example_sla_dag.py for tasks to queue
[2025-11-06T22:34:36.424+0000] {logging_mixin.py:188} INFO - [2025-11-06T22:34:36.423+0000] {dagbag.py:538} INFO - Filling up the DagBag from /home/airflow/.local/lib/python3.8/site-packages/airflow/example_dags/example_sla_dag.py
[2025-11-06T22:34:36.447+0000] {processor.py:840} INFO - DAG(s) 'example_sla_dag' retrieved from /home/airflow/.local/lib/python3.8/site-packages/airflow/example_dags/example_sla_dag.py
[2025-11-06T22:34:36.499+0000] {logging_mixin.py:188} INFO - [2025-11-06T22:34:36.499+0000] {dag.py:3036} INFO - Sync 1 DAGs
[2025-11-06T22:34:36.555+0000] {logging_mixin.py:188} INFO - [2025-11-06T22:34:36.555+0000] {dag.py:3823} INFO - Setting next_dagrun for example_sla_dag to 2025-11-06 22:32:00+00:00, run_after=2025-11-06 22:34:00+00:00
[2025-11-06T22:34:36.604+0000] {processor.py:183} INFO - Processing /home/airflow/.local/lib/python3.8/site-packages/airflow/example_dags/example_sla_dag.py took 0.192 seconds
[2025-11-06T22:35:15.998+0000] {processor.py:161} INFO - Started process (PID=397) to work on /home/airflow/.local/lib/python3.8/site-packages/airflow/example_dags/example_sla_dag.py
[2025-11-06T22:35:16.002+0000] {processor.py:830} INFO - Processing file /home/airflow/.local/lib/python3.8/site-packages/airflow/example_dags/example_sla_dag.py for tasks to queue
[2025-11-06T22:35:16.007+0000] {logging_mixin.py:188} INFO - [2025-11-06T22:35:16.004+0000] {dagbag.py:538} INFO - Filling up the DagBag from /home/airflow/.local/lib/python3.8/site-packages/airflow/example_dags/example_sla_dag.py
[2025-11-06T22:35:16.046+0000] {processor.py:840} INFO - DAG(s) 'example_sla_dag' retrieved from /home/airflow/.local/lib/python3.8/site-packages/airflow/example_dags/example_sla_dag.py
[2025-11-06T22:35:16.128+0000] {logging_mixin.py:188} INFO - [2025-11-06T22:35:16.126+0000] {dag.py:3036} INFO - Sync 1 DAGs
[2025-11-06T22:35:16.258+0000] {logging_mixin.py:188} INFO - [2025-11-06T22:35:16.257+0000] {dag.py:3823} INFO - Setting next_dagrun for example_sla_dag to 2025-11-06 22:32:00+00:00, run_after=2025-11-06 22:34:00+00:00
[2025-11-06T22:35:16.356+0000] {processor.py:183} INFO - Processing /home/airflow/.local/lib/python3.8/site-packages/airflow/example_dags/example_sla_dag.py took 0.372 seconds
[2025-11-06T22:35:47.434+0000] {processor.py:161} INFO - Started process (PID=479) to work on /home/airflow/.local/lib/python3.8/site-packages/airflow/example_dags/example_sla_dag.py
[2025-11-06T22:35:47.436+0000] {processor.py:830} INFO - Processing file /home/airflow/.local/lib/python3.8/site-packages/airflow/example_dags/example_sla_dag.py for tasks to queue
[2025-11-06T22:35:47.441+0000] {logging_mixin.py:188} INFO - [2025-11-06T22:35:47.440+0000] {dagbag.py:538} INFO - Filling up the DagBag from /home/airflow/.local/lib/python3.8/site-packages/airflow/example_dags/example_sla_dag.py
[2025-11-06T22:35:47.477+0000] {processor.py:840} INFO - DAG(s) 'example_sla_dag' retrieved from /home/airflow/.local/lib/python3.8/site-packages/airflow/example_dags/example_sla_dag.py
[2025-11-06T22:35:47.576+0000] {logging_mixin.py:188} INFO - [2025-11-06T22:35:47.575+0000] {dag.py:3036} INFO - Sync 1 DAGs
[2025-11-06T22:35:47.713+0000] {logging_mixin.py:188} INFO - [2025-11-06T22:35:47.712+0000] {dag.py:3823} INFO - Setting next_dagrun for example_sla_dag to 2025-11-06 22:32:00+00:00, run_after=2025-11-06 22:34:00+00:00
[2025-11-06T22:35:47.815+0000] {processor.py:183} INFO - Processing /home/airflow/.local/lib/python3.8/site-packages/airflow/example_dags/example_sla_dag.py took 0.392 seconds
[2025-11-06T22:36:18.856+0000] {processor.py:161} INFO - Started process (PID=552) to work on /home/airflow/.local/lib/python3.8/site-packages/airflow/example_dags/example_sla_dag.py
[2025-11-06T22:36:18.858+0000] {processor.py:830} INFO - Processing file /home/airflow/.local/lib/python3.8/site-packages/airflow/example_dags/example_sla_dag.py for tasks to queue
[2025-11-06T22:36:18.861+0000] {logging_mixin.py:188} INFO - [2025-11-06T22:36:18.860+0000] {dagbag.py:538} INFO - Filling up the DagBag from /home/airflow/.local/lib/python3.8/site-packages/airflow/example_dags/example_sla_dag.py
[2025-11-06T22:36:18.918+0000] {processor.py:840} INFO - DAG(s) 'example_sla_dag' retrieved from /home/airflow/.local/lib/python3.8/site-packages/airflow/example_dags/example_sla_dag.py
[2025-11-06T22:36:18.985+0000] {logging_mixin.py:188} INFO - [2025-11-06T22:36:18.984+0000] {dag.py:3036} INFO - Sync 1 DAGs
[2025-11-06T22:36:19.144+0000] {logging_mixin.py:188} INFO - [2025-11-06T22:36:19.143+0000] {dag.py:3823} INFO - Setting next_dagrun for example_sla_dag to 2025-11-06 22:34:00+00:00, run_after=2025-11-06 22:36:00+00:00
[2025-11-06T22:36:19.237+0000] {processor.py:183} INFO - Processing /home/airflow/.local/lib/python3.8/site-packages/airflow/example_dags/example_sla_dag.py took 0.393 seconds
[2025-11-06T22:36:49.372+0000] {processor.py:161} INFO - Started process (PID=632) to work on /home/airflow/.local/lib/python3.8/site-packages/airflow/example_dags/example_sla_dag.py
[2025-11-06T22:36:49.374+0000] {processor.py:830} INFO - Processing file /home/airflow/.local/lib/python3.8/site-packages/airflow/example_dags/example_sla_dag.py for tasks to queue
[2025-11-06T22:36:49.377+0000] {logging_mixin.py:188} INFO - [2025-11-06T22:36:49.376+0000] {dagbag.py:538} INFO - Filling up the DagBag from /home/airflow/.local/lib/python3.8/site-packages/airflow/example_dags/example_sla_dag.py
[2025-11-06T22:36:49.404+0000] {processor.py:840} INFO - DAG(s) 'example_sla_dag' retrieved from /home/airflow/.local/lib/python3.8/site-packages/airflow/example_dags/example_sla_dag.py
[2025-11-06T22:36:49.460+0000] {logging_mixin.py:188} INFO - [2025-11-06T22:36:49.459+0000] {dag.py:3036} INFO - Sync 1 DAGs
[2025-11-06T22:36:49.527+0000] {logging_mixin.py:188} INFO - [2025-11-06T22:36:49.527+0000] {dag.py:3823} INFO - Setting next_dagrun for example_sla_dag to 2025-11-06 22:34:00+00:00, run_after=2025-11-06 22:36:00+00:00
[2025-11-06T22:36:49.571+0000] {processor.py:183} INFO - Processing /home/airflow/.local/lib/python3.8/site-packages/airflow/example_dags/example_sla_dag.py took 0.209 seconds
[2025-11-06T22:37:20.425+0000] {processor.py:161} INFO - Started process (PID=709) to work on /home/airflow/.local/lib/python3.8/site-packages/airflow/example_dags/example_sla_dag.py
[2025-11-06T22:37:20.427+0000] {processor.py:830} INFO - Processing file /home/airflow/.local/lib/python3.8/site-packages/airflow/example_dags/example_sla_dag.py for tasks to queue
[2025-11-06T22:37:20.430+0000] {logging_mixin.py:188} INFO - [2025-11-06T22:37:20.429+0000] {dagbag.py:538} INFO - Filling up the DagBag from /home/airflow/.local/lib/python3.8/site-packages/airflow/example_dags/example_sla_dag.py
[2025-11-06T22:37:20.480+0000] {processor.py:840} INFO - DAG(s) 'example_sla_dag' retrieved from /home/airflow/.local/lib/python3.8/site-packages/airflow/example_dags/example_sla_dag.py
[2025-11-06T22:37:20.597+0000] {logging_mixin.py:188} INFO - [2025-11-06T22:37:20.596+0000] {dag.py:3036} INFO - Sync 1 DAGs
[2025-11-06T22:37:20.796+0000] {logging_mixin.py:188} INFO - [2025-11-06T22:37:20.796+0000] {dag.py:3823} INFO - Setting next_dagrun for example_sla_dag to 2025-11-06 22:34:00+00:00, run_after=2025-11-06 22:36:00+00:00
[2025-11-06T22:37:20.946+0000] {processor.py:183} INFO - Processing /home/airflow/.local/lib/python3.8/site-packages/airflow/example_dags/example_sla_dag.py took 0.533 seconds
[2025-11-06T22:37:51.334+0000] {processor.py:161} INFO - Started process (PID=787) to work on /home/airflow/.local/lib/python3.8/site-packages/airflow/example_dags/example_sla_dag.py
[2025-11-06T22:37:51.337+0000] {processor.py:830} INFO - Processing file /home/airflow/.local/lib/python3.8/site-packages/airflow/example_dags/example_sla_dag.py for tasks to queue
[2025-11-06T22:37:51.341+0000] {logging_mixin.py:188} INFO - [2025-11-06T22:37:51.340+0000] {dagbag.py:538} INFO - Filling up the DagBag from /home/airflow/.local/lib/python3.8/site-packages/airflow/example_dags/example_sla_dag.py
[2025-11-06T22:37:51.380+0000] {processor.py:840} INFO - DAG(s) 'example_sla_dag' retrieved from /home/airflow/.local/lib/python3.8/site-packages/airflow/example_dags/example_sla_dag.py
[2025-11-06T22:37:51.464+0000] {logging_mixin.py:188} INFO - [2025-11-06T22:37:51.463+0000] {dag.py:3036} INFO - Sync 1 DAGs
[2025-11-06T22:37:51.564+0000] {logging_mixin.py:188} INFO - [2025-11-06T22:37:51.563+0000] {dag.py:3823} INFO - Setting next_dagrun for example_sla_dag to 2025-11-06 22:34:00+00:00, run_after=2025-11-06 22:36:00+00:00
[2025-11-06T22:37:51.622+0000] {processor.py:183} INFO - Processing /home/airflow/.local/lib/python3.8/site-packages/airflow/example_dags/example_sla_dag.py took 0.300 seconds
[2025-11-06T22:40:31.459+0000] {processor.py:161} INFO - Started process (PID=903) to work on /home/airflow/.local/lib/python3.8/site-packages/airflow/example_dags/example_sla_dag.py
[2025-11-06T22:40:31.462+0000] {processor.py:830} INFO - Processing file /home/airflow/.local/lib/python3.8/site-packages/airflow/example_dags/example_sla_dag.py for tasks to queue
[2025-11-06T22:40:31.466+0000] {logging_mixin.py:188} INFO - [2025-11-06T22:40:31.465+0000] {dagbag.py:538} INFO - Filling up the DagBag from /home/airflow/.local/lib/python3.8/site-packages/airflow/example_dags/example_sla_dag.py
[2025-11-06T22:40:31.536+0000] {processor.py:840} INFO - DAG(s) 'example_sla_dag' retrieved from /home/airflow/.local/lib/python3.8/site-packages/airflow/example_dags/example_sla_dag.py
[2025-11-06T22:40:31.766+0000] {logging_mixin.py:188} INFO - [2025-11-06T22:40:31.765+0000] {dag.py:3036} INFO - Sync 1 DAGs
[2025-11-06T22:40:32.015+0000] {logging_mixin.py:188} INFO - [2025-11-06T22:40:32.014+0000] {dag.py:3823} INFO - Setting next_dagrun for example_sla_dag to 2025-11-06 22:38:00+00:00, run_after=2025-11-06 22:40:00+00:00
[2025-11-06T22:40:32.251+0000] {processor.py:183} INFO - Processing /home/airflow/.local/lib/python3.8/site-packages/airflow/example_dags/example_sla_dag.py took 0.805 seconds
[2025-11-06T22:41:22.675+0000] {processor.py:161} INFO - Started process (PID=997) to work on /home/airflow/.local/lib/python3.8/site-packages/airflow/example_dags/example_sla_dag.py
[2025-11-06T22:41:22.696+0000] {processor.py:830} INFO - Processing file /home/airflow/.local/lib/python3.8/site-packages/airflow/example_dags/example_sla_dag.py for tasks to queue
[2025-11-06T22:41:22.727+0000] {logging_mixin.py:188} INFO - [2025-11-06T22:41:22.726+0000] {dagbag.py:538} INFO - Filling up the DagBag from /home/airflow/.local/lib/python3.8/site-packages/airflow/example_dags/example_sla_dag.py
[2025-11-06T22:41:22.865+0000] {processor.py:840} INFO - DAG(s) 'example_sla_dag' retrieved from /home/airflow/.local/lib/python3.8/site-packages/airflow/example_dags/example_sla_dag.py
[2025-11-06T22:41:22.948+0000] {logging_mixin.py:188} INFO - [2025-11-06T22:41:22.947+0000] {dag.py:3036} INFO - Sync 1 DAGs
[2025-11-06T22:41:23.057+0000] {logging_mixin.py:188} INFO - [2025-11-06T22:41:23.056+0000] {dag.py:3823} INFO - Setting next_dagrun for example_sla_dag to 2025-11-06 22:38:00+00:00, run_after=2025-11-06 22:40:00+00:00
[2025-11-06T22:41:23.123+0000] {processor.py:183} INFO - Processing /home/airflow/.local/lib/python3.8/site-packages/airflow/example_dags/example_sla_dag.py took 0.468 seconds
[2025-11-06T22:41:54.120+0000] {processor.py:161} INFO - Started process (PID=1078) to work on /home/airflow/.local/lib/python3.8/site-packages/airflow/example_dags/example_sla_dag.py
[2025-11-06T22:41:54.124+0000] {processor.py:830} INFO - Processing file /home/airflow/.local/lib/python3.8/site-packages/airflow/example_dags/example_sla_dag.py for tasks to queue
[2025-11-06T22:41:54.128+0000] {logging_mixin.py:188} INFO - [2025-11-06T22:41:54.127+0000] {dagbag.py:538} INFO - Filling up the DagBag from /home/airflow/.local/lib/python3.8/site-packages/airflow/example_dags/example_sla_dag.py
[2025-11-06T22:41:54.191+0000] {processor.py:840} INFO - DAG(s) 'example_sla_dag' retrieved from /home/airflow/.local/lib/python3.8/site-packages/airflow/example_dags/example_sla_dag.py
[2025-11-06T22:41:54.302+0000] {logging_mixin.py:188} INFO - [2025-11-06T22:41:54.301+0000] {dag.py:3036} INFO - Sync 1 DAGs
[2025-11-06T22:41:54.568+0000] {logging_mixin.py:188} INFO - [2025-11-06T22:41:54.566+0000] {dag.py:3823} INFO - Setting next_dagrun for example_sla_dag to 2025-11-06 22:38:00+00:00, run_after=2025-11-06 22:40:00+00:00
[2025-11-06T22:41:54.733+0000] {processor.py:183} INFO - Processing /home/airflow/.local/lib/python3.8/site-packages/airflow/example_dags/example_sla_dag.py took 0.639 seconds
[2025-11-06T22:42:40.877+0000] {processor.py:161} INFO - Started process (PID=1158) to work on /home/airflow/.local/lib/python3.8/site-packages/airflow/example_dags/example_sla_dag.py
[2025-11-06T22:42:40.891+0000] {processor.py:830} INFO - Processing file /home/airflow/.local/lib/python3.8/site-packages/airflow/example_dags/example_sla_dag.py for tasks to queue
[2025-11-06T22:42:40.897+0000] {logging_mixin.py:188} INFO - [2025-11-06T22:42:40.896+0000] {dagbag.py:538} INFO - Filling up the DagBag from /home/airflow/.local/lib/python3.8/site-packages/airflow/example_dags/example_sla_dag.py
[2025-11-06T22:42:41.041+0000] {processor.py:840} INFO - DAG(s) 'example_sla_dag' retrieved from /home/airflow/.local/lib/python3.8/site-packages/airflow/example_dags/example_sla_dag.py
[2025-11-06T22:42:41.171+0000] {logging_mixin.py:188} INFO - [2025-11-06T22:42:41.169+0000] {dag.py:3036} INFO - Sync 1 DAGs
[2025-11-06T22:42:41.406+0000] {logging_mixin.py:188} INFO - [2025-11-06T22:42:41.401+0000] {dag.py:3823} INFO - Setting next_dagrun for example_sla_dag to 2025-11-06 22:40:00+00:00, run_after=2025-11-06 22:42:00+00:00
[2025-11-06T22:42:41.564+0000] {processor.py:183} INFO - Processing /home/airflow/.local/lib/python3.8/site-packages/airflow/example_dags/example_sla_dag.py took 0.738 seconds
[2025-11-06T22:43:20.158+0000] {processor.py:161} INFO - Started process (PID=1246) to work on /home/airflow/.local/lib/python3.8/site-packages/airflow/example_dags/example_sla_dag.py
[2025-11-06T22:43:20.161+0000] {processor.py:830} INFO - Processing file /home/airflow/.local/lib/python3.8/site-packages/airflow/example_dags/example_sla_dag.py for tasks to queue
[2025-11-06T22:43:20.169+0000] {logging_mixin.py:188} INFO - [2025-11-06T22:43:20.167+0000] {dagbag.py:538} INFO - Filling up the DagBag from /home/airflow/.local/lib/python3.8/site-packages/airflow/example_dags/example_sla_dag.py
[2025-11-06T22:43:20.241+0000] {processor.py:840} INFO - DAG(s) 'example_sla_dag' retrieved from /home/airflow/.local/lib/python3.8/site-packages/airflow/example_dags/example_sla_dag.py
[2025-11-06T22:43:20.357+0000] {logging_mixin.py:188} INFO - [2025-11-06T22:43:20.356+0000] {dag.py:3036} INFO - Sync 1 DAGs
[2025-11-06T22:43:20.508+0000] {logging_mixin.py:188} INFO - [2025-11-06T22:43:20.501+0000] {dag.py:3823} INFO - Setting next_dagrun for example_sla_dag to 2025-11-06 22:40:00+00:00, run_after=2025-11-06 22:42:00+00:00
[2025-11-06T22:43:20.617+0000] {processor.py:183} INFO - Processing /home/airflow/.local/lib/python3.8/site-packages/airflow/example_dags/example_sla_dag.py took 0.500 seconds
[2025-11-06T22:44:29.206+0000] {processor.py:161} INFO - Started process (PID=1353) to work on /home/airflow/.local/lib/python3.8/site-packages/airflow/example_dags/example_sla_dag.py
[2025-11-06T22:44:29.230+0000] {processor.py:830} INFO - Processing file /home/airflow/.local/lib/python3.8/site-packages/airflow/example_dags/example_sla_dag.py for tasks to queue
[2025-11-06T22:44:29.237+0000] {logging_mixin.py:188} INFO - [2025-11-06T22:44:29.236+0000] {dagbag.py:538} INFO - Filling up the DagBag from /home/airflow/.local/lib/python3.8/site-packages/airflow/example_dags/example_sla_dag.py
[2025-11-06T22:44:29.470+0000] {processor.py:840} INFO - DAG(s) 'example_sla_dag' retrieved from /home/airflow/.local/lib/python3.8/site-packages/airflow/example_dags/example_sla_dag.py
[2025-11-06T22:44:29.968+0000] {logging_mixin.py:188} INFO - [2025-11-06T22:44:29.968+0000] {dag.py:3036} INFO - Sync 1 DAGs
[2025-11-06T22:44:30.394+0000] {logging_mixin.py:188} INFO - [2025-11-06T22:44:30.391+0000] {dag.py:3823} INFO - Setting next_dagrun for example_sla_dag to 2025-11-06 22:42:00+00:00, run_after=2025-11-06 22:44:00+00:00
[2025-11-06T22:44:30.923+0000] {processor.py:183} INFO - Processing /home/airflow/.local/lib/python3.8/site-packages/airflow/example_dags/example_sla_dag.py took 1.780 seconds
[2025-11-06T22:45:52.953+0000] {processor.py:161} INFO - Started process (PID=1468) to work on /home/airflow/.local/lib/python3.8/site-packages/airflow/example_dags/example_sla_dag.py
[2025-11-06T22:45:52.958+0000] {processor.py:830} INFO - Processing file /home/airflow/.local/lib/python3.8/site-packages/airflow/example_dags/example_sla_dag.py for tasks to queue
[2025-11-06T22:45:52.964+0000] {logging_mixin.py:188} INFO - [2025-11-06T22:45:52.963+0000] {dagbag.py:538} INFO - Filling up the DagBag from /home/airflow/.local/lib/python3.8/site-packages/airflow/example_dags/example_sla_dag.py
[2025-11-06T22:45:53.090+0000] {processor.py:840} INFO - DAG(s) 'example_sla_dag' retrieved from /home/airflow/.local/lib/python3.8/site-packages/airflow/example_dags/example_sla_dag.py
[2025-11-06T22:45:53.375+0000] {logging_mixin.py:188} INFO - [2025-11-06T22:45:53.374+0000] {dag.py:3036} INFO - Sync 1 DAGs
[2025-11-06T22:45:53.522+0000] {logging_mixin.py:188} INFO - [2025-11-06T22:45:53.521+0000] {dag.py:3823} INFO - Setting next_dagrun for example_sla_dag to 2025-11-06 22:42:00+00:00, run_after=2025-11-06 22:44:00+00:00
[2025-11-06T22:45:53.582+0000] {processor.py:183} INFO - Processing /home/airflow/.local/lib/python3.8/site-packages/airflow/example_dags/example_sla_dag.py took 0.655 seconds
[2025-11-06T22:46:23.866+0000] {processor.py:161} INFO - Started process (PID=1549) to work on /home/airflow/.local/lib/python3.8/site-packages/airflow/example_dags/example_sla_dag.py
[2025-11-06T22:46:23.874+0000] {processor.py:830} INFO - Processing file /home/airflow/.local/lib/python3.8/site-packages/airflow/example_dags/example_sla_dag.py for tasks to queue
[2025-11-06T22:46:23.877+0000] {logging_mixin.py:188} INFO - [2025-11-06T22:46:23.876+0000] {dagbag.py:538} INFO - Filling up the DagBag from /home/airflow/.local/lib/python3.8/site-packages/airflow/example_dags/example_sla_dag.py
[2025-11-06T22:46:23.965+0000] {processor.py:840} INFO - DAG(s) 'example_sla_dag' retrieved from /home/airflow/.local/lib/python3.8/site-packages/airflow/example_dags/example_sla_dag.py
[2025-11-06T22:46:24.088+0000] {logging_mixin.py:188} INFO - [2025-11-06T22:46:24.087+0000] {dag.py:3036} INFO - Sync 1 DAGs
[2025-11-06T22:46:24.205+0000] {logging_mixin.py:188} INFO - [2025-11-06T22:46:24.204+0000] {dag.py:3823} INFO - Setting next_dagrun for example_sla_dag to 2025-11-06 22:44:00+00:00, run_after=2025-11-06 22:46:00+00:00
[2025-11-06T22:46:24.306+0000] {processor.py:183} INFO - Processing /home/airflow/.local/lib/python3.8/site-packages/airflow/example_dags/example_sla_dag.py took 0.469 seconds
[2025-11-06T22:46:54.994+0000] {processor.py:161} INFO - Started process (PID=1623) to work on /home/airflow/.local/lib/python3.8/site-packages/airflow/example_dags/example_sla_dag.py
[2025-11-06T22:46:54.999+0000] {processor.py:830} INFO - Processing file /home/airflow/.local/lib/python3.8/site-packages/airflow/example_dags/example_sla_dag.py for tasks to queue
[2025-11-06T22:46:55.018+0000] {logging_mixin.py:188} INFO - [2025-11-06T22:46:55.017+0000] {dagbag.py:538} INFO - Filling up the DagBag from /home/airflow/.local/lib/python3.8/site-packages/airflow/example_dags/example_sla_dag.py
[2025-11-06T22:46:55.176+0000] {processor.py:840} INFO - DAG(s) 'example_sla_dag' retrieved from /home/airflow/.local/lib/python3.8/site-packages/airflow/example_dags/example_sla_dag.py
[2025-11-06T22:46:55.318+0000] {logging_mixin.py:188} INFO - [2025-11-06T22:46:55.317+0000] {dag.py:3036} INFO - Sync 1 DAGs
[2025-11-06T22:46:55.477+0000] {logging_mixin.py:188} INFO - [2025-11-06T22:46:55.476+0000] {dag.py:3823} INFO - Setting next_dagrun for example_sla_dag to 2025-11-06 22:44:00+00:00, run_after=2025-11-06 22:46:00+00:00
[2025-11-06T22:46:55.606+0000] {processor.py:183} INFO - Processing /home/airflow/.local/lib/python3.8/site-packages/airflow/example_dags/example_sla_dag.py took 0.647 seconds
