[2025-11-06T22:20:55.251+0000] {processor.py:161} INFO - Started process (PID=204) to work on /home/airflow/.local/lib/python3.8/site-packages/airflow/example_dags/example_setup_teardown_taskflow.py
[2025-11-06T22:20:55.279+0000] {processor.py:830} INFO - Processing file /home/airflow/.local/lib/python3.8/site-packages/airflow/example_dags/example_setup_teardown_taskflow.py for tasks to queue
[2025-11-06T22:20:55.285+0000] {logging_mixin.py:188} INFO - [2025-11-06T22:20:55.284+0000] {dagbag.py:538} INFO - Filling up the DagBag from /home/airflow/.local/lib/python3.8/site-packages/airflow/example_dags/example_setup_teardown_taskflow.py
[2025-11-06T22:20:55.759+0000] {processor.py:840} INFO - DAG(s) 'example_setup_teardown_taskflow' retrieved from /home/airflow/.local/lib/python3.8/site-packages/airflow/example_dags/example_setup_teardown_taskflow.py
[2025-11-06T22:20:58.383+0000] {logging_mixin.py:188} INFO - [2025-11-06T22:20:58.382+0000] {dag.py:3036} INFO - Sync 1 DAGs
[2025-11-06T22:20:58.849+0000] {logging_mixin.py:188} INFO - [2025-11-06T22:20:58.849+0000] {dag.py:3823} INFO - Setting next_dagrun for example_setup_teardown_taskflow to 2025-11-05 00:00:00+00:00, run_after=2025-11-06 00:00:00+00:00
[2025-11-06T22:20:59.044+0000] {processor.py:183} INFO - Processing /home/airflow/.local/lib/python3.8/site-packages/airflow/example_dags/example_setup_teardown_taskflow.py took 3.902 seconds
[2025-11-06T22:21:52.534+0000] {processor.py:161} INFO - Started process (PID=292) to work on /home/airflow/.local/lib/python3.8/site-packages/airflow/example_dags/example_setup_teardown_taskflow.py
[2025-11-06T22:21:52.542+0000] {processor.py:830} INFO - Processing file /home/airflow/.local/lib/python3.8/site-packages/airflow/example_dags/example_setup_teardown_taskflow.py for tasks to queue
[2025-11-06T22:21:52.549+0000] {logging_mixin.py:188} INFO - [2025-11-06T22:21:52.547+0000] {dagbag.py:538} INFO - Filling up the DagBag from /home/airflow/.local/lib/python3.8/site-packages/airflow/example_dags/example_setup_teardown_taskflow.py
[2025-11-06T22:21:52.640+0000] {processor.py:840} INFO - DAG(s) 'example_setup_teardown_taskflow' retrieved from /home/airflow/.local/lib/python3.8/site-packages/airflow/example_dags/example_setup_teardown_taskflow.py
[2025-11-06T22:21:52.800+0000] {logging_mixin.py:188} INFO - [2025-11-06T22:21:52.799+0000] {dag.py:3036} INFO - Sync 1 DAGs
[2025-11-06T22:21:53.112+0000] {logging_mixin.py:188} INFO - [2025-11-06T22:21:53.112+0000] {dag.py:3823} INFO - Setting next_dagrun for example_setup_teardown_taskflow to 2025-11-05 00:00:00+00:00, run_after=2025-11-06 00:00:00+00:00
[2025-11-06T22:21:53.317+0000] {processor.py:183} INFO - Processing /home/airflow/.local/lib/python3.8/site-packages/airflow/example_dags/example_setup_teardown_taskflow.py took 0.800 seconds
[2025-11-06T22:22:28.098+0000] {processor.py:161} INFO - Started process (PID=367) to work on /home/airflow/.local/lib/python3.8/site-packages/airflow/example_dags/example_setup_teardown_taskflow.py
[2025-11-06T22:22:28.153+0000] {processor.py:830} INFO - Processing file /home/airflow/.local/lib/python3.8/site-packages/airflow/example_dags/example_setup_teardown_taskflow.py for tasks to queue
[2025-11-06T22:22:28.158+0000] {logging_mixin.py:188} INFO - [2025-11-06T22:22:28.155+0000] {dagbag.py:538} INFO - Filling up the DagBag from /home/airflow/.local/lib/python3.8/site-packages/airflow/example_dags/example_setup_teardown_taskflow.py
[2025-11-06T22:22:28.255+0000] {processor.py:840} INFO - DAG(s) 'example_setup_teardown_taskflow' retrieved from /home/airflow/.local/lib/python3.8/site-packages/airflow/example_dags/example_setup_teardown_taskflow.py
[2025-11-06T22:22:28.461+0000] {logging_mixin.py:188} INFO - [2025-11-06T22:22:28.460+0000] {dag.py:3036} INFO - Sync 1 DAGs
[2025-11-06T22:22:28.564+0000] {logging_mixin.py:188} INFO - [2025-11-06T22:22:28.563+0000] {dag.py:3823} INFO - Setting next_dagrun for example_setup_teardown_taskflow to 2025-11-05 00:00:00+00:00, run_after=2025-11-06 00:00:00+00:00
[2025-11-06T22:22:28.744+0000] {processor.py:183} INFO - Processing /home/airflow/.local/lib/python3.8/site-packages/airflow/example_dags/example_setup_teardown_taskflow.py took 0.680 seconds
[2025-11-06T22:22:59.249+0000] {processor.py:161} INFO - Started process (PID=446) to work on /home/airflow/.local/lib/python3.8/site-packages/airflow/example_dags/example_setup_teardown_taskflow.py
[2025-11-06T22:22:59.258+0000] {processor.py:830} INFO - Processing file /home/airflow/.local/lib/python3.8/site-packages/airflow/example_dags/example_setup_teardown_taskflow.py for tasks to queue
[2025-11-06T22:22:59.290+0000] {logging_mixin.py:188} INFO - [2025-11-06T22:22:59.281+0000] {dagbag.py:538} INFO - Filling up the DagBag from /home/airflow/.local/lib/python3.8/site-packages/airflow/example_dags/example_setup_teardown_taskflow.py
[2025-11-06T22:22:59.490+0000] {processor.py:840} INFO - DAG(s) 'example_setup_teardown_taskflow' retrieved from /home/airflow/.local/lib/python3.8/site-packages/airflow/example_dags/example_setup_teardown_taskflow.py
[2025-11-06T22:22:59.861+0000] {logging_mixin.py:188} INFO - [2025-11-06T22:22:59.860+0000] {dag.py:3036} INFO - Sync 1 DAGs
[2025-11-06T22:23:00.369+0000] {logging_mixin.py:188} INFO - [2025-11-06T22:23:00.368+0000] {dag.py:3823} INFO - Setting next_dagrun for example_setup_teardown_taskflow to 2025-11-05 00:00:00+00:00, run_after=2025-11-06 00:00:00+00:00
[2025-11-06T22:23:00.654+0000] {processor.py:183} INFO - Processing /home/airflow/.local/lib/python3.8/site-packages/airflow/example_dags/example_setup_teardown_taskflow.py took 1.433 seconds
[2025-11-06T22:33:17.313+0000] {processor.py:161} INFO - Started process (PID=124) to work on /home/airflow/.local/lib/python3.8/site-packages/airflow/example_dags/example_setup_teardown_taskflow.py
[2025-11-06T22:33:17.315+0000] {processor.py:830} INFO - Processing file /home/airflow/.local/lib/python3.8/site-packages/airflow/example_dags/example_setup_teardown_taskflow.py for tasks to queue
[2025-11-06T22:33:17.317+0000] {logging_mixin.py:188} INFO - [2025-11-06T22:33:17.317+0000] {dagbag.py:538} INFO - Filling up the DagBag from /home/airflow/.local/lib/python3.8/site-packages/airflow/example_dags/example_setup_teardown_taskflow.py
[2025-11-06T22:33:17.344+0000] {processor.py:840} INFO - DAG(s) 'example_setup_teardown_taskflow' retrieved from /home/airflow/.local/lib/python3.8/site-packages/airflow/example_dags/example_setup_teardown_taskflow.py
[2025-11-06T22:33:17.548+0000] {logging_mixin.py:188} INFO - [2025-11-06T22:33:17.547+0000] {dag.py:3036} INFO - Sync 1 DAGs
[2025-11-06T22:33:17.588+0000] {logging_mixin.py:188} INFO - [2025-11-06T22:33:17.587+0000] {dag.py:3823} INFO - Setting next_dagrun for example_setup_teardown_taskflow to 2025-11-05 00:00:00+00:00, run_after=2025-11-06 00:00:00+00:00
[2025-11-06T22:33:17.653+0000] {processor.py:183} INFO - Processing /home/airflow/.local/lib/python3.8/site-packages/airflow/example_dags/example_setup_teardown_taskflow.py took 0.347 seconds
[2025-11-06T22:33:48.419+0000] {processor.py:161} INFO - Started process (PID=205) to work on /home/airflow/.local/lib/python3.8/site-packages/airflow/example_dags/example_setup_teardown_taskflow.py
[2025-11-06T22:33:48.421+0000] {processor.py:830} INFO - Processing file /home/airflow/.local/lib/python3.8/site-packages/airflow/example_dags/example_setup_teardown_taskflow.py for tasks to queue
[2025-11-06T22:33:48.424+0000] {logging_mixin.py:188} INFO - [2025-11-06T22:33:48.423+0000] {dagbag.py:538} INFO - Filling up the DagBag from /home/airflow/.local/lib/python3.8/site-packages/airflow/example_dags/example_setup_teardown_taskflow.py
[2025-11-06T22:33:48.443+0000] {processor.py:840} INFO - DAG(s) 'example_setup_teardown_taskflow' retrieved from /home/airflow/.local/lib/python3.8/site-packages/airflow/example_dags/example_setup_teardown_taskflow.py
[2025-11-06T22:33:48.487+0000] {logging_mixin.py:188} INFO - [2025-11-06T22:33:48.487+0000] {dag.py:3036} INFO - Sync 1 DAGs
[2025-11-06T22:33:48.531+0000] {logging_mixin.py:188} INFO - [2025-11-06T22:33:48.531+0000] {dag.py:3823} INFO - Setting next_dagrun for example_setup_teardown_taskflow to 2025-11-05 00:00:00+00:00, run_after=2025-11-06 00:00:00+00:00
[2025-11-06T22:33:48.590+0000] {processor.py:183} INFO - Processing /home/airflow/.local/lib/python3.8/site-packages/airflow/example_dags/example_setup_teardown_taskflow.py took 0.177 seconds
[2025-11-06T22:34:19.892+0000] {processor.py:161} INFO - Started process (PID=276) to work on /home/airflow/.local/lib/python3.8/site-packages/airflow/example_dags/example_setup_teardown_taskflow.py
[2025-11-06T22:34:19.895+0000] {processor.py:830} INFO - Processing file /home/airflow/.local/lib/python3.8/site-packages/airflow/example_dags/example_setup_teardown_taskflow.py for tasks to queue
[2025-11-06T22:34:19.898+0000] {logging_mixin.py:188} INFO - [2025-11-06T22:34:19.897+0000] {dagbag.py:538} INFO - Filling up the DagBag from /home/airflow/.local/lib/python3.8/site-packages/airflow/example_dags/example_setup_teardown_taskflow.py
[2025-11-06T22:34:19.935+0000] {processor.py:840} INFO - DAG(s) 'example_setup_teardown_taskflow' retrieved from /home/airflow/.local/lib/python3.8/site-packages/airflow/example_dags/example_setup_teardown_taskflow.py
[2025-11-06T22:34:20.020+0000] {logging_mixin.py:188} INFO - [2025-11-06T22:34:20.019+0000] {dag.py:3036} INFO - Sync 1 DAGs
[2025-11-06T22:34:20.110+0000] {logging_mixin.py:188} INFO - [2025-11-06T22:34:20.110+0000] {dag.py:3823} INFO - Setting next_dagrun for example_setup_teardown_taskflow to 2025-11-05 00:00:00+00:00, run_after=2025-11-06 00:00:00+00:00
[2025-11-06T22:34:20.212+0000] {processor.py:183} INFO - Processing /home/airflow/.local/lib/python3.8/site-packages/airflow/example_dags/example_setup_teardown_taskflow.py took 0.332 seconds
[2025-11-06T22:34:52.480+0000] {processor.py:161} INFO - Started process (PID=350) to work on /home/airflow/.local/lib/python3.8/site-packages/airflow/example_dags/example_setup_teardown_taskflow.py
[2025-11-06T22:34:52.482+0000] {processor.py:830} INFO - Processing file /home/airflow/.local/lib/python3.8/site-packages/airflow/example_dags/example_setup_teardown_taskflow.py for tasks to queue
[2025-11-06T22:34:52.485+0000] {logging_mixin.py:188} INFO - [2025-11-06T22:34:52.484+0000] {dagbag.py:538} INFO - Filling up the DagBag from /home/airflow/.local/lib/python3.8/site-packages/airflow/example_dags/example_setup_teardown_taskflow.py
[2025-11-06T22:34:52.517+0000] {processor.py:840} INFO - DAG(s) 'example_setup_teardown_taskflow' retrieved from /home/airflow/.local/lib/python3.8/site-packages/airflow/example_dags/example_setup_teardown_taskflow.py
[2025-11-06T22:34:52.595+0000] {logging_mixin.py:188} INFO - [2025-11-06T22:34:52.594+0000] {dag.py:3036} INFO - Sync 1 DAGs
[2025-11-06T22:34:52.657+0000] {logging_mixin.py:188} INFO - [2025-11-06T22:34:52.656+0000] {dag.py:3823} INFO - Setting next_dagrun for example_setup_teardown_taskflow to 2025-11-05 00:00:00+00:00, run_after=2025-11-06 00:00:00+00:00
[2025-11-06T22:34:53.028+0000] {processor.py:183} INFO - Processing /home/airflow/.local/lib/python3.8/site-packages/airflow/example_dags/example_setup_teardown_taskflow.py took 0.557 seconds
[2025-11-06T22:35:24.832+0000] {processor.py:161} INFO - Started process (PID=423) to work on /home/airflow/.local/lib/python3.8/site-packages/airflow/example_dags/example_setup_teardown_taskflow.py
[2025-11-06T22:35:24.834+0000] {processor.py:830} INFO - Processing file /home/airflow/.local/lib/python3.8/site-packages/airflow/example_dags/example_setup_teardown_taskflow.py for tasks to queue
[2025-11-06T22:35:24.838+0000] {logging_mixin.py:188} INFO - [2025-11-06T22:35:24.837+0000] {dagbag.py:538} INFO - Filling up the DagBag from /home/airflow/.local/lib/python3.8/site-packages/airflow/example_dags/example_setup_teardown_taskflow.py
[2025-11-06T22:35:24.883+0000] {processor.py:840} INFO - DAG(s) 'example_setup_teardown_taskflow' retrieved from /home/airflow/.local/lib/python3.8/site-packages/airflow/example_dags/example_setup_teardown_taskflow.py
[2025-11-06T22:35:24.987+0000] {logging_mixin.py:188} INFO - [2025-11-06T22:35:24.986+0000] {dag.py:3036} INFO - Sync 1 DAGs
[2025-11-06T22:35:25.201+0000] {logging_mixin.py:188} INFO - [2025-11-06T22:35:25.200+0000] {dag.py:3823} INFO - Setting next_dagrun for example_setup_teardown_taskflow to 2025-11-05 00:00:00+00:00, run_after=2025-11-06 00:00:00+00:00
[2025-11-06T22:35:25.364+0000] {processor.py:183} INFO - Processing /home/airflow/.local/lib/python3.8/site-packages/airflow/example_dags/example_setup_teardown_taskflow.py took 0.549 seconds
[2025-11-06T22:35:56.178+0000] {processor.py:161} INFO - Started process (PID=498) to work on /home/airflow/.local/lib/python3.8/site-packages/airflow/example_dags/example_setup_teardown_taskflow.py
[2025-11-06T22:35:56.186+0000] {processor.py:830} INFO - Processing file /home/airflow/.local/lib/python3.8/site-packages/airflow/example_dags/example_setup_teardown_taskflow.py for tasks to queue
[2025-11-06T22:35:56.188+0000] {logging_mixin.py:188} INFO - [2025-11-06T22:35:56.188+0000] {dagbag.py:538} INFO - Filling up the DagBag from /home/airflow/.local/lib/python3.8/site-packages/airflow/example_dags/example_setup_teardown_taskflow.py
[2025-11-06T22:35:56.227+0000] {processor.py:840} INFO - DAG(s) 'example_setup_teardown_taskflow' retrieved from /home/airflow/.local/lib/python3.8/site-packages/airflow/example_dags/example_setup_teardown_taskflow.py
[2025-11-06T22:35:56.295+0000] {logging_mixin.py:188} INFO - [2025-11-06T22:35:56.294+0000] {dag.py:3036} INFO - Sync 1 DAGs
[2025-11-06T22:35:56.353+0000] {logging_mixin.py:188} INFO - [2025-11-06T22:35:56.353+0000] {dag.py:3823} INFO - Setting next_dagrun for example_setup_teardown_taskflow to 2025-11-05 00:00:00+00:00, run_after=2025-11-06 00:00:00+00:00
[2025-11-06T22:35:56.424+0000] {processor.py:183} INFO - Processing /home/airflow/.local/lib/python3.8/site-packages/airflow/example_dags/example_setup_teardown_taskflow.py took 0.254 seconds
[2025-11-06T22:36:26.608+0000] {processor.py:161} INFO - Started process (PID=571) to work on /home/airflow/.local/lib/python3.8/site-packages/airflow/example_dags/example_setup_teardown_taskflow.py
[2025-11-06T22:36:26.611+0000] {processor.py:830} INFO - Processing file /home/airflow/.local/lib/python3.8/site-packages/airflow/example_dags/example_setup_teardown_taskflow.py for tasks to queue
[2025-11-06T22:36:26.614+0000] {logging_mixin.py:188} INFO - [2025-11-06T22:36:26.613+0000] {dagbag.py:538} INFO - Filling up the DagBag from /home/airflow/.local/lib/python3.8/site-packages/airflow/example_dags/example_setup_teardown_taskflow.py
[2025-11-06T22:36:26.654+0000] {processor.py:840} INFO - DAG(s) 'example_setup_teardown_taskflow' retrieved from /home/airflow/.local/lib/python3.8/site-packages/airflow/example_dags/example_setup_teardown_taskflow.py
[2025-11-06T22:36:26.754+0000] {logging_mixin.py:188} INFO - [2025-11-06T22:36:26.753+0000] {dag.py:3036} INFO - Sync 1 DAGs
[2025-11-06T22:36:26.893+0000] {logging_mixin.py:188} INFO - [2025-11-06T22:36:26.892+0000] {dag.py:3823} INFO - Setting next_dagrun for example_setup_teardown_taskflow to 2025-11-05 00:00:00+00:00, run_after=2025-11-06 00:00:00+00:00
[2025-11-06T22:36:26.973+0000] {processor.py:183} INFO - Processing /home/airflow/.local/lib/python3.8/site-packages/airflow/example_dags/example_setup_teardown_taskflow.py took 0.382 seconds
[2025-11-06T22:36:57.282+0000] {processor.py:161} INFO - Started process (PID=643) to work on /home/airflow/.local/lib/python3.8/site-packages/airflow/example_dags/example_setup_teardown_taskflow.py
[2025-11-06T22:36:57.284+0000] {processor.py:830} INFO - Processing file /home/airflow/.local/lib/python3.8/site-packages/airflow/example_dags/example_setup_teardown_taskflow.py for tasks to queue
[2025-11-06T22:36:57.287+0000] {logging_mixin.py:188} INFO - [2025-11-06T22:36:57.286+0000] {dagbag.py:538} INFO - Filling up the DagBag from /home/airflow/.local/lib/python3.8/site-packages/airflow/example_dags/example_setup_teardown_taskflow.py
[2025-11-06T22:36:57.312+0000] {processor.py:840} INFO - DAG(s) 'example_setup_teardown_taskflow' retrieved from /home/airflow/.local/lib/python3.8/site-packages/airflow/example_dags/example_setup_teardown_taskflow.py
[2025-11-06T22:36:57.363+0000] {logging_mixin.py:188} INFO - [2025-11-06T22:36:57.362+0000] {dag.py:3036} INFO - Sync 1 DAGs
[2025-11-06T22:36:57.413+0000] {logging_mixin.py:188} INFO - [2025-11-06T22:36:57.413+0000] {dag.py:3823} INFO - Setting next_dagrun for example_setup_teardown_taskflow to 2025-11-05 00:00:00+00:00, run_after=2025-11-06 00:00:00+00:00
[2025-11-06T22:36:57.454+0000] {processor.py:183} INFO - Processing /home/airflow/.local/lib/python3.8/site-packages/airflow/example_dags/example_setup_teardown_taskflow.py took 0.178 seconds
[2025-11-06T22:37:27.655+0000] {processor.py:161} INFO - Started process (PID=725) to work on /home/airflow/.local/lib/python3.8/site-packages/airflow/example_dags/example_setup_teardown_taskflow.py
[2025-11-06T22:37:27.663+0000] {processor.py:830} INFO - Processing file /home/airflow/.local/lib/python3.8/site-packages/airflow/example_dags/example_setup_teardown_taskflow.py for tasks to queue
[2025-11-06T22:37:27.669+0000] {logging_mixin.py:188} INFO - [2025-11-06T22:37:27.668+0000] {dagbag.py:538} INFO - Filling up the DagBag from /home/airflow/.local/lib/python3.8/site-packages/airflow/example_dags/example_setup_teardown_taskflow.py
[2025-11-06T22:37:27.738+0000] {processor.py:840} INFO - DAG(s) 'example_setup_teardown_taskflow' retrieved from /home/airflow/.local/lib/python3.8/site-packages/airflow/example_dags/example_setup_teardown_taskflow.py
[2025-11-06T22:37:27.850+0000] {logging_mixin.py:188} INFO - [2025-11-06T22:37:27.849+0000] {dag.py:3036} INFO - Sync 1 DAGs
[2025-11-06T22:37:27.942+0000] {logging_mixin.py:188} INFO - [2025-11-06T22:37:27.941+0000] {dag.py:3823} INFO - Setting next_dagrun for example_setup_teardown_taskflow to 2025-11-05 00:00:00+00:00, run_after=2025-11-06 00:00:00+00:00
[2025-11-06T22:37:28.063+0000] {processor.py:183} INFO - Processing /home/airflow/.local/lib/python3.8/site-packages/airflow/example_dags/example_setup_teardown_taskflow.py took 0.421 seconds
[2025-11-06T22:39:44.477+0000] {processor.py:161} INFO - Started process (PID=819) to work on /home/airflow/.local/lib/python3.8/site-packages/airflow/example_dags/example_setup_teardown_taskflow.py
[2025-11-06T22:39:44.527+0000] {processor.py:830} INFO - Processing file /home/airflow/.local/lib/python3.8/site-packages/airflow/example_dags/example_setup_teardown_taskflow.py for tasks to queue
[2025-11-06T22:39:44.581+0000] {logging_mixin.py:188} INFO - [2025-11-06T22:39:44.567+0000] {dagbag.py:538} INFO - Filling up the DagBag from /home/airflow/.local/lib/python3.8/site-packages/airflow/example_dags/example_setup_teardown_taskflow.py
[2025-11-06T22:39:44.819+0000] {processor.py:840} INFO - DAG(s) 'example_setup_teardown_taskflow' retrieved from /home/airflow/.local/lib/python3.8/site-packages/airflow/example_dags/example_setup_teardown_taskflow.py
[2025-11-06T22:39:45.296+0000] {logging_mixin.py:188} INFO - [2025-11-06T22:39:45.277+0000] {dag.py:3036} INFO - Sync 1 DAGs
[2025-11-06T22:39:45.682+0000] {logging_mixin.py:188} INFO - [2025-11-06T22:39:45.681+0000] {dag.py:3823} INFO - Setting next_dagrun for example_setup_teardown_taskflow to 2025-11-05 00:00:00+00:00, run_after=2025-11-06 00:00:00+00:00
[2025-11-06T22:39:46.319+0000] {processor.py:183} INFO - Processing /home/airflow/.local/lib/python3.8/site-packages/airflow/example_dags/example_setup_teardown_taskflow.py took 1.962 seconds
[2025-11-06T22:40:37.190+0000] {processor.py:161} INFO - Started process (PID=915) to work on /home/airflow/.local/lib/python3.8/site-packages/airflow/example_dags/example_setup_teardown_taskflow.py
[2025-11-06T22:40:37.209+0000] {processor.py:830} INFO - Processing file /home/airflow/.local/lib/python3.8/site-packages/airflow/example_dags/example_setup_teardown_taskflow.py for tasks to queue
[2025-11-06T22:40:37.212+0000] {logging_mixin.py:188} INFO - [2025-11-06T22:40:37.211+0000] {dagbag.py:538} INFO - Filling up the DagBag from /home/airflow/.local/lib/python3.8/site-packages/airflow/example_dags/example_setup_teardown_taskflow.py
[2025-11-06T22:40:37.337+0000] {processor.py:840} INFO - DAG(s) 'example_setup_teardown_taskflow' retrieved from /home/airflow/.local/lib/python3.8/site-packages/airflow/example_dags/example_setup_teardown_taskflow.py
[2025-11-06T22:40:37.563+0000] {logging_mixin.py:188} INFO - [2025-11-06T22:40:37.562+0000] {dag.py:3036} INFO - Sync 1 DAGs
[2025-11-06T22:40:37.695+0000] {logging_mixin.py:188} INFO - [2025-11-06T22:40:37.694+0000] {dag.py:3823} INFO - Setting next_dagrun for example_setup_teardown_taskflow to 2025-11-05 00:00:00+00:00, run_after=2025-11-06 00:00:00+00:00
[2025-11-06T22:40:37.829+0000] {processor.py:183} INFO - Processing /home/airflow/.local/lib/python3.8/site-packages/airflow/example_dags/example_setup_teardown_taskflow.py took 0.711 seconds
[2025-11-06T22:41:15.629+0000] {processor.py:161} INFO - Started process (PID=978) to work on /home/airflow/.local/lib/python3.8/site-packages/airflow/example_dags/example_setup_teardown_taskflow.py
[2025-11-06T22:41:15.651+0000] {processor.py:830} INFO - Processing file /home/airflow/.local/lib/python3.8/site-packages/airflow/example_dags/example_setup_teardown_taskflow.py for tasks to queue
[2025-11-06T22:41:15.654+0000] {logging_mixin.py:188} INFO - [2025-11-06T22:41:15.653+0000] {dagbag.py:538} INFO - Filling up the DagBag from /home/airflow/.local/lib/python3.8/site-packages/airflow/example_dags/example_setup_teardown_taskflow.py
[2025-11-06T22:41:15.715+0000] {processor.py:840} INFO - DAG(s) 'example_setup_teardown_taskflow' retrieved from /home/airflow/.local/lib/python3.8/site-packages/airflow/example_dags/example_setup_teardown_taskflow.py
[2025-11-06T22:41:15.854+0000] {logging_mixin.py:188} INFO - [2025-11-06T22:41:15.853+0000] {dag.py:3036} INFO - Sync 1 DAGs
[2025-11-06T22:41:15.966+0000] {logging_mixin.py:188} INFO - [2025-11-06T22:41:15.965+0000] {dag.py:3823} INFO - Setting next_dagrun for example_setup_teardown_taskflow to 2025-11-05 00:00:00+00:00, run_after=2025-11-06 00:00:00+00:00
[2025-11-06T22:41:16.236+0000] {processor.py:183} INFO - Processing /home/airflow/.local/lib/python3.8/site-packages/airflow/example_dags/example_setup_teardown_taskflow.py took 0.620 seconds
[2025-11-06T22:41:46.979+0000] {processor.py:161} INFO - Started process (PID=1066) to work on /home/airflow/.local/lib/python3.8/site-packages/airflow/example_dags/example_setup_teardown_taskflow.py
[2025-11-06T22:41:46.981+0000] {processor.py:830} INFO - Processing file /home/airflow/.local/lib/python3.8/site-packages/airflow/example_dags/example_setup_teardown_taskflow.py for tasks to queue
[2025-11-06T22:41:46.983+0000] {logging_mixin.py:188} INFO - [2025-11-06T22:41:46.982+0000] {dagbag.py:538} INFO - Filling up the DagBag from /home/airflow/.local/lib/python3.8/site-packages/airflow/example_dags/example_setup_teardown_taskflow.py
[2025-11-06T22:41:47.001+0000] {processor.py:840} INFO - DAG(s) 'example_setup_teardown_taskflow' retrieved from /home/airflow/.local/lib/python3.8/site-packages/airflow/example_dags/example_setup_teardown_taskflow.py
[2025-11-06T22:41:47.052+0000] {logging_mixin.py:188} INFO - [2025-11-06T22:41:47.051+0000] {dag.py:3036} INFO - Sync 1 DAGs
[2025-11-06T22:41:47.091+0000] {logging_mixin.py:188} INFO - [2025-11-06T22:41:47.091+0000] {dag.py:3823} INFO - Setting next_dagrun for example_setup_teardown_taskflow to 2025-11-05 00:00:00+00:00, run_after=2025-11-06 00:00:00+00:00
[2025-11-06T22:41:47.139+0000] {processor.py:183} INFO - Processing /home/airflow/.local/lib/python3.8/site-packages/airflow/example_dags/example_setup_teardown_taskflow.py took 0.164 seconds
[2025-11-06T22:42:25.353+0000] {processor.py:161} INFO - Started process (PID=1140) to work on /home/airflow/.local/lib/python3.8/site-packages/airflow/example_dags/example_setup_teardown_taskflow.py
[2025-11-06T22:42:25.356+0000] {processor.py:830} INFO - Processing file /home/airflow/.local/lib/python3.8/site-packages/airflow/example_dags/example_setup_teardown_taskflow.py for tasks to queue
[2025-11-06T22:42:25.365+0000] {logging_mixin.py:188} INFO - [2025-11-06T22:42:25.363+0000] {dagbag.py:538} INFO - Filling up the DagBag from /home/airflow/.local/lib/python3.8/site-packages/airflow/example_dags/example_setup_teardown_taskflow.py
[2025-11-06T22:42:25.922+0000] {processor.py:840} INFO - DAG(s) 'example_setup_teardown_taskflow' retrieved from /home/airflow/.local/lib/python3.8/site-packages/airflow/example_dags/example_setup_teardown_taskflow.py
[2025-11-06T22:42:26.494+0000] {logging_mixin.py:188} INFO - [2025-11-06T22:42:26.491+0000] {dag.py:3036} INFO - Sync 1 DAGs
[2025-11-06T22:42:28.110+0000] {logging_mixin.py:188} INFO - [2025-11-06T22:42:28.109+0000] {dag.py:3823} INFO - Setting next_dagrun for example_setup_teardown_taskflow to 2025-11-05 00:00:00+00:00, run_after=2025-11-06 00:00:00+00:00
[2025-11-06T22:42:28.955+0000] {processor.py:183} INFO - Processing /home/airflow/.local/lib/python3.8/site-packages/airflow/example_dags/example_setup_teardown_taskflow.py took 3.654 seconds
[2025-11-06T22:43:15.939+0000] {processor.py:161} INFO - Started process (PID=1229) to work on /home/airflow/.local/lib/python3.8/site-packages/airflow/example_dags/example_setup_teardown_taskflow.py
[2025-11-06T22:43:15.941+0000] {processor.py:830} INFO - Processing file /home/airflow/.local/lib/python3.8/site-packages/airflow/example_dags/example_setup_teardown_taskflow.py for tasks to queue
[2025-11-06T22:43:15.944+0000] {logging_mixin.py:188} INFO - [2025-11-06T22:43:15.943+0000] {dagbag.py:538} INFO - Filling up the DagBag from /home/airflow/.local/lib/python3.8/site-packages/airflow/example_dags/example_setup_teardown_taskflow.py
[2025-11-06T22:43:15.978+0000] {processor.py:840} INFO - DAG(s) 'example_setup_teardown_taskflow' retrieved from /home/airflow/.local/lib/python3.8/site-packages/airflow/example_dags/example_setup_teardown_taskflow.py
[2025-11-06T22:43:16.045+0000] {logging_mixin.py:188} INFO - [2025-11-06T22:43:16.044+0000] {dag.py:3036} INFO - Sync 1 DAGs
[2025-11-06T22:43:16.102+0000] {logging_mixin.py:188} INFO - [2025-11-06T22:43:16.101+0000] {dag.py:3823} INFO - Setting next_dagrun for example_setup_teardown_taskflow to 2025-11-05 00:00:00+00:00, run_after=2025-11-06 00:00:00+00:00
[2025-11-06T22:43:16.169+0000] {processor.py:183} INFO - Processing /home/airflow/.local/lib/python3.8/site-packages/airflow/example_dags/example_setup_teardown_taskflow.py took 0.240 seconds
[2025-11-06T22:43:50.474+0000] {processor.py:161} INFO - Started process (PID=1304) to work on /home/airflow/.local/lib/python3.8/site-packages/airflow/example_dags/example_setup_teardown_taskflow.py
[2025-11-06T22:43:50.477+0000] {processor.py:830} INFO - Processing file /home/airflow/.local/lib/python3.8/site-packages/airflow/example_dags/example_setup_teardown_taskflow.py for tasks to queue
[2025-11-06T22:43:50.480+0000] {logging_mixin.py:188} INFO - [2025-11-06T22:43:50.479+0000] {dagbag.py:538} INFO - Filling up the DagBag from /home/airflow/.local/lib/python3.8/site-packages/airflow/example_dags/example_setup_teardown_taskflow.py
[2025-11-06T22:43:50.525+0000] {processor.py:840} INFO - DAG(s) 'example_setup_teardown_taskflow' retrieved from /home/airflow/.local/lib/python3.8/site-packages/airflow/example_dags/example_setup_teardown_taskflow.py
[2025-11-06T22:43:50.631+0000] {logging_mixin.py:188} INFO - [2025-11-06T22:43:50.631+0000] {dag.py:3036} INFO - Sync 1 DAGs
[2025-11-06T22:43:50.712+0000] {logging_mixin.py:188} INFO - [2025-11-06T22:43:50.710+0000] {dag.py:3823} INFO - Setting next_dagrun for example_setup_teardown_taskflow to 2025-11-05 00:00:00+00:00, run_after=2025-11-06 00:00:00+00:00
[2025-11-06T22:43:50.781+0000] {processor.py:183} INFO - Processing /home/airflow/.local/lib/python3.8/site-packages/airflow/example_dags/example_setup_teardown_taskflow.py took 0.320 seconds
[2025-11-06T22:45:13.614+0000] {processor.py:161} INFO - Started process (PID=1395) to work on /home/airflow/.local/lib/python3.8/site-packages/airflow/example_dags/example_setup_teardown_taskflow.py
[2025-11-06T22:45:13.621+0000] {processor.py:830} INFO - Processing file /home/airflow/.local/lib/python3.8/site-packages/airflow/example_dags/example_setup_teardown_taskflow.py for tasks to queue
[2025-11-06T22:45:13.639+0000] {logging_mixin.py:188} INFO - [2025-11-06T22:45:13.634+0000] {dagbag.py:538} INFO - Filling up the DagBag from /home/airflow/.local/lib/python3.8/site-packages/airflow/example_dags/example_setup_teardown_taskflow.py
[2025-11-06T22:45:13.769+0000] {processor.py:840} INFO - DAG(s) 'example_setup_teardown_taskflow' retrieved from /home/airflow/.local/lib/python3.8/site-packages/airflow/example_dags/example_setup_teardown_taskflow.py
[2025-11-06T22:45:14.158+0000] {logging_mixin.py:188} INFO - [2025-11-06T22:45:14.157+0000] {dag.py:3036} INFO - Sync 1 DAGs
[2025-11-06T22:45:14.727+0000] {logging_mixin.py:188} INFO - [2025-11-06T22:45:14.726+0000] {dag.py:3823} INFO - Setting next_dagrun for example_setup_teardown_taskflow to 2025-11-05 00:00:00+00:00, run_after=2025-11-06 00:00:00+00:00
[2025-11-06T22:45:15.599+0000] {processor.py:183} INFO - Processing /home/airflow/.local/lib/python3.8/site-packages/airflow/example_dags/example_setup_teardown_taskflow.py took 2.036 seconds
[2025-11-06T22:45:59.161+0000] {processor.py:161} INFO - Started process (PID=1494) to work on /home/airflow/.local/lib/python3.8/site-packages/airflow/example_dags/example_setup_teardown_taskflow.py
[2025-11-06T22:45:59.193+0000] {processor.py:830} INFO - Processing file /home/airflow/.local/lib/python3.8/site-packages/airflow/example_dags/example_setup_teardown_taskflow.py for tasks to queue
[2025-11-06T22:45:59.217+0000] {logging_mixin.py:188} INFO - [2025-11-06T22:45:59.216+0000] {dagbag.py:538} INFO - Filling up the DagBag from /home/airflow/.local/lib/python3.8/site-packages/airflow/example_dags/example_setup_teardown_taskflow.py
[2025-11-06T22:45:59.297+0000] {processor.py:840} INFO - DAG(s) 'example_setup_teardown_taskflow' retrieved from /home/airflow/.local/lib/python3.8/site-packages/airflow/example_dags/example_setup_teardown_taskflow.py
[2025-11-06T22:45:59.566+0000] {logging_mixin.py:188} INFO - [2025-11-06T22:45:59.563+0000] {dag.py:3036} INFO - Sync 1 DAGs
[2025-11-06T22:45:59.753+0000] {logging_mixin.py:188} INFO - [2025-11-06T22:45:59.749+0000] {dag.py:3823} INFO - Setting next_dagrun for example_setup_teardown_taskflow to 2025-11-05 00:00:00+00:00, run_after=2025-11-06 00:00:00+00:00
[2025-11-06T22:46:00.014+0000] {processor.py:183} INFO - Processing /home/airflow/.local/lib/python3.8/site-packages/airflow/example_dags/example_setup_teardown_taskflow.py took 0.878 seconds
[2025-11-06T22:46:30.771+0000] {processor.py:161} INFO - Started process (PID=1566) to work on /home/airflow/.local/lib/python3.8/site-packages/airflow/example_dags/example_setup_teardown_taskflow.py
[2025-11-06T22:46:30.773+0000] {processor.py:830} INFO - Processing file /home/airflow/.local/lib/python3.8/site-packages/airflow/example_dags/example_setup_teardown_taskflow.py for tasks to queue
[2025-11-06T22:46:30.776+0000] {logging_mixin.py:188} INFO - [2025-11-06T22:46:30.775+0000] {dagbag.py:538} INFO - Filling up the DagBag from /home/airflow/.local/lib/python3.8/site-packages/airflow/example_dags/example_setup_teardown_taskflow.py
[2025-11-06T22:46:30.814+0000] {processor.py:840} INFO - DAG(s) 'example_setup_teardown_taskflow' retrieved from /home/airflow/.local/lib/python3.8/site-packages/airflow/example_dags/example_setup_teardown_taskflow.py
[2025-11-06T22:46:30.908+0000] {logging_mixin.py:188} INFO - [2025-11-06T22:46:30.907+0000] {dag.py:3036} INFO - Sync 1 DAGs
[2025-11-06T22:46:30.971+0000] {logging_mixin.py:188} INFO - [2025-11-06T22:46:30.971+0000] {dag.py:3823} INFO - Setting next_dagrun for example_setup_teardown_taskflow to 2025-11-05 00:00:00+00:00, run_after=2025-11-06 00:00:00+00:00
[2025-11-06T22:46:31.035+0000] {processor.py:183} INFO - Processing /home/airflow/.local/lib/python3.8/site-packages/airflow/example_dags/example_setup_teardown_taskflow.py took 0.275 seconds
[2025-11-06T22:47:01.485+0000] {processor.py:161} INFO - Started process (PID=1638) to work on /home/airflow/.local/lib/python3.8/site-packages/airflow/example_dags/example_setup_teardown_taskflow.py
[2025-11-06T22:47:01.487+0000] {processor.py:830} INFO - Processing file /home/airflow/.local/lib/python3.8/site-packages/airflow/example_dags/example_setup_teardown_taskflow.py for tasks to queue
[2025-11-06T22:47:01.491+0000] {logging_mixin.py:188} INFO - [2025-11-06T22:47:01.490+0000] {dagbag.py:538} INFO - Filling up the DagBag from /home/airflow/.local/lib/python3.8/site-packages/airflow/example_dags/example_setup_teardown_taskflow.py
[2025-11-06T22:47:01.551+0000] {processor.py:840} INFO - DAG(s) 'example_setup_teardown_taskflow' retrieved from /home/airflow/.local/lib/python3.8/site-packages/airflow/example_dags/example_setup_teardown_taskflow.py
[2025-11-06T22:47:01.722+0000] {logging_mixin.py:188} INFO - [2025-11-06T22:47:01.722+0000] {dag.py:3036} INFO - Sync 1 DAGs
[2025-11-06T22:47:01.795+0000] {logging_mixin.py:188} INFO - [2025-11-06T22:47:01.794+0000] {dag.py:3823} INFO - Setting next_dagrun for example_setup_teardown_taskflow to 2025-11-05 00:00:00+00:00, run_after=2025-11-06 00:00:00+00:00
[2025-11-06T22:47:01.881+0000] {processor.py:183} INFO - Processing /home/airflow/.local/lib/python3.8/site-packages/airflow/example_dags/example_setup_teardown_taskflow.py took 0.411 seconds
