[2025-11-06T22:21:34.578+0000] {processor.py:161} INFO - Started process (PID=268) to work on /home/airflow/.local/lib/python3.8/site-packages/airflow/example_dags/example_complex.py
[2025-11-06T22:21:34.583+0000] {processor.py:830} INFO - Processing file /home/airflow/.local/lib/python3.8/site-packages/airflow/example_dags/example_complex.py for tasks to queue
[2025-11-06T22:21:34.590+0000] {logging_mixin.py:188} INFO - [2025-11-06T22:21:34.587+0000] {dagbag.py:538} INFO - Filling up the DagBag from /home/airflow/.local/lib/python3.8/site-packages/airflow/example_dags/example_complex.py
[2025-11-06T22:21:34.683+0000] {processor.py:840} INFO - DAG(s) 'example_complex' retrieved from /home/airflow/.local/lib/python3.8/site-packages/airflow/example_dags/example_complex.py
[2025-11-06T22:21:35.570+0000] {logging_mixin.py:188} INFO - [2025-11-06T22:21:35.570+0000] {dag.py:3036} INFO - Sync 1 DAGs
[2025-11-06T22:21:35.658+0000] {logging_mixin.py:188} INFO - [2025-11-06T22:21:35.657+0000] {dag.py:3823} INFO - Setting next_dagrun for example_complex to None, run_after=None
[2025-11-06T22:21:35.827+0000] {processor.py:183} INFO - Processing /home/airflow/.local/lib/python3.8/site-packages/airflow/example_dags/example_complex.py took 1.319 seconds
[2025-11-06T22:22:12.013+0000] {processor.py:161} INFO - Started process (PID=343) to work on /home/airflow/.local/lib/python3.8/site-packages/airflow/example_dags/example_complex.py
[2025-11-06T22:22:12.015+0000] {processor.py:830} INFO - Processing file /home/airflow/.local/lib/python3.8/site-packages/airflow/example_dags/example_complex.py for tasks to queue
[2025-11-06T22:22:12.018+0000] {logging_mixin.py:188} INFO - [2025-11-06T22:22:12.017+0000] {dagbag.py:538} INFO - Filling up the DagBag from /home/airflow/.local/lib/python3.8/site-packages/airflow/example_dags/example_complex.py
[2025-11-06T22:22:12.059+0000] {processor.py:840} INFO - DAG(s) 'example_complex' retrieved from /home/airflow/.local/lib/python3.8/site-packages/airflow/example_dags/example_complex.py
[2025-11-06T22:22:12.164+0000] {logging_mixin.py:188} INFO - [2025-11-06T22:22:12.164+0000] {dag.py:3036} INFO - Sync 1 DAGs
[2025-11-06T22:22:12.219+0000] {logging_mixin.py:188} INFO - [2025-11-06T22:22:12.219+0000] {dag.py:3823} INFO - Setting next_dagrun for example_complex to None, run_after=None
[2025-11-06T22:22:12.274+0000] {processor.py:183} INFO - Processing /home/airflow/.local/lib/python3.8/site-packages/airflow/example_dags/example_complex.py took 0.280 seconds
[2025-11-06T22:22:44.987+0000] {processor.py:161} INFO - Started process (PID=418) to work on /home/airflow/.local/lib/python3.8/site-packages/airflow/example_dags/example_complex.py
[2025-11-06T22:22:45.001+0000] {processor.py:830} INFO - Processing file /home/airflow/.local/lib/python3.8/site-packages/airflow/example_dags/example_complex.py for tasks to queue
[2025-11-06T22:22:45.024+0000] {logging_mixin.py:188} INFO - [2025-11-06T22:22:45.023+0000] {dagbag.py:538} INFO - Filling up the DagBag from /home/airflow/.local/lib/python3.8/site-packages/airflow/example_dags/example_complex.py
[2025-11-06T22:22:45.318+0000] {processor.py:840} INFO - DAG(s) 'example_complex' retrieved from /home/airflow/.local/lib/python3.8/site-packages/airflow/example_dags/example_complex.py
[2025-11-06T22:22:45.946+0000] {logging_mixin.py:188} INFO - [2025-11-06T22:22:45.945+0000] {dag.py:3036} INFO - Sync 1 DAGs
[2025-11-06T22:22:46.333+0000] {logging_mixin.py:188} INFO - [2025-11-06T22:22:46.332+0000] {dag.py:3823} INFO - Setting next_dagrun for example_complex to None, run_after=None
[2025-11-06T22:22:46.844+0000] {processor.py:183} INFO - Processing /home/airflow/.local/lib/python3.8/site-packages/airflow/example_dags/example_complex.py took 1.903 seconds
[2025-11-06T22:33:30.793+0000] {processor.py:161} INFO - Started process (PID=174) to work on /home/airflow/.local/lib/python3.8/site-packages/airflow/example_dags/example_complex.py
[2025-11-06T22:33:30.865+0000] {processor.py:830} INFO - Processing file /home/airflow/.local/lib/python3.8/site-packages/airflow/example_dags/example_complex.py for tasks to queue
[2025-11-06T22:33:30.866+0000] {logging_mixin.py:188} INFO - [2025-11-06T22:33:30.866+0000] {dagbag.py:538} INFO - Filling up the DagBag from /home/airflow/.local/lib/python3.8/site-packages/airflow/example_dags/example_complex.py
[2025-11-06T22:33:30.880+0000] {processor.py:840} INFO - DAG(s) 'example_complex' retrieved from /home/airflow/.local/lib/python3.8/site-packages/airflow/example_dags/example_complex.py
[2025-11-06T22:33:31.023+0000] {logging_mixin.py:188} INFO - [2025-11-06T22:33:31.022+0000] {dag.py:3036} INFO - Sync 1 DAGs
[2025-11-06T22:33:31.035+0000] {logging_mixin.py:188} INFO - [2025-11-06T22:33:31.035+0000] {dag.py:3823} INFO - Setting next_dagrun for example_complex to None, run_after=None
[2025-11-06T22:33:31.122+0000] {processor.py:183} INFO - Processing /home/airflow/.local/lib/python3.8/site-packages/airflow/example_dags/example_complex.py took 0.333 seconds
[2025-11-06T22:34:02.083+0000] {processor.py:161} INFO - Started process (PID=248) to work on /home/airflow/.local/lib/python3.8/site-packages/airflow/example_dags/example_complex.py
[2025-11-06T22:34:02.086+0000] {processor.py:830} INFO - Processing file /home/airflow/.local/lib/python3.8/site-packages/airflow/example_dags/example_complex.py for tasks to queue
[2025-11-06T22:34:02.091+0000] {logging_mixin.py:188} INFO - [2025-11-06T22:34:02.089+0000] {dagbag.py:538} INFO - Filling up the DagBag from /home/airflow/.local/lib/python3.8/site-packages/airflow/example_dags/example_complex.py
[2025-11-06T22:34:02.134+0000] {processor.py:840} INFO - DAG(s) 'example_complex' retrieved from /home/airflow/.local/lib/python3.8/site-packages/airflow/example_dags/example_complex.py
[2025-11-06T22:34:02.236+0000] {logging_mixin.py:188} INFO - [2025-11-06T22:34:02.235+0000] {dag.py:3036} INFO - Sync 1 DAGs
[2025-11-06T22:34:02.268+0000] {logging_mixin.py:188} INFO - [2025-11-06T22:34:02.267+0000] {dag.py:3823} INFO - Setting next_dagrun for example_complex to None, run_after=None
[2025-11-06T22:34:02.344+0000] {processor.py:183} INFO - Processing /home/airflow/.local/lib/python3.8/site-packages/airflow/example_dags/example_complex.py took 0.279 seconds
[2025-11-06T22:34:36.170+0000] {processor.py:161} INFO - Started process (PID=321) to work on /home/airflow/.local/lib/python3.8/site-packages/airflow/example_dags/example_complex.py
[2025-11-06T22:34:36.171+0000] {processor.py:830} INFO - Processing file /home/airflow/.local/lib/python3.8/site-packages/airflow/example_dags/example_complex.py for tasks to queue
[2025-11-06T22:34:36.175+0000] {logging_mixin.py:188} INFO - [2025-11-06T22:34:36.173+0000] {dagbag.py:538} INFO - Filling up the DagBag from /home/airflow/.local/lib/python3.8/site-packages/airflow/example_dags/example_complex.py
[2025-11-06T22:34:36.204+0000] {processor.py:840} INFO - DAG(s) 'example_complex' retrieved from /home/airflow/.local/lib/python3.8/site-packages/airflow/example_dags/example_complex.py
[2025-11-06T22:34:36.281+0000] {logging_mixin.py:188} INFO - [2025-11-06T22:34:36.281+0000] {dag.py:3036} INFO - Sync 1 DAGs
[2025-11-06T22:34:36.311+0000] {logging_mixin.py:188} INFO - [2025-11-06T22:34:36.310+0000] {dag.py:3823} INFO - Setting next_dagrun for example_complex to None, run_after=None
[2025-11-06T22:34:36.362+0000] {processor.py:183} INFO - Processing /home/airflow/.local/lib/python3.8/site-packages/airflow/example_dags/example_complex.py took 0.200 seconds
[2025-11-06T22:35:15.470+0000] {processor.py:161} INFO - Started process (PID=395) to work on /home/airflow/.local/lib/python3.8/site-packages/airflow/example_dags/example_complex.py
[2025-11-06T22:35:15.473+0000] {processor.py:830} INFO - Processing file /home/airflow/.local/lib/python3.8/site-packages/airflow/example_dags/example_complex.py for tasks to queue
[2025-11-06T22:35:15.479+0000] {logging_mixin.py:188} INFO - [2025-11-06T22:35:15.478+0000] {dagbag.py:538} INFO - Filling up the DagBag from /home/airflow/.local/lib/python3.8/site-packages/airflow/example_dags/example_complex.py
[2025-11-06T22:35:15.539+0000] {processor.py:840} INFO - DAG(s) 'example_complex' retrieved from /home/airflow/.local/lib/python3.8/site-packages/airflow/example_dags/example_complex.py
[2025-11-06T22:35:15.702+0000] {logging_mixin.py:188} INFO - [2025-11-06T22:35:15.701+0000] {dag.py:3036} INFO - Sync 1 DAGs
[2025-11-06T22:35:15.779+0000] {logging_mixin.py:188} INFO - [2025-11-06T22:35:15.778+0000] {dag.py:3823} INFO - Setting next_dagrun for example_complex to None, run_after=None
[2025-11-06T22:35:15.888+0000] {processor.py:183} INFO - Processing /home/airflow/.local/lib/python3.8/site-packages/airflow/example_dags/example_complex.py took 0.433 seconds
[2025-11-06T22:35:47.052+0000] {processor.py:161} INFO - Started process (PID=477) to work on /home/airflow/.local/lib/python3.8/site-packages/airflow/example_dags/example_complex.py
[2025-11-06T22:35:47.066+0000] {processor.py:830} INFO - Processing file /home/airflow/.local/lib/python3.8/site-packages/airflow/example_dags/example_complex.py for tasks to queue
[2025-11-06T22:35:47.070+0000] {logging_mixin.py:188} INFO - [2025-11-06T22:35:47.069+0000] {dagbag.py:538} INFO - Filling up the DagBag from /home/airflow/.local/lib/python3.8/site-packages/airflow/example_dags/example_complex.py
[2025-11-06T22:35:47.124+0000] {processor.py:840} INFO - DAG(s) 'example_complex' retrieved from /home/airflow/.local/lib/python3.8/site-packages/airflow/example_dags/example_complex.py
[2025-11-06T22:35:47.252+0000] {logging_mixin.py:188} INFO - [2025-11-06T22:35:47.251+0000] {dag.py:3036} INFO - Sync 1 DAGs
[2025-11-06T22:35:47.297+0000] {logging_mixin.py:188} INFO - [2025-11-06T22:35:47.295+0000] {dag.py:3823} INFO - Setting next_dagrun for example_complex to None, run_after=None
[2025-11-06T22:35:47.358+0000] {processor.py:183} INFO - Processing /home/airflow/.local/lib/python3.8/site-packages/airflow/example_dags/example_complex.py took 0.346 seconds
[2025-11-06T22:36:17.823+0000] {processor.py:161} INFO - Started process (PID=550) to work on /home/airflow/.local/lib/python3.8/site-packages/airflow/example_dags/example_complex.py
[2025-11-06T22:36:17.824+0000] {processor.py:830} INFO - Processing file /home/airflow/.local/lib/python3.8/site-packages/airflow/example_dags/example_complex.py for tasks to queue
[2025-11-06T22:36:17.827+0000] {logging_mixin.py:188} INFO - [2025-11-06T22:36:17.826+0000] {dagbag.py:538} INFO - Filling up the DagBag from /home/airflow/.local/lib/python3.8/site-packages/airflow/example_dags/example_complex.py
[2025-11-06T22:36:17.856+0000] {processor.py:840} INFO - DAG(s) 'example_complex' retrieved from /home/airflow/.local/lib/python3.8/site-packages/airflow/example_dags/example_complex.py
[2025-11-06T22:36:17.965+0000] {logging_mixin.py:188} INFO - [2025-11-06T22:36:17.964+0000] {dag.py:3036} INFO - Sync 1 DAGs
[2025-11-06T22:36:17.997+0000] {logging_mixin.py:188} INFO - [2025-11-06T22:36:17.997+0000] {dag.py:3823} INFO - Setting next_dagrun for example_complex to None, run_after=None
[2025-11-06T22:36:18.044+0000] {processor.py:183} INFO - Processing /home/airflow/.local/lib/python3.8/site-packages/airflow/example_dags/example_complex.py took 0.228 seconds
[2025-11-06T22:36:48.737+0000] {processor.py:161} INFO - Started process (PID=630) to work on /home/airflow/.local/lib/python3.8/site-packages/airflow/example_dags/example_complex.py
[2025-11-06T22:36:48.739+0000] {processor.py:830} INFO - Processing file /home/airflow/.local/lib/python3.8/site-packages/airflow/example_dags/example_complex.py for tasks to queue
[2025-11-06T22:36:48.742+0000] {logging_mixin.py:188} INFO - [2025-11-06T22:36:48.741+0000] {dagbag.py:538} INFO - Filling up the DagBag from /home/airflow/.local/lib/python3.8/site-packages/airflow/example_dags/example_complex.py
[2025-11-06T22:36:48.782+0000] {processor.py:840} INFO - DAG(s) 'example_complex' retrieved from /home/airflow/.local/lib/python3.8/site-packages/airflow/example_dags/example_complex.py
[2025-11-06T22:36:48.892+0000] {logging_mixin.py:188} INFO - [2025-11-06T22:36:48.891+0000] {dag.py:3036} INFO - Sync 1 DAGs
[2025-11-06T22:36:48.929+0000] {logging_mixin.py:188} INFO - [2025-11-06T22:36:48.929+0000] {dag.py:3823} INFO - Setting next_dagrun for example_complex to None, run_after=None
[2025-11-06T22:36:48.993+0000] {processor.py:183} INFO - Processing /home/airflow/.local/lib/python3.8/site-packages/airflow/example_dags/example_complex.py took 0.267 seconds
[2025-11-06T22:37:19.251+0000] {processor.py:161} INFO - Started process (PID=706) to work on /home/airflow/.local/lib/python3.8/site-packages/airflow/example_dags/example_complex.py
[2025-11-06T22:37:19.253+0000] {processor.py:830} INFO - Processing file /home/airflow/.local/lib/python3.8/site-packages/airflow/example_dags/example_complex.py for tasks to queue
[2025-11-06T22:37:19.257+0000] {logging_mixin.py:188} INFO - [2025-11-06T22:37:19.256+0000] {dagbag.py:538} INFO - Filling up the DagBag from /home/airflow/.local/lib/python3.8/site-packages/airflow/example_dags/example_complex.py
[2025-11-06T22:37:19.309+0000] {processor.py:840} INFO - DAG(s) 'example_complex' retrieved from /home/airflow/.local/lib/python3.8/site-packages/airflow/example_dags/example_complex.py
[2025-11-06T22:37:19.425+0000] {logging_mixin.py:188} INFO - [2025-11-06T22:37:19.424+0000] {dag.py:3036} INFO - Sync 1 DAGs
[2025-11-06T22:37:19.465+0000] {logging_mixin.py:188} INFO - [2025-11-06T22:37:19.464+0000] {dag.py:3823} INFO - Setting next_dagrun for example_complex to None, run_after=None
[2025-11-06T22:37:19.528+0000] {processor.py:183} INFO - Processing /home/airflow/.local/lib/python3.8/site-packages/airflow/example_dags/example_complex.py took 0.290 seconds
[2025-11-06T22:37:50.517+0000] {processor.py:161} INFO - Started process (PID=785) to work on /home/airflow/.local/lib/python3.8/site-packages/airflow/example_dags/example_complex.py
[2025-11-06T22:37:50.519+0000] {processor.py:830} INFO - Processing file /home/airflow/.local/lib/python3.8/site-packages/airflow/example_dags/example_complex.py for tasks to queue
[2025-11-06T22:37:50.522+0000] {logging_mixin.py:188} INFO - [2025-11-06T22:37:50.521+0000] {dagbag.py:538} INFO - Filling up the DagBag from /home/airflow/.local/lib/python3.8/site-packages/airflow/example_dags/example_complex.py
[2025-11-06T22:37:50.571+0000] {processor.py:840} INFO - DAG(s) 'example_complex' retrieved from /home/airflow/.local/lib/python3.8/site-packages/airflow/example_dags/example_complex.py
[2025-11-06T22:37:50.706+0000] {logging_mixin.py:188} INFO - [2025-11-06T22:37:50.705+0000] {dag.py:3036} INFO - Sync 1 DAGs
[2025-11-06T22:37:50.752+0000] {logging_mixin.py:188} INFO - [2025-11-06T22:37:50.752+0000] {dag.py:3823} INFO - Setting next_dagrun for example_complex to None, run_after=None
[2025-11-06T22:37:50.814+0000] {processor.py:183} INFO - Processing /home/airflow/.local/lib/python3.8/site-packages/airflow/example_dags/example_complex.py took 0.310 seconds
[2025-11-06T22:40:30.228+0000] {processor.py:161} INFO - Started process (PID=894) to work on /home/airflow/.local/lib/python3.8/site-packages/airflow/example_dags/example_complex.py
[2025-11-06T22:40:30.286+0000] {processor.py:830} INFO - Processing file /home/airflow/.local/lib/python3.8/site-packages/airflow/example_dags/example_complex.py for tasks to queue
[2025-11-06T22:40:30.304+0000] {logging_mixin.py:188} INFO - [2025-11-06T22:40:30.302+0000] {dagbag.py:538} INFO - Filling up the DagBag from /home/airflow/.local/lib/python3.8/site-packages/airflow/example_dags/example_complex.py
[2025-11-06T22:40:30.476+0000] {processor.py:840} INFO - DAG(s) 'example_complex' retrieved from /home/airflow/.local/lib/python3.8/site-packages/airflow/example_dags/example_complex.py
[2025-11-06T22:40:30.823+0000] {logging_mixin.py:188} INFO - [2025-11-06T22:40:30.822+0000] {dag.py:3036} INFO - Sync 1 DAGs
[2025-11-06T22:40:31.043+0000] {logging_mixin.py:188} INFO - [2025-11-06T22:40:31.036+0000] {dag.py:3823} INFO - Setting next_dagrun for example_complex to None, run_after=None
[2025-11-06T22:40:31.250+0000] {processor.py:183} INFO - Processing /home/airflow/.local/lib/python3.8/site-packages/airflow/example_dags/example_complex.py took 1.078 seconds
[2025-11-06T22:41:21.816+0000] {processor.py:161} INFO - Started process (PID=995) to work on /home/airflow/.local/lib/python3.8/site-packages/airflow/example_dags/example_complex.py
[2025-11-06T22:41:21.835+0000] {processor.py:830} INFO - Processing file /home/airflow/.local/lib/python3.8/site-packages/airflow/example_dags/example_complex.py for tasks to queue
[2025-11-06T22:41:21.839+0000] {logging_mixin.py:188} INFO - [2025-11-06T22:41:21.838+0000] {dagbag.py:538} INFO - Filling up the DagBag from /home/airflow/.local/lib/python3.8/site-packages/airflow/example_dags/example_complex.py
[2025-11-06T22:41:21.913+0000] {processor.py:840} INFO - DAG(s) 'example_complex' retrieved from /home/airflow/.local/lib/python3.8/site-packages/airflow/example_dags/example_complex.py
[2025-11-06T22:41:22.352+0000] {logging_mixin.py:188} INFO - [2025-11-06T22:41:22.351+0000] {dag.py:3036} INFO - Sync 1 DAGs
[2025-11-06T22:41:22.406+0000] {logging_mixin.py:188} INFO - [2025-11-06T22:41:22.405+0000] {dag.py:3823} INFO - Setting next_dagrun for example_complex to None, run_after=None
[2025-11-06T22:41:22.575+0000] {processor.py:183} INFO - Processing /home/airflow/.local/lib/python3.8/site-packages/airflow/example_dags/example_complex.py took 0.770 seconds
[2025-11-06T22:41:53.391+0000] {processor.py:161} INFO - Started process (PID=1076) to work on /home/airflow/.local/lib/python3.8/site-packages/airflow/example_dags/example_complex.py
[2025-11-06T22:41:53.397+0000] {processor.py:830} INFO - Processing file /home/airflow/.local/lib/python3.8/site-packages/airflow/example_dags/example_complex.py for tasks to queue
[2025-11-06T22:41:53.407+0000] {logging_mixin.py:188} INFO - [2025-11-06T22:41:53.403+0000] {dagbag.py:538} INFO - Filling up the DagBag from /home/airflow/.local/lib/python3.8/site-packages/airflow/example_dags/example_complex.py
[2025-11-06T22:41:53.469+0000] {processor.py:840} INFO - DAG(s) 'example_complex' retrieved from /home/airflow/.local/lib/python3.8/site-packages/airflow/example_dags/example_complex.py
[2025-11-06T22:41:53.698+0000] {logging_mixin.py:188} INFO - [2025-11-06T22:41:53.697+0000] {dag.py:3036} INFO - Sync 1 DAGs
[2025-11-06T22:41:53.764+0000] {logging_mixin.py:188} INFO - [2025-11-06T22:41:53.763+0000] {dag.py:3823} INFO - Setting next_dagrun for example_complex to None, run_after=None
[2025-11-06T22:41:53.861+0000] {processor.py:183} INFO - Processing /home/airflow/.local/lib/python3.8/site-packages/airflow/example_dags/example_complex.py took 0.491 seconds
[2025-11-06T22:42:40.002+0000] {processor.py:161} INFO - Started process (PID=1156) to work on /home/airflow/.local/lib/python3.8/site-packages/airflow/example_dags/example_complex.py
[2025-11-06T22:42:40.025+0000] {processor.py:830} INFO - Processing file /home/airflow/.local/lib/python3.8/site-packages/airflow/example_dags/example_complex.py for tasks to queue
[2025-11-06T22:42:40.031+0000] {logging_mixin.py:188} INFO - [2025-11-06T22:42:40.030+0000] {dagbag.py:538} INFO - Filling up the DagBag from /home/airflow/.local/lib/python3.8/site-packages/airflow/example_dags/example_complex.py
[2025-11-06T22:42:40.150+0000] {processor.py:840} INFO - DAG(s) 'example_complex' retrieved from /home/airflow/.local/lib/python3.8/site-packages/airflow/example_dags/example_complex.py
[2025-11-06T22:42:40.383+0000] {logging_mixin.py:188} INFO - [2025-11-06T22:42:40.382+0000] {dag.py:3036} INFO - Sync 1 DAGs
[2025-11-06T22:42:40.516+0000] {logging_mixin.py:188} INFO - [2025-11-06T22:42:40.515+0000] {dag.py:3823} INFO - Setting next_dagrun for example_complex to None, run_after=None
[2025-11-06T22:42:40.646+0000] {processor.py:183} INFO - Processing /home/airflow/.local/lib/python3.8/site-packages/airflow/example_dags/example_complex.py took 0.708 seconds
[2025-11-06T22:43:19.320+0000] {processor.py:161} INFO - Started process (PID=1244) to work on /home/airflow/.local/lib/python3.8/site-packages/airflow/example_dags/example_complex.py
[2025-11-06T22:43:19.323+0000] {processor.py:830} INFO - Processing file /home/airflow/.local/lib/python3.8/site-packages/airflow/example_dags/example_complex.py for tasks to queue
[2025-11-06T22:43:19.332+0000] {logging_mixin.py:188} INFO - [2025-11-06T22:43:19.330+0000] {dagbag.py:538} INFO - Filling up the DagBag from /home/airflow/.local/lib/python3.8/site-packages/airflow/example_dags/example_complex.py
[2025-11-06T22:43:19.401+0000] {processor.py:840} INFO - DAG(s) 'example_complex' retrieved from /home/airflow/.local/lib/python3.8/site-packages/airflow/example_dags/example_complex.py
[2025-11-06T22:43:19.596+0000] {logging_mixin.py:188} INFO - [2025-11-06T22:43:19.594+0000] {dag.py:3036} INFO - Sync 1 DAGs
[2025-11-06T22:43:19.744+0000] {logging_mixin.py:188} INFO - [2025-11-06T22:43:19.743+0000] {dag.py:3823} INFO - Setting next_dagrun for example_complex to None, run_after=None
[2025-11-06T22:43:19.865+0000] {processor.py:183} INFO - Processing /home/airflow/.local/lib/python3.8/site-packages/airflow/example_dags/example_complex.py took 0.601 seconds
[2025-11-06T22:44:27.065+0000] {processor.py:161} INFO - Started process (PID=1351) to work on /home/airflow/.local/lib/python3.8/site-packages/airflow/example_dags/example_complex.py
[2025-11-06T22:44:27.093+0000] {processor.py:830} INFO - Processing file /home/airflow/.local/lib/python3.8/site-packages/airflow/example_dags/example_complex.py for tasks to queue
[2025-11-06T22:44:27.102+0000] {logging_mixin.py:188} INFO - [2025-11-06T22:44:27.101+0000] {dagbag.py:538} INFO - Filling up the DagBag from /home/airflow/.local/lib/python3.8/site-packages/airflow/example_dags/example_complex.py
[2025-11-06T22:44:27.539+0000] {processor.py:840} INFO - DAG(s) 'example_complex' retrieved from /home/airflow/.local/lib/python3.8/site-packages/airflow/example_dags/example_complex.py
[2025-11-06T22:44:28.042+0000] {logging_mixin.py:188} INFO - [2025-11-06T22:44:28.040+0000] {dag.py:3036} INFO - Sync 1 DAGs
[2025-11-06T22:44:28.349+0000] {logging_mixin.py:188} INFO - [2025-11-06T22:44:28.348+0000] {dag.py:3823} INFO - Setting next_dagrun for example_complex to None, run_after=None
[2025-11-06T22:44:28.738+0000] {processor.py:183} INFO - Processing /home/airflow/.local/lib/python3.8/site-packages/airflow/example_dags/example_complex.py took 1.707 seconds
[2025-11-06T22:45:52.130+0000] {processor.py:161} INFO - Started process (PID=1466) to work on /home/airflow/.local/lib/python3.8/site-packages/airflow/example_dags/example_complex.py
[2025-11-06T22:45:52.134+0000] {processor.py:830} INFO - Processing file /home/airflow/.local/lib/python3.8/site-packages/airflow/example_dags/example_complex.py for tasks to queue
[2025-11-06T22:45:52.138+0000] {logging_mixin.py:188} INFO - [2025-11-06T22:45:52.137+0000] {dagbag.py:538} INFO - Filling up the DagBag from /home/airflow/.local/lib/python3.8/site-packages/airflow/example_dags/example_complex.py
[2025-11-06T22:45:52.197+0000] {processor.py:840} INFO - DAG(s) 'example_complex' retrieved from /home/airflow/.local/lib/python3.8/site-packages/airflow/example_dags/example_complex.py
[2025-11-06T22:45:52.423+0000] {logging_mixin.py:188} INFO - [2025-11-06T22:45:52.422+0000] {dag.py:3036} INFO - Sync 1 DAGs
[2025-11-06T22:45:52.496+0000] {logging_mixin.py:188} INFO - [2025-11-06T22:45:52.495+0000] {dag.py:3823} INFO - Setting next_dagrun for example_complex to None, run_after=None
[2025-11-06T22:45:52.747+0000] {processor.py:183} INFO - Processing /home/airflow/.local/lib/python3.8/site-packages/airflow/example_dags/example_complex.py took 0.630 seconds
[2025-11-06T22:46:23.163+0000] {processor.py:161} INFO - Started process (PID=1547) to work on /home/airflow/.local/lib/python3.8/site-packages/airflow/example_dags/example_complex.py
[2025-11-06T22:46:23.165+0000] {processor.py:830} INFO - Processing file /home/airflow/.local/lib/python3.8/site-packages/airflow/example_dags/example_complex.py for tasks to queue
[2025-11-06T22:46:23.172+0000] {logging_mixin.py:188} INFO - [2025-11-06T22:46:23.170+0000] {dagbag.py:538} INFO - Filling up the DagBag from /home/airflow/.local/lib/python3.8/site-packages/airflow/example_dags/example_complex.py
[2025-11-06T22:46:23.265+0000] {processor.py:840} INFO - DAG(s) 'example_complex' retrieved from /home/airflow/.local/lib/python3.8/site-packages/airflow/example_dags/example_complex.py
[2025-11-06T22:46:23.545+0000] {logging_mixin.py:188} INFO - [2025-11-06T22:46:23.545+0000] {dag.py:3036} INFO - Sync 1 DAGs
[2025-11-06T22:46:23.589+0000] {logging_mixin.py:188} INFO - [2025-11-06T22:46:23.588+0000] {dag.py:3823} INFO - Setting next_dagrun for example_complex to None, run_after=None
[2025-11-06T22:46:23.714+0000] {processor.py:183} INFO - Processing /home/airflow/.local/lib/python3.8/site-packages/airflow/example_dags/example_complex.py took 0.565 seconds
[2025-11-06T22:46:54.225+0000] {processor.py:161} INFO - Started process (PID=1621) to work on /home/airflow/.local/lib/python3.8/site-packages/airflow/example_dags/example_complex.py
[2025-11-06T22:46:54.230+0000] {processor.py:830} INFO - Processing file /home/airflow/.local/lib/python3.8/site-packages/airflow/example_dags/example_complex.py for tasks to queue
[2025-11-06T22:46:54.235+0000] {logging_mixin.py:188} INFO - [2025-11-06T22:46:54.233+0000] {dagbag.py:538} INFO - Filling up the DagBag from /home/airflow/.local/lib/python3.8/site-packages/airflow/example_dags/example_complex.py
[2025-11-06T22:46:54.284+0000] {processor.py:840} INFO - DAG(s) 'example_complex' retrieved from /home/airflow/.local/lib/python3.8/site-packages/airflow/example_dags/example_complex.py
[2025-11-06T22:46:54.569+0000] {logging_mixin.py:188} INFO - [2025-11-06T22:46:54.567+0000] {dag.py:3036} INFO - Sync 1 DAGs
[2025-11-06T22:46:54.664+0000] {logging_mixin.py:188} INFO - [2025-11-06T22:46:54.664+0000] {dag.py:3823} INFO - Setting next_dagrun for example_complex to None, run_after=None
[2025-11-06T22:46:54.787+0000] {processor.py:183} INFO - Processing /home/airflow/.local/lib/python3.8/site-packages/airflow/example_dags/example_complex.py took 0.578 seconds
[2025-11-06T22:47:41.553+0000] {processor.py:161} INFO - Started process (PID=1695) to work on /home/airflow/.local/lib/python3.8/site-packages/airflow/example_dags/example_complex.py
[2025-11-06T22:47:41.570+0000] {processor.py:830} INFO - Processing file /home/airflow/.local/lib/python3.8/site-packages/airflow/example_dags/example_complex.py for tasks to queue
[2025-11-06T22:47:41.586+0000] {logging_mixin.py:188} INFO - [2025-11-06T22:47:41.585+0000] {dagbag.py:538} INFO - Filling up the DagBag from /home/airflow/.local/lib/python3.8/site-packages/airflow/example_dags/example_complex.py
[2025-11-06T22:47:41.836+0000] {processor.py:840} INFO - DAG(s) 'example_complex' retrieved from /home/airflow/.local/lib/python3.8/site-packages/airflow/example_dags/example_complex.py
[2025-11-06T22:47:42.663+0000] {logging_mixin.py:188} INFO - [2025-11-06T22:47:42.662+0000] {dag.py:3036} INFO - Sync 1 DAGs
[2025-11-06T22:47:43.139+0000] {logging_mixin.py:188} INFO - [2025-11-06T22:47:43.112+0000] {dag.py:3823} INFO - Setting next_dagrun for example_complex to None, run_after=None
[2025-11-06T22:47:43.935+0000] {processor.py:183} INFO - Processing /home/airflow/.local/lib/python3.8/site-packages/airflow/example_dags/example_complex.py took 2.404 seconds
