[2025-11-06T22:21:28.799+0000] {processor.py:161} INFO - Started process (PID=258) to work on /home/airflow/.local/lib/python3.8/site-packages/airflow/example_dags/example_short_circuit_operator.py
[2025-11-06T22:21:28.801+0000] {processor.py:830} INFO - Processing file /home/airflow/.local/lib/python3.8/site-packages/airflow/example_dags/example_short_circuit_operator.py for tasks to queue
[2025-11-06T22:21:28.804+0000] {logging_mixin.py:188} INFO - [2025-11-06T22:21:28.803+0000] {dagbag.py:538} INFO - Filling up the DagBag from /home/airflow/.local/lib/python3.8/site-packages/airflow/example_dags/example_short_circuit_operator.py
[2025-11-06T22:21:28.861+0000] {processor.py:840} INFO - DAG(s) 'example_short_circuit_operator' retrieved from /home/airflow/.local/lib/python3.8/site-packages/airflow/example_dags/example_short_circuit_operator.py
[2025-11-06T22:21:29.254+0000] {logging_mixin.py:188} INFO - [2025-11-06T22:21:29.253+0000] {dag.py:3036} INFO - Sync 1 DAGs
[2025-11-06T22:21:29.304+0000] {logging_mixin.py:188} INFO - [2025-11-06T22:21:29.303+0000] {dag.py:3823} INFO - Setting next_dagrun for example_short_circuit_operator to 2025-11-05 00:00:00+00:00, run_after=2025-11-06 00:00:00+00:00
[2025-11-06T22:21:29.387+0000] {processor.py:183} INFO - Processing /home/airflow/.local/lib/python3.8/site-packages/airflow/example_dags/example_short_circuit_operator.py took 0.599 seconds
[2025-11-06T22:22:07.978+0000] {processor.py:161} INFO - Started process (PID=339) to work on /home/airflow/.local/lib/python3.8/site-packages/airflow/example_dags/example_short_circuit_operator.py
[2025-11-06T22:22:07.987+0000] {processor.py:830} INFO - Processing file /home/airflow/.local/lib/python3.8/site-packages/airflow/example_dags/example_short_circuit_operator.py for tasks to queue
[2025-11-06T22:22:07.997+0000] {logging_mixin.py:188} INFO - [2025-11-06T22:22:07.996+0000] {dagbag.py:538} INFO - Filling up the DagBag from /home/airflow/.local/lib/python3.8/site-packages/airflow/example_dags/example_short_circuit_operator.py
[2025-11-06T22:22:08.103+0000] {processor.py:840} INFO - DAG(s) 'example_short_circuit_operator' retrieved from /home/airflow/.local/lib/python3.8/site-packages/airflow/example_dags/example_short_circuit_operator.py
[2025-11-06T22:22:08.453+0000] {logging_mixin.py:188} INFO - [2025-11-06T22:22:08.452+0000] {dag.py:3036} INFO - Sync 1 DAGs
[2025-11-06T22:22:08.646+0000] {logging_mixin.py:188} INFO - [2025-11-06T22:22:08.646+0000] {dag.py:3823} INFO - Setting next_dagrun for example_short_circuit_operator to 2025-11-05 00:00:00+00:00, run_after=2025-11-06 00:00:00+00:00
[2025-11-06T22:22:08.934+0000] {processor.py:183} INFO - Processing /home/airflow/.local/lib/python3.8/site-packages/airflow/example_dags/example_short_circuit_operator.py took 0.973 seconds
[2025-11-06T22:22:39.543+0000] {processor.py:161} INFO - Started process (PID=414) to work on /home/airflow/.local/lib/python3.8/site-packages/airflow/example_dags/example_short_circuit_operator.py
[2025-11-06T22:22:39.546+0000] {processor.py:830} INFO - Processing file /home/airflow/.local/lib/python3.8/site-packages/airflow/example_dags/example_short_circuit_operator.py for tasks to queue
[2025-11-06T22:22:39.549+0000] {logging_mixin.py:188} INFO - [2025-11-06T22:22:39.548+0000] {dagbag.py:538} INFO - Filling up the DagBag from /home/airflow/.local/lib/python3.8/site-packages/airflow/example_dags/example_short_circuit_operator.py
[2025-11-06T22:22:39.582+0000] {processor.py:840} INFO - DAG(s) 'example_short_circuit_operator' retrieved from /home/airflow/.local/lib/python3.8/site-packages/airflow/example_dags/example_short_circuit_operator.py
[2025-11-06T22:22:39.736+0000] {logging_mixin.py:188} INFO - [2025-11-06T22:22:39.735+0000] {dag.py:3036} INFO - Sync 1 DAGs
[2025-11-06T22:22:39.852+0000] {logging_mixin.py:188} INFO - [2025-11-06T22:22:39.851+0000] {dag.py:3823} INFO - Setting next_dagrun for example_short_circuit_operator to 2025-11-05 00:00:00+00:00, run_after=2025-11-06 00:00:00+00:00
[2025-11-06T22:22:39.934+0000] {processor.py:183} INFO - Processing /home/airflow/.local/lib/python3.8/site-packages/airflow/example_dags/example_short_circuit_operator.py took 0.404 seconds
[2025-11-06T22:33:28.754+0000] {processor.py:161} INFO - Started process (PID=170) to work on /home/airflow/.local/lib/python3.8/site-packages/airflow/example_dags/example_short_circuit_operator.py
[2025-11-06T22:33:28.814+0000] {processor.py:830} INFO - Processing file /home/airflow/.local/lib/python3.8/site-packages/airflow/example_dags/example_short_circuit_operator.py for tasks to queue
[2025-11-06T22:33:28.816+0000] {logging_mixin.py:188} INFO - [2025-11-06T22:33:28.815+0000] {dagbag.py:538} INFO - Filling up the DagBag from /home/airflow/.local/lib/python3.8/site-packages/airflow/example_dags/example_short_circuit_operator.py
[2025-11-06T22:33:28.841+0000] {processor.py:840} INFO - DAG(s) 'example_short_circuit_operator' retrieved from /home/airflow/.local/lib/python3.8/site-packages/airflow/example_dags/example_short_circuit_operator.py
[2025-11-06T22:33:29.055+0000] {logging_mixin.py:188} INFO - [2025-11-06T22:33:29.055+0000] {dag.py:3036} INFO - Sync 1 DAGs
[2025-11-06T22:33:29.088+0000] {logging_mixin.py:188} INFO - [2025-11-06T22:33:29.087+0000] {dag.py:3823} INFO - Setting next_dagrun for example_short_circuit_operator to 2025-11-05 00:00:00+00:00, run_after=2025-11-06 00:00:00+00:00
[2025-11-06T22:33:29.191+0000] {processor.py:183} INFO - Processing /home/airflow/.local/lib/python3.8/site-packages/airflow/example_dags/example_short_circuit_operator.py took 0.444 seconds
[2025-11-06T22:34:00.849+0000] {processor.py:161} INFO - Started process (PID=244) to work on /home/airflow/.local/lib/python3.8/site-packages/airflow/example_dags/example_short_circuit_operator.py
[2025-11-06T22:34:00.851+0000] {processor.py:830} INFO - Processing file /home/airflow/.local/lib/python3.8/site-packages/airflow/example_dags/example_short_circuit_operator.py for tasks to queue
[2025-11-06T22:34:00.855+0000] {logging_mixin.py:188} INFO - [2025-11-06T22:34:00.854+0000] {dagbag.py:538} INFO - Filling up the DagBag from /home/airflow/.local/lib/python3.8/site-packages/airflow/example_dags/example_short_circuit_operator.py
[2025-11-06T22:34:00.904+0000] {processor.py:840} INFO - DAG(s) 'example_short_circuit_operator' retrieved from /home/airflow/.local/lib/python3.8/site-packages/airflow/example_dags/example_short_circuit_operator.py
[2025-11-06T22:34:01.030+0000] {logging_mixin.py:188} INFO - [2025-11-06T22:34:01.029+0000] {dag.py:3036} INFO - Sync 1 DAGs
[2025-11-06T22:34:01.146+0000] {logging_mixin.py:188} INFO - [2025-11-06T22:34:01.145+0000] {dag.py:3823} INFO - Setting next_dagrun for example_short_circuit_operator to 2025-11-05 00:00:00+00:00, run_after=2025-11-06 00:00:00+00:00
[2025-11-06T22:34:01.238+0000] {processor.py:183} INFO - Processing /home/airflow/.local/lib/python3.8/site-packages/airflow/example_dags/example_short_circuit_operator.py took 0.406 seconds
[2025-11-06T22:34:35.140+0000] {processor.py:161} INFO - Started process (PID=317) to work on /home/airflow/.local/lib/python3.8/site-packages/airflow/example_dags/example_short_circuit_operator.py
[2025-11-06T22:34:35.142+0000] {processor.py:830} INFO - Processing file /home/airflow/.local/lib/python3.8/site-packages/airflow/example_dags/example_short_circuit_operator.py for tasks to queue
[2025-11-06T22:34:35.145+0000] {logging_mixin.py:188} INFO - [2025-11-06T22:34:35.144+0000] {dagbag.py:538} INFO - Filling up the DagBag from /home/airflow/.local/lib/python3.8/site-packages/airflow/example_dags/example_short_circuit_operator.py
[2025-11-06T22:34:35.175+0000] {processor.py:840} INFO - DAG(s) 'example_short_circuit_operator' retrieved from /home/airflow/.local/lib/python3.8/site-packages/airflow/example_dags/example_short_circuit_operator.py
[2025-11-06T22:34:35.269+0000] {logging_mixin.py:188} INFO - [2025-11-06T22:34:35.269+0000] {dag.py:3036} INFO - Sync 1 DAGs
[2025-11-06T22:34:35.358+0000] {logging_mixin.py:188} INFO - [2025-11-06T22:34:35.357+0000] {dag.py:3823} INFO - Setting next_dagrun for example_short_circuit_operator to 2025-11-05 00:00:00+00:00, run_after=2025-11-06 00:00:00+00:00
[2025-11-06T22:34:35.421+0000] {processor.py:183} INFO - Processing /home/airflow/.local/lib/python3.8/site-packages/airflow/example_dags/example_short_circuit_operator.py took 0.296 seconds
[2025-11-06T22:35:14.305+0000] {processor.py:161} INFO - Started process (PID=391) to work on /home/airflow/.local/lib/python3.8/site-packages/airflow/example_dags/example_short_circuit_operator.py
[2025-11-06T22:35:14.309+0000] {processor.py:830} INFO - Processing file /home/airflow/.local/lib/python3.8/site-packages/airflow/example_dags/example_short_circuit_operator.py for tasks to queue
[2025-11-06T22:35:14.319+0000] {logging_mixin.py:188} INFO - [2025-11-06T22:35:14.318+0000] {dagbag.py:538} INFO - Filling up the DagBag from /home/airflow/.local/lib/python3.8/site-packages/airflow/example_dags/example_short_circuit_operator.py
[2025-11-06T22:35:14.357+0000] {processor.py:840} INFO - DAG(s) 'example_short_circuit_operator' retrieved from /home/airflow/.local/lib/python3.8/site-packages/airflow/example_dags/example_short_circuit_operator.py
[2025-11-06T22:35:14.575+0000] {logging_mixin.py:188} INFO - [2025-11-06T22:35:14.574+0000] {dag.py:3036} INFO - Sync 1 DAGs
[2025-11-06T22:35:14.666+0000] {logging_mixin.py:188} INFO - [2025-11-06T22:35:14.665+0000] {dag.py:3823} INFO - Setting next_dagrun for example_short_circuit_operator to 2025-11-05 00:00:00+00:00, run_after=2025-11-06 00:00:00+00:00
[2025-11-06T22:35:14.822+0000] {processor.py:183} INFO - Processing /home/airflow/.local/lib/python3.8/site-packages/airflow/example_dags/example_short_circuit_operator.py took 0.530 seconds
[2025-11-06T22:35:45.910+0000] {processor.py:161} INFO - Started process (PID=472) to work on /home/airflow/.local/lib/python3.8/site-packages/airflow/example_dags/example_short_circuit_operator.py
[2025-11-06T22:35:45.914+0000] {processor.py:830} INFO - Processing file /home/airflow/.local/lib/python3.8/site-packages/airflow/example_dags/example_short_circuit_operator.py for tasks to queue
[2025-11-06T22:35:45.926+0000] {logging_mixin.py:188} INFO - [2025-11-06T22:35:45.925+0000] {dagbag.py:538} INFO - Filling up the DagBag from /home/airflow/.local/lib/python3.8/site-packages/airflow/example_dags/example_short_circuit_operator.py
[2025-11-06T22:35:46.030+0000] {processor.py:840} INFO - DAG(s) 'example_short_circuit_operator' retrieved from /home/airflow/.local/lib/python3.8/site-packages/airflow/example_dags/example_short_circuit_operator.py
[2025-11-06T22:35:46.157+0000] {logging_mixin.py:188} INFO - [2025-11-06T22:35:46.156+0000] {dag.py:3036} INFO - Sync 1 DAGs
[2025-11-06T22:35:46.307+0000] {logging_mixin.py:188} INFO - [2025-11-06T22:35:46.300+0000] {dag.py:3823} INFO - Setting next_dagrun for example_short_circuit_operator to 2025-11-05 00:00:00+00:00, run_after=2025-11-06 00:00:00+00:00
[2025-11-06T22:35:46.413+0000] {processor.py:183} INFO - Processing /home/airflow/.local/lib/python3.8/site-packages/airflow/example_dags/example_short_circuit_operator.py took 0.518 seconds
[2025-11-06T22:36:17.424+0000] {processor.py:161} INFO - Started process (PID=546) to work on /home/airflow/.local/lib/python3.8/site-packages/airflow/example_dags/example_short_circuit_operator.py
[2025-11-06T22:36:17.425+0000] {processor.py:830} INFO - Processing file /home/airflow/.local/lib/python3.8/site-packages/airflow/example_dags/example_short_circuit_operator.py for tasks to queue
[2025-11-06T22:36:17.428+0000] {logging_mixin.py:188} INFO - [2025-11-06T22:36:17.427+0000] {dagbag.py:538} INFO - Filling up the DagBag from /home/airflow/.local/lib/python3.8/site-packages/airflow/example_dags/example_short_circuit_operator.py
[2025-11-06T22:36:17.443+0000] {processor.py:840} INFO - DAG(s) 'example_short_circuit_operator' retrieved from /home/airflow/.local/lib/python3.8/site-packages/airflow/example_dags/example_short_circuit_operator.py
[2025-11-06T22:36:17.494+0000] {logging_mixin.py:188} INFO - [2025-11-06T22:36:17.493+0000] {dag.py:3036} INFO - Sync 1 DAGs
[2025-11-06T22:36:17.534+0000] {logging_mixin.py:188} INFO - [2025-11-06T22:36:17.533+0000] {dag.py:3823} INFO - Setting next_dagrun for example_short_circuit_operator to 2025-11-05 00:00:00+00:00, run_after=2025-11-06 00:00:00+00:00
[2025-11-06T22:36:17.576+0000] {processor.py:183} INFO - Processing /home/airflow/.local/lib/python3.8/site-packages/airflow/example_dags/example_short_circuit_operator.py took 0.158 seconds
[2025-11-06T22:36:48.209+0000] {processor.py:161} INFO - Started process (PID=626) to work on /home/airflow/.local/lib/python3.8/site-packages/airflow/example_dags/example_short_circuit_operator.py
[2025-11-06T22:36:48.211+0000] {processor.py:830} INFO - Processing file /home/airflow/.local/lib/python3.8/site-packages/airflow/example_dags/example_short_circuit_operator.py for tasks to queue
[2025-11-06T22:36:48.214+0000] {logging_mixin.py:188} INFO - [2025-11-06T22:36:48.213+0000] {dagbag.py:538} INFO - Filling up the DagBag from /home/airflow/.local/lib/python3.8/site-packages/airflow/example_dags/example_short_circuit_operator.py
[2025-11-06T22:36:48.233+0000] {processor.py:840} INFO - DAG(s) 'example_short_circuit_operator' retrieved from /home/airflow/.local/lib/python3.8/site-packages/airflow/example_dags/example_short_circuit_operator.py
[2025-11-06T22:36:48.294+0000] {logging_mixin.py:188} INFO - [2025-11-06T22:36:48.294+0000] {dag.py:3036} INFO - Sync 1 DAGs
[2025-11-06T22:36:48.349+0000] {logging_mixin.py:188} INFO - [2025-11-06T22:36:48.349+0000] {dag.py:3823} INFO - Setting next_dagrun for example_short_circuit_operator to 2025-11-05 00:00:00+00:00, run_after=2025-11-06 00:00:00+00:00
[2025-11-06T22:36:48.401+0000] {processor.py:183} INFO - Processing /home/airflow/.local/lib/python3.8/site-packages/airflow/example_dags/example_short_circuit_operator.py took 0.199 seconds
[2025-11-06T22:37:18.549+0000] {processor.py:161} INFO - Started process (PID=701) to work on /home/airflow/.local/lib/python3.8/site-packages/airflow/example_dags/example_short_circuit_operator.py
[2025-11-06T22:37:18.551+0000] {processor.py:830} INFO - Processing file /home/airflow/.local/lib/python3.8/site-packages/airflow/example_dags/example_short_circuit_operator.py for tasks to queue
[2025-11-06T22:37:18.564+0000] {logging_mixin.py:188} INFO - [2025-11-06T22:37:18.563+0000] {dagbag.py:538} INFO - Filling up the DagBag from /home/airflow/.local/lib/python3.8/site-packages/airflow/example_dags/example_short_circuit_operator.py
[2025-11-06T22:37:18.609+0000] {processor.py:840} INFO - DAG(s) 'example_short_circuit_operator' retrieved from /home/airflow/.local/lib/python3.8/site-packages/airflow/example_dags/example_short_circuit_operator.py
[2025-11-06T22:37:18.694+0000] {logging_mixin.py:188} INFO - [2025-11-06T22:37:18.693+0000] {dag.py:3036} INFO - Sync 1 DAGs
[2025-11-06T22:37:18.767+0000] {logging_mixin.py:188} INFO - [2025-11-06T22:37:18.767+0000] {dag.py:3823} INFO - Setting next_dagrun for example_short_circuit_operator to 2025-11-05 00:00:00+00:00, run_after=2025-11-06 00:00:00+00:00
[2025-11-06T22:37:18.827+0000] {processor.py:183} INFO - Processing /home/airflow/.local/lib/python3.8/site-packages/airflow/example_dags/example_short_circuit_operator.py took 0.289 seconds
[2025-11-06T22:37:48.949+0000] {processor.py:161} INFO - Started process (PID=781) to work on /home/airflow/.local/lib/python3.8/site-packages/airflow/example_dags/example_short_circuit_operator.py
[2025-11-06T22:37:48.951+0000] {processor.py:830} INFO - Processing file /home/airflow/.local/lib/python3.8/site-packages/airflow/example_dags/example_short_circuit_operator.py for tasks to queue
[2025-11-06T22:37:48.954+0000] {logging_mixin.py:188} INFO - [2025-11-06T22:37:48.953+0000] {dagbag.py:538} INFO - Filling up the DagBag from /home/airflow/.local/lib/python3.8/site-packages/airflow/example_dags/example_short_circuit_operator.py
[2025-11-06T22:37:48.984+0000] {processor.py:840} INFO - DAG(s) 'example_short_circuit_operator' retrieved from /home/airflow/.local/lib/python3.8/site-packages/airflow/example_dags/example_short_circuit_operator.py
[2025-11-06T22:37:49.062+0000] {logging_mixin.py:188} INFO - [2025-11-06T22:37:49.062+0000] {dag.py:3036} INFO - Sync 1 DAGs
[2025-11-06T22:37:49.125+0000] {logging_mixin.py:188} INFO - [2025-11-06T22:37:49.124+0000] {dag.py:3823} INFO - Setting next_dagrun for example_short_circuit_operator to 2025-11-05 00:00:00+00:00, run_after=2025-11-06 00:00:00+00:00
[2025-11-06T22:37:49.177+0000] {processor.py:183} INFO - Processing /home/airflow/.local/lib/python3.8/site-packages/airflow/example_dags/example_short_circuit_operator.py took 0.240 seconds
[2025-11-06T22:40:27.488+0000] {processor.py:161} INFO - Started process (PID=890) to work on /home/airflow/.local/lib/python3.8/site-packages/airflow/example_dags/example_short_circuit_operator.py
[2025-11-06T22:40:27.501+0000] {processor.py:830} INFO - Processing file /home/airflow/.local/lib/python3.8/site-packages/airflow/example_dags/example_short_circuit_operator.py for tasks to queue
[2025-11-06T22:40:27.511+0000] {logging_mixin.py:188} INFO - [2025-11-06T22:40:27.509+0000] {dagbag.py:538} INFO - Filling up the DagBag from /home/airflow/.local/lib/python3.8/site-packages/airflow/example_dags/example_short_circuit_operator.py
[2025-11-06T22:40:27.618+0000] {processor.py:840} INFO - DAG(s) 'example_short_circuit_operator' retrieved from /home/airflow/.local/lib/python3.8/site-packages/airflow/example_dags/example_short_circuit_operator.py
[2025-11-06T22:40:27.865+0000] {logging_mixin.py:188} INFO - [2025-11-06T22:40:27.860+0000] {dag.py:3036} INFO - Sync 1 DAGs
[2025-11-06T22:40:27.988+0000] {logging_mixin.py:188} INFO - [2025-11-06T22:40:27.987+0000] {dag.py:3823} INFO - Setting next_dagrun for example_short_circuit_operator to 2025-11-05 00:00:00+00:00, run_after=2025-11-06 00:00:00+00:00
[2025-11-06T22:40:28.162+0000] {processor.py:183} INFO - Processing /home/airflow/.local/lib/python3.8/site-packages/airflow/example_dags/example_short_circuit_operator.py took 0.722 seconds
[2025-11-06T22:41:10.065+0000] {processor.py:161} INFO - Started process (PID=970) to work on /home/airflow/.local/lib/python3.8/site-packages/airflow/example_dags/example_short_circuit_operator.py
[2025-11-06T22:41:10.083+0000] {processor.py:830} INFO - Processing file /home/airflow/.local/lib/python3.8/site-packages/airflow/example_dags/example_short_circuit_operator.py for tasks to queue
[2025-11-06T22:41:10.087+0000] {logging_mixin.py:188} INFO - [2025-11-06T22:41:10.086+0000] {dagbag.py:538} INFO - Filling up the DagBag from /home/airflow/.local/lib/python3.8/site-packages/airflow/example_dags/example_short_circuit_operator.py
[2025-11-06T22:41:10.158+0000] {processor.py:840} INFO - DAG(s) 'example_short_circuit_operator' retrieved from /home/airflow/.local/lib/python3.8/site-packages/airflow/example_dags/example_short_circuit_operator.py
[2025-11-06T22:41:10.625+0000] {logging_mixin.py:188} INFO - [2025-11-06T22:41:10.607+0000] {dag.py:3036} INFO - Sync 1 DAGs
[2025-11-06T22:41:10.807+0000] {logging_mixin.py:188} INFO - [2025-11-06T22:41:10.804+0000] {dag.py:3823} INFO - Setting next_dagrun for example_short_circuit_operator to 2025-11-05 00:00:00+00:00, run_after=2025-11-06 00:00:00+00:00
[2025-11-06T22:41:11.026+0000] {processor.py:183} INFO - Processing /home/airflow/.local/lib/python3.8/site-packages/airflow/example_dags/example_short_circuit_operator.py took 1.024 seconds
[2025-11-06T22:41:43.143+0000] {processor.py:161} INFO - Started process (PID=1043) to work on /home/airflow/.local/lib/python3.8/site-packages/airflow/example_dags/example_short_circuit_operator.py
[2025-11-06T22:41:43.145+0000] {processor.py:830} INFO - Processing file /home/airflow/.local/lib/python3.8/site-packages/airflow/example_dags/example_short_circuit_operator.py for tasks to queue
[2025-11-06T22:41:43.146+0000] {logging_mixin.py:188} INFO - [2025-11-06T22:41:43.146+0000] {dagbag.py:538} INFO - Filling up the DagBag from /home/airflow/.local/lib/python3.8/site-packages/airflow/example_dags/example_short_circuit_operator.py
[2025-11-06T22:41:43.161+0000] {processor.py:840} INFO - DAG(s) 'example_short_circuit_operator' retrieved from /home/airflow/.local/lib/python3.8/site-packages/airflow/example_dags/example_short_circuit_operator.py
[2025-11-06T22:41:43.199+0000] {logging_mixin.py:188} INFO - [2025-11-06T22:41:43.199+0000] {dag.py:3036} INFO - Sync 1 DAGs
[2025-11-06T22:41:43.231+0000] {logging_mixin.py:188} INFO - [2025-11-06T22:41:43.231+0000] {dag.py:3823} INFO - Setting next_dagrun for example_short_circuit_operator to 2025-11-05 00:00:00+00:00, run_after=2025-11-06 00:00:00+00:00
[2025-11-06T22:41:43.486+0000] {processor.py:183} INFO - Processing /home/airflow/.local/lib/python3.8/site-packages/airflow/example_dags/example_short_circuit_operator.py took 0.348 seconds
[2025-11-06T22:42:14.517+0000] {processor.py:161} INFO - Started process (PID=1125) to work on /home/airflow/.local/lib/python3.8/site-packages/airflow/example_dags/example_short_circuit_operator.py
[2025-11-06T22:42:14.523+0000] {processor.py:830} INFO - Processing file /home/airflow/.local/lib/python3.8/site-packages/airflow/example_dags/example_short_circuit_operator.py for tasks to queue
[2025-11-06T22:42:14.526+0000] {logging_mixin.py:188} INFO - [2025-11-06T22:42:14.525+0000] {dagbag.py:538} INFO - Filling up the DagBag from /home/airflow/.local/lib/python3.8/site-packages/airflow/example_dags/example_short_circuit_operator.py
[2025-11-06T22:42:14.596+0000] {processor.py:840} INFO - DAG(s) 'example_short_circuit_operator' retrieved from /home/airflow/.local/lib/python3.8/site-packages/airflow/example_dags/example_short_circuit_operator.py
[2025-11-06T22:42:14.740+0000] {logging_mixin.py:188} INFO - [2025-11-06T22:42:14.738+0000] {dag.py:3036} INFO - Sync 1 DAGs
[2025-11-06T22:42:14.874+0000] {logging_mixin.py:188} INFO - [2025-11-06T22:42:14.873+0000] {dag.py:3823} INFO - Setting next_dagrun for example_short_circuit_operator to 2025-11-05 00:00:00+00:00, run_after=2025-11-06 00:00:00+00:00
[2025-11-06T22:42:15.015+0000] {processor.py:183} INFO - Processing /home/airflow/.local/lib/python3.8/site-packages/airflow/example_dags/example_short_circuit_operator.py took 0.527 seconds
[2025-11-06T22:43:14.178+0000] {processor.py:161} INFO - Started process (PID=1223) to work on /home/airflow/.local/lib/python3.8/site-packages/airflow/example_dags/example_short_circuit_operator.py
[2025-11-06T22:43:14.187+0000] {processor.py:830} INFO - Processing file /home/airflow/.local/lib/python3.8/site-packages/airflow/example_dags/example_short_circuit_operator.py for tasks to queue
[2025-11-06T22:43:14.192+0000] {logging_mixin.py:188} INFO - [2025-11-06T22:43:14.191+0000] {dagbag.py:538} INFO - Filling up the DagBag from /home/airflow/.local/lib/python3.8/site-packages/airflow/example_dags/example_short_circuit_operator.py
[2025-11-06T22:43:14.226+0000] {processor.py:840} INFO - DAG(s) 'example_short_circuit_operator' retrieved from /home/airflow/.local/lib/python3.8/site-packages/airflow/example_dags/example_short_circuit_operator.py
[2025-11-06T22:43:14.337+0000] {logging_mixin.py:188} INFO - [2025-11-06T22:43:14.336+0000] {dag.py:3036} INFO - Sync 1 DAGs
[2025-11-06T22:43:14.397+0000] {logging_mixin.py:188} INFO - [2025-11-06T22:43:14.396+0000] {dag.py:3823} INFO - Setting next_dagrun for example_short_circuit_operator to 2025-11-05 00:00:00+00:00, run_after=2025-11-06 00:00:00+00:00
[2025-11-06T22:43:14.456+0000] {processor.py:183} INFO - Processing /home/airflow/.local/lib/python3.8/site-packages/airflow/example_dags/example_short_circuit_operator.py took 0.291 seconds
[2025-11-06T22:43:47.376+0000] {processor.py:161} INFO - Started process (PID=1298) to work on /home/airflow/.local/lib/python3.8/site-packages/airflow/example_dags/example_short_circuit_operator.py
[2025-11-06T22:43:47.378+0000] {processor.py:830} INFO - Processing file /home/airflow/.local/lib/python3.8/site-packages/airflow/example_dags/example_short_circuit_operator.py for tasks to queue
[2025-11-06T22:43:47.387+0000] {logging_mixin.py:188} INFO - [2025-11-06T22:43:47.384+0000] {dagbag.py:538} INFO - Filling up the DagBag from /home/airflow/.local/lib/python3.8/site-packages/airflow/example_dags/example_short_circuit_operator.py
[2025-11-06T22:43:47.486+0000] {processor.py:840} INFO - DAG(s) 'example_short_circuit_operator' retrieved from /home/airflow/.local/lib/python3.8/site-packages/airflow/example_dags/example_short_circuit_operator.py
[2025-11-06T22:43:47.618+0000] {logging_mixin.py:188} INFO - [2025-11-06T22:43:47.618+0000] {dag.py:3036} INFO - Sync 1 DAGs
[2025-11-06T22:43:47.770+0000] {logging_mixin.py:188} INFO - [2025-11-06T22:43:47.768+0000] {dag.py:3823} INFO - Setting next_dagrun for example_short_circuit_operator to 2025-11-05 00:00:00+00:00, run_after=2025-11-06 00:00:00+00:00
[2025-11-06T22:43:47.966+0000] {processor.py:183} INFO - Processing /home/airflow/.local/lib/python3.8/site-packages/airflow/example_dags/example_short_circuit_operator.py took 0.611 seconds
[2025-11-06T22:45:29.174+0000] {processor.py:161} INFO - Started process (PID=1418) to work on /home/airflow/.local/lib/python3.8/site-packages/airflow/example_dags/example_short_circuit_operator.py
[2025-11-06T22:45:29.178+0000] {processor.py:830} INFO - Processing file /home/airflow/.local/lib/python3.8/site-packages/airflow/example_dags/example_short_circuit_operator.py for tasks to queue
[2025-11-06T22:45:29.182+0000] {logging_mixin.py:188} INFO - [2025-11-06T22:45:29.181+0000] {dagbag.py:538} INFO - Filling up the DagBag from /home/airflow/.local/lib/python3.8/site-packages/airflow/example_dags/example_short_circuit_operator.py
[2025-11-06T22:45:29.225+0000] {processor.py:840} INFO - DAG(s) 'example_short_circuit_operator' retrieved from /home/airflow/.local/lib/python3.8/site-packages/airflow/example_dags/example_short_circuit_operator.py
[2025-11-06T22:45:29.379+0000] {logging_mixin.py:188} INFO - [2025-11-06T22:45:29.378+0000] {dag.py:3036} INFO - Sync 1 DAGs
[2025-11-06T22:45:29.564+0000] {logging_mixin.py:188} INFO - [2025-11-06T22:45:29.561+0000] {dag.py:3823} INFO - Setting next_dagrun for example_short_circuit_operator to 2025-11-05 00:00:00+00:00, run_after=2025-11-06 00:00:00+00:00
[2025-11-06T22:45:29.690+0000] {processor.py:183} INFO - Processing /home/airflow/.local/lib/python3.8/site-packages/airflow/example_dags/example_short_circuit_operator.py took 0.545 seconds
[2025-11-06T22:46:02.477+0000] {processor.py:161} INFO - Started process (PID=1501) to work on /home/airflow/.local/lib/python3.8/site-packages/airflow/example_dags/example_short_circuit_operator.py
[2025-11-06T22:46:02.479+0000] {processor.py:830} INFO - Processing file /home/airflow/.local/lib/python3.8/site-packages/airflow/example_dags/example_short_circuit_operator.py for tasks to queue
[2025-11-06T22:46:02.484+0000] {logging_mixin.py:188} INFO - [2025-11-06T22:46:02.482+0000] {dagbag.py:538} INFO - Filling up the DagBag from /home/airflow/.local/lib/python3.8/site-packages/airflow/example_dags/example_short_circuit_operator.py
[2025-11-06T22:46:02.526+0000] {processor.py:840} INFO - DAG(s) 'example_short_circuit_operator' retrieved from /home/airflow/.local/lib/python3.8/site-packages/airflow/example_dags/example_short_circuit_operator.py
[2025-11-06T22:46:02.655+0000] {logging_mixin.py:188} INFO - [2025-11-06T22:46:02.654+0000] {dag.py:3036} INFO - Sync 1 DAGs
[2025-11-06T22:46:02.753+0000] {logging_mixin.py:188} INFO - [2025-11-06T22:46:02.752+0000] {dag.py:3823} INFO - Setting next_dagrun for example_short_circuit_operator to 2025-11-05 00:00:00+00:00, run_after=2025-11-06 00:00:00+00:00
[2025-11-06T22:46:02.837+0000] {processor.py:183} INFO - Processing /home/airflow/.local/lib/python3.8/site-packages/airflow/example_dags/example_short_circuit_operator.py took 0.377 seconds
[2025-11-06T22:46:34.151+0000] {processor.py:161} INFO - Started process (PID=1573) to work on /home/airflow/.local/lib/python3.8/site-packages/airflow/example_dags/example_short_circuit_operator.py
[2025-11-06T22:46:34.158+0000] {processor.py:830} INFO - Processing file /home/airflow/.local/lib/python3.8/site-packages/airflow/example_dags/example_short_circuit_operator.py for tasks to queue
[2025-11-06T22:46:34.165+0000] {logging_mixin.py:188} INFO - [2025-11-06T22:46:34.160+0000] {dagbag.py:538} INFO - Filling up the DagBag from /home/airflow/.local/lib/python3.8/site-packages/airflow/example_dags/example_short_circuit_operator.py
[2025-11-06T22:46:34.233+0000] {processor.py:840} INFO - DAG(s) 'example_short_circuit_operator' retrieved from /home/airflow/.local/lib/python3.8/site-packages/airflow/example_dags/example_short_circuit_operator.py
[2025-11-06T22:46:34.397+0000] {logging_mixin.py:188} INFO - [2025-11-06T22:46:34.397+0000] {dag.py:3036} INFO - Sync 1 DAGs
[2025-11-06T22:46:34.484+0000] {logging_mixin.py:188} INFO - [2025-11-06T22:46:34.483+0000] {dag.py:3823} INFO - Setting next_dagrun for example_short_circuit_operator to 2025-11-05 00:00:00+00:00, run_after=2025-11-06 00:00:00+00:00
[2025-11-06T22:46:34.569+0000] {processor.py:183} INFO - Processing /home/airflow/.local/lib/python3.8/site-packages/airflow/example_dags/example_short_circuit_operator.py took 0.450 seconds
[2025-11-06T22:47:05.265+0000] {processor.py:161} INFO - Started process (PID=1648) to work on /home/airflow/.local/lib/python3.8/site-packages/airflow/example_dags/example_short_circuit_operator.py
[2025-11-06T22:47:05.268+0000] {processor.py:830} INFO - Processing file /home/airflow/.local/lib/python3.8/site-packages/airflow/example_dags/example_short_circuit_operator.py for tasks to queue
[2025-11-06T22:47:05.276+0000] {logging_mixin.py:188} INFO - [2025-11-06T22:47:05.274+0000] {dagbag.py:538} INFO - Filling up the DagBag from /home/airflow/.local/lib/python3.8/site-packages/airflow/example_dags/example_short_circuit_operator.py
[2025-11-06T22:47:05.319+0000] {processor.py:840} INFO - DAG(s) 'example_short_circuit_operator' retrieved from /home/airflow/.local/lib/python3.8/site-packages/airflow/example_dags/example_short_circuit_operator.py
[2025-11-06T22:47:05.432+0000] {logging_mixin.py:188} INFO - [2025-11-06T22:47:05.431+0000] {dag.py:3036} INFO - Sync 1 DAGs
[2025-11-06T22:47:05.523+0000] {logging_mixin.py:188} INFO - [2025-11-06T22:47:05.522+0000] {dag.py:3823} INFO - Setting next_dagrun for example_short_circuit_operator to 2025-11-05 00:00:00+00:00, run_after=2025-11-06 00:00:00+00:00
[2025-11-06T22:47:05.588+0000] {processor.py:183} INFO - Processing /home/airflow/.local/lib/python3.8/site-packages/airflow/example_dags/example_short_circuit_operator.py took 0.340 seconds
