[2025-11-06T22:21:19.002+0000] {processor.py:161} INFO - Started process (PID=242) to work on /home/airflow/.local/lib/python3.8/site-packages/airflow/example_dags/example_latest_only_with_trigger.py
[2025-11-06T22:21:19.004+0000] {processor.py:830} INFO - Processing file /home/airflow/.local/lib/python3.8/site-packages/airflow/example_dags/example_latest_only_with_trigger.py for tasks to queue
[2025-11-06T22:21:19.007+0000] {logging_mixin.py:188} INFO - [2025-11-06T22:21:19.006+0000] {dagbag.py:538} INFO - Filling up the DagBag from /home/airflow/.local/lib/python3.8/site-packages/airflow/example_dags/example_latest_only_with_trigger.py
[2025-11-06T22:21:19.055+0000] {processor.py:840} INFO - DAG(s) 'latest_only_with_trigger' retrieved from /home/airflow/.local/lib/python3.8/site-packages/airflow/example_dags/example_latest_only_with_trigger.py
[2025-11-06T22:21:19.545+0000] {logging_mixin.py:188} INFO - [2025-11-06T22:21:19.544+0000] {dag.py:3036} INFO - Sync 1 DAGs
[2025-11-06T22:21:19.750+0000] {logging_mixin.py:188} INFO - [2025-11-06T22:21:19.750+0000] {dag.py:3823} INFO - Setting next_dagrun for latest_only_with_trigger to 2025-11-06 16:00:00+00:00, run_after=2025-11-06 20:00:00+00:00
[2025-11-06T22:21:20.085+0000] {processor.py:183} INFO - Processing /home/airflow/.local/lib/python3.8/site-packages/airflow/example_dags/example_latest_only_with_trigger.py took 1.094 seconds
[2025-11-06T22:22:03.217+0000] {processor.py:161} INFO - Started process (PID=323) to work on /home/airflow/.local/lib/python3.8/site-packages/airflow/example_dags/example_latest_only_with_trigger.py
[2025-11-06T22:22:03.219+0000] {processor.py:830} INFO - Processing file /home/airflow/.local/lib/python3.8/site-packages/airflow/example_dags/example_latest_only_with_trigger.py for tasks to queue
[2025-11-06T22:22:03.224+0000] {logging_mixin.py:188} INFO - [2025-11-06T22:22:03.222+0000] {dagbag.py:538} INFO - Filling up the DagBag from /home/airflow/.local/lib/python3.8/site-packages/airflow/example_dags/example_latest_only_with_trigger.py
[2025-11-06T22:22:03.251+0000] {processor.py:840} INFO - DAG(s) 'latest_only_with_trigger' retrieved from /home/airflow/.local/lib/python3.8/site-packages/airflow/example_dags/example_latest_only_with_trigger.py
[2025-11-06T22:22:03.445+0000] {logging_mixin.py:188} INFO - [2025-11-06T22:22:03.445+0000] {dag.py:3036} INFO - Sync 1 DAGs
[2025-11-06T22:22:03.651+0000] {logging_mixin.py:188} INFO - [2025-11-06T22:22:03.650+0000] {dag.py:3823} INFO - Setting next_dagrun for latest_only_with_trigger to 2025-11-06 16:00:00+00:00, run_after=2025-11-06 20:00:00+00:00
[2025-11-06T22:22:03.776+0000] {processor.py:183} INFO - Processing /home/airflow/.local/lib/python3.8/site-packages/airflow/example_dags/example_latest_only_with_trigger.py took 0.570 seconds
[2025-11-06T22:22:35.030+0000] {processor.py:161} INFO - Started process (PID=396) to work on /home/airflow/.local/lib/python3.8/site-packages/airflow/example_dags/example_latest_only_with_trigger.py
[2025-11-06T22:22:35.033+0000] {processor.py:830} INFO - Processing file /home/airflow/.local/lib/python3.8/site-packages/airflow/example_dags/example_latest_only_with_trigger.py for tasks to queue
[2025-11-06T22:22:35.037+0000] {logging_mixin.py:188} INFO - [2025-11-06T22:22:35.036+0000] {dagbag.py:538} INFO - Filling up the DagBag from /home/airflow/.local/lib/python3.8/site-packages/airflow/example_dags/example_latest_only_with_trigger.py
[2025-11-06T22:22:35.057+0000] {processor.py:840} INFO - DAG(s) 'latest_only_with_trigger' retrieved from /home/airflow/.local/lib/python3.8/site-packages/airflow/example_dags/example_latest_only_with_trigger.py
[2025-11-06T22:22:35.363+0000] {logging_mixin.py:188} INFO - [2025-11-06T22:22:35.362+0000] {dag.py:3036} INFO - Sync 1 DAGs
[2025-11-06T22:22:35.524+0000] {logging_mixin.py:188} INFO - [2025-11-06T22:22:35.523+0000] {dag.py:3823} INFO - Setting next_dagrun for latest_only_with_trigger to 2025-11-06 16:00:00+00:00, run_after=2025-11-06 20:00:00+00:00
[2025-11-06T22:22:35.637+0000] {processor.py:183} INFO - Processing /home/airflow/.local/lib/python3.8/site-packages/airflow/example_dags/example_latest_only_with_trigger.py took 0.617 seconds
[2025-11-06T22:33:25.445+0000] {processor.py:161} INFO - Started process (PID=161) to work on /home/airflow/.local/lib/python3.8/site-packages/airflow/example_dags/example_latest_only_with_trigger.py
[2025-11-06T22:33:25.448+0000] {processor.py:830} INFO - Processing file /home/airflow/.local/lib/python3.8/site-packages/airflow/example_dags/example_latest_only_with_trigger.py for tasks to queue
[2025-11-06T22:33:25.451+0000] {logging_mixin.py:188} INFO - [2025-11-06T22:33:25.450+0000] {dagbag.py:538} INFO - Filling up the DagBag from /home/airflow/.local/lib/python3.8/site-packages/airflow/example_dags/example_latest_only_with_trigger.py
[2025-11-06T22:33:25.473+0000] {processor.py:840} INFO - DAG(s) 'latest_only_with_trigger' retrieved from /home/airflow/.local/lib/python3.8/site-packages/airflow/example_dags/example_latest_only_with_trigger.py
[2025-11-06T22:33:25.964+0000] {logging_mixin.py:188} INFO - [2025-11-06T22:33:25.963+0000] {dag.py:3036} INFO - Sync 1 DAGs
[2025-11-06T22:33:26.049+0000] {logging_mixin.py:188} INFO - [2025-11-06T22:33:26.048+0000] {dag.py:3823} INFO - Setting next_dagrun for latest_only_with_trigger to 2025-11-06 16:00:00+00:00, run_after=2025-11-06 20:00:00+00:00
[2025-11-06T22:33:26.121+0000] {processor.py:183} INFO - Processing /home/airflow/.local/lib/python3.8/site-packages/airflow/example_dags/example_latest_only_with_trigger.py took 0.686 seconds
[2025-11-06T22:33:56.588+0000] {processor.py:161} INFO - Started process (PID=227) to work on /home/airflow/.local/lib/python3.8/site-packages/airflow/example_dags/example_latest_only_with_trigger.py
[2025-11-06T22:33:56.590+0000] {processor.py:830} INFO - Processing file /home/airflow/.local/lib/python3.8/site-packages/airflow/example_dags/example_latest_only_with_trigger.py for tasks to queue
[2025-11-06T22:33:56.593+0000] {logging_mixin.py:188} INFO - [2025-11-06T22:33:56.592+0000] {dagbag.py:538} INFO - Filling up the DagBag from /home/airflow/.local/lib/python3.8/site-packages/airflow/example_dags/example_latest_only_with_trigger.py
[2025-11-06T22:33:56.629+0000] {processor.py:840} INFO - DAG(s) 'latest_only_with_trigger' retrieved from /home/airflow/.local/lib/python3.8/site-packages/airflow/example_dags/example_latest_only_with_trigger.py
[2025-11-06T22:33:56.708+0000] {logging_mixin.py:188} INFO - [2025-11-06T22:33:56.707+0000] {dag.py:3036} INFO - Sync 1 DAGs
[2025-11-06T22:33:56.767+0000] {logging_mixin.py:188} INFO - [2025-11-06T22:33:56.767+0000] {dag.py:3823} INFO - Setting next_dagrun for latest_only_with_trigger to 2025-11-06 16:00:00+00:00, run_after=2025-11-06 20:00:00+00:00
[2025-11-06T22:33:56.841+0000] {processor.py:183} INFO - Processing /home/airflow/.local/lib/python3.8/site-packages/airflow/example_dags/example_latest_only_with_trigger.py took 0.286 seconds
[2025-11-06T22:34:32.158+0000] {processor.py:161} INFO - Started process (PID=308) to work on /home/airflow/.local/lib/python3.8/site-packages/airflow/example_dags/example_latest_only_with_trigger.py
[2025-11-06T22:34:32.160+0000] {processor.py:830} INFO - Processing file /home/airflow/.local/lib/python3.8/site-packages/airflow/example_dags/example_latest_only_with_trigger.py for tasks to queue
[2025-11-06T22:34:32.163+0000] {logging_mixin.py:188} INFO - [2025-11-06T22:34:32.162+0000] {dagbag.py:538} INFO - Filling up the DagBag from /home/airflow/.local/lib/python3.8/site-packages/airflow/example_dags/example_latest_only_with_trigger.py
[2025-11-06T22:34:32.192+0000] {processor.py:840} INFO - DAG(s) 'latest_only_with_trigger' retrieved from /home/airflow/.local/lib/python3.8/site-packages/airflow/example_dags/example_latest_only_with_trigger.py
[2025-11-06T22:34:32.263+0000] {logging_mixin.py:188} INFO - [2025-11-06T22:34:32.262+0000] {dag.py:3036} INFO - Sync 1 DAGs
[2025-11-06T22:34:32.587+0000] {logging_mixin.py:188} INFO - [2025-11-06T22:34:32.587+0000] {dag.py:3823} INFO - Setting next_dagrun for latest_only_with_trigger to 2025-11-06 16:00:00+00:00, run_after=2025-11-06 20:00:00+00:00
[2025-11-06T22:34:32.643+0000] {processor.py:183} INFO - Processing /home/airflow/.local/lib/python3.8/site-packages/airflow/example_dags/example_latest_only_with_trigger.py took 0.496 seconds
[2025-11-06T22:35:08.279+0000] {processor.py:161} INFO - Started process (PID=381) to work on /home/airflow/.local/lib/python3.8/site-packages/airflow/example_dags/example_latest_only_with_trigger.py
[2025-11-06T22:35:08.286+0000] {processor.py:830} INFO - Processing file /home/airflow/.local/lib/python3.8/site-packages/airflow/example_dags/example_latest_only_with_trigger.py for tasks to queue
[2025-11-06T22:35:08.306+0000] {logging_mixin.py:188} INFO - [2025-11-06T22:35:08.298+0000] {dagbag.py:538} INFO - Filling up the DagBag from /home/airflow/.local/lib/python3.8/site-packages/airflow/example_dags/example_latest_only_with_trigger.py
[2025-11-06T22:35:08.337+0000] {processor.py:840} INFO - DAG(s) 'latest_only_with_trigger' retrieved from /home/airflow/.local/lib/python3.8/site-packages/airflow/example_dags/example_latest_only_with_trigger.py
[2025-11-06T22:35:08.656+0000] {logging_mixin.py:188} INFO - [2025-11-06T22:35:08.639+0000] {dag.py:3036} INFO - Sync 1 DAGs
[2025-11-06T22:35:09.153+0000] {logging_mixin.py:188} INFO - [2025-11-06T22:35:09.148+0000] {dag.py:3823} INFO - Setting next_dagrun for latest_only_with_trigger to 2025-11-06 16:00:00+00:00, run_after=2025-11-06 20:00:00+00:00
[2025-11-06T22:35:09.331+0000] {processor.py:183} INFO - Processing /home/airflow/.local/lib/python3.8/site-packages/airflow/example_dags/example_latest_only_with_trigger.py took 1.187 seconds
[2025-11-06T22:35:39.972+0000] {processor.py:161} INFO - Started process (PID=455) to work on /home/airflow/.local/lib/python3.8/site-packages/airflow/example_dags/example_latest_only_with_trigger.py
[2025-11-06T22:35:39.974+0000] {processor.py:830} INFO - Processing file /home/airflow/.local/lib/python3.8/site-packages/airflow/example_dags/example_latest_only_with_trigger.py for tasks to queue
[2025-11-06T22:35:39.981+0000] {logging_mixin.py:188} INFO - [2025-11-06T22:35:39.977+0000] {dagbag.py:538} INFO - Filling up the DagBag from /home/airflow/.local/lib/python3.8/site-packages/airflow/example_dags/example_latest_only_with_trigger.py
[2025-11-06T22:35:40.031+0000] {processor.py:840} INFO - DAG(s) 'latest_only_with_trigger' retrieved from /home/airflow/.local/lib/python3.8/site-packages/airflow/example_dags/example_latest_only_with_trigger.py
[2025-11-06T22:35:40.141+0000] {logging_mixin.py:188} INFO - [2025-11-06T22:35:40.139+0000] {dag.py:3036} INFO - Sync 1 DAGs
[2025-11-06T22:35:40.317+0000] {logging_mixin.py:188} INFO - [2025-11-06T22:35:40.316+0000] {dag.py:3823} INFO - Setting next_dagrun for latest_only_with_trigger to 2025-11-06 16:00:00+00:00, run_after=2025-11-06 20:00:00+00:00
[2025-11-06T22:35:40.500+0000] {processor.py:183} INFO - Processing /home/airflow/.local/lib/python3.8/site-packages/airflow/example_dags/example_latest_only_with_trigger.py took 0.543 seconds
[2025-11-06T22:36:10.706+0000] {processor.py:161} INFO - Started process (PID=538) to work on /home/airflow/.local/lib/python3.8/site-packages/airflow/example_dags/example_latest_only_with_trigger.py
[2025-11-06T22:36:10.708+0000] {processor.py:830} INFO - Processing file /home/airflow/.local/lib/python3.8/site-packages/airflow/example_dags/example_latest_only_with_trigger.py for tasks to queue
[2025-11-06T22:36:10.711+0000] {logging_mixin.py:188} INFO - [2025-11-06T22:36:10.710+0000] {dagbag.py:538} INFO - Filling up the DagBag from /home/airflow/.local/lib/python3.8/site-packages/airflow/example_dags/example_latest_only_with_trigger.py
[2025-11-06T22:36:10.733+0000] {processor.py:840} INFO - DAG(s) 'latest_only_with_trigger' retrieved from /home/airflow/.local/lib/python3.8/site-packages/airflow/example_dags/example_latest_only_with_trigger.py
[2025-11-06T22:36:10.801+0000] {logging_mixin.py:188} INFO - [2025-11-06T22:36:10.800+0000] {dag.py:3036} INFO - Sync 1 DAGs
[2025-11-06T22:36:10.865+0000] {logging_mixin.py:188} INFO - [2025-11-06T22:36:10.865+0000] {dag.py:3823} INFO - Setting next_dagrun for latest_only_with_trigger to 2025-11-06 16:00:00+00:00, run_after=2025-11-06 20:00:00+00:00
[2025-11-06T22:36:10.927+0000] {processor.py:183} INFO - Processing /home/airflow/.local/lib/python3.8/site-packages/airflow/example_dags/example_latest_only_with_trigger.py took 0.229 seconds
[2025-11-06T22:36:41.544+0000] {processor.py:161} INFO - Started process (PID=610) to work on /home/airflow/.local/lib/python3.8/site-packages/airflow/example_dags/example_latest_only_with_trigger.py
[2025-11-06T22:36:41.547+0000] {processor.py:830} INFO - Processing file /home/airflow/.local/lib/python3.8/site-packages/airflow/example_dags/example_latest_only_with_trigger.py for tasks to queue
[2025-11-06T22:36:41.551+0000] {logging_mixin.py:188} INFO - [2025-11-06T22:36:41.550+0000] {dagbag.py:538} INFO - Filling up the DagBag from /home/airflow/.local/lib/python3.8/site-packages/airflow/example_dags/example_latest_only_with_trigger.py
[2025-11-06T22:36:41.596+0000] {processor.py:840} INFO - DAG(s) 'latest_only_with_trigger' retrieved from /home/airflow/.local/lib/python3.8/site-packages/airflow/example_dags/example_latest_only_with_trigger.py
[2025-11-06T22:36:41.694+0000] {logging_mixin.py:188} INFO - [2025-11-06T22:36:41.693+0000] {dag.py:3036} INFO - Sync 1 DAGs
[2025-11-06T22:36:41.777+0000] {logging_mixin.py:188} INFO - [2025-11-06T22:36:41.777+0000] {dag.py:3823} INFO - Setting next_dagrun for latest_only_with_trigger to 2025-11-06 16:00:00+00:00, run_after=2025-11-06 20:00:00+00:00
[2025-11-06T22:36:41.835+0000] {processor.py:183} INFO - Processing /home/airflow/.local/lib/python3.8/site-packages/airflow/example_dags/example_latest_only_with_trigger.py took 0.304 seconds
[2025-11-06T22:37:12.021+0000] {processor.py:161} INFO - Started process (PID=683) to work on /home/airflow/.local/lib/python3.8/site-packages/airflow/example_dags/example_latest_only_with_trigger.py
[2025-11-06T22:37:12.023+0000] {processor.py:830} INFO - Processing file /home/airflow/.local/lib/python3.8/site-packages/airflow/example_dags/example_latest_only_with_trigger.py for tasks to queue
[2025-11-06T22:37:12.025+0000] {logging_mixin.py:188} INFO - [2025-11-06T22:37:12.024+0000] {dagbag.py:538} INFO - Filling up the DagBag from /home/airflow/.local/lib/python3.8/site-packages/airflow/example_dags/example_latest_only_with_trigger.py
[2025-11-06T22:37:12.038+0000] {processor.py:840} INFO - DAG(s) 'latest_only_with_trigger' retrieved from /home/airflow/.local/lib/python3.8/site-packages/airflow/example_dags/example_latest_only_with_trigger.py
[2025-11-06T22:37:12.081+0000] {logging_mixin.py:188} INFO - [2025-11-06T22:37:12.080+0000] {dag.py:3036} INFO - Sync 1 DAGs
[2025-11-06T22:37:12.120+0000] {logging_mixin.py:188} INFO - [2025-11-06T22:37:12.119+0000] {dag.py:3823} INFO - Setting next_dagrun for latest_only_with_trigger to 2025-11-06 16:00:00+00:00, run_after=2025-11-06 20:00:00+00:00
[2025-11-06T22:37:12.179+0000] {processor.py:183} INFO - Processing /home/airflow/.local/lib/python3.8/site-packages/airflow/example_dags/example_latest_only_with_trigger.py took 0.164 seconds
[2025-11-06T22:37:42.895+0000] {processor.py:161} INFO - Started process (PID=763) to work on /home/airflow/.local/lib/python3.8/site-packages/airflow/example_dags/example_latest_only_with_trigger.py
[2025-11-06T22:37:42.897+0000] {processor.py:830} INFO - Processing file /home/airflow/.local/lib/python3.8/site-packages/airflow/example_dags/example_latest_only_with_trigger.py for tasks to queue
[2025-11-06T22:37:42.900+0000] {logging_mixin.py:188} INFO - [2025-11-06T22:37:42.899+0000] {dagbag.py:538} INFO - Filling up the DagBag from /home/airflow/.local/lib/python3.8/site-packages/airflow/example_dags/example_latest_only_with_trigger.py
[2025-11-06T22:37:42.925+0000] {processor.py:840} INFO - DAG(s) 'latest_only_with_trigger' retrieved from /home/airflow/.local/lib/python3.8/site-packages/airflow/example_dags/example_latest_only_with_trigger.py
[2025-11-06T22:37:42.994+0000] {logging_mixin.py:188} INFO - [2025-11-06T22:37:42.993+0000] {dag.py:3036} INFO - Sync 1 DAGs
[2025-11-06T22:37:43.065+0000] {logging_mixin.py:188} INFO - [2025-11-06T22:37:43.064+0000] {dag.py:3823} INFO - Setting next_dagrun for latest_only_with_trigger to 2025-11-06 16:00:00+00:00, run_after=2025-11-06 20:00:00+00:00
[2025-11-06T22:37:43.138+0000] {processor.py:183} INFO - Processing /home/airflow/.local/lib/python3.8/site-packages/airflow/example_dags/example_latest_only_with_trigger.py took 0.254 seconds
[2025-11-06T22:40:19.834+0000] {processor.py:161} INFO - Started process (PID=881) to work on /home/airflow/.local/lib/python3.8/site-packages/airflow/example_dags/example_latest_only_with_trigger.py
[2025-11-06T22:40:19.844+0000] {processor.py:830} INFO - Processing file /home/airflow/.local/lib/python3.8/site-packages/airflow/example_dags/example_latest_only_with_trigger.py for tasks to queue
[2025-11-06T22:40:19.851+0000] {logging_mixin.py:188} INFO - [2025-11-06T22:40:19.848+0000] {dagbag.py:538} INFO - Filling up the DagBag from /home/airflow/.local/lib/python3.8/site-packages/airflow/example_dags/example_latest_only_with_trigger.py
[2025-11-06T22:40:19.922+0000] {processor.py:840} INFO - DAG(s) 'latest_only_with_trigger' retrieved from /home/airflow/.local/lib/python3.8/site-packages/airflow/example_dags/example_latest_only_with_trigger.py
[2025-11-06T22:40:20.218+0000] {logging_mixin.py:188} INFO - [2025-11-06T22:40:20.217+0000] {dag.py:3036} INFO - Sync 1 DAGs
[2025-11-06T22:40:20.403+0000] {logging_mixin.py:188} INFO - [2025-11-06T22:40:20.402+0000] {dag.py:3823} INFO - Setting next_dagrun for latest_only_with_trigger to 2025-11-06 16:00:00+00:00, run_after=2025-11-06 20:00:00+00:00
[2025-11-06T22:40:20.567+0000] {processor.py:183} INFO - Processing /home/airflow/.local/lib/python3.8/site-packages/airflow/example_dags/example_latest_only_with_trigger.py took 0.753 seconds
[2025-11-06T22:40:52.084+0000] {processor.py:161} INFO - Started process (PID=945) to work on /home/airflow/.local/lib/python3.8/site-packages/airflow/example_dags/example_latest_only_with_trigger.py
[2025-11-06T22:40:52.094+0000] {processor.py:830} INFO - Processing file /home/airflow/.local/lib/python3.8/site-packages/airflow/example_dags/example_latest_only_with_trigger.py for tasks to queue
[2025-11-06T22:40:52.099+0000] {logging_mixin.py:188} INFO - [2025-11-06T22:40:52.097+0000] {dagbag.py:538} INFO - Filling up the DagBag from /home/airflow/.local/lib/python3.8/site-packages/airflow/example_dags/example_latest_only_with_trigger.py
[2025-11-06T22:40:52.237+0000] {processor.py:840} INFO - DAG(s) 'latest_only_with_trigger' retrieved from /home/airflow/.local/lib/python3.8/site-packages/airflow/example_dags/example_latest_only_with_trigger.py
[2025-11-06T22:40:52.726+0000] {logging_mixin.py:188} INFO - [2025-11-06T22:40:52.725+0000] {dag.py:3036} INFO - Sync 1 DAGs
[2025-11-06T22:40:52.988+0000] {logging_mixin.py:188} INFO - [2025-11-06T22:40:52.948+0000] {dag.py:3823} INFO - Setting next_dagrun for latest_only_with_trigger to 2025-11-06 16:00:00+00:00, run_after=2025-11-06 20:00:00+00:00
[2025-11-06T22:40:53.515+0000] {processor.py:183} INFO - Processing /home/airflow/.local/lib/python3.8/site-packages/airflow/example_dags/example_latest_only_with_trigger.py took 1.483 seconds
[2025-11-06T22:41:32.182+0000] {processor.py:161} INFO - Started process (PID=1032) to work on /home/airflow/.local/lib/python3.8/site-packages/airflow/example_dags/example_latest_only_with_trigger.py
[2025-11-06T22:41:32.184+0000] {processor.py:830} INFO - Processing file /home/airflow/.local/lib/python3.8/site-packages/airflow/example_dags/example_latest_only_with_trigger.py for tasks to queue
[2025-11-06T22:41:32.187+0000] {logging_mixin.py:188} INFO - [2025-11-06T22:41:32.186+0000] {dagbag.py:538} INFO - Filling up the DagBag from /home/airflow/.local/lib/python3.8/site-packages/airflow/example_dags/example_latest_only_with_trigger.py
[2025-11-06T22:41:32.222+0000] {processor.py:840} INFO - DAG(s) 'latest_only_with_trigger' retrieved from /home/airflow/.local/lib/python3.8/site-packages/airflow/example_dags/example_latest_only_with_trigger.py
[2025-11-06T22:41:32.310+0000] {logging_mixin.py:188} INFO - [2025-11-06T22:41:32.309+0000] {dag.py:3036} INFO - Sync 1 DAGs
[2025-11-06T22:41:32.358+0000] {logging_mixin.py:188} INFO - [2025-11-06T22:41:32.358+0000] {dag.py:3823} INFO - Setting next_dagrun for latest_only_with_trigger to 2025-11-06 16:00:00+00:00, run_after=2025-11-06 20:00:00+00:00
[2025-11-06T22:41:32.431+0000] {processor.py:183} INFO - Processing /home/airflow/.local/lib/python3.8/site-packages/airflow/example_dags/example_latest_only_with_trigger.py took 0.258 seconds
[2025-11-06T22:42:06.986+0000] {processor.py:161} INFO - Started process (PID=1107) to work on /home/airflow/.local/lib/python3.8/site-packages/airflow/example_dags/example_latest_only_with_trigger.py
[2025-11-06T22:42:06.989+0000] {processor.py:830} INFO - Processing file /home/airflow/.local/lib/python3.8/site-packages/airflow/example_dags/example_latest_only_with_trigger.py for tasks to queue
[2025-11-06T22:42:06.996+0000] {logging_mixin.py:188} INFO - [2025-11-06T22:42:06.993+0000] {dagbag.py:538} INFO - Filling up the DagBag from /home/airflow/.local/lib/python3.8/site-packages/airflow/example_dags/example_latest_only_with_trigger.py
[2025-11-06T22:42:07.115+0000] {processor.py:840} INFO - DAG(s) 'latest_only_with_trigger' retrieved from /home/airflow/.local/lib/python3.8/site-packages/airflow/example_dags/example_latest_only_with_trigger.py
[2025-11-06T22:42:07.317+0000] {logging_mixin.py:188} INFO - [2025-11-06T22:42:07.308+0000] {dag.py:3036} INFO - Sync 1 DAGs
[2025-11-06T22:42:07.531+0000] {logging_mixin.py:188} INFO - [2025-11-06T22:42:07.531+0000] {dag.py:3823} INFO - Setting next_dagrun for latest_only_with_trigger to 2025-11-06 16:00:00+00:00, run_after=2025-11-06 20:00:00+00:00
[2025-11-06T22:42:07.741+0000] {processor.py:183} INFO - Processing /home/airflow/.local/lib/python3.8/site-packages/airflow/example_dags/example_latest_only_with_trigger.py took 0.780 seconds
[2025-11-06T22:42:49.425+0000] {processor.py:161} INFO - Started process (PID=1185) to work on /home/airflow/.local/lib/python3.8/site-packages/airflow/example_dags/example_latest_only_with_trigger.py
[2025-11-06T22:42:49.428+0000] {processor.py:830} INFO - Processing file /home/airflow/.local/lib/python3.8/site-packages/airflow/example_dags/example_latest_only_with_trigger.py for tasks to queue
[2025-11-06T22:42:49.433+0000] {logging_mixin.py:188} INFO - [2025-11-06T22:42:49.432+0000] {dagbag.py:538} INFO - Filling up the DagBag from /home/airflow/.local/lib/python3.8/site-packages/airflow/example_dags/example_latest_only_with_trigger.py
[2025-11-06T22:42:49.468+0000] {processor.py:840} INFO - DAG(s) 'latest_only_with_trigger' retrieved from /home/airflow/.local/lib/python3.8/site-packages/airflow/example_dags/example_latest_only_with_trigger.py
[2025-11-06T22:42:49.629+0000] {logging_mixin.py:188} INFO - [2025-11-06T22:42:49.628+0000] {dag.py:3036} INFO - Sync 1 DAGs
[2025-11-06T22:42:49.725+0000] {logging_mixin.py:188} INFO - [2025-11-06T22:42:49.725+0000] {dag.py:3823} INFO - Setting next_dagrun for latest_only_with_trigger to 2025-11-06 16:00:00+00:00, run_after=2025-11-06 20:00:00+00:00
[2025-11-06T22:42:49.797+0000] {processor.py:183} INFO - Processing /home/airflow/.local/lib/python3.8/site-packages/airflow/example_dags/example_latest_only_with_trigger.py took 0.383 seconds
[2025-11-06T22:43:24.572+0000] {processor.py:161} INFO - Started process (PID=1267) to work on /home/airflow/.local/lib/python3.8/site-packages/airflow/example_dags/example_latest_only_with_trigger.py
[2025-11-06T22:43:24.575+0000] {processor.py:830} INFO - Processing file /home/airflow/.local/lib/python3.8/site-packages/airflow/example_dags/example_latest_only_with_trigger.py for tasks to queue
[2025-11-06T22:43:24.582+0000] {logging_mixin.py:188} INFO - [2025-11-06T22:43:24.580+0000] {dagbag.py:538} INFO - Filling up the DagBag from /home/airflow/.local/lib/python3.8/site-packages/airflow/example_dags/example_latest_only_with_trigger.py
[2025-11-06T22:43:24.654+0000] {processor.py:840} INFO - DAG(s) 'latest_only_with_trigger' retrieved from /home/airflow/.local/lib/python3.8/site-packages/airflow/example_dags/example_latest_only_with_trigger.py
[2025-11-06T22:43:24.899+0000] {logging_mixin.py:188} INFO - [2025-11-06T22:43:24.898+0000] {dag.py:3036} INFO - Sync 1 DAGs
[2025-11-06T22:43:25.162+0000] {logging_mixin.py:188} INFO - [2025-11-06T22:43:25.162+0000] {dag.py:3823} INFO - Setting next_dagrun for latest_only_with_trigger to 2025-11-06 16:00:00+00:00, run_after=2025-11-06 20:00:00+00:00
[2025-11-06T22:43:25.433+0000] {processor.py:183} INFO - Processing /home/airflow/.local/lib/python3.8/site-packages/airflow/example_dags/example_latest_only_with_trigger.py took 0.892 seconds
[2025-11-06T22:44:18.875+0000] {processor.py:161} INFO - Started process (PID=1340) to work on /home/airflow/.local/lib/python3.8/site-packages/airflow/example_dags/example_latest_only_with_trigger.py
[2025-11-06T22:44:18.895+0000] {processor.py:830} INFO - Processing file /home/airflow/.local/lib/python3.8/site-packages/airflow/example_dags/example_latest_only_with_trigger.py for tasks to queue
[2025-11-06T22:44:18.923+0000] {logging_mixin.py:188} INFO - [2025-11-06T22:44:18.922+0000] {dagbag.py:538} INFO - Filling up the DagBag from /home/airflow/.local/lib/python3.8/site-packages/airflow/example_dags/example_latest_only_with_trigger.py
[2025-11-06T22:44:19.008+0000] {processor.py:840} INFO - DAG(s) 'latest_only_with_trigger' retrieved from /home/airflow/.local/lib/python3.8/site-packages/airflow/example_dags/example_latest_only_with_trigger.py
[2025-11-06T22:44:19.151+0000] {logging_mixin.py:188} INFO - [2025-11-06T22:44:19.150+0000] {dag.py:3036} INFO - Sync 1 DAGs
[2025-11-06T22:44:19.416+0000] {logging_mixin.py:188} INFO - [2025-11-06T22:44:19.413+0000] {dag.py:3823} INFO - Setting next_dagrun for latest_only_with_trigger to 2025-11-06 16:00:00+00:00, run_after=2025-11-06 20:00:00+00:00
[2025-11-06T22:44:19.584+0000] {processor.py:183} INFO - Processing /home/airflow/.local/lib/python3.8/site-packages/airflow/example_dags/example_latest_only_with_trigger.py took 0.730 seconds
[2025-11-06T22:45:46.921+0000] {processor.py:161} INFO - Started process (PID=1456) to work on /home/airflow/.local/lib/python3.8/site-packages/airflow/example_dags/example_latest_only_with_trigger.py
[2025-11-06T22:45:46.923+0000] {processor.py:830} INFO - Processing file /home/airflow/.local/lib/python3.8/site-packages/airflow/example_dags/example_latest_only_with_trigger.py for tasks to queue
[2025-11-06T22:45:46.943+0000] {logging_mixin.py:188} INFO - [2025-11-06T22:45:46.934+0000] {dagbag.py:538} INFO - Filling up the DagBag from /home/airflow/.local/lib/python3.8/site-packages/airflow/example_dags/example_latest_only_with_trigger.py
[2025-11-06T22:45:47.021+0000] {processor.py:840} INFO - DAG(s) 'latest_only_with_trigger' retrieved from /home/airflow/.local/lib/python3.8/site-packages/airflow/example_dags/example_latest_only_with_trigger.py
[2025-11-06T22:45:47.580+0000] {logging_mixin.py:188} INFO - [2025-11-06T22:45:47.580+0000] {dag.py:3036} INFO - Sync 1 DAGs
[2025-11-06T22:45:47.825+0000] {logging_mixin.py:188} INFO - [2025-11-06T22:45:47.824+0000] {dag.py:3823} INFO - Setting next_dagrun for latest_only_with_trigger to 2025-11-06 16:00:00+00:00, run_after=2025-11-06 20:00:00+00:00
[2025-11-06T22:45:47.901+0000] {processor.py:183} INFO - Processing /home/airflow/.local/lib/python3.8/site-packages/airflow/example_dags/example_latest_only_with_trigger.py took 1.035 seconds
[2025-11-06T22:46:18.358+0000] {processor.py:161} INFO - Started process (PID=1535) to work on /home/airflow/.local/lib/python3.8/site-packages/airflow/example_dags/example_latest_only_with_trigger.py
[2025-11-06T22:46:18.363+0000] {processor.py:830} INFO - Processing file /home/airflow/.local/lib/python3.8/site-packages/airflow/example_dags/example_latest_only_with_trigger.py for tasks to queue
[2025-11-06T22:46:18.386+0000] {logging_mixin.py:188} INFO - [2025-11-06T22:46:18.383+0000] {dagbag.py:538} INFO - Filling up the DagBag from /home/airflow/.local/lib/python3.8/site-packages/airflow/example_dags/example_latest_only_with_trigger.py
[2025-11-06T22:46:18.453+0000] {processor.py:840} INFO - DAG(s) 'latest_only_with_trigger' retrieved from /home/airflow/.local/lib/python3.8/site-packages/airflow/example_dags/example_latest_only_with_trigger.py
[2025-11-06T22:46:18.588+0000] {logging_mixin.py:188} INFO - [2025-11-06T22:46:18.587+0000] {dag.py:3036} INFO - Sync 1 DAGs
[2025-11-06T22:46:18.721+0000] {logging_mixin.py:188} INFO - [2025-11-06T22:46:18.720+0000] {dag.py:3823} INFO - Setting next_dagrun for latest_only_with_trigger to 2025-11-06 16:00:00+00:00, run_after=2025-11-06 20:00:00+00:00
[2025-11-06T22:46:18.875+0000] {processor.py:183} INFO - Processing /home/airflow/.local/lib/python3.8/site-packages/airflow/example_dags/example_latest_only_with_trigger.py took 0.594 seconds
[2025-11-06T22:46:49.993+0000] {processor.py:161} INFO - Started process (PID=1611) to work on /home/airflow/.local/lib/python3.8/site-packages/airflow/example_dags/example_latest_only_with_trigger.py
[2025-11-06T22:46:50.004+0000] {processor.py:830} INFO - Processing file /home/airflow/.local/lib/python3.8/site-packages/airflow/example_dags/example_latest_only_with_trigger.py for tasks to queue
[2025-11-06T22:46:50.012+0000] {logging_mixin.py:188} INFO - [2025-11-06T22:46:50.011+0000] {dagbag.py:538} INFO - Filling up the DagBag from /home/airflow/.local/lib/python3.8/site-packages/airflow/example_dags/example_latest_only_with_trigger.py
[2025-11-06T22:46:50.049+0000] {processor.py:840} INFO - DAG(s) 'latest_only_with_trigger' retrieved from /home/airflow/.local/lib/python3.8/site-packages/airflow/example_dags/example_latest_only_with_trigger.py
[2025-11-06T22:46:50.192+0000] {logging_mixin.py:188} INFO - [2025-11-06T22:46:50.190+0000] {dag.py:3036} INFO - Sync 1 DAGs
[2025-11-06T22:46:50.295+0000] {logging_mixin.py:188} INFO - [2025-11-06T22:46:50.288+0000] {dag.py:3823} INFO - Setting next_dagrun for latest_only_with_trigger to 2025-11-06 16:00:00+00:00, run_after=2025-11-06 20:00:00+00:00
[2025-11-06T22:46:50.590+0000] {processor.py:183} INFO - Processing /home/airflow/.local/lib/python3.8/site-packages/airflow/example_dags/example_latest_only_with_trigger.py took 0.618 seconds
[2025-11-06T22:47:20.869+0000] {processor.py:161} INFO - Started process (PID=1677) to work on /home/airflow/.local/lib/python3.8/site-packages/airflow/example_dags/example_latest_only_with_trigger.py
[2025-11-06T22:47:20.871+0000] {processor.py:830} INFO - Processing file /home/airflow/.local/lib/python3.8/site-packages/airflow/example_dags/example_latest_only_with_trigger.py for tasks to queue
[2025-11-06T22:47:20.875+0000] {logging_mixin.py:188} INFO - [2025-11-06T22:47:20.874+0000] {dagbag.py:538} INFO - Filling up the DagBag from /home/airflow/.local/lib/python3.8/site-packages/airflow/example_dags/example_latest_only_with_trigger.py
[2025-11-06T22:47:20.899+0000] {processor.py:840} INFO - DAG(s) 'latest_only_with_trigger' retrieved from /home/airflow/.local/lib/python3.8/site-packages/airflow/example_dags/example_latest_only_with_trigger.py
[2025-11-06T22:47:20.998+0000] {logging_mixin.py:188} INFO - [2025-11-06T22:47:20.998+0000] {dag.py:3036} INFO - Sync 1 DAGs
[2025-11-06T22:47:21.089+0000] {logging_mixin.py:188} INFO - [2025-11-06T22:47:21.089+0000] {dag.py:3823} INFO - Setting next_dagrun for latest_only_with_trigger to 2025-11-06 16:00:00+00:00, run_after=2025-11-06 20:00:00+00:00
[2025-11-06T22:47:21.182+0000] {processor.py:183} INFO - Processing /home/airflow/.local/lib/python3.8/site-packages/airflow/example_dags/example_latest_only_with_trigger.py took 0.322 seconds
