[2025-11-06T22:20:49.699+0000] {processor.py:161} INFO - Started process (PID=195) to work on /home/airflow/.local/lib/python3.8/site-packages/airflow/example_dags/example_task_group_decorator.py
[2025-11-06T22:20:49.749+0000] {processor.py:830} INFO - Processing file /home/airflow/.local/lib/python3.8/site-packages/airflow/example_dags/example_task_group_decorator.py for tasks to queue
[2025-11-06T22:20:49.763+0000] {logging_mixin.py:188} INFO - [2025-11-06T22:20:49.762+0000] {dagbag.py:538} INFO - Filling up the DagBag from /home/airflow/.local/lib/python3.8/site-packages/airflow/example_dags/example_task_group_decorator.py
[2025-11-06T22:20:49.872+0000] {processor.py:840} INFO - DAG(s) 'example_task_group_decorator' retrieved from /home/airflow/.local/lib/python3.8/site-packages/airflow/example_dags/example_task_group_decorator.py
[2025-11-06T22:20:51.138+0000] {logging_mixin.py:188} INFO - [2025-11-06T22:20:51.137+0000] {dag.py:3036} INFO - Sync 1 DAGs
[2025-11-06T22:20:51.482+0000] {logging_mixin.py:188} INFO - [2025-11-06T22:20:51.481+0000] {dag.py:3823} INFO - Setting next_dagrun for example_task_group_decorator to 2025-11-05 00:00:00+00:00, run_after=2025-11-06 00:00:00+00:00
[2025-11-06T22:20:52.353+0000] {processor.py:183} INFO - Processing /home/airflow/.local/lib/python3.8/site-packages/airflow/example_dags/example_task_group_decorator.py took 2.680 seconds
[2025-11-06T22:21:50.399+0000] {processor.py:161} INFO - Started process (PID=290) to work on /home/airflow/.local/lib/python3.8/site-packages/airflow/example_dags/example_task_group_decorator.py
[2025-11-06T22:21:50.408+0000] {processor.py:830} INFO - Processing file /home/airflow/.local/lib/python3.8/site-packages/airflow/example_dags/example_task_group_decorator.py for tasks to queue
[2025-11-06T22:21:50.413+0000] {logging_mixin.py:188} INFO - [2025-11-06T22:21:50.412+0000] {dagbag.py:538} INFO - Filling up the DagBag from /home/airflow/.local/lib/python3.8/site-packages/airflow/example_dags/example_task_group_decorator.py
[2025-11-06T22:21:50.609+0000] {processor.py:840} INFO - DAG(s) 'example_task_group_decorator' retrieved from /home/airflow/.local/lib/python3.8/site-packages/airflow/example_dags/example_task_group_decorator.py
[2025-11-06T22:21:50.990+0000] {logging_mixin.py:188} INFO - [2025-11-06T22:21:50.990+0000] {dag.py:3036} INFO - Sync 1 DAGs
[2025-11-06T22:21:51.141+0000] {logging_mixin.py:188} INFO - [2025-11-06T22:21:51.139+0000] {dag.py:3823} INFO - Setting next_dagrun for example_task_group_decorator to 2025-11-05 00:00:00+00:00, run_after=2025-11-06 00:00:00+00:00
[2025-11-06T22:21:51.249+0000] {processor.py:183} INFO - Processing /home/airflow/.local/lib/python3.8/site-packages/airflow/example_dags/example_task_group_decorator.py took 0.871 seconds
[2025-11-06T22:22:21.977+0000] {processor.py:161} INFO - Started process (PID=364) to work on /home/airflow/.local/lib/python3.8/site-packages/airflow/example_dags/example_task_group_decorator.py
[2025-11-06T22:22:21.990+0000] {processor.py:830} INFO - Processing file /home/airflow/.local/lib/python3.8/site-packages/airflow/example_dags/example_task_group_decorator.py for tasks to queue
[2025-11-06T22:22:21.993+0000] {logging_mixin.py:188} INFO - [2025-11-06T22:22:21.992+0000] {dagbag.py:538} INFO - Filling up the DagBag from /home/airflow/.local/lib/python3.8/site-packages/airflow/example_dags/example_task_group_decorator.py
[2025-11-06T22:22:22.245+0000] {processor.py:840} INFO - DAG(s) 'example_task_group_decorator' retrieved from /home/airflow/.local/lib/python3.8/site-packages/airflow/example_dags/example_task_group_decorator.py
[2025-11-06T22:22:22.574+0000] {logging_mixin.py:188} INFO - [2025-11-06T22:22:22.573+0000] {dag.py:3036} INFO - Sync 1 DAGs
[2025-11-06T22:22:22.891+0000] {logging_mixin.py:188} INFO - [2025-11-06T22:22:22.891+0000] {dag.py:3823} INFO - Setting next_dagrun for example_task_group_decorator to 2025-11-05 00:00:00+00:00, run_after=2025-11-06 00:00:00+00:00
[2025-11-06T22:22:23.277+0000] {processor.py:183} INFO - Processing /home/airflow/.local/lib/python3.8/site-packages/airflow/example_dags/example_task_group_decorator.py took 1.328 seconds
[2025-11-06T22:22:56.151+0000] {processor.py:161} INFO - Started process (PID=429) to work on /home/airflow/.local/lib/python3.8/site-packages/airflow/example_dags/example_task_group_decorator.py
[2025-11-06T22:22:56.159+0000] {processor.py:830} INFO - Processing file /home/airflow/.local/lib/python3.8/site-packages/airflow/example_dags/example_task_group_decorator.py for tasks to queue
[2025-11-06T22:22:56.185+0000] {logging_mixin.py:188} INFO - [2025-11-06T22:22:56.180+0000] {dagbag.py:538} INFO - Filling up the DagBag from /home/airflow/.local/lib/python3.8/site-packages/airflow/example_dags/example_task_group_decorator.py
[2025-11-06T22:22:56.590+0000] {processor.py:840} INFO - DAG(s) 'example_task_group_decorator' retrieved from /home/airflow/.local/lib/python3.8/site-packages/airflow/example_dags/example_task_group_decorator.py
[2025-11-06T22:22:56.891+0000] {logging_mixin.py:188} INFO - [2025-11-06T22:22:56.890+0000] {dag.py:3036} INFO - Sync 1 DAGs
[2025-11-06T22:22:57.148+0000] {logging_mixin.py:188} INFO - [2025-11-06T22:22:57.147+0000] {dag.py:3823} INFO - Setting next_dagrun for example_task_group_decorator to 2025-11-05 00:00:00+00:00, run_after=2025-11-06 00:00:00+00:00
[2025-11-06T22:22:57.312+0000] {processor.py:183} INFO - Processing /home/airflow/.local/lib/python3.8/site-packages/airflow/example_dags/example_task_group_decorator.py took 1.188 seconds
[2025-11-06T22:33:16.764+0000] {processor.py:161} INFO - Started process (PID=122) to work on /home/airflow/.local/lib/python3.8/site-packages/airflow/example_dags/example_task_group_decorator.py
[2025-11-06T22:33:16.766+0000] {processor.py:830} INFO - Processing file /home/airflow/.local/lib/python3.8/site-packages/airflow/example_dags/example_task_group_decorator.py for tasks to queue
[2025-11-06T22:33:16.767+0000] {logging_mixin.py:188} INFO - [2025-11-06T22:33:16.767+0000] {dagbag.py:538} INFO - Filling up the DagBag from /home/airflow/.local/lib/python3.8/site-packages/airflow/example_dags/example_task_group_decorator.py
[2025-11-06T22:33:16.805+0000] {processor.py:840} INFO - DAG(s) 'example_task_group_decorator' retrieved from /home/airflow/.local/lib/python3.8/site-packages/airflow/example_dags/example_task_group_decorator.py
[2025-11-06T22:33:17.028+0000] {logging_mixin.py:188} INFO - [2025-11-06T22:33:17.027+0000] {dag.py:3036} INFO - Sync 1 DAGs
[2025-11-06T22:33:17.063+0000] {logging_mixin.py:188} INFO - [2025-11-06T22:33:17.062+0000] {dag.py:3823} INFO - Setting next_dagrun for example_task_group_decorator to 2025-11-05 00:00:00+00:00, run_after=2025-11-06 00:00:00+00:00
[2025-11-06T22:33:17.101+0000] {processor.py:183} INFO - Processing /home/airflow/.local/lib/python3.8/site-packages/airflow/example_dags/example_task_group_decorator.py took 0.343 seconds
[2025-11-06T22:33:48.043+0000] {processor.py:161} INFO - Started process (PID=202) to work on /home/airflow/.local/lib/python3.8/site-packages/airflow/example_dags/example_task_group_decorator.py
[2025-11-06T22:33:48.044+0000] {processor.py:830} INFO - Processing file /home/airflow/.local/lib/python3.8/site-packages/airflow/example_dags/example_task_group_decorator.py for tasks to queue
[2025-11-06T22:33:48.046+0000] {logging_mixin.py:188} INFO - [2025-11-06T22:33:48.045+0000] {dagbag.py:538} INFO - Filling up the DagBag from /home/airflow/.local/lib/python3.8/site-packages/airflow/example_dags/example_task_group_decorator.py
[2025-11-06T22:33:48.068+0000] {processor.py:840} INFO - DAG(s) 'example_task_group_decorator' retrieved from /home/airflow/.local/lib/python3.8/site-packages/airflow/example_dags/example_task_group_decorator.py
[2025-11-06T22:33:48.113+0000] {logging_mixin.py:188} INFO - [2025-11-06T22:33:48.113+0000] {dag.py:3036} INFO - Sync 1 DAGs
[2025-11-06T22:33:48.152+0000] {logging_mixin.py:188} INFO - [2025-11-06T22:33:48.151+0000] {dag.py:3823} INFO - Setting next_dagrun for example_task_group_decorator to 2025-11-05 00:00:00+00:00, run_after=2025-11-06 00:00:00+00:00
[2025-11-06T22:33:48.187+0000] {processor.py:183} INFO - Processing /home/airflow/.local/lib/python3.8/site-packages/airflow/example_dags/example_task_group_decorator.py took 0.150 seconds
[2025-11-06T22:34:19.502+0000] {processor.py:161} INFO - Started process (PID=274) to work on /home/airflow/.local/lib/python3.8/site-packages/airflow/example_dags/example_task_group_decorator.py
[2025-11-06T22:34:19.506+0000] {processor.py:830} INFO - Processing file /home/airflow/.local/lib/python3.8/site-packages/airflow/example_dags/example_task_group_decorator.py for tasks to queue
[2025-11-06T22:34:19.520+0000] {logging_mixin.py:188} INFO - [2025-11-06T22:34:19.519+0000] {dagbag.py:538} INFO - Filling up the DagBag from /home/airflow/.local/lib/python3.8/site-packages/airflow/example_dags/example_task_group_decorator.py
[2025-11-06T22:34:19.572+0000] {processor.py:840} INFO - DAG(s) 'example_task_group_decorator' retrieved from /home/airflow/.local/lib/python3.8/site-packages/airflow/example_dags/example_task_group_decorator.py
[2025-11-06T22:34:19.663+0000] {logging_mixin.py:188} INFO - [2025-11-06T22:34:19.662+0000] {dag.py:3036} INFO - Sync 1 DAGs
[2025-11-06T22:34:19.732+0000] {logging_mixin.py:188} INFO - [2025-11-06T22:34:19.731+0000] {dag.py:3823} INFO - Setting next_dagrun for example_task_group_decorator to 2025-11-05 00:00:00+00:00, run_after=2025-11-06 00:00:00+00:00
[2025-11-06T22:34:19.806+0000] {processor.py:183} INFO - Processing /home/airflow/.local/lib/python3.8/site-packages/airflow/example_dags/example_task_group_decorator.py took 0.330 seconds
[2025-11-06T22:34:51.072+0000] {processor.py:161} INFO - Started process (PID=348) to work on /home/airflow/.local/lib/python3.8/site-packages/airflow/example_dags/example_task_group_decorator.py
[2025-11-06T22:34:51.075+0000] {processor.py:830} INFO - Processing file /home/airflow/.local/lib/python3.8/site-packages/airflow/example_dags/example_task_group_decorator.py for tasks to queue
[2025-11-06T22:34:51.079+0000] {logging_mixin.py:188} INFO - [2025-11-06T22:34:51.078+0000] {dagbag.py:538} INFO - Filling up the DagBag from /home/airflow/.local/lib/python3.8/site-packages/airflow/example_dags/example_task_group_decorator.py
[2025-11-06T22:34:51.141+0000] {processor.py:840} INFO - DAG(s) 'example_task_group_decorator' retrieved from /home/airflow/.local/lib/python3.8/site-packages/airflow/example_dags/example_task_group_decorator.py
[2025-11-06T22:34:51.263+0000] {logging_mixin.py:188} INFO - [2025-11-06T22:34:51.262+0000] {dag.py:3036} INFO - Sync 1 DAGs
[2025-11-06T22:34:51.387+0000] {logging_mixin.py:188} INFO - [2025-11-06T22:34:51.386+0000] {dag.py:3823} INFO - Setting next_dagrun for example_task_group_decorator to 2025-11-05 00:00:00+00:00, run_after=2025-11-06 00:00:00+00:00
[2025-11-06T22:34:51.816+0000] {processor.py:183} INFO - Processing /home/airflow/.local/lib/python3.8/site-packages/airflow/example_dags/example_task_group_decorator.py took 0.755 seconds
[2025-11-06T22:35:23.506+0000] {processor.py:161} INFO - Started process (PID=421) to work on /home/airflow/.local/lib/python3.8/site-packages/airflow/example_dags/example_task_group_decorator.py
[2025-11-06T22:35:23.510+0000] {processor.py:830} INFO - Processing file /home/airflow/.local/lib/python3.8/site-packages/airflow/example_dags/example_task_group_decorator.py for tasks to queue
[2025-11-06T22:35:23.516+0000] {logging_mixin.py:188} INFO - [2025-11-06T22:35:23.515+0000] {dagbag.py:538} INFO - Filling up the DagBag from /home/airflow/.local/lib/python3.8/site-packages/airflow/example_dags/example_task_group_decorator.py
[2025-11-06T22:35:23.639+0000] {processor.py:840} INFO - DAG(s) 'example_task_group_decorator' retrieved from /home/airflow/.local/lib/python3.8/site-packages/airflow/example_dags/example_task_group_decorator.py
[2025-11-06T22:35:23.792+0000] {logging_mixin.py:188} INFO - [2025-11-06T22:35:23.789+0000] {dag.py:3036} INFO - Sync 1 DAGs
[2025-11-06T22:35:24.067+0000] {logging_mixin.py:188} INFO - [2025-11-06T22:35:24.066+0000] {dag.py:3823} INFO - Setting next_dagrun for example_task_group_decorator to 2025-11-05 00:00:00+00:00, run_after=2025-11-06 00:00:00+00:00
[2025-11-06T22:35:24.160+0000] {processor.py:183} INFO - Processing /home/airflow/.local/lib/python3.8/site-packages/airflow/example_dags/example_task_group_decorator.py took 0.673 seconds
[2025-11-06T22:35:54.936+0000] {processor.py:161} INFO - Started process (PID=495) to work on /home/airflow/.local/lib/python3.8/site-packages/airflow/example_dags/example_task_group_decorator.py
[2025-11-06T22:35:54.938+0000] {processor.py:830} INFO - Processing file /home/airflow/.local/lib/python3.8/site-packages/airflow/example_dags/example_task_group_decorator.py for tasks to queue
[2025-11-06T22:35:54.941+0000] {logging_mixin.py:188} INFO - [2025-11-06T22:35:54.940+0000] {dagbag.py:538} INFO - Filling up the DagBag from /home/airflow/.local/lib/python3.8/site-packages/airflow/example_dags/example_task_group_decorator.py
[2025-11-06T22:35:54.979+0000] {processor.py:840} INFO - DAG(s) 'example_task_group_decorator' retrieved from /home/airflow/.local/lib/python3.8/site-packages/airflow/example_dags/example_task_group_decorator.py
[2025-11-06T22:35:55.043+0000] {logging_mixin.py:188} INFO - [2025-11-06T22:35:55.043+0000] {dag.py:3036} INFO - Sync 1 DAGs
[2025-11-06T22:35:55.093+0000] {logging_mixin.py:188} INFO - [2025-11-06T22:35:55.092+0000] {dag.py:3823} INFO - Setting next_dagrun for example_task_group_decorator to 2025-11-05 00:00:00+00:00, run_after=2025-11-06 00:00:00+00:00
[2025-11-06T22:35:55.128+0000] {processor.py:183} INFO - Processing /home/airflow/.local/lib/python3.8/site-packages/airflow/example_dags/example_task_group_decorator.py took 0.200 seconds
[2025-11-06T22:36:25.185+0000] {processor.py:161} INFO - Started process (PID=569) to work on /home/airflow/.local/lib/python3.8/site-packages/airflow/example_dags/example_task_group_decorator.py
[2025-11-06T22:36:25.188+0000] {processor.py:830} INFO - Processing file /home/airflow/.local/lib/python3.8/site-packages/airflow/example_dags/example_task_group_decorator.py for tasks to queue
[2025-11-06T22:36:25.191+0000] {logging_mixin.py:188} INFO - [2025-11-06T22:36:25.190+0000] {dagbag.py:538} INFO - Filling up the DagBag from /home/airflow/.local/lib/python3.8/site-packages/airflow/example_dags/example_task_group_decorator.py
[2025-11-06T22:36:25.242+0000] {processor.py:840} INFO - DAG(s) 'example_task_group_decorator' retrieved from /home/airflow/.local/lib/python3.8/site-packages/airflow/example_dags/example_task_group_decorator.py
[2025-11-06T22:36:25.330+0000] {logging_mixin.py:188} INFO - [2025-11-06T22:36:25.330+0000] {dag.py:3036} INFO - Sync 1 DAGs
[2025-11-06T22:36:25.404+0000] {logging_mixin.py:188} INFO - [2025-11-06T22:36:25.404+0000] {dag.py:3823} INFO - Setting next_dagrun for example_task_group_decorator to 2025-11-05 00:00:00+00:00, run_after=2025-11-06 00:00:00+00:00
[2025-11-06T22:36:25.470+0000] {processor.py:183} INFO - Processing /home/airflow/.local/lib/python3.8/site-packages/airflow/example_dags/example_task_group_decorator.py took 0.295 seconds
[2025-11-06T22:36:55.595+0000] {processor.py:161} INFO - Started process (PID=639) to work on /home/airflow/.local/lib/python3.8/site-packages/airflow/example_dags/example_task_group_decorator.py
[2025-11-06T22:36:55.597+0000] {processor.py:830} INFO - Processing file /home/airflow/.local/lib/python3.8/site-packages/airflow/example_dags/example_task_group_decorator.py for tasks to queue
[2025-11-06T22:36:55.600+0000] {logging_mixin.py:188} INFO - [2025-11-06T22:36:55.599+0000] {dagbag.py:538} INFO - Filling up the DagBag from /home/airflow/.local/lib/python3.8/site-packages/airflow/example_dags/example_task_group_decorator.py
[2025-11-06T22:36:55.651+0000] {processor.py:840} INFO - DAG(s) 'example_task_group_decorator' retrieved from /home/airflow/.local/lib/python3.8/site-packages/airflow/example_dags/example_task_group_decorator.py
[2025-11-06T22:36:55.731+0000] {logging_mixin.py:188} INFO - [2025-11-06T22:36:55.730+0000] {dag.py:3036} INFO - Sync 1 DAGs
[2025-11-06T22:36:55.807+0000] {logging_mixin.py:188} INFO - [2025-11-06T22:36:55.807+0000] {dag.py:3823} INFO - Setting next_dagrun for example_task_group_decorator to 2025-11-05 00:00:00+00:00, run_after=2025-11-06 00:00:00+00:00
[2025-11-06T22:36:55.872+0000] {processor.py:183} INFO - Processing /home/airflow/.local/lib/python3.8/site-packages/airflow/example_dags/example_task_group_decorator.py took 0.286 seconds
[2025-11-06T22:37:26.639+0000] {processor.py:161} INFO - Started process (PID=722) to work on /home/airflow/.local/lib/python3.8/site-packages/airflow/example_dags/example_task_group_decorator.py
[2025-11-06T22:37:26.643+0000] {processor.py:830} INFO - Processing file /home/airflow/.local/lib/python3.8/site-packages/airflow/example_dags/example_task_group_decorator.py for tasks to queue
[2025-11-06T22:37:26.649+0000] {logging_mixin.py:188} INFO - [2025-11-06T22:37:26.648+0000] {dagbag.py:538} INFO - Filling up the DagBag from /home/airflow/.local/lib/python3.8/site-packages/airflow/example_dags/example_task_group_decorator.py
[2025-11-06T22:37:26.800+0000] {processor.py:840} INFO - DAG(s) 'example_task_group_decorator' retrieved from /home/airflow/.local/lib/python3.8/site-packages/airflow/example_dags/example_task_group_decorator.py
[2025-11-06T22:37:26.945+0000] {logging_mixin.py:188} INFO - [2025-11-06T22:37:26.944+0000] {dag.py:3036} INFO - Sync 1 DAGs
[2025-11-06T22:37:27.093+0000] {logging_mixin.py:188} INFO - [2025-11-06T22:37:27.091+0000] {dag.py:3823} INFO - Setting next_dagrun for example_task_group_decorator to 2025-11-05 00:00:00+00:00, run_after=2025-11-06 00:00:00+00:00
[2025-11-06T22:37:27.261+0000] {processor.py:183} INFO - Processing /home/airflow/.local/lib/python3.8/site-packages/airflow/example_dags/example_task_group_decorator.py took 0.643 seconds
[2025-11-06T22:38:03.328+0000] {processor.py:161} INFO - Started process (PID=801) to work on /home/airflow/.local/lib/python3.8/site-packages/airflow/example_dags/example_task_group_decorator.py
[2025-11-06T22:38:03.334+0000] {processor.py:830} INFO - Processing file /home/airflow/.local/lib/python3.8/site-packages/airflow/example_dags/example_task_group_decorator.py for tasks to queue
[2025-11-06T22:38:03.351+0000] {logging_mixin.py:188} INFO - [2025-11-06T22:38:03.350+0000] {dagbag.py:538} INFO - Filling up the DagBag from /home/airflow/.local/lib/python3.8/site-packages/airflow/example_dags/example_task_group_decorator.py
[2025-11-06T22:38:03.702+0000] {processor.py:840} INFO - DAG(s) 'example_task_group_decorator' retrieved from /home/airflow/.local/lib/python3.8/site-packages/airflow/example_dags/example_task_group_decorator.py
[2025-11-06T22:38:03.961+0000] {logging_mixin.py:188} INFO - [2025-11-06T22:38:03.961+0000] {dag.py:3036} INFO - Sync 1 DAGs
[2025-11-06T22:38:04.178+0000] {logging_mixin.py:188} INFO - [2025-11-06T22:38:04.169+0000] {dag.py:3823} INFO - Setting next_dagrun for example_task_group_decorator to 2025-11-05 00:00:00+00:00, run_after=2025-11-06 00:00:00+00:00
[2025-11-06T22:38:04.312+0000] {processor.py:183} INFO - Processing /home/airflow/.local/lib/python3.8/site-packages/airflow/example_dags/example_task_group_decorator.py took 0.995 seconds
[2025-11-06T22:39:42.487+0000] {processor.py:161} INFO - Started process (PID=818) to work on /home/airflow/.local/lib/python3.8/site-packages/airflow/example_dags/example_task_group_decorator.py
[2025-11-06T22:39:42.492+0000] {processor.py:830} INFO - Processing file /home/airflow/.local/lib/python3.8/site-packages/airflow/example_dags/example_task_group_decorator.py for tasks to queue
[2025-11-06T22:39:42.499+0000] {logging_mixin.py:188} INFO - [2025-11-06T22:39:42.498+0000] {dagbag.py:538} INFO - Filling up the DagBag from /home/airflow/.local/lib/python3.8/site-packages/airflow/example_dags/example_task_group_decorator.py
[2025-11-06T22:39:42.779+0000] {processor.py:840} INFO - DAG(s) 'example_task_group_decorator' retrieved from /home/airflow/.local/lib/python3.8/site-packages/airflow/example_dags/example_task_group_decorator.py
[2025-11-06T22:39:43.116+0000] {logging_mixin.py:188} INFO - [2025-11-06T22:39:43.115+0000] {dag.py:3036} INFO - Sync 1 DAGs
[2025-11-06T22:39:43.249+0000] {logging_mixin.py:188} INFO - [2025-11-06T22:39:43.248+0000] {dag.py:3823} INFO - Setting next_dagrun for example_task_group_decorator to 2025-11-05 00:00:00+00:00, run_after=2025-11-06 00:00:00+00:00
[2025-11-06T22:39:43.794+0000] {processor.py:183} INFO - Processing /home/airflow/.local/lib/python3.8/site-packages/airflow/example_dags/example_task_group_decorator.py took 1.325 seconds
[2025-11-06T22:40:36.363+0000] {processor.py:161} INFO - Started process (PID=913) to work on /home/airflow/.local/lib/python3.8/site-packages/airflow/example_dags/example_task_group_decorator.py
[2025-11-06T22:40:36.366+0000] {processor.py:830} INFO - Processing file /home/airflow/.local/lib/python3.8/site-packages/airflow/example_dags/example_task_group_decorator.py for tasks to queue
[2025-11-06T22:40:36.370+0000] {logging_mixin.py:188} INFO - [2025-11-06T22:40:36.369+0000] {dagbag.py:538} INFO - Filling up the DagBag from /home/airflow/.local/lib/python3.8/site-packages/airflow/example_dags/example_task_group_decorator.py
[2025-11-06T22:40:36.470+0000] {processor.py:840} INFO - DAG(s) 'example_task_group_decorator' retrieved from /home/airflow/.local/lib/python3.8/site-packages/airflow/example_dags/example_task_group_decorator.py
[2025-11-06T22:40:36.706+0000] {logging_mixin.py:188} INFO - [2025-11-06T22:40:36.705+0000] {dag.py:3036} INFO - Sync 1 DAGs
[2025-11-06T22:40:36.830+0000] {logging_mixin.py:188} INFO - [2025-11-06T22:40:36.829+0000] {dag.py:3823} INFO - Setting next_dagrun for example_task_group_decorator to 2025-11-05 00:00:00+00:00, run_after=2025-11-06 00:00:00+00:00
[2025-11-06T22:40:36.993+0000] {processor.py:183} INFO - Processing /home/airflow/.local/lib/python3.8/site-packages/airflow/example_dags/example_task_group_decorator.py took 0.649 seconds
[2025-11-06T22:41:14.300+0000] {processor.py:161} INFO - Started process (PID=976) to work on /home/airflow/.local/lib/python3.8/site-packages/airflow/example_dags/example_task_group_decorator.py
[2025-11-06T22:41:14.320+0000] {processor.py:830} INFO - Processing file /home/airflow/.local/lib/python3.8/site-packages/airflow/example_dags/example_task_group_decorator.py for tasks to queue
[2025-11-06T22:41:14.334+0000] {logging_mixin.py:188} INFO - [2025-11-06T22:41:14.333+0000] {dagbag.py:538} INFO - Filling up the DagBag from /home/airflow/.local/lib/python3.8/site-packages/airflow/example_dags/example_task_group_decorator.py
[2025-11-06T22:41:14.500+0000] {processor.py:840} INFO - DAG(s) 'example_task_group_decorator' retrieved from /home/airflow/.local/lib/python3.8/site-packages/airflow/example_dags/example_task_group_decorator.py
[2025-11-06T22:41:14.676+0000] {logging_mixin.py:188} INFO - [2025-11-06T22:41:14.675+0000] {dag.py:3036} INFO - Sync 1 DAGs
[2025-11-06T22:41:14.834+0000] {logging_mixin.py:188} INFO - [2025-11-06T22:41:14.834+0000] {dag.py:3823} INFO - Setting next_dagrun for example_task_group_decorator to 2025-11-05 00:00:00+00:00, run_after=2025-11-06 00:00:00+00:00
[2025-11-06T22:41:15.100+0000] {processor.py:183} INFO - Processing /home/airflow/.local/lib/python3.8/site-packages/airflow/example_dags/example_task_group_decorator.py took 0.846 seconds
[2025-11-06T22:41:45.355+0000] {processor.py:161} INFO - Started process (PID=1057) to work on /home/airflow/.local/lib/python3.8/site-packages/airflow/example_dags/example_task_group_decorator.py
[2025-11-06T22:41:45.359+0000] {processor.py:830} INFO - Processing file /home/airflow/.local/lib/python3.8/site-packages/airflow/example_dags/example_task_group_decorator.py for tasks to queue
[2025-11-06T22:41:45.361+0000] {logging_mixin.py:188} INFO - [2025-11-06T22:41:45.361+0000] {dagbag.py:538} INFO - Filling up the DagBag from /home/airflow/.local/lib/python3.8/site-packages/airflow/example_dags/example_task_group_decorator.py
[2025-11-06T22:41:45.396+0000] {processor.py:840} INFO - DAG(s) 'example_task_group_decorator' retrieved from /home/airflow/.local/lib/python3.8/site-packages/airflow/example_dags/example_task_group_decorator.py
[2025-11-06T22:41:45.459+0000] {logging_mixin.py:188} INFO - [2025-11-06T22:41:45.459+0000] {dag.py:3036} INFO - Sync 1 DAGs
[2025-11-06T22:41:45.512+0000] {logging_mixin.py:188} INFO - [2025-11-06T22:41:45.511+0000] {dag.py:3823} INFO - Setting next_dagrun for example_task_group_decorator to 2025-11-05 00:00:00+00:00, run_after=2025-11-06 00:00:00+00:00
[2025-11-06T22:41:45.734+0000] {processor.py:183} INFO - Processing /home/airflow/.local/lib/python3.8/site-packages/airflow/example_dags/example_task_group_decorator.py took 0.391 seconds
[2025-11-06T22:42:23.187+0000] {processor.py:161} INFO - Started process (PID=1138) to work on /home/airflow/.local/lib/python3.8/site-packages/airflow/example_dags/example_task_group_decorator.py
[2025-11-06T22:42:23.203+0000] {processor.py:830} INFO - Processing file /home/airflow/.local/lib/python3.8/site-packages/airflow/example_dags/example_task_group_decorator.py for tasks to queue
[2025-11-06T22:42:23.207+0000] {logging_mixin.py:188} INFO - [2025-11-06T22:42:23.206+0000] {dagbag.py:538} INFO - Filling up the DagBag from /home/airflow/.local/lib/python3.8/site-packages/airflow/example_dags/example_task_group_decorator.py
[2025-11-06T22:42:23.356+0000] {processor.py:840} INFO - DAG(s) 'example_task_group_decorator' retrieved from /home/airflow/.local/lib/python3.8/site-packages/airflow/example_dags/example_task_group_decorator.py
[2025-11-06T22:42:23.694+0000] {logging_mixin.py:188} INFO - [2025-11-06T22:42:23.693+0000] {dag.py:3036} INFO - Sync 1 DAGs
[2025-11-06T22:42:24.385+0000] {logging_mixin.py:188} INFO - [2025-11-06T22:42:24.383+0000] {dag.py:3823} INFO - Setting next_dagrun for example_task_group_decorator to 2025-11-05 00:00:00+00:00, run_after=2025-11-06 00:00:00+00:00
[2025-11-06T22:42:24.887+0000] {processor.py:183} INFO - Processing /home/airflow/.local/lib/python3.8/site-packages/airflow/example_dags/example_task_group_decorator.py took 1.730 seconds
[2025-11-06T22:43:15.112+0000] {processor.py:161} INFO - Started process (PID=1227) to work on /home/airflow/.local/lib/python3.8/site-packages/airflow/example_dags/example_task_group_decorator.py
[2025-11-06T22:43:15.115+0000] {processor.py:830} INFO - Processing file /home/airflow/.local/lib/python3.8/site-packages/airflow/example_dags/example_task_group_decorator.py for tasks to queue
[2025-11-06T22:43:15.121+0000] {logging_mixin.py:188} INFO - [2025-11-06T22:43:15.120+0000] {dagbag.py:538} INFO - Filling up the DagBag from /home/airflow/.local/lib/python3.8/site-packages/airflow/example_dags/example_task_group_decorator.py
[2025-11-06T22:43:15.184+0000] {processor.py:840} INFO - DAG(s) 'example_task_group_decorator' retrieved from /home/airflow/.local/lib/python3.8/site-packages/airflow/example_dags/example_task_group_decorator.py
[2025-11-06T22:43:15.282+0000] {logging_mixin.py:188} INFO - [2025-11-06T22:43:15.282+0000] {dag.py:3036} INFO - Sync 1 DAGs
[2025-11-06T22:43:15.368+0000] {logging_mixin.py:188} INFO - [2025-11-06T22:43:15.367+0000] {dag.py:3823} INFO - Setting next_dagrun for example_task_group_decorator to 2025-11-05 00:00:00+00:00, run_after=2025-11-06 00:00:00+00:00
[2025-11-06T22:43:15.532+0000] {processor.py:183} INFO - Processing /home/airflow/.local/lib/python3.8/site-packages/airflow/example_dags/example_task_group_decorator.py took 0.434 seconds
[2025-11-06T22:43:49.375+0000] {processor.py:161} INFO - Started process (PID=1302) to work on /home/airflow/.local/lib/python3.8/site-packages/airflow/example_dags/example_task_group_decorator.py
[2025-11-06T22:43:49.378+0000] {processor.py:830} INFO - Processing file /home/airflow/.local/lib/python3.8/site-packages/airflow/example_dags/example_task_group_decorator.py for tasks to queue
[2025-11-06T22:43:49.382+0000] {logging_mixin.py:188} INFO - [2025-11-06T22:43:49.381+0000] {dagbag.py:538} INFO - Filling up the DagBag from /home/airflow/.local/lib/python3.8/site-packages/airflow/example_dags/example_task_group_decorator.py
[2025-11-06T22:43:49.503+0000] {processor.py:840} INFO - DAG(s) 'example_task_group_decorator' retrieved from /home/airflow/.local/lib/python3.8/site-packages/airflow/example_dags/example_task_group_decorator.py
[2025-11-06T22:43:49.778+0000] {logging_mixin.py:188} INFO - [2025-11-06T22:43:49.777+0000] {dag.py:3036} INFO - Sync 1 DAGs
[2025-11-06T22:43:49.942+0000] {logging_mixin.py:188} INFO - [2025-11-06T22:43:49.938+0000] {dag.py:3823} INFO - Setting next_dagrun for example_task_group_decorator to 2025-11-05 00:00:00+00:00, run_after=2025-11-06 00:00:00+00:00
[2025-11-06T22:43:49.999+0000] {processor.py:183} INFO - Processing /home/airflow/.local/lib/python3.8/site-packages/airflow/example_dags/example_task_group_decorator.py took 0.641 seconds
[2025-11-06T22:45:07.961+0000] {processor.py:161} INFO - Started process (PID=1393) to work on /home/airflow/.local/lib/python3.8/site-packages/airflow/example_dags/example_task_group_decorator.py
[2025-11-06T22:45:07.974+0000] {processor.py:830} INFO - Processing file /home/airflow/.local/lib/python3.8/site-packages/airflow/example_dags/example_task_group_decorator.py for tasks to queue
[2025-11-06T22:45:08.007+0000] {logging_mixin.py:188} INFO - [2025-11-06T22:45:08.005+0000] {dagbag.py:538} INFO - Filling up the DagBag from /home/airflow/.local/lib/python3.8/site-packages/airflow/example_dags/example_task_group_decorator.py
[2025-11-06T22:45:08.479+0000] {processor.py:840} INFO - DAG(s) 'example_task_group_decorator' retrieved from /home/airflow/.local/lib/python3.8/site-packages/airflow/example_dags/example_task_group_decorator.py
[2025-11-06T22:45:09.475+0000] {logging_mixin.py:188} INFO - [2025-11-06T22:45:09.475+0000] {dag.py:3036} INFO - Sync 1 DAGs
[2025-11-06T22:45:09.913+0000] {logging_mixin.py:188} INFO - [2025-11-06T22:45:09.913+0000] {dag.py:3823} INFO - Setting next_dagrun for example_task_group_decorator to 2025-11-05 00:00:00+00:00, run_after=2025-11-06 00:00:00+00:00
[2025-11-06T22:45:10.064+0000] {processor.py:183} INFO - Processing /home/airflow/.local/lib/python3.8/site-packages/airflow/example_dags/example_task_group_decorator.py took 2.191 seconds
[2025-11-06T22:45:57.658+0000] {processor.py:161} INFO - Started process (PID=1491) to work on /home/airflow/.local/lib/python3.8/site-packages/airflow/example_dags/example_task_group_decorator.py
[2025-11-06T22:45:57.662+0000] {processor.py:830} INFO - Processing file /home/airflow/.local/lib/python3.8/site-packages/airflow/example_dags/example_task_group_decorator.py for tasks to queue
[2025-11-06T22:45:57.667+0000] {logging_mixin.py:188} INFO - [2025-11-06T22:45:57.666+0000] {dagbag.py:538} INFO - Filling up the DagBag from /home/airflow/.local/lib/python3.8/site-packages/airflow/example_dags/example_task_group_decorator.py
[2025-11-06T22:45:57.753+0000] {processor.py:840} INFO - DAG(s) 'example_task_group_decorator' retrieved from /home/airflow/.local/lib/python3.8/site-packages/airflow/example_dags/example_task_group_decorator.py
[2025-11-06T22:45:57.953+0000] {logging_mixin.py:188} INFO - [2025-11-06T22:45:57.952+0000] {dag.py:3036} INFO - Sync 1 DAGs
[2025-11-06T22:45:58.139+0000] {logging_mixin.py:188} INFO - [2025-11-06T22:45:58.138+0000] {dag.py:3823} INFO - Setting next_dagrun for example_task_group_decorator to 2025-11-05 00:00:00+00:00, run_after=2025-11-06 00:00:00+00:00
[2025-11-06T22:45:58.237+0000] {processor.py:183} INFO - Processing /home/airflow/.local/lib/python3.8/site-packages/airflow/example_dags/example_task_group_decorator.py took 0.624 seconds
[2025-11-06T22:46:28.436+0000] {processor.py:161} INFO - Started process (PID=1562) to work on /home/airflow/.local/lib/python3.8/site-packages/airflow/example_dags/example_task_group_decorator.py
[2025-11-06T22:46:28.442+0000] {processor.py:830} INFO - Processing file /home/airflow/.local/lib/python3.8/site-packages/airflow/example_dags/example_task_group_decorator.py for tasks to queue
[2025-11-06T22:46:28.451+0000] {logging_mixin.py:188} INFO - [2025-11-06T22:46:28.449+0000] {dagbag.py:538} INFO - Filling up the DagBag from /home/airflow/.local/lib/python3.8/site-packages/airflow/example_dags/example_task_group_decorator.py
[2025-11-06T22:46:28.541+0000] {processor.py:840} INFO - DAG(s) 'example_task_group_decorator' retrieved from /home/airflow/.local/lib/python3.8/site-packages/airflow/example_dags/example_task_group_decorator.py
[2025-11-06T22:46:28.667+0000] {logging_mixin.py:188} INFO - [2025-11-06T22:46:28.666+0000] {dag.py:3036} INFO - Sync 1 DAGs
[2025-11-06T22:46:28.799+0000] {logging_mixin.py:188} INFO - [2025-11-06T22:46:28.798+0000] {dag.py:3823} INFO - Setting next_dagrun for example_task_group_decorator to 2025-11-05 00:00:00+00:00, run_after=2025-11-06 00:00:00+00:00
[2025-11-06T22:46:29.049+0000] {processor.py:183} INFO - Processing /home/airflow/.local/lib/python3.8/site-packages/airflow/example_dags/example_task_group_decorator.py took 0.626 seconds
[2025-11-06T22:46:59.486+0000] {processor.py:161} INFO - Started process (PID=1629) to work on /home/airflow/.local/lib/python3.8/site-packages/airflow/example_dags/example_task_group_decorator.py
[2025-11-06T22:46:59.489+0000] {processor.py:830} INFO - Processing file /home/airflow/.local/lib/python3.8/site-packages/airflow/example_dags/example_task_group_decorator.py for tasks to queue
[2025-11-06T22:46:59.492+0000] {logging_mixin.py:188} INFO - [2025-11-06T22:46:59.491+0000] {dagbag.py:538} INFO - Filling up the DagBag from /home/airflow/.local/lib/python3.8/site-packages/airflow/example_dags/example_task_group_decorator.py
[2025-11-06T22:46:59.548+0000] {processor.py:840} INFO - DAG(s) 'example_task_group_decorator' retrieved from /home/airflow/.local/lib/python3.8/site-packages/airflow/example_dags/example_task_group_decorator.py
[2025-11-06T22:46:59.632+0000] {logging_mixin.py:188} INFO - [2025-11-06T22:46:59.632+0000] {dag.py:3036} INFO - Sync 1 DAGs
[2025-11-06T22:46:59.731+0000] {logging_mixin.py:188} INFO - [2025-11-06T22:46:59.730+0000] {dag.py:3823} INFO - Setting next_dagrun for example_task_group_decorator to 2025-11-05 00:00:00+00:00, run_after=2025-11-06 00:00:00+00:00
[2025-11-06T22:46:59.806+0000] {processor.py:183} INFO - Processing /home/airflow/.local/lib/python3.8/site-packages/airflow/example_dags/example_task_group_decorator.py took 0.331 seconds
