[2025-11-06T22:21:01.677+0000] {processor.py:161} INFO - Started process (PID=208) to work on /home/airflow/.local/lib/python3.8/site-packages/airflow/example_dags/example_branch_day_of_week_operator.py
[2025-11-06T22:21:01.679+0000] {processor.py:830} INFO - Processing file /home/airflow/.local/lib/python3.8/site-packages/airflow/example_dags/example_branch_day_of_week_operator.py for tasks to queue
[2025-11-06T22:21:01.685+0000] {logging_mixin.py:188} INFO - [2025-11-06T22:21:01.684+0000] {dagbag.py:538} INFO - Filling up the DagBag from /home/airflow/.local/lib/python3.8/site-packages/airflow/example_dags/example_branch_day_of_week_operator.py
[2025-11-06T22:21:01.745+0000] {processor.py:840} INFO - DAG(s) 'example_weekday_branch_operator' retrieved from /home/airflow/.local/lib/python3.8/site-packages/airflow/example_dags/example_branch_day_of_week_operator.py
[2025-11-06T22:21:02.773+0000] {logging_mixin.py:188} INFO - [2025-11-06T22:21:02.772+0000] {dag.py:3036} INFO - Sync 1 DAGs
[2025-11-06T22:21:02.963+0000] {logging_mixin.py:188} INFO - [2025-11-06T22:21:02.962+0000] {dag.py:3823} INFO - Setting next_dagrun for example_weekday_branch_operator to 2025-11-05 00:00:00+00:00, run_after=2025-11-06 00:00:00+00:00
[2025-11-06T22:21:03.309+0000] {processor.py:183} INFO - Processing /home/airflow/.local/lib/python3.8/site-packages/airflow/example_dags/example_branch_day_of_week_operator.py took 1.643 seconds
[2025-11-06T22:21:55.015+0000] {processor.py:161} INFO - Started process (PID=303) to work on /home/airflow/.local/lib/python3.8/site-packages/airflow/example_dags/example_branch_day_of_week_operator.py
[2025-11-06T22:21:55.027+0000] {processor.py:830} INFO - Processing file /home/airflow/.local/lib/python3.8/site-packages/airflow/example_dags/example_branch_day_of_week_operator.py for tasks to queue
[2025-11-06T22:21:55.032+0000] {logging_mixin.py:188} INFO - [2025-11-06T22:21:55.030+0000] {dagbag.py:538} INFO - Filling up the DagBag from /home/airflow/.local/lib/python3.8/site-packages/airflow/example_dags/example_branch_day_of_week_operator.py
[2025-11-06T22:21:55.141+0000] {processor.py:840} INFO - DAG(s) 'example_weekday_branch_operator' retrieved from /home/airflow/.local/lib/python3.8/site-packages/airflow/example_dags/example_branch_day_of_week_operator.py
[2025-11-06T22:21:55.338+0000] {logging_mixin.py:188} INFO - [2025-11-06T22:21:55.325+0000] {dag.py:3036} INFO - Sync 1 DAGs
[2025-11-06T22:21:55.538+0000] {logging_mixin.py:188} INFO - [2025-11-06T22:21:55.536+0000] {dag.py:3823} INFO - Setting next_dagrun for example_weekday_branch_operator to 2025-11-05 00:00:00+00:00, run_after=2025-11-06 00:00:00+00:00
[2025-11-06T22:21:55.697+0000] {processor.py:183} INFO - Processing /home/airflow/.local/lib/python3.8/site-packages/airflow/example_dags/example_branch_day_of_week_operator.py took 0.715 seconds
[2025-11-06T22:22:30.319+0000] {processor.py:161} INFO - Started process (PID=377) to work on /home/airflow/.local/lib/python3.8/site-packages/airflow/example_dags/example_branch_day_of_week_operator.py
[2025-11-06T22:22:30.322+0000] {processor.py:830} INFO - Processing file /home/airflow/.local/lib/python3.8/site-packages/airflow/example_dags/example_branch_day_of_week_operator.py for tasks to queue
[2025-11-06T22:22:30.326+0000] {logging_mixin.py:188} INFO - [2025-11-06T22:22:30.324+0000] {dagbag.py:538} INFO - Filling up the DagBag from /home/airflow/.local/lib/python3.8/site-packages/airflow/example_dags/example_branch_day_of_week_operator.py
[2025-11-06T22:22:30.361+0000] {processor.py:840} INFO - DAG(s) 'example_weekday_branch_operator' retrieved from /home/airflow/.local/lib/python3.8/site-packages/airflow/example_dags/example_branch_day_of_week_operator.py
[2025-11-06T22:22:30.490+0000] {logging_mixin.py:188} INFO - [2025-11-06T22:22:30.490+0000] {dag.py:3036} INFO - Sync 1 DAGs
[2025-11-06T22:22:30.631+0000] {logging_mixin.py:188} INFO - [2025-11-06T22:22:30.630+0000] {dag.py:3823} INFO - Setting next_dagrun for example_weekday_branch_operator to 2025-11-05 00:00:00+00:00, run_after=2025-11-06 00:00:00+00:00
[2025-11-06T22:22:30.734+0000] {processor.py:183} INFO - Processing /home/airflow/.local/lib/python3.8/site-packages/airflow/example_dags/example_branch_day_of_week_operator.py took 0.426 seconds
[2025-11-06T22:33:18.080+0000] {processor.py:161} INFO - Started process (PID=127) to work on /home/airflow/.local/lib/python3.8/site-packages/airflow/example_dags/example_branch_day_of_week_operator.py
[2025-11-06T22:33:18.082+0000] {processor.py:830} INFO - Processing file /home/airflow/.local/lib/python3.8/site-packages/airflow/example_dags/example_branch_day_of_week_operator.py for tasks to queue
[2025-11-06T22:33:18.083+0000] {logging_mixin.py:188} INFO - [2025-11-06T22:33:18.083+0000] {dagbag.py:538} INFO - Filling up the DagBag from /home/airflow/.local/lib/python3.8/site-packages/airflow/example_dags/example_branch_day_of_week_operator.py
[2025-11-06T22:33:18.105+0000] {processor.py:840} INFO - DAG(s) 'example_weekday_branch_operator' retrieved from /home/airflow/.local/lib/python3.8/site-packages/airflow/example_dags/example_branch_day_of_week_operator.py
[2025-11-06T22:33:18.301+0000] {logging_mixin.py:188} INFO - [2025-11-06T22:33:18.300+0000] {dag.py:3036} INFO - Sync 1 DAGs
[2025-11-06T22:33:18.346+0000] {logging_mixin.py:188} INFO - [2025-11-06T22:33:18.346+0000] {dag.py:3823} INFO - Setting next_dagrun for example_weekday_branch_operator to 2025-11-05 00:00:00+00:00, run_after=2025-11-06 00:00:00+00:00
[2025-11-06T22:33:18.386+0000] {processor.py:183} INFO - Processing /home/airflow/.local/lib/python3.8/site-packages/airflow/example_dags/example_branch_day_of_week_operator.py took 0.311 seconds
[2025-11-06T22:33:49.195+0000] {processor.py:161} INFO - Started process (PID=208) to work on /home/airflow/.local/lib/python3.8/site-packages/airflow/example_dags/example_branch_day_of_week_operator.py
[2025-11-06T22:33:49.197+0000] {processor.py:830} INFO - Processing file /home/airflow/.local/lib/python3.8/site-packages/airflow/example_dags/example_branch_day_of_week_operator.py for tasks to queue
[2025-11-06T22:33:49.199+0000] {logging_mixin.py:188} INFO - [2025-11-06T22:33:49.198+0000] {dagbag.py:538} INFO - Filling up the DagBag from /home/airflow/.local/lib/python3.8/site-packages/airflow/example_dags/example_branch_day_of_week_operator.py
[2025-11-06T22:33:49.219+0000] {processor.py:840} INFO - DAG(s) 'example_weekday_branch_operator' retrieved from /home/airflow/.local/lib/python3.8/site-packages/airflow/example_dags/example_branch_day_of_week_operator.py
[2025-11-06T22:33:49.299+0000] {logging_mixin.py:188} INFO - [2025-11-06T22:33:49.298+0000] {dag.py:3036} INFO - Sync 1 DAGs
[2025-11-06T22:33:49.347+0000] {logging_mixin.py:188} INFO - [2025-11-06T22:33:49.346+0000] {dag.py:3823} INFO - Setting next_dagrun for example_weekday_branch_operator to 2025-11-05 00:00:00+00:00, run_after=2025-11-06 00:00:00+00:00
[2025-11-06T22:33:49.421+0000] {processor.py:183} INFO - Processing /home/airflow/.local/lib/python3.8/site-packages/airflow/example_dags/example_branch_day_of_week_operator.py took 0.233 seconds
[2025-11-06T22:34:21.338+0000] {processor.py:161} INFO - Started process (PID=282) to work on /home/airflow/.local/lib/python3.8/site-packages/airflow/example_dags/example_branch_day_of_week_operator.py
[2025-11-06T22:34:21.341+0000] {processor.py:830} INFO - Processing file /home/airflow/.local/lib/python3.8/site-packages/airflow/example_dags/example_branch_day_of_week_operator.py for tasks to queue
[2025-11-06T22:34:21.344+0000] {logging_mixin.py:188} INFO - [2025-11-06T22:34:21.343+0000] {dagbag.py:538} INFO - Filling up the DagBag from /home/airflow/.local/lib/python3.8/site-packages/airflow/example_dags/example_branch_day_of_week_operator.py
[2025-11-06T22:34:21.373+0000] {processor.py:840} INFO - DAG(s) 'example_weekday_branch_operator' retrieved from /home/airflow/.local/lib/python3.8/site-packages/airflow/example_dags/example_branch_day_of_week_operator.py
[2025-11-06T22:34:21.457+0000] {logging_mixin.py:188} INFO - [2025-11-06T22:34:21.457+0000] {dag.py:3036} INFO - Sync 1 DAGs
[2025-11-06T22:34:21.978+0000] {logging_mixin.py:188} INFO - [2025-11-06T22:34:21.977+0000] {dag.py:3823} INFO - Setting next_dagrun for example_weekday_branch_operator to 2025-11-05 00:00:00+00:00, run_after=2025-11-06 00:00:00+00:00
[2025-11-06T22:34:22.057+0000] {processor.py:183} INFO - Processing /home/airflow/.local/lib/python3.8/site-packages/airflow/example_dags/example_branch_day_of_week_operator.py took 0.732 seconds
[2025-11-06T22:34:53.478+0000] {processor.py:161} INFO - Started process (PID=353) to work on /home/airflow/.local/lib/python3.8/site-packages/airflow/example_dags/example_branch_day_of_week_operator.py
[2025-11-06T22:34:53.480+0000] {processor.py:830} INFO - Processing file /home/airflow/.local/lib/python3.8/site-packages/airflow/example_dags/example_branch_day_of_week_operator.py for tasks to queue
[2025-11-06T22:34:53.483+0000] {logging_mixin.py:188} INFO - [2025-11-06T22:34:53.482+0000] {dagbag.py:538} INFO - Filling up the DagBag from /home/airflow/.local/lib/python3.8/site-packages/airflow/example_dags/example_branch_day_of_week_operator.py
[2025-11-06T22:34:53.508+0000] {processor.py:840} INFO - DAG(s) 'example_weekday_branch_operator' retrieved from /home/airflow/.local/lib/python3.8/site-packages/airflow/example_dags/example_branch_day_of_week_operator.py
[2025-11-06T22:34:53.578+0000] {logging_mixin.py:188} INFO - [2025-11-06T22:34:53.578+0000] {dag.py:3036} INFO - Sync 1 DAGs
[2025-11-06T22:34:53.628+0000] {logging_mixin.py:188} INFO - [2025-11-06T22:34:53.627+0000] {dag.py:3823} INFO - Setting next_dagrun for example_weekday_branch_operator to 2025-11-05 00:00:00+00:00, run_after=2025-11-06 00:00:00+00:00
[2025-11-06T22:34:53.890+0000] {processor.py:183} INFO - Processing /home/airflow/.local/lib/python3.8/site-packages/airflow/example_dags/example_branch_day_of_week_operator.py took 0.421 seconds
[2025-11-06T22:35:26.216+0000] {processor.py:161} INFO - Started process (PID=426) to work on /home/airflow/.local/lib/python3.8/site-packages/airflow/example_dags/example_branch_day_of_week_operator.py
[2025-11-06T22:35:26.218+0000] {processor.py:830} INFO - Processing file /home/airflow/.local/lib/python3.8/site-packages/airflow/example_dags/example_branch_day_of_week_operator.py for tasks to queue
[2025-11-06T22:35:26.222+0000] {logging_mixin.py:188} INFO - [2025-11-06T22:35:26.221+0000] {dagbag.py:538} INFO - Filling up the DagBag from /home/airflow/.local/lib/python3.8/site-packages/airflow/example_dags/example_branch_day_of_week_operator.py
[2025-11-06T22:35:26.257+0000] {processor.py:840} INFO - DAG(s) 'example_weekday_branch_operator' retrieved from /home/airflow/.local/lib/python3.8/site-packages/airflow/example_dags/example_branch_day_of_week_operator.py
[2025-11-06T22:35:26.348+0000] {logging_mixin.py:188} INFO - [2025-11-06T22:35:26.347+0000] {dag.py:3036} INFO - Sync 1 DAGs
[2025-11-06T22:35:26.453+0000] {logging_mixin.py:188} INFO - [2025-11-06T22:35:26.452+0000] {dag.py:3823} INFO - Setting next_dagrun for example_weekday_branch_operator to 2025-11-05 00:00:00+00:00, run_after=2025-11-06 00:00:00+00:00
[2025-11-06T22:35:26.576+0000] {processor.py:183} INFO - Processing /home/airflow/.local/lib/python3.8/site-packages/airflow/example_dags/example_branch_day_of_week_operator.py took 0.373 seconds
[2025-11-06T22:35:57.113+0000] {processor.py:161} INFO - Started process (PID=501) to work on /home/airflow/.local/lib/python3.8/site-packages/airflow/example_dags/example_branch_day_of_week_operator.py
[2025-11-06T22:35:57.115+0000] {processor.py:830} INFO - Processing file /home/airflow/.local/lib/python3.8/site-packages/airflow/example_dags/example_branch_day_of_week_operator.py for tasks to queue
[2025-11-06T22:35:57.129+0000] {logging_mixin.py:188} INFO - [2025-11-06T22:35:57.127+0000] {dagbag.py:538} INFO - Filling up the DagBag from /home/airflow/.local/lib/python3.8/site-packages/airflow/example_dags/example_branch_day_of_week_operator.py
[2025-11-06T22:35:57.170+0000] {processor.py:840} INFO - DAG(s) 'example_weekday_branch_operator' retrieved from /home/airflow/.local/lib/python3.8/site-packages/airflow/example_dags/example_branch_day_of_week_operator.py
[2025-11-06T22:35:57.291+0000] {logging_mixin.py:188} INFO - [2025-11-06T22:35:57.290+0000] {dag.py:3036} INFO - Sync 1 DAGs
[2025-11-06T22:35:57.426+0000] {logging_mixin.py:188} INFO - [2025-11-06T22:35:57.426+0000] {dag.py:3823} INFO - Setting next_dagrun for example_weekday_branch_operator to 2025-11-05 00:00:00+00:00, run_after=2025-11-06 00:00:00+00:00
[2025-11-06T22:35:57.526+0000] {processor.py:183} INFO - Processing /home/airflow/.local/lib/python3.8/site-packages/airflow/example_dags/example_branch_day_of_week_operator.py took 0.436 seconds
[2025-11-06T22:36:28.120+0000] {processor.py:161} INFO - Started process (PID=575) to work on /home/airflow/.local/lib/python3.8/site-packages/airflow/example_dags/example_branch_day_of_week_operator.py
[2025-11-06T22:36:28.121+0000] {processor.py:830} INFO - Processing file /home/airflow/.local/lib/python3.8/site-packages/airflow/example_dags/example_branch_day_of_week_operator.py for tasks to queue
[2025-11-06T22:36:28.124+0000] {logging_mixin.py:188} INFO - [2025-11-06T22:36:28.123+0000] {dagbag.py:538} INFO - Filling up the DagBag from /home/airflow/.local/lib/python3.8/site-packages/airflow/example_dags/example_branch_day_of_week_operator.py
[2025-11-06T22:36:28.146+0000] {processor.py:840} INFO - DAG(s) 'example_weekday_branch_operator' retrieved from /home/airflow/.local/lib/python3.8/site-packages/airflow/example_dags/example_branch_day_of_week_operator.py
[2025-11-06T22:36:28.283+0000] {logging_mixin.py:188} INFO - [2025-11-06T22:36:28.282+0000] {dag.py:3036} INFO - Sync 1 DAGs
[2025-11-06T22:36:28.366+0000] {logging_mixin.py:188} INFO - [2025-11-06T22:36:28.366+0000] {dag.py:3823} INFO - Setting next_dagrun for example_weekday_branch_operator to 2025-11-05 00:00:00+00:00, run_after=2025-11-06 00:00:00+00:00
[2025-11-06T22:36:28.433+0000] {processor.py:183} INFO - Processing /home/airflow/.local/lib/python3.8/site-packages/airflow/example_dags/example_branch_day_of_week_operator.py took 0.323 seconds
[2025-11-06T22:36:59.252+0000] {processor.py:161} INFO - Started process (PID=647) to work on /home/airflow/.local/lib/python3.8/site-packages/airflow/example_dags/example_branch_day_of_week_operator.py
[2025-11-06T22:36:59.260+0000] {processor.py:830} INFO - Processing file /home/airflow/.local/lib/python3.8/site-packages/airflow/example_dags/example_branch_day_of_week_operator.py for tasks to queue
[2025-11-06T22:36:59.269+0000] {logging_mixin.py:188} INFO - [2025-11-06T22:36:59.267+0000] {dagbag.py:538} INFO - Filling up the DagBag from /home/airflow/.local/lib/python3.8/site-packages/airflow/example_dags/example_branch_day_of_week_operator.py
[2025-11-06T22:36:59.335+0000] {processor.py:840} INFO - DAG(s) 'example_weekday_branch_operator' retrieved from /home/airflow/.local/lib/python3.8/site-packages/airflow/example_dags/example_branch_day_of_week_operator.py
[2025-11-06T22:36:59.432+0000] {logging_mixin.py:188} INFO - [2025-11-06T22:36:59.431+0000] {dag.py:3036} INFO - Sync 1 DAGs
[2025-11-06T22:36:59.815+0000] {logging_mixin.py:188} INFO - [2025-11-06T22:36:59.815+0000] {dag.py:3823} INFO - Setting next_dagrun for example_weekday_branch_operator to 2025-11-05 00:00:00+00:00, run_after=2025-11-06 00:00:00+00:00
[2025-11-06T22:36:59.928+0000] {processor.py:183} INFO - Processing /home/airflow/.local/lib/python3.8/site-packages/airflow/example_dags/example_branch_day_of_week_operator.py took 0.700 seconds
[2025-11-06T22:37:30.169+0000] {processor.py:161} INFO - Started process (PID=730) to work on /home/airflow/.local/lib/python3.8/site-packages/airflow/example_dags/example_branch_day_of_week_operator.py
[2025-11-06T22:37:30.171+0000] {processor.py:830} INFO - Processing file /home/airflow/.local/lib/python3.8/site-packages/airflow/example_dags/example_branch_day_of_week_operator.py for tasks to queue
[2025-11-06T22:37:30.173+0000] {logging_mixin.py:188} INFO - [2025-11-06T22:37:30.172+0000] {dagbag.py:538} INFO - Filling up the DagBag from /home/airflow/.local/lib/python3.8/site-packages/airflow/example_dags/example_branch_day_of_week_operator.py
[2025-11-06T22:37:30.191+0000] {processor.py:840} INFO - DAG(s) 'example_weekday_branch_operator' retrieved from /home/airflow/.local/lib/python3.8/site-packages/airflow/example_dags/example_branch_day_of_week_operator.py
[2025-11-06T22:37:30.240+0000] {logging_mixin.py:188} INFO - [2025-11-06T22:37:30.239+0000] {dag.py:3036} INFO - Sync 1 DAGs
[2025-11-06T22:37:30.283+0000] {logging_mixin.py:188} INFO - [2025-11-06T22:37:30.283+0000] {dag.py:3823} INFO - Setting next_dagrun for example_weekday_branch_operator to 2025-11-05 00:00:00+00:00, run_after=2025-11-06 00:00:00+00:00
[2025-11-06T22:37:30.330+0000] {processor.py:183} INFO - Processing /home/airflow/.local/lib/python3.8/site-packages/airflow/example_dags/example_branch_day_of_week_operator.py took 0.168 seconds
[2025-11-06T22:39:50.377+0000] {processor.py:161} INFO - Started process (PID=822) to work on /home/airflow/.local/lib/python3.8/site-packages/airflow/example_dags/example_branch_day_of_week_operator.py
[2025-11-06T22:39:50.380+0000] {processor.py:830} INFO - Processing file /home/airflow/.local/lib/python3.8/site-packages/airflow/example_dags/example_branch_day_of_week_operator.py for tasks to queue
[2025-11-06T22:39:50.384+0000] {logging_mixin.py:188} INFO - [2025-11-06T22:39:50.383+0000] {dagbag.py:538} INFO - Filling up the DagBag from /home/airflow/.local/lib/python3.8/site-packages/airflow/example_dags/example_branch_day_of_week_operator.py
[2025-11-06T22:39:50.478+0000] {processor.py:840} INFO - DAG(s) 'example_weekday_branch_operator' retrieved from /home/airflow/.local/lib/python3.8/site-packages/airflow/example_dags/example_branch_day_of_week_operator.py
[2025-11-06T22:39:50.951+0000] {logging_mixin.py:188} INFO - [2025-11-06T22:39:50.950+0000] {dag.py:3036} INFO - Sync 1 DAGs
[2025-11-06T22:39:51.145+0000] {logging_mixin.py:188} INFO - [2025-11-06T22:39:51.145+0000] {dag.py:3823} INFO - Setting next_dagrun for example_weekday_branch_operator to 2025-11-05 00:00:00+00:00, run_after=2025-11-06 00:00:00+00:00
[2025-11-06T22:39:51.370+0000] {processor.py:183} INFO - Processing /home/airflow/.local/lib/python3.8/site-packages/airflow/example_dags/example_branch_day_of_week_operator.py took 1.019 seconds
[2025-11-06T22:40:38.930+0000] {processor.py:161} INFO - Started process (PID=924) to work on /home/airflow/.local/lib/python3.8/site-packages/airflow/example_dags/example_branch_day_of_week_operator.py
[2025-11-06T22:40:38.932+0000] {processor.py:830} INFO - Processing file /home/airflow/.local/lib/python3.8/site-packages/airflow/example_dags/example_branch_day_of_week_operator.py for tasks to queue
[2025-11-06T22:40:38.935+0000] {logging_mixin.py:188} INFO - [2025-11-06T22:40:38.934+0000] {dagbag.py:538} INFO - Filling up the DagBag from /home/airflow/.local/lib/python3.8/site-packages/airflow/example_dags/example_branch_day_of_week_operator.py
[2025-11-06T22:40:38.969+0000] {processor.py:840} INFO - DAG(s) 'example_weekday_branch_operator' retrieved from /home/airflow/.local/lib/python3.8/site-packages/airflow/example_dags/example_branch_day_of_week_operator.py
[2025-11-06T22:40:39.051+0000] {logging_mixin.py:188} INFO - [2025-11-06T22:40:39.050+0000] {dag.py:3036} INFO - Sync 1 DAGs
[2025-11-06T22:40:39.144+0000] {logging_mixin.py:188} INFO - [2025-11-06T22:40:39.143+0000] {dag.py:3823} INFO - Setting next_dagrun for example_weekday_branch_operator to 2025-11-05 00:00:00+00:00, run_after=2025-11-06 00:00:00+00:00
[2025-11-06T22:40:39.252+0000] {processor.py:183} INFO - Processing /home/airflow/.local/lib/python3.8/site-packages/airflow/example_dags/example_branch_day_of_week_operator.py took 0.333 seconds
[2025-11-06T22:41:18.185+0000] {processor.py:161} INFO - Started process (PID=981) to work on /home/airflow/.local/lib/python3.8/site-packages/airflow/example_dags/example_branch_day_of_week_operator.py
[2025-11-06T22:41:18.200+0000] {processor.py:830} INFO - Processing file /home/airflow/.local/lib/python3.8/site-packages/airflow/example_dags/example_branch_day_of_week_operator.py for tasks to queue
[2025-11-06T22:41:18.216+0000] {logging_mixin.py:188} INFO - [2025-11-06T22:41:18.215+0000] {dagbag.py:538} INFO - Filling up the DagBag from /home/airflow/.local/lib/python3.8/site-packages/airflow/example_dags/example_branch_day_of_week_operator.py
[2025-11-06T22:41:18.546+0000] {processor.py:840} INFO - DAG(s) 'example_weekday_branch_operator' retrieved from /home/airflow/.local/lib/python3.8/site-packages/airflow/example_dags/example_branch_day_of_week_operator.py
[2025-11-06T22:41:18.769+0000] {logging_mixin.py:188} INFO - [2025-11-06T22:41:18.768+0000] {dag.py:3036} INFO - Sync 1 DAGs
[2025-11-06T22:41:18.960+0000] {logging_mixin.py:188} INFO - [2025-11-06T22:41:18.960+0000] {dag.py:3823} INFO - Setting next_dagrun for example_weekday_branch_operator to 2025-11-05 00:00:00+00:00, run_after=2025-11-06 00:00:00+00:00
[2025-11-06T22:41:19.159+0000] {processor.py:183} INFO - Processing /home/airflow/.local/lib/python3.8/site-packages/airflow/example_dags/example_branch_day_of_week_operator.py took 1.020 seconds
[2025-11-06T22:41:49.667+0000] {processor.py:161} INFO - Started process (PID=1069) to work on /home/airflow/.local/lib/python3.8/site-packages/airflow/example_dags/example_branch_day_of_week_operator.py
[2025-11-06T22:41:49.669+0000] {processor.py:830} INFO - Processing file /home/airflow/.local/lib/python3.8/site-packages/airflow/example_dags/example_branch_day_of_week_operator.py for tasks to queue
[2025-11-06T22:41:49.683+0000] {logging_mixin.py:188} INFO - [2025-11-06T22:41:49.682+0000] {dagbag.py:538} INFO - Filling up the DagBag from /home/airflow/.local/lib/python3.8/site-packages/airflow/example_dags/example_branch_day_of_week_operator.py
[2025-11-06T22:41:49.742+0000] {processor.py:840} INFO - DAG(s) 'example_weekday_branch_operator' retrieved from /home/airflow/.local/lib/python3.8/site-packages/airflow/example_dags/example_branch_day_of_week_operator.py
[2025-11-06T22:41:49.870+0000] {logging_mixin.py:188} INFO - [2025-11-06T22:41:49.869+0000] {dag.py:3036} INFO - Sync 1 DAGs
[2025-11-06T22:41:50.007+0000] {logging_mixin.py:188} INFO - [2025-11-06T22:41:50.006+0000] {dag.py:3823} INFO - Setting next_dagrun for example_weekday_branch_operator to 2025-11-05 00:00:00+00:00, run_after=2025-11-06 00:00:00+00:00
[2025-11-06T22:41:50.318+0000] {processor.py:183} INFO - Processing /home/airflow/.local/lib/python3.8/site-packages/airflow/example_dags/example_branch_day_of_week_operator.py took 0.671 seconds
[2025-11-06T22:42:32.354+0000] {processor.py:161} INFO - Started process (PID=1144) to work on /home/airflow/.local/lib/python3.8/site-packages/airflow/example_dags/example_branch_day_of_week_operator.py
[2025-11-06T22:42:32.433+0000] {processor.py:830} INFO - Processing file /home/airflow/.local/lib/python3.8/site-packages/airflow/example_dags/example_branch_day_of_week_operator.py for tasks to queue
[2025-11-06T22:42:32.507+0000] {logging_mixin.py:188} INFO - [2025-11-06T22:42:32.506+0000] {dagbag.py:538} INFO - Filling up the DagBag from /home/airflow/.local/lib/python3.8/site-packages/airflow/example_dags/example_branch_day_of_week_operator.py
[2025-11-06T22:42:32.671+0000] {processor.py:840} INFO - DAG(s) 'example_weekday_branch_operator' retrieved from /home/airflow/.local/lib/python3.8/site-packages/airflow/example_dags/example_branch_day_of_week_operator.py
[2025-11-06T22:42:32.918+0000] {logging_mixin.py:188} INFO - [2025-11-06T22:42:32.917+0000] {dag.py:3036} INFO - Sync 1 DAGs
[2025-11-06T22:42:33.357+0000] {logging_mixin.py:188} INFO - [2025-11-06T22:42:33.356+0000] {dag.py:3823} INFO - Setting next_dagrun for example_weekday_branch_operator to 2025-11-05 00:00:00+00:00, run_after=2025-11-06 00:00:00+00:00
[2025-11-06T22:42:33.508+0000] {processor.py:183} INFO - Processing /home/airflow/.local/lib/python3.8/site-packages/airflow/example_dags/example_branch_day_of_week_operator.py took 1.188 seconds
[2025-11-06T22:43:16.703+0000] {processor.py:161} INFO - Started process (PID=1232) to work on /home/airflow/.local/lib/python3.8/site-packages/airflow/example_dags/example_branch_day_of_week_operator.py
[2025-11-06T22:43:16.705+0000] {processor.py:830} INFO - Processing file /home/airflow/.local/lib/python3.8/site-packages/airflow/example_dags/example_branch_day_of_week_operator.py for tasks to queue
[2025-11-06T22:43:16.708+0000] {logging_mixin.py:188} INFO - [2025-11-06T22:43:16.707+0000] {dagbag.py:538} INFO - Filling up the DagBag from /home/airflow/.local/lib/python3.8/site-packages/airflow/example_dags/example_branch_day_of_week_operator.py
[2025-11-06T22:43:16.736+0000] {processor.py:840} INFO - DAG(s) 'example_weekday_branch_operator' retrieved from /home/airflow/.local/lib/python3.8/site-packages/airflow/example_dags/example_branch_day_of_week_operator.py
[2025-11-06T22:43:16.807+0000] {logging_mixin.py:188} INFO - [2025-11-06T22:43:16.807+0000] {dag.py:3036} INFO - Sync 1 DAGs
[2025-11-06T22:43:16.876+0000] {logging_mixin.py:188} INFO - [2025-11-06T22:43:16.875+0000] {dag.py:3823} INFO - Setting next_dagrun for example_weekday_branch_operator to 2025-11-05 00:00:00+00:00, run_after=2025-11-06 00:00:00+00:00
[2025-11-06T22:43:16.933+0000] {processor.py:183} INFO - Processing /home/airflow/.local/lib/python3.8/site-packages/airflow/example_dags/example_branch_day_of_week_operator.py took 0.240 seconds
[2025-11-06T22:43:51.231+0000] {processor.py:161} INFO - Started process (PID=1307) to work on /home/airflow/.local/lib/python3.8/site-packages/airflow/example_dags/example_branch_day_of_week_operator.py
[2025-11-06T22:43:51.243+0000] {processor.py:830} INFO - Processing file /home/airflow/.local/lib/python3.8/site-packages/airflow/example_dags/example_branch_day_of_week_operator.py for tasks to queue
[2025-11-06T22:43:51.248+0000] {logging_mixin.py:188} INFO - [2025-11-06T22:43:51.246+0000] {dagbag.py:538} INFO - Filling up the DagBag from /home/airflow/.local/lib/python3.8/site-packages/airflow/example_dags/example_branch_day_of_week_operator.py
[2025-11-06T22:43:51.289+0000] {processor.py:840} INFO - DAG(s) 'example_weekday_branch_operator' retrieved from /home/airflow/.local/lib/python3.8/site-packages/airflow/example_dags/example_branch_day_of_week_operator.py
[2025-11-06T22:43:51.507+0000] {logging_mixin.py:188} INFO - [2025-11-06T22:43:51.507+0000] {dag.py:3036} INFO - Sync 1 DAGs
[2025-11-06T22:43:51.711+0000] {logging_mixin.py:188} INFO - [2025-11-06T22:43:51.709+0000] {dag.py:3823} INFO - Setting next_dagrun for example_weekday_branch_operator to 2025-11-05 00:00:00+00:00, run_after=2025-11-06 00:00:00+00:00
[2025-11-06T22:43:51.848+0000] {processor.py:183} INFO - Processing /home/airflow/.local/lib/python3.8/site-packages/airflow/example_dags/example_branch_day_of_week_operator.py took 0.635 seconds
[2025-11-06T22:45:20.174+0000] {processor.py:161} INFO - Started process (PID=1413) to work on /home/airflow/.local/lib/python3.8/site-packages/airflow/example_dags/example_branch_day_of_week_operator.py
[2025-11-06T22:45:20.176+0000] {processor.py:830} INFO - Processing file /home/airflow/.local/lib/python3.8/site-packages/airflow/example_dags/example_branch_day_of_week_operator.py for tasks to queue
[2025-11-06T22:45:20.184+0000] {logging_mixin.py:188} INFO - [2025-11-06T22:45:20.183+0000] {dagbag.py:538} INFO - Filling up the DagBag from /home/airflow/.local/lib/python3.8/site-packages/airflow/example_dags/example_branch_day_of_week_operator.py
[2025-11-06T22:45:20.271+0000] {processor.py:840} INFO - DAG(s) 'example_weekday_branch_operator' retrieved from /home/airflow/.local/lib/python3.8/site-packages/airflow/example_dags/example_branch_day_of_week_operator.py
[2025-11-06T22:45:20.796+0000] {logging_mixin.py:188} INFO - [2025-11-06T22:45:20.796+0000] {dag.py:3036} INFO - Sync 1 DAGs
[2025-11-06T22:45:21.265+0000] {logging_mixin.py:188} INFO - [2025-11-06T22:45:21.264+0000] {dag.py:3823} INFO - Setting next_dagrun for example_weekday_branch_operator to 2025-11-05 00:00:00+00:00, run_after=2025-11-06 00:00:00+00:00
[2025-11-06T22:45:24.789+0000] {processor.py:183} INFO - Processing /home/airflow/.local/lib/python3.8/site-packages/airflow/example_dags/example_branch_day_of_week_operator.py took 4.647 seconds
[2025-11-06T22:46:01.170+0000] {processor.py:161} INFO - Started process (PID=1497) to work on /home/airflow/.local/lib/python3.8/site-packages/airflow/example_dags/example_branch_day_of_week_operator.py
[2025-11-06T22:46:01.183+0000] {processor.py:830} INFO - Processing file /home/airflow/.local/lib/python3.8/site-packages/airflow/example_dags/example_branch_day_of_week_operator.py for tasks to queue
[2025-11-06T22:46:01.212+0000] {logging_mixin.py:188} INFO - [2025-11-06T22:46:01.211+0000] {dagbag.py:538} INFO - Filling up the DagBag from /home/airflow/.local/lib/python3.8/site-packages/airflow/example_dags/example_branch_day_of_week_operator.py
[2025-11-06T22:46:01.257+0000] {processor.py:840} INFO - DAG(s) 'example_weekday_branch_operator' retrieved from /home/airflow/.local/lib/python3.8/site-packages/airflow/example_dags/example_branch_day_of_week_operator.py
[2025-11-06T22:46:01.566+0000] {logging_mixin.py:188} INFO - [2025-11-06T22:46:01.531+0000] {dag.py:3036} INFO - Sync 1 DAGs
[2025-11-06T22:46:01.778+0000] {logging_mixin.py:188} INFO - [2025-11-06T22:46:01.777+0000] {dag.py:3823} INFO - Setting next_dagrun for example_weekday_branch_operator to 2025-11-05 00:00:00+00:00, run_after=2025-11-06 00:00:00+00:00
[2025-11-06T22:46:01.911+0000] {processor.py:183} INFO - Processing /home/airflow/.local/lib/python3.8/site-packages/airflow/example_dags/example_branch_day_of_week_operator.py took 0.828 seconds
[2025-11-06T22:46:33.037+0000] {processor.py:161} INFO - Started process (PID=1570) to work on /home/airflow/.local/lib/python3.8/site-packages/airflow/example_dags/example_branch_day_of_week_operator.py
[2025-11-06T22:46:33.039+0000] {processor.py:830} INFO - Processing file /home/airflow/.local/lib/python3.8/site-packages/airflow/example_dags/example_branch_day_of_week_operator.py for tasks to queue
[2025-11-06T22:46:33.043+0000] {logging_mixin.py:188} INFO - [2025-11-06T22:46:33.042+0000] {dagbag.py:538} INFO - Filling up the DagBag from /home/airflow/.local/lib/python3.8/site-packages/airflow/example_dags/example_branch_day_of_week_operator.py
[2025-11-06T22:46:33.079+0000] {processor.py:840} INFO - DAG(s) 'example_weekday_branch_operator' retrieved from /home/airflow/.local/lib/python3.8/site-packages/airflow/example_dags/example_branch_day_of_week_operator.py
[2025-11-06T22:46:33.161+0000] {logging_mixin.py:188} INFO - [2025-11-06T22:46:33.161+0000] {dag.py:3036} INFO - Sync 1 DAGs
[2025-11-06T22:46:33.255+0000] {logging_mixin.py:188} INFO - [2025-11-06T22:46:33.254+0000] {dag.py:3823} INFO - Setting next_dagrun for example_weekday_branch_operator to 2025-11-05 00:00:00+00:00, run_after=2025-11-06 00:00:00+00:00
[2025-11-06T22:46:33.315+0000] {processor.py:183} INFO - Processing /home/airflow/.local/lib/python3.8/site-packages/airflow/example_dags/example_branch_day_of_week_operator.py took 0.289 seconds
[2025-11-06T22:47:03.606+0000] {processor.py:161} INFO - Started process (PID=1643) to work on /home/airflow/.local/lib/python3.8/site-packages/airflow/example_dags/example_branch_day_of_week_operator.py
[2025-11-06T22:47:03.609+0000] {processor.py:830} INFO - Processing file /home/airflow/.local/lib/python3.8/site-packages/airflow/example_dags/example_branch_day_of_week_operator.py for tasks to queue
[2025-11-06T22:47:03.613+0000] {logging_mixin.py:188} INFO - [2025-11-06T22:47:03.612+0000] {dagbag.py:538} INFO - Filling up the DagBag from /home/airflow/.local/lib/python3.8/site-packages/airflow/example_dags/example_branch_day_of_week_operator.py
[2025-11-06T22:47:03.674+0000] {processor.py:840} INFO - DAG(s) 'example_weekday_branch_operator' retrieved from /home/airflow/.local/lib/python3.8/site-packages/airflow/example_dags/example_branch_day_of_week_operator.py
[2025-11-06T22:47:03.790+0000] {logging_mixin.py:188} INFO - [2025-11-06T22:47:03.789+0000] {dag.py:3036} INFO - Sync 1 DAGs
[2025-11-06T22:47:03.897+0000] {logging_mixin.py:188} INFO - [2025-11-06T22:47:03.897+0000] {dag.py:3823} INFO - Setting next_dagrun for example_weekday_branch_operator to 2025-11-05 00:00:00+00:00, run_after=2025-11-06 00:00:00+00:00
[2025-11-06T22:47:03.966+0000] {processor.py:183} INFO - Processing /home/airflow/.local/lib/python3.8/site-packages/airflow/example_dags/example_branch_day_of_week_operator.py took 0.395 seconds
