[2025-11-06T22:21:06.720+0000] {processor.py:161} INFO - Started process (PID=221) to work on /home/airflow/.local/lib/python3.8/site-packages/airflow/example_dags/tutorial.py
[2025-11-06T22:21:06.736+0000] {processor.py:830} INFO - Processing file /home/airflow/.local/lib/python3.8/site-packages/airflow/example_dags/tutorial.py for tasks to queue
[2025-11-06T22:21:06.740+0000] {logging_mixin.py:188} INFO - [2025-11-06T22:21:06.739+0000] {dagbag.py:538} INFO - Filling up the DagBag from /home/airflow/.local/lib/python3.8/site-packages/airflow/example_dags/tutorial.py
[2025-11-06T22:21:07.095+0000] {processor.py:840} INFO - DAG(s) 'tutorial' retrieved from /home/airflow/.local/lib/python3.8/site-packages/airflow/example_dags/tutorial.py
[2025-11-06T22:21:09.697+0000] {logging_mixin.py:188} INFO - [2025-11-06T22:21:09.696+0000] {dag.py:3036} INFO - Sync 1 DAGs
[2025-11-06T22:21:09.925+0000] {logging_mixin.py:188} INFO - [2025-11-06T22:21:09.924+0000] {dag.py:3823} INFO - Setting next_dagrun for tutorial to 2025-11-05 00:00:00+00:00, run_after=2025-11-06 00:00:00+00:00
[2025-11-06T22:21:10.562+0000] {processor.py:183} INFO - Processing /home/airflow/.local/lib/python3.8/site-packages/airflow/example_dags/tutorial.py took 2.480 seconds
[2025-11-06T22:21:58.164+0000] {processor.py:161} INFO - Started process (PID=309) to work on /home/airflow/.local/lib/python3.8/site-packages/airflow/example_dags/tutorial.py
[2025-11-06T22:21:58.173+0000] {processor.py:830} INFO - Processing file /home/airflow/.local/lib/python3.8/site-packages/airflow/example_dags/tutorial.py for tasks to queue
[2025-11-06T22:21:58.180+0000] {logging_mixin.py:188} INFO - [2025-11-06T22:21:58.178+0000] {dagbag.py:538} INFO - Filling up the DagBag from /home/airflow/.local/lib/python3.8/site-packages/airflow/example_dags/tutorial.py
[2025-11-06T22:21:58.330+0000] {processor.py:840} INFO - DAG(s) 'tutorial' retrieved from /home/airflow/.local/lib/python3.8/site-packages/airflow/example_dags/tutorial.py
[2025-11-06T22:21:58.785+0000] {logging_mixin.py:188} INFO - [2025-11-06T22:21:58.781+0000] {dag.py:3036} INFO - Sync 1 DAGs
[2025-11-06T22:21:59.108+0000] {logging_mixin.py:188} INFO - [2025-11-06T22:21:59.107+0000] {dag.py:3823} INFO - Setting next_dagrun for tutorial to 2025-11-05 00:00:00+00:00, run_after=2025-11-06 00:00:00+00:00
[2025-11-06T22:21:59.194+0000] {processor.py:183} INFO - Processing /home/airflow/.local/lib/python3.8/site-packages/airflow/example_dags/tutorial.py took 1.053 seconds
[2025-11-06T22:22:32.144+0000] {processor.py:161} INFO - Started process (PID=383) to work on /home/airflow/.local/lib/python3.8/site-packages/airflow/example_dags/tutorial.py
[2025-11-06T22:22:32.146+0000] {processor.py:830} INFO - Processing file /home/airflow/.local/lib/python3.8/site-packages/airflow/example_dags/tutorial.py for tasks to queue
[2025-11-06T22:22:32.149+0000] {logging_mixin.py:188} INFO - [2025-11-06T22:22:32.148+0000] {dagbag.py:538} INFO - Filling up the DagBag from /home/airflow/.local/lib/python3.8/site-packages/airflow/example_dags/tutorial.py
[2025-11-06T22:22:32.168+0000] {processor.py:840} INFO - DAG(s) 'tutorial' retrieved from /home/airflow/.local/lib/python3.8/site-packages/airflow/example_dags/tutorial.py
[2025-11-06T22:22:32.244+0000] {logging_mixin.py:188} INFO - [2025-11-06T22:22:32.243+0000] {dag.py:3036} INFO - Sync 1 DAGs
[2025-11-06T22:22:32.338+0000] {logging_mixin.py:188} INFO - [2025-11-06T22:22:32.337+0000] {dag.py:3823} INFO - Setting next_dagrun for tutorial to 2025-11-05 00:00:00+00:00, run_after=2025-11-06 00:00:00+00:00
[2025-11-06T22:22:32.392+0000] {processor.py:183} INFO - Processing /home/airflow/.local/lib/python3.8/site-packages/airflow/example_dags/tutorial.py took 0.258 seconds
[2025-11-06T22:33:19.345+0000] {processor.py:161} INFO - Started process (PID=140) to work on /home/airflow/.local/lib/python3.8/site-packages/airflow/example_dags/tutorial.py
[2025-11-06T22:33:19.348+0000] {processor.py:830} INFO - Processing file /home/airflow/.local/lib/python3.8/site-packages/airflow/example_dags/tutorial.py for tasks to queue
[2025-11-06T22:33:19.351+0000] {logging_mixin.py:188} INFO - [2025-11-06T22:33:19.350+0000] {dagbag.py:538} INFO - Filling up the DagBag from /home/airflow/.local/lib/python3.8/site-packages/airflow/example_dags/tutorial.py
[2025-11-06T22:33:19.375+0000] {processor.py:840} INFO - DAG(s) 'tutorial' retrieved from /home/airflow/.local/lib/python3.8/site-packages/airflow/example_dags/tutorial.py
[2025-11-06T22:33:19.705+0000] {logging_mixin.py:188} INFO - [2025-11-06T22:33:19.705+0000] {dag.py:3036} INFO - Sync 1 DAGs
[2025-11-06T22:33:19.771+0000] {logging_mixin.py:188} INFO - [2025-11-06T22:33:19.770+0000] {dag.py:3823} INFO - Setting next_dagrun for tutorial to 2025-11-05 00:00:00+00:00, run_after=2025-11-06 00:00:00+00:00
[2025-11-06T22:33:19.840+0000] {processor.py:183} INFO - Processing /home/airflow/.local/lib/python3.8/site-packages/airflow/example_dags/tutorial.py took 0.503 seconds
[2025-11-06T22:33:50.098+0000] {processor.py:161} INFO - Started process (PID=214) to work on /home/airflow/.local/lib/python3.8/site-packages/airflow/example_dags/tutorial.py
[2025-11-06T22:33:50.099+0000] {processor.py:830} INFO - Processing file /home/airflow/.local/lib/python3.8/site-packages/airflow/example_dags/tutorial.py for tasks to queue
[2025-11-06T22:33:50.101+0000] {logging_mixin.py:188} INFO - [2025-11-06T22:33:50.101+0000] {dagbag.py:538} INFO - Filling up the DagBag from /home/airflow/.local/lib/python3.8/site-packages/airflow/example_dags/tutorial.py
[2025-11-06T22:33:50.115+0000] {processor.py:840} INFO - DAG(s) 'tutorial' retrieved from /home/airflow/.local/lib/python3.8/site-packages/airflow/example_dags/tutorial.py
[2025-11-06T22:33:50.162+0000] {logging_mixin.py:188} INFO - [2025-11-06T22:33:50.161+0000] {dag.py:3036} INFO - Sync 1 DAGs
[2025-11-06T22:33:50.203+0000] {logging_mixin.py:188} INFO - [2025-11-06T22:33:50.203+0000] {dag.py:3823} INFO - Setting next_dagrun for tutorial to 2025-11-05 00:00:00+00:00, run_after=2025-11-06 00:00:00+00:00
[2025-11-06T22:33:50.262+0000] {processor.py:183} INFO - Processing /home/airflow/.local/lib/python3.8/site-packages/airflow/example_dags/tutorial.py took 0.172 seconds
[2025-11-06T22:34:26.308+0000] {processor.py:161} INFO - Started process (PID=295) to work on /home/airflow/.local/lib/python3.8/site-packages/airflow/example_dags/tutorial.py
[2025-11-06T22:34:26.311+0000] {processor.py:830} INFO - Processing file /home/airflow/.local/lib/python3.8/site-packages/airflow/example_dags/tutorial.py for tasks to queue
[2025-11-06T22:34:26.315+0000] {logging_mixin.py:188} INFO - [2025-11-06T22:34:26.313+0000] {dagbag.py:538} INFO - Filling up the DagBag from /home/airflow/.local/lib/python3.8/site-packages/airflow/example_dags/tutorial.py
[2025-11-06T22:34:26.347+0000] {processor.py:840} INFO - DAG(s) 'tutorial' retrieved from /home/airflow/.local/lib/python3.8/site-packages/airflow/example_dags/tutorial.py
[2025-11-06T22:34:26.436+0000] {logging_mixin.py:188} INFO - [2025-11-06T22:34:26.434+0000] {dag.py:3036} INFO - Sync 1 DAGs
[2025-11-06T22:34:27.073+0000] {logging_mixin.py:188} INFO - [2025-11-06T22:34:27.073+0000] {dag.py:3823} INFO - Setting next_dagrun for tutorial to 2025-11-05 00:00:00+00:00, run_after=2025-11-06 00:00:00+00:00
[2025-11-06T22:34:27.172+0000] {processor.py:183} INFO - Processing /home/airflow/.local/lib/python3.8/site-packages/airflow/example_dags/tutorial.py took 0.874 seconds
[2025-11-06T22:34:57.531+0000] {processor.py:161} INFO - Started process (PID=361) to work on /home/airflow/.local/lib/python3.8/site-packages/airflow/example_dags/tutorial.py
[2025-11-06T22:34:57.533+0000] {processor.py:830} INFO - Processing file /home/airflow/.local/lib/python3.8/site-packages/airflow/example_dags/tutorial.py for tasks to queue
[2025-11-06T22:34:57.535+0000] {logging_mixin.py:188} INFO - [2025-11-06T22:34:57.534+0000] {dagbag.py:538} INFO - Filling up the DagBag from /home/airflow/.local/lib/python3.8/site-packages/airflow/example_dags/tutorial.py
[2025-11-06T22:34:57.549+0000] {processor.py:840} INFO - DAG(s) 'tutorial' retrieved from /home/airflow/.local/lib/python3.8/site-packages/airflow/example_dags/tutorial.py
[2025-11-06T22:34:57.596+0000] {logging_mixin.py:188} INFO - [2025-11-06T22:34:57.596+0000] {dag.py:3036} INFO - Sync 1 DAGs
[2025-11-06T22:34:57.646+0000] {logging_mixin.py:188} INFO - [2025-11-06T22:34:57.646+0000] {dag.py:3823} INFO - Setting next_dagrun for tutorial to 2025-11-05 00:00:00+00:00, run_after=2025-11-06 00:00:00+00:00
[2025-11-06T22:34:57.694+0000] {processor.py:183} INFO - Processing /home/airflow/.local/lib/python3.8/site-packages/airflow/example_dags/tutorial.py took 0.169 seconds
[2025-11-06T22:35:29.246+0000] {processor.py:161} INFO - Started process (PID=435) to work on /home/airflow/.local/lib/python3.8/site-packages/airflow/example_dags/tutorial.py
[2025-11-06T22:35:29.249+0000] {processor.py:830} INFO - Processing file /home/airflow/.local/lib/python3.8/site-packages/airflow/example_dags/tutorial.py for tasks to queue
[2025-11-06T22:35:29.252+0000] {logging_mixin.py:188} INFO - [2025-11-06T22:35:29.251+0000] {dagbag.py:538} INFO - Filling up the DagBag from /home/airflow/.local/lib/python3.8/site-packages/airflow/example_dags/tutorial.py
[2025-11-06T22:35:29.276+0000] {processor.py:840} INFO - DAG(s) 'tutorial' retrieved from /home/airflow/.local/lib/python3.8/site-packages/airflow/example_dags/tutorial.py
[2025-11-06T22:35:29.354+0000] {logging_mixin.py:188} INFO - [2025-11-06T22:35:29.353+0000] {dag.py:3036} INFO - Sync 1 DAGs
[2025-11-06T22:35:29.446+0000] {logging_mixin.py:188} INFO - [2025-11-06T22:35:29.445+0000] {dag.py:3823} INFO - Setting next_dagrun for tutorial to 2025-11-05 00:00:00+00:00, run_after=2025-11-06 00:00:00+00:00
[2025-11-06T22:35:29.514+0000] {processor.py:183} INFO - Processing /home/airflow/.local/lib/python3.8/site-packages/airflow/example_dags/tutorial.py took 0.279 seconds
[2025-11-06T22:35:59.852+0000] {processor.py:161} INFO - Started process (PID=507) to work on /home/airflow/.local/lib/python3.8/site-packages/airflow/example_dags/tutorial.py
[2025-11-06T22:35:59.856+0000] {processor.py:830} INFO - Processing file /home/airflow/.local/lib/python3.8/site-packages/airflow/example_dags/tutorial.py for tasks to queue
[2025-11-06T22:35:59.864+0000] {logging_mixin.py:188} INFO - [2025-11-06T22:35:59.862+0000] {dagbag.py:538} INFO - Filling up the DagBag from /home/airflow/.local/lib/python3.8/site-packages/airflow/example_dags/tutorial.py
[2025-11-06T22:35:59.919+0000] {processor.py:840} INFO - DAG(s) 'tutorial' retrieved from /home/airflow/.local/lib/python3.8/site-packages/airflow/example_dags/tutorial.py
[2025-11-06T22:36:00.038+0000] {logging_mixin.py:188} INFO - [2025-11-06T22:36:00.036+0000] {dag.py:3036} INFO - Sync 1 DAGs
[2025-11-06T22:36:00.224+0000] {logging_mixin.py:188} INFO - [2025-11-06T22:36:00.223+0000] {dag.py:3823} INFO - Setting next_dagrun for tutorial to 2025-11-05 00:00:00+00:00, run_after=2025-11-06 00:00:00+00:00
[2025-11-06T22:36:00.300+0000] {processor.py:183} INFO - Processing /home/airflow/.local/lib/python3.8/site-packages/airflow/example_dags/tutorial.py took 0.489 seconds
[2025-11-06T22:36:30.424+0000] {processor.py:161} INFO - Started process (PID=588) to work on /home/airflow/.local/lib/python3.8/site-packages/airflow/example_dags/tutorial.py
[2025-11-06T22:36:30.426+0000] {processor.py:830} INFO - Processing file /home/airflow/.local/lib/python3.8/site-packages/airflow/example_dags/tutorial.py for tasks to queue
[2025-11-06T22:36:30.428+0000] {logging_mixin.py:188} INFO - [2025-11-06T22:36:30.427+0000] {dagbag.py:538} INFO - Filling up the DagBag from /home/airflow/.local/lib/python3.8/site-packages/airflow/example_dags/tutorial.py
[2025-11-06T22:36:30.442+0000] {processor.py:840} INFO - DAG(s) 'tutorial' retrieved from /home/airflow/.local/lib/python3.8/site-packages/airflow/example_dags/tutorial.py
[2025-11-06T22:36:30.487+0000] {logging_mixin.py:188} INFO - [2025-11-06T22:36:30.486+0000] {dag.py:3036} INFO - Sync 1 DAGs
[2025-11-06T22:36:30.537+0000] {logging_mixin.py:188} INFO - [2025-11-06T22:36:30.536+0000] {dag.py:3823} INFO - Setting next_dagrun for tutorial to 2025-11-05 00:00:00+00:00, run_after=2025-11-06 00:00:00+00:00
[2025-11-06T22:36:30.576+0000] {processor.py:183} INFO - Processing /home/airflow/.local/lib/python3.8/site-packages/airflow/example_dags/tutorial.py took 0.158 seconds
[2025-11-06T22:37:01.640+0000] {processor.py:161} INFO - Started process (PID=661) to work on /home/airflow/.local/lib/python3.8/site-packages/airflow/example_dags/tutorial.py
[2025-11-06T22:37:01.643+0000] {processor.py:830} INFO - Processing file /home/airflow/.local/lib/python3.8/site-packages/airflow/example_dags/tutorial.py for tasks to queue
[2025-11-06T22:37:01.646+0000] {logging_mixin.py:188} INFO - [2025-11-06T22:37:01.645+0000] {dagbag.py:538} INFO - Filling up the DagBag from /home/airflow/.local/lib/python3.8/site-packages/airflow/example_dags/tutorial.py
[2025-11-06T22:37:01.673+0000] {processor.py:840} INFO - DAG(s) 'tutorial' retrieved from /home/airflow/.local/lib/python3.8/site-packages/airflow/example_dags/tutorial.py
[2025-11-06T22:37:01.790+0000] {logging_mixin.py:188} INFO - [2025-11-06T22:37:01.789+0000] {dag.py:3036} INFO - Sync 1 DAGs
[2025-11-06T22:37:01.897+0000] {logging_mixin.py:188} INFO - [2025-11-06T22:37:01.896+0000] {dag.py:3823} INFO - Setting next_dagrun for tutorial to 2025-11-05 00:00:00+00:00, run_after=2025-11-06 00:00:00+00:00
[2025-11-06T22:37:02.003+0000] {processor.py:183} INFO - Processing /home/airflow/.local/lib/python3.8/site-packages/airflow/example_dags/tutorial.py took 0.377 seconds
[2025-11-06T22:37:32.788+0000] {processor.py:161} INFO - Started process (PID=736) to work on /home/airflow/.local/lib/python3.8/site-packages/airflow/example_dags/tutorial.py
[2025-11-06T22:37:32.789+0000] {processor.py:830} INFO - Processing file /home/airflow/.local/lib/python3.8/site-packages/airflow/example_dags/tutorial.py for tasks to queue
[2025-11-06T22:37:32.791+0000] {logging_mixin.py:188} INFO - [2025-11-06T22:37:32.791+0000] {dagbag.py:538} INFO - Filling up the DagBag from /home/airflow/.local/lib/python3.8/site-packages/airflow/example_dags/tutorial.py
[2025-11-06T22:37:32.802+0000] {processor.py:840} INFO - DAG(s) 'tutorial' retrieved from /home/airflow/.local/lib/python3.8/site-packages/airflow/example_dags/tutorial.py
[2025-11-06T22:37:32.841+0000] {logging_mixin.py:188} INFO - [2025-11-06T22:37:32.841+0000] {dag.py:3036} INFO - Sync 1 DAGs
[2025-11-06T22:37:32.886+0000] {logging_mixin.py:188} INFO - [2025-11-06T22:37:32.886+0000] {dag.py:3823} INFO - Setting next_dagrun for tutorial to 2025-11-05 00:00:00+00:00, run_after=2025-11-06 00:00:00+00:00
[2025-11-06T22:37:32.918+0000] {processor.py:183} INFO - Processing /home/airflow/.local/lib/python3.8/site-packages/airflow/example_dags/tutorial.py took 0.135 seconds
[2025-11-06T22:39:59.435+0000] {processor.py:161} INFO - Started process (PID=849) to work on /home/airflow/.local/lib/python3.8/site-packages/airflow/example_dags/tutorial.py
[2025-11-06T22:39:59.491+0000] {processor.py:830} INFO - Processing file /home/airflow/.local/lib/python3.8/site-packages/airflow/example_dags/tutorial.py for tasks to queue
[2025-11-06T22:39:59.507+0000] {logging_mixin.py:188} INFO - [2025-11-06T22:39:59.506+0000] {dagbag.py:538} INFO - Filling up the DagBag from /home/airflow/.local/lib/python3.8/site-packages/airflow/example_dags/tutorial.py
[2025-11-06T22:39:59.644+0000] {processor.py:840} INFO - DAG(s) 'tutorial' retrieved from /home/airflow/.local/lib/python3.8/site-packages/airflow/example_dags/tutorial.py
[2025-11-06T22:40:00.090+0000] {logging_mixin.py:188} INFO - [2025-11-06T22:40:00.089+0000] {dag.py:3036} INFO - Sync 1 DAGs
[2025-11-06T22:40:00.385+0000] {logging_mixin.py:188} INFO - [2025-11-06T22:40:00.384+0000] {dag.py:3823} INFO - Setting next_dagrun for tutorial to 2025-11-05 00:00:00+00:00, run_after=2025-11-06 00:00:00+00:00
[2025-11-06T22:40:00.626+0000] {processor.py:183} INFO - Processing /home/airflow/.local/lib/python3.8/site-packages/airflow/example_dags/tutorial.py took 1.257 seconds
[2025-11-06T22:40:42.157+0000] {processor.py:161} INFO - Started process (PID=931) to work on /home/airflow/.local/lib/python3.8/site-packages/airflow/example_dags/tutorial.py
[2025-11-06T22:40:42.186+0000] {processor.py:830} INFO - Processing file /home/airflow/.local/lib/python3.8/site-packages/airflow/example_dags/tutorial.py for tasks to queue
[2025-11-06T22:40:42.257+0000] {logging_mixin.py:188} INFO - [2025-11-06T22:40:42.228+0000] {dagbag.py:538} INFO - Filling up the DagBag from /home/airflow/.local/lib/python3.8/site-packages/airflow/example_dags/tutorial.py
[2025-11-06T22:40:42.484+0000] {processor.py:840} INFO - DAG(s) 'tutorial' retrieved from /home/airflow/.local/lib/python3.8/site-packages/airflow/example_dags/tutorial.py
[2025-11-06T22:40:42.968+0000] {logging_mixin.py:188} INFO - [2025-11-06T22:40:42.967+0000] {dag.py:3036} INFO - Sync 1 DAGs
[2025-11-06T22:40:43.247+0000] {logging_mixin.py:188} INFO - [2025-11-06T22:40:43.247+0000] {dag.py:3823} INFO - Setting next_dagrun for tutorial to 2025-11-05 00:00:00+00:00, run_after=2025-11-06 00:00:00+00:00
[2025-11-06T22:40:43.460+0000] {processor.py:183} INFO - Processing /home/airflow/.local/lib/python3.8/site-packages/airflow/example_dags/tutorial.py took 1.409 seconds
[2025-11-06T22:41:24.041+0000] {processor.py:161} INFO - Started process (PID=1009) to work on /home/airflow/.local/lib/python3.8/site-packages/airflow/example_dags/tutorial.py
[2025-11-06T22:41:24.045+0000] {processor.py:830} INFO - Processing file /home/airflow/.local/lib/python3.8/site-packages/airflow/example_dags/tutorial.py for tasks to queue
[2025-11-06T22:41:24.053+0000] {logging_mixin.py:188} INFO - [2025-11-06T22:41:24.052+0000] {dagbag.py:538} INFO - Filling up the DagBag from /home/airflow/.local/lib/python3.8/site-packages/airflow/example_dags/tutorial.py
[2025-11-06T22:41:24.086+0000] {processor.py:840} INFO - DAG(s) 'tutorial' retrieved from /home/airflow/.local/lib/python3.8/site-packages/airflow/example_dags/tutorial.py
[2025-11-06T22:41:24.290+0000] {logging_mixin.py:188} INFO - [2025-11-06T22:41:24.290+0000] {dag.py:3036} INFO - Sync 1 DAGs
[2025-11-06T22:41:24.448+0000] {logging_mixin.py:188} INFO - [2025-11-06T22:41:24.448+0000] {dag.py:3823} INFO - Setting next_dagrun for tutorial to 2025-11-05 00:00:00+00:00, run_after=2025-11-06 00:00:00+00:00
[2025-11-06T22:41:24.669+0000] {processor.py:183} INFO - Processing /home/airflow/.local/lib/python3.8/site-packages/airflow/example_dags/tutorial.py took 0.678 seconds
[2025-11-06T22:41:56.421+0000] {processor.py:161} INFO - Started process (PID=1083) to work on /home/airflow/.local/lib/python3.8/site-packages/airflow/example_dags/tutorial.py
[2025-11-06T22:41:56.427+0000] {processor.py:830} INFO - Processing file /home/airflow/.local/lib/python3.8/site-packages/airflow/example_dags/tutorial.py for tasks to queue
[2025-11-06T22:41:56.454+0000] {logging_mixin.py:188} INFO - [2025-11-06T22:41:56.452+0000] {dagbag.py:538} INFO - Filling up the DagBag from /home/airflow/.local/lib/python3.8/site-packages/airflow/example_dags/tutorial.py
[2025-11-06T22:41:56.549+0000] {processor.py:840} INFO - DAG(s) 'tutorial' retrieved from /home/airflow/.local/lib/python3.8/site-packages/airflow/example_dags/tutorial.py
[2025-11-06T22:41:56.729+0000] {logging_mixin.py:188} INFO - [2025-11-06T22:41:56.728+0000] {dag.py:3036} INFO - Sync 1 DAGs
[2025-11-06T22:41:56.878+0000] {logging_mixin.py:188} INFO - [2025-11-06T22:41:56.877+0000] {dag.py:3823} INFO - Setting next_dagrun for tutorial to 2025-11-05 00:00:00+00:00, run_after=2025-11-06 00:00:00+00:00
[2025-11-06T22:41:56.964+0000] {processor.py:183} INFO - Processing /home/airflow/.local/lib/python3.8/site-packages/airflow/example_dags/tutorial.py took 0.575 seconds
[2025-11-06T22:42:36.376+0000] {processor.py:161} INFO - Started process (PID=1150) to work on /home/airflow/.local/lib/python3.8/site-packages/airflow/example_dags/tutorial.py
[2025-11-06T22:42:36.382+0000] {processor.py:830} INFO - Processing file /home/airflow/.local/lib/python3.8/site-packages/airflow/example_dags/tutorial.py for tasks to queue
[2025-11-06T22:42:36.386+0000] {logging_mixin.py:188} INFO - [2025-11-06T22:42:36.385+0000] {dagbag.py:538} INFO - Filling up the DagBag from /home/airflow/.local/lib/python3.8/site-packages/airflow/example_dags/tutorial.py
[2025-11-06T22:42:36.425+0000] {processor.py:840} INFO - DAG(s) 'tutorial' retrieved from /home/airflow/.local/lib/python3.8/site-packages/airflow/example_dags/tutorial.py
[2025-11-06T22:42:36.570+0000] {logging_mixin.py:188} INFO - [2025-11-06T22:42:36.547+0000] {dag.py:3036} INFO - Sync 1 DAGs
[2025-11-06T22:42:36.893+0000] {logging_mixin.py:188} INFO - [2025-11-06T22:42:36.892+0000] {dag.py:3823} INFO - Setting next_dagrun for tutorial to 2025-11-05 00:00:00+00:00, run_after=2025-11-06 00:00:00+00:00
[2025-11-06T22:42:37.132+0000] {processor.py:183} INFO - Processing /home/airflow/.local/lib/python3.8/site-packages/airflow/example_dags/tutorial.py took 0.782 seconds
[2025-11-06T22:43:18.089+0000] {processor.py:161} INFO - Started process (PID=1238) to work on /home/airflow/.local/lib/python3.8/site-packages/airflow/example_dags/tutorial.py
[2025-11-06T22:43:18.091+0000] {processor.py:830} INFO - Processing file /home/airflow/.local/lib/python3.8/site-packages/airflow/example_dags/tutorial.py for tasks to queue
[2025-11-06T22:43:18.094+0000] {logging_mixin.py:188} INFO - [2025-11-06T22:43:18.093+0000] {dagbag.py:538} INFO - Filling up the DagBag from /home/airflow/.local/lib/python3.8/site-packages/airflow/example_dags/tutorial.py
[2025-11-06T22:43:18.119+0000] {processor.py:840} INFO - DAG(s) 'tutorial' retrieved from /home/airflow/.local/lib/python3.8/site-packages/airflow/example_dags/tutorial.py
[2025-11-06T22:43:18.228+0000] {logging_mixin.py:188} INFO - [2025-11-06T22:43:18.227+0000] {dag.py:3036} INFO - Sync 1 DAGs
[2025-11-06T22:43:18.331+0000] {logging_mixin.py:188} INFO - [2025-11-06T22:43:18.330+0000] {dag.py:3823} INFO - Setting next_dagrun for tutorial to 2025-11-05 00:00:00+00:00, run_after=2025-11-06 00:00:00+00:00
[2025-11-06T22:43:18.387+0000] {processor.py:183} INFO - Processing /home/airflow/.local/lib/python3.8/site-packages/airflow/example_dags/tutorial.py took 0.309 seconds
[2025-11-06T22:44:11.551+0000] {processor.py:161} INFO - Started process (PID=1327) to work on /home/airflow/.local/lib/python3.8/site-packages/airflow/example_dags/tutorial.py
[2025-11-06T22:44:11.560+0000] {processor.py:830} INFO - Processing file /home/airflow/.local/lib/python3.8/site-packages/airflow/example_dags/tutorial.py for tasks to queue
[2025-11-06T22:44:11.637+0000] {logging_mixin.py:188} INFO - [2025-11-06T22:44:11.635+0000] {dagbag.py:538} INFO - Filling up the DagBag from /home/airflow/.local/lib/python3.8/site-packages/airflow/example_dags/tutorial.py
[2025-11-06T22:44:11.809+0000] {processor.py:840} INFO - DAG(s) 'tutorial' retrieved from /home/airflow/.local/lib/python3.8/site-packages/airflow/example_dags/tutorial.py
[2025-11-06T22:44:11.992+0000] {logging_mixin.py:188} INFO - [2025-11-06T22:44:11.990+0000] {dag.py:3036} INFO - Sync 1 DAGs
[2025-11-06T22:44:12.186+0000] {logging_mixin.py:188} INFO - [2025-11-06T22:44:12.185+0000] {dag.py:3823} INFO - Setting next_dagrun for tutorial to 2025-11-05 00:00:00+00:00, run_after=2025-11-06 00:00:00+00:00
[2025-11-06T22:44:12.398+0000] {processor.py:183} INFO - Processing /home/airflow/.local/lib/python3.8/site-packages/airflow/example_dags/tutorial.py took 0.929 seconds
[2025-11-06T22:45:34.683+0000] {processor.py:161} INFO - Started process (PID=1441) to work on /home/airflow/.local/lib/python3.8/site-packages/airflow/example_dags/tutorial.py
[2025-11-06T22:45:34.694+0000] {processor.py:830} INFO - Processing file /home/airflow/.local/lib/python3.8/site-packages/airflow/example_dags/tutorial.py for tasks to queue
[2025-11-06T22:45:34.745+0000] {logging_mixin.py:188} INFO - [2025-11-06T22:45:34.743+0000] {dagbag.py:538} INFO - Filling up the DagBag from /home/airflow/.local/lib/python3.8/site-packages/airflow/example_dags/tutorial.py
[2025-11-06T22:45:34.853+0000] {processor.py:840} INFO - DAG(s) 'tutorial' retrieved from /home/airflow/.local/lib/python3.8/site-packages/airflow/example_dags/tutorial.py
[2025-11-06T22:45:35.044+0000] {logging_mixin.py:188} INFO - [2025-11-06T22:45:35.043+0000] {dag.py:3036} INFO - Sync 1 DAGs
[2025-11-06T22:45:35.593+0000] {logging_mixin.py:188} INFO - [2025-11-06T22:45:35.592+0000] {dag.py:3823} INFO - Setting next_dagrun for tutorial to 2025-11-05 00:00:00+00:00, run_after=2025-11-06 00:00:00+00:00
[2025-11-06T22:45:35.993+0000] {processor.py:183} INFO - Processing /home/airflow/.local/lib/python3.8/site-packages/airflow/example_dags/tutorial.py took 1.428 seconds
[2025-11-06T22:46:07.107+0000] {processor.py:161} INFO - Started process (PID=1517) to work on /home/airflow/.local/lib/python3.8/site-packages/airflow/example_dags/tutorial.py
[2025-11-06T22:46:07.112+0000] {processor.py:830} INFO - Processing file /home/airflow/.local/lib/python3.8/site-packages/airflow/example_dags/tutorial.py for tasks to queue
[2025-11-06T22:46:07.131+0000] {logging_mixin.py:188} INFO - [2025-11-06T22:46:07.130+0000] {dagbag.py:538} INFO - Filling up the DagBag from /home/airflow/.local/lib/python3.8/site-packages/airflow/example_dags/tutorial.py
[2025-11-06T22:46:07.236+0000] {processor.py:840} INFO - DAG(s) 'tutorial' retrieved from /home/airflow/.local/lib/python3.8/site-packages/airflow/example_dags/tutorial.py
[2025-11-06T22:46:07.448+0000] {logging_mixin.py:188} INFO - [2025-11-06T22:46:07.447+0000] {dag.py:3036} INFO - Sync 1 DAGs
[2025-11-06T22:46:07.651+0000] {logging_mixin.py:188} INFO - [2025-11-06T22:46:07.650+0000] {dag.py:3823} INFO - Setting next_dagrun for tutorial to 2025-11-05 00:00:00+00:00, run_after=2025-11-06 00:00:00+00:00
[2025-11-06T22:46:07.818+0000] {processor.py:183} INFO - Processing /home/airflow/.local/lib/python3.8/site-packages/airflow/example_dags/tutorial.py took 0.724 seconds
[2025-11-06T22:46:38.145+0000] {processor.py:161} INFO - Started process (PID=1582) to work on /home/airflow/.local/lib/python3.8/site-packages/airflow/example_dags/tutorial.py
[2025-11-06T22:46:38.153+0000] {processor.py:830} INFO - Processing file /home/airflow/.local/lib/python3.8/site-packages/airflow/example_dags/tutorial.py for tasks to queue
[2025-11-06T22:46:38.171+0000] {logging_mixin.py:188} INFO - [2025-11-06T22:46:38.169+0000] {dagbag.py:538} INFO - Filling up the DagBag from /home/airflow/.local/lib/python3.8/site-packages/airflow/example_dags/tutorial.py
[2025-11-06T22:46:38.262+0000] {processor.py:840} INFO - DAG(s) 'tutorial' retrieved from /home/airflow/.local/lib/python3.8/site-packages/airflow/example_dags/tutorial.py
[2025-11-06T22:46:38.372+0000] {logging_mixin.py:188} INFO - [2025-11-06T22:46:38.371+0000] {dag.py:3036} INFO - Sync 1 DAGs
[2025-11-06T22:46:38.509+0000] {logging_mixin.py:188} INFO - [2025-11-06T22:46:38.505+0000] {dag.py:3823} INFO - Setting next_dagrun for tutorial to 2025-11-05 00:00:00+00:00, run_after=2025-11-06 00:00:00+00:00
[2025-11-06T22:46:38.597+0000] {processor.py:183} INFO - Processing /home/airflow/.local/lib/python3.8/site-packages/airflow/example_dags/tutorial.py took 0.472 seconds
[2025-11-06T22:47:09.989+0000] {processor.py:161} INFO - Started process (PID=1662) to work on /home/airflow/.local/lib/python3.8/site-packages/airflow/example_dags/tutorial.py
[2025-11-06T22:47:09.992+0000] {processor.py:830} INFO - Processing file /home/airflow/.local/lib/python3.8/site-packages/airflow/example_dags/tutorial.py for tasks to queue
[2025-11-06T22:47:09.996+0000] {logging_mixin.py:188} INFO - [2025-11-06T22:47:09.995+0000] {dagbag.py:538} INFO - Filling up the DagBag from /home/airflow/.local/lib/python3.8/site-packages/airflow/example_dags/tutorial.py
[2025-11-06T22:47:10.021+0000] {processor.py:840} INFO - DAG(s) 'tutorial' retrieved from /home/airflow/.local/lib/python3.8/site-packages/airflow/example_dags/tutorial.py
[2025-11-06T22:47:10.191+0000] {logging_mixin.py:188} INFO - [2025-11-06T22:47:10.190+0000] {dag.py:3036} INFO - Sync 1 DAGs
[2025-11-06T22:47:10.297+0000] {logging_mixin.py:188} INFO - [2025-11-06T22:47:10.297+0000] {dag.py:3823} INFO - Setting next_dagrun for tutorial to 2025-11-05 00:00:00+00:00, run_after=2025-11-06 00:00:00+00:00
[2025-11-06T22:47:10.366+0000] {processor.py:183} INFO - Processing /home/airflow/.local/lib/python3.8/site-packages/airflow/example_dags/tutorial.py took 0.417 seconds
