[2025-11-06T22:21:31.160+0000] {processor.py:161} INFO - Started process (PID=260) to work on /home/airflow/.local/lib/python3.8/site-packages/airflow/example_dags/tutorial_dag.py
[2025-11-06T22:21:31.165+0000] {processor.py:830} INFO - Processing file /home/airflow/.local/lib/python3.8/site-packages/airflow/example_dags/tutorial_dag.py for tasks to queue
[2025-11-06T22:21:31.172+0000] {logging_mixin.py:188} INFO - [2025-11-06T22:21:31.170+0000] {dagbag.py:538} INFO - Filling up the DagBag from /home/airflow/.local/lib/python3.8/site-packages/airflow/example_dags/tutorial_dag.py
[2025-11-06T22:21:31.199+0000] {processor.py:840} INFO - DAG(s) 'tutorial_dag' retrieved from /home/airflow/.local/lib/python3.8/site-packages/airflow/example_dags/tutorial_dag.py
[2025-11-06T22:21:32.477+0000] {logging_mixin.py:188} INFO - [2025-11-06T22:21:32.476+0000] {dag.py:3036} INFO - Sync 1 DAGs
[2025-11-06T22:21:32.574+0000] {logging_mixin.py:188} INFO - [2025-11-06T22:21:32.573+0000] {dag.py:3823} INFO - Setting next_dagrun for tutorial_dag to None, run_after=None
[2025-11-06T22:21:32.765+0000] {processor.py:183} INFO - Processing /home/airflow/.local/lib/python3.8/site-packages/airflow/example_dags/tutorial_dag.py took 1.617 seconds
[2025-11-06T22:22:09.197+0000] {processor.py:161} INFO - Started process (PID=341) to work on /home/airflow/.local/lib/python3.8/site-packages/airflow/example_dags/tutorial_dag.py
[2025-11-06T22:22:09.201+0000] {processor.py:830} INFO - Processing file /home/airflow/.local/lib/python3.8/site-packages/airflow/example_dags/tutorial_dag.py for tasks to queue
[2025-11-06T22:22:09.237+0000] {logging_mixin.py:188} INFO - [2025-11-06T22:22:09.232+0000] {dagbag.py:538} INFO - Filling up the DagBag from /home/airflow/.local/lib/python3.8/site-packages/airflow/example_dags/tutorial_dag.py
[2025-11-06T22:22:09.303+0000] {processor.py:840} INFO - DAG(s) 'tutorial_dag' retrieved from /home/airflow/.local/lib/python3.8/site-packages/airflow/example_dags/tutorial_dag.py
[2025-11-06T22:22:09.497+0000] {logging_mixin.py:188} INFO - [2025-11-06T22:22:09.496+0000] {dag.py:3036} INFO - Sync 1 DAGs
[2025-11-06T22:22:09.595+0000] {logging_mixin.py:188} INFO - [2025-11-06T22:22:09.594+0000] {dag.py:3823} INFO - Setting next_dagrun for tutorial_dag to None, run_after=None
[2025-11-06T22:22:09.663+0000] {processor.py:183} INFO - Processing /home/airflow/.local/lib/python3.8/site-packages/airflow/example_dags/tutorial_dag.py took 0.480 seconds
[2025-11-06T22:22:40.538+0000] {processor.py:161} INFO - Started process (PID=416) to work on /home/airflow/.local/lib/python3.8/site-packages/airflow/example_dags/tutorial_dag.py
[2025-11-06T22:22:40.541+0000] {processor.py:830} INFO - Processing file /home/airflow/.local/lib/python3.8/site-packages/airflow/example_dags/tutorial_dag.py for tasks to queue
[2025-11-06T22:22:40.551+0000] {logging_mixin.py:188} INFO - [2025-11-06T22:22:40.550+0000] {dagbag.py:538} INFO - Filling up the DagBag from /home/airflow/.local/lib/python3.8/site-packages/airflow/example_dags/tutorial_dag.py
[2025-11-06T22:22:40.575+0000] {processor.py:840} INFO - DAG(s) 'tutorial_dag' retrieved from /home/airflow/.local/lib/python3.8/site-packages/airflow/example_dags/tutorial_dag.py
[2025-11-06T22:22:40.749+0000] {logging_mixin.py:188} INFO - [2025-11-06T22:22:40.739+0000] {dag.py:3036} INFO - Sync 1 DAGs
[2025-11-06T22:22:40.824+0000] {logging_mixin.py:188} INFO - [2025-11-06T22:22:40.823+0000] {dag.py:3823} INFO - Setting next_dagrun for tutorial_dag to None, run_after=None
[2025-11-06T22:22:40.924+0000] {processor.py:183} INFO - Processing /home/airflow/.local/lib/python3.8/site-packages/airflow/example_dags/tutorial_dag.py took 0.397 seconds
[2025-11-06T22:33:29.239+0000] {processor.py:161} INFO - Started process (PID=172) to work on /home/airflow/.local/lib/python3.8/site-packages/airflow/example_dags/tutorial_dag.py
[2025-11-06T22:33:29.296+0000] {processor.py:830} INFO - Processing file /home/airflow/.local/lib/python3.8/site-packages/airflow/example_dags/tutorial_dag.py for tasks to queue
[2025-11-06T22:33:29.300+0000] {logging_mixin.py:188} INFO - [2025-11-06T22:33:29.299+0000] {dagbag.py:538} INFO - Filling up the DagBag from /home/airflow/.local/lib/python3.8/site-packages/airflow/example_dags/tutorial_dag.py
[2025-11-06T22:33:29.314+0000] {processor.py:840} INFO - DAG(s) 'tutorial_dag' retrieved from /home/airflow/.local/lib/python3.8/site-packages/airflow/example_dags/tutorial_dag.py
[2025-11-06T22:33:29.496+0000] {logging_mixin.py:188} INFO - [2025-11-06T22:33:29.496+0000] {dag.py:3036} INFO - Sync 1 DAGs
[2025-11-06T22:33:29.512+0000] {logging_mixin.py:188} INFO - [2025-11-06T22:33:29.511+0000] {dag.py:3823} INFO - Setting next_dagrun for tutorial_dag to None, run_after=None
[2025-11-06T22:33:30.438+0000] {processor.py:183} INFO - Processing /home/airflow/.local/lib/python3.8/site-packages/airflow/example_dags/tutorial_dag.py took 1.205 seconds
[2025-11-06T22:34:01.438+0000] {processor.py:161} INFO - Started process (PID=246) to work on /home/airflow/.local/lib/python3.8/site-packages/airflow/example_dags/tutorial_dag.py
[2025-11-06T22:34:01.446+0000] {processor.py:830} INFO - Processing file /home/airflow/.local/lib/python3.8/site-packages/airflow/example_dags/tutorial_dag.py for tasks to queue
[2025-11-06T22:34:01.458+0000] {logging_mixin.py:188} INFO - [2025-11-06T22:34:01.454+0000] {dagbag.py:538} INFO - Filling up the DagBag from /home/airflow/.local/lib/python3.8/site-packages/airflow/example_dags/tutorial_dag.py
[2025-11-06T22:34:01.515+0000] {processor.py:840} INFO - DAG(s) 'tutorial_dag' retrieved from /home/airflow/.local/lib/python3.8/site-packages/airflow/example_dags/tutorial_dag.py
[2025-11-06T22:34:01.764+0000] {logging_mixin.py:188} INFO - [2025-11-06T22:34:01.763+0000] {dag.py:3036} INFO - Sync 1 DAGs
[2025-11-06T22:34:01.843+0000] {logging_mixin.py:188} INFO - [2025-11-06T22:34:01.842+0000] {dag.py:3823} INFO - Setting next_dagrun for tutorial_dag to None, run_after=None
[2025-11-06T22:34:01.979+0000] {processor.py:183} INFO - Processing /home/airflow/.local/lib/python3.8/site-packages/airflow/example_dags/tutorial_dag.py took 0.559 seconds
[2025-11-06T22:34:35.904+0000] {processor.py:161} INFO - Started process (PID=319) to work on /home/airflow/.local/lib/python3.8/site-packages/airflow/example_dags/tutorial_dag.py
[2025-11-06T22:34:35.906+0000] {processor.py:830} INFO - Processing file /home/airflow/.local/lib/python3.8/site-packages/airflow/example_dags/tutorial_dag.py for tasks to queue
[2025-11-06T22:34:35.912+0000] {logging_mixin.py:188} INFO - [2025-11-06T22:34:35.910+0000] {dagbag.py:538} INFO - Filling up the DagBag from /home/airflow/.local/lib/python3.8/site-packages/airflow/example_dags/tutorial_dag.py
[2025-11-06T22:34:35.930+0000] {processor.py:840} INFO - DAG(s) 'tutorial_dag' retrieved from /home/airflow/.local/lib/python3.8/site-packages/airflow/example_dags/tutorial_dag.py
[2025-11-06T22:34:36.011+0000] {logging_mixin.py:188} INFO - [2025-11-06T22:34:36.010+0000] {dag.py:3036} INFO - Sync 1 DAGs
[2025-11-06T22:34:36.059+0000] {logging_mixin.py:188} INFO - [2025-11-06T22:34:36.058+0000] {dag.py:3823} INFO - Setting next_dagrun for tutorial_dag to None, run_after=None
[2025-11-06T22:34:36.103+0000] {processor.py:183} INFO - Processing /home/airflow/.local/lib/python3.8/site-packages/airflow/example_dags/tutorial_dag.py took 0.214 seconds
[2025-11-06T22:35:14.938+0000] {processor.py:161} INFO - Started process (PID=393) to work on /home/airflow/.local/lib/python3.8/site-packages/airflow/example_dags/tutorial_dag.py
[2025-11-06T22:35:14.940+0000] {processor.py:830} INFO - Processing file /home/airflow/.local/lib/python3.8/site-packages/airflow/example_dags/tutorial_dag.py for tasks to queue
[2025-11-06T22:35:14.943+0000] {logging_mixin.py:188} INFO - [2025-11-06T22:35:14.942+0000] {dagbag.py:538} INFO - Filling up the DagBag from /home/airflow/.local/lib/python3.8/site-packages/airflow/example_dags/tutorial_dag.py
[2025-11-06T22:35:14.965+0000] {processor.py:840} INFO - DAG(s) 'tutorial_dag' retrieved from /home/airflow/.local/lib/python3.8/site-packages/airflow/example_dags/tutorial_dag.py
[2025-11-06T22:35:15.051+0000] {logging_mixin.py:188} INFO - [2025-11-06T22:35:15.050+0000] {dag.py:3036} INFO - Sync 1 DAGs
[2025-11-06T22:35:15.113+0000] {logging_mixin.py:188} INFO - [2025-11-06T22:35:15.112+0000] {dag.py:3823} INFO - Setting next_dagrun for tutorial_dag to None, run_after=None
[2025-11-06T22:35:15.215+0000] {processor.py:183} INFO - Processing /home/airflow/.local/lib/python3.8/site-packages/airflow/example_dags/tutorial_dag.py took 0.287 seconds
[2025-11-06T22:35:46.502+0000] {processor.py:161} INFO - Started process (PID=475) to work on /home/airflow/.local/lib/python3.8/site-packages/airflow/example_dags/tutorial_dag.py
[2025-11-06T22:35:46.505+0000] {processor.py:830} INFO - Processing file /home/airflow/.local/lib/python3.8/site-packages/airflow/example_dags/tutorial_dag.py for tasks to queue
[2025-11-06T22:35:46.509+0000] {logging_mixin.py:188} INFO - [2025-11-06T22:35:46.507+0000] {dagbag.py:538} INFO - Filling up the DagBag from /home/airflow/.local/lib/python3.8/site-packages/airflow/example_dags/tutorial_dag.py
[2025-11-06T22:35:46.542+0000] {processor.py:840} INFO - DAG(s) 'tutorial_dag' retrieved from /home/airflow/.local/lib/python3.8/site-packages/airflow/example_dags/tutorial_dag.py
[2025-11-06T22:35:46.648+0000] {logging_mixin.py:188} INFO - [2025-11-06T22:35:46.647+0000] {dag.py:3036} INFO - Sync 1 DAGs
[2025-11-06T22:35:46.723+0000] {logging_mixin.py:188} INFO - [2025-11-06T22:35:46.722+0000] {dag.py:3823} INFO - Setting next_dagrun for tutorial_dag to None, run_after=None
[2025-11-06T22:35:46.817+0000] {processor.py:183} INFO - Processing /home/airflow/.local/lib/python3.8/site-packages/airflow/example_dags/tutorial_dag.py took 0.333 seconds
[2025-11-06T22:36:17.638+0000] {processor.py:161} INFO - Started process (PID=548) to work on /home/airflow/.local/lib/python3.8/site-packages/airflow/example_dags/tutorial_dag.py
[2025-11-06T22:36:17.640+0000] {processor.py:830} INFO - Processing file /home/airflow/.local/lib/python3.8/site-packages/airflow/example_dags/tutorial_dag.py for tasks to queue
[2025-11-06T22:36:17.642+0000] {logging_mixin.py:188} INFO - [2025-11-06T22:36:17.642+0000] {dagbag.py:538} INFO - Filling up the DagBag from /home/airflow/.local/lib/python3.8/site-packages/airflow/example_dags/tutorial_dag.py
[2025-11-06T22:36:17.656+0000] {processor.py:840} INFO - DAG(s) 'tutorial_dag' retrieved from /home/airflow/.local/lib/python3.8/site-packages/airflow/example_dags/tutorial_dag.py
[2025-11-06T22:36:17.702+0000] {logging_mixin.py:188} INFO - [2025-11-06T22:36:17.702+0000] {dag.py:3036} INFO - Sync 1 DAGs
[2025-11-06T22:36:17.725+0000] {logging_mixin.py:188} INFO - [2025-11-06T22:36:17.725+0000] {dag.py:3823} INFO - Setting next_dagrun for tutorial_dag to None, run_after=None
[2025-11-06T22:36:17.763+0000] {processor.py:183} INFO - Processing /home/airflow/.local/lib/python3.8/site-packages/airflow/example_dags/tutorial_dag.py took 0.133 seconds
[2025-11-06T22:36:48.474+0000] {processor.py:161} INFO - Started process (PID=628) to work on /home/airflow/.local/lib/python3.8/site-packages/airflow/example_dags/tutorial_dag.py
[2025-11-06T22:36:48.476+0000] {processor.py:830} INFO - Processing file /home/airflow/.local/lib/python3.8/site-packages/airflow/example_dags/tutorial_dag.py for tasks to queue
[2025-11-06T22:36:48.479+0000] {logging_mixin.py:188} INFO - [2025-11-06T22:36:48.478+0000] {dagbag.py:538} INFO - Filling up the DagBag from /home/airflow/.local/lib/python3.8/site-packages/airflow/example_dags/tutorial_dag.py
[2025-11-06T22:36:48.497+0000] {processor.py:840} INFO - DAG(s) 'tutorial_dag' retrieved from /home/airflow/.local/lib/python3.8/site-packages/airflow/example_dags/tutorial_dag.py
[2025-11-06T22:36:48.555+0000] {logging_mixin.py:188} INFO - [2025-11-06T22:36:48.554+0000] {dag.py:3036} INFO - Sync 1 DAGs
[2025-11-06T22:36:48.586+0000] {logging_mixin.py:188} INFO - [2025-11-06T22:36:48.585+0000] {dag.py:3823} INFO - Setting next_dagrun for tutorial_dag to None, run_after=None
[2025-11-06T22:36:48.632+0000] {processor.py:183} INFO - Processing /home/airflow/.local/lib/python3.8/site-packages/airflow/example_dags/tutorial_dag.py took 0.168 seconds
[2025-11-06T22:37:18.907+0000] {processor.py:161} INFO - Started process (PID=703) to work on /home/airflow/.local/lib/python3.8/site-packages/airflow/example_dags/tutorial_dag.py
[2025-11-06T22:37:18.909+0000] {processor.py:830} INFO - Processing file /home/airflow/.local/lib/python3.8/site-packages/airflow/example_dags/tutorial_dag.py for tasks to queue
[2025-11-06T22:37:18.912+0000] {logging_mixin.py:188} INFO - [2025-11-06T22:37:18.911+0000] {dagbag.py:538} INFO - Filling up the DagBag from /home/airflow/.local/lib/python3.8/site-packages/airflow/example_dags/tutorial_dag.py
[2025-11-06T22:37:18.931+0000] {processor.py:840} INFO - DAG(s) 'tutorial_dag' retrieved from /home/airflow/.local/lib/python3.8/site-packages/airflow/example_dags/tutorial_dag.py
[2025-11-06T22:37:19.011+0000] {logging_mixin.py:188} INFO - [2025-11-06T22:37:19.010+0000] {dag.py:3036} INFO - Sync 1 DAGs
[2025-11-06T22:37:19.058+0000] {logging_mixin.py:188} INFO - [2025-11-06T22:37:19.058+0000] {dag.py:3823} INFO - Setting next_dagrun for tutorial_dag to None, run_after=None
[2025-11-06T22:37:19.138+0000] {processor.py:183} INFO - Processing /home/airflow/.local/lib/python3.8/site-packages/airflow/example_dags/tutorial_dag.py took 0.242 seconds
[2025-11-06T22:37:49.258+0000] {processor.py:161} INFO - Started process (PID=783) to work on /home/airflow/.local/lib/python3.8/site-packages/airflow/example_dags/tutorial_dag.py
[2025-11-06T22:37:49.260+0000] {processor.py:830} INFO - Processing file /home/airflow/.local/lib/python3.8/site-packages/airflow/example_dags/tutorial_dag.py for tasks to queue
[2025-11-06T22:37:49.263+0000] {logging_mixin.py:188} INFO - [2025-11-06T22:37:49.262+0000] {dagbag.py:538} INFO - Filling up the DagBag from /home/airflow/.local/lib/python3.8/site-packages/airflow/example_dags/tutorial_dag.py
[2025-11-06T22:37:49.281+0000] {processor.py:840} INFO - DAG(s) 'tutorial_dag' retrieved from /home/airflow/.local/lib/python3.8/site-packages/airflow/example_dags/tutorial_dag.py
[2025-11-06T22:37:49.349+0000] {logging_mixin.py:188} INFO - [2025-11-06T22:37:49.349+0000] {dag.py:3036} INFO - Sync 1 DAGs
[2025-11-06T22:37:49.394+0000] {logging_mixin.py:188} INFO - [2025-11-06T22:37:49.393+0000] {dag.py:3823} INFO - Setting next_dagrun for tutorial_dag to None, run_after=None
[2025-11-06T22:37:49.466+0000] {processor.py:183} INFO - Processing /home/airflow/.local/lib/python3.8/site-packages/airflow/example_dags/tutorial_dag.py took 0.220 seconds
[2025-11-06T22:40:28.803+0000] {processor.py:161} INFO - Started process (PID=892) to work on /home/airflow/.local/lib/python3.8/site-packages/airflow/example_dags/tutorial_dag.py
[2025-11-06T22:40:28.808+0000] {processor.py:830} INFO - Processing file /home/airflow/.local/lib/python3.8/site-packages/airflow/example_dags/tutorial_dag.py for tasks to queue
[2025-11-06T22:40:28.828+0000] {logging_mixin.py:188} INFO - [2025-11-06T22:40:28.827+0000] {dagbag.py:538} INFO - Filling up the DagBag from /home/airflow/.local/lib/python3.8/site-packages/airflow/example_dags/tutorial_dag.py
[2025-11-06T22:40:28.954+0000] {processor.py:840} INFO - DAG(s) 'tutorial_dag' retrieved from /home/airflow/.local/lib/python3.8/site-packages/airflow/example_dags/tutorial_dag.py
[2025-11-06T22:40:29.149+0000] {logging_mixin.py:188} INFO - [2025-11-06T22:40:29.148+0000] {dag.py:3036} INFO - Sync 1 DAGs
[2025-11-06T22:40:29.231+0000] {logging_mixin.py:188} INFO - [2025-11-06T22:40:29.230+0000] {dag.py:3823} INFO - Setting next_dagrun for tutorial_dag to None, run_after=None
[2025-11-06T22:40:29.397+0000] {processor.py:183} INFO - Processing /home/airflow/.local/lib/python3.8/site-packages/airflow/example_dags/tutorial_dag.py took 0.670 seconds
[2025-11-06T22:41:11.246+0000] {processor.py:161} INFO - Started process (PID=971) to work on /home/airflow/.local/lib/python3.8/site-packages/airflow/example_dags/tutorial_dag.py
[2025-11-06T22:41:11.252+0000] {processor.py:830} INFO - Processing file /home/airflow/.local/lib/python3.8/site-packages/airflow/example_dags/tutorial_dag.py for tasks to queue
[2025-11-06T22:41:11.276+0000] {logging_mixin.py:188} INFO - [2025-11-06T22:41:11.275+0000] {dagbag.py:538} INFO - Filling up the DagBag from /home/airflow/.local/lib/python3.8/site-packages/airflow/example_dags/tutorial_dag.py
[2025-11-06T22:41:11.406+0000] {processor.py:840} INFO - DAG(s) 'tutorial_dag' retrieved from /home/airflow/.local/lib/python3.8/site-packages/airflow/example_dags/tutorial_dag.py
[2025-11-06T22:41:11.582+0000] {logging_mixin.py:188} INFO - [2025-11-06T22:41:11.581+0000] {dag.py:3036} INFO - Sync 1 DAGs
[2025-11-06T22:41:11.642+0000] {logging_mixin.py:188} INFO - [2025-11-06T22:41:11.641+0000] {dag.py:3823} INFO - Setting next_dagrun for tutorial_dag to None, run_after=None
[2025-11-06T22:41:11.834+0000] {processor.py:183} INFO - Processing /home/airflow/.local/lib/python3.8/site-packages/airflow/example_dags/tutorial_dag.py took 0.623 seconds
[2025-11-06T22:41:43.901+0000] {processor.py:161} INFO - Started process (PID=1053) to work on /home/airflow/.local/lib/python3.8/site-packages/airflow/example_dags/tutorial_dag.py
[2025-11-06T22:41:43.903+0000] {processor.py:830} INFO - Processing file /home/airflow/.local/lib/python3.8/site-packages/airflow/example_dags/tutorial_dag.py for tasks to queue
[2025-11-06T22:41:43.905+0000] {logging_mixin.py:188} INFO - [2025-11-06T22:41:43.905+0000] {dagbag.py:538} INFO - Filling up the DagBag from /home/airflow/.local/lib/python3.8/site-packages/airflow/example_dags/tutorial_dag.py
[2025-11-06T22:41:43.918+0000] {processor.py:840} INFO - DAG(s) 'tutorial_dag' retrieved from /home/airflow/.local/lib/python3.8/site-packages/airflow/example_dags/tutorial_dag.py
[2025-11-06T22:41:43.968+0000] {logging_mixin.py:188} INFO - [2025-11-06T22:41:43.968+0000] {dag.py:3036} INFO - Sync 1 DAGs
[2025-11-06T22:41:43.996+0000] {logging_mixin.py:188} INFO - [2025-11-06T22:41:43.995+0000] {dag.py:3823} INFO - Setting next_dagrun for tutorial_dag to None, run_after=None
[2025-11-06T22:41:44.054+0000] {processor.py:183} INFO - Processing /home/airflow/.local/lib/python3.8/site-packages/airflow/example_dags/tutorial_dag.py took 0.160 seconds
[2025-11-06T22:42:18.137+0000] {processor.py:161} INFO - Started process (PID=1128) to work on /home/airflow/.local/lib/python3.8/site-packages/airflow/example_dags/tutorial_dag.py
[2025-11-06T22:42:18.154+0000] {processor.py:830} INFO - Processing file /home/airflow/.local/lib/python3.8/site-packages/airflow/example_dags/tutorial_dag.py for tasks to queue
[2025-11-06T22:42:18.176+0000] {logging_mixin.py:188} INFO - [2025-11-06T22:42:18.175+0000] {dagbag.py:538} INFO - Filling up the DagBag from /home/airflow/.local/lib/python3.8/site-packages/airflow/example_dags/tutorial_dag.py
[2025-11-06T22:42:18.236+0000] {processor.py:840} INFO - DAG(s) 'tutorial_dag' retrieved from /home/airflow/.local/lib/python3.8/site-packages/airflow/example_dags/tutorial_dag.py
[2025-11-06T22:42:18.801+0000] {logging_mixin.py:188} INFO - [2025-11-06T22:42:18.800+0000] {dag.py:3036} INFO - Sync 1 DAGs
[2025-11-06T22:42:18.970+0000] {logging_mixin.py:188} INFO - [2025-11-06T22:42:18.969+0000] {dag.py:3823} INFO - Setting next_dagrun for tutorial_dag to None, run_after=None
[2025-11-06T22:42:19.272+0000] {processor.py:183} INFO - Processing /home/airflow/.local/lib/python3.8/site-packages/airflow/example_dags/tutorial_dag.py took 1.167 seconds
[2025-11-06T22:43:14.380+0000] {processor.py:161} INFO - Started process (PID=1224) to work on /home/airflow/.local/lib/python3.8/site-packages/airflow/example_dags/tutorial_dag.py
[2025-11-06T22:43:14.382+0000] {processor.py:830} INFO - Processing file /home/airflow/.local/lib/python3.8/site-packages/airflow/example_dags/tutorial_dag.py for tasks to queue
[2025-11-06T22:43:14.384+0000] {logging_mixin.py:188} INFO - [2025-11-06T22:43:14.383+0000] {dagbag.py:538} INFO - Filling up the DagBag from /home/airflow/.local/lib/python3.8/site-packages/airflow/example_dags/tutorial_dag.py
[2025-11-06T22:43:14.398+0000] {processor.py:840} INFO - DAG(s) 'tutorial_dag' retrieved from /home/airflow/.local/lib/python3.8/site-packages/airflow/example_dags/tutorial_dag.py
[2025-11-06T22:43:14.467+0000] {logging_mixin.py:188} INFO - [2025-11-06T22:43:14.466+0000] {dag.py:3036} INFO - Sync 1 DAGs
[2025-11-06T22:43:14.510+0000] {logging_mixin.py:188} INFO - [2025-11-06T22:43:14.509+0000] {dag.py:3823} INFO - Setting next_dagrun for tutorial_dag to None, run_after=None
[2025-11-06T22:43:14.576+0000] {processor.py:183} INFO - Processing /home/airflow/.local/lib/python3.8/site-packages/airflow/example_dags/tutorial_dag.py took 0.204 seconds
[2025-11-06T22:43:48.086+0000] {processor.py:161} INFO - Started process (PID=1299) to work on /home/airflow/.local/lib/python3.8/site-packages/airflow/example_dags/tutorial_dag.py
[2025-11-06T22:43:48.090+0000] {processor.py:830} INFO - Processing file /home/airflow/.local/lib/python3.8/site-packages/airflow/example_dags/tutorial_dag.py for tasks to queue
[2025-11-06T22:43:48.094+0000] {logging_mixin.py:188} INFO - [2025-11-06T22:43:48.092+0000] {dagbag.py:538} INFO - Filling up the DagBag from /home/airflow/.local/lib/python3.8/site-packages/airflow/example_dags/tutorial_dag.py
[2025-11-06T22:43:48.115+0000] {processor.py:840} INFO - DAG(s) 'tutorial_dag' retrieved from /home/airflow/.local/lib/python3.8/site-packages/airflow/example_dags/tutorial_dag.py
[2025-11-06T22:43:48.208+0000] {logging_mixin.py:188} INFO - [2025-11-06T22:43:48.207+0000] {dag.py:3036} INFO - Sync 1 DAGs
[2025-11-06T22:43:48.253+0000] {logging_mixin.py:188} INFO - [2025-11-06T22:43:48.253+0000] {dag.py:3823} INFO - Setting next_dagrun for tutorial_dag to None, run_after=None
[2025-11-06T22:43:48.319+0000] {processor.py:183} INFO - Processing /home/airflow/.local/lib/python3.8/site-packages/airflow/example_dags/tutorial_dag.py took 0.246 seconds
[2025-11-06T22:45:29.601+0000] {processor.py:161} INFO - Started process (PID=1419) to work on /home/airflow/.local/lib/python3.8/site-packages/airflow/example_dags/tutorial_dag.py
[2025-11-06T22:45:29.613+0000] {processor.py:830} INFO - Processing file /home/airflow/.local/lib/python3.8/site-packages/airflow/example_dags/tutorial_dag.py for tasks to queue
[2025-11-06T22:45:29.619+0000] {logging_mixin.py:188} INFO - [2025-11-06T22:45:29.617+0000] {dagbag.py:538} INFO - Filling up the DagBag from /home/airflow/.local/lib/python3.8/site-packages/airflow/example_dags/tutorial_dag.py
[2025-11-06T22:45:29.708+0000] {processor.py:840} INFO - DAG(s) 'tutorial_dag' retrieved from /home/airflow/.local/lib/python3.8/site-packages/airflow/example_dags/tutorial_dag.py
[2025-11-06T22:45:29.845+0000] {logging_mixin.py:188} INFO - [2025-11-06T22:45:29.843+0000] {dag.py:3036} INFO - Sync 1 DAGs
[2025-11-06T22:45:29.938+0000] {logging_mixin.py:188} INFO - [2025-11-06T22:45:29.937+0000] {dag.py:3823} INFO - Setting next_dagrun for tutorial_dag to None, run_after=None
[2025-11-06T22:45:30.091+0000] {processor.py:183} INFO - Processing /home/airflow/.local/lib/python3.8/site-packages/airflow/example_dags/tutorial_dag.py took 0.527 seconds
[2025-11-06T22:46:02.699+0000] {processor.py:161} INFO - Started process (PID=1502) to work on /home/airflow/.local/lib/python3.8/site-packages/airflow/example_dags/tutorial_dag.py
[2025-11-06T22:46:02.702+0000] {processor.py:830} INFO - Processing file /home/airflow/.local/lib/python3.8/site-packages/airflow/example_dags/tutorial_dag.py for tasks to queue
[2025-11-06T22:46:02.705+0000] {logging_mixin.py:188} INFO - [2025-11-06T22:46:02.704+0000] {dagbag.py:538} INFO - Filling up the DagBag from /home/airflow/.local/lib/python3.8/site-packages/airflow/example_dags/tutorial_dag.py
[2025-11-06T22:46:02.724+0000] {processor.py:840} INFO - DAG(s) 'tutorial_dag' retrieved from /home/airflow/.local/lib/python3.8/site-packages/airflow/example_dags/tutorial_dag.py
[2025-11-06T22:46:02.805+0000] {logging_mixin.py:188} INFO - [2025-11-06T22:46:02.804+0000] {dag.py:3036} INFO - Sync 1 DAGs
[2025-11-06T22:46:02.858+0000] {logging_mixin.py:188} INFO - [2025-11-06T22:46:02.858+0000] {dag.py:3823} INFO - Setting next_dagrun for tutorial_dag to None, run_after=None
[2025-11-06T22:46:02.940+0000] {processor.py:183} INFO - Processing /home/airflow/.local/lib/python3.8/site-packages/airflow/example_dags/tutorial_dag.py took 0.254 seconds
[2025-11-06T22:46:34.472+0000] {processor.py:161} INFO - Started process (PID=1574) to work on /home/airflow/.local/lib/python3.8/site-packages/airflow/example_dags/tutorial_dag.py
[2025-11-06T22:46:34.480+0000] {processor.py:830} INFO - Processing file /home/airflow/.local/lib/python3.8/site-packages/airflow/example_dags/tutorial_dag.py for tasks to queue
[2025-11-06T22:46:34.484+0000] {logging_mixin.py:188} INFO - [2025-11-06T22:46:34.483+0000] {dagbag.py:538} INFO - Filling up the DagBag from /home/airflow/.local/lib/python3.8/site-packages/airflow/example_dags/tutorial_dag.py
[2025-11-06T22:46:34.518+0000] {processor.py:840} INFO - DAG(s) 'tutorial_dag' retrieved from /home/airflow/.local/lib/python3.8/site-packages/airflow/example_dags/tutorial_dag.py
[2025-11-06T22:46:34.645+0000] {logging_mixin.py:188} INFO - [2025-11-06T22:46:34.644+0000] {dag.py:3036} INFO - Sync 1 DAGs
[2025-11-06T22:46:34.700+0000] {logging_mixin.py:188} INFO - [2025-11-06T22:46:34.699+0000] {dag.py:3823} INFO - Setting next_dagrun for tutorial_dag to None, run_after=None
[2025-11-06T22:46:34.789+0000] {processor.py:183} INFO - Processing /home/airflow/.local/lib/python3.8/site-packages/airflow/example_dags/tutorial_dag.py took 0.330 seconds
[2025-11-06T22:47:05.695+0000] {processor.py:161} INFO - Started process (PID=1649) to work on /home/airflow/.local/lib/python3.8/site-packages/airflow/example_dags/tutorial_dag.py
[2025-11-06T22:47:05.697+0000] {processor.py:830} INFO - Processing file /home/airflow/.local/lib/python3.8/site-packages/airflow/example_dags/tutorial_dag.py for tasks to queue
[2025-11-06T22:47:05.700+0000] {logging_mixin.py:188} INFO - [2025-11-06T22:47:05.700+0000] {dagbag.py:538} INFO - Filling up the DagBag from /home/airflow/.local/lib/python3.8/site-packages/airflow/example_dags/tutorial_dag.py
[2025-11-06T22:47:05.726+0000] {processor.py:840} INFO - DAG(s) 'tutorial_dag' retrieved from /home/airflow/.local/lib/python3.8/site-packages/airflow/example_dags/tutorial_dag.py
[2025-11-06T22:47:05.845+0000] {logging_mixin.py:188} INFO - [2025-11-06T22:47:05.844+0000] {dag.py:3036} INFO - Sync 1 DAGs
[2025-11-06T22:47:05.951+0000] {logging_mixin.py:188} INFO - [2025-11-06T22:47:05.949+0000] {dag.py:3823} INFO - Setting next_dagrun for tutorial_dag to None, run_after=None
[2025-11-06T22:47:06.110+0000] {processor.py:183} INFO - Processing /home/airflow/.local/lib/python3.8/site-packages/airflow/example_dags/tutorial_dag.py took 0.428 seconds
