[2025-11-06T22:36:47.110+0000] {taskinstance.py:1956} INFO - Dependencies all met for dep_context=non-requeueable deps ti=<TaskInstance: dataset_analysis_dag.descriptive_stats manual__2025-11-06T22:34:22.250425+00:00 [queued]>
[2025-11-06T22:36:47.129+0000] {taskinstance.py:1956} INFO - Dependencies all met for dep_context=requeueable deps ti=<TaskInstance: dataset_analysis_dag.descriptive_stats manual__2025-11-06T22:34:22.250425+00:00 [queued]>
[2025-11-06T22:36:47.130+0000] {taskinstance.py:2170} INFO - Starting attempt 1 of 4
[2025-11-06T22:36:47.169+0000] {taskinstance.py:2191} INFO - Executing <Task(PythonOperator): descriptive_stats> on 2025-11-06 22:34:22.250425+00:00
[2025-11-06T22:36:47.186+0000] {standard_task_runner.py:60} INFO - Started process 314 to run task
[2025-11-06T22:36:47.196+0000] {standard_task_runner.py:87} INFO - Running: ['***', 'tasks', 'run', 'dataset_analysis_dag', 'descriptive_stats', 'manual__2025-11-06T22:34:22.250425+00:00', '--job-id', '8', '--raw', '--subdir', 'DAGS_FOLDER/dataset_analysis_dag.py', '--cfg-path', '/tmp/tmp4gxbifu6']
[2025-11-06T22:36:47.200+0000] {standard_task_runner.py:88} INFO - Job 8: Subtask descriptive_stats
[2025-11-06T22:36:47.364+0000] {task_command.py:423} INFO - Running <TaskInstance: dataset_analysis_dag.descriptive_stats manual__2025-11-06T22:34:22.250425+00:00 [running]> on host d6185d1f83fb
[2025-11-06T22:36:47.544+0000] {taskinstance.py:2480} INFO - Exporting env vars: AIRFLOW_CTX_DAG_OWNER='Marin_Botina' AIRFLOW_CTX_DAG_ID='dataset_analysis_dag' AIRFLOW_CTX_TASK_ID='descriptive_stats' AIRFLOW_CTX_EXECUTION_DATE='2025-11-06T22:34:22.250425+00:00' AIRFLOW_CTX_TRY_NUMBER='1' AIRFLOW_CTX_DAG_RUN_ID='manual__2025-11-06T22:34:22.250425+00:00'
[2025-11-06T22:37:36.387+0000] {logging_mixin.py:188} INFO - 
=== ESTADÍSTICAS NUMÉRICAS ===
[2025-11-06T22:37:36.388+0000] {logging_mixin.py:188} INFO - 
--- NUM_PRODUCTS ---
[2025-11-06T22:37:36.418+0000] {logging_mixin.py:188} INFO -        num_products
25%    3.000000e+00
50%    6.000000e+00
75%    1.200000e+01
count  1.108987e+06
max    1.280000e+02
mean   9.550872e+00
min    1.000000e+00
std    9.999499e+00
[2025-11-06T22:37:36.419+0000] {logging_mixin.py:188} INFO - Moda: [1]
[2025-11-06T22:37:36.420+0000] {logging_mixin.py:188} INFO - Outliers: {'count': 89733, 'min_outlier': 26.0, 'max_outlier': 128.0}
[2025-11-06T22:37:36.421+0000] {logging_mixin.py:188} INFO - 
=== ESTADÍSTICAS CATEGÓRICAS ===
[2025-11-06T22:37:36.423+0000] {logging_mixin.py:188} INFO - Top categorías:
[2025-11-06T22:37:36.425+0000] {logging_mixin.py:188} INFO - Categoría 2: 23258 productos (20.76%)
[2025-11-06T22:37:36.426+0000] {logging_mixin.py:188} INFO - Categoría 9: 5279 productos (4.71%)
[2025-11-06T22:37:36.427+0000] {logging_mixin.py:188} INFO - Categoría 11: 4869 productos (4.35%)
[2025-11-06T22:37:36.428+0000] {logging_mixin.py:188} INFO - Categoría 13: 4541 productos (4.05%)
[2025-11-06T22:37:36.429+0000] {logging_mixin.py:188} INFO - Categoría 8: 4260 productos (3.8%)
[2025-11-06T22:37:36.432+0000] {logging_mixin.py:188} INFO - Categoría 14: 3784 productos (3.38%)
[2025-11-06T22:37:36.433+0000] {logging_mixin.py:188} INFO - Categoría 40: 3693 productos (3.3%)
[2025-11-06T22:37:36.435+0000] {logging_mixin.py:188} INFO - Categoría 48: 3434 productos (3.07%)
[2025-11-06T22:37:36.436+0000] {logging_mixin.py:188} INFO - Categoría 22: 3422 productos (3.06%)
[2025-11-06T22:37:36.437+0000] {logging_mixin.py:188} INFO - Categoría 5: 3322 productos (2.97%)
[2025-11-06T22:37:36.438+0000] {logging_mixin.py:188} INFO - 
Top productos:
[2025-11-06T22:37:36.651+0000] {logging_mixin.py:188} INFO - Producto 5: 300526 veces
[2025-11-06T22:37:36.652+0000] {logging_mixin.py:188} INFO - Producto 10: 290313 veces
[2025-11-06T22:37:36.653+0000] {logging_mixin.py:188} INFO - Producto 3: 269855 veces
[2025-11-06T22:37:36.655+0000] {logging_mixin.py:188} INFO - Producto 4: 260418 veces
[2025-11-06T22:37:36.657+0000] {logging_mixin.py:188} INFO - Producto 6: 254644 veces
[2025-11-06T22:37:36.658+0000] {logging_mixin.py:188} INFO - Producto 8: 253899 veces
[2025-11-06T22:37:36.659+0000] {logging_mixin.py:188} INFO - Producto 7: 225877 veces
[2025-11-06T22:37:36.662+0000] {logging_mixin.py:188} INFO - Producto 16: 224159 veces
[2025-11-06T22:37:36.664+0000] {logging_mixin.py:188} INFO - Producto 11: 221968 veces
[2025-11-06T22:37:36.665+0000] {logging_mixin.py:188} INFO - Producto 9: 212480 veces
[2025-11-06T22:37:36.666+0000] {logging_mixin.py:188} INFO - 
Top stores:
[2025-11-06T22:37:36.668+0000] {logging_mixin.py:188} INFO - Store 103: 407130 transacciones (36.71%)
[2025-11-06T22:37:36.670+0000] {logging_mixin.py:188} INFO - Store 102: 314286 transacciones (28.34%)
[2025-11-06T22:37:36.672+0000] {logging_mixin.py:188} INFO - Store 107: 254633 transacciones (22.96%)
[2025-11-06T22:37:36.674+0000] {logging_mixin.py:188} INFO - Store 110: 132938 transacciones (11.99%)
[2025-11-06T22:37:37.254+0000] {python.py:201} INFO - Done. Returned value was: None
[2025-11-06T22:37:37.286+0000] {taskinstance.py:1138} INFO - Marking task as SUCCESS. dag_id=dataset_analysis_dag, task_id=descriptive_stats, execution_date=20251106T223422, start_date=20251106T223647, end_date=20251106T223737
[2025-11-06T22:37:37.470+0000] {local_task_job_runner.py:234} INFO - Task exited with return code 0
[2025-11-06T22:37:37.559+0000] {taskinstance.py:3280} INFO - 3 downstream tasks scheduled from follow-on schedule check
