[2025-11-07T12:51:57.802+0000] {taskinstance.py:1956} INFO - Dependencies all met for dep_context=non-requeueable deps ti=<TaskInstance: dataset_analysis_dag.temporal_analysis manual__2025-11-07T12:50:17.090193+00:00 [queued]>
[2025-11-07T12:51:57.821+0000] {taskinstance.py:1956} INFO - Dependencies all met for dep_context=requeueable deps ti=<TaskInstance: dataset_analysis_dag.temporal_analysis manual__2025-11-07T12:50:17.090193+00:00 [queued]>
[2025-11-07T12:51:57.823+0000] {taskinstance.py:2170} INFO - Starting attempt 1 of 4
[2025-11-07T12:51:57.847+0000] {taskinstance.py:2191} INFO - Executing <Task(PythonOperator): temporal_analysis> on 2025-11-07 12:50:17.090193+00:00
[2025-11-07T12:51:57.865+0000] {standard_task_runner.py:60} INFO - Started process 3092 to run task
[2025-11-07T12:51:57.871+0000] {standard_task_runner.py:87} INFO - Running: ['***', 'tasks', 'run', 'dataset_analysis_dag', 'temporal_analysis', 'manual__2025-11-07T12:50:17.090193+00:00', '--job-id', '29', '--raw', '--subdir', 'DAGS_FOLDER/dataset_analysis_dag.py', '--cfg-path', '/tmp/tmpfaj893s3']
[2025-11-07T12:51:57.873+0000] {standard_task_runner.py:88} INFO - Job 29: Subtask temporal_analysis
[2025-11-07T12:51:58.011+0000] {task_command.py:423} INFO - Running <TaskInstance: dataset_analysis_dag.temporal_analysis manual__2025-11-07T12:50:17.090193+00:00 [running]> on host 07e4f6cb044d
[2025-11-07T12:51:58.185+0000] {taskinstance.py:2480} INFO - Exporting env vars: AIRFLOW_CTX_DAG_OWNER='Marin_Botina' AIRFLOW_CTX_DAG_ID='dataset_analysis_dag' AIRFLOW_CTX_TASK_ID='temporal_analysis' AIRFLOW_CTX_EXECUTION_DATE='2025-11-07T12:50:17.090193+00:00' AIRFLOW_CTX_TRY_NUMBER='1' AIRFLOW_CTX_DAG_RUN_ID='manual__2025-11-07T12:50:17.090193+00:00'
[2025-11-07T12:52:43.915+0000] {logging_mixin.py:188} INFO - 
=== ANÁLISIS TEMPORAL ===
[2025-11-07T12:52:43.916+0000] {logging_mixin.py:188} INFO - 
Estadísticas diarias:
[2025-11-07T12:52:43.917+0000] {logging_mixin.py:188} INFO - Media de transacciones diarias: 6127.00
[2025-11-07T12:52:43.918+0000] {logging_mixin.py:188} INFO - Máximo de transacciones en un día: 9476
[2025-11-07T12:52:43.919+0000] {logging_mixin.py:188} INFO - Mínimo de transacciones en un día: 2860
[2025-11-07T12:52:43.920+0000] {logging_mixin.py:188} INFO - 
Ventas por día de la semana:
[2025-11-07T12:52:43.921+0000] {logging_mixin.py:188} INFO - Monday: 142445 transacciones, 1301747 productos
[2025-11-07T12:52:43.921+0000] {logging_mixin.py:188} INFO - Tuesday: 150739 transacciones, 1606571 productos
[2025-11-07T12:52:43.922+0000] {logging_mixin.py:188} INFO - Wednesday: 137245 transacciones, 1175689 productos
[2025-11-07T12:52:43.923+0000] {logging_mixin.py:188} INFO - Thursday: 158766 transacciones, 1506585 productos
[2025-11-07T12:52:43.924+0000] {logging_mixin.py:188} INFO - Friday: 139371 transacciones, 1213602 productos
[2025-11-07T12:52:43.924+0000] {logging_mixin.py:188} INFO - Saturday: 189015 transacciones, 1860948 productos
[2025-11-07T12:52:43.925+0000] {logging_mixin.py:188} INFO - Sunday: 191406 transacciones, 1926651 productos
[2025-11-07T12:52:43.959+0000] {python.py:201} INFO - Done. Returned value was: None
[2025-11-07T12:52:43.975+0000] {taskinstance.py:1138} INFO - Marking task as SUCCESS. dag_id=dataset_analysis_dag, task_id=temporal_analysis, execution_date=20251107T125017, start_date=20251107T125157, end_date=20251107T125243
[2025-11-07T12:52:44.078+0000] {local_task_job_runner.py:234} INFO - Task exited with return code 0
[2025-11-07T12:52:44.125+0000] {taskinstance.py:3280} INFO - 0 downstream tasks scheduled from follow-on schedule check
