[2025-11-06T22:35:55.771+0000] {taskinstance.py:1956} INFO - Dependencies all met for dep_context=non-requeueable deps ti=<TaskInstance: dataset_analysis_dag.data_review manual__2025-11-06T22:34:22.250425+00:00 [queued]>
[2025-11-06T22:35:55.787+0000] {taskinstance.py:1956} INFO - Dependencies all met for dep_context=requeueable deps ti=<TaskInstance: dataset_analysis_dag.data_review manual__2025-11-06T22:34:22.250425+00:00 [queued]>
[2025-11-06T22:35:55.788+0000] {taskinstance.py:2170} INFO - Starting attempt 1 of 4
[2025-11-06T22:35:55.813+0000] {taskinstance.py:2191} INFO - Executing <Task(PythonOperator): data_review> on 2025-11-06 22:34:22.250425+00:00
[2025-11-06T22:35:55.827+0000] {standard_task_runner.py:60} INFO - Started process 266 to run task
[2025-11-06T22:35:55.835+0000] {standard_task_runner.py:87} INFO - Running: ['***', 'tasks', 'run', 'dataset_analysis_dag', 'data_review', 'manual__2025-11-06T22:34:22.250425+00:00', '--job-id', '7', '--raw', '--subdir', 'DAGS_FOLDER/dataset_analysis_dag.py', '--cfg-path', '/tmp/tmp9r8mzvkh']
[2025-11-06T22:35:55.838+0000] {standard_task_runner.py:88} INFO - Job 7: Subtask data_review
[2025-11-06T22:35:55.954+0000] {task_command.py:423} INFO - Running <TaskInstance: dataset_analysis_dag.data_review manual__2025-11-06T22:34:22.250425+00:00 [running]> on host d6185d1f83fb
[2025-11-06T22:35:56.137+0000] {taskinstance.py:2480} INFO - Exporting env vars: AIRFLOW_CTX_DAG_OWNER='Marin_Botina' AIRFLOW_CTX_DAG_ID='dataset_analysis_dag' AIRFLOW_CTX_TASK_ID='data_review' AIRFLOW_CTX_EXECUTION_DATE='2025-11-06T22:34:22.250425+00:00' AIRFLOW_CTX_TRY_NUMBER='1' AIRFLOW_CTX_DAG_RUN_ID='manual__2025-11-06T22:34:22.250425+00:00'
[2025-11-06T22:36:38.258+0000] {logging_mixin.py:188} INFO - 
=== CATEGORIES ===
[2025-11-06T22:36:38.260+0000] {logging_mixin.py:188} INFO - num_records: 50
[2025-11-06T22:36:38.262+0000] {logging_mixin.py:188} INFO - num_columns: 2
[2025-11-06T22:36:38.263+0000] {logging_mixin.py:188} INFO - columns: ['category_id', 'category_name']
[2025-11-06T22:36:38.264+0000] {logging_mixin.py:188} INFO - dtypes: {'category_id': 'int64', 'category_name': 'object'}
[2025-11-06T22:36:38.266+0000] {logging_mixin.py:188} INFO - nulls: {'category_id': 0, 'category_name': 0}
[2025-11-06T22:36:38.267+0000] {logging_mixin.py:188} INFO - duplicates: 0
[2025-11-06T22:36:38.268+0000] {logging_mixin.py:188} INFO - 
=== PRODUCT_CATEGORY ===
[2025-11-06T22:36:38.270+0000] {logging_mixin.py:188} INFO - num_records: 112011
[2025-11-06T22:36:38.273+0000] {logging_mixin.py:188} INFO - num_columns: 2
[2025-11-06T22:36:38.275+0000] {logging_mixin.py:188} INFO - columns: ['product_code', 'category_id']
[2025-11-06T22:36:38.277+0000] {logging_mixin.py:188} INFO - dtypes: {'product_code': 'object', 'category_id': 'object'}
[2025-11-06T22:36:38.278+0000] {logging_mixin.py:188} INFO - nulls: {'product_code': 0, 'category_id': 0}
[2025-11-06T22:36:38.281+0000] {logging_mixin.py:188} INFO - duplicates: 18473
[2025-11-06T22:36:38.282+0000] {logging_mixin.py:188} INFO - 
=== TRANSACTIONS ===
[2025-11-06T22:36:38.283+0000] {logging_mixin.py:188} INFO - num_records: 1108987
[2025-11-06T22:36:38.286+0000] {logging_mixin.py:188} INFO - num_columns: 9
[2025-11-06T22:36:38.291+0000] {logging_mixin.py:188} INFO - columns: ['date', 'store', 'customer', 'products', 'year', 'month', 'week', 'day_of_week', 'day_name']
[2025-11-06T22:36:38.293+0000] {logging_mixin.py:188} INFO - dtypes: {'date': 'datetime64[ns]', 'store': 'int64', 'customer': 'int64', 'products': 'object', 'year': 'int64', 'month': 'int64', 'week': 'int64', 'day_of_week': 'int64', 'day_name': 'object'}
[2025-11-06T22:36:38.294+0000] {logging_mixin.py:188} INFO - nulls: {'date': 0, 'store': 0, 'customer': 0, 'products': 0, 'year': 0, 'month': 0, 'week': 0, 'day_of_week': 0, 'day_name': 0}
[2025-11-06T22:36:38.296+0000] {logging_mixin.py:188} INFO - duplicates: 1
[2025-11-06T22:36:38.479+0000] {python.py:201} INFO - Done. Returned value was: None
[2025-11-06T22:36:38.509+0000] {taskinstance.py:1138} INFO - Marking task as SUCCESS. dag_id=dataset_analysis_dag, task_id=data_review, execution_date=20251106T223422, start_date=20251106T223555, end_date=20251106T223638
[2025-11-06T22:36:38.609+0000] {local_task_job_runner.py:234} INFO - Task exited with return code 0
[2025-11-06T22:36:38.688+0000] {taskinstance.py:3280} INFO - 1 downstream tasks scheduled from follow-on schedule check
