[2025-11-10T00:49:30.092+0000] {processor.py:161} INFO - Started process (PID=177) to work on /home/airflow/.local/lib/python3.8/site-packages/airflow/example_dags/example_xcom.py
[2025-11-10T00:49:30.094+0000] {processor.py:830} INFO - Processing file /home/airflow/.local/lib/python3.8/site-packages/airflow/example_dags/example_xcom.py for tasks to queue
[2025-11-10T00:49:30.095+0000] {logging_mixin.py:188} INFO - [2025-11-10T00:49:30.095+0000] {dagbag.py:538} INFO - Filling up the DagBag from /home/airflow/.local/lib/python3.8/site-packages/airflow/example_dags/example_xcom.py
[2025-11-10T00:49:30.110+0000] {processor.py:840} INFO - DAG(s) 'example_xcom' retrieved from /home/airflow/.local/lib/python3.8/site-packages/airflow/example_dags/example_xcom.py
[2025-11-10T00:49:30.332+0000] {logging_mixin.py:188} INFO - [2025-11-10T00:49:30.330+0000] {override.py:1769} INFO - Created Permission View: can delete on DAG:example_xcom
[2025-11-10T00:49:30.355+0000] {logging_mixin.py:188} INFO - [2025-11-10T00:49:30.354+0000] {override.py:1769} INFO - Created Permission View: can read on DAG:example_xcom
[2025-11-10T00:49:30.371+0000] {logging_mixin.py:188} INFO - [2025-11-10T00:49:30.370+0000] {override.py:1769} INFO - Created Permission View: can edit on DAG:example_xcom
[2025-11-10T00:49:30.373+0000] {logging_mixin.py:188} INFO - [2025-11-10T00:49:30.372+0000] {dag.py:3036} INFO - Sync 1 DAGs
[2025-11-10T00:49:30.393+0000] {logging_mixin.py:188} INFO - [2025-11-10T00:49:30.393+0000] {dag.py:3058} INFO - Creating ORM DAG for example_xcom
[2025-11-10T00:49:30.411+0000] {logging_mixin.py:188} INFO - [2025-11-10T00:49:30.410+0000] {dag.py:3823} INFO - Setting next_dagrun for example_xcom to 2021-01-01 00:00:00+00:00, run_after=2021-01-01 00:00:00+00:00
[2025-11-10T00:49:30.445+0000] {processor.py:183} INFO - Processing /home/airflow/.local/lib/python3.8/site-packages/airflow/example_dags/example_xcom.py took 0.359 seconds
[2025-11-10T00:50:00.762+0000] {processor.py:161} INFO - Started process (PID=274) to work on /home/airflow/.local/lib/python3.8/site-packages/airflow/example_dags/example_xcom.py
[2025-11-10T00:50:00.763+0000] {processor.py:830} INFO - Processing file /home/airflow/.local/lib/python3.8/site-packages/airflow/example_dags/example_xcom.py for tasks to queue
[2025-11-10T00:50:00.765+0000] {logging_mixin.py:188} INFO - [2025-11-10T00:50:00.765+0000] {dagbag.py:538} INFO - Filling up the DagBag from /home/airflow/.local/lib/python3.8/site-packages/airflow/example_dags/example_xcom.py
[2025-11-10T00:50:00.775+0000] {processor.py:840} INFO - DAG(s) 'example_xcom' retrieved from /home/airflow/.local/lib/python3.8/site-packages/airflow/example_dags/example_xcom.py
[2025-11-10T00:50:00.810+0000] {logging_mixin.py:188} INFO - [2025-11-10T00:50:00.810+0000] {dag.py:3036} INFO - Sync 1 DAGs
[2025-11-10T00:50:00.842+0000] {logging_mixin.py:188} INFO - [2025-11-10T00:50:00.841+0000] {dag.py:3823} INFO - Setting next_dagrun for example_xcom to 2021-01-01 00:00:00+00:00, run_after=2021-01-01 00:00:00+00:00
[2025-11-10T00:50:00.867+0000] {processor.py:183} INFO - Processing /home/airflow/.local/lib/python3.8/site-packages/airflow/example_dags/example_xcom.py took 0.111 seconds
[2025-11-10T00:50:32.168+0000] {processor.py:161} INFO - Started process (PID=371) to work on /home/airflow/.local/lib/python3.8/site-packages/airflow/example_dags/example_xcom.py
[2025-11-10T00:50:32.170+0000] {processor.py:830} INFO - Processing file /home/airflow/.local/lib/python3.8/site-packages/airflow/example_dags/example_xcom.py for tasks to queue
[2025-11-10T00:50:32.171+0000] {logging_mixin.py:188} INFO - [2025-11-10T00:50:32.171+0000] {dagbag.py:538} INFO - Filling up the DagBag from /home/airflow/.local/lib/python3.8/site-packages/airflow/example_dags/example_xcom.py
[2025-11-10T00:50:32.180+0000] {processor.py:840} INFO - DAG(s) 'example_xcom' retrieved from /home/airflow/.local/lib/python3.8/site-packages/airflow/example_dags/example_xcom.py
[2025-11-10T00:50:32.220+0000] {logging_mixin.py:188} INFO - [2025-11-10T00:50:32.220+0000] {dag.py:3036} INFO - Sync 1 DAGs
[2025-11-10T00:50:32.253+0000] {logging_mixin.py:188} INFO - [2025-11-10T00:50:32.253+0000] {dag.py:3823} INFO - Setting next_dagrun for example_xcom to 2021-01-01 00:00:00+00:00, run_after=2021-01-01 00:00:00+00:00
[2025-11-10T00:50:32.287+0000] {processor.py:183} INFO - Processing /home/airflow/.local/lib/python3.8/site-packages/airflow/example_dags/example_xcom.py took 0.124 seconds
[2025-11-10T00:51:03.516+0000] {processor.py:161} INFO - Started process (PID=468) to work on /home/airflow/.local/lib/python3.8/site-packages/airflow/example_dags/example_xcom.py
[2025-11-10T00:51:03.517+0000] {processor.py:830} INFO - Processing file /home/airflow/.local/lib/python3.8/site-packages/airflow/example_dags/example_xcom.py for tasks to queue
[2025-11-10T00:51:03.519+0000] {logging_mixin.py:188} INFO - [2025-11-10T00:51:03.518+0000] {dagbag.py:538} INFO - Filling up the DagBag from /home/airflow/.local/lib/python3.8/site-packages/airflow/example_dags/example_xcom.py
[2025-11-10T00:51:03.531+0000] {processor.py:840} INFO - DAG(s) 'example_xcom' retrieved from /home/airflow/.local/lib/python3.8/site-packages/airflow/example_dags/example_xcom.py
[2025-11-10T00:51:03.562+0000] {logging_mixin.py:188} INFO - [2025-11-10T00:51:03.562+0000] {dag.py:3036} INFO - Sync 1 DAGs
[2025-11-10T00:51:03.592+0000] {logging_mixin.py:188} INFO - [2025-11-10T00:51:03.592+0000] {dag.py:3823} INFO - Setting next_dagrun for example_xcom to 2021-01-01 00:00:00+00:00, run_after=2021-01-01 00:00:00+00:00
[2025-11-10T00:51:03.621+0000] {processor.py:183} INFO - Processing /home/airflow/.local/lib/python3.8/site-packages/airflow/example_dags/example_xcom.py took 0.108 seconds
[2025-11-10T00:51:34.137+0000] {processor.py:161} INFO - Started process (PID=565) to work on /home/airflow/.local/lib/python3.8/site-packages/airflow/example_dags/example_xcom.py
[2025-11-10T00:51:34.138+0000] {processor.py:830} INFO - Processing file /home/airflow/.local/lib/python3.8/site-packages/airflow/example_dags/example_xcom.py for tasks to queue
[2025-11-10T00:51:34.139+0000] {logging_mixin.py:188} INFO - [2025-11-10T00:51:34.139+0000] {dagbag.py:538} INFO - Filling up the DagBag from /home/airflow/.local/lib/python3.8/site-packages/airflow/example_dags/example_xcom.py
[2025-11-10T00:51:34.148+0000] {processor.py:840} INFO - DAG(s) 'example_xcom' retrieved from /home/airflow/.local/lib/python3.8/site-packages/airflow/example_dags/example_xcom.py
[2025-11-10T00:51:34.186+0000] {logging_mixin.py:188} INFO - [2025-11-10T00:51:34.186+0000] {dag.py:3036} INFO - Sync 1 DAGs
[2025-11-10T00:51:34.231+0000] {logging_mixin.py:188} INFO - [2025-11-10T00:51:34.231+0000] {dag.py:3823} INFO - Setting next_dagrun for example_xcom to 2021-01-01 00:00:00+00:00, run_after=2021-01-01 00:00:00+00:00
[2025-11-10T00:51:34.269+0000] {processor.py:183} INFO - Processing /home/airflow/.local/lib/python3.8/site-packages/airflow/example_dags/example_xcom.py took 0.137 seconds
[2025-11-10T00:52:04.635+0000] {processor.py:161} INFO - Started process (PID=660) to work on /home/airflow/.local/lib/python3.8/site-packages/airflow/example_dags/example_xcom.py
[2025-11-10T00:52:04.637+0000] {processor.py:830} INFO - Processing file /home/airflow/.local/lib/python3.8/site-packages/airflow/example_dags/example_xcom.py for tasks to queue
[2025-11-10T00:52:04.640+0000] {logging_mixin.py:188} INFO - [2025-11-10T00:52:04.639+0000] {dagbag.py:538} INFO - Filling up the DagBag from /home/airflow/.local/lib/python3.8/site-packages/airflow/example_dags/example_xcom.py
[2025-11-10T00:52:04.656+0000] {processor.py:840} INFO - DAG(s) 'example_xcom' retrieved from /home/airflow/.local/lib/python3.8/site-packages/airflow/example_dags/example_xcom.py
[2025-11-10T00:52:04.697+0000] {logging_mixin.py:188} INFO - [2025-11-10T00:52:04.697+0000] {dag.py:3036} INFO - Sync 1 DAGs
[2025-11-10T00:52:04.742+0000] {logging_mixin.py:188} INFO - [2025-11-10T00:52:04.741+0000] {dag.py:3823} INFO - Setting next_dagrun for example_xcom to 2021-01-01 00:00:00+00:00, run_after=2021-01-01 00:00:00+00:00
[2025-11-10T00:52:04.778+0000] {processor.py:183} INFO - Processing /home/airflow/.local/lib/python3.8/site-packages/airflow/example_dags/example_xcom.py took 0.152 seconds
[2025-11-10T00:52:35.488+0000] {processor.py:161} INFO - Started process (PID=765) to work on /home/airflow/.local/lib/python3.8/site-packages/airflow/example_dags/example_xcom.py
[2025-11-10T00:52:35.490+0000] {processor.py:830} INFO - Processing file /home/airflow/.local/lib/python3.8/site-packages/airflow/example_dags/example_xcom.py for tasks to queue
[2025-11-10T00:52:35.491+0000] {logging_mixin.py:188} INFO - [2025-11-10T00:52:35.491+0000] {dagbag.py:538} INFO - Filling up the DagBag from /home/airflow/.local/lib/python3.8/site-packages/airflow/example_dags/example_xcom.py
[2025-11-10T00:52:35.505+0000] {processor.py:840} INFO - DAG(s) 'example_xcom' retrieved from /home/airflow/.local/lib/python3.8/site-packages/airflow/example_dags/example_xcom.py
[2025-11-10T00:52:35.554+0000] {logging_mixin.py:188} INFO - [2025-11-10T00:52:35.554+0000] {dag.py:3036} INFO - Sync 1 DAGs
[2025-11-10T00:52:35.597+0000] {logging_mixin.py:188} INFO - [2025-11-10T00:52:35.597+0000] {dag.py:3823} INFO - Setting next_dagrun for example_xcom to 2021-01-01 00:00:00+00:00, run_after=2021-01-01 00:00:00+00:00
[2025-11-10T00:52:35.638+0000] {processor.py:183} INFO - Processing /home/airflow/.local/lib/python3.8/site-packages/airflow/example_dags/example_xcom.py took 0.154 seconds
[2025-11-10T00:53:05.879+0000] {processor.py:161} INFO - Started process (PID=877) to work on /home/airflow/.local/lib/python3.8/site-packages/airflow/example_dags/example_xcom.py
[2025-11-10T00:53:05.880+0000] {processor.py:830} INFO - Processing file /home/airflow/.local/lib/python3.8/site-packages/airflow/example_dags/example_xcom.py for tasks to queue
[2025-11-10T00:53:05.882+0000] {logging_mixin.py:188} INFO - [2025-11-10T00:53:05.882+0000] {dagbag.py:538} INFO - Filling up the DagBag from /home/airflow/.local/lib/python3.8/site-packages/airflow/example_dags/example_xcom.py
[2025-11-10T00:53:05.904+0000] {processor.py:840} INFO - DAG(s) 'example_xcom' retrieved from /home/airflow/.local/lib/python3.8/site-packages/airflow/example_dags/example_xcom.py
[2025-11-10T00:53:05.959+0000] {logging_mixin.py:188} INFO - [2025-11-10T00:53:05.959+0000] {dag.py:3036} INFO - Sync 1 DAGs
[2025-11-10T00:53:06.003+0000] {logging_mixin.py:188} INFO - [2025-11-10T00:53:06.003+0000] {dag.py:3823} INFO - Setting next_dagrun for example_xcom to 2021-01-01 00:00:00+00:00, run_after=2021-01-01 00:00:00+00:00
[2025-11-10T00:53:06.046+0000] {processor.py:183} INFO - Processing /home/airflow/.local/lib/python3.8/site-packages/airflow/example_dags/example_xcom.py took 0.173 seconds
[2025-11-10T00:53:36.137+0000] {processor.py:161} INFO - Started process (PID=974) to work on /home/airflow/.local/lib/python3.8/site-packages/airflow/example_dags/example_xcom.py
[2025-11-10T00:53:36.138+0000] {processor.py:830} INFO - Processing file /home/airflow/.local/lib/python3.8/site-packages/airflow/example_dags/example_xcom.py for tasks to queue
[2025-11-10T00:53:36.141+0000] {logging_mixin.py:188} INFO - [2025-11-10T00:53:36.140+0000] {dagbag.py:538} INFO - Filling up the DagBag from /home/airflow/.local/lib/python3.8/site-packages/airflow/example_dags/example_xcom.py
[2025-11-10T00:53:36.158+0000] {processor.py:840} INFO - DAG(s) 'example_xcom' retrieved from /home/airflow/.local/lib/python3.8/site-packages/airflow/example_dags/example_xcom.py
[2025-11-10T00:53:36.198+0000] {logging_mixin.py:188} INFO - [2025-11-10T00:53:36.198+0000] {dag.py:3036} INFO - Sync 1 DAGs
[2025-11-10T00:53:36.232+0000] {logging_mixin.py:188} INFO - [2025-11-10T00:53:36.232+0000] {dag.py:3823} INFO - Setting next_dagrun for example_xcom to 2021-01-01 00:00:00+00:00, run_after=2021-01-01 00:00:00+00:00
[2025-11-10T00:53:36.266+0000] {processor.py:183} INFO - Processing /home/airflow/.local/lib/python3.8/site-packages/airflow/example_dags/example_xcom.py took 0.136 seconds
[2025-11-10T00:54:06.747+0000] {processor.py:161} INFO - Started process (PID=1071) to work on /home/airflow/.local/lib/python3.8/site-packages/airflow/example_dags/example_xcom.py
[2025-11-10T00:54:06.749+0000] {processor.py:830} INFO - Processing file /home/airflow/.local/lib/python3.8/site-packages/airflow/example_dags/example_xcom.py for tasks to queue
[2025-11-10T00:54:06.751+0000] {logging_mixin.py:188} INFO - [2025-11-10T00:54:06.750+0000] {dagbag.py:538} INFO - Filling up the DagBag from /home/airflow/.local/lib/python3.8/site-packages/airflow/example_dags/example_xcom.py
[2025-11-10T00:54:06.765+0000] {processor.py:840} INFO - DAG(s) 'example_xcom' retrieved from /home/airflow/.local/lib/python3.8/site-packages/airflow/example_dags/example_xcom.py
[2025-11-10T00:54:06.813+0000] {logging_mixin.py:188} INFO - [2025-11-10T00:54:06.812+0000] {dag.py:3036} INFO - Sync 1 DAGs
[2025-11-10T00:54:06.850+0000] {logging_mixin.py:188} INFO - [2025-11-10T00:54:06.850+0000] {dag.py:3823} INFO - Setting next_dagrun for example_xcom to 2021-01-01 00:00:00+00:00, run_after=2021-01-01 00:00:00+00:00
[2025-11-10T00:54:06.898+0000] {processor.py:183} INFO - Processing /home/airflow/.local/lib/python3.8/site-packages/airflow/example_dags/example_xcom.py took 0.157 seconds
[2025-11-10T00:54:37.084+0000] {processor.py:161} INFO - Started process (PID=1168) to work on /home/airflow/.local/lib/python3.8/site-packages/airflow/example_dags/example_xcom.py
[2025-11-10T00:54:37.086+0000] {processor.py:830} INFO - Processing file /home/airflow/.local/lib/python3.8/site-packages/airflow/example_dags/example_xcom.py for tasks to queue
[2025-11-10T00:54:37.088+0000] {logging_mixin.py:188} INFO - [2025-11-10T00:54:37.087+0000] {dagbag.py:538} INFO - Filling up the DagBag from /home/airflow/.local/lib/python3.8/site-packages/airflow/example_dags/example_xcom.py
[2025-11-10T00:54:37.110+0000] {processor.py:840} INFO - DAG(s) 'example_xcom' retrieved from /home/airflow/.local/lib/python3.8/site-packages/airflow/example_dags/example_xcom.py
[2025-11-10T00:54:37.171+0000] {logging_mixin.py:188} INFO - [2025-11-10T00:54:37.170+0000] {dag.py:3036} INFO - Sync 1 DAGs
[2025-11-10T00:54:37.230+0000] {logging_mixin.py:188} INFO - [2025-11-10T00:54:37.230+0000] {dag.py:3823} INFO - Setting next_dagrun for example_xcom to 2021-01-01 00:00:00+00:00, run_after=2021-01-01 00:00:00+00:00
[2025-11-10T00:54:37.276+0000] {processor.py:183} INFO - Processing /home/airflow/.local/lib/python3.8/site-packages/airflow/example_dags/example_xcom.py took 0.198 seconds
[2025-11-10T00:55:07.756+0000] {processor.py:161} INFO - Started process (PID=1265) to work on /home/airflow/.local/lib/python3.8/site-packages/airflow/example_dags/example_xcom.py
[2025-11-10T00:55:07.757+0000] {processor.py:830} INFO - Processing file /home/airflow/.local/lib/python3.8/site-packages/airflow/example_dags/example_xcom.py for tasks to queue
[2025-11-10T00:55:07.760+0000] {logging_mixin.py:188} INFO - [2025-11-10T00:55:07.759+0000] {dagbag.py:538} INFO - Filling up the DagBag from /home/airflow/.local/lib/python3.8/site-packages/airflow/example_dags/example_xcom.py
[2025-11-10T00:55:07.775+0000] {processor.py:840} INFO - DAG(s) 'example_xcom' retrieved from /home/airflow/.local/lib/python3.8/site-packages/airflow/example_dags/example_xcom.py
[2025-11-10T00:55:07.833+0000] {logging_mixin.py:188} INFO - [2025-11-10T00:55:07.832+0000] {dag.py:3036} INFO - Sync 1 DAGs
[2025-11-10T00:55:07.896+0000] {logging_mixin.py:188} INFO - [2025-11-10T00:55:07.895+0000] {dag.py:3823} INFO - Setting next_dagrun for example_xcom to 2021-01-01 00:00:00+00:00, run_after=2021-01-01 00:00:00+00:00
[2025-11-10T00:55:07.934+0000] {processor.py:183} INFO - Processing /home/airflow/.local/lib/python3.8/site-packages/airflow/example_dags/example_xcom.py took 0.185 seconds
[2025-11-10T00:55:38.566+0000] {processor.py:161} INFO - Started process (PID=1362) to work on /home/airflow/.local/lib/python3.8/site-packages/airflow/example_dags/example_xcom.py
[2025-11-10T00:55:38.568+0000] {processor.py:830} INFO - Processing file /home/airflow/.local/lib/python3.8/site-packages/airflow/example_dags/example_xcom.py for tasks to queue
[2025-11-10T00:55:38.573+0000] {logging_mixin.py:188} INFO - [2025-11-10T00:55:38.571+0000] {dagbag.py:538} INFO - Filling up the DagBag from /home/airflow/.local/lib/python3.8/site-packages/airflow/example_dags/example_xcom.py
[2025-11-10T00:55:38.593+0000] {processor.py:840} INFO - DAG(s) 'example_xcom' retrieved from /home/airflow/.local/lib/python3.8/site-packages/airflow/example_dags/example_xcom.py
[2025-11-10T00:55:38.636+0000] {logging_mixin.py:188} INFO - [2025-11-10T00:55:38.636+0000] {dag.py:3036} INFO - Sync 1 DAGs
[2025-11-10T00:55:38.674+0000] {logging_mixin.py:188} INFO - [2025-11-10T00:55:38.673+0000] {dag.py:3823} INFO - Setting next_dagrun for example_xcom to 2021-01-01 00:00:00+00:00, run_after=2021-01-01 00:00:00+00:00
[2025-11-10T00:55:38.730+0000] {processor.py:183} INFO - Processing /home/airflow/.local/lib/python3.8/site-packages/airflow/example_dags/example_xcom.py took 0.171 seconds
[2025-11-10T00:56:09.024+0000] {processor.py:161} INFO - Started process (PID=1459) to work on /home/airflow/.local/lib/python3.8/site-packages/airflow/example_dags/example_xcom.py
[2025-11-10T00:56:09.025+0000] {processor.py:830} INFO - Processing file /home/airflow/.local/lib/python3.8/site-packages/airflow/example_dags/example_xcom.py for tasks to queue
[2025-11-10T00:56:09.028+0000] {logging_mixin.py:188} INFO - [2025-11-10T00:56:09.027+0000] {dagbag.py:538} INFO - Filling up the DagBag from /home/airflow/.local/lib/python3.8/site-packages/airflow/example_dags/example_xcom.py
[2025-11-10T00:56:09.051+0000] {processor.py:840} INFO - DAG(s) 'example_xcom' retrieved from /home/airflow/.local/lib/python3.8/site-packages/airflow/example_dags/example_xcom.py
[2025-11-10T00:56:09.097+0000] {logging_mixin.py:188} INFO - [2025-11-10T00:56:09.096+0000] {dag.py:3036} INFO - Sync 1 DAGs
[2025-11-10T00:56:09.141+0000] {logging_mixin.py:188} INFO - [2025-11-10T00:56:09.141+0000] {dag.py:3823} INFO - Setting next_dagrun for example_xcom to 2021-01-01 00:00:00+00:00, run_after=2021-01-01 00:00:00+00:00
[2025-11-10T00:56:09.200+0000] {processor.py:183} INFO - Processing /home/airflow/.local/lib/python3.8/site-packages/airflow/example_dags/example_xcom.py took 0.183 seconds
[2025-11-10T00:56:39.593+0000] {processor.py:161} INFO - Started process (PID=1556) to work on /home/airflow/.local/lib/python3.8/site-packages/airflow/example_dags/example_xcom.py
[2025-11-10T00:56:39.595+0000] {processor.py:830} INFO - Processing file /home/airflow/.local/lib/python3.8/site-packages/airflow/example_dags/example_xcom.py for tasks to queue
[2025-11-10T00:56:39.598+0000] {logging_mixin.py:188} INFO - [2025-11-10T00:56:39.597+0000] {dagbag.py:538} INFO - Filling up the DagBag from /home/airflow/.local/lib/python3.8/site-packages/airflow/example_dags/example_xcom.py
[2025-11-10T00:56:39.627+0000] {processor.py:840} INFO - DAG(s) 'example_xcom' retrieved from /home/airflow/.local/lib/python3.8/site-packages/airflow/example_dags/example_xcom.py
[2025-11-10T00:56:39.698+0000] {logging_mixin.py:188} INFO - [2025-11-10T00:56:39.698+0000] {dag.py:3036} INFO - Sync 1 DAGs
[2025-11-10T00:56:39.780+0000] {logging_mixin.py:188} INFO - [2025-11-10T00:56:39.778+0000] {dag.py:3823} INFO - Setting next_dagrun for example_xcom to 2021-01-01 00:00:00+00:00, run_after=2021-01-01 00:00:00+00:00
[2025-11-10T00:56:39.829+0000] {processor.py:183} INFO - Processing /home/airflow/.local/lib/python3.8/site-packages/airflow/example_dags/example_xcom.py took 0.247 seconds
[2025-11-10T00:57:10.105+0000] {processor.py:161} INFO - Started process (PID=1653) to work on /home/airflow/.local/lib/python3.8/site-packages/airflow/example_dags/example_xcom.py
[2025-11-10T00:57:10.106+0000] {processor.py:830} INFO - Processing file /home/airflow/.local/lib/python3.8/site-packages/airflow/example_dags/example_xcom.py for tasks to queue
[2025-11-10T00:57:10.107+0000] {logging_mixin.py:188} INFO - [2025-11-10T00:57:10.107+0000] {dagbag.py:538} INFO - Filling up the DagBag from /home/airflow/.local/lib/python3.8/site-packages/airflow/example_dags/example_xcom.py
[2025-11-10T00:57:10.118+0000] {processor.py:840} INFO - DAG(s) 'example_xcom' retrieved from /home/airflow/.local/lib/python3.8/site-packages/airflow/example_dags/example_xcom.py
[2025-11-10T00:57:10.160+0000] {logging_mixin.py:188} INFO - [2025-11-10T00:57:10.160+0000] {dag.py:3036} INFO - Sync 1 DAGs
[2025-11-10T00:57:10.195+0000] {logging_mixin.py:188} INFO - [2025-11-10T00:57:10.194+0000] {dag.py:3823} INFO - Setting next_dagrun for example_xcom to 2021-01-01 00:00:00+00:00, run_after=2021-01-01 00:00:00+00:00
[2025-11-10T00:57:10.234+0000] {processor.py:183} INFO - Processing /home/airflow/.local/lib/python3.8/site-packages/airflow/example_dags/example_xcom.py took 0.135 seconds
[2025-11-10T00:57:40.762+0000] {processor.py:161} INFO - Started process (PID=1750) to work on /home/airflow/.local/lib/python3.8/site-packages/airflow/example_dags/example_xcom.py
[2025-11-10T00:57:40.764+0000] {processor.py:830} INFO - Processing file /home/airflow/.local/lib/python3.8/site-packages/airflow/example_dags/example_xcom.py for tasks to queue
[2025-11-10T00:57:40.766+0000] {logging_mixin.py:188} INFO - [2025-11-10T00:57:40.766+0000] {dagbag.py:538} INFO - Filling up the DagBag from /home/airflow/.local/lib/python3.8/site-packages/airflow/example_dags/example_xcom.py
[2025-11-10T00:57:40.776+0000] {processor.py:840} INFO - DAG(s) 'example_xcom' retrieved from /home/airflow/.local/lib/python3.8/site-packages/airflow/example_dags/example_xcom.py
[2025-11-10T00:57:40.815+0000] {logging_mixin.py:188} INFO - [2025-11-10T00:57:40.815+0000] {dag.py:3036} INFO - Sync 1 DAGs
[2025-11-10T00:57:40.853+0000] {logging_mixin.py:188} INFO - [2025-11-10T00:57:40.853+0000] {dag.py:3823} INFO - Setting next_dagrun for example_xcom to 2021-01-01 00:00:00+00:00, run_after=2021-01-01 00:00:00+00:00
[2025-11-10T00:57:40.885+0000] {processor.py:183} INFO - Processing /home/airflow/.local/lib/python3.8/site-packages/airflow/example_dags/example_xcom.py took 0.130 seconds
[2025-11-10T00:58:11.115+0000] {processor.py:161} INFO - Started process (PID=1847) to work on /home/airflow/.local/lib/python3.8/site-packages/airflow/example_dags/example_xcom.py
[2025-11-10T00:58:11.116+0000] {processor.py:830} INFO - Processing file /home/airflow/.local/lib/python3.8/site-packages/airflow/example_dags/example_xcom.py for tasks to queue
[2025-11-10T00:58:11.117+0000] {logging_mixin.py:188} INFO - [2025-11-10T00:58:11.117+0000] {dagbag.py:538} INFO - Filling up the DagBag from /home/airflow/.local/lib/python3.8/site-packages/airflow/example_dags/example_xcom.py
[2025-11-10T00:58:11.130+0000] {processor.py:840} INFO - DAG(s) 'example_xcom' retrieved from /home/airflow/.local/lib/python3.8/site-packages/airflow/example_dags/example_xcom.py
[2025-11-10T00:58:11.160+0000] {logging_mixin.py:188} INFO - [2025-11-10T00:58:11.160+0000] {dag.py:3036} INFO - Sync 1 DAGs
[2025-11-10T00:58:11.188+0000] {logging_mixin.py:188} INFO - [2025-11-10T00:58:11.187+0000] {dag.py:3823} INFO - Setting next_dagrun for example_xcom to 2021-01-01 00:00:00+00:00, run_after=2021-01-01 00:00:00+00:00
[2025-11-10T00:58:11.218+0000] {processor.py:183} INFO - Processing /home/airflow/.local/lib/python3.8/site-packages/airflow/example_dags/example_xcom.py took 0.108 seconds
[2025-11-10T00:58:41.397+0000] {processor.py:161} INFO - Started process (PID=1944) to work on /home/airflow/.local/lib/python3.8/site-packages/airflow/example_dags/example_xcom.py
[2025-11-10T00:58:41.399+0000] {processor.py:830} INFO - Processing file /home/airflow/.local/lib/python3.8/site-packages/airflow/example_dags/example_xcom.py for tasks to queue
[2025-11-10T00:58:41.401+0000] {logging_mixin.py:188} INFO - [2025-11-10T00:58:41.401+0000] {dagbag.py:538} INFO - Filling up the DagBag from /home/airflow/.local/lib/python3.8/site-packages/airflow/example_dags/example_xcom.py
[2025-11-10T00:58:41.416+0000] {processor.py:840} INFO - DAG(s) 'example_xcom' retrieved from /home/airflow/.local/lib/python3.8/site-packages/airflow/example_dags/example_xcom.py
[2025-11-10T00:58:41.457+0000] {logging_mixin.py:188} INFO - [2025-11-10T00:58:41.457+0000] {dag.py:3036} INFO - Sync 1 DAGs
[2025-11-10T00:58:41.487+0000] {logging_mixin.py:188} INFO - [2025-11-10T00:58:41.486+0000] {dag.py:3823} INFO - Setting next_dagrun for example_xcom to 2021-01-01 00:00:00+00:00, run_after=2021-01-01 00:00:00+00:00
[2025-11-10T00:58:41.514+0000] {processor.py:183} INFO - Processing /home/airflow/.local/lib/python3.8/site-packages/airflow/example_dags/example_xcom.py took 0.124 seconds
[2025-11-10T00:59:11.795+0000] {processor.py:161} INFO - Started process (PID=2064) to work on /home/airflow/.local/lib/python3.8/site-packages/airflow/example_dags/example_xcom.py
[2025-11-10T00:59:11.796+0000] {processor.py:830} INFO - Processing file /home/airflow/.local/lib/python3.8/site-packages/airflow/example_dags/example_xcom.py for tasks to queue
[2025-11-10T00:59:11.798+0000] {logging_mixin.py:188} INFO - [2025-11-10T00:59:11.797+0000] {dagbag.py:538} INFO - Filling up the DagBag from /home/airflow/.local/lib/python3.8/site-packages/airflow/example_dags/example_xcom.py
[2025-11-10T00:59:11.809+0000] {processor.py:840} INFO - DAG(s) 'example_xcom' retrieved from /home/airflow/.local/lib/python3.8/site-packages/airflow/example_dags/example_xcom.py
[2025-11-10T00:59:11.840+0000] {logging_mixin.py:188} INFO - [2025-11-10T00:59:11.840+0000] {dag.py:3036} INFO - Sync 1 DAGs
[2025-11-10T00:59:11.870+0000] {logging_mixin.py:188} INFO - [2025-11-10T00:59:11.869+0000] {dag.py:3823} INFO - Setting next_dagrun for example_xcom to 2021-01-01 00:00:00+00:00, run_after=2021-01-01 00:00:00+00:00
[2025-11-10T00:59:11.903+0000] {processor.py:183} INFO - Processing /home/airflow/.local/lib/python3.8/site-packages/airflow/example_dags/example_xcom.py took 0.113 seconds
[2025-11-10T00:59:42.062+0000] {processor.py:161} INFO - Started process (PID=2160) to work on /home/airflow/.local/lib/python3.8/site-packages/airflow/example_dags/example_xcom.py
[2025-11-10T00:59:42.064+0000] {processor.py:830} INFO - Processing file /home/airflow/.local/lib/python3.8/site-packages/airflow/example_dags/example_xcom.py for tasks to queue
[2025-11-10T00:59:42.066+0000] {logging_mixin.py:188} INFO - [2025-11-10T00:59:42.066+0000] {dagbag.py:538} INFO - Filling up the DagBag from /home/airflow/.local/lib/python3.8/site-packages/airflow/example_dags/example_xcom.py
[2025-11-10T00:59:42.078+0000] {processor.py:840} INFO - DAG(s) 'example_xcom' retrieved from /home/airflow/.local/lib/python3.8/site-packages/airflow/example_dags/example_xcom.py
[2025-11-10T00:59:42.106+0000] {logging_mixin.py:188} INFO - [2025-11-10T00:59:42.106+0000] {dag.py:3036} INFO - Sync 1 DAGs
[2025-11-10T00:59:42.132+0000] {logging_mixin.py:188} INFO - [2025-11-10T00:59:42.132+0000] {dag.py:3823} INFO - Setting next_dagrun for example_xcom to 2021-01-01 00:00:00+00:00, run_after=2021-01-01 00:00:00+00:00
[2025-11-10T00:59:42.158+0000] {processor.py:183} INFO - Processing /home/airflow/.local/lib/python3.8/site-packages/airflow/example_dags/example_xcom.py took 0.099 seconds
[2025-11-10T01:00:12.339+0000] {processor.py:161} INFO - Started process (PID=2257) to work on /home/airflow/.local/lib/python3.8/site-packages/airflow/example_dags/example_xcom.py
[2025-11-10T01:00:12.341+0000] {processor.py:830} INFO - Processing file /home/airflow/.local/lib/python3.8/site-packages/airflow/example_dags/example_xcom.py for tasks to queue
[2025-11-10T01:00:12.343+0000] {logging_mixin.py:188} INFO - [2025-11-10T01:00:12.342+0000] {dagbag.py:538} INFO - Filling up the DagBag from /home/airflow/.local/lib/python3.8/site-packages/airflow/example_dags/example_xcom.py
[2025-11-10T01:00:12.355+0000] {processor.py:840} INFO - DAG(s) 'example_xcom' retrieved from /home/airflow/.local/lib/python3.8/site-packages/airflow/example_dags/example_xcom.py
[2025-11-10T01:00:12.387+0000] {logging_mixin.py:188} INFO - [2025-11-10T01:00:12.387+0000] {dag.py:3036} INFO - Sync 1 DAGs
[2025-11-10T01:00:12.412+0000] {logging_mixin.py:188} INFO - [2025-11-10T01:00:12.412+0000] {dag.py:3823} INFO - Setting next_dagrun for example_xcom to 2021-01-01 00:00:00+00:00, run_after=2021-01-01 00:00:00+00:00
[2025-11-10T01:00:12.439+0000] {processor.py:183} INFO - Processing /home/airflow/.local/lib/python3.8/site-packages/airflow/example_dags/example_xcom.py took 0.104 seconds
[2025-11-10T01:00:42.625+0000] {processor.py:161} INFO - Started process (PID=2354) to work on /home/airflow/.local/lib/python3.8/site-packages/airflow/example_dags/example_xcom.py
[2025-11-10T01:00:42.626+0000] {processor.py:830} INFO - Processing file /home/airflow/.local/lib/python3.8/site-packages/airflow/example_dags/example_xcom.py for tasks to queue
[2025-11-10T01:00:42.628+0000] {logging_mixin.py:188} INFO - [2025-11-10T01:00:42.627+0000] {dagbag.py:538} INFO - Filling up the DagBag from /home/airflow/.local/lib/python3.8/site-packages/airflow/example_dags/example_xcom.py
[2025-11-10T01:00:42.636+0000] {processor.py:840} INFO - DAG(s) 'example_xcom' retrieved from /home/airflow/.local/lib/python3.8/site-packages/airflow/example_dags/example_xcom.py
[2025-11-10T01:00:42.675+0000] {logging_mixin.py:188} INFO - [2025-11-10T01:00:42.675+0000] {dag.py:3036} INFO - Sync 1 DAGs
[2025-11-10T01:00:42.701+0000] {logging_mixin.py:188} INFO - [2025-11-10T01:00:42.701+0000] {dag.py:3823} INFO - Setting next_dagrun for example_xcom to 2021-01-01 00:00:00+00:00, run_after=2021-01-01 00:00:00+00:00
[2025-11-10T01:00:42.730+0000] {processor.py:183} INFO - Processing /home/airflow/.local/lib/python3.8/site-packages/airflow/example_dags/example_xcom.py took 0.109 seconds
[2025-11-10T01:01:13.577+0000] {processor.py:161} INFO - Started process (PID=2451) to work on /home/airflow/.local/lib/python3.8/site-packages/airflow/example_dags/example_xcom.py
[2025-11-10T01:01:13.578+0000] {processor.py:830} INFO - Processing file /home/airflow/.local/lib/python3.8/site-packages/airflow/example_dags/example_xcom.py for tasks to queue
[2025-11-10T01:01:13.580+0000] {logging_mixin.py:188} INFO - [2025-11-10T01:01:13.579+0000] {dagbag.py:538} INFO - Filling up the DagBag from /home/airflow/.local/lib/python3.8/site-packages/airflow/example_dags/example_xcom.py
[2025-11-10T01:01:13.590+0000] {processor.py:840} INFO - DAG(s) 'example_xcom' retrieved from /home/airflow/.local/lib/python3.8/site-packages/airflow/example_dags/example_xcom.py
[2025-11-10T01:01:13.622+0000] {logging_mixin.py:188} INFO - [2025-11-10T01:01:13.621+0000] {dag.py:3036} INFO - Sync 1 DAGs
[2025-11-10T01:01:13.646+0000] {logging_mixin.py:188} INFO - [2025-11-10T01:01:13.646+0000] {dag.py:3823} INFO - Setting next_dagrun for example_xcom to 2021-01-01 00:00:00+00:00, run_after=2021-01-01 00:00:00+00:00
[2025-11-10T01:01:13.674+0000] {processor.py:183} INFO - Processing /home/airflow/.local/lib/python3.8/site-packages/airflow/example_dags/example_xcom.py took 0.100 seconds
[2025-11-10T01:01:44.709+0000] {processor.py:161} INFO - Started process (PID=2556) to work on /home/airflow/.local/lib/python3.8/site-packages/airflow/example_dags/example_xcom.py
[2025-11-10T01:01:44.711+0000] {processor.py:830} INFO - Processing file /home/airflow/.local/lib/python3.8/site-packages/airflow/example_dags/example_xcom.py for tasks to queue
[2025-11-10T01:01:44.713+0000] {logging_mixin.py:188} INFO - [2025-11-10T01:01:44.712+0000] {dagbag.py:538} INFO - Filling up the DagBag from /home/airflow/.local/lib/python3.8/site-packages/airflow/example_dags/example_xcom.py
[2025-11-10T01:01:44.725+0000] {processor.py:840} INFO - DAG(s) 'example_xcom' retrieved from /home/airflow/.local/lib/python3.8/site-packages/airflow/example_dags/example_xcom.py
[2025-11-10T01:01:44.758+0000] {logging_mixin.py:188} INFO - [2025-11-10T01:01:44.757+0000] {dag.py:3036} INFO - Sync 1 DAGs
[2025-11-10T01:01:44.792+0000] {logging_mixin.py:188} INFO - [2025-11-10T01:01:44.791+0000] {dag.py:3823} INFO - Setting next_dagrun for example_xcom to 2021-01-01 00:00:00+00:00, run_after=2021-01-01 00:00:00+00:00
[2025-11-10T01:01:44.832+0000] {processor.py:183} INFO - Processing /home/airflow/.local/lib/python3.8/site-packages/airflow/example_dags/example_xcom.py took 0.127 seconds
[2025-11-10T01:02:15.709+0000] {processor.py:161} INFO - Started process (PID=2668) to work on /home/airflow/.local/lib/python3.8/site-packages/airflow/example_dags/example_xcom.py
[2025-11-10T01:02:15.711+0000] {processor.py:830} INFO - Processing file /home/airflow/.local/lib/python3.8/site-packages/airflow/example_dags/example_xcom.py for tasks to queue
[2025-11-10T01:02:15.712+0000] {logging_mixin.py:188} INFO - [2025-11-10T01:02:15.712+0000] {dagbag.py:538} INFO - Filling up the DagBag from /home/airflow/.local/lib/python3.8/site-packages/airflow/example_dags/example_xcom.py
[2025-11-10T01:02:15.724+0000] {processor.py:840} INFO - DAG(s) 'example_xcom' retrieved from /home/airflow/.local/lib/python3.8/site-packages/airflow/example_dags/example_xcom.py
[2025-11-10T01:02:15.754+0000] {logging_mixin.py:188} INFO - [2025-11-10T01:02:15.754+0000] {dag.py:3036} INFO - Sync 1 DAGs
[2025-11-10T01:02:15.781+0000] {logging_mixin.py:188} INFO - [2025-11-10T01:02:15.780+0000] {dag.py:3823} INFO - Setting next_dagrun for example_xcom to 2021-01-01 00:00:00+00:00, run_after=2021-01-01 00:00:00+00:00
[2025-11-10T01:02:15.807+0000] {processor.py:183} INFO - Processing /home/airflow/.local/lib/python3.8/site-packages/airflow/example_dags/example_xcom.py took 0.102 seconds
[2025-11-10T01:02:46.319+0000] {processor.py:161} INFO - Started process (PID=2765) to work on /home/airflow/.local/lib/python3.8/site-packages/airflow/example_dags/example_xcom.py
[2025-11-10T01:02:46.320+0000] {processor.py:830} INFO - Processing file /home/airflow/.local/lib/python3.8/site-packages/airflow/example_dags/example_xcom.py for tasks to queue
[2025-11-10T01:02:46.321+0000] {logging_mixin.py:188} INFO - [2025-11-10T01:02:46.321+0000] {dagbag.py:538} INFO - Filling up the DagBag from /home/airflow/.local/lib/python3.8/site-packages/airflow/example_dags/example_xcom.py
[2025-11-10T01:02:46.335+0000] {processor.py:840} INFO - DAG(s) 'example_xcom' retrieved from /home/airflow/.local/lib/python3.8/site-packages/airflow/example_dags/example_xcom.py
[2025-11-10T01:02:46.378+0000] {logging_mixin.py:188} INFO - [2025-11-10T01:02:46.377+0000] {dag.py:3036} INFO - Sync 1 DAGs
[2025-11-10T01:02:46.420+0000] {logging_mixin.py:188} INFO - [2025-11-10T01:02:46.419+0000] {dag.py:3823} INFO - Setting next_dagrun for example_xcom to 2021-01-01 00:00:00+00:00, run_after=2021-01-01 00:00:00+00:00
[2025-11-10T01:02:46.463+0000] {processor.py:183} INFO - Processing /home/airflow/.local/lib/python3.8/site-packages/airflow/example_dags/example_xcom.py took 0.152 seconds
[2025-11-10T01:03:16.627+0000] {processor.py:161} INFO - Started process (PID=2862) to work on /home/airflow/.local/lib/python3.8/site-packages/airflow/example_dags/example_xcom.py
[2025-11-10T01:03:16.628+0000] {processor.py:830} INFO - Processing file /home/airflow/.local/lib/python3.8/site-packages/airflow/example_dags/example_xcom.py for tasks to queue
[2025-11-10T01:03:16.629+0000] {logging_mixin.py:188} INFO - [2025-11-10T01:03:16.628+0000] {dagbag.py:538} INFO - Filling up the DagBag from /home/airflow/.local/lib/python3.8/site-packages/airflow/example_dags/example_xcom.py
[2025-11-10T01:03:16.637+0000] {processor.py:840} INFO - DAG(s) 'example_xcom' retrieved from /home/airflow/.local/lib/python3.8/site-packages/airflow/example_dags/example_xcom.py
[2025-11-10T01:03:16.667+0000] {logging_mixin.py:188} INFO - [2025-11-10T01:03:16.667+0000] {dag.py:3036} INFO - Sync 1 DAGs
[2025-11-10T01:03:16.693+0000] {logging_mixin.py:188} INFO - [2025-11-10T01:03:16.692+0000] {dag.py:3823} INFO - Setting next_dagrun for example_xcom to 2021-01-01 00:00:00+00:00, run_after=2021-01-01 00:00:00+00:00
[2025-11-10T01:03:16.716+0000] {processor.py:183} INFO - Processing /home/airflow/.local/lib/python3.8/site-packages/airflow/example_dags/example_xcom.py took 0.092 seconds
[2025-11-10T01:03:47.282+0000] {processor.py:161} INFO - Started process (PID=2959) to work on /home/airflow/.local/lib/python3.8/site-packages/airflow/example_dags/example_xcom.py
[2025-11-10T01:03:47.283+0000] {processor.py:830} INFO - Processing file /home/airflow/.local/lib/python3.8/site-packages/airflow/example_dags/example_xcom.py for tasks to queue
[2025-11-10T01:03:47.285+0000] {logging_mixin.py:188} INFO - [2025-11-10T01:03:47.285+0000] {dagbag.py:538} INFO - Filling up the DagBag from /home/airflow/.local/lib/python3.8/site-packages/airflow/example_dags/example_xcom.py
[2025-11-10T01:03:47.297+0000] {processor.py:840} INFO - DAG(s) 'example_xcom' retrieved from /home/airflow/.local/lib/python3.8/site-packages/airflow/example_dags/example_xcom.py
[2025-11-10T01:03:47.353+0000] {logging_mixin.py:188} INFO - [2025-11-10T01:03:47.352+0000] {dag.py:3036} INFO - Sync 1 DAGs
[2025-11-10T01:03:47.387+0000] {logging_mixin.py:188} INFO - [2025-11-10T01:03:47.387+0000] {dag.py:3823} INFO - Setting next_dagrun for example_xcom to 2021-01-01 00:00:00+00:00, run_after=2021-01-01 00:00:00+00:00
[2025-11-10T01:03:47.418+0000] {processor.py:183} INFO - Processing /home/airflow/.local/lib/python3.8/site-packages/airflow/example_dags/example_xcom.py took 0.139 seconds
[2025-11-10T01:04:17.528+0000] {processor.py:161} INFO - Started process (PID=3064) to work on /home/airflow/.local/lib/python3.8/site-packages/airflow/example_dags/example_xcom.py
[2025-11-10T01:04:17.531+0000] {processor.py:830} INFO - Processing file /home/airflow/.local/lib/python3.8/site-packages/airflow/example_dags/example_xcom.py for tasks to queue
[2025-11-10T01:04:17.533+0000] {logging_mixin.py:188} INFO - [2025-11-10T01:04:17.533+0000] {dagbag.py:538} INFO - Filling up the DagBag from /home/airflow/.local/lib/python3.8/site-packages/airflow/example_dags/example_xcom.py
[2025-11-10T01:04:17.545+0000] {processor.py:840} INFO - DAG(s) 'example_xcom' retrieved from /home/airflow/.local/lib/python3.8/site-packages/airflow/example_dags/example_xcom.py
[2025-11-10T01:04:17.572+0000] {logging_mixin.py:188} INFO - [2025-11-10T01:04:17.572+0000] {dag.py:3036} INFO - Sync 1 DAGs
[2025-11-10T01:04:17.601+0000] {logging_mixin.py:188} INFO - [2025-11-10T01:04:17.600+0000] {dag.py:3823} INFO - Setting next_dagrun for example_xcom to 2021-01-01 00:00:00+00:00, run_after=2021-01-01 00:00:00+00:00
[2025-11-10T01:04:17.635+0000] {processor.py:183} INFO - Processing /home/airflow/.local/lib/python3.8/site-packages/airflow/example_dags/example_xcom.py took 0.111 seconds
[2025-11-10T01:04:47.843+0000] {processor.py:161} INFO - Started process (PID=3176) to work on /home/airflow/.local/lib/python3.8/site-packages/airflow/example_dags/example_xcom.py
[2025-11-10T01:04:47.844+0000] {processor.py:830} INFO - Processing file /home/airflow/.local/lib/python3.8/site-packages/airflow/example_dags/example_xcom.py for tasks to queue
[2025-11-10T01:04:47.845+0000] {logging_mixin.py:188} INFO - [2025-11-10T01:04:47.845+0000] {dagbag.py:538} INFO - Filling up the DagBag from /home/airflow/.local/lib/python3.8/site-packages/airflow/example_dags/example_xcom.py
[2025-11-10T01:04:47.854+0000] {processor.py:840} INFO - DAG(s) 'example_xcom' retrieved from /home/airflow/.local/lib/python3.8/site-packages/airflow/example_dags/example_xcom.py
[2025-11-10T01:04:47.891+0000] {logging_mixin.py:188} INFO - [2025-11-10T01:04:47.890+0000] {dag.py:3036} INFO - Sync 1 DAGs
[2025-11-10T01:04:47.916+0000] {logging_mixin.py:188} INFO - [2025-11-10T01:04:47.915+0000] {dag.py:3823} INFO - Setting next_dagrun for example_xcom to 2021-01-01 00:00:00+00:00, run_after=2021-01-01 00:00:00+00:00
[2025-11-10T01:04:47.948+0000] {processor.py:183} INFO - Processing /home/airflow/.local/lib/python3.8/site-packages/airflow/example_dags/example_xcom.py took 0.108 seconds
[2025-11-10T01:05:18.224+0000] {processor.py:161} INFO - Started process (PID=3273) to work on /home/airflow/.local/lib/python3.8/site-packages/airflow/example_dags/example_xcom.py
[2025-11-10T01:05:18.224+0000] {processor.py:830} INFO - Processing file /home/airflow/.local/lib/python3.8/site-packages/airflow/example_dags/example_xcom.py for tasks to queue
[2025-11-10T01:05:18.226+0000] {logging_mixin.py:188} INFO - [2025-11-10T01:05:18.225+0000] {dagbag.py:538} INFO - Filling up the DagBag from /home/airflow/.local/lib/python3.8/site-packages/airflow/example_dags/example_xcom.py
[2025-11-10T01:05:18.234+0000] {processor.py:840} INFO - DAG(s) 'example_xcom' retrieved from /home/airflow/.local/lib/python3.8/site-packages/airflow/example_dags/example_xcom.py
[2025-11-10T01:05:18.264+0000] {logging_mixin.py:188} INFO - [2025-11-10T01:05:18.264+0000] {dag.py:3036} INFO - Sync 1 DAGs
[2025-11-10T01:05:18.305+0000] {logging_mixin.py:188} INFO - [2025-11-10T01:05:18.304+0000] {dag.py:3823} INFO - Setting next_dagrun for example_xcom to 2021-01-01 00:00:00+00:00, run_after=2021-01-01 00:00:00+00:00
[2025-11-10T01:05:18.342+0000] {processor.py:183} INFO - Processing /home/airflow/.local/lib/python3.8/site-packages/airflow/example_dags/example_xcom.py took 0.123 seconds
[2025-11-10T01:05:48.845+0000] {processor.py:161} INFO - Started process (PID=3370) to work on /home/airflow/.local/lib/python3.8/site-packages/airflow/example_dags/example_xcom.py
[2025-11-10T01:05:48.847+0000] {processor.py:830} INFO - Processing file /home/airflow/.local/lib/python3.8/site-packages/airflow/example_dags/example_xcom.py for tasks to queue
[2025-11-10T01:05:48.849+0000] {logging_mixin.py:188} INFO - [2025-11-10T01:05:48.848+0000] {dagbag.py:538} INFO - Filling up the DagBag from /home/airflow/.local/lib/python3.8/site-packages/airflow/example_dags/example_xcom.py
[2025-11-10T01:05:48.865+0000] {processor.py:840} INFO - DAG(s) 'example_xcom' retrieved from /home/airflow/.local/lib/python3.8/site-packages/airflow/example_dags/example_xcom.py
[2025-11-10T01:05:48.901+0000] {logging_mixin.py:188} INFO - [2025-11-10T01:05:48.900+0000] {dag.py:3036} INFO - Sync 1 DAGs
[2025-11-10T01:05:48.928+0000] {logging_mixin.py:188} INFO - [2025-11-10T01:05:48.927+0000] {dag.py:3823} INFO - Setting next_dagrun for example_xcom to 2021-01-01 00:00:00+00:00, run_after=2021-01-01 00:00:00+00:00
[2025-11-10T01:05:48.961+0000] {processor.py:183} INFO - Processing /home/airflow/.local/lib/python3.8/site-packages/airflow/example_dags/example_xcom.py took 0.121 seconds
[2025-11-10T01:06:19.295+0000] {processor.py:161} INFO - Started process (PID=3468) to work on /home/airflow/.local/lib/python3.8/site-packages/airflow/example_dags/example_xcom.py
[2025-11-10T01:06:19.297+0000] {processor.py:830} INFO - Processing file /home/airflow/.local/lib/python3.8/site-packages/airflow/example_dags/example_xcom.py for tasks to queue
[2025-11-10T01:06:19.298+0000] {logging_mixin.py:188} INFO - [2025-11-10T01:06:19.298+0000] {dagbag.py:538} INFO - Filling up the DagBag from /home/airflow/.local/lib/python3.8/site-packages/airflow/example_dags/example_xcom.py
[2025-11-10T01:06:19.317+0000] {processor.py:840} INFO - DAG(s) 'example_xcom' retrieved from /home/airflow/.local/lib/python3.8/site-packages/airflow/example_dags/example_xcom.py
[2025-11-10T01:06:19.351+0000] {logging_mixin.py:188} INFO - [2025-11-10T01:06:19.351+0000] {dag.py:3036} INFO - Sync 1 DAGs
[2025-11-10T01:06:19.390+0000] {logging_mixin.py:188} INFO - [2025-11-10T01:06:19.389+0000] {dag.py:3823} INFO - Setting next_dagrun for example_xcom to 2021-01-01 00:00:00+00:00, run_after=2021-01-01 00:00:00+00:00
[2025-11-10T01:06:19.419+0000] {processor.py:183} INFO - Processing /home/airflow/.local/lib/python3.8/site-packages/airflow/example_dags/example_xcom.py took 0.135 seconds
[2025-11-10T01:06:50.430+0000] {processor.py:161} INFO - Started process (PID=3588) to work on /home/airflow/.local/lib/python3.8/site-packages/airflow/example_dags/example_xcom.py
[2025-11-10T01:06:50.431+0000] {processor.py:830} INFO - Processing file /home/airflow/.local/lib/python3.8/site-packages/airflow/example_dags/example_xcom.py for tasks to queue
[2025-11-10T01:06:50.433+0000] {logging_mixin.py:188} INFO - [2025-11-10T01:06:50.432+0000] {dagbag.py:538} INFO - Filling up the DagBag from /home/airflow/.local/lib/python3.8/site-packages/airflow/example_dags/example_xcom.py
[2025-11-10T01:06:50.442+0000] {processor.py:840} INFO - DAG(s) 'example_xcom' retrieved from /home/airflow/.local/lib/python3.8/site-packages/airflow/example_dags/example_xcom.py
[2025-11-10T01:06:50.472+0000] {logging_mixin.py:188} INFO - [2025-11-10T01:06:50.472+0000] {dag.py:3036} INFO - Sync 1 DAGs
[2025-11-10T01:06:50.500+0000] {logging_mixin.py:188} INFO - [2025-11-10T01:06:50.499+0000] {dag.py:3823} INFO - Setting next_dagrun for example_xcom to 2021-01-01 00:00:00+00:00, run_after=2021-01-01 00:00:00+00:00
[2025-11-10T01:06:50.526+0000] {processor.py:183} INFO - Processing /home/airflow/.local/lib/python3.8/site-packages/airflow/example_dags/example_xcom.py took 0.099 seconds
