[2025-11-10T00:49:33.055+0000] {processor.py:161} INFO - Started process (PID=192) to work on /home/airflow/.local/lib/python3.8/site-packages/airflow/example_dags/example_skip_dag.py
[2025-11-10T00:49:33.056+0000] {processor.py:830} INFO - Processing file /home/airflow/.local/lib/python3.8/site-packages/airflow/example_dags/example_skip_dag.py for tasks to queue
[2025-11-10T00:49:33.058+0000] {logging_mixin.py:188} INFO - [2025-11-10T00:49:33.058+0000] {dagbag.py:538} INFO - Filling up the DagBag from /home/airflow/.local/lib/python3.8/site-packages/airflow/example_dags/example_skip_dag.py
[2025-11-10T00:49:33.071+0000] {processor.py:840} INFO - DAG(s) 'example_skip_dag' retrieved from /home/airflow/.local/lib/python3.8/site-packages/airflow/example_dags/example_skip_dag.py
[2025-11-10T00:49:33.249+0000] {logging_mixin.py:188} INFO - [2025-11-10T00:49:33.249+0000] {override.py:1769} INFO - Created Permission View: can delete on DAG:example_skip_dag
[2025-11-10T00:49:33.267+0000] {logging_mixin.py:188} INFO - [2025-11-10T00:49:33.266+0000] {override.py:1769} INFO - Created Permission View: can read on DAG:example_skip_dag
[2025-11-10T00:49:33.278+0000] {logging_mixin.py:188} INFO - [2025-11-10T00:49:33.277+0000] {override.py:1769} INFO - Created Permission View: can edit on DAG:example_skip_dag
[2025-11-10T00:49:33.280+0000] {logging_mixin.py:188} INFO - [2025-11-10T00:49:33.279+0000] {dag.py:3036} INFO - Sync 1 DAGs
[2025-11-10T00:49:33.300+0000] {logging_mixin.py:188} INFO - [2025-11-10T00:49:33.300+0000] {dag.py:3058} INFO - Creating ORM DAG for example_skip_dag
[2025-11-10T00:49:33.317+0000] {logging_mixin.py:188} INFO - [2025-11-10T00:49:33.316+0000] {dag.py:3823} INFO - Setting next_dagrun for example_skip_dag to 2025-11-09 00:00:00+00:00, run_after=2025-11-10 00:00:00+00:00
[2025-11-10T00:49:33.348+0000] {processor.py:183} INFO - Processing /home/airflow/.local/lib/python3.8/site-packages/airflow/example_dags/example_skip_dag.py took 0.298 seconds
[2025-11-10T00:50:03.406+0000] {processor.py:161} INFO - Started process (PID=289) to work on /home/airflow/.local/lib/python3.8/site-packages/airflow/example_dags/example_skip_dag.py
[2025-11-10T00:50:03.407+0000] {processor.py:830} INFO - Processing file /home/airflow/.local/lib/python3.8/site-packages/airflow/example_dags/example_skip_dag.py for tasks to queue
[2025-11-10T00:50:03.409+0000] {logging_mixin.py:188} INFO - [2025-11-10T00:50:03.408+0000] {dagbag.py:538} INFO - Filling up the DagBag from /home/airflow/.local/lib/python3.8/site-packages/airflow/example_dags/example_skip_dag.py
[2025-11-10T00:50:03.418+0000] {processor.py:840} INFO - DAG(s) 'example_skip_dag' retrieved from /home/airflow/.local/lib/python3.8/site-packages/airflow/example_dags/example_skip_dag.py
[2025-11-10T00:50:03.448+0000] {logging_mixin.py:188} INFO - [2025-11-10T00:50:03.448+0000] {dag.py:3036} INFO - Sync 1 DAGs
[2025-11-10T00:50:03.476+0000] {logging_mixin.py:188} INFO - [2025-11-10T00:50:03.476+0000] {dag.py:3823} INFO - Setting next_dagrun for example_skip_dag to 2025-11-09 00:00:00+00:00, run_after=2025-11-10 00:00:00+00:00
[2025-11-10T00:50:03.502+0000] {processor.py:183} INFO - Processing /home/airflow/.local/lib/python3.8/site-packages/airflow/example_dags/example_skip_dag.py took 0.100 seconds
[2025-11-10T00:50:33.770+0000] {processor.py:161} INFO - Started process (PID=386) to work on /home/airflow/.local/lib/python3.8/site-packages/airflow/example_dags/example_skip_dag.py
[2025-11-10T00:50:33.771+0000] {processor.py:830} INFO - Processing file /home/airflow/.local/lib/python3.8/site-packages/airflow/example_dags/example_skip_dag.py for tasks to queue
[2025-11-10T00:50:33.773+0000] {logging_mixin.py:188} INFO - [2025-11-10T00:50:33.772+0000] {dagbag.py:538} INFO - Filling up the DagBag from /home/airflow/.local/lib/python3.8/site-packages/airflow/example_dags/example_skip_dag.py
[2025-11-10T00:50:33.785+0000] {processor.py:840} INFO - DAG(s) 'example_skip_dag' retrieved from /home/airflow/.local/lib/python3.8/site-packages/airflow/example_dags/example_skip_dag.py
[2025-11-10T00:50:33.818+0000] {logging_mixin.py:188} INFO - [2025-11-10T00:50:33.818+0000] {dag.py:3036} INFO - Sync 1 DAGs
[2025-11-10T00:50:33.852+0000] {logging_mixin.py:188} INFO - [2025-11-10T00:50:33.852+0000] {dag.py:3823} INFO - Setting next_dagrun for example_skip_dag to 2025-11-09 00:00:00+00:00, run_after=2025-11-10 00:00:00+00:00
[2025-11-10T00:50:33.882+0000] {processor.py:183} INFO - Processing /home/airflow/.local/lib/python3.8/site-packages/airflow/example_dags/example_skip_dag.py took 0.116 seconds
[2025-11-10T00:51:04.918+0000] {processor.py:161} INFO - Started process (PID=483) to work on /home/airflow/.local/lib/python3.8/site-packages/airflow/example_dags/example_skip_dag.py
[2025-11-10T00:51:04.920+0000] {processor.py:830} INFO - Processing file /home/airflow/.local/lib/python3.8/site-packages/airflow/example_dags/example_skip_dag.py for tasks to queue
[2025-11-10T00:51:04.921+0000] {logging_mixin.py:188} INFO - [2025-11-10T00:51:04.921+0000] {dagbag.py:538} INFO - Filling up the DagBag from /home/airflow/.local/lib/python3.8/site-packages/airflow/example_dags/example_skip_dag.py
[2025-11-10T00:51:04.932+0000] {processor.py:840} INFO - DAG(s) 'example_skip_dag' retrieved from /home/airflow/.local/lib/python3.8/site-packages/airflow/example_dags/example_skip_dag.py
[2025-11-10T00:51:04.967+0000] {logging_mixin.py:188} INFO - [2025-11-10T00:51:04.967+0000] {dag.py:3036} INFO - Sync 1 DAGs
[2025-11-10T00:51:04.995+0000] {logging_mixin.py:188} INFO - [2025-11-10T00:51:04.994+0000] {dag.py:3823} INFO - Setting next_dagrun for example_skip_dag to 2025-11-09 00:00:00+00:00, run_after=2025-11-10 00:00:00+00:00
[2025-11-10T00:51:05.023+0000] {processor.py:183} INFO - Processing /home/airflow/.local/lib/python3.8/site-packages/airflow/example_dags/example_skip_dag.py took 0.109 seconds
[2025-11-10T00:51:35.944+0000] {processor.py:161} INFO - Started process (PID=580) to work on /home/airflow/.local/lib/python3.8/site-packages/airflow/example_dags/example_skip_dag.py
[2025-11-10T00:51:35.946+0000] {processor.py:830} INFO - Processing file /home/airflow/.local/lib/python3.8/site-packages/airflow/example_dags/example_skip_dag.py for tasks to queue
[2025-11-10T00:51:35.949+0000] {logging_mixin.py:188} INFO - [2025-11-10T00:51:35.948+0000] {dagbag.py:538} INFO - Filling up the DagBag from /home/airflow/.local/lib/python3.8/site-packages/airflow/example_dags/example_skip_dag.py
[2025-11-10T00:51:35.967+0000] {processor.py:840} INFO - DAG(s) 'example_skip_dag' retrieved from /home/airflow/.local/lib/python3.8/site-packages/airflow/example_dags/example_skip_dag.py
[2025-11-10T00:51:36.019+0000] {logging_mixin.py:188} INFO - [2025-11-10T00:51:36.019+0000] {dag.py:3036} INFO - Sync 1 DAGs
[2025-11-10T00:51:36.077+0000] {logging_mixin.py:188} INFO - [2025-11-10T00:51:36.077+0000] {dag.py:3823} INFO - Setting next_dagrun for example_skip_dag to 2025-11-09 00:00:00+00:00, run_after=2025-11-10 00:00:00+00:00
[2025-11-10T00:51:36.117+0000] {processor.py:183} INFO - Processing /home/airflow/.local/lib/python3.8/site-packages/airflow/example_dags/example_skip_dag.py took 0.181 seconds
[2025-11-10T00:52:07.026+0000] {processor.py:161} INFO - Started process (PID=685) to work on /home/airflow/.local/lib/python3.8/site-packages/airflow/example_dags/example_skip_dag.py
[2025-11-10T00:52:07.027+0000] {processor.py:830} INFO - Processing file /home/airflow/.local/lib/python3.8/site-packages/airflow/example_dags/example_skip_dag.py for tasks to queue
[2025-11-10T00:52:07.029+0000] {logging_mixin.py:188} INFO - [2025-11-10T00:52:07.029+0000] {dagbag.py:538} INFO - Filling up the DagBag from /home/airflow/.local/lib/python3.8/site-packages/airflow/example_dags/example_skip_dag.py
[2025-11-10T00:52:07.039+0000] {processor.py:840} INFO - DAG(s) 'example_skip_dag' retrieved from /home/airflow/.local/lib/python3.8/site-packages/airflow/example_dags/example_skip_dag.py
[2025-11-10T00:52:07.080+0000] {logging_mixin.py:188} INFO - [2025-11-10T00:52:07.079+0000] {dag.py:3036} INFO - Sync 1 DAGs
[2025-11-10T00:52:07.114+0000] {logging_mixin.py:188} INFO - [2025-11-10T00:52:07.114+0000] {dag.py:3823} INFO - Setting next_dagrun for example_skip_dag to 2025-11-09 00:00:00+00:00, run_after=2025-11-10 00:00:00+00:00
[2025-11-10T00:52:07.154+0000] {processor.py:183} INFO - Processing /home/airflow/.local/lib/python3.8/site-packages/airflow/example_dags/example_skip_dag.py took 0.132 seconds
[2025-11-10T00:52:38.064+0000] {processor.py:161} INFO - Started process (PID=797) to work on /home/airflow/.local/lib/python3.8/site-packages/airflow/example_dags/example_skip_dag.py
[2025-11-10T00:52:38.065+0000] {processor.py:830} INFO - Processing file /home/airflow/.local/lib/python3.8/site-packages/airflow/example_dags/example_skip_dag.py for tasks to queue
[2025-11-10T00:52:38.067+0000] {logging_mixin.py:188} INFO - [2025-11-10T00:52:38.067+0000] {dagbag.py:538} INFO - Filling up the DagBag from /home/airflow/.local/lib/python3.8/site-packages/airflow/example_dags/example_skip_dag.py
[2025-11-10T00:52:38.082+0000] {processor.py:840} INFO - DAG(s) 'example_skip_dag' retrieved from /home/airflow/.local/lib/python3.8/site-packages/airflow/example_dags/example_skip_dag.py
[2025-11-10T00:52:38.122+0000] {logging_mixin.py:188} INFO - [2025-11-10T00:52:38.122+0000] {dag.py:3036} INFO - Sync 1 DAGs
[2025-11-10T00:52:38.158+0000] {logging_mixin.py:188} INFO - [2025-11-10T00:52:38.158+0000] {dag.py:3823} INFO - Setting next_dagrun for example_skip_dag to 2025-11-09 00:00:00+00:00, run_after=2025-11-10 00:00:00+00:00
[2025-11-10T00:52:38.197+0000] {processor.py:183} INFO - Processing /home/airflow/.local/lib/python3.8/site-packages/airflow/example_dags/example_skip_dag.py took 0.137 seconds
[2025-11-10T00:53:08.289+0000] {processor.py:161} INFO - Started process (PID=893) to work on /home/airflow/.local/lib/python3.8/site-packages/airflow/example_dags/example_skip_dag.py
[2025-11-10T00:53:08.291+0000] {processor.py:830} INFO - Processing file /home/airflow/.local/lib/python3.8/site-packages/airflow/example_dags/example_skip_dag.py for tasks to queue
[2025-11-10T00:53:08.293+0000] {logging_mixin.py:188} INFO - [2025-11-10T00:53:08.292+0000] {dagbag.py:538} INFO - Filling up the DagBag from /home/airflow/.local/lib/python3.8/site-packages/airflow/example_dags/example_skip_dag.py
[2025-11-10T00:53:08.303+0000] {processor.py:840} INFO - DAG(s) 'example_skip_dag' retrieved from /home/airflow/.local/lib/python3.8/site-packages/airflow/example_dags/example_skip_dag.py
[2025-11-10T00:53:08.341+0000] {logging_mixin.py:188} INFO - [2025-11-10T00:53:08.341+0000] {dag.py:3036} INFO - Sync 1 DAGs
[2025-11-10T00:53:08.378+0000] {logging_mixin.py:188} INFO - [2025-11-10T00:53:08.378+0000] {dag.py:3823} INFO - Setting next_dagrun for example_skip_dag to 2025-11-09 00:00:00+00:00, run_after=2025-11-10 00:00:00+00:00
[2025-11-10T00:53:08.413+0000] {processor.py:183} INFO - Processing /home/airflow/.local/lib/python3.8/site-packages/airflow/example_dags/example_skip_dag.py took 0.127 seconds
[2025-11-10T00:53:38.549+0000] {processor.py:161} INFO - Started process (PID=990) to work on /home/airflow/.local/lib/python3.8/site-packages/airflow/example_dags/example_skip_dag.py
[2025-11-10T00:53:38.550+0000] {processor.py:830} INFO - Processing file /home/airflow/.local/lib/python3.8/site-packages/airflow/example_dags/example_skip_dag.py for tasks to queue
[2025-11-10T00:53:38.552+0000] {logging_mixin.py:188} INFO - [2025-11-10T00:53:38.551+0000] {dagbag.py:538} INFO - Filling up the DagBag from /home/airflow/.local/lib/python3.8/site-packages/airflow/example_dags/example_skip_dag.py
[2025-11-10T00:53:38.564+0000] {processor.py:840} INFO - DAG(s) 'example_skip_dag' retrieved from /home/airflow/.local/lib/python3.8/site-packages/airflow/example_dags/example_skip_dag.py
[2025-11-10T00:53:38.611+0000] {logging_mixin.py:188} INFO - [2025-11-10T00:53:38.610+0000] {dag.py:3036} INFO - Sync 1 DAGs
[2025-11-10T00:53:38.648+0000] {logging_mixin.py:188} INFO - [2025-11-10T00:53:38.647+0000] {dag.py:3823} INFO - Setting next_dagrun for example_skip_dag to 2025-11-09 00:00:00+00:00, run_after=2025-11-10 00:00:00+00:00
[2025-11-10T00:53:38.685+0000] {processor.py:183} INFO - Processing /home/airflow/.local/lib/python3.8/site-packages/airflow/example_dags/example_skip_dag.py took 0.142 seconds
[2025-11-10T00:54:08.775+0000] {processor.py:161} INFO - Started process (PID=1087) to work on /home/airflow/.local/lib/python3.8/site-packages/airflow/example_dags/example_skip_dag.py
[2025-11-10T00:54:08.776+0000] {processor.py:830} INFO - Processing file /home/airflow/.local/lib/python3.8/site-packages/airflow/example_dags/example_skip_dag.py for tasks to queue
[2025-11-10T00:54:08.778+0000] {logging_mixin.py:188} INFO - [2025-11-10T00:54:08.777+0000] {dagbag.py:538} INFO - Filling up the DagBag from /home/airflow/.local/lib/python3.8/site-packages/airflow/example_dags/example_skip_dag.py
[2025-11-10T00:54:08.789+0000] {processor.py:840} INFO - DAG(s) 'example_skip_dag' retrieved from /home/airflow/.local/lib/python3.8/site-packages/airflow/example_dags/example_skip_dag.py
[2025-11-10T00:54:08.831+0000] {logging_mixin.py:188} INFO - [2025-11-10T00:54:08.831+0000] {dag.py:3036} INFO - Sync 1 DAGs
[2025-11-10T00:54:08.872+0000] {logging_mixin.py:188} INFO - [2025-11-10T00:54:08.871+0000] {dag.py:3823} INFO - Setting next_dagrun for example_skip_dag to 2025-11-09 00:00:00+00:00, run_after=2025-11-10 00:00:00+00:00
[2025-11-10T00:54:08.904+0000] {processor.py:183} INFO - Processing /home/airflow/.local/lib/python3.8/site-packages/airflow/example_dags/example_skip_dag.py took 0.135 seconds
[2025-11-10T00:54:40.181+0000] {processor.py:161} INFO - Started process (PID=1184) to work on /home/airflow/.local/lib/python3.8/site-packages/airflow/example_dags/example_skip_dag.py
[2025-11-10T00:54:40.183+0000] {processor.py:830} INFO - Processing file /home/airflow/.local/lib/python3.8/site-packages/airflow/example_dags/example_skip_dag.py for tasks to queue
[2025-11-10T00:54:40.185+0000] {logging_mixin.py:188} INFO - [2025-11-10T00:54:40.185+0000] {dagbag.py:538} INFO - Filling up the DagBag from /home/airflow/.local/lib/python3.8/site-packages/airflow/example_dags/example_skip_dag.py
[2025-11-10T00:54:40.201+0000] {processor.py:840} INFO - DAG(s) 'example_skip_dag' retrieved from /home/airflow/.local/lib/python3.8/site-packages/airflow/example_dags/example_skip_dag.py
[2025-11-10T00:54:40.256+0000] {logging_mixin.py:188} INFO - [2025-11-10T00:54:40.255+0000] {dag.py:3036} INFO - Sync 1 DAGs
[2025-11-10T00:54:40.304+0000] {logging_mixin.py:188} INFO - [2025-11-10T00:54:40.304+0000] {dag.py:3823} INFO - Setting next_dagrun for example_skip_dag to 2025-11-09 00:00:00+00:00, run_after=2025-11-10 00:00:00+00:00
[2025-11-10T00:54:40.344+0000] {processor.py:183} INFO - Processing /home/airflow/.local/lib/python3.8/site-packages/airflow/example_dags/example_skip_dag.py took 0.169 seconds
[2025-11-10T00:55:10.523+0000] {processor.py:161} INFO - Started process (PID=1281) to work on /home/airflow/.local/lib/python3.8/site-packages/airflow/example_dags/example_skip_dag.py
[2025-11-10T00:55:10.524+0000] {processor.py:830} INFO - Processing file /home/airflow/.local/lib/python3.8/site-packages/airflow/example_dags/example_skip_dag.py for tasks to queue
[2025-11-10T00:55:10.526+0000] {logging_mixin.py:188} INFO - [2025-11-10T00:55:10.525+0000] {dagbag.py:538} INFO - Filling up the DagBag from /home/airflow/.local/lib/python3.8/site-packages/airflow/example_dags/example_skip_dag.py
[2025-11-10T00:55:10.537+0000] {processor.py:840} INFO - DAG(s) 'example_skip_dag' retrieved from /home/airflow/.local/lib/python3.8/site-packages/airflow/example_dags/example_skip_dag.py
[2025-11-10T00:55:10.581+0000] {logging_mixin.py:188} INFO - [2025-11-10T00:55:10.581+0000] {dag.py:3036} INFO - Sync 1 DAGs
[2025-11-10T00:55:10.620+0000] {logging_mixin.py:188} INFO - [2025-11-10T00:55:10.620+0000] {dag.py:3823} INFO - Setting next_dagrun for example_skip_dag to 2025-11-09 00:00:00+00:00, run_after=2025-11-10 00:00:00+00:00
[2025-11-10T00:55:10.655+0000] {processor.py:183} INFO - Processing /home/airflow/.local/lib/python3.8/site-packages/airflow/example_dags/example_skip_dag.py took 0.137 seconds
[2025-11-10T00:55:41.958+0000] {processor.py:161} INFO - Started process (PID=1378) to work on /home/airflow/.local/lib/python3.8/site-packages/airflow/example_dags/example_skip_dag.py
[2025-11-10T00:55:41.960+0000] {processor.py:830} INFO - Processing file /home/airflow/.local/lib/python3.8/site-packages/airflow/example_dags/example_skip_dag.py for tasks to queue
[2025-11-10T00:55:41.961+0000] {logging_mixin.py:188} INFO - [2025-11-10T00:55:41.961+0000] {dagbag.py:538} INFO - Filling up the DagBag from /home/airflow/.local/lib/python3.8/site-packages/airflow/example_dags/example_skip_dag.py
[2025-11-10T00:55:41.971+0000] {processor.py:840} INFO - DAG(s) 'example_skip_dag' retrieved from /home/airflow/.local/lib/python3.8/site-packages/airflow/example_dags/example_skip_dag.py
[2025-11-10T00:55:42.021+0000] {logging_mixin.py:188} INFO - [2025-11-10T00:55:42.021+0000] {dag.py:3036} INFO - Sync 1 DAGs
[2025-11-10T00:55:42.067+0000] {logging_mixin.py:188} INFO - [2025-11-10T00:55:42.067+0000] {dag.py:3823} INFO - Setting next_dagrun for example_skip_dag to 2025-11-09 00:00:00+00:00, run_after=2025-11-10 00:00:00+00:00
[2025-11-10T00:55:42.101+0000] {processor.py:183} INFO - Processing /home/airflow/.local/lib/python3.8/site-packages/airflow/example_dags/example_skip_dag.py took 0.147 seconds
[2025-11-10T00:56:12.496+0000] {processor.py:161} INFO - Started process (PID=1475) to work on /home/airflow/.local/lib/python3.8/site-packages/airflow/example_dags/example_skip_dag.py
[2025-11-10T00:56:12.497+0000] {processor.py:830} INFO - Processing file /home/airflow/.local/lib/python3.8/site-packages/airflow/example_dags/example_skip_dag.py for tasks to queue
[2025-11-10T00:56:12.499+0000] {logging_mixin.py:188} INFO - [2025-11-10T00:56:12.498+0000] {dagbag.py:538} INFO - Filling up the DagBag from /home/airflow/.local/lib/python3.8/site-packages/airflow/example_dags/example_skip_dag.py
[2025-11-10T00:56:12.511+0000] {processor.py:840} INFO - DAG(s) 'example_skip_dag' retrieved from /home/airflow/.local/lib/python3.8/site-packages/airflow/example_dags/example_skip_dag.py
[2025-11-10T00:56:12.557+0000] {logging_mixin.py:188} INFO - [2025-11-10T00:56:12.556+0000] {dag.py:3036} INFO - Sync 1 DAGs
[2025-11-10T00:56:12.594+0000] {logging_mixin.py:188} INFO - [2025-11-10T00:56:12.594+0000] {dag.py:3823} INFO - Setting next_dagrun for example_skip_dag to 2025-11-09 00:00:00+00:00, run_after=2025-11-10 00:00:00+00:00
[2025-11-10T00:56:12.625+0000] {processor.py:183} INFO - Processing /home/airflow/.local/lib/python3.8/site-packages/airflow/example_dags/example_skip_dag.py took 0.137 seconds
[2025-11-10T00:56:43.812+0000] {processor.py:161} INFO - Started process (PID=1572) to work on /home/airflow/.local/lib/python3.8/site-packages/airflow/example_dags/example_skip_dag.py
[2025-11-10T00:56:43.813+0000] {processor.py:830} INFO - Processing file /home/airflow/.local/lib/python3.8/site-packages/airflow/example_dags/example_skip_dag.py for tasks to queue
[2025-11-10T00:56:43.816+0000] {logging_mixin.py:188} INFO - [2025-11-10T00:56:43.815+0000] {dagbag.py:538} INFO - Filling up the DagBag from /home/airflow/.local/lib/python3.8/site-packages/airflow/example_dags/example_skip_dag.py
[2025-11-10T00:56:43.827+0000] {processor.py:840} INFO - DAG(s) 'example_skip_dag' retrieved from /home/airflow/.local/lib/python3.8/site-packages/airflow/example_dags/example_skip_dag.py
[2025-11-10T00:56:43.872+0000] {logging_mixin.py:188} INFO - [2025-11-10T00:56:43.871+0000] {dag.py:3036} INFO - Sync 1 DAGs
[2025-11-10T00:56:43.912+0000] {logging_mixin.py:188} INFO - [2025-11-10T00:56:43.911+0000] {dag.py:3823} INFO - Setting next_dagrun for example_skip_dag to 2025-11-09 00:00:00+00:00, run_after=2025-11-10 00:00:00+00:00
[2025-11-10T00:56:43.951+0000] {processor.py:183} INFO - Processing /home/airflow/.local/lib/python3.8/site-packages/airflow/example_dags/example_skip_dag.py took 0.144 seconds
[2025-11-10T00:57:14.053+0000] {processor.py:161} INFO - Started process (PID=1669) to work on /home/airflow/.local/lib/python3.8/site-packages/airflow/example_dags/example_skip_dag.py
[2025-11-10T00:57:14.055+0000] {processor.py:830} INFO - Processing file /home/airflow/.local/lib/python3.8/site-packages/airflow/example_dags/example_skip_dag.py for tasks to queue
[2025-11-10T00:57:14.057+0000] {logging_mixin.py:188} INFO - [2025-11-10T00:57:14.056+0000] {dagbag.py:538} INFO - Filling up the DagBag from /home/airflow/.local/lib/python3.8/site-packages/airflow/example_dags/example_skip_dag.py
[2025-11-10T00:57:14.084+0000] {processor.py:840} INFO - DAG(s) 'example_skip_dag' retrieved from /home/airflow/.local/lib/python3.8/site-packages/airflow/example_dags/example_skip_dag.py
[2025-11-10T00:57:14.128+0000] {logging_mixin.py:188} INFO - [2025-11-10T00:57:14.128+0000] {dag.py:3036} INFO - Sync 1 DAGs
[2025-11-10T00:57:14.174+0000] {logging_mixin.py:188} INFO - [2025-11-10T00:57:14.173+0000] {dag.py:3823} INFO - Setting next_dagrun for example_skip_dag to 2025-11-09 00:00:00+00:00, run_after=2025-11-10 00:00:00+00:00
[2025-11-10T00:57:14.220+0000] {processor.py:183} INFO - Processing /home/airflow/.local/lib/python3.8/site-packages/airflow/example_dags/example_skip_dag.py took 0.174 seconds
[2025-11-10T00:57:44.526+0000] {processor.py:161} INFO - Started process (PID=1773) to work on /home/airflow/.local/lib/python3.8/site-packages/airflow/example_dags/example_skip_dag.py
[2025-11-10T00:57:44.527+0000] {processor.py:830} INFO - Processing file /home/airflow/.local/lib/python3.8/site-packages/airflow/example_dags/example_skip_dag.py for tasks to queue
[2025-11-10T00:57:44.528+0000] {logging_mixin.py:188} INFO - [2025-11-10T00:57:44.528+0000] {dagbag.py:538} INFO - Filling up the DagBag from /home/airflow/.local/lib/python3.8/site-packages/airflow/example_dags/example_skip_dag.py
[2025-11-10T00:57:44.537+0000] {processor.py:840} INFO - DAG(s) 'example_skip_dag' retrieved from /home/airflow/.local/lib/python3.8/site-packages/airflow/example_dags/example_skip_dag.py
[2025-11-10T00:57:44.573+0000] {logging_mixin.py:188} INFO - [2025-11-10T00:57:44.573+0000] {dag.py:3036} INFO - Sync 1 DAGs
[2025-11-10T00:57:44.611+0000] {logging_mixin.py:188} INFO - [2025-11-10T00:57:44.610+0000] {dag.py:3823} INFO - Setting next_dagrun for example_skip_dag to 2025-11-09 00:00:00+00:00, run_after=2025-11-10 00:00:00+00:00
[2025-11-10T00:57:44.647+0000] {processor.py:183} INFO - Processing /home/airflow/.local/lib/python3.8/site-packages/airflow/example_dags/example_skip_dag.py took 0.126 seconds
[2025-11-10T00:58:14.963+0000] {processor.py:161} INFO - Started process (PID=1886) to work on /home/airflow/.local/lib/python3.8/site-packages/airflow/example_dags/example_skip_dag.py
[2025-11-10T00:58:14.964+0000] {processor.py:830} INFO - Processing file /home/airflow/.local/lib/python3.8/site-packages/airflow/example_dags/example_skip_dag.py for tasks to queue
[2025-11-10T00:58:14.966+0000] {logging_mixin.py:188} INFO - [2025-11-10T00:58:14.965+0000] {dagbag.py:538} INFO - Filling up the DagBag from /home/airflow/.local/lib/python3.8/site-packages/airflow/example_dags/example_skip_dag.py
[2025-11-10T00:58:14.975+0000] {processor.py:840} INFO - DAG(s) 'example_skip_dag' retrieved from /home/airflow/.local/lib/python3.8/site-packages/airflow/example_dags/example_skip_dag.py
[2025-11-10T00:58:15.010+0000] {logging_mixin.py:188} INFO - [2025-11-10T00:58:15.009+0000] {dag.py:3036} INFO - Sync 1 DAGs
[2025-11-10T00:58:15.042+0000] {logging_mixin.py:188} INFO - [2025-11-10T00:58:15.042+0000] {dag.py:3823} INFO - Setting next_dagrun for example_skip_dag to 2025-11-09 00:00:00+00:00, run_after=2025-11-10 00:00:00+00:00
[2025-11-10T00:58:15.075+0000] {processor.py:183} INFO - Processing /home/airflow/.local/lib/python3.8/site-packages/airflow/example_dags/example_skip_dag.py took 0.116 seconds
[2025-11-10T00:58:46.029+0000] {processor.py:161} INFO - Started process (PID=1983) to work on /home/airflow/.local/lib/python3.8/site-packages/airflow/example_dags/example_skip_dag.py
[2025-11-10T00:58:46.035+0000] {processor.py:830} INFO - Processing file /home/airflow/.local/lib/python3.8/site-packages/airflow/example_dags/example_skip_dag.py for tasks to queue
[2025-11-10T00:58:46.037+0000] {logging_mixin.py:188} INFO - [2025-11-10T00:58:46.036+0000] {dagbag.py:538} INFO - Filling up the DagBag from /home/airflow/.local/lib/python3.8/site-packages/airflow/example_dags/example_skip_dag.py
[2025-11-10T00:58:46.052+0000] {processor.py:840} INFO - DAG(s) 'example_skip_dag' retrieved from /home/airflow/.local/lib/python3.8/site-packages/airflow/example_dags/example_skip_dag.py
[2025-11-10T00:58:46.094+0000] {logging_mixin.py:188} INFO - [2025-11-10T00:58:46.093+0000] {dag.py:3036} INFO - Sync 1 DAGs
[2025-11-10T00:58:46.144+0000] {logging_mixin.py:188} INFO - [2025-11-10T00:58:46.143+0000] {dag.py:3823} INFO - Setting next_dagrun for example_skip_dag to 2025-11-09 00:00:00+00:00, run_after=2025-11-10 00:00:00+00:00
[2025-11-10T00:58:46.185+0000] {processor.py:183} INFO - Processing /home/airflow/.local/lib/python3.8/site-packages/airflow/example_dags/example_skip_dag.py took 0.160 seconds
[2025-11-10T00:59:16.402+0000] {processor.py:161} INFO - Started process (PID=2080) to work on /home/airflow/.local/lib/python3.8/site-packages/airflow/example_dags/example_skip_dag.py
[2025-11-10T00:59:16.404+0000] {processor.py:830} INFO - Processing file /home/airflow/.local/lib/python3.8/site-packages/airflow/example_dags/example_skip_dag.py for tasks to queue
[2025-11-10T00:59:16.405+0000] {logging_mixin.py:188} INFO - [2025-11-10T00:59:16.404+0000] {dagbag.py:538} INFO - Filling up the DagBag from /home/airflow/.local/lib/python3.8/site-packages/airflow/example_dags/example_skip_dag.py
[2025-11-10T00:59:16.414+0000] {processor.py:840} INFO - DAG(s) 'example_skip_dag' retrieved from /home/airflow/.local/lib/python3.8/site-packages/airflow/example_dags/example_skip_dag.py
[2025-11-10T00:59:16.445+0000] {logging_mixin.py:188} INFO - [2025-11-10T00:59:16.445+0000] {dag.py:3036} INFO - Sync 1 DAGs
[2025-11-10T00:59:16.472+0000] {logging_mixin.py:188} INFO - [2025-11-10T00:59:16.472+0000] {dag.py:3823} INFO - Setting next_dagrun for example_skip_dag to 2025-11-09 00:00:00+00:00, run_after=2025-11-10 00:00:00+00:00
[2025-11-10T00:59:16.501+0000] {processor.py:183} INFO - Processing /home/airflow/.local/lib/python3.8/site-packages/airflow/example_dags/example_skip_dag.py took 0.102 seconds
[2025-11-10T00:59:47.417+0000] {processor.py:161} INFO - Started process (PID=2176) to work on /home/airflow/.local/lib/python3.8/site-packages/airflow/example_dags/example_skip_dag.py
[2025-11-10T00:59:47.418+0000] {processor.py:830} INFO - Processing file /home/airflow/.local/lib/python3.8/site-packages/airflow/example_dags/example_skip_dag.py for tasks to queue
[2025-11-10T00:59:47.419+0000] {logging_mixin.py:188} INFO - [2025-11-10T00:59:47.419+0000] {dagbag.py:538} INFO - Filling up the DagBag from /home/airflow/.local/lib/python3.8/site-packages/airflow/example_dags/example_skip_dag.py
[2025-11-10T00:59:47.428+0000] {processor.py:840} INFO - DAG(s) 'example_skip_dag' retrieved from /home/airflow/.local/lib/python3.8/site-packages/airflow/example_dags/example_skip_dag.py
[2025-11-10T00:59:47.457+0000] {logging_mixin.py:188} INFO - [2025-11-10T00:59:47.456+0000] {dag.py:3036} INFO - Sync 1 DAGs
[2025-11-10T00:59:47.484+0000] {logging_mixin.py:188} INFO - [2025-11-10T00:59:47.484+0000] {dag.py:3823} INFO - Setting next_dagrun for example_skip_dag to 2025-11-09 00:00:00+00:00, run_after=2025-11-10 00:00:00+00:00
[2025-11-10T00:59:47.507+0000] {processor.py:183} INFO - Processing /home/airflow/.local/lib/python3.8/site-packages/airflow/example_dags/example_skip_dag.py took 0.094 seconds
[2025-11-10T01:00:17.717+0000] {processor.py:161} INFO - Started process (PID=2273) to work on /home/airflow/.local/lib/python3.8/site-packages/airflow/example_dags/example_skip_dag.py
[2025-11-10T01:00:17.718+0000] {processor.py:830} INFO - Processing file /home/airflow/.local/lib/python3.8/site-packages/airflow/example_dags/example_skip_dag.py for tasks to queue
[2025-11-10T01:00:17.719+0000] {logging_mixin.py:188} INFO - [2025-11-10T01:00:17.719+0000] {dagbag.py:538} INFO - Filling up the DagBag from /home/airflow/.local/lib/python3.8/site-packages/airflow/example_dags/example_skip_dag.py
[2025-11-10T01:00:17.728+0000] {processor.py:840} INFO - DAG(s) 'example_skip_dag' retrieved from /home/airflow/.local/lib/python3.8/site-packages/airflow/example_dags/example_skip_dag.py
[2025-11-10T01:00:17.759+0000] {logging_mixin.py:188} INFO - [2025-11-10T01:00:17.759+0000] {dag.py:3036} INFO - Sync 1 DAGs
[2025-11-10T01:00:17.784+0000] {logging_mixin.py:188} INFO - [2025-11-10T01:00:17.783+0000] {dag.py:3823} INFO - Setting next_dagrun for example_skip_dag to 2025-11-09 00:00:00+00:00, run_after=2025-11-10 00:00:00+00:00
[2025-11-10T01:00:17.805+0000] {processor.py:183} INFO - Processing /home/airflow/.local/lib/python3.8/site-packages/airflow/example_dags/example_skip_dag.py took 0.092 seconds
[2025-11-10T01:00:48.054+0000] {processor.py:161} INFO - Started process (PID=2378) to work on /home/airflow/.local/lib/python3.8/site-packages/airflow/example_dags/example_skip_dag.py
[2025-11-10T01:00:48.055+0000] {processor.py:830} INFO - Processing file /home/airflow/.local/lib/python3.8/site-packages/airflow/example_dags/example_skip_dag.py for tasks to queue
[2025-11-10T01:00:48.057+0000] {logging_mixin.py:188} INFO - [2025-11-10T01:00:48.056+0000] {dagbag.py:538} INFO - Filling up the DagBag from /home/airflow/.local/lib/python3.8/site-packages/airflow/example_dags/example_skip_dag.py
[2025-11-10T01:00:48.068+0000] {processor.py:840} INFO - DAG(s) 'example_skip_dag' retrieved from /home/airflow/.local/lib/python3.8/site-packages/airflow/example_dags/example_skip_dag.py
[2025-11-10T01:00:48.101+0000] {logging_mixin.py:188} INFO - [2025-11-10T01:00:48.100+0000] {dag.py:3036} INFO - Sync 1 DAGs
[2025-11-10T01:00:48.154+0000] {logging_mixin.py:188} INFO - [2025-11-10T01:00:48.153+0000] {dag.py:3823} INFO - Setting next_dagrun for example_skip_dag to 2025-11-09 00:00:00+00:00, run_after=2025-11-10 00:00:00+00:00
[2025-11-10T01:00:48.220+0000] {processor.py:183} INFO - Processing /home/airflow/.local/lib/python3.8/site-packages/airflow/example_dags/example_skip_dag.py took 0.170 seconds
[2025-11-10T01:01:19.022+0000] {processor.py:161} INFO - Started process (PID=2490) to work on /home/airflow/.local/lib/python3.8/site-packages/airflow/example_dags/example_skip_dag.py
[2025-11-10T01:01:19.025+0000] {processor.py:830} INFO - Processing file /home/airflow/.local/lib/python3.8/site-packages/airflow/example_dags/example_skip_dag.py for tasks to queue
[2025-11-10T01:01:19.028+0000] {logging_mixin.py:188} INFO - [2025-11-10T01:01:19.028+0000] {dagbag.py:538} INFO - Filling up the DagBag from /home/airflow/.local/lib/python3.8/site-packages/airflow/example_dags/example_skip_dag.py
[2025-11-10T01:01:19.041+0000] {processor.py:840} INFO - DAG(s) 'example_skip_dag' retrieved from /home/airflow/.local/lib/python3.8/site-packages/airflow/example_dags/example_skip_dag.py
[2025-11-10T01:01:19.092+0000] {logging_mixin.py:188} INFO - [2025-11-10T01:01:19.091+0000] {dag.py:3036} INFO - Sync 1 DAGs
[2025-11-10T01:01:19.133+0000] {logging_mixin.py:188} INFO - [2025-11-10T01:01:19.133+0000] {dag.py:3823} INFO - Setting next_dagrun for example_skip_dag to 2025-11-09 00:00:00+00:00, run_after=2025-11-10 00:00:00+00:00
[2025-11-10T01:01:19.167+0000] {processor.py:183} INFO - Processing /home/airflow/.local/lib/python3.8/site-packages/airflow/example_dags/example_skip_dag.py took 0.152 seconds
[2025-11-10T01:01:49.563+0000] {processor.py:161} INFO - Started process (PID=2587) to work on /home/airflow/.local/lib/python3.8/site-packages/airflow/example_dags/example_skip_dag.py
[2025-11-10T01:01:49.565+0000] {processor.py:830} INFO - Processing file /home/airflow/.local/lib/python3.8/site-packages/airflow/example_dags/example_skip_dag.py for tasks to queue
[2025-11-10T01:01:49.567+0000] {logging_mixin.py:188} INFO - [2025-11-10T01:01:49.566+0000] {dagbag.py:538} INFO - Filling up the DagBag from /home/airflow/.local/lib/python3.8/site-packages/airflow/example_dags/example_skip_dag.py
[2025-11-10T01:01:49.577+0000] {processor.py:840} INFO - DAG(s) 'example_skip_dag' retrieved from /home/airflow/.local/lib/python3.8/site-packages/airflow/example_dags/example_skip_dag.py
[2025-11-10T01:01:49.607+0000] {logging_mixin.py:188} INFO - [2025-11-10T01:01:49.606+0000] {dag.py:3036} INFO - Sync 1 DAGs
[2025-11-10T01:01:49.635+0000] {logging_mixin.py:188} INFO - [2025-11-10T01:01:49.635+0000] {dag.py:3823} INFO - Setting next_dagrun for example_skip_dag to 2025-11-09 00:00:00+00:00, run_after=2025-11-10 00:00:00+00:00
[2025-11-10T01:01:49.661+0000] {processor.py:183} INFO - Processing /home/airflow/.local/lib/python3.8/site-packages/airflow/example_dags/example_skip_dag.py took 0.101 seconds
[2025-11-10T01:02:20.468+0000] {processor.py:161} INFO - Started process (PID=2684) to work on /home/airflow/.local/lib/python3.8/site-packages/airflow/example_dags/example_skip_dag.py
[2025-11-10T01:02:20.469+0000] {processor.py:830} INFO - Processing file /home/airflow/.local/lib/python3.8/site-packages/airflow/example_dags/example_skip_dag.py for tasks to queue
[2025-11-10T01:02:20.471+0000] {logging_mixin.py:188} INFO - [2025-11-10T01:02:20.471+0000] {dagbag.py:538} INFO - Filling up the DagBag from /home/airflow/.local/lib/python3.8/site-packages/airflow/example_dags/example_skip_dag.py
[2025-11-10T01:02:20.484+0000] {processor.py:840} INFO - DAG(s) 'example_skip_dag' retrieved from /home/airflow/.local/lib/python3.8/site-packages/airflow/example_dags/example_skip_dag.py
[2025-11-10T01:02:20.523+0000] {logging_mixin.py:188} INFO - [2025-11-10T01:02:20.522+0000] {dag.py:3036} INFO - Sync 1 DAGs
[2025-11-10T01:02:20.565+0000] {logging_mixin.py:188} INFO - [2025-11-10T01:02:20.565+0000] {dag.py:3823} INFO - Setting next_dagrun for example_skip_dag to 2025-11-09 00:00:00+00:00, run_after=2025-11-10 00:00:00+00:00
[2025-11-10T01:02:20.602+0000] {processor.py:183} INFO - Processing /home/airflow/.local/lib/python3.8/site-packages/airflow/example_dags/example_skip_dag.py took 0.139 seconds
[2025-11-10T01:02:51.534+0000] {processor.py:161} INFO - Started process (PID=2781) to work on /home/airflow/.local/lib/python3.8/site-packages/airflow/example_dags/example_skip_dag.py
[2025-11-10T01:02:51.536+0000] {processor.py:830} INFO - Processing file /home/airflow/.local/lib/python3.8/site-packages/airflow/example_dags/example_skip_dag.py for tasks to queue
[2025-11-10T01:02:51.537+0000] {logging_mixin.py:188} INFO - [2025-11-10T01:02:51.537+0000] {dagbag.py:538} INFO - Filling up the DagBag from /home/airflow/.local/lib/python3.8/site-packages/airflow/example_dags/example_skip_dag.py
[2025-11-10T01:02:51.553+0000] {processor.py:840} INFO - DAG(s) 'example_skip_dag' retrieved from /home/airflow/.local/lib/python3.8/site-packages/airflow/example_dags/example_skip_dag.py
[2025-11-10T01:02:51.606+0000] {logging_mixin.py:188} INFO - [2025-11-10T01:02:51.606+0000] {dag.py:3036} INFO - Sync 1 DAGs
[2025-11-10T01:02:51.686+0000] {logging_mixin.py:188} INFO - [2025-11-10T01:02:51.686+0000] {dag.py:3823} INFO - Setting next_dagrun for example_skip_dag to 2025-11-09 00:00:00+00:00, run_after=2025-11-10 00:00:00+00:00
[2025-11-10T01:02:51.727+0000] {processor.py:183} INFO - Processing /home/airflow/.local/lib/python3.8/site-packages/airflow/example_dags/example_skip_dag.py took 0.198 seconds
[2025-11-10T01:03:21.786+0000] {processor.py:161} INFO - Started process (PID=2886) to work on /home/airflow/.local/lib/python3.8/site-packages/airflow/example_dags/example_skip_dag.py
[2025-11-10T01:03:21.787+0000] {processor.py:830} INFO - Processing file /home/airflow/.local/lib/python3.8/site-packages/airflow/example_dags/example_skip_dag.py for tasks to queue
[2025-11-10T01:03:21.788+0000] {logging_mixin.py:188} INFO - [2025-11-10T01:03:21.788+0000] {dagbag.py:538} INFO - Filling up the DagBag from /home/airflow/.local/lib/python3.8/site-packages/airflow/example_dags/example_skip_dag.py
[2025-11-10T01:03:21.799+0000] {processor.py:840} INFO - DAG(s) 'example_skip_dag' retrieved from /home/airflow/.local/lib/python3.8/site-packages/airflow/example_dags/example_skip_dag.py
[2025-11-10T01:03:21.831+0000] {logging_mixin.py:188} INFO - [2025-11-10T01:03:21.831+0000] {dag.py:3036} INFO - Sync 1 DAGs
[2025-11-10T01:03:21.857+0000] {logging_mixin.py:188} INFO - [2025-11-10T01:03:21.857+0000] {dag.py:3823} INFO - Setting next_dagrun for example_skip_dag to 2025-11-09 00:00:00+00:00, run_after=2025-11-10 00:00:00+00:00
[2025-11-10T01:03:21.886+0000] {processor.py:183} INFO - Processing /home/airflow/.local/lib/python3.8/site-packages/airflow/example_dags/example_skip_dag.py took 0.103 seconds
[2025-11-10T01:03:52.037+0000] {processor.py:161} INFO - Started process (PID=2998) to work on /home/airflow/.local/lib/python3.8/site-packages/airflow/example_dags/example_skip_dag.py
[2025-11-10T01:03:52.038+0000] {processor.py:830} INFO - Processing file /home/airflow/.local/lib/python3.8/site-packages/airflow/example_dags/example_skip_dag.py for tasks to queue
[2025-11-10T01:03:52.040+0000] {logging_mixin.py:188} INFO - [2025-11-10T01:03:52.039+0000] {dagbag.py:538} INFO - Filling up the DagBag from /home/airflow/.local/lib/python3.8/site-packages/airflow/example_dags/example_skip_dag.py
[2025-11-10T01:03:52.049+0000] {processor.py:840} INFO - DAG(s) 'example_skip_dag' retrieved from /home/airflow/.local/lib/python3.8/site-packages/airflow/example_dags/example_skip_dag.py
[2025-11-10T01:03:52.079+0000] {logging_mixin.py:188} INFO - [2025-11-10T01:03:52.079+0000] {dag.py:3036} INFO - Sync 1 DAGs
[2025-11-10T01:03:52.114+0000] {logging_mixin.py:188} INFO - [2025-11-10T01:03:52.114+0000] {dag.py:3823} INFO - Setting next_dagrun for example_skip_dag to 2025-11-09 00:00:00+00:00, run_after=2025-11-10 00:00:00+00:00
[2025-11-10T01:03:52.159+0000] {processor.py:183} INFO - Processing /home/airflow/.local/lib/python3.8/site-packages/airflow/example_dags/example_skip_dag.py took 0.126 seconds
[2025-11-10T01:04:23.029+0000] {processor.py:161} INFO - Started process (PID=3095) to work on /home/airflow/.local/lib/python3.8/site-packages/airflow/example_dags/example_skip_dag.py
[2025-11-10T01:04:23.030+0000] {processor.py:830} INFO - Processing file /home/airflow/.local/lib/python3.8/site-packages/airflow/example_dags/example_skip_dag.py for tasks to queue
[2025-11-10T01:04:23.032+0000] {logging_mixin.py:188} INFO - [2025-11-10T01:04:23.031+0000] {dagbag.py:538} INFO - Filling up the DagBag from /home/airflow/.local/lib/python3.8/site-packages/airflow/example_dags/example_skip_dag.py
[2025-11-10T01:04:23.041+0000] {processor.py:840} INFO - DAG(s) 'example_skip_dag' retrieved from /home/airflow/.local/lib/python3.8/site-packages/airflow/example_dags/example_skip_dag.py
[2025-11-10T01:04:23.069+0000] {logging_mixin.py:188} INFO - [2025-11-10T01:04:23.068+0000] {dag.py:3036} INFO - Sync 1 DAGs
[2025-11-10T01:04:23.098+0000] {logging_mixin.py:188} INFO - [2025-11-10T01:04:23.098+0000] {dag.py:3823} INFO - Setting next_dagrun for example_skip_dag to 2025-11-09 00:00:00+00:00, run_after=2025-11-10 00:00:00+00:00
[2025-11-10T01:04:23.127+0000] {processor.py:183} INFO - Processing /home/airflow/.local/lib/python3.8/site-packages/airflow/example_dags/example_skip_dag.py took 0.102 seconds
[2025-11-10T01:04:53.324+0000] {processor.py:161} INFO - Started process (PID=3192) to work on /home/airflow/.local/lib/python3.8/site-packages/airflow/example_dags/example_skip_dag.py
[2025-11-10T01:04:53.325+0000] {processor.py:830} INFO - Processing file /home/airflow/.local/lib/python3.8/site-packages/airflow/example_dags/example_skip_dag.py for tasks to queue
[2025-11-10T01:04:53.326+0000] {logging_mixin.py:188} INFO - [2025-11-10T01:04:53.326+0000] {dagbag.py:538} INFO - Filling up the DagBag from /home/airflow/.local/lib/python3.8/site-packages/airflow/example_dags/example_skip_dag.py
[2025-11-10T01:04:53.335+0000] {processor.py:840} INFO - DAG(s) 'example_skip_dag' retrieved from /home/airflow/.local/lib/python3.8/site-packages/airflow/example_dags/example_skip_dag.py
[2025-11-10T01:04:53.363+0000] {logging_mixin.py:188} INFO - [2025-11-10T01:04:53.362+0000] {dag.py:3036} INFO - Sync 1 DAGs
[2025-11-10T01:04:53.389+0000] {logging_mixin.py:188} INFO - [2025-11-10T01:04:53.389+0000] {dag.py:3823} INFO - Setting next_dagrun for example_skip_dag to 2025-11-09 00:00:00+00:00, run_after=2025-11-10 00:00:00+00:00
[2025-11-10T01:04:53.415+0000] {processor.py:183} INFO - Processing /home/airflow/.local/lib/python3.8/site-packages/airflow/example_dags/example_skip_dag.py took 0.094 seconds
[2025-11-10T01:05:23.559+0000] {processor.py:161} INFO - Started process (PID=3289) to work on /home/airflow/.local/lib/python3.8/site-packages/airflow/example_dags/example_skip_dag.py
[2025-11-10T01:05:23.561+0000] {processor.py:830} INFO - Processing file /home/airflow/.local/lib/python3.8/site-packages/airflow/example_dags/example_skip_dag.py for tasks to queue
[2025-11-10T01:05:23.562+0000] {logging_mixin.py:188} INFO - [2025-11-10T01:05:23.562+0000] {dagbag.py:538} INFO - Filling up the DagBag from /home/airflow/.local/lib/python3.8/site-packages/airflow/example_dags/example_skip_dag.py
[2025-11-10T01:05:23.571+0000] {processor.py:840} INFO - DAG(s) 'example_skip_dag' retrieved from /home/airflow/.local/lib/python3.8/site-packages/airflow/example_dags/example_skip_dag.py
[2025-11-10T01:05:23.599+0000] {logging_mixin.py:188} INFO - [2025-11-10T01:05:23.599+0000] {dag.py:3036} INFO - Sync 1 DAGs
[2025-11-10T01:05:23.624+0000] {logging_mixin.py:188} INFO - [2025-11-10T01:05:23.624+0000] {dag.py:3823} INFO - Setting next_dagrun for example_skip_dag to 2025-11-09 00:00:00+00:00, run_after=2025-11-10 00:00:00+00:00
[2025-11-10T01:05:23.649+0000] {processor.py:183} INFO - Processing /home/airflow/.local/lib/python3.8/site-packages/airflow/example_dags/example_skip_dag.py took 0.093 seconds
[2025-11-10T01:05:54.095+0000] {processor.py:161} INFO - Started process (PID=3394) to work on /home/airflow/.local/lib/python3.8/site-packages/airflow/example_dags/example_skip_dag.py
[2025-11-10T01:05:54.096+0000] {processor.py:830} INFO - Processing file /home/airflow/.local/lib/python3.8/site-packages/airflow/example_dags/example_skip_dag.py for tasks to queue
[2025-11-10T01:05:54.097+0000] {logging_mixin.py:188} INFO - [2025-11-10T01:05:54.097+0000] {dagbag.py:538} INFO - Filling up the DagBag from /home/airflow/.local/lib/python3.8/site-packages/airflow/example_dags/example_skip_dag.py
[2025-11-10T01:05:54.108+0000] {processor.py:840} INFO - DAG(s) 'example_skip_dag' retrieved from /home/airflow/.local/lib/python3.8/site-packages/airflow/example_dags/example_skip_dag.py
[2025-11-10T01:05:54.152+0000] {logging_mixin.py:188} INFO - [2025-11-10T01:05:54.152+0000] {dag.py:3036} INFO - Sync 1 DAGs
[2025-11-10T01:05:54.186+0000] {logging_mixin.py:188} INFO - [2025-11-10T01:05:54.186+0000] {dag.py:3823} INFO - Setting next_dagrun for example_skip_dag to 2025-11-09 00:00:00+00:00, run_after=2025-11-10 00:00:00+00:00
[2025-11-10T01:05:54.212+0000] {processor.py:183} INFO - Processing /home/airflow/.local/lib/python3.8/site-packages/airflow/example_dags/example_skip_dag.py took 0.125 seconds
[2025-11-10T01:06:24.320+0000] {processor.py:161} INFO - Started process (PID=3507) to work on /home/airflow/.local/lib/python3.8/site-packages/airflow/example_dags/example_skip_dag.py
[2025-11-10T01:06:24.321+0000] {processor.py:830} INFO - Processing file /home/airflow/.local/lib/python3.8/site-packages/airflow/example_dags/example_skip_dag.py for tasks to queue
[2025-11-10T01:06:24.323+0000] {logging_mixin.py:188} INFO - [2025-11-10T01:06:24.322+0000] {dagbag.py:538} INFO - Filling up the DagBag from /home/airflow/.local/lib/python3.8/site-packages/airflow/example_dags/example_skip_dag.py
[2025-11-10T01:06:24.336+0000] {processor.py:840} INFO - DAG(s) 'example_skip_dag' retrieved from /home/airflow/.local/lib/python3.8/site-packages/airflow/example_dags/example_skip_dag.py
[2025-11-10T01:06:24.383+0000] {logging_mixin.py:188} INFO - [2025-11-10T01:06:24.382+0000] {dag.py:3036} INFO - Sync 1 DAGs
[2025-11-10T01:06:24.430+0000] {logging_mixin.py:188} INFO - [2025-11-10T01:06:24.429+0000] {dag.py:3823} INFO - Setting next_dagrun for example_skip_dag to 2025-11-09 00:00:00+00:00, run_after=2025-11-10 00:00:00+00:00
[2025-11-10T01:06:24.629+0000] {processor.py:183} INFO - Processing /home/airflow/.local/lib/python3.8/site-packages/airflow/example_dags/example_skip_dag.py took 0.313 seconds
[2025-11-10T01:06:55.036+0000] {processor.py:161} INFO - Started process (PID=3604) to work on /home/airflow/.local/lib/python3.8/site-packages/airflow/example_dags/example_skip_dag.py
[2025-11-10T01:06:55.037+0000] {processor.py:830} INFO - Processing file /home/airflow/.local/lib/python3.8/site-packages/airflow/example_dags/example_skip_dag.py for tasks to queue
[2025-11-10T01:06:55.039+0000] {logging_mixin.py:188} INFO - [2025-11-10T01:06:55.038+0000] {dagbag.py:538} INFO - Filling up the DagBag from /home/airflow/.local/lib/python3.8/site-packages/airflow/example_dags/example_skip_dag.py
[2025-11-10T01:06:55.049+0000] {processor.py:840} INFO - DAG(s) 'example_skip_dag' retrieved from /home/airflow/.local/lib/python3.8/site-packages/airflow/example_dags/example_skip_dag.py
[2025-11-10T01:06:55.075+0000] {logging_mixin.py:188} INFO - [2025-11-10T01:06:55.075+0000] {dag.py:3036} INFO - Sync 1 DAGs
[2025-11-10T01:06:55.102+0000] {logging_mixin.py:188} INFO - [2025-11-10T01:06:55.101+0000] {dag.py:3823} INFO - Setting next_dagrun for example_skip_dag to 2025-11-09 00:00:00+00:00, run_after=2025-11-10 00:00:00+00:00
[2025-11-10T01:06:55.124+0000] {processor.py:183} INFO - Processing /home/airflow/.local/lib/python3.8/site-packages/airflow/example_dags/example_skip_dag.py took 0.091 seconds
[2025-11-10T02:09:09.496+0000] {processor.py:161} INFO - Started process (PID=183) to work on /home/airflow/.local/lib/python3.8/site-packages/airflow/example_dags/example_skip_dag.py
[2025-11-10T02:09:09.497+0000] {processor.py:830} INFO - Processing file /home/airflow/.local/lib/python3.8/site-packages/airflow/example_dags/example_skip_dag.py for tasks to queue
[2025-11-10T02:09:09.500+0000] {logging_mixin.py:188} INFO - [2025-11-10T02:09:09.499+0000] {dagbag.py:538} INFO - Filling up the DagBag from /home/airflow/.local/lib/python3.8/site-packages/airflow/example_dags/example_skip_dag.py
[2025-11-10T02:09:09.515+0000] {processor.py:840} INFO - DAG(s) 'example_skip_dag' retrieved from /home/airflow/.local/lib/python3.8/site-packages/airflow/example_dags/example_skip_dag.py
[2025-11-10T02:09:09.747+0000] {logging_mixin.py:188} INFO - [2025-11-10T02:09:09.747+0000] {dag.py:3036} INFO - Sync 1 DAGs
[2025-11-10T02:09:09.784+0000] {logging_mixin.py:188} INFO - [2025-11-10T02:09:09.784+0000] {dag.py:3823} INFO - Setting next_dagrun for example_skip_dag to 2025-11-09 00:00:00+00:00, run_after=2025-11-10 00:00:00+00:00
[2025-11-10T02:09:09.830+0000] {processor.py:183} INFO - Processing /home/airflow/.local/lib/python3.8/site-packages/airflow/example_dags/example_skip_dag.py took 0.339 seconds
[2025-11-10T02:09:40.141+0000] {processor.py:161} INFO - Started process (PID=280) to work on /home/airflow/.local/lib/python3.8/site-packages/airflow/example_dags/example_skip_dag.py
[2025-11-10T02:09:40.143+0000] {processor.py:830} INFO - Processing file /home/airflow/.local/lib/python3.8/site-packages/airflow/example_dags/example_skip_dag.py for tasks to queue
[2025-11-10T02:09:40.145+0000] {logging_mixin.py:188} INFO - [2025-11-10T02:09:40.145+0000] {dagbag.py:538} INFO - Filling up the DagBag from /home/airflow/.local/lib/python3.8/site-packages/airflow/example_dags/example_skip_dag.py
[2025-11-10T02:09:40.155+0000] {processor.py:840} INFO - DAG(s) 'example_skip_dag' retrieved from /home/airflow/.local/lib/python3.8/site-packages/airflow/example_dags/example_skip_dag.py
[2025-11-10T02:09:40.193+0000] {logging_mixin.py:188} INFO - [2025-11-10T02:09:40.193+0000] {dag.py:3036} INFO - Sync 1 DAGs
[2025-11-10T02:09:40.225+0000] {logging_mixin.py:188} INFO - [2025-11-10T02:09:40.225+0000] {dag.py:3823} INFO - Setting next_dagrun for example_skip_dag to 2025-11-09 00:00:00+00:00, run_after=2025-11-10 00:00:00+00:00
[2025-11-10T02:09:40.260+0000] {processor.py:183} INFO - Processing /home/airflow/.local/lib/python3.8/site-packages/airflow/example_dags/example_skip_dag.py took 0.124 seconds
[2025-11-10T02:10:10.452+0000] {processor.py:161} INFO - Started process (PID=377) to work on /home/airflow/.local/lib/python3.8/site-packages/airflow/example_dags/example_skip_dag.py
[2025-11-10T02:10:10.454+0000] {processor.py:830} INFO - Processing file /home/airflow/.local/lib/python3.8/site-packages/airflow/example_dags/example_skip_dag.py for tasks to queue
[2025-11-10T02:10:10.456+0000] {logging_mixin.py:188} INFO - [2025-11-10T02:10:10.455+0000] {dagbag.py:538} INFO - Filling up the DagBag from /home/airflow/.local/lib/python3.8/site-packages/airflow/example_dags/example_skip_dag.py
[2025-11-10T02:10:10.465+0000] {processor.py:840} INFO - DAG(s) 'example_skip_dag' retrieved from /home/airflow/.local/lib/python3.8/site-packages/airflow/example_dags/example_skip_dag.py
[2025-11-10T02:10:10.494+0000] {logging_mixin.py:188} INFO - [2025-11-10T02:10:10.494+0000] {dag.py:3036} INFO - Sync 1 DAGs
[2025-11-10T02:10:10.523+0000] {logging_mixin.py:188} INFO - [2025-11-10T02:10:10.523+0000] {dag.py:3823} INFO - Setting next_dagrun for example_skip_dag to 2025-11-09 00:00:00+00:00, run_after=2025-11-10 00:00:00+00:00
[2025-11-10T02:10:10.547+0000] {processor.py:183} INFO - Processing /home/airflow/.local/lib/python3.8/site-packages/airflow/example_dags/example_skip_dag.py took 0.099 seconds
[2025-11-10T02:10:40.762+0000] {processor.py:161} INFO - Started process (PID=480) to work on /home/airflow/.local/lib/python3.8/site-packages/airflow/example_dags/example_skip_dag.py
[2025-11-10T02:10:40.763+0000] {processor.py:830} INFO - Processing file /home/airflow/.local/lib/python3.8/site-packages/airflow/example_dags/example_skip_dag.py for tasks to queue
[2025-11-10T02:10:40.764+0000] {logging_mixin.py:188} INFO - [2025-11-10T02:10:40.764+0000] {dagbag.py:538} INFO - Filling up the DagBag from /home/airflow/.local/lib/python3.8/site-packages/airflow/example_dags/example_skip_dag.py
[2025-11-10T02:10:40.774+0000] {processor.py:840} INFO - DAG(s) 'example_skip_dag' retrieved from /home/airflow/.local/lib/python3.8/site-packages/airflow/example_dags/example_skip_dag.py
[2025-11-10T02:10:40.819+0000] {logging_mixin.py:188} INFO - [2025-11-10T02:10:40.818+0000] {dag.py:3036} INFO - Sync 1 DAGs
[2025-11-10T02:10:40.856+0000] {logging_mixin.py:188} INFO - [2025-11-10T02:10:40.855+0000] {dag.py:3823} INFO - Setting next_dagrun for example_skip_dag to 2025-11-09 00:00:00+00:00, run_after=2025-11-10 00:00:00+00:00
[2025-11-10T02:10:40.907+0000] {processor.py:183} INFO - Processing /home/airflow/.local/lib/python3.8/site-packages/airflow/example_dags/example_skip_dag.py took 0.149 seconds
[2025-11-10T02:11:11.009+0000] {processor.py:161} INFO - Started process (PID=593) to work on /home/airflow/.local/lib/python3.8/site-packages/airflow/example_dags/example_skip_dag.py
[2025-11-10T02:11:11.010+0000] {processor.py:830} INFO - Processing file /home/airflow/.local/lib/python3.8/site-packages/airflow/example_dags/example_skip_dag.py for tasks to queue
[2025-11-10T02:11:11.011+0000] {logging_mixin.py:188} INFO - [2025-11-10T02:11:11.011+0000] {dagbag.py:538} INFO - Filling up the DagBag from /home/airflow/.local/lib/python3.8/site-packages/airflow/example_dags/example_skip_dag.py
[2025-11-10T02:11:11.019+0000] {processor.py:840} INFO - DAG(s) 'example_skip_dag' retrieved from /home/airflow/.local/lib/python3.8/site-packages/airflow/example_dags/example_skip_dag.py
[2025-11-10T02:11:11.050+0000] {logging_mixin.py:188} INFO - [2025-11-10T02:11:11.050+0000] {dag.py:3036} INFO - Sync 1 DAGs
[2025-11-10T02:11:11.076+0000] {logging_mixin.py:188} INFO - [2025-11-10T02:11:11.076+0000] {dag.py:3823} INFO - Setting next_dagrun for example_skip_dag to 2025-11-09 00:00:00+00:00, run_after=2025-11-10 00:00:00+00:00
[2025-11-10T02:11:11.104+0000] {processor.py:183} INFO - Processing /home/airflow/.local/lib/python3.8/site-packages/airflow/example_dags/example_skip_dag.py took 0.099 seconds
[2025-11-10T02:11:41.691+0000] {processor.py:161} INFO - Started process (PID=690) to work on /home/airflow/.local/lib/python3.8/site-packages/airflow/example_dags/example_skip_dag.py
[2025-11-10T02:11:41.693+0000] {processor.py:830} INFO - Processing file /home/airflow/.local/lib/python3.8/site-packages/airflow/example_dags/example_skip_dag.py for tasks to queue
[2025-11-10T02:11:41.694+0000] {logging_mixin.py:188} INFO - [2025-11-10T02:11:41.694+0000] {dagbag.py:538} INFO - Filling up the DagBag from /home/airflow/.local/lib/python3.8/site-packages/airflow/example_dags/example_skip_dag.py
[2025-11-10T02:11:41.705+0000] {processor.py:840} INFO - DAG(s) 'example_skip_dag' retrieved from /home/airflow/.local/lib/python3.8/site-packages/airflow/example_dags/example_skip_dag.py
[2025-11-10T02:11:41.742+0000] {logging_mixin.py:188} INFO - [2025-11-10T02:11:41.741+0000] {dag.py:3036} INFO - Sync 1 DAGs
[2025-11-10T02:11:41.781+0000] {logging_mixin.py:188} INFO - [2025-11-10T02:11:41.780+0000] {dag.py:3823} INFO - Setting next_dagrun for example_skip_dag to 2025-11-09 00:00:00+00:00, run_after=2025-11-10 00:00:00+00:00
[2025-11-10T02:11:41.810+0000] {processor.py:183} INFO - Processing /home/airflow/.local/lib/python3.8/site-packages/airflow/example_dags/example_skip_dag.py took 0.124 seconds
[2025-11-10T02:12:12.808+0000] {processor.py:161} INFO - Started process (PID=787) to work on /home/airflow/.local/lib/python3.8/site-packages/airflow/example_dags/example_skip_dag.py
[2025-11-10T02:12:12.810+0000] {processor.py:830} INFO - Processing file /home/airflow/.local/lib/python3.8/site-packages/airflow/example_dags/example_skip_dag.py for tasks to queue
[2025-11-10T02:12:12.811+0000] {logging_mixin.py:188} INFO - [2025-11-10T02:12:12.811+0000] {dagbag.py:538} INFO - Filling up the DagBag from /home/airflow/.local/lib/python3.8/site-packages/airflow/example_dags/example_skip_dag.py
[2025-11-10T02:12:12.824+0000] {processor.py:840} INFO - DAG(s) 'example_skip_dag' retrieved from /home/airflow/.local/lib/python3.8/site-packages/airflow/example_dags/example_skip_dag.py
[2025-11-10T02:12:12.860+0000] {logging_mixin.py:188} INFO - [2025-11-10T02:12:12.860+0000] {dag.py:3036} INFO - Sync 1 DAGs
[2025-11-10T02:12:12.894+0000] {logging_mixin.py:188} INFO - [2025-11-10T02:12:12.894+0000] {dag.py:3823} INFO - Setting next_dagrun for example_skip_dag to 2025-11-09 00:00:00+00:00, run_after=2025-11-10 00:00:00+00:00
[2025-11-10T02:12:12.945+0000] {processor.py:183} INFO - Processing /home/airflow/.local/lib/python3.8/site-packages/airflow/example_dags/example_skip_dag.py took 0.141 seconds
[2025-11-10T02:12:44.058+0000] {processor.py:161} INFO - Started process (PID=884) to work on /home/airflow/.local/lib/python3.8/site-packages/airflow/example_dags/example_skip_dag.py
[2025-11-10T02:12:44.059+0000] {processor.py:830} INFO - Processing file /home/airflow/.local/lib/python3.8/site-packages/airflow/example_dags/example_skip_dag.py for tasks to queue
[2025-11-10T02:12:44.060+0000] {logging_mixin.py:188} INFO - [2025-11-10T02:12:44.060+0000] {dagbag.py:538} INFO - Filling up the DagBag from /home/airflow/.local/lib/python3.8/site-packages/airflow/example_dags/example_skip_dag.py
[2025-11-10T02:12:44.068+0000] {processor.py:840} INFO - DAG(s) 'example_skip_dag' retrieved from /home/airflow/.local/lib/python3.8/site-packages/airflow/example_dags/example_skip_dag.py
[2025-11-10T02:12:44.096+0000] {logging_mixin.py:188} INFO - [2025-11-10T02:12:44.096+0000] {dag.py:3036} INFO - Sync 1 DAGs
[2025-11-10T02:12:44.127+0000] {logging_mixin.py:188} INFO - [2025-11-10T02:12:44.127+0000] {dag.py:3823} INFO - Setting next_dagrun for example_skip_dag to 2025-11-09 00:00:00+00:00, run_after=2025-11-10 00:00:00+00:00
[2025-11-10T02:12:44.154+0000] {processor.py:183} INFO - Processing /home/airflow/.local/lib/python3.8/site-packages/airflow/example_dags/example_skip_dag.py took 0.099 seconds
[2025-11-10T02:13:14.274+0000] {processor.py:161} INFO - Started process (PID=1002) to work on /home/airflow/.local/lib/python3.8/site-packages/airflow/example_dags/example_skip_dag.py
[2025-11-10T02:13:14.275+0000] {processor.py:830} INFO - Processing file /home/airflow/.local/lib/python3.8/site-packages/airflow/example_dags/example_skip_dag.py for tasks to queue
[2025-11-10T02:13:14.277+0000] {logging_mixin.py:188} INFO - [2025-11-10T02:13:14.276+0000] {dagbag.py:538} INFO - Filling up the DagBag from /home/airflow/.local/lib/python3.8/site-packages/airflow/example_dags/example_skip_dag.py
[2025-11-10T02:13:14.285+0000] {processor.py:840} INFO - DAG(s) 'example_skip_dag' retrieved from /home/airflow/.local/lib/python3.8/site-packages/airflow/example_dags/example_skip_dag.py
[2025-11-10T02:13:14.312+0000] {logging_mixin.py:188} INFO - [2025-11-10T02:13:14.312+0000] {dag.py:3036} INFO - Sync 1 DAGs
[2025-11-10T02:13:14.338+0000] {logging_mixin.py:188} INFO - [2025-11-10T02:13:14.338+0000] {dag.py:3823} INFO - Setting next_dagrun for example_skip_dag to 2025-11-09 00:00:00+00:00, run_after=2025-11-10 00:00:00+00:00
[2025-11-10T02:13:14.361+0000] {processor.py:183} INFO - Processing /home/airflow/.local/lib/python3.8/site-packages/airflow/example_dags/example_skip_dag.py took 0.089 seconds
