[2025-11-10T00:49:33.395+0000] {processor.py:161} INFO - Started process (PID=194) to work on /home/airflow/.local/lib/python3.8/site-packages/airflow/example_dags/example_branch_python_dop_operator_3.py
[2025-11-10T00:49:33.397+0000] {processor.py:830} INFO - Processing file /home/airflow/.local/lib/python3.8/site-packages/airflow/example_dags/example_branch_python_dop_operator_3.py for tasks to queue
[2025-11-10T00:49:33.399+0000] {logging_mixin.py:188} INFO - [2025-11-10T00:49:33.398+0000] {dagbag.py:538} INFO - Filling up the DagBag from /home/airflow/.local/lib/python3.8/site-packages/airflow/example_dags/example_branch_python_dop_operator_3.py
[2025-11-10T00:49:33.414+0000] {processor.py:840} INFO - DAG(s) 'example_branch_dop_operator_v3' retrieved from /home/airflow/.local/lib/python3.8/site-packages/airflow/example_dags/example_branch_python_dop_operator_3.py
[2025-11-10T00:49:33.586+0000] {logging_mixin.py:188} INFO - [2025-11-10T00:49:33.585+0000] {override.py:1769} INFO - Created Permission View: can delete on DAG:example_branch_dop_operator_v3
[2025-11-10T00:49:33.606+0000] {logging_mixin.py:188} INFO - [2025-11-10T00:49:33.605+0000] {override.py:1769} INFO - Created Permission View: can read on DAG:example_branch_dop_operator_v3
[2025-11-10T00:49:33.619+0000] {logging_mixin.py:188} INFO - [2025-11-10T00:49:33.618+0000] {override.py:1769} INFO - Created Permission View: can edit on DAG:example_branch_dop_operator_v3
[2025-11-10T00:49:33.620+0000] {logging_mixin.py:188} INFO - [2025-11-10T00:49:33.620+0000] {dag.py:3036} INFO - Sync 1 DAGs
[2025-11-10T00:49:33.637+0000] {logging_mixin.py:188} INFO - [2025-11-10T00:49:33.637+0000] {dag.py:3058} INFO - Creating ORM DAG for example_branch_dop_operator_v3
[2025-11-10T00:49:33.660+0000] {logging_mixin.py:188} INFO - [2025-11-10T00:49:33.660+0000] {dag.py:3823} INFO - Setting next_dagrun for example_branch_dop_operator_v3 to 2025-11-10 00:48:00+00:00, run_after=2025-11-10 00:49:00+00:00
[2025-11-10T00:49:33.689+0000] {processor.py:183} INFO - Processing /home/airflow/.local/lib/python3.8/site-packages/airflow/example_dags/example_branch_python_dop_operator_3.py took 0.298 seconds
[2025-11-10T00:50:04.567+0000] {processor.py:161} INFO - Started process (PID=291) to work on /home/airflow/.local/lib/python3.8/site-packages/airflow/example_dags/example_branch_python_dop_operator_3.py
[2025-11-10T00:50:04.568+0000] {processor.py:830} INFO - Processing file /home/airflow/.local/lib/python3.8/site-packages/airflow/example_dags/example_branch_python_dop_operator_3.py for tasks to queue
[2025-11-10T00:50:04.570+0000] {logging_mixin.py:188} INFO - [2025-11-10T00:50:04.570+0000] {dagbag.py:538} INFO - Filling up the DagBag from /home/airflow/.local/lib/python3.8/site-packages/airflow/example_dags/example_branch_python_dop_operator_3.py
[2025-11-10T00:50:04.585+0000] {processor.py:840} INFO - DAG(s) 'example_branch_dop_operator_v3' retrieved from /home/airflow/.local/lib/python3.8/site-packages/airflow/example_dags/example_branch_python_dop_operator_3.py
[2025-11-10T00:50:04.619+0000] {logging_mixin.py:188} INFO - [2025-11-10T00:50:04.619+0000] {dag.py:3036} INFO - Sync 1 DAGs
[2025-11-10T00:50:04.658+0000] {logging_mixin.py:188} INFO - [2025-11-10T00:50:04.657+0000] {dag.py:3823} INFO - Setting next_dagrun for example_branch_dop_operator_v3 to 2025-11-10 00:49:00+00:00, run_after=2025-11-10 00:50:00+00:00
[2025-11-10T00:50:04.687+0000] {processor.py:183} INFO - Processing /home/airflow/.local/lib/python3.8/site-packages/airflow/example_dags/example_branch_python_dop_operator_3.py took 0.124 seconds
[2025-11-10T00:50:34.795+0000] {processor.py:161} INFO - Started process (PID=388) to work on /home/airflow/.local/lib/python3.8/site-packages/airflow/example_dags/example_branch_python_dop_operator_3.py
[2025-11-10T00:50:34.797+0000] {processor.py:830} INFO - Processing file /home/airflow/.local/lib/python3.8/site-packages/airflow/example_dags/example_branch_python_dop_operator_3.py for tasks to queue
[2025-11-10T00:50:34.799+0000] {logging_mixin.py:188} INFO - [2025-11-10T00:50:34.798+0000] {dagbag.py:538} INFO - Filling up the DagBag from /home/airflow/.local/lib/python3.8/site-packages/airflow/example_dags/example_branch_python_dop_operator_3.py
[2025-11-10T00:50:34.815+0000] {processor.py:840} INFO - DAG(s) 'example_branch_dop_operator_v3' retrieved from /home/airflow/.local/lib/python3.8/site-packages/airflow/example_dags/example_branch_python_dop_operator_3.py
[2025-11-10T00:50:34.858+0000] {logging_mixin.py:188} INFO - [2025-11-10T00:50:34.858+0000] {dag.py:3036} INFO - Sync 1 DAGs
[2025-11-10T00:50:34.900+0000] {logging_mixin.py:188} INFO - [2025-11-10T00:50:34.899+0000] {dag.py:3823} INFO - Setting next_dagrun for example_branch_dop_operator_v3 to 2025-11-10 00:49:00+00:00, run_after=2025-11-10 00:50:00+00:00
[2025-11-10T00:50:34.932+0000] {processor.py:183} INFO - Processing /home/airflow/.local/lib/python3.8/site-packages/airflow/example_dags/example_branch_python_dop_operator_3.py took 0.141 seconds
[2025-11-10T00:51:05.275+0000] {processor.py:161} INFO - Started process (PID=485) to work on /home/airflow/.local/lib/python3.8/site-packages/airflow/example_dags/example_branch_python_dop_operator_3.py
[2025-11-10T00:51:05.276+0000] {processor.py:830} INFO - Processing file /home/airflow/.local/lib/python3.8/site-packages/airflow/example_dags/example_branch_python_dop_operator_3.py for tasks to queue
[2025-11-10T00:51:05.278+0000] {logging_mixin.py:188} INFO - [2025-11-10T00:51:05.278+0000] {dagbag.py:538} INFO - Filling up the DagBag from /home/airflow/.local/lib/python3.8/site-packages/airflow/example_dags/example_branch_python_dop_operator_3.py
[2025-11-10T00:51:05.291+0000] {processor.py:840} INFO - DAG(s) 'example_branch_dop_operator_v3' retrieved from /home/airflow/.local/lib/python3.8/site-packages/airflow/example_dags/example_branch_python_dop_operator_3.py
[2025-11-10T00:51:05.326+0000] {logging_mixin.py:188} INFO - [2025-11-10T00:51:05.325+0000] {dag.py:3036} INFO - Sync 1 DAGs
[2025-11-10T00:51:05.366+0000] {logging_mixin.py:188} INFO - [2025-11-10T00:51:05.366+0000] {dag.py:3823} INFO - Setting next_dagrun for example_branch_dop_operator_v3 to 2025-11-10 00:50:00+00:00, run_after=2025-11-10 00:51:00+00:00
[2025-11-10T00:51:05.394+0000] {processor.py:183} INFO - Processing /home/airflow/.local/lib/python3.8/site-packages/airflow/example_dags/example_branch_python_dop_operator_3.py took 0.122 seconds
[2025-11-10T00:51:36.165+0000] {processor.py:161} INFO - Started process (PID=582) to work on /home/airflow/.local/lib/python3.8/site-packages/airflow/example_dags/example_branch_python_dop_operator_3.py
[2025-11-10T00:51:36.167+0000] {processor.py:830} INFO - Processing file /home/airflow/.local/lib/python3.8/site-packages/airflow/example_dags/example_branch_python_dop_operator_3.py for tasks to queue
[2025-11-10T00:51:36.168+0000] {logging_mixin.py:188} INFO - [2025-11-10T00:51:36.168+0000] {dagbag.py:538} INFO - Filling up the DagBag from /home/airflow/.local/lib/python3.8/site-packages/airflow/example_dags/example_branch_python_dop_operator_3.py
[2025-11-10T00:51:36.182+0000] {processor.py:840} INFO - DAG(s) 'example_branch_dop_operator_v3' retrieved from /home/airflow/.local/lib/python3.8/site-packages/airflow/example_dags/example_branch_python_dop_operator_3.py
[2025-11-10T00:51:36.223+0000] {logging_mixin.py:188} INFO - [2025-11-10T00:51:36.223+0000] {dag.py:3036} INFO - Sync 1 DAGs
[2025-11-10T00:51:36.306+0000] {logging_mixin.py:188} INFO - [2025-11-10T00:51:36.306+0000] {dag.py:3823} INFO - Setting next_dagrun for example_branch_dop_operator_v3 to 2025-11-10 00:50:00+00:00, run_after=2025-11-10 00:51:00+00:00
[2025-11-10T00:51:36.342+0000] {processor.py:183} INFO - Processing /home/airflow/.local/lib/python3.8/site-packages/airflow/example_dags/example_branch_python_dop_operator_3.py took 0.182 seconds
[2025-11-10T00:52:07.208+0000] {processor.py:161} INFO - Started process (PID=687) to work on /home/airflow/.local/lib/python3.8/site-packages/airflow/example_dags/example_branch_python_dop_operator_3.py
[2025-11-10T00:52:07.210+0000] {processor.py:830} INFO - Processing file /home/airflow/.local/lib/python3.8/site-packages/airflow/example_dags/example_branch_python_dop_operator_3.py for tasks to queue
[2025-11-10T00:52:07.213+0000] {logging_mixin.py:188} INFO - [2025-11-10T00:52:07.212+0000] {dagbag.py:538} INFO - Filling up the DagBag from /home/airflow/.local/lib/python3.8/site-packages/airflow/example_dags/example_branch_python_dop_operator_3.py
[2025-11-10T00:52:07.228+0000] {processor.py:840} INFO - DAG(s) 'example_branch_dop_operator_v3' retrieved from /home/airflow/.local/lib/python3.8/site-packages/airflow/example_dags/example_branch_python_dop_operator_3.py
[2025-11-10T00:52:07.265+0000] {logging_mixin.py:188} INFO - [2025-11-10T00:52:07.265+0000] {dag.py:3036} INFO - Sync 1 DAGs
[2025-11-10T00:52:07.307+0000] {logging_mixin.py:188} INFO - [2025-11-10T00:52:07.307+0000] {dag.py:3823} INFO - Setting next_dagrun for example_branch_dop_operator_v3 to 2025-11-10 00:51:00+00:00, run_after=2025-11-10 00:52:00+00:00
[2025-11-10T00:52:07.345+0000] {processor.py:183} INFO - Processing /home/airflow/.local/lib/python3.8/site-packages/airflow/example_dags/example_branch_python_dop_operator_3.py took 0.142 seconds
[2025-11-10T00:52:38.292+0000] {processor.py:161} INFO - Started process (PID=799) to work on /home/airflow/.local/lib/python3.8/site-packages/airflow/example_dags/example_branch_python_dop_operator_3.py
[2025-11-10T00:52:38.294+0000] {processor.py:830} INFO - Processing file /home/airflow/.local/lib/python3.8/site-packages/airflow/example_dags/example_branch_python_dop_operator_3.py for tasks to queue
[2025-11-10T00:52:38.296+0000] {logging_mixin.py:188} INFO - [2025-11-10T00:52:38.296+0000] {dagbag.py:538} INFO - Filling up the DagBag from /home/airflow/.local/lib/python3.8/site-packages/airflow/example_dags/example_branch_python_dop_operator_3.py
[2025-11-10T00:52:38.311+0000] {processor.py:840} INFO - DAG(s) 'example_branch_dop_operator_v3' retrieved from /home/airflow/.local/lib/python3.8/site-packages/airflow/example_dags/example_branch_python_dop_operator_3.py
[2025-11-10T00:52:38.349+0000] {logging_mixin.py:188} INFO - [2025-11-10T00:52:38.348+0000] {dag.py:3036} INFO - Sync 1 DAGs
[2025-11-10T00:52:38.390+0000] {logging_mixin.py:188} INFO - [2025-11-10T00:52:38.390+0000] {dag.py:3823} INFO - Setting next_dagrun for example_branch_dop_operator_v3 to 2025-11-10 00:51:00+00:00, run_after=2025-11-10 00:52:00+00:00
[2025-11-10T00:52:38.423+0000] {processor.py:183} INFO - Processing /home/airflow/.local/lib/python3.8/site-packages/airflow/example_dags/example_branch_python_dop_operator_3.py took 0.137 seconds
[2025-11-10T00:53:08.646+0000] {processor.py:161} INFO - Started process (PID=896) to work on /home/airflow/.local/lib/python3.8/site-packages/airflow/example_dags/example_branch_python_dop_operator_3.py
[2025-11-10T00:53:08.649+0000] {processor.py:830} INFO - Processing file /home/airflow/.local/lib/python3.8/site-packages/airflow/example_dags/example_branch_python_dop_operator_3.py for tasks to queue
[2025-11-10T00:53:08.651+0000] {logging_mixin.py:188} INFO - [2025-11-10T00:53:08.650+0000] {dagbag.py:538} INFO - Filling up the DagBag from /home/airflow/.local/lib/python3.8/site-packages/airflow/example_dags/example_branch_python_dop_operator_3.py
[2025-11-10T00:53:08.664+0000] {processor.py:840} INFO - DAG(s) 'example_branch_dop_operator_v3' retrieved from /home/airflow/.local/lib/python3.8/site-packages/airflow/example_dags/example_branch_python_dop_operator_3.py
[2025-11-10T00:53:08.700+0000] {logging_mixin.py:188} INFO - [2025-11-10T00:53:08.699+0000] {dag.py:3036} INFO - Sync 1 DAGs
[2025-11-10T00:53:08.743+0000] {logging_mixin.py:188} INFO - [2025-11-10T00:53:08.743+0000] {dag.py:3823} INFO - Setting next_dagrun for example_branch_dop_operator_v3 to 2025-11-10 00:52:00+00:00, run_after=2025-11-10 00:53:00+00:00
[2025-11-10T00:53:08.780+0000] {processor.py:183} INFO - Processing /home/airflow/.local/lib/python3.8/site-packages/airflow/example_dags/example_branch_python_dop_operator_3.py took 0.138 seconds
[2025-11-10T00:53:38.980+0000] {processor.py:161} INFO - Started process (PID=992) to work on /home/airflow/.local/lib/python3.8/site-packages/airflow/example_dags/example_branch_python_dop_operator_3.py
[2025-11-10T00:53:38.982+0000] {processor.py:830} INFO - Processing file /home/airflow/.local/lib/python3.8/site-packages/airflow/example_dags/example_branch_python_dop_operator_3.py for tasks to queue
[2025-11-10T00:53:38.984+0000] {logging_mixin.py:188} INFO - [2025-11-10T00:53:38.983+0000] {dagbag.py:538} INFO - Filling up the DagBag from /home/airflow/.local/lib/python3.8/site-packages/airflow/example_dags/example_branch_python_dop_operator_3.py
[2025-11-10T00:53:39.001+0000] {processor.py:840} INFO - DAG(s) 'example_branch_dop_operator_v3' retrieved from /home/airflow/.local/lib/python3.8/site-packages/airflow/example_dags/example_branch_python_dop_operator_3.py
[2025-11-10T00:53:39.041+0000] {logging_mixin.py:188} INFO - [2025-11-10T00:53:39.041+0000] {dag.py:3036} INFO - Sync 1 DAGs
[2025-11-10T00:53:39.081+0000] {logging_mixin.py:188} INFO - [2025-11-10T00:53:39.081+0000] {dag.py:3823} INFO - Setting next_dagrun for example_branch_dop_operator_v3 to 2025-11-10 00:52:00+00:00, run_after=2025-11-10 00:53:00+00:00
[2025-11-10T00:53:39.115+0000] {processor.py:183} INFO - Processing /home/airflow/.local/lib/python3.8/site-packages/airflow/example_dags/example_branch_python_dop_operator_3.py took 0.140 seconds
[2025-11-10T00:54:09.925+0000] {processor.py:161} INFO - Started process (PID=1089) to work on /home/airflow/.local/lib/python3.8/site-packages/airflow/example_dags/example_branch_python_dop_operator_3.py
[2025-11-10T00:54:09.927+0000] {processor.py:830} INFO - Processing file /home/airflow/.local/lib/python3.8/site-packages/airflow/example_dags/example_branch_python_dop_operator_3.py for tasks to queue
[2025-11-10T00:54:09.929+0000] {logging_mixin.py:188} INFO - [2025-11-10T00:54:09.928+0000] {dagbag.py:538} INFO - Filling up the DagBag from /home/airflow/.local/lib/python3.8/site-packages/airflow/example_dags/example_branch_python_dop_operator_3.py
[2025-11-10T00:54:09.948+0000] {processor.py:840} INFO - DAG(s) 'example_branch_dop_operator_v3' retrieved from /home/airflow/.local/lib/python3.8/site-packages/airflow/example_dags/example_branch_python_dop_operator_3.py
[2025-11-10T00:54:09.990+0000] {logging_mixin.py:188} INFO - [2025-11-10T00:54:09.989+0000] {dag.py:3036} INFO - Sync 1 DAGs
[2025-11-10T00:54:10.030+0000] {logging_mixin.py:188} INFO - [2025-11-10T00:54:10.029+0000] {dag.py:3823} INFO - Setting next_dagrun for example_branch_dop_operator_v3 to 2025-11-10 00:53:00+00:00, run_after=2025-11-10 00:54:00+00:00
[2025-11-10T00:54:10.067+0000] {processor.py:183} INFO - Processing /home/airflow/.local/lib/python3.8/site-packages/airflow/example_dags/example_branch_python_dop_operator_3.py took 0.147 seconds
[2025-11-10T00:54:40.571+0000] {processor.py:161} INFO - Started process (PID=1186) to work on /home/airflow/.local/lib/python3.8/site-packages/airflow/example_dags/example_branch_python_dop_operator_3.py
[2025-11-10T00:54:40.575+0000] {processor.py:830} INFO - Processing file /home/airflow/.local/lib/python3.8/site-packages/airflow/example_dags/example_branch_python_dop_operator_3.py for tasks to queue
[2025-11-10T00:54:40.577+0000] {logging_mixin.py:188} INFO - [2025-11-10T00:54:40.576+0000] {dagbag.py:538} INFO - Filling up the DagBag from /home/airflow/.local/lib/python3.8/site-packages/airflow/example_dags/example_branch_python_dop_operator_3.py
[2025-11-10T00:54:40.594+0000] {processor.py:840} INFO - DAG(s) 'example_branch_dop_operator_v3' retrieved from /home/airflow/.local/lib/python3.8/site-packages/airflow/example_dags/example_branch_python_dop_operator_3.py
[2025-11-10T00:54:40.631+0000] {logging_mixin.py:188} INFO - [2025-11-10T00:54:40.630+0000] {dag.py:3036} INFO - Sync 1 DAGs
[2025-11-10T00:54:40.673+0000] {logging_mixin.py:188} INFO - [2025-11-10T00:54:40.673+0000] {dag.py:3823} INFO - Setting next_dagrun for example_branch_dop_operator_v3 to 2025-11-10 00:53:00+00:00, run_after=2025-11-10 00:54:00+00:00
[2025-11-10T00:54:40.706+0000] {processor.py:183} INFO - Processing /home/airflow/.local/lib/python3.8/site-packages/airflow/example_dags/example_branch_python_dop_operator_3.py took 0.139 seconds
[2025-11-10T00:55:10.883+0000] {processor.py:161} INFO - Started process (PID=1283) to work on /home/airflow/.local/lib/python3.8/site-packages/airflow/example_dags/example_branch_python_dop_operator_3.py
[2025-11-10T00:55:10.885+0000] {processor.py:830} INFO - Processing file /home/airflow/.local/lib/python3.8/site-packages/airflow/example_dags/example_branch_python_dop_operator_3.py for tasks to queue
[2025-11-10T00:55:10.888+0000] {logging_mixin.py:188} INFO - [2025-11-10T00:55:10.887+0000] {dagbag.py:538} INFO - Filling up the DagBag from /home/airflow/.local/lib/python3.8/site-packages/airflow/example_dags/example_branch_python_dop_operator_3.py
[2025-11-10T00:55:10.902+0000] {processor.py:840} INFO - DAG(s) 'example_branch_dop_operator_v3' retrieved from /home/airflow/.local/lib/python3.8/site-packages/airflow/example_dags/example_branch_python_dop_operator_3.py
[2025-11-10T00:55:10.938+0000] {logging_mixin.py:188} INFO - [2025-11-10T00:55:10.938+0000] {dag.py:3036} INFO - Sync 1 DAGs
[2025-11-10T00:55:10.977+0000] {logging_mixin.py:188} INFO - [2025-11-10T00:55:10.977+0000] {dag.py:3823} INFO - Setting next_dagrun for example_branch_dop_operator_v3 to 2025-11-10 00:54:00+00:00, run_after=2025-11-10 00:55:00+00:00
[2025-11-10T00:55:11.008+0000] {processor.py:183} INFO - Processing /home/airflow/.local/lib/python3.8/site-packages/airflow/example_dags/example_branch_python_dop_operator_3.py took 0.129 seconds
[2025-11-10T00:55:42.396+0000] {processor.py:161} INFO - Started process (PID=1387) to work on /home/airflow/.local/lib/python3.8/site-packages/airflow/example_dags/example_branch_python_dop_operator_3.py
[2025-11-10T00:55:42.397+0000] {processor.py:830} INFO - Processing file /home/airflow/.local/lib/python3.8/site-packages/airflow/example_dags/example_branch_python_dop_operator_3.py for tasks to queue
[2025-11-10T00:55:42.398+0000] {logging_mixin.py:188} INFO - [2025-11-10T00:55:42.398+0000] {dagbag.py:538} INFO - Filling up the DagBag from /home/airflow/.local/lib/python3.8/site-packages/airflow/example_dags/example_branch_python_dop_operator_3.py
[2025-11-10T00:55:42.414+0000] {processor.py:840} INFO - DAG(s) 'example_branch_dop_operator_v3' retrieved from /home/airflow/.local/lib/python3.8/site-packages/airflow/example_dags/example_branch_python_dop_operator_3.py
[2025-11-10T00:55:42.458+0000] {logging_mixin.py:188} INFO - [2025-11-10T00:55:42.457+0000] {dag.py:3036} INFO - Sync 1 DAGs
[2025-11-10T00:55:42.504+0000] {logging_mixin.py:188} INFO - [2025-11-10T00:55:42.503+0000] {dag.py:3823} INFO - Setting next_dagrun for example_branch_dop_operator_v3 to 2025-11-10 00:54:00+00:00, run_after=2025-11-10 00:55:00+00:00
[2025-11-10T00:55:42.536+0000] {processor.py:183} INFO - Processing /home/airflow/.local/lib/python3.8/site-packages/airflow/example_dags/example_branch_python_dop_operator_3.py took 0.144 seconds
[2025-11-10T00:56:12.837+0000] {processor.py:161} INFO - Started process (PID=1477) to work on /home/airflow/.local/lib/python3.8/site-packages/airflow/example_dags/example_branch_python_dop_operator_3.py
[2025-11-10T00:56:12.838+0000] {processor.py:830} INFO - Processing file /home/airflow/.local/lib/python3.8/site-packages/airflow/example_dags/example_branch_python_dop_operator_3.py for tasks to queue
[2025-11-10T00:56:12.840+0000] {logging_mixin.py:188} INFO - [2025-11-10T00:56:12.839+0000] {dagbag.py:538} INFO - Filling up the DagBag from /home/airflow/.local/lib/python3.8/site-packages/airflow/example_dags/example_branch_python_dop_operator_3.py
[2025-11-10T00:56:12.859+0000] {processor.py:840} INFO - DAG(s) 'example_branch_dop_operator_v3' retrieved from /home/airflow/.local/lib/python3.8/site-packages/airflow/example_dags/example_branch_python_dop_operator_3.py
[2025-11-10T00:56:12.899+0000] {logging_mixin.py:188} INFO - [2025-11-10T00:56:12.899+0000] {dag.py:3036} INFO - Sync 1 DAGs
[2025-11-10T00:56:12.939+0000] {logging_mixin.py:188} INFO - [2025-11-10T00:56:12.939+0000] {dag.py:3823} INFO - Setting next_dagrun for example_branch_dop_operator_v3 to 2025-11-10 00:55:00+00:00, run_after=2025-11-10 00:56:00+00:00
[2025-11-10T00:56:12.975+0000] {processor.py:183} INFO - Processing /home/airflow/.local/lib/python3.8/site-packages/airflow/example_dags/example_branch_python_dop_operator_3.py took 0.142 seconds
[2025-11-10T00:56:44.016+0000] {processor.py:161} INFO - Started process (PID=1574) to work on /home/airflow/.local/lib/python3.8/site-packages/airflow/example_dags/example_branch_python_dop_operator_3.py
[2025-11-10T00:56:44.018+0000] {processor.py:830} INFO - Processing file /home/airflow/.local/lib/python3.8/site-packages/airflow/example_dags/example_branch_python_dop_operator_3.py for tasks to queue
[2025-11-10T00:56:44.021+0000] {logging_mixin.py:188} INFO - [2025-11-10T00:56:44.020+0000] {dagbag.py:538} INFO - Filling up the DagBag from /home/airflow/.local/lib/python3.8/site-packages/airflow/example_dags/example_branch_python_dop_operator_3.py
[2025-11-10T00:56:44.040+0000] {processor.py:840} INFO - DAG(s) 'example_branch_dop_operator_v3' retrieved from /home/airflow/.local/lib/python3.8/site-packages/airflow/example_dags/example_branch_python_dop_operator_3.py
[2025-11-10T00:56:44.082+0000] {logging_mixin.py:188} INFO - [2025-11-10T00:56:44.082+0000] {dag.py:3036} INFO - Sync 1 DAGs
[2025-11-10T00:56:44.127+0000] {logging_mixin.py:188} INFO - [2025-11-10T00:56:44.127+0000] {dag.py:3823} INFO - Setting next_dagrun for example_branch_dop_operator_v3 to 2025-11-10 00:55:00+00:00, run_after=2025-11-10 00:56:00+00:00
[2025-11-10T00:56:44.164+0000] {processor.py:183} INFO - Processing /home/airflow/.local/lib/python3.8/site-packages/airflow/example_dags/example_branch_python_dop_operator_3.py took 0.154 seconds
[2025-11-10T00:57:14.309+0000] {processor.py:161} INFO - Started process (PID=1671) to work on /home/airflow/.local/lib/python3.8/site-packages/airflow/example_dags/example_branch_python_dop_operator_3.py
[2025-11-10T00:57:14.311+0000] {processor.py:830} INFO - Processing file /home/airflow/.local/lib/python3.8/site-packages/airflow/example_dags/example_branch_python_dop_operator_3.py for tasks to queue
[2025-11-10T00:57:14.313+0000] {logging_mixin.py:188} INFO - [2025-11-10T00:57:14.313+0000] {dagbag.py:538} INFO - Filling up the DagBag from /home/airflow/.local/lib/python3.8/site-packages/airflow/example_dags/example_branch_python_dop_operator_3.py
[2025-11-10T00:57:14.334+0000] {processor.py:840} INFO - DAG(s) 'example_branch_dop_operator_v3' retrieved from /home/airflow/.local/lib/python3.8/site-packages/airflow/example_dags/example_branch_python_dop_operator_3.py
[2025-11-10T00:57:14.376+0000] {logging_mixin.py:188} INFO - [2025-11-10T00:57:14.376+0000] {dag.py:3036} INFO - Sync 1 DAGs
[2025-11-10T00:57:14.420+0000] {logging_mixin.py:188} INFO - [2025-11-10T00:57:14.419+0000] {dag.py:3823} INFO - Setting next_dagrun for example_branch_dop_operator_v3 to 2025-11-10 00:56:00+00:00, run_after=2025-11-10 00:57:00+00:00
[2025-11-10T00:57:14.457+0000] {processor.py:183} INFO - Processing /home/airflow/.local/lib/python3.8/site-packages/airflow/example_dags/example_branch_python_dop_operator_3.py took 0.154 seconds
[2025-11-10T00:57:44.710+0000] {processor.py:161} INFO - Started process (PID=1776) to work on /home/airflow/.local/lib/python3.8/site-packages/airflow/example_dags/example_branch_python_dop_operator_3.py
[2025-11-10T00:57:44.711+0000] {processor.py:830} INFO - Processing file /home/airflow/.local/lib/python3.8/site-packages/airflow/example_dags/example_branch_python_dop_operator_3.py for tasks to queue
[2025-11-10T00:57:44.714+0000] {logging_mixin.py:188} INFO - [2025-11-10T00:57:44.714+0000] {dagbag.py:538} INFO - Filling up the DagBag from /home/airflow/.local/lib/python3.8/site-packages/airflow/example_dags/example_branch_python_dop_operator_3.py
[2025-11-10T00:57:44.727+0000] {processor.py:840} INFO - DAG(s) 'example_branch_dop_operator_v3' retrieved from /home/airflow/.local/lib/python3.8/site-packages/airflow/example_dags/example_branch_python_dop_operator_3.py
[2025-11-10T00:57:44.761+0000] {logging_mixin.py:188} INFO - [2025-11-10T00:57:44.761+0000] {dag.py:3036} INFO - Sync 1 DAGs
[2025-11-10T00:57:44.809+0000] {logging_mixin.py:188} INFO - [2025-11-10T00:57:44.808+0000] {dag.py:3823} INFO - Setting next_dagrun for example_branch_dop_operator_v3 to 2025-11-10 00:56:00+00:00, run_after=2025-11-10 00:57:00+00:00
[2025-11-10T00:57:44.843+0000] {processor.py:183} INFO - Processing /home/airflow/.local/lib/python3.8/site-packages/airflow/example_dags/example_branch_python_dop_operator_3.py took 0.140 seconds
[2025-11-10T00:58:15.130+0000] {processor.py:161} INFO - Started process (PID=1888) to work on /home/airflow/.local/lib/python3.8/site-packages/airflow/example_dags/example_branch_python_dop_operator_3.py
[2025-11-10T00:58:15.131+0000] {processor.py:830} INFO - Processing file /home/airflow/.local/lib/python3.8/site-packages/airflow/example_dags/example_branch_python_dop_operator_3.py for tasks to queue
[2025-11-10T00:58:15.132+0000] {logging_mixin.py:188} INFO - [2025-11-10T00:58:15.132+0000] {dagbag.py:538} INFO - Filling up the DagBag from /home/airflow/.local/lib/python3.8/site-packages/airflow/example_dags/example_branch_python_dop_operator_3.py
[2025-11-10T00:58:15.144+0000] {processor.py:840} INFO - DAG(s) 'example_branch_dop_operator_v3' retrieved from /home/airflow/.local/lib/python3.8/site-packages/airflow/example_dags/example_branch_python_dop_operator_3.py
[2025-11-10T00:58:15.177+0000] {logging_mixin.py:188} INFO - [2025-11-10T00:58:15.177+0000] {dag.py:3036} INFO - Sync 1 DAGs
[2025-11-10T00:58:15.215+0000] {logging_mixin.py:188} INFO - [2025-11-10T00:58:15.215+0000] {dag.py:3823} INFO - Setting next_dagrun for example_branch_dop_operator_v3 to 2025-11-10 00:57:00+00:00, run_after=2025-11-10 00:58:00+00:00
[2025-11-10T00:58:15.246+0000] {processor.py:183} INFO - Processing /home/airflow/.local/lib/python3.8/site-packages/airflow/example_dags/example_branch_python_dop_operator_3.py took 0.121 seconds
[2025-11-10T00:58:46.256+0000] {processor.py:161} INFO - Started process (PID=1985) to work on /home/airflow/.local/lib/python3.8/site-packages/airflow/example_dags/example_branch_python_dop_operator_3.py
[2025-11-10T00:58:46.258+0000] {processor.py:830} INFO - Processing file /home/airflow/.local/lib/python3.8/site-packages/airflow/example_dags/example_branch_python_dop_operator_3.py for tasks to queue
[2025-11-10T00:58:46.259+0000] {logging_mixin.py:188} INFO - [2025-11-10T00:58:46.259+0000] {dagbag.py:538} INFO - Filling up the DagBag from /home/airflow/.local/lib/python3.8/site-packages/airflow/example_dags/example_branch_python_dop_operator_3.py
[2025-11-10T00:58:46.275+0000] {processor.py:840} INFO - DAG(s) 'example_branch_dop_operator_v3' retrieved from /home/airflow/.local/lib/python3.8/site-packages/airflow/example_dags/example_branch_python_dop_operator_3.py
[2025-11-10T00:58:46.314+0000] {logging_mixin.py:188} INFO - [2025-11-10T00:58:46.314+0000] {dag.py:3036} INFO - Sync 1 DAGs
[2025-11-10T00:58:46.371+0000] {logging_mixin.py:188} INFO - [2025-11-10T00:58:46.371+0000] {dag.py:3823} INFO - Setting next_dagrun for example_branch_dop_operator_v3 to 2025-11-10 00:57:00+00:00, run_after=2025-11-10 00:58:00+00:00
[2025-11-10T00:58:46.404+0000] {processor.py:183} INFO - Processing /home/airflow/.local/lib/python3.8/site-packages/airflow/example_dags/example_branch_python_dop_operator_3.py took 0.154 seconds
[2025-11-10T00:59:16.552+0000] {processor.py:161} INFO - Started process (PID=2082) to work on /home/airflow/.local/lib/python3.8/site-packages/airflow/example_dags/example_branch_python_dop_operator_3.py
[2025-11-10T00:59:16.553+0000] {processor.py:830} INFO - Processing file /home/airflow/.local/lib/python3.8/site-packages/airflow/example_dags/example_branch_python_dop_operator_3.py for tasks to queue
[2025-11-10T00:59:16.554+0000] {logging_mixin.py:188} INFO - [2025-11-10T00:59:16.554+0000] {dagbag.py:538} INFO - Filling up the DagBag from /home/airflow/.local/lib/python3.8/site-packages/airflow/example_dags/example_branch_python_dop_operator_3.py
[2025-11-10T00:59:16.565+0000] {processor.py:840} INFO - DAG(s) 'example_branch_dop_operator_v3' retrieved from /home/airflow/.local/lib/python3.8/site-packages/airflow/example_dags/example_branch_python_dop_operator_3.py
[2025-11-10T00:59:16.595+0000] {logging_mixin.py:188} INFO - [2025-11-10T00:59:16.595+0000] {dag.py:3036} INFO - Sync 1 DAGs
[2025-11-10T00:59:16.629+0000] {logging_mixin.py:188} INFO - [2025-11-10T00:59:16.628+0000] {dag.py:3823} INFO - Setting next_dagrun for example_branch_dop_operator_v3 to 2025-11-10 00:58:00+00:00, run_after=2025-11-10 00:59:00+00:00
[2025-11-10T00:59:16.657+0000] {processor.py:183} INFO - Processing /home/airflow/.local/lib/python3.8/site-packages/airflow/example_dags/example_branch_python_dop_operator_3.py took 0.110 seconds
[2025-11-10T00:59:47.550+0000] {processor.py:161} INFO - Started process (PID=2178) to work on /home/airflow/.local/lib/python3.8/site-packages/airflow/example_dags/example_branch_python_dop_operator_3.py
[2025-11-10T00:59:47.551+0000] {processor.py:830} INFO - Processing file /home/airflow/.local/lib/python3.8/site-packages/airflow/example_dags/example_branch_python_dop_operator_3.py for tasks to queue
[2025-11-10T00:59:47.552+0000] {logging_mixin.py:188} INFO - [2025-11-10T00:59:47.552+0000] {dagbag.py:538} INFO - Filling up the DagBag from /home/airflow/.local/lib/python3.8/site-packages/airflow/example_dags/example_branch_python_dop_operator_3.py
[2025-11-10T00:59:47.562+0000] {processor.py:840} INFO - DAG(s) 'example_branch_dop_operator_v3' retrieved from /home/airflow/.local/lib/python3.8/site-packages/airflow/example_dags/example_branch_python_dop_operator_3.py
[2025-11-10T00:59:47.601+0000] {logging_mixin.py:188} INFO - [2025-11-10T00:59:47.601+0000] {dag.py:3036} INFO - Sync 1 DAGs
[2025-11-10T00:59:47.659+0000] {logging_mixin.py:188} INFO - [2025-11-10T00:59:47.659+0000] {dag.py:3823} INFO - Setting next_dagrun for example_branch_dop_operator_v3 to 2025-11-10 00:58:00+00:00, run_after=2025-11-10 00:59:00+00:00
[2025-11-10T00:59:47.687+0000] {processor.py:183} INFO - Processing /home/airflow/.local/lib/python3.8/site-packages/airflow/example_dags/example_branch_python_dop_operator_3.py took 0.141 seconds
[2025-11-10T01:00:17.854+0000] {processor.py:161} INFO - Started process (PID=2275) to work on /home/airflow/.local/lib/python3.8/site-packages/airflow/example_dags/example_branch_python_dop_operator_3.py
[2025-11-10T01:00:17.855+0000] {processor.py:830} INFO - Processing file /home/airflow/.local/lib/python3.8/site-packages/airflow/example_dags/example_branch_python_dop_operator_3.py for tasks to queue
[2025-11-10T01:00:17.856+0000] {logging_mixin.py:188} INFO - [2025-11-10T01:00:17.856+0000] {dagbag.py:538} INFO - Filling up the DagBag from /home/airflow/.local/lib/python3.8/site-packages/airflow/example_dags/example_branch_python_dop_operator_3.py
[2025-11-10T01:00:17.873+0000] {processor.py:840} INFO - DAG(s) 'example_branch_dop_operator_v3' retrieved from /home/airflow/.local/lib/python3.8/site-packages/airflow/example_dags/example_branch_python_dop_operator_3.py
[2025-11-10T01:00:17.915+0000] {logging_mixin.py:188} INFO - [2025-11-10T01:00:17.914+0000] {dag.py:3036} INFO - Sync 1 DAGs
[2025-11-10T01:00:17.962+0000] {logging_mixin.py:188} INFO - [2025-11-10T01:00:17.962+0000] {dag.py:3823} INFO - Setting next_dagrun for example_branch_dop_operator_v3 to 2025-11-10 00:59:00+00:00, run_after=2025-11-10 01:00:00+00:00
[2025-11-10T01:00:17.986+0000] {processor.py:183} INFO - Processing /home/airflow/.local/lib/python3.8/site-packages/airflow/example_dags/example_branch_python_dop_operator_3.py took 0.137 seconds
[2025-11-10T01:00:48.283+0000] {processor.py:161} INFO - Started process (PID=2380) to work on /home/airflow/.local/lib/python3.8/site-packages/airflow/example_dags/example_branch_python_dop_operator_3.py
[2025-11-10T01:00:48.284+0000] {processor.py:830} INFO - Processing file /home/airflow/.local/lib/python3.8/site-packages/airflow/example_dags/example_branch_python_dop_operator_3.py for tasks to queue
[2025-11-10T01:00:48.286+0000] {logging_mixin.py:188} INFO - [2025-11-10T01:00:48.285+0000] {dagbag.py:538} INFO - Filling up the DagBag from /home/airflow/.local/lib/python3.8/site-packages/airflow/example_dags/example_branch_python_dop_operator_3.py
[2025-11-10T01:00:48.299+0000] {processor.py:840} INFO - DAG(s) 'example_branch_dop_operator_v3' retrieved from /home/airflow/.local/lib/python3.8/site-packages/airflow/example_dags/example_branch_python_dop_operator_3.py
[2025-11-10T01:00:48.329+0000] {logging_mixin.py:188} INFO - [2025-11-10T01:00:48.329+0000] {dag.py:3036} INFO - Sync 1 DAGs
[2025-11-10T01:00:48.364+0000] {logging_mixin.py:188} INFO - [2025-11-10T01:00:48.364+0000] {dag.py:3823} INFO - Setting next_dagrun for example_branch_dop_operator_v3 to 2025-11-10 00:59:00+00:00, run_after=2025-11-10 01:00:00+00:00
[2025-11-10T01:00:48.393+0000] {processor.py:183} INFO - Processing /home/airflow/.local/lib/python3.8/site-packages/airflow/example_dags/example_branch_python_dop_operator_3.py took 0.114 seconds
[2025-11-10T01:01:19.214+0000] {processor.py:161} INFO - Started process (PID=2492) to work on /home/airflow/.local/lib/python3.8/site-packages/airflow/example_dags/example_branch_python_dop_operator_3.py
[2025-11-10T01:01:19.215+0000] {processor.py:830} INFO - Processing file /home/airflow/.local/lib/python3.8/site-packages/airflow/example_dags/example_branch_python_dop_operator_3.py for tasks to queue
[2025-11-10T01:01:19.217+0000] {logging_mixin.py:188} INFO - [2025-11-10T01:01:19.216+0000] {dagbag.py:538} INFO - Filling up the DagBag from /home/airflow/.local/lib/python3.8/site-packages/airflow/example_dags/example_branch_python_dop_operator_3.py
[2025-11-10T01:01:19.231+0000] {processor.py:840} INFO - DAG(s) 'example_branch_dop_operator_v3' retrieved from /home/airflow/.local/lib/python3.8/site-packages/airflow/example_dags/example_branch_python_dop_operator_3.py
[2025-11-10T01:01:19.263+0000] {logging_mixin.py:188} INFO - [2025-11-10T01:01:19.263+0000] {dag.py:3036} INFO - Sync 1 DAGs
[2025-11-10T01:01:19.300+0000] {logging_mixin.py:188} INFO - [2025-11-10T01:01:19.299+0000] {dag.py:3823} INFO - Setting next_dagrun for example_branch_dop_operator_v3 to 2025-11-10 01:00:00+00:00, run_after=2025-11-10 01:01:00+00:00
[2025-11-10T01:01:19.330+0000] {processor.py:183} INFO - Processing /home/airflow/.local/lib/python3.8/site-packages/airflow/example_dags/example_branch_python_dop_operator_3.py took 0.121 seconds
[2025-11-10T01:01:49.707+0000] {processor.py:161} INFO - Started process (PID=2589) to work on /home/airflow/.local/lib/python3.8/site-packages/airflow/example_dags/example_branch_python_dop_operator_3.py
[2025-11-10T01:01:49.708+0000] {processor.py:830} INFO - Processing file /home/airflow/.local/lib/python3.8/site-packages/airflow/example_dags/example_branch_python_dop_operator_3.py for tasks to queue
[2025-11-10T01:01:49.710+0000] {logging_mixin.py:188} INFO - [2025-11-10T01:01:49.709+0000] {dagbag.py:538} INFO - Filling up the DagBag from /home/airflow/.local/lib/python3.8/site-packages/airflow/example_dags/example_branch_python_dop_operator_3.py
[2025-11-10T01:01:49.726+0000] {processor.py:840} INFO - DAG(s) 'example_branch_dop_operator_v3' retrieved from /home/airflow/.local/lib/python3.8/site-packages/airflow/example_dags/example_branch_python_dop_operator_3.py
[2025-11-10T01:01:49.758+0000] {logging_mixin.py:188} INFO - [2025-11-10T01:01:49.757+0000] {dag.py:3036} INFO - Sync 1 DAGs
[2025-11-10T01:01:49.853+0000] {logging_mixin.py:188} INFO - [2025-11-10T01:01:49.852+0000] {dag.py:3823} INFO - Setting next_dagrun for example_branch_dop_operator_v3 to 2025-11-10 01:00:00+00:00, run_after=2025-11-10 01:01:00+00:00
[2025-11-10T01:01:49.892+0000] {processor.py:183} INFO - Processing /home/airflow/.local/lib/python3.8/site-packages/airflow/example_dags/example_branch_python_dop_operator_3.py took 0.189 seconds
[2025-11-10T01:02:20.658+0000] {processor.py:161} INFO - Started process (PID=2686) to work on /home/airflow/.local/lib/python3.8/site-packages/airflow/example_dags/example_branch_python_dop_operator_3.py
[2025-11-10T01:02:20.659+0000] {processor.py:830} INFO - Processing file /home/airflow/.local/lib/python3.8/site-packages/airflow/example_dags/example_branch_python_dop_operator_3.py for tasks to queue
[2025-11-10T01:02:20.661+0000] {logging_mixin.py:188} INFO - [2025-11-10T01:02:20.660+0000] {dagbag.py:538} INFO - Filling up the DagBag from /home/airflow/.local/lib/python3.8/site-packages/airflow/example_dags/example_branch_python_dop_operator_3.py
[2025-11-10T01:02:20.674+0000] {processor.py:840} INFO - DAG(s) 'example_branch_dop_operator_v3' retrieved from /home/airflow/.local/lib/python3.8/site-packages/airflow/example_dags/example_branch_python_dop_operator_3.py
[2025-11-10T01:02:20.708+0000] {logging_mixin.py:188} INFO - [2025-11-10T01:02:20.708+0000] {dag.py:3036} INFO - Sync 1 DAGs
[2025-11-10T01:02:20.744+0000] {logging_mixin.py:188} INFO - [2025-11-10T01:02:20.744+0000] {dag.py:3823} INFO - Setting next_dagrun for example_branch_dop_operator_v3 to 2025-11-10 01:01:00+00:00, run_after=2025-11-10 01:02:00+00:00
[2025-11-10T01:02:20.775+0000] {processor.py:183} INFO - Processing /home/airflow/.local/lib/python3.8/site-packages/airflow/example_dags/example_branch_python_dop_operator_3.py took 0.124 seconds
[2025-11-10T01:02:51.775+0000] {processor.py:161} INFO - Started process (PID=2783) to work on /home/airflow/.local/lib/python3.8/site-packages/airflow/example_dags/example_branch_python_dop_operator_3.py
[2025-11-10T01:02:51.776+0000] {processor.py:830} INFO - Processing file /home/airflow/.local/lib/python3.8/site-packages/airflow/example_dags/example_branch_python_dop_operator_3.py for tasks to queue
[2025-11-10T01:02:51.777+0000] {logging_mixin.py:188} INFO - [2025-11-10T01:02:51.777+0000] {dagbag.py:538} INFO - Filling up the DagBag from /home/airflow/.local/lib/python3.8/site-packages/airflow/example_dags/example_branch_python_dop_operator_3.py
[2025-11-10T01:02:51.788+0000] {processor.py:840} INFO - DAG(s) 'example_branch_dop_operator_v3' retrieved from /home/airflow/.local/lib/python3.8/site-packages/airflow/example_dags/example_branch_python_dop_operator_3.py
[2025-11-10T01:02:51.816+0000] {logging_mixin.py:188} INFO - [2025-11-10T01:02:51.816+0000] {dag.py:3036} INFO - Sync 1 DAGs
[2025-11-10T01:02:51.851+0000] {logging_mixin.py:188} INFO - [2025-11-10T01:02:51.850+0000] {dag.py:3823} INFO - Setting next_dagrun for example_branch_dop_operator_v3 to 2025-11-10 01:01:00+00:00, run_after=2025-11-10 01:02:00+00:00
[2025-11-10T01:02:51.886+0000] {processor.py:183} INFO - Processing /home/airflow/.local/lib/python3.8/site-packages/airflow/example_dags/example_branch_python_dop_operator_3.py took 0.115 seconds
[2025-11-10T01:03:21.941+0000] {processor.py:161} INFO - Started process (PID=2888) to work on /home/airflow/.local/lib/python3.8/site-packages/airflow/example_dags/example_branch_python_dop_operator_3.py
[2025-11-10T01:03:21.943+0000] {processor.py:830} INFO - Processing file /home/airflow/.local/lib/python3.8/site-packages/airflow/example_dags/example_branch_python_dop_operator_3.py for tasks to queue
[2025-11-10T01:03:21.946+0000] {logging_mixin.py:188} INFO - [2025-11-10T01:03:21.945+0000] {dagbag.py:538} INFO - Filling up the DagBag from /home/airflow/.local/lib/python3.8/site-packages/airflow/example_dags/example_branch_python_dop_operator_3.py
[2025-11-10T01:03:21.958+0000] {processor.py:840} INFO - DAG(s) 'example_branch_dop_operator_v3' retrieved from /home/airflow/.local/lib/python3.8/site-packages/airflow/example_dags/example_branch_python_dop_operator_3.py
[2025-11-10T01:03:21.986+0000] {logging_mixin.py:188} INFO - [2025-11-10T01:03:21.985+0000] {dag.py:3036} INFO - Sync 1 DAGs
[2025-11-10T01:03:22.014+0000] {logging_mixin.py:188} INFO - [2025-11-10T01:03:22.014+0000] {dag.py:3823} INFO - Setting next_dagrun for example_branch_dop_operator_v3 to 2025-11-10 01:02:00+00:00, run_after=2025-11-10 01:03:00+00:00
[2025-11-10T01:03:22.037+0000] {processor.py:183} INFO - Processing /home/airflow/.local/lib/python3.8/site-packages/airflow/example_dags/example_branch_python_dop_operator_3.py took 0.100 seconds
[2025-11-10T01:03:52.213+0000] {processor.py:161} INFO - Started process (PID=3000) to work on /home/airflow/.local/lib/python3.8/site-packages/airflow/example_dags/example_branch_python_dop_operator_3.py
[2025-11-10T01:03:52.214+0000] {processor.py:830} INFO - Processing file /home/airflow/.local/lib/python3.8/site-packages/airflow/example_dags/example_branch_python_dop_operator_3.py for tasks to queue
[2025-11-10T01:03:52.216+0000] {logging_mixin.py:188} INFO - [2025-11-10T01:03:52.215+0000] {dagbag.py:538} INFO - Filling up the DagBag from /home/airflow/.local/lib/python3.8/site-packages/airflow/example_dags/example_branch_python_dop_operator_3.py
[2025-11-10T01:03:52.227+0000] {processor.py:840} INFO - DAG(s) 'example_branch_dop_operator_v3' retrieved from /home/airflow/.local/lib/python3.8/site-packages/airflow/example_dags/example_branch_python_dop_operator_3.py
[2025-11-10T01:03:52.258+0000] {logging_mixin.py:188} INFO - [2025-11-10T01:03:52.257+0000] {dag.py:3036} INFO - Sync 1 DAGs
[2025-11-10T01:03:52.293+0000] {logging_mixin.py:188} INFO - [2025-11-10T01:03:52.292+0000] {dag.py:3823} INFO - Setting next_dagrun for example_branch_dop_operator_v3 to 2025-11-10 01:02:00+00:00, run_after=2025-11-10 01:03:00+00:00
[2025-11-10T01:03:52.323+0000] {processor.py:183} INFO - Processing /home/airflow/.local/lib/python3.8/site-packages/airflow/example_dags/example_branch_python_dop_operator_3.py took 0.114 seconds
[2025-11-10T01:04:23.167+0000] {processor.py:161} INFO - Started process (PID=3097) to work on /home/airflow/.local/lib/python3.8/site-packages/airflow/example_dags/example_branch_python_dop_operator_3.py
[2025-11-10T01:04:23.167+0000] {processor.py:830} INFO - Processing file /home/airflow/.local/lib/python3.8/site-packages/airflow/example_dags/example_branch_python_dop_operator_3.py for tasks to queue
[2025-11-10T01:04:23.170+0000] {logging_mixin.py:188} INFO - [2025-11-10T01:04:23.169+0000] {dagbag.py:538} INFO - Filling up the DagBag from /home/airflow/.local/lib/python3.8/site-packages/airflow/example_dags/example_branch_python_dop_operator_3.py
[2025-11-10T01:04:23.180+0000] {processor.py:840} INFO - DAG(s) 'example_branch_dop_operator_v3' retrieved from /home/airflow/.local/lib/python3.8/site-packages/airflow/example_dags/example_branch_python_dop_operator_3.py
[2025-11-10T01:04:23.206+0000] {logging_mixin.py:188} INFO - [2025-11-10T01:04:23.206+0000] {dag.py:3036} INFO - Sync 1 DAGs
[2025-11-10T01:04:23.240+0000] {logging_mixin.py:188} INFO - [2025-11-10T01:04:23.240+0000] {dag.py:3823} INFO - Setting next_dagrun for example_branch_dop_operator_v3 to 2025-11-10 01:03:00+00:00, run_after=2025-11-10 01:04:00+00:00
[2025-11-10T01:04:23.267+0000] {processor.py:183} INFO - Processing /home/airflow/.local/lib/python3.8/site-packages/airflow/example_dags/example_branch_python_dop_operator_3.py took 0.104 seconds
[2025-11-10T01:04:53.459+0000] {processor.py:161} INFO - Started process (PID=3194) to work on /home/airflow/.local/lib/python3.8/site-packages/airflow/example_dags/example_branch_python_dop_operator_3.py
[2025-11-10T01:04:53.461+0000] {processor.py:830} INFO - Processing file /home/airflow/.local/lib/python3.8/site-packages/airflow/example_dags/example_branch_python_dop_operator_3.py for tasks to queue
[2025-11-10T01:04:53.463+0000] {logging_mixin.py:188} INFO - [2025-11-10T01:04:53.462+0000] {dagbag.py:538} INFO - Filling up the DagBag from /home/airflow/.local/lib/python3.8/site-packages/airflow/example_dags/example_branch_python_dop_operator_3.py
[2025-11-10T01:04:53.474+0000] {processor.py:840} INFO - DAG(s) 'example_branch_dop_operator_v3' retrieved from /home/airflow/.local/lib/python3.8/site-packages/airflow/example_dags/example_branch_python_dop_operator_3.py
[2025-11-10T01:04:53.501+0000] {logging_mixin.py:188} INFO - [2025-11-10T01:04:53.501+0000] {dag.py:3036} INFO - Sync 1 DAGs
[2025-11-10T01:04:53.531+0000] {logging_mixin.py:188} INFO - [2025-11-10T01:04:53.531+0000] {dag.py:3823} INFO - Setting next_dagrun for example_branch_dop_operator_v3 to 2025-11-10 01:03:00+00:00, run_after=2025-11-10 01:04:00+00:00
[2025-11-10T01:04:53.555+0000] {processor.py:183} INFO - Processing /home/airflow/.local/lib/python3.8/site-packages/airflow/example_dags/example_branch_python_dop_operator_3.py took 0.099 seconds
[2025-11-10T01:05:23.695+0000] {processor.py:161} INFO - Started process (PID=3291) to work on /home/airflow/.local/lib/python3.8/site-packages/airflow/example_dags/example_branch_python_dop_operator_3.py
[2025-11-10T01:05:23.696+0000] {processor.py:830} INFO - Processing file /home/airflow/.local/lib/python3.8/site-packages/airflow/example_dags/example_branch_python_dop_operator_3.py for tasks to queue
[2025-11-10T01:05:23.697+0000] {logging_mixin.py:188} INFO - [2025-11-10T01:05:23.697+0000] {dagbag.py:538} INFO - Filling up the DagBag from /home/airflow/.local/lib/python3.8/site-packages/airflow/example_dags/example_branch_python_dop_operator_3.py
[2025-11-10T01:05:23.709+0000] {processor.py:840} INFO - DAG(s) 'example_branch_dop_operator_v3' retrieved from /home/airflow/.local/lib/python3.8/site-packages/airflow/example_dags/example_branch_python_dop_operator_3.py
[2025-11-10T01:05:23.737+0000] {logging_mixin.py:188} INFO - [2025-11-10T01:05:23.736+0000] {dag.py:3036} INFO - Sync 1 DAGs
[2025-11-10T01:05:23.768+0000] {logging_mixin.py:188} INFO - [2025-11-10T01:05:23.768+0000] {dag.py:3823} INFO - Setting next_dagrun for example_branch_dop_operator_v3 to 2025-11-10 01:04:00+00:00, run_after=2025-11-10 01:05:00+00:00
[2025-11-10T01:05:23.792+0000] {processor.py:183} INFO - Processing /home/airflow/.local/lib/python3.8/site-packages/airflow/example_dags/example_branch_python_dop_operator_3.py took 0.101 seconds
[2025-11-10T01:05:54.253+0000] {processor.py:161} INFO - Started process (PID=3396) to work on /home/airflow/.local/lib/python3.8/site-packages/airflow/example_dags/example_branch_python_dop_operator_3.py
[2025-11-10T01:05:54.254+0000] {processor.py:830} INFO - Processing file /home/airflow/.local/lib/python3.8/site-packages/airflow/example_dags/example_branch_python_dop_operator_3.py for tasks to queue
[2025-11-10T01:05:54.255+0000] {logging_mixin.py:188} INFO - [2025-11-10T01:05:54.255+0000] {dagbag.py:538} INFO - Filling up the DagBag from /home/airflow/.local/lib/python3.8/site-packages/airflow/example_dags/example_branch_python_dop_operator_3.py
[2025-11-10T01:05:54.267+0000] {processor.py:840} INFO - DAG(s) 'example_branch_dop_operator_v3' retrieved from /home/airflow/.local/lib/python3.8/site-packages/airflow/example_dags/example_branch_python_dop_operator_3.py
[2025-11-10T01:05:54.294+0000] {logging_mixin.py:188} INFO - [2025-11-10T01:05:54.293+0000] {dag.py:3036} INFO - Sync 1 DAGs
[2025-11-10T01:05:54.326+0000] {logging_mixin.py:188} INFO - [2025-11-10T01:05:54.326+0000] {dag.py:3823} INFO - Setting next_dagrun for example_branch_dop_operator_v3 to 2025-11-10 01:04:00+00:00, run_after=2025-11-10 01:05:00+00:00
[2025-11-10T01:05:54.351+0000] {processor.py:183} INFO - Processing /home/airflow/.local/lib/python3.8/site-packages/airflow/example_dags/example_branch_python_dop_operator_3.py took 0.102 seconds
[2025-11-10T01:06:24.680+0000] {processor.py:161} INFO - Started process (PID=3509) to work on /home/airflow/.local/lib/python3.8/site-packages/airflow/example_dags/example_branch_python_dop_operator_3.py
[2025-11-10T01:06:24.681+0000] {processor.py:830} INFO - Processing file /home/airflow/.local/lib/python3.8/site-packages/airflow/example_dags/example_branch_python_dop_operator_3.py for tasks to queue
[2025-11-10T01:06:24.683+0000] {logging_mixin.py:188} INFO - [2025-11-10T01:06:24.682+0000] {dagbag.py:538} INFO - Filling up the DagBag from /home/airflow/.local/lib/python3.8/site-packages/airflow/example_dags/example_branch_python_dop_operator_3.py
[2025-11-10T01:06:24.694+0000] {processor.py:840} INFO - DAG(s) 'example_branch_dop_operator_v3' retrieved from /home/airflow/.local/lib/python3.8/site-packages/airflow/example_dags/example_branch_python_dop_operator_3.py
[2025-11-10T01:06:24.722+0000] {logging_mixin.py:188} INFO - [2025-11-10T01:06:24.721+0000] {dag.py:3036} INFO - Sync 1 DAGs
[2025-11-10T01:06:24.900+0000] {logging_mixin.py:188} INFO - [2025-11-10T01:06:24.900+0000] {dag.py:3823} INFO - Setting next_dagrun for example_branch_dop_operator_v3 to 2025-11-10 01:05:00+00:00, run_after=2025-11-10 01:06:00+00:00
[2025-11-10T01:06:24.921+0000] {processor.py:183} INFO - Processing /home/airflow/.local/lib/python3.8/site-packages/airflow/example_dags/example_branch_python_dop_operator_3.py took 0.244 seconds
[2025-11-10T01:06:55.168+0000] {processor.py:161} INFO - Started process (PID=3606) to work on /home/airflow/.local/lib/python3.8/site-packages/airflow/example_dags/example_branch_python_dop_operator_3.py
[2025-11-10T01:06:55.169+0000] {processor.py:830} INFO - Processing file /home/airflow/.local/lib/python3.8/site-packages/airflow/example_dags/example_branch_python_dop_operator_3.py for tasks to queue
[2025-11-10T01:06:55.170+0000] {logging_mixin.py:188} INFO - [2025-11-10T01:06:55.169+0000] {dagbag.py:538} INFO - Filling up the DagBag from /home/airflow/.local/lib/python3.8/site-packages/airflow/example_dags/example_branch_python_dop_operator_3.py
[2025-11-10T01:06:55.181+0000] {processor.py:840} INFO - DAG(s) 'example_branch_dop_operator_v3' retrieved from /home/airflow/.local/lib/python3.8/site-packages/airflow/example_dags/example_branch_python_dop_operator_3.py
[2025-11-10T01:06:55.208+0000] {logging_mixin.py:188} INFO - [2025-11-10T01:06:55.208+0000] {dag.py:3036} INFO - Sync 1 DAGs
[2025-11-10T01:06:55.239+0000] {logging_mixin.py:188} INFO - [2025-11-10T01:06:55.239+0000] {dag.py:3823} INFO - Setting next_dagrun for example_branch_dop_operator_v3 to 2025-11-10 01:05:00+00:00, run_after=2025-11-10 01:06:00+00:00
[2025-11-10T01:06:55.262+0000] {processor.py:183} INFO - Processing /home/airflow/.local/lib/python3.8/site-packages/airflow/example_dags/example_branch_python_dop_operator_3.py took 0.098 seconds
