[2025-11-10T00:49:32.435+0000] {processor.py:161} INFO - Started process (PID=189) to work on /home/airflow/.local/lib/python3.8/site-packages/airflow/example_dags/example_sensors.py
[2025-11-10T00:49:32.436+0000] {processor.py:830} INFO - Processing file /home/airflow/.local/lib/python3.8/site-packages/airflow/example_dags/example_sensors.py for tasks to queue
[2025-11-10T00:49:32.437+0000] {logging_mixin.py:188} INFO - [2025-11-10T00:49:32.437+0000] {dagbag.py:538} INFO - Filling up the DagBag from /home/airflow/.local/lib/python3.8/site-packages/airflow/example_dags/example_sensors.py
[2025-11-10T00:49:32.451+0000] {processor.py:840} INFO - DAG(s) 'example_sensors' retrieved from /home/airflow/.local/lib/python3.8/site-packages/airflow/example_dags/example_sensors.py
[2025-11-10T00:49:32.641+0000] {logging_mixin.py:188} INFO - [2025-11-10T00:49:32.640+0000] {override.py:1769} INFO - Created Permission View: can delete on DAG:example_sensors
[2025-11-10T00:49:32.659+0000] {logging_mixin.py:188} INFO - [2025-11-10T00:49:32.658+0000] {override.py:1769} INFO - Created Permission View: can read on DAG:example_sensors
[2025-11-10T00:49:32.672+0000] {logging_mixin.py:188} INFO - [2025-11-10T00:49:32.671+0000] {override.py:1769} INFO - Created Permission View: can edit on DAG:example_sensors
[2025-11-10T00:49:32.673+0000] {logging_mixin.py:188} INFO - [2025-11-10T00:49:32.672+0000] {dag.py:3036} INFO - Sync 1 DAGs
[2025-11-10T00:49:32.689+0000] {logging_mixin.py:188} INFO - [2025-11-10T00:49:32.688+0000] {dag.py:3058} INFO - Creating ORM DAG for example_sensors
[2025-11-10T00:49:32.690+0000] {logging_mixin.py:188} INFO - [2025-11-10T00:49:32.690+0000] {dag.py:3823} INFO - Setting next_dagrun for example_sensors to None, run_after=None
[2025-11-10T00:49:32.725+0000] {processor.py:183} INFO - Processing /home/airflow/.local/lib/python3.8/site-packages/airflow/example_dags/example_sensors.py took 0.296 seconds
[2025-11-10T00:50:02.967+0000] {processor.py:161} INFO - Started process (PID=286) to work on /home/airflow/.local/lib/python3.8/site-packages/airflow/example_dags/example_sensors.py
[2025-11-10T00:50:02.968+0000] {processor.py:830} INFO - Processing file /home/airflow/.local/lib/python3.8/site-packages/airflow/example_dags/example_sensors.py for tasks to queue
[2025-11-10T00:50:02.970+0000] {logging_mixin.py:188} INFO - [2025-11-10T00:50:02.969+0000] {dagbag.py:538} INFO - Filling up the DagBag from /home/airflow/.local/lib/python3.8/site-packages/airflow/example_dags/example_sensors.py
[2025-11-10T00:50:02.983+0000] {processor.py:840} INFO - DAG(s) 'example_sensors' retrieved from /home/airflow/.local/lib/python3.8/site-packages/airflow/example_dags/example_sensors.py
[2025-11-10T00:50:03.024+0000] {logging_mixin.py:188} INFO - [2025-11-10T00:50:03.023+0000] {dag.py:3036} INFO - Sync 1 DAGs
[2025-11-10T00:50:03.040+0000] {logging_mixin.py:188} INFO - [2025-11-10T00:50:03.039+0000] {dag.py:3823} INFO - Setting next_dagrun for example_sensors to None, run_after=None
[2025-11-10T00:50:03.066+0000] {processor.py:183} INFO - Processing /home/airflow/.local/lib/python3.8/site-packages/airflow/example_dags/example_sensors.py took 0.103 seconds
[2025-11-10T00:50:33.299+0000] {processor.py:161} INFO - Started process (PID=383) to work on /home/airflow/.local/lib/python3.8/site-packages/airflow/example_dags/example_sensors.py
[2025-11-10T00:50:33.300+0000] {processor.py:830} INFO - Processing file /home/airflow/.local/lib/python3.8/site-packages/airflow/example_dags/example_sensors.py for tasks to queue
[2025-11-10T00:50:33.301+0000] {logging_mixin.py:188} INFO - [2025-11-10T00:50:33.301+0000] {dagbag.py:538} INFO - Filling up the DagBag from /home/airflow/.local/lib/python3.8/site-packages/airflow/example_dags/example_sensors.py
[2025-11-10T00:50:33.316+0000] {processor.py:840} INFO - DAG(s) 'example_sensors' retrieved from /home/airflow/.local/lib/python3.8/site-packages/airflow/example_dags/example_sensors.py
[2025-11-10T00:50:33.359+0000] {logging_mixin.py:188} INFO - [2025-11-10T00:50:33.359+0000] {dag.py:3036} INFO - Sync 1 DAGs
[2025-11-10T00:50:33.376+0000] {logging_mixin.py:188} INFO - [2025-11-10T00:50:33.376+0000] {dag.py:3823} INFO - Setting next_dagrun for example_sensors to None, run_after=None
[2025-11-10T00:50:33.407+0000] {processor.py:183} INFO - Processing /home/airflow/.local/lib/python3.8/site-packages/airflow/example_dags/example_sensors.py took 0.111 seconds
[2025-11-10T00:51:04.627+0000] {processor.py:161} INFO - Started process (PID=480) to work on /home/airflow/.local/lib/python3.8/site-packages/airflow/example_dags/example_sensors.py
[2025-11-10T00:51:04.629+0000] {processor.py:830} INFO - Processing file /home/airflow/.local/lib/python3.8/site-packages/airflow/example_dags/example_sensors.py for tasks to queue
[2025-11-10T00:51:04.630+0000] {logging_mixin.py:188} INFO - [2025-11-10T00:51:04.630+0000] {dagbag.py:538} INFO - Filling up the DagBag from /home/airflow/.local/lib/python3.8/site-packages/airflow/example_dags/example_sensors.py
[2025-11-10T00:51:04.643+0000] {processor.py:840} INFO - DAG(s) 'example_sensors' retrieved from /home/airflow/.local/lib/python3.8/site-packages/airflow/example_dags/example_sensors.py
[2025-11-10T00:51:04.681+0000] {logging_mixin.py:188} INFO - [2025-11-10T00:51:04.680+0000] {dag.py:3036} INFO - Sync 1 DAGs
[2025-11-10T00:51:04.699+0000] {logging_mixin.py:188} INFO - [2025-11-10T00:51:04.699+0000] {dag.py:3823} INFO - Setting next_dagrun for example_sensors to None, run_after=None
[2025-11-10T00:51:04.728+0000] {processor.py:183} INFO - Processing /home/airflow/.local/lib/python3.8/site-packages/airflow/example_dags/example_sensors.py took 0.106 seconds
[2025-11-10T00:51:35.590+0000] {processor.py:161} INFO - Started process (PID=577) to work on /home/airflow/.local/lib/python3.8/site-packages/airflow/example_dags/example_sensors.py
[2025-11-10T00:51:35.592+0000] {processor.py:830} INFO - Processing file /home/airflow/.local/lib/python3.8/site-packages/airflow/example_dags/example_sensors.py for tasks to queue
[2025-11-10T00:51:35.594+0000] {logging_mixin.py:188} INFO - [2025-11-10T00:51:35.593+0000] {dagbag.py:538} INFO - Filling up the DagBag from /home/airflow/.local/lib/python3.8/site-packages/airflow/example_dags/example_sensors.py
[2025-11-10T00:51:35.609+0000] {processor.py:840} INFO - DAG(s) 'example_sensors' retrieved from /home/airflow/.local/lib/python3.8/site-packages/airflow/example_dags/example_sensors.py
[2025-11-10T00:51:35.647+0000] {logging_mixin.py:188} INFO - [2025-11-10T00:51:35.647+0000] {dag.py:3036} INFO - Sync 1 DAGs
[2025-11-10T00:51:35.664+0000] {logging_mixin.py:188} INFO - [2025-11-10T00:51:35.663+0000] {dag.py:3823} INFO - Setting next_dagrun for example_sensors to None, run_after=None
[2025-11-10T00:51:35.704+0000] {processor.py:183} INFO - Processing /home/airflow/.local/lib/python3.8/site-packages/airflow/example_dags/example_sensors.py took 0.120 seconds
[2025-11-10T00:52:06.790+0000] {processor.py:161} INFO - Started process (PID=682) to work on /home/airflow/.local/lib/python3.8/site-packages/airflow/example_dags/example_sensors.py
[2025-11-10T00:52:06.791+0000] {processor.py:830} INFO - Processing file /home/airflow/.local/lib/python3.8/site-packages/airflow/example_dags/example_sensors.py for tasks to queue
[2025-11-10T00:52:06.793+0000] {logging_mixin.py:188} INFO - [2025-11-10T00:52:06.792+0000] {dagbag.py:538} INFO - Filling up the DagBag from /home/airflow/.local/lib/python3.8/site-packages/airflow/example_dags/example_sensors.py
[2025-11-10T00:52:06.809+0000] {processor.py:840} INFO - DAG(s) 'example_sensors' retrieved from /home/airflow/.local/lib/python3.8/site-packages/airflow/example_dags/example_sensors.py
[2025-11-10T00:52:06.856+0000] {logging_mixin.py:188} INFO - [2025-11-10T00:52:06.856+0000] {dag.py:3036} INFO - Sync 1 DAGs
[2025-11-10T00:52:06.876+0000] {logging_mixin.py:188} INFO - [2025-11-10T00:52:06.875+0000] {dag.py:3823} INFO - Setting next_dagrun for example_sensors to None, run_after=None
[2025-11-10T00:52:06.906+0000] {processor.py:183} INFO - Processing /home/airflow/.local/lib/python3.8/site-packages/airflow/example_dags/example_sensors.py took 0.120 seconds
[2025-11-10T00:52:37.518+0000] {processor.py:161} INFO - Started process (PID=794) to work on /home/airflow/.local/lib/python3.8/site-packages/airflow/example_dags/example_sensors.py
[2025-11-10T00:52:37.520+0000] {processor.py:830} INFO - Processing file /home/airflow/.local/lib/python3.8/site-packages/airflow/example_dags/example_sensors.py for tasks to queue
[2025-11-10T00:52:37.522+0000] {logging_mixin.py:188} INFO - [2025-11-10T00:52:37.521+0000] {dagbag.py:538} INFO - Filling up the DagBag from /home/airflow/.local/lib/python3.8/site-packages/airflow/example_dags/example_sensors.py
[2025-11-10T00:52:37.547+0000] {processor.py:840} INFO - DAG(s) 'example_sensors' retrieved from /home/airflow/.local/lib/python3.8/site-packages/airflow/example_dags/example_sensors.py
[2025-11-10T00:52:37.605+0000] {logging_mixin.py:188} INFO - [2025-11-10T00:52:37.605+0000] {dag.py:3036} INFO - Sync 1 DAGs
[2025-11-10T00:52:37.640+0000] {logging_mixin.py:188} INFO - [2025-11-10T00:52:37.639+0000] {dag.py:3823} INFO - Setting next_dagrun for example_sensors to None, run_after=None
[2025-11-10T00:52:37.683+0000] {processor.py:183} INFO - Processing /home/airflow/.local/lib/python3.8/site-packages/airflow/example_dags/example_sensors.py took 0.169 seconds
[2025-11-10T00:53:07.736+0000] {processor.py:161} INFO - Started process (PID=889) to work on /home/airflow/.local/lib/python3.8/site-packages/airflow/example_dags/example_sensors.py
[2025-11-10T00:53:07.737+0000] {processor.py:830} INFO - Processing file /home/airflow/.local/lib/python3.8/site-packages/airflow/example_dags/example_sensors.py for tasks to queue
[2025-11-10T00:53:07.739+0000] {logging_mixin.py:188} INFO - [2025-11-10T00:53:07.738+0000] {dagbag.py:538} INFO - Filling up the DagBag from /home/airflow/.local/lib/python3.8/site-packages/airflow/example_dags/example_sensors.py
[2025-11-10T00:53:07.754+0000] {processor.py:840} INFO - DAG(s) 'example_sensors' retrieved from /home/airflow/.local/lib/python3.8/site-packages/airflow/example_dags/example_sensors.py
[2025-11-10T00:53:07.795+0000] {logging_mixin.py:188} INFO - [2025-11-10T00:53:07.794+0000] {dag.py:3036} INFO - Sync 1 DAGs
[2025-11-10T00:53:07.815+0000] {logging_mixin.py:188} INFO - [2025-11-10T00:53:07.815+0000] {dag.py:3823} INFO - Setting next_dagrun for example_sensors to None, run_after=None
[2025-11-10T00:53:07.850+0000] {processor.py:183} INFO - Processing /home/airflow/.local/lib/python3.8/site-packages/airflow/example_dags/example_sensors.py took 0.119 seconds
[2025-11-10T00:53:37.947+0000] {processor.py:161} INFO - Started process (PID=987) to work on /home/airflow/.local/lib/python3.8/site-packages/airflow/example_dags/example_sensors.py
[2025-11-10T00:53:37.948+0000] {processor.py:830} INFO - Processing file /home/airflow/.local/lib/python3.8/site-packages/airflow/example_dags/example_sensors.py for tasks to queue
[2025-11-10T00:53:37.950+0000] {logging_mixin.py:188} INFO - [2025-11-10T00:53:37.949+0000] {dagbag.py:538} INFO - Filling up the DagBag from /home/airflow/.local/lib/python3.8/site-packages/airflow/example_dags/example_sensors.py
[2025-11-10T00:53:37.965+0000] {processor.py:840} INFO - DAG(s) 'example_sensors' retrieved from /home/airflow/.local/lib/python3.8/site-packages/airflow/example_dags/example_sensors.py
[2025-11-10T00:53:38.004+0000] {logging_mixin.py:188} INFO - [2025-11-10T00:53:38.004+0000] {dag.py:3036} INFO - Sync 1 DAGs
[2025-11-10T00:53:38.021+0000] {logging_mixin.py:188} INFO - [2025-11-10T00:53:38.020+0000] {dag.py:3823} INFO - Setting next_dagrun for example_sensors to None, run_after=None
[2025-11-10T00:53:38.056+0000] {processor.py:183} INFO - Processing /home/airflow/.local/lib/python3.8/site-packages/airflow/example_dags/example_sensors.py took 0.113 seconds
[2025-11-10T00:54:08.548+0000] {processor.py:161} INFO - Started process (PID=1084) to work on /home/airflow/.local/lib/python3.8/site-packages/airflow/example_dags/example_sensors.py
[2025-11-10T00:54:08.549+0000] {processor.py:830} INFO - Processing file /home/airflow/.local/lib/python3.8/site-packages/airflow/example_dags/example_sensors.py for tasks to queue
[2025-11-10T00:54:08.551+0000] {logging_mixin.py:188} INFO - [2025-11-10T00:54:08.550+0000] {dagbag.py:538} INFO - Filling up the DagBag from /home/airflow/.local/lib/python3.8/site-packages/airflow/example_dags/example_sensors.py
[2025-11-10T00:54:08.565+0000] {processor.py:840} INFO - DAG(s) 'example_sensors' retrieved from /home/airflow/.local/lib/python3.8/site-packages/airflow/example_dags/example_sensors.py
[2025-11-10T00:54:08.613+0000] {logging_mixin.py:188} INFO - [2025-11-10T00:54:08.613+0000] {dag.py:3036} INFO - Sync 1 DAGs
[2025-11-10T00:54:08.633+0000] {logging_mixin.py:188} INFO - [2025-11-10T00:54:08.633+0000] {dag.py:3823} INFO - Setting next_dagrun for example_sensors to None, run_after=None
[2025-11-10T00:54:08.676+0000] {processor.py:183} INFO - Processing /home/airflow/.local/lib/python3.8/site-packages/airflow/example_dags/example_sensors.py took 0.133 seconds
[2025-11-10T00:54:39.802+0000] {processor.py:161} INFO - Started process (PID=1181) to work on /home/airflow/.local/lib/python3.8/site-packages/airflow/example_dags/example_sensors.py
[2025-11-10T00:54:39.804+0000] {processor.py:830} INFO - Processing file /home/airflow/.local/lib/python3.8/site-packages/airflow/example_dags/example_sensors.py for tasks to queue
[2025-11-10T00:54:39.806+0000] {logging_mixin.py:188} INFO - [2025-11-10T00:54:39.805+0000] {dagbag.py:538} INFO - Filling up the DagBag from /home/airflow/.local/lib/python3.8/site-packages/airflow/example_dags/example_sensors.py
[2025-11-10T00:54:39.824+0000] {processor.py:840} INFO - DAG(s) 'example_sensors' retrieved from /home/airflow/.local/lib/python3.8/site-packages/airflow/example_dags/example_sensors.py
[2025-11-10T00:54:39.877+0000] {logging_mixin.py:188} INFO - [2025-11-10T00:54:39.876+0000] {dag.py:3036} INFO - Sync 1 DAGs
[2025-11-10T00:54:39.899+0000] {logging_mixin.py:188} INFO - [2025-11-10T00:54:39.898+0000] {dag.py:3823} INFO - Setting next_dagrun for example_sensors to None, run_after=None
[2025-11-10T00:54:39.950+0000] {processor.py:183} INFO - Processing /home/airflow/.local/lib/python3.8/site-packages/airflow/example_dags/example_sensors.py took 0.153 seconds
[2025-11-10T00:55:10.158+0000] {processor.py:161} INFO - Started process (PID=1278) to work on /home/airflow/.local/lib/python3.8/site-packages/airflow/example_dags/example_sensors.py
[2025-11-10T00:55:10.160+0000] {processor.py:830} INFO - Processing file /home/airflow/.local/lib/python3.8/site-packages/airflow/example_dags/example_sensors.py for tasks to queue
[2025-11-10T00:55:10.162+0000] {logging_mixin.py:188} INFO - [2025-11-10T00:55:10.162+0000] {dagbag.py:538} INFO - Filling up the DagBag from /home/airflow/.local/lib/python3.8/site-packages/airflow/example_dags/example_sensors.py
[2025-11-10T00:55:10.182+0000] {processor.py:840} INFO - DAG(s) 'example_sensors' retrieved from /home/airflow/.local/lib/python3.8/site-packages/airflow/example_dags/example_sensors.py
[2025-11-10T00:55:10.227+0000] {logging_mixin.py:188} INFO - [2025-11-10T00:55:10.227+0000] {dag.py:3036} INFO - Sync 1 DAGs
[2025-11-10T00:55:10.253+0000] {logging_mixin.py:188} INFO - [2025-11-10T00:55:10.253+0000] {dag.py:3823} INFO - Setting next_dagrun for example_sensors to None, run_after=None
[2025-11-10T00:55:10.295+0000] {processor.py:183} INFO - Processing /home/airflow/.local/lib/python3.8/site-packages/airflow/example_dags/example_sensors.py took 0.142 seconds
[2025-11-10T00:55:41.547+0000] {processor.py:161} INFO - Started process (PID=1375) to work on /home/airflow/.local/lib/python3.8/site-packages/airflow/example_dags/example_sensors.py
[2025-11-10T00:55:41.548+0000] {processor.py:830} INFO - Processing file /home/airflow/.local/lib/python3.8/site-packages/airflow/example_dags/example_sensors.py for tasks to queue
[2025-11-10T00:55:41.550+0000] {logging_mixin.py:188} INFO - [2025-11-10T00:55:41.549+0000] {dagbag.py:538} INFO - Filling up the DagBag from /home/airflow/.local/lib/python3.8/site-packages/airflow/example_dags/example_sensors.py
[2025-11-10T00:55:41.565+0000] {processor.py:840} INFO - DAG(s) 'example_sensors' retrieved from /home/airflow/.local/lib/python3.8/site-packages/airflow/example_dags/example_sensors.py
[2025-11-10T00:55:41.622+0000] {logging_mixin.py:188} INFO - [2025-11-10T00:55:41.622+0000] {dag.py:3036} INFO - Sync 1 DAGs
[2025-11-10T00:55:41.641+0000] {logging_mixin.py:188} INFO - [2025-11-10T00:55:41.641+0000] {dag.py:3823} INFO - Setting next_dagrun for example_sensors to None, run_after=None
[2025-11-10T00:55:41.685+0000] {processor.py:183} INFO - Processing /home/airflow/.local/lib/python3.8/site-packages/airflow/example_dags/example_sensors.py took 0.144 seconds
[2025-11-10T00:56:12.262+0000] {processor.py:161} INFO - Started process (PID=1472) to work on /home/airflow/.local/lib/python3.8/site-packages/airflow/example_dags/example_sensors.py
[2025-11-10T00:56:12.263+0000] {processor.py:830} INFO - Processing file /home/airflow/.local/lib/python3.8/site-packages/airflow/example_dags/example_sensors.py for tasks to queue
[2025-11-10T00:56:12.267+0000] {logging_mixin.py:188} INFO - [2025-11-10T00:56:12.266+0000] {dagbag.py:538} INFO - Filling up the DagBag from /home/airflow/.local/lib/python3.8/site-packages/airflow/example_dags/example_sensors.py
[2025-11-10T00:56:12.284+0000] {processor.py:840} INFO - DAG(s) 'example_sensors' retrieved from /home/airflow/.local/lib/python3.8/site-packages/airflow/example_dags/example_sensors.py
[2025-11-10T00:56:12.356+0000] {logging_mixin.py:188} INFO - [2025-11-10T00:56:12.356+0000] {dag.py:3036} INFO - Sync 1 DAGs
[2025-11-10T00:56:12.382+0000] {logging_mixin.py:188} INFO - [2025-11-10T00:56:12.381+0000] {dag.py:3823} INFO - Setting next_dagrun for example_sensors to None, run_after=None
[2025-11-10T00:56:12.418+0000] {processor.py:183} INFO - Processing /home/airflow/.local/lib/python3.8/site-packages/airflow/example_dags/example_sensors.py took 0.161 seconds
[2025-11-10T00:56:43.369+0000] {processor.py:161} INFO - Started process (PID=1569) to work on /home/airflow/.local/lib/python3.8/site-packages/airflow/example_dags/example_sensors.py
[2025-11-10T00:56:43.371+0000] {processor.py:830} INFO - Processing file /home/airflow/.local/lib/python3.8/site-packages/airflow/example_dags/example_sensors.py for tasks to queue
[2025-11-10T00:56:43.373+0000] {logging_mixin.py:188} INFO - [2025-11-10T00:56:43.372+0000] {dagbag.py:538} INFO - Filling up the DagBag from /home/airflow/.local/lib/python3.8/site-packages/airflow/example_dags/example_sensors.py
[2025-11-10T00:56:43.388+0000] {processor.py:840} INFO - DAG(s) 'example_sensors' retrieved from /home/airflow/.local/lib/python3.8/site-packages/airflow/example_dags/example_sensors.py
[2025-11-10T00:56:43.445+0000] {logging_mixin.py:188} INFO - [2025-11-10T00:56:43.445+0000] {dag.py:3036} INFO - Sync 1 DAGs
[2025-11-10T00:56:43.477+0000] {logging_mixin.py:188} INFO - [2025-11-10T00:56:43.476+0000] {dag.py:3823} INFO - Setting next_dagrun for example_sensors to None, run_after=None
[2025-11-10T00:56:43.527+0000] {processor.py:183} INFO - Processing /home/airflow/.local/lib/python3.8/site-packages/airflow/example_dags/example_sensors.py took 0.164 seconds
[2025-11-10T00:57:13.593+0000] {processor.py:161} INFO - Started process (PID=1666) to work on /home/airflow/.local/lib/python3.8/site-packages/airflow/example_dags/example_sensors.py
[2025-11-10T00:57:13.594+0000] {processor.py:830} INFO - Processing file /home/airflow/.local/lib/python3.8/site-packages/airflow/example_dags/example_sensors.py for tasks to queue
[2025-11-10T00:57:13.596+0000] {logging_mixin.py:188} INFO - [2025-11-10T00:57:13.595+0000] {dagbag.py:538} INFO - Filling up the DagBag from /home/airflow/.local/lib/python3.8/site-packages/airflow/example_dags/example_sensors.py
[2025-11-10T00:57:13.612+0000] {processor.py:840} INFO - DAG(s) 'example_sensors' retrieved from /home/airflow/.local/lib/python3.8/site-packages/airflow/example_dags/example_sensors.py
[2025-11-10T00:57:13.661+0000] {logging_mixin.py:188} INFO - [2025-11-10T00:57:13.660+0000] {dag.py:3036} INFO - Sync 1 DAGs
[2025-11-10T00:57:13.683+0000] {logging_mixin.py:188} INFO - [2025-11-10T00:57:13.683+0000] {dag.py:3823} INFO - Setting next_dagrun for example_sensors to None, run_after=None
[2025-11-10T00:57:13.734+0000] {processor.py:183} INFO - Processing /home/airflow/.local/lib/python3.8/site-packages/airflow/example_dags/example_sensors.py took 0.145 seconds
[2025-11-10T00:57:44.172+0000] {processor.py:161} INFO - Started process (PID=1770) to work on /home/airflow/.local/lib/python3.8/site-packages/airflow/example_dags/example_sensors.py
[2025-11-10T00:57:44.174+0000] {processor.py:830} INFO - Processing file /home/airflow/.local/lib/python3.8/site-packages/airflow/example_dags/example_sensors.py for tasks to queue
[2025-11-10T00:57:44.177+0000] {logging_mixin.py:188} INFO - [2025-11-10T00:57:44.176+0000] {dagbag.py:538} INFO - Filling up the DagBag from /home/airflow/.local/lib/python3.8/site-packages/airflow/example_dags/example_sensors.py
[2025-11-10T00:57:44.193+0000] {processor.py:840} INFO - DAG(s) 'example_sensors' retrieved from /home/airflow/.local/lib/python3.8/site-packages/airflow/example_dags/example_sensors.py
[2025-11-10T00:57:44.235+0000] {logging_mixin.py:188} INFO - [2025-11-10T00:57:44.234+0000] {dag.py:3036} INFO - Sync 1 DAGs
[2025-11-10T00:57:44.253+0000] {logging_mixin.py:188} INFO - [2025-11-10T00:57:44.253+0000] {dag.py:3823} INFO - Setting next_dagrun for example_sensors to None, run_after=None
[2025-11-10T00:57:44.285+0000] {processor.py:183} INFO - Processing /home/airflow/.local/lib/python3.8/site-packages/airflow/example_dags/example_sensors.py took 0.116 seconds
[2025-11-10T00:58:14.593+0000] {processor.py:161} INFO - Started process (PID=1868) to work on /home/airflow/.local/lib/python3.8/site-packages/airflow/example_dags/example_sensors.py
[2025-11-10T00:58:14.595+0000] {processor.py:830} INFO - Processing file /home/airflow/.local/lib/python3.8/site-packages/airflow/example_dags/example_sensors.py for tasks to queue
[2025-11-10T00:58:14.598+0000] {logging_mixin.py:188} INFO - [2025-11-10T00:58:14.597+0000] {dagbag.py:538} INFO - Filling up the DagBag from /home/airflow/.local/lib/python3.8/site-packages/airflow/example_dags/example_sensors.py
[2025-11-10T00:58:14.617+0000] {processor.py:840} INFO - DAG(s) 'example_sensors' retrieved from /home/airflow/.local/lib/python3.8/site-packages/airflow/example_dags/example_sensors.py
[2025-11-10T00:58:14.660+0000] {logging_mixin.py:188} INFO - [2025-11-10T00:58:14.660+0000] {dag.py:3036} INFO - Sync 1 DAGs
[2025-11-10T00:58:14.678+0000] {logging_mixin.py:188} INFO - [2025-11-10T00:58:14.678+0000] {dag.py:3823} INFO - Setting next_dagrun for example_sensors to None, run_after=None
[2025-11-10T00:58:14.748+0000] {processor.py:183} INFO - Processing /home/airflow/.local/lib/python3.8/site-packages/airflow/example_dags/example_sensors.py took 0.159 seconds
[2025-11-10T00:58:45.746+0000] {processor.py:161} INFO - Started process (PID=1980) to work on /home/airflow/.local/lib/python3.8/site-packages/airflow/example_dags/example_sensors.py
[2025-11-10T00:58:45.749+0000] {processor.py:830} INFO - Processing file /home/airflow/.local/lib/python3.8/site-packages/airflow/example_dags/example_sensors.py for tasks to queue
[2025-11-10T00:58:45.751+0000] {logging_mixin.py:188} INFO - [2025-11-10T00:58:45.750+0000] {dagbag.py:538} INFO - Filling up the DagBag from /home/airflow/.local/lib/python3.8/site-packages/airflow/example_dags/example_sensors.py
[2025-11-10T00:58:45.762+0000] {processor.py:840} INFO - DAG(s) 'example_sensors' retrieved from /home/airflow/.local/lib/python3.8/site-packages/airflow/example_dags/example_sensors.py
[2025-11-10T00:58:45.797+0000] {logging_mixin.py:188} INFO - [2025-11-10T00:58:45.796+0000] {dag.py:3036} INFO - Sync 1 DAGs
[2025-11-10T00:58:45.811+0000] {logging_mixin.py:188} INFO - [2025-11-10T00:58:45.810+0000] {dag.py:3823} INFO - Setting next_dagrun for example_sensors to None, run_after=None
[2025-11-10T00:58:45.836+0000] {processor.py:183} INFO - Processing /home/airflow/.local/lib/python3.8/site-packages/airflow/example_dags/example_sensors.py took 0.093 seconds
[2025-11-10T00:59:16.036+0000] {processor.py:161} INFO - Started process (PID=2077) to work on /home/airflow/.local/lib/python3.8/site-packages/airflow/example_dags/example_sensors.py
[2025-11-10T00:59:16.040+0000] {processor.py:830} INFO - Processing file /home/airflow/.local/lib/python3.8/site-packages/airflow/example_dags/example_sensors.py for tasks to queue
[2025-11-10T00:59:16.043+0000] {logging_mixin.py:188} INFO - [2025-11-10T00:59:16.042+0000] {dagbag.py:538} INFO - Filling up the DagBag from /home/airflow/.local/lib/python3.8/site-packages/airflow/example_dags/example_sensors.py
[2025-11-10T00:59:16.064+0000] {processor.py:840} INFO - DAG(s) 'example_sensors' retrieved from /home/airflow/.local/lib/python3.8/site-packages/airflow/example_dags/example_sensors.py
[2025-11-10T00:59:16.123+0000] {logging_mixin.py:188} INFO - [2025-11-10T00:59:16.122+0000] {dag.py:3036} INFO - Sync 1 DAGs
[2025-11-10T00:59:16.150+0000] {logging_mixin.py:188} INFO - [2025-11-10T00:59:16.149+0000] {dag.py:3823} INFO - Setting next_dagrun for example_sensors to None, run_after=None
[2025-11-10T00:59:16.185+0000] {processor.py:183} INFO - Processing /home/airflow/.local/lib/python3.8/site-packages/airflow/example_dags/example_sensors.py took 0.154 seconds
[2025-11-10T00:59:47.114+0000] {processor.py:161} INFO - Started process (PID=2173) to work on /home/airflow/.local/lib/python3.8/site-packages/airflow/example_dags/example_sensors.py
[2025-11-10T00:59:47.115+0000] {processor.py:830} INFO - Processing file /home/airflow/.local/lib/python3.8/site-packages/airflow/example_dags/example_sensors.py for tasks to queue
[2025-11-10T00:59:47.116+0000] {logging_mixin.py:188} INFO - [2025-11-10T00:59:47.116+0000] {dagbag.py:538} INFO - Filling up the DagBag from /home/airflow/.local/lib/python3.8/site-packages/airflow/example_dags/example_sensors.py
[2025-11-10T00:59:47.128+0000] {processor.py:840} INFO - DAG(s) 'example_sensors' retrieved from /home/airflow/.local/lib/python3.8/site-packages/airflow/example_dags/example_sensors.py
[2025-11-10T00:59:47.162+0000] {logging_mixin.py:188} INFO - [2025-11-10T00:59:47.162+0000] {dag.py:3036} INFO - Sync 1 DAGs
[2025-11-10T00:59:47.177+0000] {logging_mixin.py:188} INFO - [2025-11-10T00:59:47.177+0000] {dag.py:3823} INFO - Setting next_dagrun for example_sensors to None, run_after=None
[2025-11-10T00:59:47.201+0000] {processor.py:183} INFO - Processing /home/airflow/.local/lib/python3.8/site-packages/airflow/example_dags/example_sensors.py took 0.090 seconds
[2025-11-10T01:00:17.405+0000] {processor.py:161} INFO - Started process (PID=2270) to work on /home/airflow/.local/lib/python3.8/site-packages/airflow/example_dags/example_sensors.py
[2025-11-10T01:00:17.406+0000] {processor.py:830} INFO - Processing file /home/airflow/.local/lib/python3.8/site-packages/airflow/example_dags/example_sensors.py for tasks to queue
[2025-11-10T01:00:17.408+0000] {logging_mixin.py:188} INFO - [2025-11-10T01:00:17.407+0000] {dagbag.py:538} INFO - Filling up the DagBag from /home/airflow/.local/lib/python3.8/site-packages/airflow/example_dags/example_sensors.py
[2025-11-10T01:00:17.421+0000] {processor.py:840} INFO - DAG(s) 'example_sensors' retrieved from /home/airflow/.local/lib/python3.8/site-packages/airflow/example_dags/example_sensors.py
[2025-11-10T01:00:17.461+0000] {logging_mixin.py:188} INFO - [2025-11-10T01:00:17.461+0000] {dag.py:3036} INFO - Sync 1 DAGs
[2025-11-10T01:00:17.478+0000] {logging_mixin.py:188} INFO - [2025-11-10T01:00:17.478+0000] {dag.py:3823} INFO - Setting next_dagrun for example_sensors to None, run_after=None
[2025-11-10T01:00:17.526+0000] {processor.py:183} INFO - Processing /home/airflow/.local/lib/python3.8/site-packages/airflow/example_dags/example_sensors.py took 0.125 seconds
[2025-11-10T01:00:47.910+0000] {processor.py:161} INFO - Started process (PID=2375) to work on /home/airflow/.local/lib/python3.8/site-packages/airflow/example_dags/example_sensors.py
[2025-11-10T01:00:47.911+0000] {processor.py:830} INFO - Processing file /home/airflow/.local/lib/python3.8/site-packages/airflow/example_dags/example_sensors.py for tasks to queue
[2025-11-10T01:00:47.916+0000] {logging_mixin.py:188} INFO - [2025-11-10T01:00:47.915+0000] {dagbag.py:538} INFO - Filling up the DagBag from /home/airflow/.local/lib/python3.8/site-packages/airflow/example_dags/example_sensors.py
[2025-11-10T01:00:47.935+0000] {processor.py:840} INFO - DAG(s) 'example_sensors' retrieved from /home/airflow/.local/lib/python3.8/site-packages/airflow/example_dags/example_sensors.py
[2025-11-10T01:00:47.969+0000] {logging_mixin.py:188} INFO - [2025-11-10T01:00:47.969+0000] {dag.py:3036} INFO - Sync 1 DAGs
[2025-11-10T01:00:47.983+0000] {logging_mixin.py:188} INFO - [2025-11-10T01:00:47.983+0000] {dag.py:3823} INFO - Setting next_dagrun for example_sensors to None, run_after=None
[2025-11-10T01:00:48.010+0000] {processor.py:183} INFO - Processing /home/airflow/.local/lib/python3.8/site-packages/airflow/example_dags/example_sensors.py took 0.104 seconds
[2025-11-10T01:01:18.637+0000] {processor.py:161} INFO - Started process (PID=2487) to work on /home/airflow/.local/lib/python3.8/site-packages/airflow/example_dags/example_sensors.py
[2025-11-10T01:01:18.640+0000] {processor.py:830} INFO - Processing file /home/airflow/.local/lib/python3.8/site-packages/airflow/example_dags/example_sensors.py for tasks to queue
[2025-11-10T01:01:18.643+0000] {logging_mixin.py:188} INFO - [2025-11-10T01:01:18.642+0000] {dagbag.py:538} INFO - Filling up the DagBag from /home/airflow/.local/lib/python3.8/site-packages/airflow/example_dags/example_sensors.py
[2025-11-10T01:01:18.661+0000] {processor.py:840} INFO - DAG(s) 'example_sensors' retrieved from /home/airflow/.local/lib/python3.8/site-packages/airflow/example_dags/example_sensors.py
[2025-11-10T01:01:18.713+0000] {logging_mixin.py:188} INFO - [2025-11-10T01:01:18.713+0000] {dag.py:3036} INFO - Sync 1 DAGs
[2025-11-10T01:01:18.740+0000] {logging_mixin.py:188} INFO - [2025-11-10T01:01:18.740+0000] {dag.py:3823} INFO - Setting next_dagrun for example_sensors to None, run_after=None
[2025-11-10T01:01:18.788+0000] {processor.py:183} INFO - Processing /home/airflow/.local/lib/python3.8/site-packages/airflow/example_dags/example_sensors.py took 0.156 seconds
[2025-11-10T01:01:49.295+0000] {processor.py:161} INFO - Started process (PID=2584) to work on /home/airflow/.local/lib/python3.8/site-packages/airflow/example_dags/example_sensors.py
[2025-11-10T01:01:49.297+0000] {processor.py:830} INFO - Processing file /home/airflow/.local/lib/python3.8/site-packages/airflow/example_dags/example_sensors.py for tasks to queue
[2025-11-10T01:01:49.298+0000] {logging_mixin.py:188} INFO - [2025-11-10T01:01:49.298+0000] {dagbag.py:538} INFO - Filling up the DagBag from /home/airflow/.local/lib/python3.8/site-packages/airflow/example_dags/example_sensors.py
[2025-11-10T01:01:49.310+0000] {processor.py:840} INFO - DAG(s) 'example_sensors' retrieved from /home/airflow/.local/lib/python3.8/site-packages/airflow/example_dags/example_sensors.py
[2025-11-10T01:01:49.341+0000] {logging_mixin.py:188} INFO - [2025-11-10T01:01:49.341+0000] {dag.py:3036} INFO - Sync 1 DAGs
[2025-11-10T01:01:49.357+0000] {logging_mixin.py:188} INFO - [2025-11-10T01:01:49.357+0000] {dag.py:3823} INFO - Setting next_dagrun for example_sensors to None, run_after=None
[2025-11-10T01:01:49.386+0000] {processor.py:183} INFO - Processing /home/airflow/.local/lib/python3.8/site-packages/airflow/example_dags/example_sensors.py took 0.093 seconds
[2025-11-10T01:02:20.094+0000] {processor.py:161} INFO - Started process (PID=2681) to work on /home/airflow/.local/lib/python3.8/site-packages/airflow/example_dags/example_sensors.py
[2025-11-10T01:02:20.096+0000] {processor.py:830} INFO - Processing file /home/airflow/.local/lib/python3.8/site-packages/airflow/example_dags/example_sensors.py for tasks to queue
[2025-11-10T01:02:20.098+0000] {logging_mixin.py:188} INFO - [2025-11-10T01:02:20.097+0000] {dagbag.py:538} INFO - Filling up the DagBag from /home/airflow/.local/lib/python3.8/site-packages/airflow/example_dags/example_sensors.py
[2025-11-10T01:02:20.116+0000] {processor.py:840} INFO - DAG(s) 'example_sensors' retrieved from /home/airflow/.local/lib/python3.8/site-packages/airflow/example_dags/example_sensors.py
[2025-11-10T01:02:20.179+0000] {logging_mixin.py:188} INFO - [2025-11-10T01:02:20.176+0000] {dag.py:3036} INFO - Sync 1 DAGs
[2025-11-10T01:02:20.200+0000] {logging_mixin.py:188} INFO - [2025-11-10T01:02:20.199+0000] {dag.py:3823} INFO - Setting next_dagrun for example_sensors to None, run_after=None
[2025-11-10T01:02:20.231+0000] {processor.py:183} INFO - Processing /home/airflow/.local/lib/python3.8/site-packages/airflow/example_dags/example_sensors.py took 0.142 seconds
[2025-11-10T01:02:50.361+0000] {processor.py:161} INFO - Started process (PID=2778) to work on /home/airflow/.local/lib/python3.8/site-packages/airflow/example_dags/example_sensors.py
[2025-11-10T01:02:50.361+0000] {processor.py:830} INFO - Processing file /home/airflow/.local/lib/python3.8/site-packages/airflow/example_dags/example_sensors.py for tasks to queue
[2025-11-10T01:02:50.363+0000] {logging_mixin.py:188} INFO - [2025-11-10T01:02:50.363+0000] {dagbag.py:538} INFO - Filling up the DagBag from /home/airflow/.local/lib/python3.8/site-packages/airflow/example_dags/example_sensors.py
[2025-11-10T01:02:50.384+0000] {processor.py:840} INFO - DAG(s) 'example_sensors' retrieved from /home/airflow/.local/lib/python3.8/site-packages/airflow/example_dags/example_sensors.py
[2025-11-10T01:02:50.424+0000] {logging_mixin.py:188} INFO - [2025-11-10T01:02:50.424+0000] {dag.py:3036} INFO - Sync 1 DAGs
[2025-11-10T01:02:50.444+0000] {logging_mixin.py:188} INFO - [2025-11-10T01:02:50.444+0000] {dag.py:3823} INFO - Setting next_dagrun for example_sensors to None, run_after=None
[2025-11-10T01:02:50.473+0000] {processor.py:183} INFO - Processing /home/airflow/.local/lib/python3.8/site-packages/airflow/example_dags/example_sensors.py took 0.117 seconds
[2025-11-10T01:03:20.632+0000] {processor.py:161} INFO - Started process (PID=2882) to work on /home/airflow/.local/lib/python3.8/site-packages/airflow/example_dags/example_sensors.py
[2025-11-10T01:03:20.633+0000] {processor.py:830} INFO - Processing file /home/airflow/.local/lib/python3.8/site-packages/airflow/example_dags/example_sensors.py for tasks to queue
[2025-11-10T01:03:20.635+0000] {logging_mixin.py:188} INFO - [2025-11-10T01:03:20.634+0000] {dagbag.py:538} INFO - Filling up the DagBag from /home/airflow/.local/lib/python3.8/site-packages/airflow/example_dags/example_sensors.py
[2025-11-10T01:03:20.647+0000] {processor.py:840} INFO - DAG(s) 'example_sensors' retrieved from /home/airflow/.local/lib/python3.8/site-packages/airflow/example_dags/example_sensors.py
[2025-11-10T01:03:20.683+0000] {logging_mixin.py:188} INFO - [2025-11-10T01:03:20.683+0000] {dag.py:3036} INFO - Sync 1 DAGs
[2025-11-10T01:03:20.700+0000] {logging_mixin.py:188} INFO - [2025-11-10T01:03:20.700+0000] {dag.py:3823} INFO - Setting next_dagrun for example_sensors to None, run_after=None
[2025-11-10T01:03:20.725+0000] {processor.py:183} INFO - Processing /home/airflow/.local/lib/python3.8/site-packages/airflow/example_dags/example_sensors.py took 0.097 seconds
[2025-11-10T01:03:50.838+0000] {processor.py:161} INFO - Started process (PID=2995) to work on /home/airflow/.local/lib/python3.8/site-packages/airflow/example_dags/example_sensors.py
[2025-11-10T01:03:50.839+0000] {processor.py:830} INFO - Processing file /home/airflow/.local/lib/python3.8/site-packages/airflow/example_dags/example_sensors.py for tasks to queue
[2025-11-10T01:03:50.840+0000] {logging_mixin.py:188} INFO - [2025-11-10T01:03:50.840+0000] {dagbag.py:538} INFO - Filling up the DagBag from /home/airflow/.local/lib/python3.8/site-packages/airflow/example_dags/example_sensors.py
[2025-11-10T01:03:50.852+0000] {processor.py:840} INFO - DAG(s) 'example_sensors' retrieved from /home/airflow/.local/lib/python3.8/site-packages/airflow/example_dags/example_sensors.py
[2025-11-10T01:03:50.899+0000] {logging_mixin.py:188} INFO - [2025-11-10T01:03:50.899+0000] {dag.py:3036} INFO - Sync 1 DAGs
[2025-11-10T01:03:50.924+0000] {logging_mixin.py:188} INFO - [2025-11-10T01:03:50.919+0000] {dag.py:3823} INFO - Setting next_dagrun for example_sensors to None, run_after=None
[2025-11-10T01:03:50.971+0000] {processor.py:183} INFO - Processing /home/airflow/.local/lib/python3.8/site-packages/airflow/example_dags/example_sensors.py took 0.138 seconds
[2025-11-10T01:04:21.766+0000] {processor.py:161} INFO - Started process (PID=3092) to work on /home/airflow/.local/lib/python3.8/site-packages/airflow/example_dags/example_sensors.py
[2025-11-10T01:04:21.767+0000] {processor.py:830} INFO - Processing file /home/airflow/.local/lib/python3.8/site-packages/airflow/example_dags/example_sensors.py for tasks to queue
[2025-11-10T01:04:21.768+0000] {logging_mixin.py:188} INFO - [2025-11-10T01:04:21.768+0000] {dagbag.py:538} INFO - Filling up the DagBag from /home/airflow/.local/lib/python3.8/site-packages/airflow/example_dags/example_sensors.py
[2025-11-10T01:04:21.779+0000] {processor.py:840} INFO - DAG(s) 'example_sensors' retrieved from /home/airflow/.local/lib/python3.8/site-packages/airflow/example_dags/example_sensors.py
[2025-11-10T01:04:21.812+0000] {logging_mixin.py:188} INFO - [2025-11-10T01:04:21.812+0000] {dag.py:3036} INFO - Sync 1 DAGs
[2025-11-10T01:04:21.827+0000] {logging_mixin.py:188} INFO - [2025-11-10T01:04:21.826+0000] {dag.py:3823} INFO - Setting next_dagrun for example_sensors to None, run_after=None
[2025-11-10T01:04:21.851+0000] {processor.py:183} INFO - Processing /home/airflow/.local/lib/python3.8/site-packages/airflow/example_dags/example_sensors.py took 0.090 seconds
[2025-11-10T01:04:52.038+0000] {processor.py:161} INFO - Started process (PID=3189) to work on /home/airflow/.local/lib/python3.8/site-packages/airflow/example_dags/example_sensors.py
[2025-11-10T01:04:52.039+0000] {processor.py:830} INFO - Processing file /home/airflow/.local/lib/python3.8/site-packages/airflow/example_dags/example_sensors.py for tasks to queue
[2025-11-10T01:04:52.041+0000] {logging_mixin.py:188} INFO - [2025-11-10T01:04:52.040+0000] {dagbag.py:538} INFO - Filling up the DagBag from /home/airflow/.local/lib/python3.8/site-packages/airflow/example_dags/example_sensors.py
[2025-11-10T01:04:52.055+0000] {processor.py:840} INFO - DAG(s) 'example_sensors' retrieved from /home/airflow/.local/lib/python3.8/site-packages/airflow/example_dags/example_sensors.py
[2025-11-10T01:04:52.091+0000] {logging_mixin.py:188} INFO - [2025-11-10T01:04:52.090+0000] {dag.py:3036} INFO - Sync 1 DAGs
[2025-11-10T01:04:52.106+0000] {logging_mixin.py:188} INFO - [2025-11-10T01:04:52.106+0000] {dag.py:3823} INFO - Setting next_dagrun for example_sensors to None, run_after=None
[2025-11-10T01:04:52.131+0000] {processor.py:183} INFO - Processing /home/airflow/.local/lib/python3.8/site-packages/airflow/example_dags/example_sensors.py took 0.097 seconds
[2025-11-10T01:05:22.281+0000] {processor.py:161} INFO - Started process (PID=3286) to work on /home/airflow/.local/lib/python3.8/site-packages/airflow/example_dags/example_sensors.py
[2025-11-10T01:05:22.282+0000] {processor.py:830} INFO - Processing file /home/airflow/.local/lib/python3.8/site-packages/airflow/example_dags/example_sensors.py for tasks to queue
[2025-11-10T01:05:22.284+0000] {logging_mixin.py:188} INFO - [2025-11-10T01:05:22.283+0000] {dagbag.py:538} INFO - Filling up the DagBag from /home/airflow/.local/lib/python3.8/site-packages/airflow/example_dags/example_sensors.py
[2025-11-10T01:05:22.296+0000] {processor.py:840} INFO - DAG(s) 'example_sensors' retrieved from /home/airflow/.local/lib/python3.8/site-packages/airflow/example_dags/example_sensors.py
[2025-11-10T01:05:22.330+0000] {logging_mixin.py:188} INFO - [2025-11-10T01:05:22.329+0000] {dag.py:3036} INFO - Sync 1 DAGs
[2025-11-10T01:05:22.346+0000] {logging_mixin.py:188} INFO - [2025-11-10T01:05:22.345+0000] {dag.py:3823} INFO - Setting next_dagrun for example_sensors to None, run_after=None
[2025-11-10T01:05:22.372+0000] {processor.py:183} INFO - Processing /home/airflow/.local/lib/python3.8/site-packages/airflow/example_dags/example_sensors.py took 0.096 seconds
[2025-11-10T01:05:52.807+0000] {processor.py:161} INFO - Started process (PID=3390) to work on /home/airflow/.local/lib/python3.8/site-packages/airflow/example_dags/example_sensors.py
[2025-11-10T01:05:52.808+0000] {processor.py:830} INFO - Processing file /home/airflow/.local/lib/python3.8/site-packages/airflow/example_dags/example_sensors.py for tasks to queue
[2025-11-10T01:05:52.809+0000] {logging_mixin.py:188} INFO - [2025-11-10T01:05:52.809+0000] {dagbag.py:538} INFO - Filling up the DagBag from /home/airflow/.local/lib/python3.8/site-packages/airflow/example_dags/example_sensors.py
[2025-11-10T01:05:52.819+0000] {processor.py:840} INFO - DAG(s) 'example_sensors' retrieved from /home/airflow/.local/lib/python3.8/site-packages/airflow/example_dags/example_sensors.py
[2025-11-10T01:05:52.856+0000] {logging_mixin.py:188} INFO - [2025-11-10T01:05:52.856+0000] {dag.py:3036} INFO - Sync 1 DAGs
[2025-11-10T01:05:52.872+0000] {logging_mixin.py:188} INFO - [2025-11-10T01:05:52.871+0000] {dag.py:3823} INFO - Setting next_dagrun for example_sensors to None, run_after=None
[2025-11-10T01:05:52.900+0000] {processor.py:183} INFO - Processing /home/airflow/.local/lib/python3.8/site-packages/airflow/example_dags/example_sensors.py took 0.098 seconds
[2025-11-10T01:06:23.697+0000] {processor.py:161} INFO - Started process (PID=3504) to work on /home/airflow/.local/lib/python3.8/site-packages/airflow/example_dags/example_sensors.py
[2025-11-10T01:06:23.700+0000] {processor.py:830} INFO - Processing file /home/airflow/.local/lib/python3.8/site-packages/airflow/example_dags/example_sensors.py for tasks to queue
[2025-11-10T01:06:23.704+0000] {logging_mixin.py:188} INFO - [2025-11-10T01:06:23.702+0000] {dagbag.py:538} INFO - Filling up the DagBag from /home/airflow/.local/lib/python3.8/site-packages/airflow/example_dags/example_sensors.py
[2025-11-10T01:06:23.722+0000] {processor.py:840} INFO - DAG(s) 'example_sensors' retrieved from /home/airflow/.local/lib/python3.8/site-packages/airflow/example_dags/example_sensors.py
[2025-11-10T01:06:23.768+0000] {logging_mixin.py:188} INFO - [2025-11-10T01:06:23.768+0000] {dag.py:3036} INFO - Sync 1 DAGs
[2025-11-10T01:06:23.789+0000] {logging_mixin.py:188} INFO - [2025-11-10T01:06:23.789+0000] {dag.py:3823} INFO - Setting next_dagrun for example_sensors to None, run_after=None
[2025-11-10T01:06:24.008+0000] {processor.py:183} INFO - Processing /home/airflow/.local/lib/python3.8/site-packages/airflow/example_dags/example_sensors.py took 0.317 seconds
[2025-11-10T01:06:54.899+0000] {processor.py:161} INFO - Started process (PID=3601) to work on /home/airflow/.local/lib/python3.8/site-packages/airflow/example_dags/example_sensors.py
[2025-11-10T01:06:54.901+0000] {processor.py:830} INFO - Processing file /home/airflow/.local/lib/python3.8/site-packages/airflow/example_dags/example_sensors.py for tasks to queue
[2025-11-10T01:06:54.903+0000] {logging_mixin.py:188} INFO - [2025-11-10T01:06:54.902+0000] {dagbag.py:538} INFO - Filling up the DagBag from /home/airflow/.local/lib/python3.8/site-packages/airflow/example_dags/example_sensors.py
[2025-11-10T01:06:54.915+0000] {processor.py:840} INFO - DAG(s) 'example_sensors' retrieved from /home/airflow/.local/lib/python3.8/site-packages/airflow/example_dags/example_sensors.py
[2025-11-10T01:06:54.956+0000] {logging_mixin.py:188} INFO - [2025-11-10T01:06:54.956+0000] {dag.py:3036} INFO - Sync 1 DAGs
[2025-11-10T01:06:54.972+0000] {logging_mixin.py:188} INFO - [2025-11-10T01:06:54.971+0000] {dag.py:3823} INFO - Setting next_dagrun for example_sensors to None, run_after=None
[2025-11-10T01:06:54.997+0000] {processor.py:183} INFO - Processing /home/airflow/.local/lib/python3.8/site-packages/airflow/example_dags/example_sensors.py took 0.103 seconds
