[2025-11-10T00:49:34.967+0000] {processor.py:161} INFO - Started process (PID=203) to work on /home/airflow/.local/lib/python3.8/site-packages/airflow/example_dags/example_python_decorator.py
[2025-11-10T00:49:34.968+0000] {processor.py:830} INFO - Processing file /home/airflow/.local/lib/python3.8/site-packages/airflow/example_dags/example_python_decorator.py for tasks to queue
[2025-11-10T00:49:34.970+0000] {logging_mixin.py:188} INFO - [2025-11-10T00:49:34.970+0000] {dagbag.py:538} INFO - Filling up the DagBag from /home/airflow/.local/lib/python3.8/site-packages/airflow/example_dags/example_python_decorator.py
[2025-11-10T00:49:34.990+0000] {processor.py:840} INFO - DAG(s) 'example_python_decorator' retrieved from /home/airflow/.local/lib/python3.8/site-packages/airflow/example_dags/example_python_decorator.py
[2025-11-10T00:49:35.160+0000] {logging_mixin.py:188} INFO - [2025-11-10T00:49:35.158+0000] {override.py:1769} INFO - Created Permission View: can delete on DAG:example_python_decorator
[2025-11-10T00:49:35.178+0000] {logging_mixin.py:188} INFO - [2025-11-10T00:49:35.178+0000] {override.py:1769} INFO - Created Permission View: can read on DAG:example_python_decorator
[2025-11-10T00:49:35.191+0000] {logging_mixin.py:188} INFO - [2025-11-10T00:49:35.190+0000] {override.py:1769} INFO - Created Permission View: can edit on DAG:example_python_decorator
[2025-11-10T00:49:35.192+0000] {logging_mixin.py:188} INFO - [2025-11-10T00:49:35.192+0000] {dag.py:3036} INFO - Sync 1 DAGs
[2025-11-10T00:49:35.213+0000] {logging_mixin.py:188} INFO - [2025-11-10T00:49:35.213+0000] {dag.py:3058} INFO - Creating ORM DAG for example_python_decorator
[2025-11-10T00:49:35.214+0000] {logging_mixin.py:188} INFO - [2025-11-10T00:49:35.214+0000] {dag.py:3823} INFO - Setting next_dagrun for example_python_decorator to None, run_after=None
[2025-11-10T00:49:35.249+0000] {processor.py:183} INFO - Processing /home/airflow/.local/lib/python3.8/site-packages/airflow/example_dags/example_python_decorator.py took 0.285 seconds
[2025-11-10T00:50:06.171+0000] {processor.py:161} INFO - Started process (PID=300) to work on /home/airflow/.local/lib/python3.8/site-packages/airflow/example_dags/example_python_decorator.py
[2025-11-10T00:50:06.172+0000] {processor.py:830} INFO - Processing file /home/airflow/.local/lib/python3.8/site-packages/airflow/example_dags/example_python_decorator.py for tasks to queue
[2025-11-10T00:50:06.174+0000] {logging_mixin.py:188} INFO - [2025-11-10T00:50:06.174+0000] {dagbag.py:538} INFO - Filling up the DagBag from /home/airflow/.local/lib/python3.8/site-packages/airflow/example_dags/example_python_decorator.py
[2025-11-10T00:50:06.194+0000] {processor.py:840} INFO - DAG(s) 'example_python_decorator' retrieved from /home/airflow/.local/lib/python3.8/site-packages/airflow/example_dags/example_python_decorator.py
[2025-11-10T00:50:06.230+0000] {logging_mixin.py:188} INFO - [2025-11-10T00:50:06.229+0000] {dag.py:3036} INFO - Sync 1 DAGs
[2025-11-10T00:50:06.247+0000] {logging_mixin.py:188} INFO - [2025-11-10T00:50:06.246+0000] {dag.py:3823} INFO - Setting next_dagrun for example_python_decorator to None, run_after=None
[2025-11-10T00:50:06.277+0000] {processor.py:183} INFO - Processing /home/airflow/.local/lib/python3.8/site-packages/airflow/example_dags/example_python_decorator.py took 0.110 seconds
[2025-11-10T00:50:36.781+0000] {processor.py:161} INFO - Started process (PID=397) to work on /home/airflow/.local/lib/python3.8/site-packages/airflow/example_dags/example_python_decorator.py
[2025-11-10T00:50:36.782+0000] {processor.py:830} INFO - Processing file /home/airflow/.local/lib/python3.8/site-packages/airflow/example_dags/example_python_decorator.py for tasks to queue
[2025-11-10T00:50:36.784+0000] {logging_mixin.py:188} INFO - [2025-11-10T00:50:36.783+0000] {dagbag.py:538} INFO - Filling up the DagBag from /home/airflow/.local/lib/python3.8/site-packages/airflow/example_dags/example_python_decorator.py
[2025-11-10T00:50:36.805+0000] {processor.py:840} INFO - DAG(s) 'example_python_decorator' retrieved from /home/airflow/.local/lib/python3.8/site-packages/airflow/example_dags/example_python_decorator.py
[2025-11-10T00:50:36.848+0000] {logging_mixin.py:188} INFO - [2025-11-10T00:50:36.847+0000] {dag.py:3036} INFO - Sync 1 DAGs
[2025-11-10T00:50:36.867+0000] {logging_mixin.py:188} INFO - [2025-11-10T00:50:36.866+0000] {dag.py:3823} INFO - Setting next_dagrun for example_python_decorator to None, run_after=None
[2025-11-10T00:50:36.908+0000] {processor.py:183} INFO - Processing /home/airflow/.local/lib/python3.8/site-packages/airflow/example_dags/example_python_decorator.py took 0.131 seconds
[2025-11-10T00:51:07.064+0000] {processor.py:161} INFO - Started process (PID=494) to work on /home/airflow/.local/lib/python3.8/site-packages/airflow/example_dags/example_python_decorator.py
[2025-11-10T00:51:07.065+0000] {processor.py:830} INFO - Processing file /home/airflow/.local/lib/python3.8/site-packages/airflow/example_dags/example_python_decorator.py for tasks to queue
[2025-11-10T00:51:07.066+0000] {logging_mixin.py:188} INFO - [2025-11-10T00:51:07.066+0000] {dagbag.py:538} INFO - Filling up the DagBag from /home/airflow/.local/lib/python3.8/site-packages/airflow/example_dags/example_python_decorator.py
[2025-11-10T00:51:07.088+0000] {processor.py:840} INFO - DAG(s) 'example_python_decorator' retrieved from /home/airflow/.local/lib/python3.8/site-packages/airflow/example_dags/example_python_decorator.py
[2025-11-10T00:51:07.135+0000] {logging_mixin.py:188} INFO - [2025-11-10T00:51:07.135+0000] {dag.py:3036} INFO - Sync 1 DAGs
[2025-11-10T00:51:07.160+0000] {logging_mixin.py:188} INFO - [2025-11-10T00:51:07.160+0000] {dag.py:3823} INFO - Setting next_dagrun for example_python_decorator to None, run_after=None
[2025-11-10T00:51:07.194+0000] {processor.py:183} INFO - Processing /home/airflow/.local/lib/python3.8/site-packages/airflow/example_dags/example_python_decorator.py took 0.135 seconds
[2025-11-10T00:51:38.039+0000] {processor.py:161} INFO - Started process (PID=599) to work on /home/airflow/.local/lib/python3.8/site-packages/airflow/example_dags/example_python_decorator.py
[2025-11-10T00:51:38.040+0000] {processor.py:830} INFO - Processing file /home/airflow/.local/lib/python3.8/site-packages/airflow/example_dags/example_python_decorator.py for tasks to queue
[2025-11-10T00:51:38.044+0000] {logging_mixin.py:188} INFO - [2025-11-10T00:51:38.043+0000] {dagbag.py:538} INFO - Filling up the DagBag from /home/airflow/.local/lib/python3.8/site-packages/airflow/example_dags/example_python_decorator.py
[2025-11-10T00:51:38.084+0000] {processor.py:840} INFO - DAG(s) 'example_python_decorator' retrieved from /home/airflow/.local/lib/python3.8/site-packages/airflow/example_dags/example_python_decorator.py
[2025-11-10T00:51:38.147+0000] {logging_mixin.py:188} INFO - [2025-11-10T00:51:38.146+0000] {dag.py:3036} INFO - Sync 1 DAGs
[2025-11-10T00:51:38.166+0000] {logging_mixin.py:188} INFO - [2025-11-10T00:51:38.165+0000] {dag.py:3823} INFO - Setting next_dagrun for example_python_decorator to None, run_after=None
[2025-11-10T00:51:38.198+0000] {processor.py:183} INFO - Processing /home/airflow/.local/lib/python3.8/site-packages/airflow/example_dags/example_python_decorator.py took 0.166 seconds
[2025-11-10T00:52:09.027+0000] {processor.py:161} INFO - Started process (PID=711) to work on /home/airflow/.local/lib/python3.8/site-packages/airflow/example_dags/example_python_decorator.py
[2025-11-10T00:52:09.028+0000] {processor.py:830} INFO - Processing file /home/airflow/.local/lib/python3.8/site-packages/airflow/example_dags/example_python_decorator.py for tasks to queue
[2025-11-10T00:52:09.029+0000] {logging_mixin.py:188} INFO - [2025-11-10T00:52:09.029+0000] {dagbag.py:538} INFO - Filling up the DagBag from /home/airflow/.local/lib/python3.8/site-packages/airflow/example_dags/example_python_decorator.py
[2025-11-10T00:52:09.050+0000] {processor.py:840} INFO - DAG(s) 'example_python_decorator' retrieved from /home/airflow/.local/lib/python3.8/site-packages/airflow/example_dags/example_python_decorator.py
[2025-11-10T00:52:09.089+0000] {logging_mixin.py:188} INFO - [2025-11-10T00:52:09.088+0000] {dag.py:3036} INFO - Sync 1 DAGs
[2025-11-10T00:52:09.108+0000] {logging_mixin.py:188} INFO - [2025-11-10T00:52:09.108+0000] {dag.py:3823} INFO - Setting next_dagrun for example_python_decorator to None, run_after=None
[2025-11-10T00:52:09.142+0000] {processor.py:183} INFO - Processing /home/airflow/.local/lib/python3.8/site-packages/airflow/example_dags/example_python_decorator.py took 0.119 seconds
[2025-11-10T00:52:39.261+0000] {processor.py:161} INFO - Started process (PID=807) to work on /home/airflow/.local/lib/python3.8/site-packages/airflow/example_dags/example_python_decorator.py
[2025-11-10T00:52:39.263+0000] {processor.py:830} INFO - Processing file /home/airflow/.local/lib/python3.8/site-packages/airflow/example_dags/example_python_decorator.py for tasks to queue
[2025-11-10T00:52:39.264+0000] {logging_mixin.py:188} INFO - [2025-11-10T00:52:39.264+0000] {dagbag.py:538} INFO - Filling up the DagBag from /home/airflow/.local/lib/python3.8/site-packages/airflow/example_dags/example_python_decorator.py
[2025-11-10T00:52:39.288+0000] {processor.py:840} INFO - DAG(s) 'example_python_decorator' retrieved from /home/airflow/.local/lib/python3.8/site-packages/airflow/example_dags/example_python_decorator.py
[2025-11-10T00:52:39.326+0000] {logging_mixin.py:188} INFO - [2025-11-10T00:52:39.326+0000] {dag.py:3036} INFO - Sync 1 DAGs
[2025-11-10T00:52:39.345+0000] {logging_mixin.py:188} INFO - [2025-11-10T00:52:39.344+0000] {dag.py:3823} INFO - Setting next_dagrun for example_python_decorator to None, run_after=None
[2025-11-10T00:52:39.379+0000] {processor.py:183} INFO - Processing /home/airflow/.local/lib/python3.8/site-packages/airflow/example_dags/example_python_decorator.py took 0.123 seconds
[2025-11-10T00:53:09.813+0000] {processor.py:161} INFO - Started process (PID=904) to work on /home/airflow/.local/lib/python3.8/site-packages/airflow/example_dags/example_python_decorator.py
[2025-11-10T00:53:09.814+0000] {processor.py:830} INFO - Processing file /home/airflow/.local/lib/python3.8/site-packages/airflow/example_dags/example_python_decorator.py for tasks to queue
[2025-11-10T00:53:09.817+0000] {logging_mixin.py:188} INFO - [2025-11-10T00:53:09.816+0000] {dagbag.py:538} INFO - Filling up the DagBag from /home/airflow/.local/lib/python3.8/site-packages/airflow/example_dags/example_python_decorator.py
[2025-11-10T00:53:09.836+0000] {processor.py:840} INFO - DAG(s) 'example_python_decorator' retrieved from /home/airflow/.local/lib/python3.8/site-packages/airflow/example_dags/example_python_decorator.py
[2025-11-10T00:53:09.874+0000] {logging_mixin.py:188} INFO - [2025-11-10T00:53:09.874+0000] {dag.py:3036} INFO - Sync 1 DAGs
[2025-11-10T00:53:09.891+0000] {logging_mixin.py:188} INFO - [2025-11-10T00:53:09.891+0000] {dag.py:3823} INFO - Setting next_dagrun for example_python_decorator to None, run_after=None
[2025-11-10T00:53:09.923+0000] {processor.py:183} INFO - Processing /home/airflow/.local/lib/python3.8/site-packages/airflow/example_dags/example_python_decorator.py took 0.115 seconds
[2025-11-10T00:53:40.466+0000] {processor.py:161} INFO - Started process (PID=1002) to work on /home/airflow/.local/lib/python3.8/site-packages/airflow/example_dags/example_python_decorator.py
[2025-11-10T00:53:40.468+0000] {processor.py:830} INFO - Processing file /home/airflow/.local/lib/python3.8/site-packages/airflow/example_dags/example_python_decorator.py for tasks to queue
[2025-11-10T00:53:40.471+0000] {logging_mixin.py:188} INFO - [2025-11-10T00:53:40.470+0000] {dagbag.py:538} INFO - Filling up the DagBag from /home/airflow/.local/lib/python3.8/site-packages/airflow/example_dags/example_python_decorator.py
[2025-11-10T00:53:40.512+0000] {processor.py:840} INFO - DAG(s) 'example_python_decorator' retrieved from /home/airflow/.local/lib/python3.8/site-packages/airflow/example_dags/example_python_decorator.py
[2025-11-10T00:53:40.593+0000] {logging_mixin.py:188} INFO - [2025-11-10T00:53:40.593+0000] {dag.py:3036} INFO - Sync 1 DAGs
[2025-11-10T00:53:40.612+0000] {logging_mixin.py:188} INFO - [2025-11-10T00:53:40.612+0000] {dag.py:3823} INFO - Setting next_dagrun for example_python_decorator to None, run_after=None
[2025-11-10T00:53:40.650+0000] {processor.py:183} INFO - Processing /home/airflow/.local/lib/python3.8/site-packages/airflow/example_dags/example_python_decorator.py took 0.189 seconds
[2025-11-10T00:54:10.811+0000] {processor.py:161} INFO - Started process (PID=1097) to work on /home/airflow/.local/lib/python3.8/site-packages/airflow/example_dags/example_python_decorator.py
[2025-11-10T00:54:10.812+0000] {processor.py:830} INFO - Processing file /home/airflow/.local/lib/python3.8/site-packages/airflow/example_dags/example_python_decorator.py for tasks to queue
[2025-11-10T00:54:10.814+0000] {logging_mixin.py:188} INFO - [2025-11-10T00:54:10.813+0000] {dagbag.py:538} INFO - Filling up the DagBag from /home/airflow/.local/lib/python3.8/site-packages/airflow/example_dags/example_python_decorator.py
[2025-11-10T00:54:10.836+0000] {processor.py:840} INFO - DAG(s) 'example_python_decorator' retrieved from /home/airflow/.local/lib/python3.8/site-packages/airflow/example_dags/example_python_decorator.py
[2025-11-10T00:54:10.878+0000] {logging_mixin.py:188} INFO - [2025-11-10T00:54:10.877+0000] {dag.py:3036} INFO - Sync 1 DAGs
[2025-11-10T00:54:10.895+0000] {logging_mixin.py:188} INFO - [2025-11-10T00:54:10.895+0000] {dag.py:3823} INFO - Setting next_dagrun for example_python_decorator to None, run_after=None
[2025-11-10T00:54:10.927+0000] {processor.py:183} INFO - Processing /home/airflow/.local/lib/python3.8/site-packages/airflow/example_dags/example_python_decorator.py took 0.121 seconds
[2025-11-10T00:54:41.483+0000] {processor.py:161} INFO - Started process (PID=1195) to work on /home/airflow/.local/lib/python3.8/site-packages/airflow/example_dags/example_python_decorator.py
[2025-11-10T00:54:41.484+0000] {processor.py:830} INFO - Processing file /home/airflow/.local/lib/python3.8/site-packages/airflow/example_dags/example_python_decorator.py for tasks to queue
[2025-11-10T00:54:41.486+0000] {logging_mixin.py:188} INFO - [2025-11-10T00:54:41.485+0000] {dagbag.py:538} INFO - Filling up the DagBag from /home/airflow/.local/lib/python3.8/site-packages/airflow/example_dags/example_python_decorator.py
[2025-11-10T00:54:41.505+0000] {processor.py:840} INFO - DAG(s) 'example_python_decorator' retrieved from /home/airflow/.local/lib/python3.8/site-packages/airflow/example_dags/example_python_decorator.py
[2025-11-10T00:54:41.544+0000] {logging_mixin.py:188} INFO - [2025-11-10T00:54:41.544+0000] {dag.py:3036} INFO - Sync 1 DAGs
[2025-11-10T00:54:41.561+0000] {logging_mixin.py:188} INFO - [2025-11-10T00:54:41.561+0000] {dag.py:3823} INFO - Setting next_dagrun for example_python_decorator to None, run_after=None
[2025-11-10T00:54:41.597+0000] {processor.py:183} INFO - Processing /home/airflow/.local/lib/python3.8/site-packages/airflow/example_dags/example_python_decorator.py took 0.118 seconds
[2025-11-10T00:55:11.941+0000] {processor.py:161} INFO - Started process (PID=1292) to work on /home/airflow/.local/lib/python3.8/site-packages/airflow/example_dags/example_python_decorator.py
[2025-11-10T00:55:11.942+0000] {processor.py:830} INFO - Processing file /home/airflow/.local/lib/python3.8/site-packages/airflow/example_dags/example_python_decorator.py for tasks to queue
[2025-11-10T00:55:11.944+0000] {logging_mixin.py:188} INFO - [2025-11-10T00:55:11.943+0000] {dagbag.py:538} INFO - Filling up the DagBag from /home/airflow/.local/lib/python3.8/site-packages/airflow/example_dags/example_python_decorator.py
[2025-11-10T00:55:11.968+0000] {processor.py:840} INFO - DAG(s) 'example_python_decorator' retrieved from /home/airflow/.local/lib/python3.8/site-packages/airflow/example_dags/example_python_decorator.py
[2025-11-10T00:55:12.015+0000] {logging_mixin.py:188} INFO - [2025-11-10T00:55:12.015+0000] {dag.py:3036} INFO - Sync 1 DAGs
[2025-11-10T00:55:12.038+0000] {logging_mixin.py:188} INFO - [2025-11-10T00:55:12.037+0000] {dag.py:3823} INFO - Setting next_dagrun for example_python_decorator to None, run_after=None
[2025-11-10T00:55:12.071+0000] {processor.py:183} INFO - Processing /home/airflow/.local/lib/python3.8/site-packages/airflow/example_dags/example_python_decorator.py took 0.139 seconds
[2025-11-10T00:55:43.562+0000] {processor.py:161} INFO - Started process (PID=1397) to work on /home/airflow/.local/lib/python3.8/site-packages/airflow/example_dags/example_python_decorator.py
[2025-11-10T00:55:43.563+0000] {processor.py:830} INFO - Processing file /home/airflow/.local/lib/python3.8/site-packages/airflow/example_dags/example_python_decorator.py for tasks to queue
[2025-11-10T00:55:43.565+0000] {logging_mixin.py:188} INFO - [2025-11-10T00:55:43.565+0000] {dagbag.py:538} INFO - Filling up the DagBag from /home/airflow/.local/lib/python3.8/site-packages/airflow/example_dags/example_python_decorator.py
[2025-11-10T00:55:43.589+0000] {processor.py:840} INFO - DAG(s) 'example_python_decorator' retrieved from /home/airflow/.local/lib/python3.8/site-packages/airflow/example_dags/example_python_decorator.py
[2025-11-10T00:55:43.629+0000] {logging_mixin.py:188} INFO - [2025-11-10T00:55:43.628+0000] {dag.py:3036} INFO - Sync 1 DAGs
[2025-11-10T00:55:43.647+0000] {logging_mixin.py:188} INFO - [2025-11-10T00:55:43.647+0000] {dag.py:3823} INFO - Setting next_dagrun for example_python_decorator to None, run_after=None
[2025-11-10T00:55:43.686+0000] {processor.py:183} INFO - Processing /home/airflow/.local/lib/python3.8/site-packages/airflow/example_dags/example_python_decorator.py took 0.131 seconds
[2025-11-10T00:56:13.846+0000] {processor.py:161} INFO - Started process (PID=1492) to work on /home/airflow/.local/lib/python3.8/site-packages/airflow/example_dags/example_python_decorator.py
[2025-11-10T00:56:13.847+0000] {processor.py:830} INFO - Processing file /home/airflow/.local/lib/python3.8/site-packages/airflow/example_dags/example_python_decorator.py for tasks to queue
[2025-11-10T00:56:13.848+0000] {logging_mixin.py:188} INFO - [2025-11-10T00:56:13.848+0000] {dagbag.py:538} INFO - Filling up the DagBag from /home/airflow/.local/lib/python3.8/site-packages/airflow/example_dags/example_python_decorator.py
[2025-11-10T00:56:13.871+0000] {processor.py:840} INFO - DAG(s) 'example_python_decorator' retrieved from /home/airflow/.local/lib/python3.8/site-packages/airflow/example_dags/example_python_decorator.py
[2025-11-10T00:56:13.914+0000] {logging_mixin.py:188} INFO - [2025-11-10T00:56:13.913+0000] {dag.py:3036} INFO - Sync 1 DAGs
[2025-11-10T00:56:13.932+0000] {logging_mixin.py:188} INFO - [2025-11-10T00:56:13.932+0000] {dag.py:3823} INFO - Setting next_dagrun for example_python_decorator to None, run_after=None
[2025-11-10T00:56:13.969+0000] {processor.py:183} INFO - Processing /home/airflow/.local/lib/python3.8/site-packages/airflow/example_dags/example_python_decorator.py took 0.128 seconds
[2025-11-10T00:56:45.192+0000] {processor.py:161} INFO - Started process (PID=1590) to work on /home/airflow/.local/lib/python3.8/site-packages/airflow/example_dags/example_python_decorator.py
[2025-11-10T00:56:45.193+0000] {processor.py:830} INFO - Processing file /home/airflow/.local/lib/python3.8/site-packages/airflow/example_dags/example_python_decorator.py for tasks to queue
[2025-11-10T00:56:45.196+0000] {logging_mixin.py:188} INFO - [2025-11-10T00:56:45.195+0000] {dagbag.py:538} INFO - Filling up the DagBag from /home/airflow/.local/lib/python3.8/site-packages/airflow/example_dags/example_python_decorator.py
[2025-11-10T00:56:45.226+0000] {processor.py:840} INFO - DAG(s) 'example_python_decorator' retrieved from /home/airflow/.local/lib/python3.8/site-packages/airflow/example_dags/example_python_decorator.py
[2025-11-10T00:56:45.291+0000] {logging_mixin.py:188} INFO - [2025-11-10T00:56:45.291+0000] {dag.py:3036} INFO - Sync 1 DAGs
[2025-11-10T00:56:45.339+0000] {logging_mixin.py:188} INFO - [2025-11-10T00:56:45.339+0000] {dag.py:3823} INFO - Setting next_dagrun for example_python_decorator to None, run_after=None
[2025-11-10T00:56:45.412+0000] {processor.py:183} INFO - Processing /home/airflow/.local/lib/python3.8/site-packages/airflow/example_dags/example_python_decorator.py took 0.227 seconds
[2025-11-10T00:57:15.550+0000] {processor.py:161} INFO - Started process (PID=1688) to work on /home/airflow/.local/lib/python3.8/site-packages/airflow/example_dags/example_python_decorator.py
[2025-11-10T00:57:15.551+0000] {processor.py:830} INFO - Processing file /home/airflow/.local/lib/python3.8/site-packages/airflow/example_dags/example_python_decorator.py for tasks to queue
[2025-11-10T00:57:15.559+0000] {logging_mixin.py:188} INFO - [2025-11-10T00:57:15.558+0000] {dagbag.py:538} INFO - Filling up the DagBag from /home/airflow/.local/lib/python3.8/site-packages/airflow/example_dags/example_python_decorator.py
[2025-11-10T00:57:15.591+0000] {processor.py:840} INFO - DAG(s) 'example_python_decorator' retrieved from /home/airflow/.local/lib/python3.8/site-packages/airflow/example_dags/example_python_decorator.py
[2025-11-10T00:57:15.635+0000] {logging_mixin.py:188} INFO - [2025-11-10T00:57:15.634+0000] {dag.py:3036} INFO - Sync 1 DAGs
[2025-11-10T00:57:15.667+0000] {logging_mixin.py:188} INFO - [2025-11-10T00:57:15.667+0000] {dag.py:3823} INFO - Setting next_dagrun for example_python_decorator to None, run_after=None
[2025-11-10T00:57:15.703+0000] {processor.py:183} INFO - Processing /home/airflow/.local/lib/python3.8/site-packages/airflow/example_dags/example_python_decorator.py took 0.158 seconds
[2025-11-10T00:57:45.879+0000] {processor.py:161} INFO - Started process (PID=1785) to work on /home/airflow/.local/lib/python3.8/site-packages/airflow/example_dags/example_python_decorator.py
[2025-11-10T00:57:45.881+0000] {processor.py:830} INFO - Processing file /home/airflow/.local/lib/python3.8/site-packages/airflow/example_dags/example_python_decorator.py for tasks to queue
[2025-11-10T00:57:45.883+0000] {logging_mixin.py:188} INFO - [2025-11-10T00:57:45.882+0000] {dagbag.py:538} INFO - Filling up the DagBag from /home/airflow/.local/lib/python3.8/site-packages/airflow/example_dags/example_python_decorator.py
[2025-11-10T00:57:45.906+0000] {processor.py:840} INFO - DAG(s) 'example_python_decorator' retrieved from /home/airflow/.local/lib/python3.8/site-packages/airflow/example_dags/example_python_decorator.py
[2025-11-10T00:57:45.948+0000] {logging_mixin.py:188} INFO - [2025-11-10T00:57:45.948+0000] {dag.py:3036} INFO - Sync 1 DAGs
[2025-11-10T00:57:45.973+0000] {logging_mixin.py:188} INFO - [2025-11-10T00:57:45.972+0000] {dag.py:3823} INFO - Setting next_dagrun for example_python_decorator to None, run_after=None
[2025-11-10T00:57:46.013+0000] {processor.py:183} INFO - Processing /home/airflow/.local/lib/python3.8/site-packages/airflow/example_dags/example_python_decorator.py took 0.140 seconds
[2025-11-10T00:58:16.204+0000] {processor.py:161} INFO - Started process (PID=1897) to work on /home/airflow/.local/lib/python3.8/site-packages/airflow/example_dags/example_python_decorator.py
[2025-11-10T00:58:16.205+0000] {processor.py:830} INFO - Processing file /home/airflow/.local/lib/python3.8/site-packages/airflow/example_dags/example_python_decorator.py for tasks to queue
[2025-11-10T00:58:16.207+0000] {logging_mixin.py:188} INFO - [2025-11-10T00:58:16.206+0000] {dagbag.py:538} INFO - Filling up the DagBag from /home/airflow/.local/lib/python3.8/site-packages/airflow/example_dags/example_python_decorator.py
[2025-11-10T00:58:16.229+0000] {processor.py:840} INFO - DAG(s) 'example_python_decorator' retrieved from /home/airflow/.local/lib/python3.8/site-packages/airflow/example_dags/example_python_decorator.py
[2025-11-10T00:58:16.273+0000] {logging_mixin.py:188} INFO - [2025-11-10T00:58:16.272+0000] {dag.py:3036} INFO - Sync 1 DAGs
[2025-11-10T00:58:16.291+0000] {logging_mixin.py:188} INFO - [2025-11-10T00:58:16.290+0000] {dag.py:3823} INFO - Setting next_dagrun for example_python_decorator to None, run_after=None
[2025-11-10T00:58:16.321+0000] {processor.py:183} INFO - Processing /home/airflow/.local/lib/python3.8/site-packages/airflow/example_dags/example_python_decorator.py took 0.124 seconds
[2025-11-10T00:58:47.154+0000] {processor.py:161} INFO - Started process (PID=1994) to work on /home/airflow/.local/lib/python3.8/site-packages/airflow/example_dags/example_python_decorator.py
[2025-11-10T00:58:47.155+0000] {processor.py:830} INFO - Processing file /home/airflow/.local/lib/python3.8/site-packages/airflow/example_dags/example_python_decorator.py for tasks to queue
[2025-11-10T00:58:47.158+0000] {logging_mixin.py:188} INFO - [2025-11-10T00:58:47.157+0000] {dagbag.py:538} INFO - Filling up the DagBag from /home/airflow/.local/lib/python3.8/site-packages/airflow/example_dags/example_python_decorator.py
[2025-11-10T00:58:47.186+0000] {processor.py:840} INFO - DAG(s) 'example_python_decorator' retrieved from /home/airflow/.local/lib/python3.8/site-packages/airflow/example_dags/example_python_decorator.py
[2025-11-10T00:58:47.221+0000] {logging_mixin.py:188} INFO - [2025-11-10T00:58:47.220+0000] {dag.py:3036} INFO - Sync 1 DAGs
[2025-11-10T00:58:47.241+0000] {logging_mixin.py:188} INFO - [2025-11-10T00:58:47.240+0000] {dag.py:3823} INFO - Setting next_dagrun for example_python_decorator to None, run_after=None
[2025-11-10T00:58:47.270+0000] {processor.py:183} INFO - Processing /home/airflow/.local/lib/python3.8/site-packages/airflow/example_dags/example_python_decorator.py took 0.120 seconds
[2025-11-10T00:59:17.354+0000] {processor.py:161} INFO - Started process (PID=2090) to work on /home/airflow/.local/lib/python3.8/site-packages/airflow/example_dags/example_python_decorator.py
[2025-11-10T00:59:17.356+0000] {processor.py:830} INFO - Processing file /home/airflow/.local/lib/python3.8/site-packages/airflow/example_dags/example_python_decorator.py for tasks to queue
[2025-11-10T00:59:17.358+0000] {logging_mixin.py:188} INFO - [2025-11-10T00:59:17.358+0000] {dagbag.py:538} INFO - Filling up the DagBag from /home/airflow/.local/lib/python3.8/site-packages/airflow/example_dags/example_python_decorator.py
[2025-11-10T00:59:17.392+0000] {processor.py:840} INFO - DAG(s) 'example_python_decorator' retrieved from /home/airflow/.local/lib/python3.8/site-packages/airflow/example_dags/example_python_decorator.py
[2025-11-10T00:59:17.438+0000] {logging_mixin.py:188} INFO - [2025-11-10T00:59:17.438+0000] {dag.py:3036} INFO - Sync 1 DAGs
[2025-11-10T00:59:17.456+0000] {logging_mixin.py:188} INFO - [2025-11-10T00:59:17.456+0000] {dag.py:3823} INFO - Setting next_dagrun for example_python_decorator to None, run_after=None
[2025-11-10T00:59:17.488+0000] {processor.py:183} INFO - Processing /home/airflow/.local/lib/python3.8/site-packages/airflow/example_dags/example_python_decorator.py took 0.140 seconds
[2025-11-10T00:59:48.568+0000] {processor.py:161} INFO - Started process (PID=2187) to work on /home/airflow/.local/lib/python3.8/site-packages/airflow/example_dags/example_python_decorator.py
[2025-11-10T00:59:48.570+0000] {processor.py:830} INFO - Processing file /home/airflow/.local/lib/python3.8/site-packages/airflow/example_dags/example_python_decorator.py for tasks to queue
[2025-11-10T00:59:48.571+0000] {logging_mixin.py:188} INFO - [2025-11-10T00:59:48.571+0000] {dagbag.py:538} INFO - Filling up the DagBag from /home/airflow/.local/lib/python3.8/site-packages/airflow/example_dags/example_python_decorator.py
[2025-11-10T00:59:48.586+0000] {processor.py:840} INFO - DAG(s) 'example_python_decorator' retrieved from /home/airflow/.local/lib/python3.8/site-packages/airflow/example_dags/example_python_decorator.py
[2025-11-10T00:59:48.617+0000] {logging_mixin.py:188} INFO - [2025-11-10T00:59:48.616+0000] {dag.py:3036} INFO - Sync 1 DAGs
[2025-11-10T00:59:48.635+0000] {logging_mixin.py:188} INFO - [2025-11-10T00:59:48.635+0000] {dag.py:3823} INFO - Setting next_dagrun for example_python_decorator to None, run_after=None
[2025-11-10T00:59:48.663+0000] {processor.py:183} INFO - Processing /home/airflow/.local/lib/python3.8/site-packages/airflow/example_dags/example_python_decorator.py took 0.099 seconds
[2025-11-10T01:00:18.892+0000] {processor.py:161} INFO - Started process (PID=2291) to work on /home/airflow/.local/lib/python3.8/site-packages/airflow/example_dags/example_python_decorator.py
[2025-11-10T01:00:18.894+0000] {processor.py:830} INFO - Processing file /home/airflow/.local/lib/python3.8/site-packages/airflow/example_dags/example_python_decorator.py for tasks to queue
[2025-11-10T01:00:18.895+0000] {logging_mixin.py:188} INFO - [2025-11-10T01:00:18.894+0000] {dagbag.py:538} INFO - Filling up the DagBag from /home/airflow/.local/lib/python3.8/site-packages/airflow/example_dags/example_python_decorator.py
[2025-11-10T01:00:18.910+0000] {processor.py:840} INFO - DAG(s) 'example_python_decorator' retrieved from /home/airflow/.local/lib/python3.8/site-packages/airflow/example_dags/example_python_decorator.py
[2025-11-10T01:00:18.953+0000] {logging_mixin.py:188} INFO - [2025-11-10T01:00:18.953+0000] {dag.py:3036} INFO - Sync 1 DAGs
[2025-11-10T01:00:18.972+0000] {logging_mixin.py:188} INFO - [2025-11-10T01:00:18.971+0000] {dag.py:3823} INFO - Setting next_dagrun for example_python_decorator to None, run_after=None
[2025-11-10T01:00:19.003+0000] {processor.py:183} INFO - Processing /home/airflow/.local/lib/python3.8/site-packages/airflow/example_dags/example_python_decorator.py took 0.113 seconds
[2025-11-10T01:00:49.137+0000] {processor.py:161} INFO - Started process (PID=2404) to work on /home/airflow/.local/lib/python3.8/site-packages/airflow/example_dags/example_python_decorator.py
[2025-11-10T01:00:49.138+0000] {processor.py:830} INFO - Processing file /home/airflow/.local/lib/python3.8/site-packages/airflow/example_dags/example_python_decorator.py for tasks to queue
[2025-11-10T01:00:49.140+0000] {logging_mixin.py:188} INFO - [2025-11-10T01:00:49.139+0000] {dagbag.py:538} INFO - Filling up the DagBag from /home/airflow/.local/lib/python3.8/site-packages/airflow/example_dags/example_python_decorator.py
[2025-11-10T01:00:49.159+0000] {processor.py:840} INFO - DAG(s) 'example_python_decorator' retrieved from /home/airflow/.local/lib/python3.8/site-packages/airflow/example_dags/example_python_decorator.py
[2025-11-10T01:00:49.192+0000] {logging_mixin.py:188} INFO - [2025-11-10T01:00:49.191+0000] {dag.py:3036} INFO - Sync 1 DAGs
[2025-11-10T01:00:49.206+0000] {logging_mixin.py:188} INFO - [2025-11-10T01:00:49.206+0000] {dag.py:3823} INFO - Setting next_dagrun for example_python_decorator to None, run_after=None
[2025-11-10T01:00:49.238+0000] {processor.py:183} INFO - Processing /home/airflow/.local/lib/python3.8/site-packages/airflow/example_dags/example_python_decorator.py took 0.106 seconds
[2025-11-10T01:01:20.175+0000] {processor.py:161} INFO - Started process (PID=2501) to work on /home/airflow/.local/lib/python3.8/site-packages/airflow/example_dags/example_python_decorator.py
[2025-11-10T01:01:20.176+0000] {processor.py:830} INFO - Processing file /home/airflow/.local/lib/python3.8/site-packages/airflow/example_dags/example_python_decorator.py for tasks to queue
[2025-11-10T01:01:20.179+0000] {logging_mixin.py:188} INFO - [2025-11-10T01:01:20.178+0000] {dagbag.py:538} INFO - Filling up the DagBag from /home/airflow/.local/lib/python3.8/site-packages/airflow/example_dags/example_python_decorator.py
[2025-11-10T01:01:20.195+0000] {processor.py:840} INFO - DAG(s) 'example_python_decorator' retrieved from /home/airflow/.local/lib/python3.8/site-packages/airflow/example_dags/example_python_decorator.py
[2025-11-10T01:01:20.230+0000] {logging_mixin.py:188} INFO - [2025-11-10T01:01:20.230+0000] {dag.py:3036} INFO - Sync 1 DAGs
[2025-11-10T01:01:20.248+0000] {logging_mixin.py:188} INFO - [2025-11-10T01:01:20.248+0000] {dag.py:3823} INFO - Setting next_dagrun for example_python_decorator to None, run_after=None
[2025-11-10T01:01:20.277+0000] {processor.py:183} INFO - Processing /home/airflow/.local/lib/python3.8/site-packages/airflow/example_dags/example_python_decorator.py took 0.106 seconds
[2025-11-10T01:01:50.574+0000] {processor.py:161} INFO - Started process (PID=2598) to work on /home/airflow/.local/lib/python3.8/site-packages/airflow/example_dags/example_python_decorator.py
[2025-11-10T01:01:50.575+0000] {processor.py:830} INFO - Processing file /home/airflow/.local/lib/python3.8/site-packages/airflow/example_dags/example_python_decorator.py for tasks to queue
[2025-11-10T01:01:50.576+0000] {logging_mixin.py:188} INFO - [2025-11-10T01:01:50.576+0000] {dagbag.py:538} INFO - Filling up the DagBag from /home/airflow/.local/lib/python3.8/site-packages/airflow/example_dags/example_python_decorator.py
[2025-11-10T01:01:50.592+0000] {processor.py:840} INFO - DAG(s) 'example_python_decorator' retrieved from /home/airflow/.local/lib/python3.8/site-packages/airflow/example_dags/example_python_decorator.py
[2025-11-10T01:01:50.623+0000] {logging_mixin.py:188} INFO - [2025-11-10T01:01:50.622+0000] {dag.py:3036} INFO - Sync 1 DAGs
[2025-11-10T01:01:50.637+0000] {logging_mixin.py:188} INFO - [2025-11-10T01:01:50.636+0000] {dag.py:3823} INFO - Setting next_dagrun for example_python_decorator to None, run_after=None
[2025-11-10T01:01:50.662+0000] {processor.py:183} INFO - Processing /home/airflow/.local/lib/python3.8/site-packages/airflow/example_dags/example_python_decorator.py took 0.092 seconds
[2025-11-10T01:02:21.444+0000] {processor.py:161} INFO - Started process (PID=2695) to work on /home/airflow/.local/lib/python3.8/site-packages/airflow/example_dags/example_python_decorator.py
[2025-11-10T01:02:21.446+0000] {processor.py:830} INFO - Processing file /home/airflow/.local/lib/python3.8/site-packages/airflow/example_dags/example_python_decorator.py for tasks to queue
[2025-11-10T01:02:21.447+0000] {logging_mixin.py:188} INFO - [2025-11-10T01:02:21.447+0000] {dagbag.py:538} INFO - Filling up the DagBag from /home/airflow/.local/lib/python3.8/site-packages/airflow/example_dags/example_python_decorator.py
[2025-11-10T01:02:21.468+0000] {processor.py:840} INFO - DAG(s) 'example_python_decorator' retrieved from /home/airflow/.local/lib/python3.8/site-packages/airflow/example_dags/example_python_decorator.py
[2025-11-10T01:02:21.515+0000] {logging_mixin.py:188} INFO - [2025-11-10T01:02:21.514+0000] {dag.py:3036} INFO - Sync 1 DAGs
[2025-11-10T01:02:21.530+0000] {logging_mixin.py:188} INFO - [2025-11-10T01:02:21.530+0000] {dag.py:3823} INFO - Setting next_dagrun for example_python_decorator to None, run_after=None
[2025-11-10T01:02:21.562+0000] {processor.py:183} INFO - Processing /home/airflow/.local/lib/python3.8/site-packages/airflow/example_dags/example_python_decorator.py took 0.122 seconds
[2025-11-10T01:02:52.667+0000] {processor.py:161} INFO - Started process (PID=2799) to work on /home/airflow/.local/lib/python3.8/site-packages/airflow/example_dags/example_python_decorator.py
[2025-11-10T01:02:52.669+0000] {processor.py:830} INFO - Processing file /home/airflow/.local/lib/python3.8/site-packages/airflow/example_dags/example_python_decorator.py for tasks to queue
[2025-11-10T01:02:52.671+0000] {logging_mixin.py:188} INFO - [2025-11-10T01:02:52.670+0000] {dagbag.py:538} INFO - Filling up the DagBag from /home/airflow/.local/lib/python3.8/site-packages/airflow/example_dags/example_python_decorator.py
[2025-11-10T01:02:52.689+0000] {processor.py:840} INFO - DAG(s) 'example_python_decorator' retrieved from /home/airflow/.local/lib/python3.8/site-packages/airflow/example_dags/example_python_decorator.py
[2025-11-10T01:02:52.722+0000] {logging_mixin.py:188} INFO - [2025-11-10T01:02:52.722+0000] {dag.py:3036} INFO - Sync 1 DAGs
[2025-11-10T01:02:52.740+0000] {logging_mixin.py:188} INFO - [2025-11-10T01:02:52.739+0000] {dag.py:3823} INFO - Setting next_dagrun for example_python_decorator to None, run_after=None
[2025-11-10T01:02:52.768+0000] {processor.py:183} INFO - Processing /home/airflow/.local/lib/python3.8/site-packages/airflow/example_dags/example_python_decorator.py took 0.104 seconds
[2025-11-10T01:03:23.914+0000] {processor.py:161} INFO - Started process (PID=2912) to work on /home/airflow/.local/lib/python3.8/site-packages/airflow/example_dags/example_python_decorator.py
[2025-11-10T01:03:23.915+0000] {processor.py:830} INFO - Processing file /home/airflow/.local/lib/python3.8/site-packages/airflow/example_dags/example_python_decorator.py for tasks to queue
[2025-11-10T01:03:23.916+0000] {logging_mixin.py:188} INFO - [2025-11-10T01:03:23.916+0000] {dagbag.py:538} INFO - Filling up the DagBag from /home/airflow/.local/lib/python3.8/site-packages/airflow/example_dags/example_python_decorator.py
[2025-11-10T01:03:23.933+0000] {processor.py:840} INFO - DAG(s) 'example_python_decorator' retrieved from /home/airflow/.local/lib/python3.8/site-packages/airflow/example_dags/example_python_decorator.py
[2025-11-10T01:03:23.965+0000] {logging_mixin.py:188} INFO - [2025-11-10T01:03:23.965+0000] {dag.py:3036} INFO - Sync 1 DAGs
[2025-11-10T01:03:23.982+0000] {logging_mixin.py:188} INFO - [2025-11-10T01:03:23.981+0000] {dag.py:3823} INFO - Setting next_dagrun for example_python_decorator to None, run_after=None
[2025-11-10T01:03:24.009+0000] {processor.py:183} INFO - Processing /home/airflow/.local/lib/python3.8/site-packages/airflow/example_dags/example_python_decorator.py took 0.101 seconds
[2025-11-10T01:03:54.184+0000] {processor.py:161} INFO - Started process (PID=3009) to work on /home/airflow/.local/lib/python3.8/site-packages/airflow/example_dags/example_python_decorator.py
[2025-11-10T01:03:54.186+0000] {processor.py:830} INFO - Processing file /home/airflow/.local/lib/python3.8/site-packages/airflow/example_dags/example_python_decorator.py for tasks to queue
[2025-11-10T01:03:54.187+0000] {logging_mixin.py:188} INFO - [2025-11-10T01:03:54.187+0000] {dagbag.py:538} INFO - Filling up the DagBag from /home/airflow/.local/lib/python3.8/site-packages/airflow/example_dags/example_python_decorator.py
[2025-11-10T01:03:54.204+0000] {processor.py:840} INFO - DAG(s) 'example_python_decorator' retrieved from /home/airflow/.local/lib/python3.8/site-packages/airflow/example_dags/example_python_decorator.py
[2025-11-10T01:03:54.241+0000] {logging_mixin.py:188} INFO - [2025-11-10T01:03:54.241+0000] {dag.py:3036} INFO - Sync 1 DAGs
[2025-11-10T01:03:54.257+0000] {logging_mixin.py:188} INFO - [2025-11-10T01:03:54.257+0000] {dag.py:3823} INFO - Setting next_dagrun for example_python_decorator to None, run_after=None
[2025-11-10T01:03:54.284+0000] {processor.py:183} INFO - Processing /home/airflow/.local/lib/python3.8/site-packages/airflow/example_dags/example_python_decorator.py took 0.105 seconds
[2025-11-10T01:04:25.195+0000] {processor.py:161} INFO - Started process (PID=3106) to work on /home/airflow/.local/lib/python3.8/site-packages/airflow/example_dags/example_python_decorator.py
[2025-11-10T01:04:25.196+0000] {processor.py:830} INFO - Processing file /home/airflow/.local/lib/python3.8/site-packages/airflow/example_dags/example_python_decorator.py for tasks to queue
[2025-11-10T01:04:25.198+0000] {logging_mixin.py:188} INFO - [2025-11-10T01:04:25.198+0000] {dagbag.py:538} INFO - Filling up the DagBag from /home/airflow/.local/lib/python3.8/site-packages/airflow/example_dags/example_python_decorator.py
[2025-11-10T01:04:25.217+0000] {processor.py:840} INFO - DAG(s) 'example_python_decorator' retrieved from /home/airflow/.local/lib/python3.8/site-packages/airflow/example_dags/example_python_decorator.py
[2025-11-10T01:04:25.249+0000] {logging_mixin.py:188} INFO - [2025-11-10T01:04:25.249+0000] {dag.py:3036} INFO - Sync 1 DAGs
[2025-11-10T01:04:25.267+0000] {logging_mixin.py:188} INFO - [2025-11-10T01:04:25.266+0000] {dag.py:3823} INFO - Setting next_dagrun for example_python_decorator to None, run_after=None
[2025-11-10T01:04:25.294+0000] {processor.py:183} INFO - Processing /home/airflow/.local/lib/python3.8/site-packages/airflow/example_dags/example_python_decorator.py took 0.103 seconds
[2025-11-10T01:04:55.987+0000] {processor.py:161} INFO - Started process (PID=3203) to work on /home/airflow/.local/lib/python3.8/site-packages/airflow/example_dags/example_python_decorator.py
[2025-11-10T01:04:55.988+0000] {processor.py:830} INFO - Processing file /home/airflow/.local/lib/python3.8/site-packages/airflow/example_dags/example_python_decorator.py for tasks to queue
[2025-11-10T01:04:55.989+0000] {logging_mixin.py:188} INFO - [2025-11-10T01:04:55.989+0000] {dagbag.py:538} INFO - Filling up the DagBag from /home/airflow/.local/lib/python3.8/site-packages/airflow/example_dags/example_python_decorator.py
[2025-11-10T01:04:56.014+0000] {processor.py:840} INFO - DAG(s) 'example_python_decorator' retrieved from /home/airflow/.local/lib/python3.8/site-packages/airflow/example_dags/example_python_decorator.py
[2025-11-10T01:04:56.056+0000] {logging_mixin.py:188} INFO - [2025-11-10T01:04:56.056+0000] {dag.py:3036} INFO - Sync 1 DAGs
[2025-11-10T01:04:56.075+0000] {logging_mixin.py:188} INFO - [2025-11-10T01:04:56.075+0000] {dag.py:3823} INFO - Setting next_dagrun for example_python_decorator to None, run_after=None
[2025-11-10T01:04:56.113+0000] {processor.py:183} INFO - Processing /home/airflow/.local/lib/python3.8/site-packages/airflow/example_dags/example_python_decorator.py took 0.130 seconds
[2025-11-10T01:05:26.486+0000] {processor.py:161} INFO - Started process (PID=3308) to work on /home/airflow/.local/lib/python3.8/site-packages/airflow/example_dags/example_python_decorator.py
[2025-11-10T01:05:26.487+0000] {processor.py:830} INFO - Processing file /home/airflow/.local/lib/python3.8/site-packages/airflow/example_dags/example_python_decorator.py for tasks to queue
[2025-11-10T01:05:26.490+0000] {logging_mixin.py:188} INFO - [2025-11-10T01:05:26.489+0000] {dagbag.py:538} INFO - Filling up the DagBag from /home/airflow/.local/lib/python3.8/site-packages/airflow/example_dags/example_python_decorator.py
[2025-11-10T01:05:26.519+0000] {processor.py:840} INFO - DAG(s) 'example_python_decorator' retrieved from /home/airflow/.local/lib/python3.8/site-packages/airflow/example_dags/example_python_decorator.py
[2025-11-10T01:05:26.569+0000] {logging_mixin.py:188} INFO - [2025-11-10T01:05:26.569+0000] {dag.py:3036} INFO - Sync 1 DAGs
[2025-11-10T01:05:26.597+0000] {logging_mixin.py:188} INFO - [2025-11-10T01:05:26.596+0000] {dag.py:3823} INFO - Setting next_dagrun for example_python_decorator to None, run_after=None
[2025-11-10T01:05:26.637+0000] {processor.py:183} INFO - Processing /home/airflow/.local/lib/python3.8/site-packages/airflow/example_dags/example_python_decorator.py took 0.159 seconds
[2025-11-10T01:05:56.945+0000] {processor.py:161} INFO - Started process (PID=3420) to work on /home/airflow/.local/lib/python3.8/site-packages/airflow/example_dags/example_python_decorator.py
[2025-11-10T01:05:56.946+0000] {processor.py:830} INFO - Processing file /home/airflow/.local/lib/python3.8/site-packages/airflow/example_dags/example_python_decorator.py for tasks to queue
[2025-11-10T01:05:56.947+0000] {logging_mixin.py:188} INFO - [2025-11-10T01:05:56.947+0000] {dagbag.py:538} INFO - Filling up the DagBag from /home/airflow/.local/lib/python3.8/site-packages/airflow/example_dags/example_python_decorator.py
[2025-11-10T01:05:56.964+0000] {processor.py:840} INFO - DAG(s) 'example_python_decorator' retrieved from /home/airflow/.local/lib/python3.8/site-packages/airflow/example_dags/example_python_decorator.py
[2025-11-10T01:05:56.998+0000] {logging_mixin.py:188} INFO - [2025-11-10T01:05:56.997+0000] {dag.py:3036} INFO - Sync 1 DAGs
[2025-11-10T01:05:57.021+0000] {logging_mixin.py:188} INFO - [2025-11-10T01:05:57.021+0000] {dag.py:3823} INFO - Setting next_dagrun for example_python_decorator to None, run_after=None
[2025-11-10T01:05:57.051+0000] {processor.py:183} INFO - Processing /home/airflow/.local/lib/python3.8/site-packages/airflow/example_dags/example_python_decorator.py took 0.110 seconds
[2025-11-10T01:06:27.424+0000] {processor.py:161} INFO - Started process (PID=3518) to work on /home/airflow/.local/lib/python3.8/site-packages/airflow/example_dags/example_python_decorator.py
[2025-11-10T01:06:27.425+0000] {processor.py:830} INFO - Processing file /home/airflow/.local/lib/python3.8/site-packages/airflow/example_dags/example_python_decorator.py for tasks to queue
[2025-11-10T01:06:27.427+0000] {logging_mixin.py:188} INFO - [2025-11-10T01:06:27.426+0000] {dagbag.py:538} INFO - Filling up the DagBag from /home/airflow/.local/lib/python3.8/site-packages/airflow/example_dags/example_python_decorator.py
[2025-11-10T01:06:27.444+0000] {processor.py:840} INFO - DAG(s) 'example_python_decorator' retrieved from /home/airflow/.local/lib/python3.8/site-packages/airflow/example_dags/example_python_decorator.py
[2025-11-10T01:06:27.478+0000] {logging_mixin.py:188} INFO - [2025-11-10T01:06:27.477+0000] {dag.py:3036} INFO - Sync 1 DAGs
[2025-11-10T01:06:27.674+0000] {logging_mixin.py:188} INFO - [2025-11-10T01:06:27.673+0000] {dag.py:3823} INFO - Setting next_dagrun for example_python_decorator to None, run_after=None
[2025-11-10T01:06:27.696+0000] {processor.py:183} INFO - Processing /home/airflow/.local/lib/python3.8/site-packages/airflow/example_dags/example_python_decorator.py took 0.275 seconds
[2025-11-10T01:06:58.115+0000] {processor.py:161} INFO - Started process (PID=3615) to work on /home/airflow/.local/lib/python3.8/site-packages/airflow/example_dags/example_python_decorator.py
[2025-11-10T01:06:58.116+0000] {processor.py:830} INFO - Processing file /home/airflow/.local/lib/python3.8/site-packages/airflow/example_dags/example_python_decorator.py for tasks to queue
[2025-11-10T01:06:58.118+0000] {logging_mixin.py:188} INFO - [2025-11-10T01:06:58.117+0000] {dagbag.py:538} INFO - Filling up the DagBag from /home/airflow/.local/lib/python3.8/site-packages/airflow/example_dags/example_python_decorator.py
[2025-11-10T01:06:58.134+0000] {processor.py:840} INFO - DAG(s) 'example_python_decorator' retrieved from /home/airflow/.local/lib/python3.8/site-packages/airflow/example_dags/example_python_decorator.py
[2025-11-10T01:06:58.163+0000] {logging_mixin.py:188} INFO - [2025-11-10T01:06:58.163+0000] {dag.py:3036} INFO - Sync 1 DAGs
[2025-11-10T01:06:58.178+0000] {logging_mixin.py:188} INFO - [2025-11-10T01:06:58.177+0000] {dag.py:3823} INFO - Setting next_dagrun for example_python_decorator to None, run_after=None
[2025-11-10T01:06:58.202+0000] {processor.py:183} INFO - Processing /home/airflow/.local/lib/python3.8/site-packages/airflow/example_dags/example_python_decorator.py took 0.091 seconds
[2025-11-10T02:09:11.535+0000] {processor.py:161} INFO - Started process (PID=194) to work on /home/airflow/.local/lib/python3.8/site-packages/airflow/example_dags/example_python_decorator.py
[2025-11-10T02:09:11.536+0000] {processor.py:830} INFO - Processing file /home/airflow/.local/lib/python3.8/site-packages/airflow/example_dags/example_python_decorator.py for tasks to queue
[2025-11-10T02:09:11.539+0000] {logging_mixin.py:188} INFO - [2025-11-10T02:09:11.538+0000] {dagbag.py:538} INFO - Filling up the DagBag from /home/airflow/.local/lib/python3.8/site-packages/airflow/example_dags/example_python_decorator.py
[2025-11-10T02:09:11.560+0000] {processor.py:840} INFO - DAG(s) 'example_python_decorator' retrieved from /home/airflow/.local/lib/python3.8/site-packages/airflow/example_dags/example_python_decorator.py
[2025-11-10T02:09:11.722+0000] {logging_mixin.py:188} INFO - [2025-11-10T02:09:11.721+0000] {dag.py:3036} INFO - Sync 1 DAGs
[2025-11-10T02:09:11.741+0000] {logging_mixin.py:188} INFO - [2025-11-10T02:09:11.740+0000] {dag.py:3823} INFO - Setting next_dagrun for example_python_decorator to None, run_after=None
[2025-11-10T02:09:11.817+0000] {processor.py:183} INFO - Processing /home/airflow/.local/lib/python3.8/site-packages/airflow/example_dags/example_python_decorator.py took 0.288 seconds
[2025-11-10T02:09:41.993+0000] {processor.py:161} INFO - Started process (PID=290) to work on /home/airflow/.local/lib/python3.8/site-packages/airflow/example_dags/example_python_decorator.py
[2025-11-10T02:09:41.994+0000] {processor.py:830} INFO - Processing file /home/airflow/.local/lib/python3.8/site-packages/airflow/example_dags/example_python_decorator.py for tasks to queue
[2025-11-10T02:09:41.996+0000] {logging_mixin.py:188} INFO - [2025-11-10T02:09:41.995+0000] {dagbag.py:538} INFO - Filling up the DagBag from /home/airflow/.local/lib/python3.8/site-packages/airflow/example_dags/example_python_decorator.py
[2025-11-10T02:09:42.021+0000] {processor.py:840} INFO - DAG(s) 'example_python_decorator' retrieved from /home/airflow/.local/lib/python3.8/site-packages/airflow/example_dags/example_python_decorator.py
[2025-11-10T02:09:42.056+0000] {logging_mixin.py:188} INFO - [2025-11-10T02:09:42.055+0000] {dag.py:3036} INFO - Sync 1 DAGs
[2025-11-10T02:09:42.073+0000] {logging_mixin.py:188} INFO - [2025-11-10T02:09:42.073+0000] {dag.py:3823} INFO - Setting next_dagrun for example_python_decorator to None, run_after=None
[2025-11-10T02:09:42.105+0000] {processor.py:183} INFO - Processing /home/airflow/.local/lib/python3.8/site-packages/airflow/example_dags/example_python_decorator.py took 0.118 seconds
[2025-11-10T02:10:12.278+0000] {processor.py:161} INFO - Started process (PID=387) to work on /home/airflow/.local/lib/python3.8/site-packages/airflow/example_dags/example_python_decorator.py
[2025-11-10T02:10:12.279+0000] {processor.py:830} INFO - Processing file /home/airflow/.local/lib/python3.8/site-packages/airflow/example_dags/example_python_decorator.py for tasks to queue
[2025-11-10T02:10:12.280+0000] {logging_mixin.py:188} INFO - [2025-11-10T02:10:12.280+0000] {dagbag.py:538} INFO - Filling up the DagBag from /home/airflow/.local/lib/python3.8/site-packages/airflow/example_dags/example_python_decorator.py
[2025-11-10T02:10:12.312+0000] {processor.py:840} INFO - DAG(s) 'example_python_decorator' retrieved from /home/airflow/.local/lib/python3.8/site-packages/airflow/example_dags/example_python_decorator.py
[2025-11-10T02:10:12.354+0000] {logging_mixin.py:188} INFO - [2025-11-10T02:10:12.354+0000] {dag.py:3036} INFO - Sync 1 DAGs
[2025-11-10T02:10:12.374+0000] {logging_mixin.py:188} INFO - [2025-11-10T02:10:12.374+0000] {dag.py:3823} INFO - Setting next_dagrun for example_python_decorator to None, run_after=None
[2025-11-10T02:10:12.405+0000] {processor.py:183} INFO - Processing /home/airflow/.local/lib/python3.8/site-packages/airflow/example_dags/example_python_decorator.py took 0.133 seconds
[2025-11-10T02:10:42.891+0000] {processor.py:161} INFO - Started process (PID=507) to work on /home/airflow/.local/lib/python3.8/site-packages/airflow/example_dags/example_python_decorator.py
[2025-11-10T02:10:42.892+0000] {processor.py:830} INFO - Processing file /home/airflow/.local/lib/python3.8/site-packages/airflow/example_dags/example_python_decorator.py for tasks to queue
[2025-11-10T02:10:42.893+0000] {logging_mixin.py:188} INFO - [2025-11-10T02:10:42.893+0000] {dagbag.py:538} INFO - Filling up the DagBag from /home/airflow/.local/lib/python3.8/site-packages/airflow/example_dags/example_python_decorator.py
[2025-11-10T02:10:42.912+0000] {processor.py:840} INFO - DAG(s) 'example_python_decorator' retrieved from /home/airflow/.local/lib/python3.8/site-packages/airflow/example_dags/example_python_decorator.py
[2025-11-10T02:10:42.944+0000] {logging_mixin.py:188} INFO - [2025-11-10T02:10:42.943+0000] {dag.py:3036} INFO - Sync 1 DAGs
[2025-11-10T02:10:42.960+0000] {logging_mixin.py:188} INFO - [2025-11-10T02:10:42.960+0000] {dag.py:3823} INFO - Setting next_dagrun for example_python_decorator to None, run_after=None
[2025-11-10T02:10:42.993+0000] {processor.py:183} INFO - Processing /home/airflow/.local/lib/python3.8/site-packages/airflow/example_dags/example_python_decorator.py took 0.106 seconds
[2025-11-10T02:11:14.027+0000] {processor.py:161} INFO - Started process (PID=604) to work on /home/airflow/.local/lib/python3.8/site-packages/airflow/example_dags/example_python_decorator.py
[2025-11-10T02:11:14.029+0000] {processor.py:830} INFO - Processing file /home/airflow/.local/lib/python3.8/site-packages/airflow/example_dags/example_python_decorator.py for tasks to queue
[2025-11-10T02:11:14.030+0000] {logging_mixin.py:188} INFO - [2025-11-10T02:11:14.029+0000] {dagbag.py:538} INFO - Filling up the DagBag from /home/airflow/.local/lib/python3.8/site-packages/airflow/example_dags/example_python_decorator.py
[2025-11-10T02:11:14.063+0000] {processor.py:840} INFO - DAG(s) 'example_python_decorator' retrieved from /home/airflow/.local/lib/python3.8/site-packages/airflow/example_dags/example_python_decorator.py
[2025-11-10T02:11:14.115+0000] {logging_mixin.py:188} INFO - [2025-11-10T02:11:14.115+0000] {dag.py:3036} INFO - Sync 1 DAGs
[2025-11-10T02:11:14.140+0000] {logging_mixin.py:188} INFO - [2025-11-10T02:11:14.139+0000] {dag.py:3823} INFO - Setting next_dagrun for example_python_decorator to None, run_after=None
[2025-11-10T02:11:14.180+0000] {processor.py:183} INFO - Processing /home/airflow/.local/lib/python3.8/site-packages/airflow/example_dags/example_python_decorator.py took 0.159 seconds
[2025-11-10T02:11:44.648+0000] {processor.py:161} INFO - Started process (PID=700) to work on /home/airflow/.local/lib/python3.8/site-packages/airflow/example_dags/example_python_decorator.py
[2025-11-10T02:11:44.648+0000] {processor.py:830} INFO - Processing file /home/airflow/.local/lib/python3.8/site-packages/airflow/example_dags/example_python_decorator.py for tasks to queue
[2025-11-10T02:11:44.650+0000] {logging_mixin.py:188} INFO - [2025-11-10T02:11:44.650+0000] {dagbag.py:538} INFO - Filling up the DagBag from /home/airflow/.local/lib/python3.8/site-packages/airflow/example_dags/example_python_decorator.py
[2025-11-10T02:11:44.667+0000] {processor.py:840} INFO - DAG(s) 'example_python_decorator' retrieved from /home/airflow/.local/lib/python3.8/site-packages/airflow/example_dags/example_python_decorator.py
[2025-11-10T02:11:44.699+0000] {logging_mixin.py:188} INFO - [2025-11-10T02:11:44.698+0000] {dag.py:3036} INFO - Sync 1 DAGs
[2025-11-10T02:11:44.715+0000] {logging_mixin.py:188} INFO - [2025-11-10T02:11:44.714+0000] {dag.py:3823} INFO - Setting next_dagrun for example_python_decorator to None, run_after=None
[2025-11-10T02:11:44.743+0000] {processor.py:183} INFO - Processing /home/airflow/.local/lib/python3.8/site-packages/airflow/example_dags/example_python_decorator.py took 0.100 seconds
[2025-11-10T02:12:15.698+0000] {processor.py:161} INFO - Started process (PID=798) to work on /home/airflow/.local/lib/python3.8/site-packages/airflow/example_dags/example_python_decorator.py
[2025-11-10T02:12:15.699+0000] {processor.py:830} INFO - Processing file /home/airflow/.local/lib/python3.8/site-packages/airflow/example_dags/example_python_decorator.py for tasks to queue
[2025-11-10T02:12:15.702+0000] {logging_mixin.py:188} INFO - [2025-11-10T02:12:15.701+0000] {dagbag.py:538} INFO - Filling up the DagBag from /home/airflow/.local/lib/python3.8/site-packages/airflow/example_dags/example_python_decorator.py
[2025-11-10T02:12:15.720+0000] {processor.py:840} INFO - DAG(s) 'example_python_decorator' retrieved from /home/airflow/.local/lib/python3.8/site-packages/airflow/example_dags/example_python_decorator.py
[2025-11-10T02:12:15.766+0000] {logging_mixin.py:188} INFO - [2025-11-10T02:12:15.766+0000] {dag.py:3036} INFO - Sync 1 DAGs
[2025-11-10T02:12:15.781+0000] {logging_mixin.py:188} INFO - [2025-11-10T02:12:15.781+0000] {dag.py:3823} INFO - Setting next_dagrun for example_python_decorator to None, run_after=None
[2025-11-10T02:12:15.808+0000] {processor.py:183} INFO - Processing /home/airflow/.local/lib/python3.8/site-packages/airflow/example_dags/example_python_decorator.py took 0.126 seconds
[2025-11-10T02:12:46.036+0000] {processor.py:161} INFO - Started process (PID=903) to work on /home/airflow/.local/lib/python3.8/site-packages/airflow/example_dags/example_python_decorator.py
[2025-11-10T02:12:46.037+0000] {processor.py:830} INFO - Processing file /home/airflow/.local/lib/python3.8/site-packages/airflow/example_dags/example_python_decorator.py for tasks to queue
[2025-11-10T02:12:46.038+0000] {logging_mixin.py:188} INFO - [2025-11-10T02:12:46.038+0000] {dagbag.py:538} INFO - Filling up the DagBag from /home/airflow/.local/lib/python3.8/site-packages/airflow/example_dags/example_python_decorator.py
[2025-11-10T02:12:46.054+0000] {processor.py:840} INFO - DAG(s) 'example_python_decorator' retrieved from /home/airflow/.local/lib/python3.8/site-packages/airflow/example_dags/example_python_decorator.py
[2025-11-10T02:12:46.083+0000] {logging_mixin.py:188} INFO - [2025-11-10T02:12:46.083+0000] {dag.py:3036} INFO - Sync 1 DAGs
[2025-11-10T02:12:46.098+0000] {logging_mixin.py:188} INFO - [2025-11-10T02:12:46.098+0000] {dag.py:3823} INFO - Setting next_dagrun for example_python_decorator to None, run_after=None
[2025-11-10T02:12:46.126+0000] {processor.py:183} INFO - Processing /home/airflow/.local/lib/python3.8/site-packages/airflow/example_dags/example_python_decorator.py took 0.094 seconds
[2025-11-10T02:13:16.651+0000] {processor.py:161} INFO - Started process (PID=1015) to work on /home/airflow/.local/lib/python3.8/site-packages/airflow/example_dags/example_python_decorator.py
[2025-11-10T02:13:16.653+0000] {processor.py:830} INFO - Processing file /home/airflow/.local/lib/python3.8/site-packages/airflow/example_dags/example_python_decorator.py for tasks to queue
[2025-11-10T02:13:16.654+0000] {logging_mixin.py:188} INFO - [2025-11-10T02:13:16.654+0000] {dagbag.py:538} INFO - Filling up the DagBag from /home/airflow/.local/lib/python3.8/site-packages/airflow/example_dags/example_python_decorator.py
[2025-11-10T02:13:16.673+0000] {processor.py:840} INFO - DAG(s) 'example_python_decorator' retrieved from /home/airflow/.local/lib/python3.8/site-packages/airflow/example_dags/example_python_decorator.py
[2025-11-10T02:13:16.702+0000] {logging_mixin.py:188} INFO - [2025-11-10T02:13:16.702+0000] {dag.py:3036} INFO - Sync 1 DAGs
[2025-11-10T02:13:16.715+0000] {logging_mixin.py:188} INFO - [2025-11-10T02:13:16.715+0000] {dag.py:3823} INFO - Setting next_dagrun for example_python_decorator to None, run_after=None
[2025-11-10T02:13:16.740+0000] {processor.py:183} INFO - Processing /home/airflow/.local/lib/python3.8/site-packages/airflow/example_dags/example_python_decorator.py took 0.093 seconds
