[2025-11-10T00:49:33.820+0000] {processor.py:161} INFO - Started process (PID=197) to work on /home/airflow/.local/lib/python3.8/site-packages/airflow/example_dags/example_complex.py
[2025-11-10T00:49:33.821+0000] {processor.py:830} INFO - Processing file /home/airflow/.local/lib/python3.8/site-packages/airflow/example_dags/example_complex.py for tasks to queue
[2025-11-10T00:49:33.824+0000] {logging_mixin.py:188} INFO - [2025-11-10T00:49:33.822+0000] {dagbag.py:538} INFO - Filling up the DagBag from /home/airflow/.local/lib/python3.8/site-packages/airflow/example_dags/example_complex.py
[2025-11-10T00:49:33.842+0000] {processor.py:840} INFO - DAG(s) 'example_complex' retrieved from /home/airflow/.local/lib/python3.8/site-packages/airflow/example_dags/example_complex.py
[2025-11-10T00:49:34.022+0000] {logging_mixin.py:188} INFO - [2025-11-10T00:49:34.021+0000] {override.py:1769} INFO - Created Permission View: can delete on DAG:example_complex
[2025-11-10T00:49:34.044+0000] {logging_mixin.py:188} INFO - [2025-11-10T00:49:34.043+0000] {override.py:1769} INFO - Created Permission View: can read on DAG:example_complex
[2025-11-10T00:49:34.060+0000] {logging_mixin.py:188} INFO - [2025-11-10T00:49:34.059+0000] {override.py:1769} INFO - Created Permission View: can edit on DAG:example_complex
[2025-11-10T00:49:34.061+0000] {logging_mixin.py:188} INFO - [2025-11-10T00:49:34.061+0000] {dag.py:3036} INFO - Sync 1 DAGs
[2025-11-10T00:49:34.078+0000] {logging_mixin.py:188} INFO - [2025-11-10T00:49:34.078+0000] {dag.py:3058} INFO - Creating ORM DAG for example_complex
[2025-11-10T00:49:34.080+0000] {logging_mixin.py:188} INFO - [2025-11-10T00:49:34.079+0000] {dag.py:3823} INFO - Setting next_dagrun for example_complex to None, run_after=None
[2025-11-10T00:49:34.113+0000] {processor.py:183} INFO - Processing /home/airflow/.local/lib/python3.8/site-packages/airflow/example_dags/example_complex.py took 0.298 seconds
[2025-11-10T00:50:04.730+0000] {processor.py:161} INFO - Started process (PID=294) to work on /home/airflow/.local/lib/python3.8/site-packages/airflow/example_dags/example_complex.py
[2025-11-10T00:50:04.732+0000] {processor.py:830} INFO - Processing file /home/airflow/.local/lib/python3.8/site-packages/airflow/example_dags/example_complex.py for tasks to queue
[2025-11-10T00:50:04.734+0000] {logging_mixin.py:188} INFO - [2025-11-10T00:50:04.733+0000] {dagbag.py:538} INFO - Filling up the DagBag from /home/airflow/.local/lib/python3.8/site-packages/airflow/example_dags/example_complex.py
[2025-11-10T00:50:04.749+0000] {processor.py:840} INFO - DAG(s) 'example_complex' retrieved from /home/airflow/.local/lib/python3.8/site-packages/airflow/example_dags/example_complex.py
[2025-11-10T00:50:04.795+0000] {logging_mixin.py:188} INFO - [2025-11-10T00:50:04.795+0000] {dag.py:3036} INFO - Sync 1 DAGs
[2025-11-10T00:50:04.810+0000] {logging_mixin.py:188} INFO - [2025-11-10T00:50:04.810+0000] {dag.py:3823} INFO - Setting next_dagrun for example_complex to None, run_after=None
[2025-11-10T00:50:04.840+0000] {processor.py:183} INFO - Processing /home/airflow/.local/lib/python3.8/site-packages/airflow/example_dags/example_complex.py took 0.114 seconds
[2025-11-10T00:50:35.160+0000] {processor.py:161} INFO - Started process (PID=391) to work on /home/airflow/.local/lib/python3.8/site-packages/airflow/example_dags/example_complex.py
[2025-11-10T00:50:35.161+0000] {processor.py:830} INFO - Processing file /home/airflow/.local/lib/python3.8/site-packages/airflow/example_dags/example_complex.py for tasks to queue
[2025-11-10T00:50:35.162+0000] {logging_mixin.py:188} INFO - [2025-11-10T00:50:35.162+0000] {dagbag.py:538} INFO - Filling up the DagBag from /home/airflow/.local/lib/python3.8/site-packages/airflow/example_dags/example_complex.py
[2025-11-10T00:50:35.176+0000] {processor.py:840} INFO - DAG(s) 'example_complex' retrieved from /home/airflow/.local/lib/python3.8/site-packages/airflow/example_dags/example_complex.py
[2025-11-10T00:50:35.250+0000] {logging_mixin.py:188} INFO - [2025-11-10T00:50:35.250+0000] {dag.py:3036} INFO - Sync 1 DAGs
[2025-11-10T00:50:35.269+0000] {logging_mixin.py:188} INFO - [2025-11-10T00:50:35.268+0000] {dag.py:3823} INFO - Setting next_dagrun for example_complex to None, run_after=None
[2025-11-10T00:50:35.302+0000] {processor.py:183} INFO - Processing /home/airflow/.local/lib/python3.8/site-packages/airflow/example_dags/example_complex.py took 0.148 seconds
[2025-11-10T00:51:05.442+0000] {processor.py:161} INFO - Started process (PID=488) to work on /home/airflow/.local/lib/python3.8/site-packages/airflow/example_dags/example_complex.py
[2025-11-10T00:51:05.444+0000] {processor.py:830} INFO - Processing file /home/airflow/.local/lib/python3.8/site-packages/airflow/example_dags/example_complex.py for tasks to queue
[2025-11-10T00:51:05.447+0000] {logging_mixin.py:188} INFO - [2025-11-10T00:51:05.446+0000] {dagbag.py:538} INFO - Filling up the DagBag from /home/airflow/.local/lib/python3.8/site-packages/airflow/example_dags/example_complex.py
[2025-11-10T00:51:05.465+0000] {processor.py:840} INFO - DAG(s) 'example_complex' retrieved from /home/airflow/.local/lib/python3.8/site-packages/airflow/example_dags/example_complex.py
[2025-11-10T00:51:05.516+0000] {logging_mixin.py:188} INFO - [2025-11-10T00:51:05.515+0000] {dag.py:3036} INFO - Sync 1 DAGs
[2025-11-10T00:51:05.532+0000] {logging_mixin.py:188} INFO - [2025-11-10T00:51:05.531+0000] {dag.py:3823} INFO - Setting next_dagrun for example_complex to None, run_after=None
[2025-11-10T00:51:05.561+0000] {processor.py:183} INFO - Processing /home/airflow/.local/lib/python3.8/site-packages/airflow/example_dags/example_complex.py took 0.123 seconds
[2025-11-10T00:51:36.434+0000] {processor.py:161} INFO - Started process (PID=592) to work on /home/airflow/.local/lib/python3.8/site-packages/airflow/example_dags/example_complex.py
[2025-11-10T00:51:36.436+0000] {processor.py:830} INFO - Processing file /home/airflow/.local/lib/python3.8/site-packages/airflow/example_dags/example_complex.py for tasks to queue
[2025-11-10T00:51:36.438+0000] {logging_mixin.py:188} INFO - [2025-11-10T00:51:36.438+0000] {dagbag.py:538} INFO - Filling up the DagBag from /home/airflow/.local/lib/python3.8/site-packages/airflow/example_dags/example_complex.py
[2025-11-10T00:51:36.459+0000] {processor.py:840} INFO - DAG(s) 'example_complex' retrieved from /home/airflow/.local/lib/python3.8/site-packages/airflow/example_dags/example_complex.py
[2025-11-10T00:51:36.526+0000] {logging_mixin.py:188} INFO - [2025-11-10T00:51:36.526+0000] {dag.py:3036} INFO - Sync 1 DAGs
[2025-11-10T00:51:36.557+0000] {logging_mixin.py:188} INFO - [2025-11-10T00:51:36.557+0000] {dag.py:3823} INFO - Setting next_dagrun for example_complex to None, run_after=None
[2025-11-10T00:51:36.591+0000] {processor.py:183} INFO - Processing /home/airflow/.local/lib/python3.8/site-packages/airflow/example_dags/example_complex.py took 0.164 seconds
[2025-11-10T00:52:07.488+0000] {processor.py:161} INFO - Started process (PID=705) to work on /home/airflow/.local/lib/python3.8/site-packages/airflow/example_dags/example_complex.py
[2025-11-10T00:52:07.492+0000] {processor.py:830} INFO - Processing file /home/airflow/.local/lib/python3.8/site-packages/airflow/example_dags/example_complex.py for tasks to queue
[2025-11-10T00:52:07.497+0000] {logging_mixin.py:188} INFO - [2025-11-10T00:52:07.497+0000] {dagbag.py:538} INFO - Filling up the DagBag from /home/airflow/.local/lib/python3.8/site-packages/airflow/example_dags/example_complex.py
[2025-11-10T00:52:07.529+0000] {processor.py:840} INFO - DAG(s) 'example_complex' retrieved from /home/airflow/.local/lib/python3.8/site-packages/airflow/example_dags/example_complex.py
[2025-11-10T00:52:07.583+0000] {logging_mixin.py:188} INFO - [2025-11-10T00:52:07.582+0000] {dag.py:3036} INFO - Sync 1 DAGs
[2025-11-10T00:52:07.601+0000] {logging_mixin.py:188} INFO - [2025-11-10T00:52:07.601+0000] {dag.py:3823} INFO - Setting next_dagrun for example_complex to None, run_after=None
[2025-11-10T00:52:07.636+0000] {processor.py:183} INFO - Processing /home/airflow/.local/lib/python3.8/site-packages/airflow/example_dags/example_complex.py took 0.152 seconds
[2025-11-10T00:52:38.616+0000] {processor.py:161} INFO - Started process (PID=802) to work on /home/airflow/.local/lib/python3.8/site-packages/airflow/example_dags/example_complex.py
[2025-11-10T00:52:38.617+0000] {processor.py:830} INFO - Processing file /home/airflow/.local/lib/python3.8/site-packages/airflow/example_dags/example_complex.py for tasks to queue
[2025-11-10T00:52:38.619+0000] {logging_mixin.py:188} INFO - [2025-11-10T00:52:38.619+0000] {dagbag.py:538} INFO - Filling up the DagBag from /home/airflow/.local/lib/python3.8/site-packages/airflow/example_dags/example_complex.py
[2025-11-10T00:52:38.637+0000] {processor.py:840} INFO - DAG(s) 'example_complex' retrieved from /home/airflow/.local/lib/python3.8/site-packages/airflow/example_dags/example_complex.py
[2025-11-10T00:52:38.723+0000] {logging_mixin.py:188} INFO - [2025-11-10T00:52:38.723+0000] {dag.py:3036} INFO - Sync 1 DAGs
[2025-11-10T00:52:38.764+0000] {logging_mixin.py:188} INFO - [2025-11-10T00:52:38.764+0000] {dag.py:3823} INFO - Setting next_dagrun for example_complex to None, run_after=None
[2025-11-10T00:52:38.811+0000] {processor.py:183} INFO - Processing /home/airflow/.local/lib/python3.8/site-packages/airflow/example_dags/example_complex.py took 0.199 seconds
[2025-11-10T00:53:09.166+0000] {processor.py:161} INFO - Started process (PID=899) to work on /home/airflow/.local/lib/python3.8/site-packages/airflow/example_dags/example_complex.py
[2025-11-10T00:53:09.167+0000] {processor.py:830} INFO - Processing file /home/airflow/.local/lib/python3.8/site-packages/airflow/example_dags/example_complex.py for tasks to queue
[2025-11-10T00:53:09.168+0000] {logging_mixin.py:188} INFO - [2025-11-10T00:53:09.168+0000] {dagbag.py:538} INFO - Filling up the DagBag from /home/airflow/.local/lib/python3.8/site-packages/airflow/example_dags/example_complex.py
[2025-11-10T00:53:09.184+0000] {processor.py:840} INFO - DAG(s) 'example_complex' retrieved from /home/airflow/.local/lib/python3.8/site-packages/airflow/example_dags/example_complex.py
[2025-11-10T00:53:09.238+0000] {logging_mixin.py:188} INFO - [2025-11-10T00:53:09.238+0000] {dag.py:3036} INFO - Sync 1 DAGs
[2025-11-10T00:53:09.257+0000] {logging_mixin.py:188} INFO - [2025-11-10T00:53:09.257+0000] {dag.py:3823} INFO - Setting next_dagrun for example_complex to None, run_after=None
[2025-11-10T00:53:09.291+0000] {processor.py:183} INFO - Processing /home/airflow/.local/lib/python3.8/site-packages/airflow/example_dags/example_complex.py took 0.130 seconds
[2025-11-10T00:53:39.362+0000] {processor.py:161} INFO - Started process (PID=995) to work on /home/airflow/.local/lib/python3.8/site-packages/airflow/example_dags/example_complex.py
[2025-11-10T00:53:39.364+0000] {processor.py:830} INFO - Processing file /home/airflow/.local/lib/python3.8/site-packages/airflow/example_dags/example_complex.py for tasks to queue
[2025-11-10T00:53:39.366+0000] {logging_mixin.py:188} INFO - [2025-11-10T00:53:39.365+0000] {dagbag.py:538} INFO - Filling up the DagBag from /home/airflow/.local/lib/python3.8/site-packages/airflow/example_dags/example_complex.py
[2025-11-10T00:53:39.384+0000] {processor.py:840} INFO - DAG(s) 'example_complex' retrieved from /home/airflow/.local/lib/python3.8/site-packages/airflow/example_dags/example_complex.py
[2025-11-10T00:53:39.442+0000] {logging_mixin.py:188} INFO - [2025-11-10T00:53:39.441+0000] {dag.py:3036} INFO - Sync 1 DAGs
[2025-11-10T00:53:39.465+0000] {logging_mixin.py:188} INFO - [2025-11-10T00:53:39.464+0000] {dag.py:3823} INFO - Setting next_dagrun for example_complex to None, run_after=None
[2025-11-10T00:53:39.508+0000] {processor.py:183} INFO - Processing /home/airflow/.local/lib/python3.8/site-packages/airflow/example_dags/example_complex.py took 0.150 seconds
[2025-11-10T00:54:10.269+0000] {processor.py:161} INFO - Started process (PID=1092) to work on /home/airflow/.local/lib/python3.8/site-packages/airflow/example_dags/example_complex.py
[2025-11-10T00:54:10.270+0000] {processor.py:830} INFO - Processing file /home/airflow/.local/lib/python3.8/site-packages/airflow/example_dags/example_complex.py for tasks to queue
[2025-11-10T00:54:10.272+0000] {logging_mixin.py:188} INFO - [2025-11-10T00:54:10.271+0000] {dagbag.py:538} INFO - Filling up the DagBag from /home/airflow/.local/lib/python3.8/site-packages/airflow/example_dags/example_complex.py
[2025-11-10T00:54:10.292+0000] {processor.py:840} INFO - DAG(s) 'example_complex' retrieved from /home/airflow/.local/lib/python3.8/site-packages/airflow/example_dags/example_complex.py
[2025-11-10T00:54:10.345+0000] {logging_mixin.py:188} INFO - [2025-11-10T00:54:10.345+0000] {dag.py:3036} INFO - Sync 1 DAGs
[2025-11-10T00:54:10.367+0000] {logging_mixin.py:188} INFO - [2025-11-10T00:54:10.367+0000] {dag.py:3823} INFO - Setting next_dagrun for example_complex to None, run_after=None
[2025-11-10T00:54:10.399+0000] {processor.py:183} INFO - Processing /home/airflow/.local/lib/python3.8/site-packages/airflow/example_dags/example_complex.py took 0.135 seconds
[2025-11-10T00:54:40.759+0000] {processor.py:161} INFO - Started process (PID=1189) to work on /home/airflow/.local/lib/python3.8/site-packages/airflow/example_dags/example_complex.py
[2025-11-10T00:54:40.760+0000] {processor.py:830} INFO - Processing file /home/airflow/.local/lib/python3.8/site-packages/airflow/example_dags/example_complex.py for tasks to queue
[2025-11-10T00:54:40.763+0000] {logging_mixin.py:188} INFO - [2025-11-10T00:54:40.762+0000] {dagbag.py:538} INFO - Filling up the DagBag from /home/airflow/.local/lib/python3.8/site-packages/airflow/example_dags/example_complex.py
[2025-11-10T00:54:40.781+0000] {processor.py:840} INFO - DAG(s) 'example_complex' retrieved from /home/airflow/.local/lib/python3.8/site-packages/airflow/example_dags/example_complex.py
[2025-11-10T00:54:40.836+0000] {logging_mixin.py:188} INFO - [2025-11-10T00:54:40.835+0000] {dag.py:3036} INFO - Sync 1 DAGs
[2025-11-10T00:54:40.856+0000] {logging_mixin.py:188} INFO - [2025-11-10T00:54:40.856+0000] {dag.py:3823} INFO - Setting next_dagrun for example_complex to None, run_after=None
[2025-11-10T00:54:40.889+0000] {processor.py:183} INFO - Processing /home/airflow/.local/lib/python3.8/site-packages/airflow/example_dags/example_complex.py took 0.135 seconds
[2025-11-10T00:55:11.227+0000] {processor.py:161} INFO - Started process (PID=1286) to work on /home/airflow/.local/lib/python3.8/site-packages/airflow/example_dags/example_complex.py
[2025-11-10T00:55:11.229+0000] {processor.py:830} INFO - Processing file /home/airflow/.local/lib/python3.8/site-packages/airflow/example_dags/example_complex.py for tasks to queue
[2025-11-10T00:55:11.230+0000] {logging_mixin.py:188} INFO - [2025-11-10T00:55:11.230+0000] {dagbag.py:538} INFO - Filling up the DagBag from /home/airflow/.local/lib/python3.8/site-packages/airflow/example_dags/example_complex.py
[2025-11-10T00:55:11.247+0000] {processor.py:840} INFO - DAG(s) 'example_complex' retrieved from /home/airflow/.local/lib/python3.8/site-packages/airflow/example_dags/example_complex.py
[2025-11-10T00:55:11.298+0000] {logging_mixin.py:188} INFO - [2025-11-10T00:55:11.297+0000] {dag.py:3036} INFO - Sync 1 DAGs
[2025-11-10T00:55:11.316+0000] {logging_mixin.py:188} INFO - [2025-11-10T00:55:11.316+0000] {dag.py:3823} INFO - Setting next_dagrun for example_complex to None, run_after=None
[2025-11-10T00:55:11.348+0000] {processor.py:183} INFO - Processing /home/airflow/.local/lib/python3.8/site-packages/airflow/example_dags/example_complex.py took 0.124 seconds
[2025-11-10T00:55:42.583+0000] {processor.py:161} INFO - Started process (PID=1390) to work on /home/airflow/.local/lib/python3.8/site-packages/airflow/example_dags/example_complex.py
[2025-11-10T00:55:42.584+0000] {processor.py:830} INFO - Processing file /home/airflow/.local/lib/python3.8/site-packages/airflow/example_dags/example_complex.py for tasks to queue
[2025-11-10T00:55:42.585+0000] {logging_mixin.py:188} INFO - [2025-11-10T00:55:42.585+0000] {dagbag.py:538} INFO - Filling up the DagBag from /home/airflow/.local/lib/python3.8/site-packages/airflow/example_dags/example_complex.py
[2025-11-10T00:55:42.600+0000] {processor.py:840} INFO - DAG(s) 'example_complex' retrieved from /home/airflow/.local/lib/python3.8/site-packages/airflow/example_dags/example_complex.py
[2025-11-10T00:55:42.652+0000] {logging_mixin.py:188} INFO - [2025-11-10T00:55:42.652+0000] {dag.py:3036} INFO - Sync 1 DAGs
[2025-11-10T00:55:42.670+0000] {logging_mixin.py:188} INFO - [2025-11-10T00:55:42.669+0000] {dag.py:3823} INFO - Setting next_dagrun for example_complex to None, run_after=None
[2025-11-10T00:55:42.709+0000] {processor.py:183} INFO - Processing /home/airflow/.local/lib/python3.8/site-packages/airflow/example_dags/example_complex.py took 0.131 seconds
[2025-11-10T00:56:13.226+0000] {processor.py:161} INFO - Started process (PID=1487) to work on /home/airflow/.local/lib/python3.8/site-packages/airflow/example_dags/example_complex.py
[2025-11-10T00:56:13.227+0000] {processor.py:830} INFO - Processing file /home/airflow/.local/lib/python3.8/site-packages/airflow/example_dags/example_complex.py for tasks to queue
[2025-11-10T00:56:13.229+0000] {logging_mixin.py:188} INFO - [2025-11-10T00:56:13.228+0000] {dagbag.py:538} INFO - Filling up the DagBag from /home/airflow/.local/lib/python3.8/site-packages/airflow/example_dags/example_complex.py
[2025-11-10T00:56:13.248+0000] {processor.py:840} INFO - DAG(s) 'example_complex' retrieved from /home/airflow/.local/lib/python3.8/site-packages/airflow/example_dags/example_complex.py
[2025-11-10T00:56:13.303+0000] {logging_mixin.py:188} INFO - [2025-11-10T00:56:13.302+0000] {dag.py:3036} INFO - Sync 1 DAGs
[2025-11-10T00:56:13.325+0000] {logging_mixin.py:188} INFO - [2025-11-10T00:56:13.324+0000] {dag.py:3823} INFO - Setting next_dagrun for example_complex to None, run_after=None
[2025-11-10T00:56:13.360+0000] {processor.py:183} INFO - Processing /home/airflow/.local/lib/python3.8/site-packages/airflow/example_dags/example_complex.py took 0.140 seconds
[2025-11-10T00:56:44.375+0000] {processor.py:161} INFO - Started process (PID=1577) to work on /home/airflow/.local/lib/python3.8/site-packages/airflow/example_dags/example_complex.py
[2025-11-10T00:56:44.376+0000] {processor.py:830} INFO - Processing file /home/airflow/.local/lib/python3.8/site-packages/airflow/example_dags/example_complex.py for tasks to queue
[2025-11-10T00:56:44.378+0000] {logging_mixin.py:188} INFO - [2025-11-10T00:56:44.377+0000] {dagbag.py:538} INFO - Filling up the DagBag from /home/airflow/.local/lib/python3.8/site-packages/airflow/example_dags/example_complex.py
[2025-11-10T00:56:44.409+0000] {processor.py:840} INFO - DAG(s) 'example_complex' retrieved from /home/airflow/.local/lib/python3.8/site-packages/airflow/example_dags/example_complex.py
[2025-11-10T00:56:44.481+0000] {logging_mixin.py:188} INFO - [2025-11-10T00:56:44.481+0000] {dag.py:3036} INFO - Sync 1 DAGs
[2025-11-10T00:56:44.513+0000] {logging_mixin.py:188} INFO - [2025-11-10T00:56:44.513+0000] {dag.py:3823} INFO - Setting next_dagrun for example_complex to None, run_after=None
[2025-11-10T00:56:44.574+0000] {processor.py:183} INFO - Processing /home/airflow/.local/lib/python3.8/site-packages/airflow/example_dags/example_complex.py took 0.206 seconds
[2025-11-10T00:57:14.671+0000] {processor.py:161} INFO - Started process (PID=1674) to work on /home/airflow/.local/lib/python3.8/site-packages/airflow/example_dags/example_complex.py
[2025-11-10T00:57:14.672+0000] {processor.py:830} INFO - Processing file /home/airflow/.local/lib/python3.8/site-packages/airflow/example_dags/example_complex.py for tasks to queue
[2025-11-10T00:57:14.674+0000] {logging_mixin.py:188} INFO - [2025-11-10T00:57:14.673+0000] {dagbag.py:538} INFO - Filling up the DagBag from /home/airflow/.local/lib/python3.8/site-packages/airflow/example_dags/example_complex.py
[2025-11-10T00:57:14.693+0000] {processor.py:840} INFO - DAG(s) 'example_complex' retrieved from /home/airflow/.local/lib/python3.8/site-packages/airflow/example_dags/example_complex.py
[2025-11-10T00:57:14.750+0000] {logging_mixin.py:188} INFO - [2025-11-10T00:57:14.750+0000] {dag.py:3036} INFO - Sync 1 DAGs
[2025-11-10T00:57:14.780+0000] {logging_mixin.py:188} INFO - [2025-11-10T00:57:14.780+0000] {dag.py:3823} INFO - Setting next_dagrun for example_complex to None, run_after=None
[2025-11-10T00:57:14.825+0000] {processor.py:183} INFO - Processing /home/airflow/.local/lib/python3.8/site-packages/airflow/example_dags/example_complex.py took 0.157 seconds
[2025-11-10T00:57:45.056+0000] {processor.py:161} INFO - Started process (PID=1779) to work on /home/airflow/.local/lib/python3.8/site-packages/airflow/example_dags/example_complex.py
[2025-11-10T00:57:45.058+0000] {processor.py:830} INFO - Processing file /home/airflow/.local/lib/python3.8/site-packages/airflow/example_dags/example_complex.py for tasks to queue
[2025-11-10T00:57:45.061+0000] {logging_mixin.py:188} INFO - [2025-11-10T00:57:45.060+0000] {dagbag.py:538} INFO - Filling up the DagBag from /home/airflow/.local/lib/python3.8/site-packages/airflow/example_dags/example_complex.py
[2025-11-10T00:57:45.076+0000] {processor.py:840} INFO - DAG(s) 'example_complex' retrieved from /home/airflow/.local/lib/python3.8/site-packages/airflow/example_dags/example_complex.py
[2025-11-10T00:57:45.126+0000] {logging_mixin.py:188} INFO - [2025-11-10T00:57:45.126+0000] {dag.py:3036} INFO - Sync 1 DAGs
[2025-11-10T00:57:45.148+0000] {logging_mixin.py:188} INFO - [2025-11-10T00:57:45.147+0000] {dag.py:3823} INFO - Setting next_dagrun for example_complex to None, run_after=None
[2025-11-10T00:57:45.179+0000] {processor.py:183} INFO - Processing /home/airflow/.local/lib/python3.8/site-packages/airflow/example_dags/example_complex.py took 0.127 seconds
[2025-11-10T00:58:15.453+0000] {processor.py:161} INFO - Started process (PID=1891) to work on /home/airflow/.local/lib/python3.8/site-packages/airflow/example_dags/example_complex.py
[2025-11-10T00:58:15.454+0000] {processor.py:830} INFO - Processing file /home/airflow/.local/lib/python3.8/site-packages/airflow/example_dags/example_complex.py for tasks to queue
[2025-11-10T00:58:15.456+0000] {logging_mixin.py:188} INFO - [2025-11-10T00:58:15.455+0000] {dagbag.py:538} INFO - Filling up the DagBag from /home/airflow/.local/lib/python3.8/site-packages/airflow/example_dags/example_complex.py
[2025-11-10T00:58:15.472+0000] {processor.py:840} INFO - DAG(s) 'example_complex' retrieved from /home/airflow/.local/lib/python3.8/site-packages/airflow/example_dags/example_complex.py
[2025-11-10T00:58:15.518+0000] {logging_mixin.py:188} INFO - [2025-11-10T00:58:15.518+0000] {dag.py:3036} INFO - Sync 1 DAGs
[2025-11-10T00:58:15.534+0000] {logging_mixin.py:188} INFO - [2025-11-10T00:58:15.533+0000] {dag.py:3823} INFO - Setting next_dagrun for example_complex to None, run_after=None
[2025-11-10T00:58:15.566+0000] {processor.py:183} INFO - Processing /home/airflow/.local/lib/python3.8/site-packages/airflow/example_dags/example_complex.py took 0.116 seconds
[2025-11-10T00:58:46.601+0000] {processor.py:161} INFO - Started process (PID=1988) to work on /home/airflow/.local/lib/python3.8/site-packages/airflow/example_dags/example_complex.py
[2025-11-10T00:58:46.602+0000] {processor.py:830} INFO - Processing file /home/airflow/.local/lib/python3.8/site-packages/airflow/example_dags/example_complex.py for tasks to queue
[2025-11-10T00:58:46.603+0000] {logging_mixin.py:188} INFO - [2025-11-10T00:58:46.603+0000] {dagbag.py:538} INFO - Filling up the DagBag from /home/airflow/.local/lib/python3.8/site-packages/airflow/example_dags/example_complex.py
[2025-11-10T00:58:46.618+0000] {processor.py:840} INFO - DAG(s) 'example_complex' retrieved from /home/airflow/.local/lib/python3.8/site-packages/airflow/example_dags/example_complex.py
[2025-11-10T00:58:46.660+0000] {logging_mixin.py:188} INFO - [2025-11-10T00:58:46.660+0000] {dag.py:3036} INFO - Sync 1 DAGs
[2025-11-10T00:58:46.674+0000] {logging_mixin.py:188} INFO - [2025-11-10T00:58:46.674+0000] {dag.py:3823} INFO - Setting next_dagrun for example_complex to None, run_after=None
[2025-11-10T00:58:46.705+0000] {processor.py:183} INFO - Processing /home/airflow/.local/lib/python3.8/site-packages/airflow/example_dags/example_complex.py took 0.109 seconds
[2025-11-10T00:59:16.848+0000] {processor.py:161} INFO - Started process (PID=2085) to work on /home/airflow/.local/lib/python3.8/site-packages/airflow/example_dags/example_complex.py
[2025-11-10T00:59:16.849+0000] {processor.py:830} INFO - Processing file /home/airflow/.local/lib/python3.8/site-packages/airflow/example_dags/example_complex.py for tasks to queue
[2025-11-10T00:59:16.851+0000] {logging_mixin.py:188} INFO - [2025-11-10T00:59:16.850+0000] {dagbag.py:538} INFO - Filling up the DagBag from /home/airflow/.local/lib/python3.8/site-packages/airflow/example_dags/example_complex.py
[2025-11-10T00:59:16.864+0000] {processor.py:840} INFO - DAG(s) 'example_complex' retrieved from /home/airflow/.local/lib/python3.8/site-packages/airflow/example_dags/example_complex.py
[2025-11-10T00:59:16.909+0000] {logging_mixin.py:188} INFO - [2025-11-10T00:59:16.908+0000] {dag.py:3036} INFO - Sync 1 DAGs
[2025-11-10T00:59:16.926+0000] {logging_mixin.py:188} INFO - [2025-11-10T00:59:16.926+0000] {dag.py:3823} INFO - Setting next_dagrun for example_complex to None, run_after=None
[2025-11-10T00:59:16.953+0000] {processor.py:183} INFO - Processing /home/airflow/.local/lib/python3.8/site-packages/airflow/example_dags/example_complex.py took 0.109 seconds
[2025-11-10T00:59:47.868+0000] {processor.py:161} INFO - Started process (PID=2181) to work on /home/airflow/.local/lib/python3.8/site-packages/airflow/example_dags/example_complex.py
[2025-11-10T00:59:47.869+0000] {processor.py:830} INFO - Processing file /home/airflow/.local/lib/python3.8/site-packages/airflow/example_dags/example_complex.py for tasks to queue
[2025-11-10T00:59:47.871+0000] {logging_mixin.py:188} INFO - [2025-11-10T00:59:47.870+0000] {dagbag.py:538} INFO - Filling up the DagBag from /home/airflow/.local/lib/python3.8/site-packages/airflow/example_dags/example_complex.py
[2025-11-10T00:59:47.886+0000] {processor.py:840} INFO - DAG(s) 'example_complex' retrieved from /home/airflow/.local/lib/python3.8/site-packages/airflow/example_dags/example_complex.py
[2025-11-10T00:59:47.928+0000] {logging_mixin.py:188} INFO - [2025-11-10T00:59:47.927+0000] {dag.py:3036} INFO - Sync 1 DAGs
[2025-11-10T00:59:47.944+0000] {logging_mixin.py:188} INFO - [2025-11-10T00:59:47.943+0000] {dag.py:3823} INFO - Setting next_dagrun for example_complex to None, run_after=None
[2025-11-10T00:59:47.969+0000] {processor.py:183} INFO - Processing /home/airflow/.local/lib/python3.8/site-packages/airflow/example_dags/example_complex.py took 0.105 seconds
[2025-11-10T01:00:18.181+0000] {processor.py:161} INFO - Started process (PID=2278) to work on /home/airflow/.local/lib/python3.8/site-packages/airflow/example_dags/example_complex.py
[2025-11-10T01:00:18.182+0000] {processor.py:830} INFO - Processing file /home/airflow/.local/lib/python3.8/site-packages/airflow/example_dags/example_complex.py for tasks to queue
[2025-11-10T01:00:18.183+0000] {logging_mixin.py:188} INFO - [2025-11-10T01:00:18.183+0000] {dagbag.py:538} INFO - Filling up the DagBag from /home/airflow/.local/lib/python3.8/site-packages/airflow/example_dags/example_complex.py
[2025-11-10T01:00:18.196+0000] {processor.py:840} INFO - DAG(s) 'example_complex' retrieved from /home/airflow/.local/lib/python3.8/site-packages/airflow/example_dags/example_complex.py
[2025-11-10T01:00:18.243+0000] {logging_mixin.py:188} INFO - [2025-11-10T01:00:18.243+0000] {dag.py:3036} INFO - Sync 1 DAGs
[2025-11-10T01:00:18.256+0000] {logging_mixin.py:188} INFO - [2025-11-10T01:00:18.256+0000] {dag.py:3823} INFO - Setting next_dagrun for example_complex to None, run_after=None
[2025-11-10T01:00:18.279+0000] {processor.py:183} INFO - Processing /home/airflow/.local/lib/python3.8/site-packages/airflow/example_dags/example_complex.py took 0.103 seconds
[2025-11-10T01:00:48.568+0000] {processor.py:161} INFO - Started process (PID=2383) to work on /home/airflow/.local/lib/python3.8/site-packages/airflow/example_dags/example_complex.py
[2025-11-10T01:00:48.571+0000] {processor.py:830} INFO - Processing file /home/airflow/.local/lib/python3.8/site-packages/airflow/example_dags/example_complex.py for tasks to queue
[2025-11-10T01:00:48.578+0000] {logging_mixin.py:188} INFO - [2025-11-10T01:00:48.577+0000] {dagbag.py:538} INFO - Filling up the DagBag from /home/airflow/.local/lib/python3.8/site-packages/airflow/example_dags/example_complex.py
[2025-11-10T01:00:48.614+0000] {processor.py:840} INFO - DAG(s) 'example_complex' retrieved from /home/airflow/.local/lib/python3.8/site-packages/airflow/example_dags/example_complex.py
[2025-11-10T01:00:48.675+0000] {logging_mixin.py:188} INFO - [2025-11-10T01:00:48.674+0000] {dag.py:3036} INFO - Sync 1 DAGs
[2025-11-10T01:00:48.704+0000] {logging_mixin.py:188} INFO - [2025-11-10T01:00:48.703+0000] {dag.py:3823} INFO - Setting next_dagrun for example_complex to None, run_after=None
[2025-11-10T01:00:48.757+0000] {processor.py:183} INFO - Processing /home/airflow/.local/lib/python3.8/site-packages/airflow/example_dags/example_complex.py took 0.207 seconds
[2025-11-10T01:01:19.566+0000] {processor.py:161} INFO - Started process (PID=2495) to work on /home/airflow/.local/lib/python3.8/site-packages/airflow/example_dags/example_complex.py
[2025-11-10T01:01:19.568+0000] {processor.py:830} INFO - Processing file /home/airflow/.local/lib/python3.8/site-packages/airflow/example_dags/example_complex.py for tasks to queue
[2025-11-10T01:01:19.571+0000] {logging_mixin.py:188} INFO - [2025-11-10T01:01:19.570+0000] {dagbag.py:538} INFO - Filling up the DagBag from /home/airflow/.local/lib/python3.8/site-packages/airflow/example_dags/example_complex.py
[2025-11-10T01:01:19.598+0000] {processor.py:840} INFO - DAG(s) 'example_complex' retrieved from /home/airflow/.local/lib/python3.8/site-packages/airflow/example_dags/example_complex.py
[2025-11-10T01:01:19.669+0000] {logging_mixin.py:188} INFO - [2025-11-10T01:01:19.669+0000] {dag.py:3036} INFO - Sync 1 DAGs
[2025-11-10T01:01:19.688+0000] {logging_mixin.py:188} INFO - [2025-11-10T01:01:19.688+0000] {dag.py:3823} INFO - Setting next_dagrun for example_complex to None, run_after=None
[2025-11-10T01:01:19.724+0000] {processor.py:183} INFO - Processing /home/airflow/.local/lib/python3.8/site-packages/airflow/example_dags/example_complex.py took 0.164 seconds
[2025-11-10T01:01:50.107+0000] {processor.py:161} INFO - Started process (PID=2592) to work on /home/airflow/.local/lib/python3.8/site-packages/airflow/example_dags/example_complex.py
[2025-11-10T01:01:50.108+0000] {processor.py:830} INFO - Processing file /home/airflow/.local/lib/python3.8/site-packages/airflow/example_dags/example_complex.py for tasks to queue
[2025-11-10T01:01:50.110+0000] {logging_mixin.py:188} INFO - [2025-11-10T01:01:50.109+0000] {dagbag.py:538} INFO - Filling up the DagBag from /home/airflow/.local/lib/python3.8/site-packages/airflow/example_dags/example_complex.py
[2025-11-10T01:01:50.126+0000] {processor.py:840} INFO - DAG(s) 'example_complex' retrieved from /home/airflow/.local/lib/python3.8/site-packages/airflow/example_dags/example_complex.py
[2025-11-10T01:01:50.173+0000] {logging_mixin.py:188} INFO - [2025-11-10T01:01:50.173+0000] {dag.py:3036} INFO - Sync 1 DAGs
[2025-11-10T01:01:50.189+0000] {logging_mixin.py:188} INFO - [2025-11-10T01:01:50.189+0000] {dag.py:3823} INFO - Setting next_dagrun for example_complex to None, run_after=None
[2025-11-10T01:01:50.218+0000] {processor.py:183} INFO - Processing /home/airflow/.local/lib/python3.8/site-packages/airflow/example_dags/example_complex.py took 0.116 seconds
[2025-11-10T01:02:20.987+0000] {processor.py:161} INFO - Started process (PID=2689) to work on /home/airflow/.local/lib/python3.8/site-packages/airflow/example_dags/example_complex.py
[2025-11-10T01:02:20.988+0000] {processor.py:830} INFO - Processing file /home/airflow/.local/lib/python3.8/site-packages/airflow/example_dags/example_complex.py for tasks to queue
[2025-11-10T01:02:20.990+0000] {logging_mixin.py:188} INFO - [2025-11-10T01:02:20.989+0000] {dagbag.py:538} INFO - Filling up the DagBag from /home/airflow/.local/lib/python3.8/site-packages/airflow/example_dags/example_complex.py
[2025-11-10T01:02:21.004+0000] {processor.py:840} INFO - DAG(s) 'example_complex' retrieved from /home/airflow/.local/lib/python3.8/site-packages/airflow/example_dags/example_complex.py
[2025-11-10T01:02:21.046+0000] {logging_mixin.py:188} INFO - [2025-11-10T01:02:21.046+0000] {dag.py:3036} INFO - Sync 1 DAGs
[2025-11-10T01:02:21.062+0000] {logging_mixin.py:188} INFO - [2025-11-10T01:02:21.062+0000] {dag.py:3823} INFO - Setting next_dagrun for example_complex to None, run_after=None
[2025-11-10T01:02:21.087+0000] {processor.py:183} INFO - Processing /home/airflow/.local/lib/python3.8/site-packages/airflow/example_dags/example_complex.py took 0.105 seconds
[2025-11-10T01:02:52.112+0000] {processor.py:161} INFO - Started process (PID=2786) to work on /home/airflow/.local/lib/python3.8/site-packages/airflow/example_dags/example_complex.py
[2025-11-10T01:02:52.114+0000] {processor.py:830} INFO - Processing file /home/airflow/.local/lib/python3.8/site-packages/airflow/example_dags/example_complex.py for tasks to queue
[2025-11-10T01:02:52.116+0000] {logging_mixin.py:188} INFO - [2025-11-10T01:02:52.116+0000] {dagbag.py:538} INFO - Filling up the DagBag from /home/airflow/.local/lib/python3.8/site-packages/airflow/example_dags/example_complex.py
[2025-11-10T01:02:52.133+0000] {processor.py:840} INFO - DAG(s) 'example_complex' retrieved from /home/airflow/.local/lib/python3.8/site-packages/airflow/example_dags/example_complex.py
[2025-11-10T01:02:52.183+0000] {logging_mixin.py:188} INFO - [2025-11-10T01:02:52.182+0000] {dag.py:3036} INFO - Sync 1 DAGs
[2025-11-10T01:02:52.202+0000] {logging_mixin.py:188} INFO - [2025-11-10T01:02:52.201+0000] {dag.py:3823} INFO - Setting next_dagrun for example_complex to None, run_after=None
[2025-11-10T01:02:52.234+0000] {processor.py:183} INFO - Processing /home/airflow/.local/lib/python3.8/site-packages/airflow/example_dags/example_complex.py took 0.126 seconds
[2025-11-10T01:03:23.104+0000] {processor.py:161} INFO - Started process (PID=2906) to work on /home/airflow/.local/lib/python3.8/site-packages/airflow/example_dags/example_complex.py
[2025-11-10T01:03:23.105+0000] {processor.py:830} INFO - Processing file /home/airflow/.local/lib/python3.8/site-packages/airflow/example_dags/example_complex.py for tasks to queue
[2025-11-10T01:03:23.107+0000] {logging_mixin.py:188} INFO - [2025-11-10T01:03:23.106+0000] {dagbag.py:538} INFO - Filling up the DagBag from /home/airflow/.local/lib/python3.8/site-packages/airflow/example_dags/example_complex.py
[2025-11-10T01:03:23.120+0000] {processor.py:840} INFO - DAG(s) 'example_complex' retrieved from /home/airflow/.local/lib/python3.8/site-packages/airflow/example_dags/example_complex.py
[2025-11-10T01:03:23.171+0000] {logging_mixin.py:188} INFO - [2025-11-10T01:03:23.170+0000] {dag.py:3036} INFO - Sync 1 DAGs
[2025-11-10T01:03:23.190+0000] {logging_mixin.py:188} INFO - [2025-11-10T01:03:23.190+0000] {dag.py:3823} INFO - Setting next_dagrun for example_complex to None, run_after=None
[2025-11-10T01:03:23.219+0000] {processor.py:183} INFO - Processing /home/airflow/.local/lib/python3.8/site-packages/airflow/example_dags/example_complex.py took 0.118 seconds
[2025-11-10T01:03:53.405+0000] {processor.py:161} INFO - Started process (PID=3003) to work on /home/airflow/.local/lib/python3.8/site-packages/airflow/example_dags/example_complex.py
[2025-11-10T01:03:53.406+0000] {processor.py:830} INFO - Processing file /home/airflow/.local/lib/python3.8/site-packages/airflow/example_dags/example_complex.py for tasks to queue
[2025-11-10T01:03:53.407+0000] {logging_mixin.py:188} INFO - [2025-11-10T01:03:53.407+0000] {dagbag.py:538} INFO - Filling up the DagBag from /home/airflow/.local/lib/python3.8/site-packages/airflow/example_dags/example_complex.py
[2025-11-10T01:03:53.421+0000] {processor.py:840} INFO - DAG(s) 'example_complex' retrieved from /home/airflow/.local/lib/python3.8/site-packages/airflow/example_dags/example_complex.py
[2025-11-10T01:03:53.476+0000] {logging_mixin.py:188} INFO - [2025-11-10T01:03:53.476+0000] {dag.py:3036} INFO - Sync 1 DAGs
[2025-11-10T01:03:53.492+0000] {logging_mixin.py:188} INFO - [2025-11-10T01:03:53.492+0000] {dag.py:3823} INFO - Setting next_dagrun for example_complex to None, run_after=None
[2025-11-10T01:03:53.523+0000] {processor.py:183} INFO - Processing /home/airflow/.local/lib/python3.8/site-packages/airflow/example_dags/example_complex.py took 0.123 seconds
[2025-11-10T01:04:24.380+0000] {processor.py:161} INFO - Started process (PID=3100) to work on /home/airflow/.local/lib/python3.8/site-packages/airflow/example_dags/example_complex.py
[2025-11-10T01:04:24.382+0000] {processor.py:830} INFO - Processing file /home/airflow/.local/lib/python3.8/site-packages/airflow/example_dags/example_complex.py for tasks to queue
[2025-11-10T01:04:24.384+0000] {logging_mixin.py:188} INFO - [2025-11-10T01:04:24.383+0000] {dagbag.py:538} INFO - Filling up the DagBag from /home/airflow/.local/lib/python3.8/site-packages/airflow/example_dags/example_complex.py
[2025-11-10T01:04:24.397+0000] {processor.py:840} INFO - DAG(s) 'example_complex' retrieved from /home/airflow/.local/lib/python3.8/site-packages/airflow/example_dags/example_complex.py
[2025-11-10T01:04:24.439+0000] {logging_mixin.py:188} INFO - [2025-11-10T01:04:24.438+0000] {dag.py:3036} INFO - Sync 1 DAGs
[2025-11-10T01:04:24.453+0000] {logging_mixin.py:188} INFO - [2025-11-10T01:04:24.453+0000] {dag.py:3823} INFO - Setting next_dagrun for example_complex to None, run_after=None
[2025-11-10T01:04:24.479+0000] {processor.py:183} INFO - Processing /home/airflow/.local/lib/python3.8/site-packages/airflow/example_dags/example_complex.py took 0.102 seconds
[2025-11-10T01:04:54.624+0000] {processor.py:161} INFO - Started process (PID=3197) to work on /home/airflow/.local/lib/python3.8/site-packages/airflow/example_dags/example_complex.py
[2025-11-10T01:04:54.625+0000] {processor.py:830} INFO - Processing file /home/airflow/.local/lib/python3.8/site-packages/airflow/example_dags/example_complex.py for tasks to queue
[2025-11-10T01:04:54.627+0000] {logging_mixin.py:188} INFO - [2025-11-10T01:04:54.627+0000] {dagbag.py:538} INFO - Filling up the DagBag from /home/airflow/.local/lib/python3.8/site-packages/airflow/example_dags/example_complex.py
[2025-11-10T01:04:54.647+0000] {processor.py:840} INFO - DAG(s) 'example_complex' retrieved from /home/airflow/.local/lib/python3.8/site-packages/airflow/example_dags/example_complex.py
[2025-11-10T01:04:54.694+0000] {logging_mixin.py:188} INFO - [2025-11-10T01:04:54.694+0000] {dag.py:3036} INFO - Sync 1 DAGs
[2025-11-10T01:04:54.714+0000] {logging_mixin.py:188} INFO - [2025-11-10T01:04:54.713+0000] {dag.py:3823} INFO - Setting next_dagrun for example_complex to None, run_after=None
[2025-11-10T01:04:54.744+0000] {processor.py:183} INFO - Processing /home/airflow/.local/lib/python3.8/site-packages/airflow/example_dags/example_complex.py took 0.125 seconds
[2025-11-10T01:05:24.902+0000] {processor.py:161} INFO - Started process (PID=3294) to work on /home/airflow/.local/lib/python3.8/site-packages/airflow/example_dags/example_complex.py
[2025-11-10T01:05:24.905+0000] {processor.py:830} INFO - Processing file /home/airflow/.local/lib/python3.8/site-packages/airflow/example_dags/example_complex.py for tasks to queue
[2025-11-10T01:05:24.916+0000] {logging_mixin.py:188} INFO - [2025-11-10T01:05:24.915+0000] {dagbag.py:538} INFO - Filling up the DagBag from /home/airflow/.local/lib/python3.8/site-packages/airflow/example_dags/example_complex.py
[2025-11-10T01:05:24.946+0000] {processor.py:840} INFO - DAG(s) 'example_complex' retrieved from /home/airflow/.local/lib/python3.8/site-packages/airflow/example_dags/example_complex.py
[2025-11-10T01:05:25.005+0000] {logging_mixin.py:188} INFO - [2025-11-10T01:05:25.005+0000] {dag.py:3036} INFO - Sync 1 DAGs
[2025-11-10T01:05:25.023+0000] {logging_mixin.py:188} INFO - [2025-11-10T01:05:25.022+0000] {dag.py:3823} INFO - Setting next_dagrun for example_complex to None, run_after=None
[2025-11-10T01:05:25.059+0000] {processor.py:183} INFO - Processing /home/airflow/.local/lib/python3.8/site-packages/airflow/example_dags/example_complex.py took 0.162 seconds
[2025-11-10T01:05:55.440+0000] {processor.py:161} INFO - Started process (PID=3414) to work on /home/airflow/.local/lib/python3.8/site-packages/airflow/example_dags/example_complex.py
[2025-11-10T01:05:55.442+0000] {processor.py:830} INFO - Processing file /home/airflow/.local/lib/python3.8/site-packages/airflow/example_dags/example_complex.py for tasks to queue
[2025-11-10T01:05:55.444+0000] {logging_mixin.py:188} INFO - [2025-11-10T01:05:55.443+0000] {dagbag.py:538} INFO - Filling up the DagBag from /home/airflow/.local/lib/python3.8/site-packages/airflow/example_dags/example_complex.py
[2025-11-10T01:05:55.456+0000] {processor.py:840} INFO - DAG(s) 'example_complex' retrieved from /home/airflow/.local/lib/python3.8/site-packages/airflow/example_dags/example_complex.py
[2025-11-10T01:05:55.503+0000] {logging_mixin.py:188} INFO - [2025-11-10T01:05:55.502+0000] {dag.py:3036} INFO - Sync 1 DAGs
[2025-11-10T01:05:55.520+0000] {logging_mixin.py:188} INFO - [2025-11-10T01:05:55.519+0000] {dag.py:3823} INFO - Setting next_dagrun for example_complex to None, run_after=None
[2025-11-10T01:05:55.551+0000] {processor.py:183} INFO - Processing /home/airflow/.local/lib/python3.8/site-packages/airflow/example_dags/example_complex.py took 0.114 seconds
[2025-11-10T01:06:26.015+0000] {processor.py:161} INFO - Started process (PID=3512) to work on /home/airflow/.local/lib/python3.8/site-packages/airflow/example_dags/example_complex.py
[2025-11-10T01:06:26.016+0000] {processor.py:830} INFO - Processing file /home/airflow/.local/lib/python3.8/site-packages/airflow/example_dags/example_complex.py for tasks to queue
[2025-11-10T01:06:26.017+0000] {logging_mixin.py:188} INFO - [2025-11-10T01:06:26.017+0000] {dagbag.py:538} INFO - Filling up the DagBag from /home/airflow/.local/lib/python3.8/site-packages/airflow/example_dags/example_complex.py
[2025-11-10T01:06:26.033+0000] {processor.py:840} INFO - DAG(s) 'example_complex' retrieved from /home/airflow/.local/lib/python3.8/site-packages/airflow/example_dags/example_complex.py
[2025-11-10T01:06:26.079+0000] {logging_mixin.py:188} INFO - [2025-11-10T01:06:26.078+0000] {dag.py:3036} INFO - Sync 1 DAGs
[2025-11-10T01:06:26.250+0000] {logging_mixin.py:188} INFO - [2025-11-10T01:06:26.250+0000] {dag.py:3823} INFO - Setting next_dagrun for example_complex to None, run_after=None
[2025-11-10T01:06:26.279+0000] {processor.py:183} INFO - Processing /home/airflow/.local/lib/python3.8/site-packages/airflow/example_dags/example_complex.py took 0.269 seconds
[2025-11-10T01:06:56.443+0000] {processor.py:161} INFO - Started process (PID=3609) to work on /home/airflow/.local/lib/python3.8/site-packages/airflow/example_dags/example_complex.py
[2025-11-10T01:06:56.444+0000] {processor.py:830} INFO - Processing file /home/airflow/.local/lib/python3.8/site-packages/airflow/example_dags/example_complex.py for tasks to queue
[2025-11-10T01:06:56.445+0000] {logging_mixin.py:188} INFO - [2025-11-10T01:06:56.445+0000] {dagbag.py:538} INFO - Filling up the DagBag from /home/airflow/.local/lib/python3.8/site-packages/airflow/example_dags/example_complex.py
[2025-11-10T01:06:56.467+0000] {processor.py:840} INFO - DAG(s) 'example_complex' retrieved from /home/airflow/.local/lib/python3.8/site-packages/airflow/example_dags/example_complex.py
[2025-11-10T01:06:56.524+0000] {logging_mixin.py:188} INFO - [2025-11-10T01:06:56.523+0000] {dag.py:3036} INFO - Sync 1 DAGs
[2025-11-10T01:06:56.545+0000] {logging_mixin.py:188} INFO - [2025-11-10T01:06:56.544+0000] {dag.py:3823} INFO - Setting next_dagrun for example_complex to None, run_after=None
[2025-11-10T01:06:56.575+0000] {processor.py:183} INFO - Processing /home/airflow/.local/lib/python3.8/site-packages/airflow/example_dags/example_complex.py took 0.137 seconds
[2025-11-10T02:09:10.434+0000] {processor.py:161} INFO - Started process (PID=188) to work on /home/airflow/.local/lib/python3.8/site-packages/airflow/example_dags/example_complex.py
[2025-11-10T02:09:10.435+0000] {processor.py:830} INFO - Processing file /home/airflow/.local/lib/python3.8/site-packages/airflow/example_dags/example_complex.py for tasks to queue
[2025-11-10T02:09:10.437+0000] {logging_mixin.py:188} INFO - [2025-11-10T02:09:10.436+0000] {dagbag.py:538} INFO - Filling up the DagBag from /home/airflow/.local/lib/python3.8/site-packages/airflow/example_dags/example_complex.py
[2025-11-10T02:09:10.457+0000] {processor.py:840} INFO - DAG(s) 'example_complex' retrieved from /home/airflow/.local/lib/python3.8/site-packages/airflow/example_dags/example_complex.py
[2025-11-10T02:09:10.667+0000] {logging_mixin.py:188} INFO - [2025-11-10T02:09:10.667+0000] {dag.py:3036} INFO - Sync 1 DAGs
[2025-11-10T02:09:10.687+0000] {logging_mixin.py:188} INFO - [2025-11-10T02:09:10.687+0000] {dag.py:3823} INFO - Setting next_dagrun for example_complex to None, run_after=None
[2025-11-10T02:09:10.731+0000] {processor.py:183} INFO - Processing /home/airflow/.local/lib/python3.8/site-packages/airflow/example_dags/example_complex.py took 0.303 seconds
[2025-11-10T02:09:41.605+0000] {processor.py:161} INFO - Started process (PID=285) to work on /home/airflow/.local/lib/python3.8/site-packages/airflow/example_dags/example_complex.py
[2025-11-10T02:09:41.607+0000] {processor.py:830} INFO - Processing file /home/airflow/.local/lib/python3.8/site-packages/airflow/example_dags/example_complex.py for tasks to queue
[2025-11-10T02:09:41.609+0000] {logging_mixin.py:188} INFO - [2025-11-10T02:09:41.608+0000] {dagbag.py:538} INFO - Filling up the DagBag from /home/airflow/.local/lib/python3.8/site-packages/airflow/example_dags/example_complex.py
[2025-11-10T02:09:41.624+0000] {processor.py:840} INFO - DAG(s) 'example_complex' retrieved from /home/airflow/.local/lib/python3.8/site-packages/airflow/example_dags/example_complex.py
[2025-11-10T02:09:41.676+0000] {logging_mixin.py:188} INFO - [2025-11-10T02:09:41.675+0000] {dag.py:3036} INFO - Sync 1 DAGs
[2025-11-10T02:09:41.695+0000] {logging_mixin.py:188} INFO - [2025-11-10T02:09:41.695+0000] {dag.py:3823} INFO - Setting next_dagrun for example_complex to None, run_after=None
[2025-11-10T02:09:41.734+0000] {processor.py:183} INFO - Processing /home/airflow/.local/lib/python3.8/site-packages/airflow/example_dags/example_complex.py took 0.133 seconds
[2025-11-10T02:10:11.913+0000] {processor.py:161} INFO - Started process (PID=382) to work on /home/airflow/.local/lib/python3.8/site-packages/airflow/example_dags/example_complex.py
[2025-11-10T02:10:11.915+0000] {processor.py:830} INFO - Processing file /home/airflow/.local/lib/python3.8/site-packages/airflow/example_dags/example_complex.py for tasks to queue
[2025-11-10T02:10:11.916+0000] {logging_mixin.py:188} INFO - [2025-11-10T02:10:11.916+0000] {dagbag.py:538} INFO - Filling up the DagBag from /home/airflow/.local/lib/python3.8/site-packages/airflow/example_dags/example_complex.py
[2025-11-10T02:10:11.937+0000] {processor.py:840} INFO - DAG(s) 'example_complex' retrieved from /home/airflow/.local/lib/python3.8/site-packages/airflow/example_dags/example_complex.py
[2025-11-10T02:10:11.988+0000] {logging_mixin.py:188} INFO - [2025-11-10T02:10:11.987+0000] {dag.py:3036} INFO - Sync 1 DAGs
[2025-11-10T02:10:12.009+0000] {logging_mixin.py:188} INFO - [2025-11-10T02:10:12.008+0000] {dag.py:3823} INFO - Setting next_dagrun for example_complex to None, run_after=None
[2025-11-10T02:10:12.041+0000] {processor.py:183} INFO - Processing /home/airflow/.local/lib/python3.8/site-packages/airflow/example_dags/example_complex.py took 0.131 seconds
[2025-11-10T02:10:42.321+0000] {processor.py:161} INFO - Started process (PID=486) to work on /home/airflow/.local/lib/python3.8/site-packages/airflow/example_dags/example_complex.py
[2025-11-10T02:10:42.322+0000] {processor.py:830} INFO - Processing file /home/airflow/.local/lib/python3.8/site-packages/airflow/example_dags/example_complex.py for tasks to queue
[2025-11-10T02:10:42.323+0000] {logging_mixin.py:188} INFO - [2025-11-10T02:10:42.323+0000] {dagbag.py:538} INFO - Filling up the DagBag from /home/airflow/.local/lib/python3.8/site-packages/airflow/example_dags/example_complex.py
[2025-11-10T02:10:42.339+0000] {processor.py:840} INFO - DAG(s) 'example_complex' retrieved from /home/airflow/.local/lib/python3.8/site-packages/airflow/example_dags/example_complex.py
[2025-11-10T02:10:42.387+0000] {logging_mixin.py:188} INFO - [2025-11-10T02:10:42.387+0000] {dag.py:3036} INFO - Sync 1 DAGs
[2025-11-10T02:10:42.406+0000] {logging_mixin.py:188} INFO - [2025-11-10T02:10:42.406+0000] {dag.py:3823} INFO - Setting next_dagrun for example_complex to None, run_after=None
[2025-11-10T02:10:42.440+0000] {processor.py:183} INFO - Processing /home/airflow/.local/lib/python3.8/site-packages/airflow/example_dags/example_complex.py took 0.124 seconds
[2025-11-10T02:11:12.525+0000] {processor.py:161} INFO - Started process (PID=598) to work on /home/airflow/.local/lib/python3.8/site-packages/airflow/example_dags/example_complex.py
[2025-11-10T02:11:12.526+0000] {processor.py:830} INFO - Processing file /home/airflow/.local/lib/python3.8/site-packages/airflow/example_dags/example_complex.py for tasks to queue
[2025-11-10T02:11:12.527+0000] {logging_mixin.py:188} INFO - [2025-11-10T02:11:12.527+0000] {dagbag.py:538} INFO - Filling up the DagBag from /home/airflow/.local/lib/python3.8/site-packages/airflow/example_dags/example_complex.py
[2025-11-10T02:11:12.542+0000] {processor.py:840} INFO - DAG(s) 'example_complex' retrieved from /home/airflow/.local/lib/python3.8/site-packages/airflow/example_dags/example_complex.py
[2025-11-10T02:11:12.584+0000] {logging_mixin.py:188} INFO - [2025-11-10T02:11:12.584+0000] {dag.py:3036} INFO - Sync 1 DAGs
[2025-11-10T02:11:12.599+0000] {logging_mixin.py:188} INFO - [2025-11-10T02:11:12.599+0000] {dag.py:3823} INFO - Setting next_dagrun for example_complex to None, run_after=None
[2025-11-10T02:11:12.630+0000] {processor.py:183} INFO - Processing /home/airflow/.local/lib/python3.8/site-packages/airflow/example_dags/example_complex.py took 0.109 seconds
[2025-11-10T02:11:43.120+0000] {processor.py:161} INFO - Started process (PID=695) to work on /home/airflow/.local/lib/python3.8/site-packages/airflow/example_dags/example_complex.py
[2025-11-10T02:11:43.121+0000] {processor.py:830} INFO - Processing file /home/airflow/.local/lib/python3.8/site-packages/airflow/example_dags/example_complex.py for tasks to queue
[2025-11-10T02:11:43.122+0000] {logging_mixin.py:188} INFO - [2025-11-10T02:11:43.122+0000] {dagbag.py:538} INFO - Filling up the DagBag from /home/airflow/.local/lib/python3.8/site-packages/airflow/example_dags/example_complex.py
[2025-11-10T02:11:43.137+0000] {processor.py:840} INFO - DAG(s) 'example_complex' retrieved from /home/airflow/.local/lib/python3.8/site-packages/airflow/example_dags/example_complex.py
[2025-11-10T02:11:43.187+0000] {logging_mixin.py:188} INFO - [2025-11-10T02:11:43.187+0000] {dag.py:3036} INFO - Sync 1 DAGs
[2025-11-10T02:11:43.210+0000] {logging_mixin.py:188} INFO - [2025-11-10T02:11:43.209+0000] {dag.py:3823} INFO - Setting next_dagrun for example_complex to None, run_after=None
[2025-11-10T02:11:43.248+0000] {processor.py:183} INFO - Processing /home/airflow/.local/lib/python3.8/site-packages/airflow/example_dags/example_complex.py took 0.131 seconds
[2025-11-10T02:12:14.179+0000] {processor.py:161} INFO - Started process (PID=792) to work on /home/airflow/.local/lib/python3.8/site-packages/airflow/example_dags/example_complex.py
[2025-11-10T02:12:14.180+0000] {processor.py:830} INFO - Processing file /home/airflow/.local/lib/python3.8/site-packages/airflow/example_dags/example_complex.py for tasks to queue
[2025-11-10T02:12:14.181+0000] {logging_mixin.py:188} INFO - [2025-11-10T02:12:14.181+0000] {dagbag.py:538} INFO - Filling up the DagBag from /home/airflow/.local/lib/python3.8/site-packages/airflow/example_dags/example_complex.py
[2025-11-10T02:12:14.194+0000] {processor.py:840} INFO - DAG(s) 'example_complex' retrieved from /home/airflow/.local/lib/python3.8/site-packages/airflow/example_dags/example_complex.py
[2025-11-10T02:12:14.241+0000] {logging_mixin.py:188} INFO - [2025-11-10T02:12:14.240+0000] {dag.py:3036} INFO - Sync 1 DAGs
[2025-11-10T02:12:14.257+0000] {logging_mixin.py:188} INFO - [2025-11-10T02:12:14.257+0000] {dag.py:3823} INFO - Setting next_dagrun for example_complex to None, run_after=None
[2025-11-10T02:12:14.286+0000] {processor.py:183} INFO - Processing /home/airflow/.local/lib/python3.8/site-packages/airflow/example_dags/example_complex.py took 0.111 seconds
[2025-11-10T02:12:44.575+0000] {processor.py:161} INFO - Started process (PID=889) to work on /home/airflow/.local/lib/python3.8/site-packages/airflow/example_dags/example_complex.py
[2025-11-10T02:12:44.576+0000] {processor.py:830} INFO - Processing file /home/airflow/.local/lib/python3.8/site-packages/airflow/example_dags/example_complex.py for tasks to queue
[2025-11-10T02:12:44.577+0000] {logging_mixin.py:188} INFO - [2025-11-10T02:12:44.577+0000] {dagbag.py:538} INFO - Filling up the DagBag from /home/airflow/.local/lib/python3.8/site-packages/airflow/example_dags/example_complex.py
[2025-11-10T02:12:44.592+0000] {processor.py:840} INFO - DAG(s) 'example_complex' retrieved from /home/airflow/.local/lib/python3.8/site-packages/airflow/example_dags/example_complex.py
[2025-11-10T02:12:44.634+0000] {logging_mixin.py:188} INFO - [2025-11-10T02:12:44.634+0000] {dag.py:3036} INFO - Sync 1 DAGs
[2025-11-10T02:12:44.649+0000] {logging_mixin.py:188} INFO - [2025-11-10T02:12:44.649+0000] {dag.py:3823} INFO - Setting next_dagrun for example_complex to None, run_after=None
[2025-11-10T02:12:44.673+0000] {processor.py:183} INFO - Processing /home/airflow/.local/lib/python3.8/site-packages/airflow/example_dags/example_complex.py took 0.103 seconds
[2025-11-10T02:13:15.013+0000] {processor.py:161} INFO - Started process (PID=1009) to work on /home/airflow/.local/lib/python3.8/site-packages/airflow/example_dags/example_complex.py
[2025-11-10T02:13:15.014+0000] {processor.py:830} INFO - Processing file /home/airflow/.local/lib/python3.8/site-packages/airflow/example_dags/example_complex.py for tasks to queue
[2025-11-10T02:13:15.016+0000] {logging_mixin.py:188} INFO - [2025-11-10T02:13:15.016+0000] {dagbag.py:538} INFO - Filling up the DagBag from /home/airflow/.local/lib/python3.8/site-packages/airflow/example_dags/example_complex.py
[2025-11-10T02:13:15.031+0000] {processor.py:840} INFO - DAG(s) 'example_complex' retrieved from /home/airflow/.local/lib/python3.8/site-packages/airflow/example_dags/example_complex.py
[2025-11-10T02:13:15.071+0000] {logging_mixin.py:188} INFO - [2025-11-10T02:13:15.070+0000] {dag.py:3036} INFO - Sync 1 DAGs
[2025-11-10T02:13:15.086+0000] {logging_mixin.py:188} INFO - [2025-11-10T02:13:15.086+0000] {dag.py:3823} INFO - Setting next_dagrun for example_complex to None, run_after=None
[2025-11-10T02:13:15.120+0000] {processor.py:183} INFO - Processing /home/airflow/.local/lib/python3.8/site-packages/airflow/example_dags/example_complex.py took 0.110 seconds
