[2025-11-10T00:49:34.066+0000] {processor.py:161} INFO - Started process (PID=198) to work on /home/airflow/.local/lib/python3.8/site-packages/airflow/example_dags/example_branch_operator.py
[2025-11-10T00:49:34.068+0000] {processor.py:830} INFO - Processing file /home/airflow/.local/lib/python3.8/site-packages/airflow/example_dags/example_branch_operator.py for tasks to queue
[2025-11-10T00:49:34.069+0000] {logging_mixin.py:188} INFO - [2025-11-10T00:49:34.069+0000] {dagbag.py:538} INFO - Filling up the DagBag from /home/airflow/.local/lib/python3.8/site-packages/airflow/example_dags/example_branch_operator.py
[2025-11-10T00:49:34.100+0000] {processor.py:840} INFO - DAG(s) 'example_branch_operator' retrieved from /home/airflow/.local/lib/python3.8/site-packages/airflow/example_dags/example_branch_operator.py
[2025-11-10T00:49:34.278+0000] {logging_mixin.py:188} INFO - [2025-11-10T00:49:34.278+0000] {override.py:1769} INFO - Created Permission View: can delete on DAG:example_branch_operator
[2025-11-10T00:49:34.297+0000] {logging_mixin.py:188} INFO - [2025-11-10T00:49:34.296+0000] {override.py:1769} INFO - Created Permission View: can read on DAG:example_branch_operator
[2025-11-10T00:49:34.310+0000] {logging_mixin.py:188} INFO - [2025-11-10T00:49:34.310+0000] {override.py:1769} INFO - Created Permission View: can edit on DAG:example_branch_operator
[2025-11-10T00:49:34.312+0000] {logging_mixin.py:188} INFO - [2025-11-10T00:49:34.311+0000] {dag.py:3036} INFO - Sync 1 DAGs
[2025-11-10T00:49:34.327+0000] {logging_mixin.py:188} INFO - [2025-11-10T00:49:34.327+0000] {dag.py:3058} INFO - Creating ORM DAG for example_branch_operator
[2025-11-10T00:49:34.346+0000] {logging_mixin.py:188} INFO - [2025-11-10T00:49:34.346+0000] {dag.py:3823} INFO - Setting next_dagrun for example_branch_operator to 2025-11-09 00:00:00+00:00, run_after=2025-11-10 00:00:00+00:00
[2025-11-10T00:49:34.570+0000] {processor.py:183} INFO - Processing /home/airflow/.local/lib/python3.8/site-packages/airflow/example_dags/example_branch_operator.py took 0.507 seconds
[2025-11-10T00:50:04.884+0000] {processor.py:161} INFO - Started process (PID=296) to work on /home/airflow/.local/lib/python3.8/site-packages/airflow/example_dags/example_branch_operator.py
[2025-11-10T00:50:04.885+0000] {processor.py:830} INFO - Processing file /home/airflow/.local/lib/python3.8/site-packages/airflow/example_dags/example_branch_operator.py for tasks to queue
[2025-11-10T00:50:04.887+0000] {logging_mixin.py:188} INFO - [2025-11-10T00:50:04.886+0000] {dagbag.py:538} INFO - Filling up the DagBag from /home/airflow/.local/lib/python3.8/site-packages/airflow/example_dags/example_branch_operator.py
[2025-11-10T00:50:04.909+0000] {processor.py:840} INFO - DAG(s) 'example_branch_operator' retrieved from /home/airflow/.local/lib/python3.8/site-packages/airflow/example_dags/example_branch_operator.py
[2025-11-10T00:50:04.952+0000] {logging_mixin.py:188} INFO - [2025-11-10T00:50:04.951+0000] {dag.py:3036} INFO - Sync 1 DAGs
[2025-11-10T00:50:04.980+0000] {logging_mixin.py:188} INFO - [2025-11-10T00:50:04.979+0000] {dag.py:3823} INFO - Setting next_dagrun for example_branch_operator to 2025-11-09 00:00:00+00:00, run_after=2025-11-10 00:00:00+00:00
[2025-11-10T00:50:05.008+0000] {processor.py:183} INFO - Processing /home/airflow/.local/lib/python3.8/site-packages/airflow/example_dags/example_branch_operator.py took 0.129 seconds
[2025-11-10T00:50:35.365+0000] {processor.py:161} INFO - Started process (PID=392) to work on /home/airflow/.local/lib/python3.8/site-packages/airflow/example_dags/example_branch_operator.py
[2025-11-10T00:50:35.366+0000] {processor.py:830} INFO - Processing file /home/airflow/.local/lib/python3.8/site-packages/airflow/example_dags/example_branch_operator.py for tasks to queue
[2025-11-10T00:50:35.367+0000] {logging_mixin.py:188} INFO - [2025-11-10T00:50:35.367+0000] {dagbag.py:538} INFO - Filling up the DagBag from /home/airflow/.local/lib/python3.8/site-packages/airflow/example_dags/example_branch_operator.py
[2025-11-10T00:50:35.391+0000] {processor.py:840} INFO - DAG(s) 'example_branch_operator' retrieved from /home/airflow/.local/lib/python3.8/site-packages/airflow/example_dags/example_branch_operator.py
[2025-11-10T00:50:35.438+0000] {logging_mixin.py:188} INFO - [2025-11-10T00:50:35.438+0000] {dag.py:3036} INFO - Sync 1 DAGs
[2025-11-10T00:50:35.471+0000] {logging_mixin.py:188} INFO - [2025-11-10T00:50:35.470+0000] {dag.py:3823} INFO - Setting next_dagrun for example_branch_operator to 2025-11-09 00:00:00+00:00, run_after=2025-11-10 00:00:00+00:00
[2025-11-10T00:50:35.502+0000] {processor.py:183} INFO - Processing /home/airflow/.local/lib/python3.8/site-packages/airflow/example_dags/example_branch_operator.py took 0.141 seconds
[2025-11-10T00:51:05.583+0000] {processor.py:161} INFO - Started process (PID=489) to work on /home/airflow/.local/lib/python3.8/site-packages/airflow/example_dags/example_branch_operator.py
[2025-11-10T00:51:05.585+0000] {processor.py:830} INFO - Processing file /home/airflow/.local/lib/python3.8/site-packages/airflow/example_dags/example_branch_operator.py for tasks to queue
[2025-11-10T00:51:05.587+0000] {logging_mixin.py:188} INFO - [2025-11-10T00:51:05.586+0000] {dagbag.py:538} INFO - Filling up the DagBag from /home/airflow/.local/lib/python3.8/site-packages/airflow/example_dags/example_branch_operator.py
[2025-11-10T00:51:05.617+0000] {processor.py:840} INFO - DAG(s) 'example_branch_operator' retrieved from /home/airflow/.local/lib/python3.8/site-packages/airflow/example_dags/example_branch_operator.py
[2025-11-10T00:51:05.671+0000] {logging_mixin.py:188} INFO - [2025-11-10T00:51:05.671+0000] {dag.py:3036} INFO - Sync 1 DAGs
[2025-11-10T00:51:05.713+0000] {logging_mixin.py:188} INFO - [2025-11-10T00:51:05.713+0000] {dag.py:3823} INFO - Setting next_dagrun for example_branch_operator to 2025-11-09 00:00:00+00:00, run_after=2025-11-10 00:00:00+00:00
[2025-11-10T00:51:05.752+0000] {processor.py:183} INFO - Processing /home/airflow/.local/lib/python3.8/site-packages/airflow/example_dags/example_branch_operator.py took 0.172 seconds
[2025-11-10T00:51:36.594+0000] {processor.py:161} INFO - Started process (PID=593) to work on /home/airflow/.local/lib/python3.8/site-packages/airflow/example_dags/example_branch_operator.py
[2025-11-10T00:51:36.595+0000] {processor.py:830} INFO - Processing file /home/airflow/.local/lib/python3.8/site-packages/airflow/example_dags/example_branch_operator.py for tasks to queue
[2025-11-10T00:51:36.597+0000] {logging_mixin.py:188} INFO - [2025-11-10T00:51:36.596+0000] {dagbag.py:538} INFO - Filling up the DagBag from /home/airflow/.local/lib/python3.8/site-packages/airflow/example_dags/example_branch_operator.py
[2025-11-10T00:51:36.623+0000] {processor.py:840} INFO - DAG(s) 'example_branch_operator' retrieved from /home/airflow/.local/lib/python3.8/site-packages/airflow/example_dags/example_branch_operator.py
[2025-11-10T00:51:36.675+0000] {logging_mixin.py:188} INFO - [2025-11-10T00:51:36.675+0000] {dag.py:3036} INFO - Sync 1 DAGs
[2025-11-10T00:51:36.712+0000] {logging_mixin.py:188} INFO - [2025-11-10T00:51:36.712+0000] {dag.py:3823} INFO - Setting next_dagrun for example_branch_operator to 2025-11-09 00:00:00+00:00, run_after=2025-11-10 00:00:00+00:00
[2025-11-10T00:51:36.747+0000] {processor.py:183} INFO - Processing /home/airflow/.local/lib/python3.8/site-packages/airflow/example_dags/example_branch_operator.py took 0.157 seconds
[2025-11-10T00:52:07.603+0000] {processor.py:161} INFO - Started process (PID=706) to work on /home/airflow/.local/lib/python3.8/site-packages/airflow/example_dags/example_branch_operator.py
[2025-11-10T00:52:07.605+0000] {processor.py:830} INFO - Processing file /home/airflow/.local/lib/python3.8/site-packages/airflow/example_dags/example_branch_operator.py for tasks to queue
[2025-11-10T00:52:07.607+0000] {logging_mixin.py:188} INFO - [2025-11-10T00:52:07.607+0000] {dagbag.py:538} INFO - Filling up the DagBag from /home/airflow/.local/lib/python3.8/site-packages/airflow/example_dags/example_branch_operator.py
[2025-11-10T00:52:07.633+0000] {processor.py:840} INFO - DAG(s) 'example_branch_operator' retrieved from /home/airflow/.local/lib/python3.8/site-packages/airflow/example_dags/example_branch_operator.py
[2025-11-10T00:52:07.683+0000] {logging_mixin.py:188} INFO - [2025-11-10T00:52:07.682+0000] {dag.py:3036} INFO - Sync 1 DAGs
[2025-11-10T00:52:07.720+0000] {logging_mixin.py:188} INFO - [2025-11-10T00:52:07.720+0000] {dag.py:3823} INFO - Setting next_dagrun for example_branch_operator to 2025-11-09 00:00:00+00:00, run_after=2025-11-10 00:00:00+00:00
[2025-11-10T00:52:07.757+0000] {processor.py:183} INFO - Processing /home/airflow/.local/lib/python3.8/site-packages/airflow/example_dags/example_branch_operator.py took 0.158 seconds
[2025-11-10T00:52:38.697+0000] {processor.py:161} INFO - Started process (PID=803) to work on /home/airflow/.local/lib/python3.8/site-packages/airflow/example_dags/example_branch_operator.py
[2025-11-10T00:52:38.701+0000] {processor.py:830} INFO - Processing file /home/airflow/.local/lib/python3.8/site-packages/airflow/example_dags/example_branch_operator.py for tasks to queue
[2025-11-10T00:52:38.706+0000] {logging_mixin.py:188} INFO - [2025-11-10T00:52:38.705+0000] {dagbag.py:538} INFO - Filling up the DagBag from /home/airflow/.local/lib/python3.8/site-packages/airflow/example_dags/example_branch_operator.py
[2025-11-10T00:52:38.762+0000] {processor.py:840} INFO - DAG(s) 'example_branch_operator' retrieved from /home/airflow/.local/lib/python3.8/site-packages/airflow/example_dags/example_branch_operator.py
[2025-11-10T00:52:38.825+0000] {logging_mixin.py:188} INFO - [2025-11-10T00:52:38.825+0000] {dag.py:3036} INFO - Sync 1 DAGs
[2025-11-10T00:52:38.878+0000] {logging_mixin.py:188} INFO - [2025-11-10T00:52:38.878+0000] {dag.py:3823} INFO - Setting next_dagrun for example_branch_operator to 2025-11-09 00:00:00+00:00, run_after=2025-11-10 00:00:00+00:00
[2025-11-10T00:52:38.939+0000] {processor.py:183} INFO - Processing /home/airflow/.local/lib/python3.8/site-packages/airflow/example_dags/example_branch_operator.py took 0.248 seconds
[2025-11-10T00:53:09.340+0000] {processor.py:161} INFO - Started process (PID=900) to work on /home/airflow/.local/lib/python3.8/site-packages/airflow/example_dags/example_branch_operator.py
[2025-11-10T00:53:09.342+0000] {processor.py:830} INFO - Processing file /home/airflow/.local/lib/python3.8/site-packages/airflow/example_dags/example_branch_operator.py for tasks to queue
[2025-11-10T00:53:09.344+0000] {logging_mixin.py:188} INFO - [2025-11-10T00:53:09.343+0000] {dagbag.py:538} INFO - Filling up the DagBag from /home/airflow/.local/lib/python3.8/site-packages/airflow/example_dags/example_branch_operator.py
[2025-11-10T00:53:09.374+0000] {processor.py:840} INFO - DAG(s) 'example_branch_operator' retrieved from /home/airflow/.local/lib/python3.8/site-packages/airflow/example_dags/example_branch_operator.py
[2025-11-10T00:53:09.420+0000] {logging_mixin.py:188} INFO - [2025-11-10T00:53:09.419+0000] {dag.py:3036} INFO - Sync 1 DAGs
[2025-11-10T00:53:09.456+0000] {logging_mixin.py:188} INFO - [2025-11-10T00:53:09.455+0000] {dag.py:3823} INFO - Setting next_dagrun for example_branch_operator to 2025-11-09 00:00:00+00:00, run_after=2025-11-10 00:00:00+00:00
[2025-11-10T00:53:09.488+0000] {processor.py:183} INFO - Processing /home/airflow/.local/lib/python3.8/site-packages/airflow/example_dags/example_branch_operator.py took 0.152 seconds
[2025-11-10T00:53:39.578+0000] {processor.py:161} INFO - Started process (PID=996) to work on /home/airflow/.local/lib/python3.8/site-packages/airflow/example_dags/example_branch_operator.py
[2025-11-10T00:53:39.580+0000] {processor.py:830} INFO - Processing file /home/airflow/.local/lib/python3.8/site-packages/airflow/example_dags/example_branch_operator.py for tasks to queue
[2025-11-10T00:53:39.583+0000] {logging_mixin.py:188} INFO - [2025-11-10T00:53:39.582+0000] {dagbag.py:538} INFO - Filling up the DagBag from /home/airflow/.local/lib/python3.8/site-packages/airflow/example_dags/example_branch_operator.py
[2025-11-10T00:53:39.619+0000] {processor.py:840} INFO - DAG(s) 'example_branch_operator' retrieved from /home/airflow/.local/lib/python3.8/site-packages/airflow/example_dags/example_branch_operator.py
[2025-11-10T00:53:39.674+0000] {logging_mixin.py:188} INFO - [2025-11-10T00:53:39.673+0000] {dag.py:3036} INFO - Sync 1 DAGs
[2025-11-10T00:53:39.713+0000] {logging_mixin.py:188} INFO - [2025-11-10T00:53:39.713+0000] {dag.py:3823} INFO - Setting next_dagrun for example_branch_operator to 2025-11-09 00:00:00+00:00, run_after=2025-11-10 00:00:00+00:00
[2025-11-10T00:53:39.751+0000] {processor.py:183} INFO - Processing /home/airflow/.local/lib/python3.8/site-packages/airflow/example_dags/example_branch_operator.py took 0.179 seconds
[2025-11-10T00:54:10.281+0000] {processor.py:161} INFO - Started process (PID=1093) to work on /home/airflow/.local/lib/python3.8/site-packages/airflow/example_dags/example_branch_operator.py
[2025-11-10T00:54:10.283+0000] {processor.py:830} INFO - Processing file /home/airflow/.local/lib/python3.8/site-packages/airflow/example_dags/example_branch_operator.py for tasks to queue
[2025-11-10T00:54:10.285+0000] {logging_mixin.py:188} INFO - [2025-11-10T00:54:10.284+0000] {dagbag.py:538} INFO - Filling up the DagBag from /home/airflow/.local/lib/python3.8/site-packages/airflow/example_dags/example_branch_operator.py
[2025-11-10T00:54:10.314+0000] {processor.py:840} INFO - DAG(s) 'example_branch_operator' retrieved from /home/airflow/.local/lib/python3.8/site-packages/airflow/example_dags/example_branch_operator.py
[2025-11-10T00:54:10.357+0000] {logging_mixin.py:188} INFO - [2025-11-10T00:54:10.356+0000] {dag.py:3036} INFO - Sync 1 DAGs
[2025-11-10T00:54:10.391+0000] {logging_mixin.py:188} INFO - [2025-11-10T00:54:10.391+0000] {dag.py:3823} INFO - Setting next_dagrun for example_branch_operator to 2025-11-09 00:00:00+00:00, run_after=2025-11-10 00:00:00+00:00
[2025-11-10T00:54:10.421+0000] {processor.py:183} INFO - Processing /home/airflow/.local/lib/python3.8/site-packages/airflow/example_dags/example_branch_operator.py took 0.146 seconds
[2025-11-10T00:54:40.917+0000] {processor.py:161} INFO - Started process (PID=1190) to work on /home/airflow/.local/lib/python3.8/site-packages/airflow/example_dags/example_branch_operator.py
[2025-11-10T00:54:40.918+0000] {processor.py:830} INFO - Processing file /home/airflow/.local/lib/python3.8/site-packages/airflow/example_dags/example_branch_operator.py for tasks to queue
[2025-11-10T00:54:40.920+0000] {logging_mixin.py:188} INFO - [2025-11-10T00:54:40.920+0000] {dagbag.py:538} INFO - Filling up the DagBag from /home/airflow/.local/lib/python3.8/site-packages/airflow/example_dags/example_branch_operator.py
[2025-11-10T00:54:40.953+0000] {processor.py:840} INFO - DAG(s) 'example_branch_operator' retrieved from /home/airflow/.local/lib/python3.8/site-packages/airflow/example_dags/example_branch_operator.py
[2025-11-10T00:54:41.006+0000] {logging_mixin.py:188} INFO - [2025-11-10T00:54:41.006+0000] {dag.py:3036} INFO - Sync 1 DAGs
[2025-11-10T00:54:41.045+0000] {logging_mixin.py:188} INFO - [2025-11-10T00:54:41.045+0000] {dag.py:3823} INFO - Setting next_dagrun for example_branch_operator to 2025-11-09 00:00:00+00:00, run_after=2025-11-10 00:00:00+00:00
[2025-11-10T00:54:41.077+0000] {processor.py:183} INFO - Processing /home/airflow/.local/lib/python3.8/site-packages/airflow/example_dags/example_branch_operator.py took 0.166 seconds
[2025-11-10T00:55:11.413+0000] {processor.py:161} INFO - Started process (PID=1287) to work on /home/airflow/.local/lib/python3.8/site-packages/airflow/example_dags/example_branch_operator.py
[2025-11-10T00:55:11.414+0000] {processor.py:830} INFO - Processing file /home/airflow/.local/lib/python3.8/site-packages/airflow/example_dags/example_branch_operator.py for tasks to queue
[2025-11-10T00:55:11.416+0000] {logging_mixin.py:188} INFO - [2025-11-10T00:55:11.415+0000] {dagbag.py:538} INFO - Filling up the DagBag from /home/airflow/.local/lib/python3.8/site-packages/airflow/example_dags/example_branch_operator.py
[2025-11-10T00:55:11.449+0000] {processor.py:840} INFO - DAG(s) 'example_branch_operator' retrieved from /home/airflow/.local/lib/python3.8/site-packages/airflow/example_dags/example_branch_operator.py
[2025-11-10T00:55:11.517+0000] {logging_mixin.py:188} INFO - [2025-11-10T00:55:11.517+0000] {dag.py:3036} INFO - Sync 1 DAGs
[2025-11-10T00:55:11.585+0000] {logging_mixin.py:188} INFO - [2025-11-10T00:55:11.585+0000] {dag.py:3823} INFO - Setting next_dagrun for example_branch_operator to 2025-11-09 00:00:00+00:00, run_after=2025-11-10 00:00:00+00:00
[2025-11-10T00:55:11.639+0000] {processor.py:183} INFO - Processing /home/airflow/.local/lib/python3.8/site-packages/airflow/example_dags/example_branch_operator.py took 0.231 seconds
[2025-11-10T00:55:42.760+0000] {processor.py:161} INFO - Started process (PID=1391) to work on /home/airflow/.local/lib/python3.8/site-packages/airflow/example_dags/example_branch_operator.py
[2025-11-10T00:55:42.763+0000] {processor.py:830} INFO - Processing file /home/airflow/.local/lib/python3.8/site-packages/airflow/example_dags/example_branch_operator.py for tasks to queue
[2025-11-10T00:55:42.764+0000] {logging_mixin.py:188} INFO - [2025-11-10T00:55:42.764+0000] {dagbag.py:538} INFO - Filling up the DagBag from /home/airflow/.local/lib/python3.8/site-packages/airflow/example_dags/example_branch_operator.py
[2025-11-10T00:55:42.799+0000] {processor.py:840} INFO - DAG(s) 'example_branch_operator' retrieved from /home/airflow/.local/lib/python3.8/site-packages/airflow/example_dags/example_branch_operator.py
[2025-11-10T00:55:42.858+0000] {logging_mixin.py:188} INFO - [2025-11-10T00:55:42.857+0000] {dag.py:3036} INFO - Sync 1 DAGs
[2025-11-10T00:55:42.897+0000] {logging_mixin.py:188} INFO - [2025-11-10T00:55:42.897+0000] {dag.py:3823} INFO - Setting next_dagrun for example_branch_operator to 2025-11-09 00:00:00+00:00, run_after=2025-11-10 00:00:00+00:00
[2025-11-10T00:55:42.931+0000] {processor.py:183} INFO - Processing /home/airflow/.local/lib/python3.8/site-packages/airflow/example_dags/example_branch_operator.py took 0.176 seconds
[2025-11-10T00:56:13.228+0000] {processor.py:161} INFO - Started process (PID=1488) to work on /home/airflow/.local/lib/python3.8/site-packages/airflow/example_dags/example_branch_operator.py
[2025-11-10T00:56:13.229+0000] {processor.py:830} INFO - Processing file /home/airflow/.local/lib/python3.8/site-packages/airflow/example_dags/example_branch_operator.py for tasks to queue
[2025-11-10T00:56:13.232+0000] {logging_mixin.py:188} INFO - [2025-11-10T00:56:13.231+0000] {dagbag.py:538} INFO - Filling up the DagBag from /home/airflow/.local/lib/python3.8/site-packages/airflow/example_dags/example_branch_operator.py
[2025-11-10T00:56:13.263+0000] {processor.py:840} INFO - DAG(s) 'example_branch_operator' retrieved from /home/airflow/.local/lib/python3.8/site-packages/airflow/example_dags/example_branch_operator.py
[2025-11-10T00:56:13.310+0000] {logging_mixin.py:188} INFO - [2025-11-10T00:56:13.310+0000] {dag.py:3036} INFO - Sync 1 DAGs
[2025-11-10T00:56:13.349+0000] {logging_mixin.py:188} INFO - [2025-11-10T00:56:13.348+0000] {dag.py:3823} INFO - Setting next_dagrun for example_branch_operator to 2025-11-09 00:00:00+00:00, run_after=2025-11-10 00:00:00+00:00
[2025-11-10T00:56:13.386+0000] {processor.py:183} INFO - Processing /home/airflow/.local/lib/python3.8/site-packages/airflow/example_dags/example_branch_operator.py took 0.165 seconds
[2025-11-10T00:56:44.415+0000] {processor.py:161} INFO - Started process (PID=1578) to work on /home/airflow/.local/lib/python3.8/site-packages/airflow/example_dags/example_branch_operator.py
[2025-11-10T00:56:44.417+0000] {processor.py:830} INFO - Processing file /home/airflow/.local/lib/python3.8/site-packages/airflow/example_dags/example_branch_operator.py for tasks to queue
[2025-11-10T00:56:44.419+0000] {logging_mixin.py:188} INFO - [2025-11-10T00:56:44.418+0000] {dagbag.py:538} INFO - Filling up the DagBag from /home/airflow/.local/lib/python3.8/site-packages/airflow/example_dags/example_branch_operator.py
[2025-11-10T00:56:44.464+0000] {processor.py:840} INFO - DAG(s) 'example_branch_operator' retrieved from /home/airflow/.local/lib/python3.8/site-packages/airflow/example_dags/example_branch_operator.py
[2025-11-10T00:56:44.536+0000] {logging_mixin.py:188} INFO - [2025-11-10T00:56:44.535+0000] {dag.py:3036} INFO - Sync 1 DAGs
[2025-11-10T00:56:44.606+0000] {logging_mixin.py:188} INFO - [2025-11-10T00:56:44.605+0000] {dag.py:3823} INFO - Setting next_dagrun for example_branch_operator to 2025-11-09 00:00:00+00:00, run_after=2025-11-10 00:00:00+00:00
[2025-11-10T00:56:44.662+0000] {processor.py:183} INFO - Processing /home/airflow/.local/lib/python3.8/site-packages/airflow/example_dags/example_branch_operator.py took 0.254 seconds
[2025-11-10T00:57:14.888+0000] {processor.py:161} INFO - Started process (PID=1682) to work on /home/airflow/.local/lib/python3.8/site-packages/airflow/example_dags/example_branch_operator.py
[2025-11-10T00:57:14.889+0000] {processor.py:830} INFO - Processing file /home/airflow/.local/lib/python3.8/site-packages/airflow/example_dags/example_branch_operator.py for tasks to queue
[2025-11-10T00:57:14.891+0000] {logging_mixin.py:188} INFO - [2025-11-10T00:57:14.890+0000] {dagbag.py:538} INFO - Filling up the DagBag from /home/airflow/.local/lib/python3.8/site-packages/airflow/example_dags/example_branch_operator.py
[2025-11-10T00:57:14.918+0000] {processor.py:840} INFO - DAG(s) 'example_branch_operator' retrieved from /home/airflow/.local/lib/python3.8/site-packages/airflow/example_dags/example_branch_operator.py
[2025-11-10T00:57:14.967+0000] {logging_mixin.py:188} INFO - [2025-11-10T00:57:14.967+0000] {dag.py:3036} INFO - Sync 1 DAGs
[2025-11-10T00:57:15.004+0000] {logging_mixin.py:188} INFO - [2025-11-10T00:57:15.003+0000] {dag.py:3823} INFO - Setting next_dagrun for example_branch_operator to 2025-11-09 00:00:00+00:00, run_after=2025-11-10 00:00:00+00:00
[2025-11-10T00:57:15.043+0000] {processor.py:183} INFO - Processing /home/airflow/.local/lib/python3.8/site-packages/airflow/example_dags/example_branch_operator.py took 0.159 seconds
[2025-11-10T00:57:45.247+0000] {processor.py:161} INFO - Started process (PID=1780) to work on /home/airflow/.local/lib/python3.8/site-packages/airflow/example_dags/example_branch_operator.py
[2025-11-10T00:57:45.248+0000] {processor.py:830} INFO - Processing file /home/airflow/.local/lib/python3.8/site-packages/airflow/example_dags/example_branch_operator.py for tasks to queue
[2025-11-10T00:57:45.251+0000] {logging_mixin.py:188} INFO - [2025-11-10T00:57:45.250+0000] {dagbag.py:538} INFO - Filling up the DagBag from /home/airflow/.local/lib/python3.8/site-packages/airflow/example_dags/example_branch_operator.py
[2025-11-10T00:57:45.276+0000] {processor.py:840} INFO - DAG(s) 'example_branch_operator' retrieved from /home/airflow/.local/lib/python3.8/site-packages/airflow/example_dags/example_branch_operator.py
[2025-11-10T00:57:45.325+0000] {logging_mixin.py:188} INFO - [2025-11-10T00:57:45.324+0000] {dag.py:3036} INFO - Sync 1 DAGs
[2025-11-10T00:57:45.362+0000] {logging_mixin.py:188} INFO - [2025-11-10T00:57:45.361+0000] {dag.py:3823} INFO - Setting next_dagrun for example_branch_operator to 2025-11-09 00:00:00+00:00, run_after=2025-11-10 00:00:00+00:00
[2025-11-10T00:57:45.396+0000] {processor.py:183} INFO - Processing /home/airflow/.local/lib/python3.8/site-packages/airflow/example_dags/example_branch_operator.py took 0.156 seconds
[2025-11-10T00:58:15.620+0000] {processor.py:161} INFO - Started process (PID=1892) to work on /home/airflow/.local/lib/python3.8/site-packages/airflow/example_dags/example_branch_operator.py
[2025-11-10T00:58:15.622+0000] {processor.py:830} INFO - Processing file /home/airflow/.local/lib/python3.8/site-packages/airflow/example_dags/example_branch_operator.py for tasks to queue
[2025-11-10T00:58:15.623+0000] {logging_mixin.py:188} INFO - [2025-11-10T00:58:15.623+0000] {dagbag.py:538} INFO - Filling up the DagBag from /home/airflow/.local/lib/python3.8/site-packages/airflow/example_dags/example_branch_operator.py
[2025-11-10T00:58:15.646+0000] {processor.py:840} INFO - DAG(s) 'example_branch_operator' retrieved from /home/airflow/.local/lib/python3.8/site-packages/airflow/example_dags/example_branch_operator.py
[2025-11-10T00:58:15.686+0000] {logging_mixin.py:188} INFO - [2025-11-10T00:58:15.686+0000] {dag.py:3036} INFO - Sync 1 DAGs
[2025-11-10T00:58:15.726+0000] {logging_mixin.py:188} INFO - [2025-11-10T00:58:15.725+0000] {dag.py:3823} INFO - Setting next_dagrun for example_branch_operator to 2025-11-09 00:00:00+00:00, run_after=2025-11-10 00:00:00+00:00
[2025-11-10T00:58:15.761+0000] {processor.py:183} INFO - Processing /home/airflow/.local/lib/python3.8/site-packages/airflow/example_dags/example_branch_operator.py took 0.145 seconds
[2025-11-10T00:58:46.759+0000] {processor.py:161} INFO - Started process (PID=1989) to work on /home/airflow/.local/lib/python3.8/site-packages/airflow/example_dags/example_branch_operator.py
[2025-11-10T00:58:46.761+0000] {processor.py:830} INFO - Processing file /home/airflow/.local/lib/python3.8/site-packages/airflow/example_dags/example_branch_operator.py for tasks to queue
[2025-11-10T00:58:46.762+0000] {logging_mixin.py:188} INFO - [2025-11-10T00:58:46.761+0000] {dagbag.py:538} INFO - Filling up the DagBag from /home/airflow/.local/lib/python3.8/site-packages/airflow/example_dags/example_branch_operator.py
[2025-11-10T00:58:46.787+0000] {processor.py:840} INFO - DAG(s) 'example_branch_operator' retrieved from /home/airflow/.local/lib/python3.8/site-packages/airflow/example_dags/example_branch_operator.py
[2025-11-10T00:58:46.843+0000] {logging_mixin.py:188} INFO - [2025-11-10T00:58:46.842+0000] {dag.py:3036} INFO - Sync 1 DAGs
[2025-11-10T00:58:46.886+0000] {logging_mixin.py:188} INFO - [2025-11-10T00:58:46.886+0000] {dag.py:3823} INFO - Setting next_dagrun for example_branch_operator to 2025-11-09 00:00:00+00:00, run_after=2025-11-10 00:00:00+00:00
[2025-11-10T00:58:46.918+0000] {processor.py:183} INFO - Processing /home/airflow/.local/lib/python3.8/site-packages/airflow/example_dags/example_branch_operator.py took 0.162 seconds
[2025-11-10T00:59:17.005+0000] {processor.py:161} INFO - Started process (PID=2086) to work on /home/airflow/.local/lib/python3.8/site-packages/airflow/example_dags/example_branch_operator.py
[2025-11-10T00:59:17.006+0000] {processor.py:830} INFO - Processing file /home/airflow/.local/lib/python3.8/site-packages/airflow/example_dags/example_branch_operator.py for tasks to queue
[2025-11-10T00:59:17.007+0000] {logging_mixin.py:188} INFO - [2025-11-10T00:59:17.007+0000] {dagbag.py:538} INFO - Filling up the DagBag from /home/airflow/.local/lib/python3.8/site-packages/airflow/example_dags/example_branch_operator.py
[2025-11-10T00:59:17.030+0000] {processor.py:840} INFO - DAG(s) 'example_branch_operator' retrieved from /home/airflow/.local/lib/python3.8/site-packages/airflow/example_dags/example_branch_operator.py
[2025-11-10T00:59:17.082+0000] {logging_mixin.py:188} INFO - [2025-11-10T00:59:17.082+0000] {dag.py:3036} INFO - Sync 1 DAGs
[2025-11-10T00:59:17.117+0000] {logging_mixin.py:188} INFO - [2025-11-10T00:59:17.116+0000] {dag.py:3823} INFO - Setting next_dagrun for example_branch_operator to 2025-11-09 00:00:00+00:00, run_after=2025-11-10 00:00:00+00:00
[2025-11-10T00:59:17.145+0000] {processor.py:183} INFO - Processing /home/airflow/.local/lib/python3.8/site-packages/airflow/example_dags/example_branch_operator.py took 0.145 seconds
[2025-11-10T00:59:48.021+0000] {processor.py:161} INFO - Started process (PID=2182) to work on /home/airflow/.local/lib/python3.8/site-packages/airflow/example_dags/example_branch_operator.py
[2025-11-10T00:59:48.022+0000] {processor.py:830} INFO - Processing file /home/airflow/.local/lib/python3.8/site-packages/airflow/example_dags/example_branch_operator.py for tasks to queue
[2025-11-10T00:59:48.023+0000] {logging_mixin.py:188} INFO - [2025-11-10T00:59:48.023+0000] {dagbag.py:538} INFO - Filling up the DagBag from /home/airflow/.local/lib/python3.8/site-packages/airflow/example_dags/example_branch_operator.py
[2025-11-10T00:59:48.050+0000] {processor.py:840} INFO - DAG(s) 'example_branch_operator' retrieved from /home/airflow/.local/lib/python3.8/site-packages/airflow/example_dags/example_branch_operator.py
[2025-11-10T00:59:48.112+0000] {logging_mixin.py:188} INFO - [2025-11-10T00:59:48.111+0000] {dag.py:3036} INFO - Sync 1 DAGs
[2025-11-10T00:59:48.148+0000] {logging_mixin.py:188} INFO - [2025-11-10T00:59:48.147+0000] {dag.py:3823} INFO - Setting next_dagrun for example_branch_operator to 2025-11-09 00:00:00+00:00, run_after=2025-11-10 00:00:00+00:00
[2025-11-10T00:59:48.174+0000] {processor.py:183} INFO - Processing /home/airflow/.local/lib/python3.8/site-packages/airflow/example_dags/example_branch_operator.py took 0.158 seconds
[2025-11-10T01:00:18.329+0000] {processor.py:161} INFO - Started process (PID=2279) to work on /home/airflow/.local/lib/python3.8/site-packages/airflow/example_dags/example_branch_operator.py
[2025-11-10T01:00:18.330+0000] {processor.py:830} INFO - Processing file /home/airflow/.local/lib/python3.8/site-packages/airflow/example_dags/example_branch_operator.py for tasks to queue
[2025-11-10T01:00:18.331+0000] {logging_mixin.py:188} INFO - [2025-11-10T01:00:18.331+0000] {dagbag.py:538} INFO - Filling up the DagBag from /home/airflow/.local/lib/python3.8/site-packages/airflow/example_dags/example_branch_operator.py
[2025-11-10T01:00:18.353+0000] {processor.py:840} INFO - DAG(s) 'example_branch_operator' retrieved from /home/airflow/.local/lib/python3.8/site-packages/airflow/example_dags/example_branch_operator.py
[2025-11-10T01:00:18.393+0000] {logging_mixin.py:188} INFO - [2025-11-10T01:00:18.393+0000] {dag.py:3036} INFO - Sync 1 DAGs
[2025-11-10T01:00:18.433+0000] {logging_mixin.py:188} INFO - [2025-11-10T01:00:18.433+0000] {dag.py:3823} INFO - Setting next_dagrun for example_branch_operator to 2025-11-09 00:00:00+00:00, run_after=2025-11-10 00:00:00+00:00
[2025-11-10T01:00:18.460+0000] {processor.py:183} INFO - Processing /home/airflow/.local/lib/python3.8/site-packages/airflow/example_dags/example_branch_operator.py took 0.135 seconds
[2025-11-10T01:00:48.643+0000] {processor.py:161} INFO - Started process (PID=2384) to work on /home/airflow/.local/lib/python3.8/site-packages/airflow/example_dags/example_branch_operator.py
[2025-11-10T01:00:48.645+0000] {processor.py:830} INFO - Processing file /home/airflow/.local/lib/python3.8/site-packages/airflow/example_dags/example_branch_operator.py for tasks to queue
[2025-11-10T01:00:48.646+0000] {logging_mixin.py:188} INFO - [2025-11-10T01:00:48.646+0000] {dagbag.py:538} INFO - Filling up the DagBag from /home/airflow/.local/lib/python3.8/site-packages/airflow/example_dags/example_branch_operator.py
[2025-11-10T01:00:48.670+0000] {processor.py:840} INFO - DAG(s) 'example_branch_operator' retrieved from /home/airflow/.local/lib/python3.8/site-packages/airflow/example_dags/example_branch_operator.py
[2025-11-10T01:00:48.736+0000] {logging_mixin.py:188} INFO - [2025-11-10T01:00:48.736+0000] {dag.py:3036} INFO - Sync 1 DAGs
[2025-11-10T01:00:48.786+0000] {logging_mixin.py:188} INFO - [2025-11-10T01:00:48.786+0000] {dag.py:3823} INFO - Setting next_dagrun for example_branch_operator to 2025-11-09 00:00:00+00:00, run_after=2025-11-10 00:00:00+00:00
[2025-11-10T01:00:48.824+0000] {processor.py:183} INFO - Processing /home/airflow/.local/lib/python3.8/site-packages/airflow/example_dags/example_branch_operator.py took 0.185 seconds
[2025-11-10T01:01:19.782+0000] {processor.py:161} INFO - Started process (PID=2496) to work on /home/airflow/.local/lib/python3.8/site-packages/airflow/example_dags/example_branch_operator.py
[2025-11-10T01:01:19.784+0000] {processor.py:830} INFO - Processing file /home/airflow/.local/lib/python3.8/site-packages/airflow/example_dags/example_branch_operator.py for tasks to queue
[2025-11-10T01:01:19.786+0000] {logging_mixin.py:188} INFO - [2025-11-10T01:01:19.786+0000] {dagbag.py:538} INFO - Filling up the DagBag from /home/airflow/.local/lib/python3.8/site-packages/airflow/example_dags/example_branch_operator.py
[2025-11-10T01:01:19.818+0000] {processor.py:840} INFO - DAG(s) 'example_branch_operator' retrieved from /home/airflow/.local/lib/python3.8/site-packages/airflow/example_dags/example_branch_operator.py
[2025-11-10T01:01:19.872+0000] {logging_mixin.py:188} INFO - [2025-11-10T01:01:19.871+0000] {dag.py:3036} INFO - Sync 1 DAGs
[2025-11-10T01:01:19.903+0000] {logging_mixin.py:188} INFO - [2025-11-10T01:01:19.903+0000] {dag.py:3823} INFO - Setting next_dagrun for example_branch_operator to 2025-11-09 00:00:00+00:00, run_after=2025-11-10 00:00:00+00:00
[2025-11-10T01:01:19.934+0000] {processor.py:183} INFO - Processing /home/airflow/.local/lib/python3.8/site-packages/airflow/example_dags/example_branch_operator.py took 0.158 seconds
[2025-11-10T01:01:50.270+0000] {processor.py:161} INFO - Started process (PID=2593) to work on /home/airflow/.local/lib/python3.8/site-packages/airflow/example_dags/example_branch_operator.py
[2025-11-10T01:01:50.271+0000] {processor.py:830} INFO - Processing file /home/airflow/.local/lib/python3.8/site-packages/airflow/example_dags/example_branch_operator.py for tasks to queue
[2025-11-10T01:01:50.273+0000] {logging_mixin.py:188} INFO - [2025-11-10T01:01:50.272+0000] {dagbag.py:538} INFO - Filling up the DagBag from /home/airflow/.local/lib/python3.8/site-packages/airflow/example_dags/example_branch_operator.py
[2025-11-10T01:01:50.298+0000] {processor.py:840} INFO - DAG(s) 'example_branch_operator' retrieved from /home/airflow/.local/lib/python3.8/site-packages/airflow/example_dags/example_branch_operator.py
[2025-11-10T01:01:50.337+0000] {logging_mixin.py:188} INFO - [2025-11-10T01:01:50.337+0000] {dag.py:3036} INFO - Sync 1 DAGs
[2025-11-10T01:01:50.365+0000] {logging_mixin.py:188} INFO - [2025-11-10T01:01:50.365+0000] {dag.py:3823} INFO - Setting next_dagrun for example_branch_operator to 2025-11-09 00:00:00+00:00, run_after=2025-11-10 00:00:00+00:00
[2025-11-10T01:01:50.392+0000] {processor.py:183} INFO - Processing /home/airflow/.local/lib/python3.8/site-packages/airflow/example_dags/example_branch_operator.py took 0.126 seconds
[2025-11-10T01:02:21.129+0000] {processor.py:161} INFO - Started process (PID=2690) to work on /home/airflow/.local/lib/python3.8/site-packages/airflow/example_dags/example_branch_operator.py
[2025-11-10T01:02:21.130+0000] {processor.py:830} INFO - Processing file /home/airflow/.local/lib/python3.8/site-packages/airflow/example_dags/example_branch_operator.py for tasks to queue
[2025-11-10T01:02:21.132+0000] {logging_mixin.py:188} INFO - [2025-11-10T01:02:21.131+0000] {dagbag.py:538} INFO - Filling up the DagBag from /home/airflow/.local/lib/python3.8/site-packages/airflow/example_dags/example_branch_operator.py
[2025-11-10T01:02:21.154+0000] {processor.py:840} INFO - DAG(s) 'example_branch_operator' retrieved from /home/airflow/.local/lib/python3.8/site-packages/airflow/example_dags/example_branch_operator.py
[2025-11-10T01:02:21.191+0000] {logging_mixin.py:188} INFO - [2025-11-10T01:02:21.191+0000] {dag.py:3036} INFO - Sync 1 DAGs
[2025-11-10T01:02:21.218+0000] {logging_mixin.py:188} INFO - [2025-11-10T01:02:21.218+0000] {dag.py:3823} INFO - Setting next_dagrun for example_branch_operator to 2025-11-09 00:00:00+00:00, run_after=2025-11-10 00:00:00+00:00
[2025-11-10T01:02:21.246+0000] {processor.py:183} INFO - Processing /home/airflow/.local/lib/python3.8/site-packages/airflow/example_dags/example_branch_operator.py took 0.120 seconds
[2025-11-10T01:02:52.284+0000] {processor.py:161} INFO - Started process (PID=2787) to work on /home/airflow/.local/lib/python3.8/site-packages/airflow/example_dags/example_branch_operator.py
[2025-11-10T01:02:52.285+0000] {processor.py:830} INFO - Processing file /home/airflow/.local/lib/python3.8/site-packages/airflow/example_dags/example_branch_operator.py for tasks to queue
[2025-11-10T01:02:52.287+0000] {logging_mixin.py:188} INFO - [2025-11-10T01:02:52.286+0000] {dagbag.py:538} INFO - Filling up the DagBag from /home/airflow/.local/lib/python3.8/site-packages/airflow/example_dags/example_branch_operator.py
[2025-11-10T01:02:52.325+0000] {processor.py:840} INFO - DAG(s) 'example_branch_operator' retrieved from /home/airflow/.local/lib/python3.8/site-packages/airflow/example_dags/example_branch_operator.py
[2025-11-10T01:02:52.366+0000] {logging_mixin.py:188} INFO - [2025-11-10T01:02:52.365+0000] {dag.py:3036} INFO - Sync 1 DAGs
[2025-11-10T01:02:52.397+0000] {logging_mixin.py:188} INFO - [2025-11-10T01:02:52.396+0000] {dag.py:3823} INFO - Setting next_dagrun for example_branch_operator to 2025-11-09 00:00:00+00:00, run_after=2025-11-10 00:00:00+00:00
[2025-11-10T01:02:52.427+0000] {processor.py:183} INFO - Processing /home/airflow/.local/lib/python3.8/site-packages/airflow/example_dags/example_branch_operator.py took 0.147 seconds
[2025-11-10T01:03:23.268+0000] {processor.py:161} INFO - Started process (PID=2907) to work on /home/airflow/.local/lib/python3.8/site-packages/airflow/example_dags/example_branch_operator.py
[2025-11-10T01:03:23.270+0000] {processor.py:830} INFO - Processing file /home/airflow/.local/lib/python3.8/site-packages/airflow/example_dags/example_branch_operator.py for tasks to queue
[2025-11-10T01:03:23.271+0000] {logging_mixin.py:188} INFO - [2025-11-10T01:03:23.271+0000] {dagbag.py:538} INFO - Filling up the DagBag from /home/airflow/.local/lib/python3.8/site-packages/airflow/example_dags/example_branch_operator.py
[2025-11-10T01:03:23.296+0000] {processor.py:840} INFO - DAG(s) 'example_branch_operator' retrieved from /home/airflow/.local/lib/python3.8/site-packages/airflow/example_dags/example_branch_operator.py
[2025-11-10T01:03:23.337+0000] {logging_mixin.py:188} INFO - [2025-11-10T01:03:23.336+0000] {dag.py:3036} INFO - Sync 1 DAGs
[2025-11-10T01:03:23.368+0000] {logging_mixin.py:188} INFO - [2025-11-10T01:03:23.368+0000] {dag.py:3823} INFO - Setting next_dagrun for example_branch_operator to 2025-11-09 00:00:00+00:00, run_after=2025-11-10 00:00:00+00:00
[2025-11-10T01:03:23.405+0000] {processor.py:183} INFO - Processing /home/airflow/.local/lib/python3.8/site-packages/airflow/example_dags/example_branch_operator.py took 0.141 seconds
[2025-11-10T01:03:53.572+0000] {processor.py:161} INFO - Started process (PID=3004) to work on /home/airflow/.local/lib/python3.8/site-packages/airflow/example_dags/example_branch_operator.py
[2025-11-10T01:03:53.574+0000] {processor.py:830} INFO - Processing file /home/airflow/.local/lib/python3.8/site-packages/airflow/example_dags/example_branch_operator.py for tasks to queue
[2025-11-10T01:03:53.575+0000] {logging_mixin.py:188} INFO - [2025-11-10T01:03:53.575+0000] {dagbag.py:538} INFO - Filling up the DagBag from /home/airflow/.local/lib/python3.8/site-packages/airflow/example_dags/example_branch_operator.py
[2025-11-10T01:03:53.602+0000] {processor.py:840} INFO - DAG(s) 'example_branch_operator' retrieved from /home/airflow/.local/lib/python3.8/site-packages/airflow/example_dags/example_branch_operator.py
[2025-11-10T01:03:53.651+0000] {logging_mixin.py:188} INFO - [2025-11-10T01:03:53.650+0000] {dag.py:3036} INFO - Sync 1 DAGs
[2025-11-10T01:03:53.686+0000] {logging_mixin.py:188} INFO - [2025-11-10T01:03:53.686+0000] {dag.py:3823} INFO - Setting next_dagrun for example_branch_operator to 2025-11-09 00:00:00+00:00, run_after=2025-11-10 00:00:00+00:00
[2025-11-10T01:03:53.722+0000] {processor.py:183} INFO - Processing /home/airflow/.local/lib/python3.8/site-packages/airflow/example_dags/example_branch_operator.py took 0.154 seconds
[2025-11-10T01:04:24.535+0000] {processor.py:161} INFO - Started process (PID=3101) to work on /home/airflow/.local/lib/python3.8/site-packages/airflow/example_dags/example_branch_operator.py
[2025-11-10T01:04:24.537+0000] {processor.py:830} INFO - Processing file /home/airflow/.local/lib/python3.8/site-packages/airflow/example_dags/example_branch_operator.py for tasks to queue
[2025-11-10T01:04:24.538+0000] {logging_mixin.py:188} INFO - [2025-11-10T01:04:24.537+0000] {dagbag.py:538} INFO - Filling up the DagBag from /home/airflow/.local/lib/python3.8/site-packages/airflow/example_dags/example_branch_operator.py
[2025-11-10T01:04:24.562+0000] {processor.py:840} INFO - DAG(s) 'example_branch_operator' retrieved from /home/airflow/.local/lib/python3.8/site-packages/airflow/example_dags/example_branch_operator.py
[2025-11-10T01:04:24.602+0000] {logging_mixin.py:188} INFO - [2025-11-10T01:04:24.602+0000] {dag.py:3036} INFO - Sync 1 DAGs
[2025-11-10T01:04:24.630+0000] {logging_mixin.py:188} INFO - [2025-11-10T01:04:24.629+0000] {dag.py:3823} INFO - Setting next_dagrun for example_branch_operator to 2025-11-09 00:00:00+00:00, run_after=2025-11-10 00:00:00+00:00
[2025-11-10T01:04:24.659+0000] {processor.py:183} INFO - Processing /home/airflow/.local/lib/python3.8/site-packages/airflow/example_dags/example_branch_operator.py took 0.128 seconds
[2025-11-10T01:04:54.799+0000] {processor.py:161} INFO - Started process (PID=3198) to work on /home/airflow/.local/lib/python3.8/site-packages/airflow/example_dags/example_branch_operator.py
[2025-11-10T01:04:54.800+0000] {processor.py:830} INFO - Processing file /home/airflow/.local/lib/python3.8/site-packages/airflow/example_dags/example_branch_operator.py for tasks to queue
[2025-11-10T01:04:54.802+0000] {logging_mixin.py:188} INFO - [2025-11-10T01:04:54.801+0000] {dagbag.py:538} INFO - Filling up the DagBag from /home/airflow/.local/lib/python3.8/site-packages/airflow/example_dags/example_branch_operator.py
[2025-11-10T01:04:54.827+0000] {processor.py:840} INFO - DAG(s) 'example_branch_operator' retrieved from /home/airflow/.local/lib/python3.8/site-packages/airflow/example_dags/example_branch_operator.py
[2025-11-10T01:04:54.868+0000] {logging_mixin.py:188} INFO - [2025-11-10T01:04:54.868+0000] {dag.py:3036} INFO - Sync 1 DAGs
[2025-11-10T01:04:54.894+0000] {logging_mixin.py:188} INFO - [2025-11-10T01:04:54.894+0000] {dag.py:3823} INFO - Setting next_dagrun for example_branch_operator to 2025-11-09 00:00:00+00:00, run_after=2025-11-10 00:00:00+00:00
[2025-11-10T01:04:54.918+0000] {processor.py:183} INFO - Processing /home/airflow/.local/lib/python3.8/site-packages/airflow/example_dags/example_branch_operator.py took 0.124 seconds
[2025-11-10T01:05:25.118+0000] {processor.py:161} INFO - Started process (PID=3302) to work on /home/airflow/.local/lib/python3.8/site-packages/airflow/example_dags/example_branch_operator.py
[2025-11-10T01:05:25.119+0000] {processor.py:830} INFO - Processing file /home/airflow/.local/lib/python3.8/site-packages/airflow/example_dags/example_branch_operator.py for tasks to queue
[2025-11-10T01:05:25.121+0000] {logging_mixin.py:188} INFO - [2025-11-10T01:05:25.121+0000] {dagbag.py:538} INFO - Filling up the DagBag from /home/airflow/.local/lib/python3.8/site-packages/airflow/example_dags/example_branch_operator.py
[2025-11-10T01:05:25.145+0000] {processor.py:840} INFO - DAG(s) 'example_branch_operator' retrieved from /home/airflow/.local/lib/python3.8/site-packages/airflow/example_dags/example_branch_operator.py
[2025-11-10T01:05:25.188+0000] {logging_mixin.py:188} INFO - [2025-11-10T01:05:25.188+0000] {dag.py:3036} INFO - Sync 1 DAGs
[2025-11-10T01:05:25.214+0000] {logging_mixin.py:188} INFO - [2025-11-10T01:05:25.214+0000] {dag.py:3823} INFO - Setting next_dagrun for example_branch_operator to 2025-11-09 00:00:00+00:00, run_after=2025-11-10 00:00:00+00:00
[2025-11-10T01:05:25.238+0000] {processor.py:183} INFO - Processing /home/airflow/.local/lib/python3.8/site-packages/airflow/example_dags/example_branch_operator.py took 0.125 seconds
[2025-11-10T01:05:55.606+0000] {processor.py:161} INFO - Started process (PID=3415) to work on /home/airflow/.local/lib/python3.8/site-packages/airflow/example_dags/example_branch_operator.py
[2025-11-10T01:05:55.608+0000] {processor.py:830} INFO - Processing file /home/airflow/.local/lib/python3.8/site-packages/airflow/example_dags/example_branch_operator.py for tasks to queue
[2025-11-10T01:05:55.609+0000] {logging_mixin.py:188} INFO - [2025-11-10T01:05:55.609+0000] {dagbag.py:538} INFO - Filling up the DagBag from /home/airflow/.local/lib/python3.8/site-packages/airflow/example_dags/example_branch_operator.py
[2025-11-10T01:05:55.647+0000] {processor.py:840} INFO - DAG(s) 'example_branch_operator' retrieved from /home/airflow/.local/lib/python3.8/site-packages/airflow/example_dags/example_branch_operator.py
[2025-11-10T01:05:55.699+0000] {logging_mixin.py:188} INFO - [2025-11-10T01:05:55.699+0000] {dag.py:3036} INFO - Sync 1 DAGs
[2025-11-10T01:05:55.730+0000] {logging_mixin.py:188} INFO - [2025-11-10T01:05:55.729+0000] {dag.py:3823} INFO - Setting next_dagrun for example_branch_operator to 2025-11-09 00:00:00+00:00, run_after=2025-11-10 00:00:00+00:00
[2025-11-10T01:05:55.762+0000] {processor.py:183} INFO - Processing /home/airflow/.local/lib/python3.8/site-packages/airflow/example_dags/example_branch_operator.py took 0.160 seconds
[2025-11-10T01:06:26.341+0000] {processor.py:161} INFO - Started process (PID=3513) to work on /home/airflow/.local/lib/python3.8/site-packages/airflow/example_dags/example_branch_operator.py
[2025-11-10T01:06:26.343+0000] {processor.py:830} INFO - Processing file /home/airflow/.local/lib/python3.8/site-packages/airflow/example_dags/example_branch_operator.py for tasks to queue
[2025-11-10T01:06:26.347+0000] {logging_mixin.py:188} INFO - [2025-11-10T01:06:26.347+0000] {dagbag.py:538} INFO - Filling up the DagBag from /home/airflow/.local/lib/python3.8/site-packages/airflow/example_dags/example_branch_operator.py
[2025-11-10T01:06:26.387+0000] {processor.py:840} INFO - DAG(s) 'example_branch_operator' retrieved from /home/airflow/.local/lib/python3.8/site-packages/airflow/example_dags/example_branch_operator.py
[2025-11-10T01:06:26.440+0000] {logging_mixin.py:188} INFO - [2025-11-10T01:06:26.439+0000] {dag.py:3036} INFO - Sync 1 DAGs
[2025-11-10T01:06:26.680+0000] {logging_mixin.py:188} INFO - [2025-11-10T01:06:26.680+0000] {dag.py:3823} INFO - Setting next_dagrun for example_branch_operator to 2025-11-09 00:00:00+00:00, run_after=2025-11-10 00:00:00+00:00
[2025-11-10T01:06:26.712+0000] {processor.py:183} INFO - Processing /home/airflow/.local/lib/python3.8/site-packages/airflow/example_dags/example_branch_operator.py took 0.375 seconds
[2025-11-10T01:06:57.453+0000] {processor.py:161} INFO - Started process (PID=3610) to work on /home/airflow/.local/lib/python3.8/site-packages/airflow/example_dags/example_branch_operator.py
[2025-11-10T01:06:57.455+0000] {processor.py:830} INFO - Processing file /home/airflow/.local/lib/python3.8/site-packages/airflow/example_dags/example_branch_operator.py for tasks to queue
[2025-11-10T01:06:57.456+0000] {logging_mixin.py:188} INFO - [2025-11-10T01:06:57.455+0000] {dagbag.py:538} INFO - Filling up the DagBag from /home/airflow/.local/lib/python3.8/site-packages/airflow/example_dags/example_branch_operator.py
[2025-11-10T01:06:57.479+0000] {processor.py:840} INFO - DAG(s) 'example_branch_operator' retrieved from /home/airflow/.local/lib/python3.8/site-packages/airflow/example_dags/example_branch_operator.py
[2025-11-10T01:06:57.520+0000] {logging_mixin.py:188} INFO - [2025-11-10T01:06:57.519+0000] {dag.py:3036} INFO - Sync 1 DAGs
[2025-11-10T01:06:57.548+0000] {logging_mixin.py:188} INFO - [2025-11-10T01:06:57.547+0000] {dag.py:3823} INFO - Setting next_dagrun for example_branch_operator to 2025-11-09 00:00:00+00:00, run_after=2025-11-10 00:00:00+00:00
[2025-11-10T01:06:57.576+0000] {processor.py:183} INFO - Processing /home/airflow/.local/lib/python3.8/site-packages/airflow/example_dags/example_branch_operator.py took 0.126 seconds
[2025-11-10T02:09:10.577+0000] {processor.py:161} INFO - Started process (PID=189) to work on /home/airflow/.local/lib/python3.8/site-packages/airflow/example_dags/example_branch_operator.py
[2025-11-10T02:09:10.578+0000] {processor.py:830} INFO - Processing file /home/airflow/.local/lib/python3.8/site-packages/airflow/example_dags/example_branch_operator.py for tasks to queue
[2025-11-10T02:09:10.579+0000] {logging_mixin.py:188} INFO - [2025-11-10T02:09:10.579+0000] {dagbag.py:538} INFO - Filling up the DagBag from /home/airflow/.local/lib/python3.8/site-packages/airflow/example_dags/example_branch_operator.py
[2025-11-10T02:09:10.609+0000] {processor.py:840} INFO - DAG(s) 'example_branch_operator' retrieved from /home/airflow/.local/lib/python3.8/site-packages/airflow/example_dags/example_branch_operator.py
[2025-11-10T02:09:10.825+0000] {logging_mixin.py:188} INFO - [2025-11-10T02:09:10.824+0000] {dag.py:3036} INFO - Sync 1 DAGs
[2025-11-10T02:09:10.867+0000] {logging_mixin.py:188} INFO - [2025-11-10T02:09:10.867+0000] {dag.py:3823} INFO - Setting next_dagrun for example_branch_operator to 2025-11-09 00:00:00+00:00, run_after=2025-11-10 00:00:00+00:00
[2025-11-10T02:09:10.915+0000] {processor.py:183} INFO - Processing /home/airflow/.local/lib/python3.8/site-packages/airflow/example_dags/example_branch_operator.py took 0.343 seconds
[2025-11-10T02:09:41.605+0000] {processor.py:161} INFO - Started process (PID=286) to work on /home/airflow/.local/lib/python3.8/site-packages/airflow/example_dags/example_branch_operator.py
[2025-11-10T02:09:41.607+0000] {processor.py:830} INFO - Processing file /home/airflow/.local/lib/python3.8/site-packages/airflow/example_dags/example_branch_operator.py for tasks to queue
[2025-11-10T02:09:41.609+0000] {logging_mixin.py:188} INFO - [2025-11-10T02:09:41.609+0000] {dagbag.py:538} INFO - Filling up the DagBag from /home/airflow/.local/lib/python3.8/site-packages/airflow/example_dags/example_branch_operator.py
[2025-11-10T02:09:41.633+0000] {processor.py:840} INFO - DAG(s) 'example_branch_operator' retrieved from /home/airflow/.local/lib/python3.8/site-packages/airflow/example_dags/example_branch_operator.py
[2025-11-10T02:09:41.681+0000] {logging_mixin.py:188} INFO - [2025-11-10T02:09:41.680+0000] {dag.py:3036} INFO - Sync 1 DAGs
[2025-11-10T02:09:41.719+0000] {logging_mixin.py:188} INFO - [2025-11-10T02:09:41.719+0000] {dag.py:3823} INFO - Setting next_dagrun for example_branch_operator to 2025-11-09 00:00:00+00:00, run_after=2025-11-10 00:00:00+00:00
[2025-11-10T02:09:41.754+0000] {processor.py:183} INFO - Processing /home/airflow/.local/lib/python3.8/site-packages/airflow/example_dags/example_branch_operator.py took 0.153 seconds
[2025-11-10T02:10:11.917+0000] {processor.py:161} INFO - Started process (PID=383) to work on /home/airflow/.local/lib/python3.8/site-packages/airflow/example_dags/example_branch_operator.py
[2025-11-10T02:10:11.918+0000] {processor.py:830} INFO - Processing file /home/airflow/.local/lib/python3.8/site-packages/airflow/example_dags/example_branch_operator.py for tasks to queue
[2025-11-10T02:10:11.919+0000] {logging_mixin.py:188} INFO - [2025-11-10T02:10:11.919+0000] {dagbag.py:538} INFO - Filling up the DagBag from /home/airflow/.local/lib/python3.8/site-packages/airflow/example_dags/example_branch_operator.py
[2025-11-10T02:10:11.950+0000] {processor.py:840} INFO - DAG(s) 'example_branch_operator' retrieved from /home/airflow/.local/lib/python3.8/site-packages/airflow/example_dags/example_branch_operator.py
[2025-11-10T02:10:11.995+0000] {logging_mixin.py:188} INFO - [2025-11-10T02:10:11.994+0000] {dag.py:3036} INFO - Sync 1 DAGs
[2025-11-10T02:10:12.031+0000] {logging_mixin.py:188} INFO - [2025-11-10T02:10:12.031+0000] {dag.py:3823} INFO - Setting next_dagrun for example_branch_operator to 2025-11-09 00:00:00+00:00, run_after=2025-11-10 00:00:00+00:00
[2025-11-10T02:10:12.061+0000] {processor.py:183} INFO - Processing /home/airflow/.local/lib/python3.8/site-packages/airflow/example_dags/example_branch_operator.py took 0.149 seconds
[2025-11-10T02:10:42.321+0000] {processor.py:161} INFO - Started process (PID=487) to work on /home/airflow/.local/lib/python3.8/site-packages/airflow/example_dags/example_branch_operator.py
[2025-11-10T02:10:42.322+0000] {processor.py:830} INFO - Processing file /home/airflow/.local/lib/python3.8/site-packages/airflow/example_dags/example_branch_operator.py for tasks to queue
[2025-11-10T02:10:42.323+0000] {logging_mixin.py:188} INFO - [2025-11-10T02:10:42.323+0000] {dagbag.py:538} INFO - Filling up the DagBag from /home/airflow/.local/lib/python3.8/site-packages/airflow/example_dags/example_branch_operator.py
[2025-11-10T02:10:42.348+0000] {processor.py:840} INFO - DAG(s) 'example_branch_operator' retrieved from /home/airflow/.local/lib/python3.8/site-packages/airflow/example_dags/example_branch_operator.py
[2025-11-10T02:10:42.394+0000] {logging_mixin.py:188} INFO - [2025-11-10T02:10:42.394+0000] {dag.py:3036} INFO - Sync 1 DAGs
[2025-11-10T02:10:42.425+0000] {logging_mixin.py:188} INFO - [2025-11-10T02:10:42.425+0000] {dag.py:3823} INFO - Setting next_dagrun for example_branch_operator to 2025-11-09 00:00:00+00:00, run_after=2025-11-10 00:00:00+00:00
[2025-11-10T02:10:42.456+0000] {processor.py:183} INFO - Processing /home/airflow/.local/lib/python3.8/site-packages/airflow/example_dags/example_branch_operator.py took 0.140 seconds
[2025-11-10T02:11:12.525+0000] {processor.py:161} INFO - Started process (PID=599) to work on /home/airflow/.local/lib/python3.8/site-packages/airflow/example_dags/example_branch_operator.py
[2025-11-10T02:11:12.526+0000] {processor.py:830} INFO - Processing file /home/airflow/.local/lib/python3.8/site-packages/airflow/example_dags/example_branch_operator.py for tasks to queue
[2025-11-10T02:11:12.527+0000] {logging_mixin.py:188} INFO - [2025-11-10T02:11:12.527+0000] {dagbag.py:538} INFO - Filling up the DagBag from /home/airflow/.local/lib/python3.8/site-packages/airflow/example_dags/example_branch_operator.py
[2025-11-10T02:11:12.548+0000] {processor.py:840} INFO - DAG(s) 'example_branch_operator' retrieved from /home/airflow/.local/lib/python3.8/site-packages/airflow/example_dags/example_branch_operator.py
[2025-11-10T02:11:12.584+0000] {logging_mixin.py:188} INFO - [2025-11-10T02:11:12.584+0000] {dag.py:3036} INFO - Sync 1 DAGs
[2025-11-10T02:11:12.612+0000] {logging_mixin.py:188} INFO - [2025-11-10T02:11:12.611+0000] {dag.py:3823} INFO - Setting next_dagrun for example_branch_operator to 2025-11-09 00:00:00+00:00, run_after=2025-11-10 00:00:00+00:00
[2025-11-10T02:11:12.641+0000] {processor.py:183} INFO - Processing /home/airflow/.local/lib/python3.8/site-packages/airflow/example_dags/example_branch_operator.py took 0.119 seconds
[2025-11-10T02:11:43.120+0000] {processor.py:161} INFO - Started process (PID=696) to work on /home/airflow/.local/lib/python3.8/site-packages/airflow/example_dags/example_branch_operator.py
[2025-11-10T02:11:43.121+0000] {processor.py:830} INFO - Processing file /home/airflow/.local/lib/python3.8/site-packages/airflow/example_dags/example_branch_operator.py for tasks to queue
[2025-11-10T02:11:43.122+0000] {logging_mixin.py:188} INFO - [2025-11-10T02:11:43.122+0000] {dagbag.py:538} INFO - Filling up the DagBag from /home/airflow/.local/lib/python3.8/site-packages/airflow/example_dags/example_branch_operator.py
[2025-11-10T02:11:43.148+0000] {processor.py:840} INFO - DAG(s) 'example_branch_operator' retrieved from /home/airflow/.local/lib/python3.8/site-packages/airflow/example_dags/example_branch_operator.py
[2025-11-10T02:11:43.195+0000] {logging_mixin.py:188} INFO - [2025-11-10T02:11:43.194+0000] {dag.py:3036} INFO - Sync 1 DAGs
[2025-11-10T02:11:43.227+0000] {logging_mixin.py:188} INFO - [2025-11-10T02:11:43.227+0000] {dag.py:3823} INFO - Setting next_dagrun for example_branch_operator to 2025-11-09 00:00:00+00:00, run_after=2025-11-10 00:00:00+00:00
[2025-11-10T02:11:43.279+0000] {processor.py:183} INFO - Processing /home/airflow/.local/lib/python3.8/site-packages/airflow/example_dags/example_branch_operator.py took 0.162 seconds
[2025-11-10T02:12:14.181+0000] {processor.py:161} INFO - Started process (PID=793) to work on /home/airflow/.local/lib/python3.8/site-packages/airflow/example_dags/example_branch_operator.py
[2025-11-10T02:12:14.182+0000] {processor.py:830} INFO - Processing file /home/airflow/.local/lib/python3.8/site-packages/airflow/example_dags/example_branch_operator.py for tasks to queue
[2025-11-10T02:12:14.183+0000] {logging_mixin.py:188} INFO - [2025-11-10T02:12:14.182+0000] {dagbag.py:538} INFO - Filling up the DagBag from /home/airflow/.local/lib/python3.8/site-packages/airflow/example_dags/example_branch_operator.py
[2025-11-10T02:12:14.207+0000] {processor.py:840} INFO - DAG(s) 'example_branch_operator' retrieved from /home/airflow/.local/lib/python3.8/site-packages/airflow/example_dags/example_branch_operator.py
[2025-11-10T02:12:14.247+0000] {logging_mixin.py:188} INFO - [2025-11-10T02:12:14.247+0000] {dag.py:3036} INFO - Sync 1 DAGs
[2025-11-10T02:12:14.273+0000] {logging_mixin.py:188} INFO - [2025-11-10T02:12:14.272+0000] {dag.py:3823} INFO - Setting next_dagrun for example_branch_operator to 2025-11-09 00:00:00+00:00, run_after=2025-11-10 00:00:00+00:00
[2025-11-10T02:12:14.299+0000] {processor.py:183} INFO - Processing /home/airflow/.local/lib/python3.8/site-packages/airflow/example_dags/example_branch_operator.py took 0.122 seconds
[2025-11-10T02:12:44.604+0000] {processor.py:161} INFO - Started process (PID=890) to work on /home/airflow/.local/lib/python3.8/site-packages/airflow/example_dags/example_branch_operator.py
[2025-11-10T02:12:44.606+0000] {processor.py:830} INFO - Processing file /home/airflow/.local/lib/python3.8/site-packages/airflow/example_dags/example_branch_operator.py for tasks to queue
[2025-11-10T02:12:44.607+0000] {logging_mixin.py:188} INFO - [2025-11-10T02:12:44.607+0000] {dagbag.py:538} INFO - Filling up the DagBag from /home/airflow/.local/lib/python3.8/site-packages/airflow/example_dags/example_branch_operator.py
[2025-11-10T02:12:44.629+0000] {processor.py:840} INFO - DAG(s) 'example_branch_operator' retrieved from /home/airflow/.local/lib/python3.8/site-packages/airflow/example_dags/example_branch_operator.py
[2025-11-10T02:12:44.666+0000] {logging_mixin.py:188} INFO - [2025-11-10T02:12:44.666+0000] {dag.py:3036} INFO - Sync 1 DAGs
[2025-11-10T02:12:44.691+0000] {logging_mixin.py:188} INFO - [2025-11-10T02:12:44.691+0000] {dag.py:3823} INFO - Setting next_dagrun for example_branch_operator to 2025-11-09 00:00:00+00:00, run_after=2025-11-10 00:00:00+00:00
[2025-11-10T02:12:44.719+0000] {processor.py:183} INFO - Processing /home/airflow/.local/lib/python3.8/site-packages/airflow/example_dags/example_branch_operator.py took 0.118 seconds
[2025-11-10T02:13:15.162+0000] {processor.py:161} INFO - Started process (PID=1010) to work on /home/airflow/.local/lib/python3.8/site-packages/airflow/example_dags/example_branch_operator.py
[2025-11-10T02:13:15.163+0000] {processor.py:830} INFO - Processing file /home/airflow/.local/lib/python3.8/site-packages/airflow/example_dags/example_branch_operator.py for tasks to queue
[2025-11-10T02:13:15.165+0000] {logging_mixin.py:188} INFO - [2025-11-10T02:13:15.164+0000] {dagbag.py:538} INFO - Filling up the DagBag from /home/airflow/.local/lib/python3.8/site-packages/airflow/example_dags/example_branch_operator.py
[2025-11-10T02:13:15.183+0000] {processor.py:840} INFO - DAG(s) 'example_branch_operator' retrieved from /home/airflow/.local/lib/python3.8/site-packages/airflow/example_dags/example_branch_operator.py
[2025-11-10T02:13:15.228+0000] {logging_mixin.py:188} INFO - [2025-11-10T02:13:15.228+0000] {dag.py:3036} INFO - Sync 1 DAGs
[2025-11-10T02:13:15.270+0000] {logging_mixin.py:188} INFO - [2025-11-10T02:13:15.269+0000] {dag.py:3823} INFO - Setting next_dagrun for example_branch_operator to 2025-11-09 00:00:00+00:00, run_after=2025-11-10 00:00:00+00:00
[2025-11-10T02:13:15.306+0000] {processor.py:183} INFO - Processing /home/airflow/.local/lib/python3.8/site-packages/airflow/example_dags/example_branch_operator.py took 0.148 seconds
