[2025-11-10T00:49:33.127+0000] {processor.py:161} INFO - Started process (PID=193) to work on /home/airflow/.local/lib/python3.8/site-packages/airflow/example_dags/example_external_task_marker_dag.py
[2025-11-10T00:49:33.129+0000] {processor.py:830} INFO - Processing file /home/airflow/.local/lib/python3.8/site-packages/airflow/example_dags/example_external_task_marker_dag.py for tasks to queue
[2025-11-10T00:49:33.130+0000] {logging_mixin.py:188} INFO - [2025-11-10T00:49:33.130+0000] {dagbag.py:538} INFO - Filling up the DagBag from /home/airflow/.local/lib/python3.8/site-packages/airflow/example_dags/example_external_task_marker_dag.py
[2025-11-10T00:49:33.140+0000] {processor.py:840} INFO - DAG(s) 'example_external_task_marker_parent', 'example_external_task_marker_child' retrieved from /home/airflow/.local/lib/python3.8/site-packages/airflow/example_dags/example_external_task_marker_dag.py
[2025-11-10T00:49:33.296+0000] {logging_mixin.py:188} INFO - [2025-11-10T00:49:33.295+0000] {override.py:1769} INFO - Created Permission View: can delete on DAG:example_external_task_marker_parent
[2025-11-10T00:49:33.314+0000] {logging_mixin.py:188} INFO - [2025-11-10T00:49:33.314+0000] {override.py:1769} INFO - Created Permission View: can read on DAG:example_external_task_marker_parent
[2025-11-10T00:49:33.331+0000] {logging_mixin.py:188} INFO - [2025-11-10T00:49:33.330+0000] {override.py:1769} INFO - Created Permission View: can edit on DAG:example_external_task_marker_parent
[2025-11-10T00:49:33.358+0000] {logging_mixin.py:188} INFO - [2025-11-10T00:49:33.358+0000] {override.py:1769} INFO - Created Permission View: can delete on DAG:example_external_task_marker_child
[2025-11-10T00:49:33.372+0000] {logging_mixin.py:188} INFO - [2025-11-10T00:49:33.371+0000] {override.py:1769} INFO - Created Permission View: can read on DAG:example_external_task_marker_child
[2025-11-10T00:49:33.388+0000] {logging_mixin.py:188} INFO - [2025-11-10T00:49:33.387+0000] {override.py:1769} INFO - Created Permission View: can edit on DAG:example_external_task_marker_child
[2025-11-10T00:49:33.388+0000] {logging_mixin.py:188} INFO - [2025-11-10T00:49:33.388+0000] {dag.py:3036} INFO - Sync 2 DAGs
[2025-11-10T00:49:33.407+0000] {logging_mixin.py:188} INFO - [2025-11-10T00:49:33.407+0000] {dag.py:3058} INFO - Creating ORM DAG for example_external_task_marker_parent
[2025-11-10T00:49:33.409+0000] {logging_mixin.py:188} INFO - [2025-11-10T00:49:33.408+0000] {dag.py:3058} INFO - Creating ORM DAG for example_external_task_marker_child
[2025-11-10T00:49:33.409+0000] {logging_mixin.py:188} INFO - [2025-11-10T00:49:33.409+0000] {dag.py:3823} INFO - Setting next_dagrun for example_external_task_marker_child to None, run_after=None
[2025-11-10T00:49:33.412+0000] {logging_mixin.py:188} INFO - [2025-11-10T00:49:33.411+0000] {dag.py:3823} INFO - Setting next_dagrun for example_external_task_marker_parent to None, run_after=None
[2025-11-10T00:49:33.444+0000] {processor.py:183} INFO - Processing /home/airflow/.local/lib/python3.8/site-packages/airflow/example_dags/example_external_task_marker_dag.py took 0.320 seconds
[2025-11-10T00:50:03.551+0000] {processor.py:161} INFO - Started process (PID=290) to work on /home/airflow/.local/lib/python3.8/site-packages/airflow/example_dags/example_external_task_marker_dag.py
[2025-11-10T00:50:03.552+0000] {processor.py:830} INFO - Processing file /home/airflow/.local/lib/python3.8/site-packages/airflow/example_dags/example_external_task_marker_dag.py for tasks to queue
[2025-11-10T00:50:03.553+0000] {logging_mixin.py:188} INFO - [2025-11-10T00:50:03.553+0000] {dagbag.py:538} INFO - Filling up the DagBag from /home/airflow/.local/lib/python3.8/site-packages/airflow/example_dags/example_external_task_marker_dag.py
[2025-11-10T00:50:03.562+0000] {processor.py:840} INFO - DAG(s) 'example_external_task_marker_parent', 'example_external_task_marker_child' retrieved from /home/airflow/.local/lib/python3.8/site-packages/airflow/example_dags/example_external_task_marker_dag.py
[2025-11-10T00:50:03.603+0000] {logging_mixin.py:188} INFO - [2025-11-10T00:50:03.603+0000] {dag.py:3036} INFO - Sync 2 DAGs
[2025-11-10T00:50:03.619+0000] {logging_mixin.py:188} INFO - [2025-11-10T00:50:03.618+0000] {dag.py:3823} INFO - Setting next_dagrun for example_external_task_marker_child to None, run_after=None
[2025-11-10T00:50:03.623+0000] {logging_mixin.py:188} INFO - [2025-11-10T00:50:03.623+0000] {dag.py:3823} INFO - Setting next_dagrun for example_external_task_marker_parent to None, run_after=None
[2025-11-10T00:50:03.649+0000] {processor.py:183} INFO - Processing /home/airflow/.local/lib/python3.8/site-packages/airflow/example_dags/example_external_task_marker_dag.py took 0.101 seconds
[2025-11-10T00:50:33.770+0000] {processor.py:161} INFO - Started process (PID=387) to work on /home/airflow/.local/lib/python3.8/site-packages/airflow/example_dags/example_external_task_marker_dag.py
[2025-11-10T00:50:33.771+0000] {processor.py:830} INFO - Processing file /home/airflow/.local/lib/python3.8/site-packages/airflow/example_dags/example_external_task_marker_dag.py for tasks to queue
[2025-11-10T00:50:33.773+0000] {logging_mixin.py:188} INFO - [2025-11-10T00:50:33.772+0000] {dagbag.py:538} INFO - Filling up the DagBag from /home/airflow/.local/lib/python3.8/site-packages/airflow/example_dags/example_external_task_marker_dag.py
[2025-11-10T00:50:33.784+0000] {processor.py:840} INFO - DAG(s) 'example_external_task_marker_parent', 'example_external_task_marker_child' retrieved from /home/airflow/.local/lib/python3.8/site-packages/airflow/example_dags/example_external_task_marker_dag.py
[2025-11-10T00:50:33.823+0000] {logging_mixin.py:188} INFO - [2025-11-10T00:50:33.822+0000] {dag.py:3036} INFO - Sync 2 DAGs
[2025-11-10T00:50:33.842+0000] {logging_mixin.py:188} INFO - [2025-11-10T00:50:33.842+0000] {dag.py:3823} INFO - Setting next_dagrun for example_external_task_marker_child to None, run_after=None
[2025-11-10T00:50:33.848+0000] {logging_mixin.py:188} INFO - [2025-11-10T00:50:33.848+0000] {dag.py:3823} INFO - Setting next_dagrun for example_external_task_marker_parent to None, run_after=None
[2025-11-10T00:50:33.874+0000] {processor.py:183} INFO - Processing /home/airflow/.local/lib/python3.8/site-packages/airflow/example_dags/example_external_task_marker_dag.py took 0.109 seconds
[2025-11-10T00:51:05.078+0000] {processor.py:161} INFO - Started process (PID=484) to work on /home/airflow/.local/lib/python3.8/site-packages/airflow/example_dags/example_external_task_marker_dag.py
[2025-11-10T00:51:05.079+0000] {processor.py:830} INFO - Processing file /home/airflow/.local/lib/python3.8/site-packages/airflow/example_dags/example_external_task_marker_dag.py for tasks to queue
[2025-11-10T00:51:05.080+0000] {logging_mixin.py:188} INFO - [2025-11-10T00:51:05.080+0000] {dagbag.py:538} INFO - Filling up the DagBag from /home/airflow/.local/lib/python3.8/site-packages/airflow/example_dags/example_external_task_marker_dag.py
[2025-11-10T00:51:05.090+0000] {processor.py:840} INFO - DAG(s) 'example_external_task_marker_child', 'example_external_task_marker_parent' retrieved from /home/airflow/.local/lib/python3.8/site-packages/airflow/example_dags/example_external_task_marker_dag.py
[2025-11-10T00:51:05.154+0000] {logging_mixin.py:188} INFO - [2025-11-10T00:51:05.154+0000] {dag.py:3036} INFO - Sync 2 DAGs
[2025-11-10T00:51:05.180+0000] {logging_mixin.py:188} INFO - [2025-11-10T00:51:05.180+0000] {dag.py:3823} INFO - Setting next_dagrun for example_external_task_marker_child to None, run_after=None
[2025-11-10T00:51:05.187+0000] {logging_mixin.py:188} INFO - [2025-11-10T00:51:05.187+0000] {dag.py:3823} INFO - Setting next_dagrun for example_external_task_marker_parent to None, run_after=None
[2025-11-10T00:51:05.222+0000] {processor.py:183} INFO - Processing /home/airflow/.local/lib/python3.8/site-packages/airflow/example_dags/example_external_task_marker_dag.py took 0.148 seconds
[2025-11-10T00:51:36.014+0000] {processor.py:161} INFO - Started process (PID=581) to work on /home/airflow/.local/lib/python3.8/site-packages/airflow/example_dags/example_external_task_marker_dag.py
[2025-11-10T00:51:36.017+0000] {processor.py:830} INFO - Processing file /home/airflow/.local/lib/python3.8/site-packages/airflow/example_dags/example_external_task_marker_dag.py for tasks to queue
[2025-11-10T00:51:36.020+0000] {logging_mixin.py:188} INFO - [2025-11-10T00:51:36.019+0000] {dagbag.py:538} INFO - Filling up the DagBag from /home/airflow/.local/lib/python3.8/site-packages/airflow/example_dags/example_external_task_marker_dag.py
[2025-11-10T00:51:36.032+0000] {processor.py:840} INFO - DAG(s) 'example_external_task_marker_child', 'example_external_task_marker_parent' retrieved from /home/airflow/.local/lib/python3.8/site-packages/airflow/example_dags/example_external_task_marker_dag.py
[2025-11-10T00:51:36.087+0000] {logging_mixin.py:188} INFO - [2025-11-10T00:51:36.086+0000] {dag.py:3036} INFO - Sync 2 DAGs
[2025-11-10T00:51:36.114+0000] {logging_mixin.py:188} INFO - [2025-11-10T00:51:36.114+0000] {dag.py:3823} INFO - Setting next_dagrun for example_external_task_marker_child to None, run_after=None
[2025-11-10T00:51:36.122+0000] {logging_mixin.py:188} INFO - [2025-11-10T00:51:36.122+0000] {dag.py:3823} INFO - Setting next_dagrun for example_external_task_marker_parent to None, run_after=None
[2025-11-10T00:51:36.157+0000] {processor.py:183} INFO - Processing /home/airflow/.local/lib/python3.8/site-packages/airflow/example_dags/example_external_task_marker_dag.py took 0.148 seconds
[2025-11-10T00:52:07.120+0000] {processor.py:161} INFO - Started process (PID=686) to work on /home/airflow/.local/lib/python3.8/site-packages/airflow/example_dags/example_external_task_marker_dag.py
[2025-11-10T00:52:07.122+0000] {processor.py:830} INFO - Processing file /home/airflow/.local/lib/python3.8/site-packages/airflow/example_dags/example_external_task_marker_dag.py for tasks to queue
[2025-11-10T00:52:07.123+0000] {logging_mixin.py:188} INFO - [2025-11-10T00:52:07.123+0000] {dagbag.py:538} INFO - Filling up the DagBag from /home/airflow/.local/lib/python3.8/site-packages/airflow/example_dags/example_external_task_marker_dag.py
[2025-11-10T00:52:07.132+0000] {processor.py:840} INFO - DAG(s) 'example_external_task_marker_parent', 'example_external_task_marker_child' retrieved from /home/airflow/.local/lib/python3.8/site-packages/airflow/example_dags/example_external_task_marker_dag.py
[2025-11-10T00:52:07.188+0000] {logging_mixin.py:188} INFO - [2025-11-10T00:52:07.187+0000] {dag.py:3036} INFO - Sync 2 DAGs
[2025-11-10T00:52:07.213+0000] {logging_mixin.py:188} INFO - [2025-11-10T00:52:07.213+0000] {dag.py:3823} INFO - Setting next_dagrun for example_external_task_marker_child to None, run_after=None
[2025-11-10T00:52:07.220+0000] {logging_mixin.py:188} INFO - [2025-11-10T00:52:07.220+0000] {dag.py:3823} INFO - Setting next_dagrun for example_external_task_marker_parent to None, run_after=None
[2025-11-10T00:52:07.256+0000] {processor.py:183} INFO - Processing /home/airflow/.local/lib/python3.8/site-packages/airflow/example_dags/example_external_task_marker_dag.py took 0.140 seconds
[2025-11-10T00:52:38.234+0000] {processor.py:161} INFO - Started process (PID=798) to work on /home/airflow/.local/lib/python3.8/site-packages/airflow/example_dags/example_external_task_marker_dag.py
[2025-11-10T00:52:38.236+0000] {processor.py:830} INFO - Processing file /home/airflow/.local/lib/python3.8/site-packages/airflow/example_dags/example_external_task_marker_dag.py for tasks to queue
[2025-11-10T00:52:38.245+0000] {logging_mixin.py:188} INFO - [2025-11-10T00:52:38.244+0000] {dagbag.py:538} INFO - Filling up the DagBag from /home/airflow/.local/lib/python3.8/site-packages/airflow/example_dags/example_external_task_marker_dag.py
[2025-11-10T00:52:38.269+0000] {processor.py:840} INFO - DAG(s) 'example_external_task_marker_parent', 'example_external_task_marker_child' retrieved from /home/airflow/.local/lib/python3.8/site-packages/airflow/example_dags/example_external_task_marker_dag.py
[2025-11-10T00:52:38.323+0000] {logging_mixin.py:188} INFO - [2025-11-10T00:52:38.322+0000] {dag.py:3036} INFO - Sync 2 DAGs
[2025-11-10T00:52:38.347+0000] {logging_mixin.py:188} INFO - [2025-11-10T00:52:38.346+0000] {dag.py:3823} INFO - Setting next_dagrun for example_external_task_marker_child to None, run_after=None
[2025-11-10T00:52:38.353+0000] {logging_mixin.py:188} INFO - [2025-11-10T00:52:38.353+0000] {dag.py:3823} INFO - Setting next_dagrun for example_external_task_marker_parent to None, run_after=None
[2025-11-10T00:52:38.385+0000] {processor.py:183} INFO - Processing /home/airflow/.local/lib/python3.8/site-packages/airflow/example_dags/example_external_task_marker_dag.py took 0.157 seconds
[2025-11-10T00:53:08.464+0000] {processor.py:161} INFO - Started process (PID=895) to work on /home/airflow/.local/lib/python3.8/site-packages/airflow/example_dags/example_external_task_marker_dag.py
[2025-11-10T00:53:08.465+0000] {processor.py:830} INFO - Processing file /home/airflow/.local/lib/python3.8/site-packages/airflow/example_dags/example_external_task_marker_dag.py for tasks to queue
[2025-11-10T00:53:08.467+0000] {logging_mixin.py:188} INFO - [2025-11-10T00:53:08.467+0000] {dagbag.py:538} INFO - Filling up the DagBag from /home/airflow/.local/lib/python3.8/site-packages/airflow/example_dags/example_external_task_marker_dag.py
[2025-11-10T00:53:08.475+0000] {processor.py:840} INFO - DAG(s) 'example_external_task_marker_parent', 'example_external_task_marker_child' retrieved from /home/airflow/.local/lib/python3.8/site-packages/airflow/example_dags/example_external_task_marker_dag.py
[2025-11-10T00:53:08.527+0000] {logging_mixin.py:188} INFO - [2025-11-10T00:53:08.526+0000] {dag.py:3036} INFO - Sync 2 DAGs
[2025-11-10T00:53:08.552+0000] {logging_mixin.py:188} INFO - [2025-11-10T00:53:08.552+0000] {dag.py:3823} INFO - Setting next_dagrun for example_external_task_marker_child to None, run_after=None
[2025-11-10T00:53:08.565+0000] {logging_mixin.py:188} INFO - [2025-11-10T00:53:08.564+0000] {dag.py:3823} INFO - Setting next_dagrun for example_external_task_marker_parent to None, run_after=None
[2025-11-10T00:53:08.596+0000] {processor.py:183} INFO - Processing /home/airflow/.local/lib/python3.8/site-packages/airflow/example_dags/example_external_task_marker_dag.py took 0.135 seconds
[2025-11-10T00:53:38.754+0000] {processor.py:161} INFO - Started process (PID=991) to work on /home/airflow/.local/lib/python3.8/site-packages/airflow/example_dags/example_external_task_marker_dag.py
[2025-11-10T00:53:38.756+0000] {processor.py:830} INFO - Processing file /home/airflow/.local/lib/python3.8/site-packages/airflow/example_dags/example_external_task_marker_dag.py for tasks to queue
[2025-11-10T00:53:38.759+0000] {logging_mixin.py:188} INFO - [2025-11-10T00:53:38.758+0000] {dagbag.py:538} INFO - Filling up the DagBag from /home/airflow/.local/lib/python3.8/site-packages/airflow/example_dags/example_external_task_marker_dag.py
[2025-11-10T00:53:38.771+0000] {processor.py:840} INFO - DAG(s) 'example_external_task_marker_parent', 'example_external_task_marker_child' retrieved from /home/airflow/.local/lib/python3.8/site-packages/airflow/example_dags/example_external_task_marker_dag.py
[2025-11-10T00:53:38.824+0000] {logging_mixin.py:188} INFO - [2025-11-10T00:53:38.824+0000] {dag.py:3036} INFO - Sync 2 DAGs
[2025-11-10T00:53:38.845+0000] {logging_mixin.py:188} INFO - [2025-11-10T00:53:38.844+0000] {dag.py:3823} INFO - Setting next_dagrun for example_external_task_marker_child to None, run_after=None
[2025-11-10T00:53:38.864+0000] {logging_mixin.py:188} INFO - [2025-11-10T00:53:38.864+0000] {dag.py:3823} INFO - Setting next_dagrun for example_external_task_marker_parent to None, run_after=None
[2025-11-10T00:53:38.913+0000] {processor.py:183} INFO - Processing /home/airflow/.local/lib/python3.8/site-packages/airflow/example_dags/example_external_task_marker_dag.py took 0.166 seconds
[2025-11-10T00:54:09.926+0000] {processor.py:161} INFO - Started process (PID=1088) to work on /home/airflow/.local/lib/python3.8/site-packages/airflow/example_dags/example_external_task_marker_dag.py
[2025-11-10T00:54:09.927+0000] {processor.py:830} INFO - Processing file /home/airflow/.local/lib/python3.8/site-packages/airflow/example_dags/example_external_task_marker_dag.py for tasks to queue
[2025-11-10T00:54:09.929+0000] {logging_mixin.py:188} INFO - [2025-11-10T00:54:09.928+0000] {dagbag.py:538} INFO - Filling up the DagBag from /home/airflow/.local/lib/python3.8/site-packages/airflow/example_dags/example_external_task_marker_dag.py
[2025-11-10T00:54:09.942+0000] {processor.py:840} INFO - DAG(s) 'example_external_task_marker_parent', 'example_external_task_marker_child' retrieved from /home/airflow/.local/lib/python3.8/site-packages/airflow/example_dags/example_external_task_marker_dag.py
[2025-11-10T00:54:09.989+0000] {logging_mixin.py:188} INFO - [2025-11-10T00:54:09.988+0000] {dag.py:3036} INFO - Sync 2 DAGs
[2025-11-10T00:54:10.010+0000] {logging_mixin.py:188} INFO - [2025-11-10T00:54:10.009+0000] {dag.py:3823} INFO - Setting next_dagrun for example_external_task_marker_child to None, run_after=None
[2025-11-10T00:54:10.017+0000] {logging_mixin.py:188} INFO - [2025-11-10T00:54:10.016+0000] {dag.py:3823} INFO - Setting next_dagrun for example_external_task_marker_parent to None, run_after=None
[2025-11-10T00:54:10.051+0000] {processor.py:183} INFO - Processing /home/airflow/.local/lib/python3.8/site-packages/airflow/example_dags/example_external_task_marker_dag.py took 0.131 seconds
[2025-11-10T00:54:40.400+0000] {processor.py:161} INFO - Started process (PID=1185) to work on /home/airflow/.local/lib/python3.8/site-packages/airflow/example_dags/example_external_task_marker_dag.py
[2025-11-10T00:54:40.401+0000] {processor.py:830} INFO - Processing file /home/airflow/.local/lib/python3.8/site-packages/airflow/example_dags/example_external_task_marker_dag.py for tasks to queue
[2025-11-10T00:54:40.404+0000] {logging_mixin.py:188} INFO - [2025-11-10T00:54:40.403+0000] {dagbag.py:538} INFO - Filling up the DagBag from /home/airflow/.local/lib/python3.8/site-packages/airflow/example_dags/example_external_task_marker_dag.py
[2025-11-10T00:54:40.414+0000] {processor.py:840} INFO - DAG(s) 'example_external_task_marker_child', 'example_external_task_marker_parent' retrieved from /home/airflow/.local/lib/python3.8/site-packages/airflow/example_dags/example_external_task_marker_dag.py
[2025-11-10T00:54:40.459+0000] {logging_mixin.py:188} INFO - [2025-11-10T00:54:40.459+0000] {dag.py:3036} INFO - Sync 2 DAGs
[2025-11-10T00:54:40.478+0000] {logging_mixin.py:188} INFO - [2025-11-10T00:54:40.477+0000] {dag.py:3823} INFO - Setting next_dagrun for example_external_task_marker_child to None, run_after=None
[2025-11-10T00:54:40.484+0000] {logging_mixin.py:188} INFO - [2025-11-10T00:54:40.483+0000] {dag.py:3823} INFO - Setting next_dagrun for example_external_task_marker_parent to None, run_after=None
[2025-11-10T00:54:40.512+0000] {processor.py:183} INFO - Processing /home/airflow/.local/lib/python3.8/site-packages/airflow/example_dags/example_external_task_marker_dag.py took 0.117 seconds
[2025-11-10T00:55:10.714+0000] {processor.py:161} INFO - Started process (PID=1282) to work on /home/airflow/.local/lib/python3.8/site-packages/airflow/example_dags/example_external_task_marker_dag.py
[2025-11-10T00:55:10.715+0000] {processor.py:830} INFO - Processing file /home/airflow/.local/lib/python3.8/site-packages/airflow/example_dags/example_external_task_marker_dag.py for tasks to queue
[2025-11-10T00:55:10.717+0000] {logging_mixin.py:188} INFO - [2025-11-10T00:55:10.716+0000] {dagbag.py:538} INFO - Filling up the DagBag from /home/airflow/.local/lib/python3.8/site-packages/airflow/example_dags/example_external_task_marker_dag.py
[2025-11-10T00:55:10.727+0000] {processor.py:840} INFO - DAG(s) 'example_external_task_marker_parent', 'example_external_task_marker_child' retrieved from /home/airflow/.local/lib/python3.8/site-packages/airflow/example_dags/example_external_task_marker_dag.py
[2025-11-10T00:55:10.770+0000] {logging_mixin.py:188} INFO - [2025-11-10T00:55:10.769+0000] {dag.py:3036} INFO - Sync 2 DAGs
[2025-11-10T00:55:10.788+0000] {logging_mixin.py:188} INFO - [2025-11-10T00:55:10.787+0000] {dag.py:3823} INFO - Setting next_dagrun for example_external_task_marker_child to None, run_after=None
[2025-11-10T00:55:10.794+0000] {logging_mixin.py:188} INFO - [2025-11-10T00:55:10.793+0000] {dag.py:3823} INFO - Setting next_dagrun for example_external_task_marker_parent to None, run_after=None
[2025-11-10T00:55:10.822+0000] {processor.py:183} INFO - Processing /home/airflow/.local/lib/python3.8/site-packages/airflow/example_dags/example_external_task_marker_dag.py took 0.112 seconds
[2025-11-10T00:55:42.177+0000] {processor.py:161} INFO - Started process (PID=1379) to work on /home/airflow/.local/lib/python3.8/site-packages/airflow/example_dags/example_external_task_marker_dag.py
[2025-11-10T00:55:42.179+0000] {processor.py:830} INFO - Processing file /home/airflow/.local/lib/python3.8/site-packages/airflow/example_dags/example_external_task_marker_dag.py for tasks to queue
[2025-11-10T00:55:42.183+0000] {logging_mixin.py:188} INFO - [2025-11-10T00:55:42.181+0000] {dagbag.py:538} INFO - Filling up the DagBag from /home/airflow/.local/lib/python3.8/site-packages/airflow/example_dags/example_external_task_marker_dag.py
[2025-11-10T00:55:42.203+0000] {processor.py:840} INFO - DAG(s) 'example_external_task_marker_child', 'example_external_task_marker_parent' retrieved from /home/airflow/.local/lib/python3.8/site-packages/airflow/example_dags/example_external_task_marker_dag.py
[2025-11-10T00:55:42.271+0000] {logging_mixin.py:188} INFO - [2025-11-10T00:55:42.270+0000] {dag.py:3036} INFO - Sync 2 DAGs
[2025-11-10T00:55:42.297+0000] {logging_mixin.py:188} INFO - [2025-11-10T00:55:42.297+0000] {dag.py:3823} INFO - Setting next_dagrun for example_external_task_marker_child to None, run_after=None
[2025-11-10T00:55:42.304+0000] {logging_mixin.py:188} INFO - [2025-11-10T00:55:42.304+0000] {dag.py:3823} INFO - Setting next_dagrun for example_external_task_marker_parent to None, run_after=None
[2025-11-10T00:55:42.345+0000] {processor.py:183} INFO - Processing /home/airflow/.local/lib/python3.8/site-packages/airflow/example_dags/example_external_task_marker_dag.py took 0.174 seconds
[2025-11-10T00:56:12.667+0000] {processor.py:161} INFO - Started process (PID=1476) to work on /home/airflow/.local/lib/python3.8/site-packages/airflow/example_dags/example_external_task_marker_dag.py
[2025-11-10T00:56:12.669+0000] {processor.py:830} INFO - Processing file /home/airflow/.local/lib/python3.8/site-packages/airflow/example_dags/example_external_task_marker_dag.py for tasks to queue
[2025-11-10T00:56:12.671+0000] {logging_mixin.py:188} INFO - [2025-11-10T00:56:12.670+0000] {dagbag.py:538} INFO - Filling up the DagBag from /home/airflow/.local/lib/python3.8/site-packages/airflow/example_dags/example_external_task_marker_dag.py
[2025-11-10T00:56:12.679+0000] {processor.py:840} INFO - DAG(s) 'example_external_task_marker_parent', 'example_external_task_marker_child' retrieved from /home/airflow/.local/lib/python3.8/site-packages/airflow/example_dags/example_external_task_marker_dag.py
[2025-11-10T00:56:12.726+0000] {logging_mixin.py:188} INFO - [2025-11-10T00:56:12.726+0000] {dag.py:3036} INFO - Sync 2 DAGs
[2025-11-10T00:56:12.748+0000] {logging_mixin.py:188} INFO - [2025-11-10T00:56:12.747+0000] {dag.py:3823} INFO - Setting next_dagrun for example_external_task_marker_child to None, run_after=None
[2025-11-10T00:56:12.753+0000] {logging_mixin.py:188} INFO - [2025-11-10T00:56:12.753+0000] {dag.py:3823} INFO - Setting next_dagrun for example_external_task_marker_parent to None, run_after=None
[2025-11-10T00:56:12.784+0000] {processor.py:183} INFO - Processing /home/airflow/.local/lib/python3.8/site-packages/airflow/example_dags/example_external_task_marker_dag.py took 0.122 seconds
[2025-11-10T00:56:44.015+0000] {processor.py:161} INFO - Started process (PID=1573) to work on /home/airflow/.local/lib/python3.8/site-packages/airflow/example_dags/example_external_task_marker_dag.py
[2025-11-10T00:56:44.017+0000] {processor.py:830} INFO - Processing file /home/airflow/.local/lib/python3.8/site-packages/airflow/example_dags/example_external_task_marker_dag.py for tasks to queue
[2025-11-10T00:56:44.018+0000] {logging_mixin.py:188} INFO - [2025-11-10T00:56:44.018+0000] {dagbag.py:538} INFO - Filling up the DagBag from /home/airflow/.local/lib/python3.8/site-packages/airflow/example_dags/example_external_task_marker_dag.py
[2025-11-10T00:56:44.031+0000] {processor.py:840} INFO - DAG(s) 'example_external_task_marker_child', 'example_external_task_marker_parent' retrieved from /home/airflow/.local/lib/python3.8/site-packages/airflow/example_dags/example_external_task_marker_dag.py
[2025-11-10T00:56:44.081+0000] {logging_mixin.py:188} INFO - [2025-11-10T00:56:44.081+0000] {dag.py:3036} INFO - Sync 2 DAGs
[2025-11-10T00:56:44.106+0000] {logging_mixin.py:188} INFO - [2025-11-10T00:56:44.105+0000] {dag.py:3823} INFO - Setting next_dagrun for example_external_task_marker_child to None, run_after=None
[2025-11-10T00:56:44.113+0000] {logging_mixin.py:188} INFO - [2025-11-10T00:56:44.112+0000] {dag.py:3823} INFO - Setting next_dagrun for example_external_task_marker_parent to None, run_after=None
[2025-11-10T00:56:44.146+0000] {processor.py:183} INFO - Processing /home/airflow/.local/lib/python3.8/site-packages/airflow/example_dags/example_external_task_marker_dag.py took 0.135 seconds
[2025-11-10T00:57:14.306+0000] {processor.py:161} INFO - Started process (PID=1670) to work on /home/airflow/.local/lib/python3.8/site-packages/airflow/example_dags/example_external_task_marker_dag.py
[2025-11-10T00:57:14.309+0000] {processor.py:830} INFO - Processing file /home/airflow/.local/lib/python3.8/site-packages/airflow/example_dags/example_external_task_marker_dag.py for tasks to queue
[2025-11-10T00:57:14.312+0000] {logging_mixin.py:188} INFO - [2025-11-10T00:57:14.312+0000] {dagbag.py:538} INFO - Filling up the DagBag from /home/airflow/.local/lib/python3.8/site-packages/airflow/example_dags/example_external_task_marker_dag.py
[2025-11-10T00:57:14.328+0000] {processor.py:840} INFO - DAG(s) 'example_external_task_marker_child', 'example_external_task_marker_parent' retrieved from /home/airflow/.local/lib/python3.8/site-packages/airflow/example_dags/example_external_task_marker_dag.py
[2025-11-10T00:57:14.379+0000] {logging_mixin.py:188} INFO - [2025-11-10T00:57:14.379+0000] {dag.py:3036} INFO - Sync 2 DAGs
[2025-11-10T00:57:14.398+0000] {logging_mixin.py:188} INFO - [2025-11-10T00:57:14.398+0000] {dag.py:3823} INFO - Setting next_dagrun for example_external_task_marker_child to None, run_after=None
[2025-11-10T00:57:14.407+0000] {logging_mixin.py:188} INFO - [2025-11-10T00:57:14.406+0000] {dag.py:3823} INFO - Setting next_dagrun for example_external_task_marker_parent to None, run_after=None
[2025-11-10T00:57:14.439+0000] {processor.py:183} INFO - Processing /home/airflow/.local/lib/python3.8/site-packages/airflow/example_dags/example_external_task_marker_dag.py took 0.138 seconds
[2025-11-10T00:57:44.704+0000] {processor.py:161} INFO - Started process (PID=1775) to work on /home/airflow/.local/lib/python3.8/site-packages/airflow/example_dags/example_external_task_marker_dag.py
[2025-11-10T00:57:44.706+0000] {processor.py:830} INFO - Processing file /home/airflow/.local/lib/python3.8/site-packages/airflow/example_dags/example_external_task_marker_dag.py for tasks to queue
[2025-11-10T00:57:44.709+0000] {logging_mixin.py:188} INFO - [2025-11-10T00:57:44.708+0000] {dagbag.py:538} INFO - Filling up the DagBag from /home/airflow/.local/lib/python3.8/site-packages/airflow/example_dags/example_external_task_marker_dag.py
[2025-11-10T00:57:44.721+0000] {processor.py:840} INFO - DAG(s) 'example_external_task_marker_child', 'example_external_task_marker_parent' retrieved from /home/airflow/.local/lib/python3.8/site-packages/airflow/example_dags/example_external_task_marker_dag.py
[2025-11-10T00:57:44.764+0000] {logging_mixin.py:188} INFO - [2025-11-10T00:57:44.763+0000] {dag.py:3036} INFO - Sync 2 DAGs
[2025-11-10T00:57:44.787+0000] {logging_mixin.py:188} INFO - [2025-11-10T00:57:44.787+0000] {dag.py:3823} INFO - Setting next_dagrun for example_external_task_marker_child to None, run_after=None
[2025-11-10T00:57:44.793+0000] {logging_mixin.py:188} INFO - [2025-11-10T00:57:44.792+0000] {dag.py:3823} INFO - Setting next_dagrun for example_external_task_marker_parent to None, run_after=None
[2025-11-10T00:57:44.825+0000] {processor.py:183} INFO - Processing /home/airflow/.local/lib/python3.8/site-packages/airflow/example_dags/example_external_task_marker_dag.py took 0.125 seconds
[2025-11-10T00:58:14.964+0000] {processor.py:161} INFO - Started process (PID=1887) to work on /home/airflow/.local/lib/python3.8/site-packages/airflow/example_dags/example_external_task_marker_dag.py
[2025-11-10T00:58:14.965+0000] {processor.py:830} INFO - Processing file /home/airflow/.local/lib/python3.8/site-packages/airflow/example_dags/example_external_task_marker_dag.py for tasks to queue
[2025-11-10T00:58:14.967+0000] {logging_mixin.py:188} INFO - [2025-11-10T00:58:14.966+0000] {dagbag.py:538} INFO - Filling up the DagBag from /home/airflow/.local/lib/python3.8/site-packages/airflow/example_dags/example_external_task_marker_dag.py
[2025-11-10T00:58:14.976+0000] {processor.py:840} INFO - DAG(s) 'example_external_task_marker_parent', 'example_external_task_marker_child' retrieved from /home/airflow/.local/lib/python3.8/site-packages/airflow/example_dags/example_external_task_marker_dag.py
[2025-11-10T00:58:15.017+0000] {logging_mixin.py:188} INFO - [2025-11-10T00:58:15.017+0000] {dag.py:3036} INFO - Sync 2 DAGs
[2025-11-10T00:58:15.036+0000] {logging_mixin.py:188} INFO - [2025-11-10T00:58:15.036+0000] {dag.py:3823} INFO - Setting next_dagrun for example_external_task_marker_child to None, run_after=None
[2025-11-10T00:58:15.043+0000] {logging_mixin.py:188} INFO - [2025-11-10T00:58:15.043+0000] {dag.py:3823} INFO - Setting next_dagrun for example_external_task_marker_parent to None, run_after=None
[2025-11-10T00:58:15.075+0000] {processor.py:183} INFO - Processing /home/airflow/.local/lib/python3.8/site-packages/airflow/example_dags/example_external_task_marker_dag.py took 0.115 seconds
[2025-11-10T00:58:46.033+0000] {processor.py:161} INFO - Started process (PID=1984) to work on /home/airflow/.local/lib/python3.8/site-packages/airflow/example_dags/example_external_task_marker_dag.py
[2025-11-10T00:58:46.035+0000] {processor.py:830} INFO - Processing file /home/airflow/.local/lib/python3.8/site-packages/airflow/example_dags/example_external_task_marker_dag.py for tasks to queue
[2025-11-10T00:58:46.037+0000] {logging_mixin.py:188} INFO - [2025-11-10T00:58:46.037+0000] {dagbag.py:538} INFO - Filling up the DagBag from /home/airflow/.local/lib/python3.8/site-packages/airflow/example_dags/example_external_task_marker_dag.py
[2025-11-10T00:58:46.048+0000] {processor.py:840} INFO - DAG(s) 'example_external_task_marker_child', 'example_external_task_marker_parent' retrieved from /home/airflow/.local/lib/python3.8/site-packages/airflow/example_dags/example_external_task_marker_dag.py
[2025-11-10T00:58:46.097+0000] {logging_mixin.py:188} INFO - [2025-11-10T00:58:46.097+0000] {dag.py:3036} INFO - Sync 2 DAGs
[2025-11-10T00:58:46.136+0000] {logging_mixin.py:188} INFO - [2025-11-10T00:58:46.135+0000] {dag.py:3823} INFO - Setting next_dagrun for example_external_task_marker_child to None, run_after=None
[2025-11-10T00:58:46.144+0000] {logging_mixin.py:188} INFO - [2025-11-10T00:58:46.143+0000] {dag.py:3823} INFO - Setting next_dagrun for example_external_task_marker_parent to None, run_after=None
[2025-11-10T00:58:46.186+0000] {processor.py:183} INFO - Processing /home/airflow/.local/lib/python3.8/site-packages/airflow/example_dags/example_external_task_marker_dag.py took 0.161 seconds
[2025-11-10T00:59:16.402+0000] {processor.py:161} INFO - Started process (PID=2081) to work on /home/airflow/.local/lib/python3.8/site-packages/airflow/example_dags/example_external_task_marker_dag.py
[2025-11-10T00:59:16.404+0000] {processor.py:830} INFO - Processing file /home/airflow/.local/lib/python3.8/site-packages/airflow/example_dags/example_external_task_marker_dag.py for tasks to queue
[2025-11-10T00:59:16.405+0000] {logging_mixin.py:188} INFO - [2025-11-10T00:59:16.404+0000] {dagbag.py:538} INFO - Filling up the DagBag from /home/airflow/.local/lib/python3.8/site-packages/airflow/example_dags/example_external_task_marker_dag.py
[2025-11-10T00:59:16.414+0000] {processor.py:840} INFO - DAG(s) 'example_external_task_marker_child', 'example_external_task_marker_parent' retrieved from /home/airflow/.local/lib/python3.8/site-packages/airflow/example_dags/example_external_task_marker_dag.py
[2025-11-10T00:59:16.449+0000] {logging_mixin.py:188} INFO - [2025-11-10T00:59:16.448+0000] {dag.py:3036} INFO - Sync 2 DAGs
[2025-11-10T00:59:16.466+0000] {logging_mixin.py:188} INFO - [2025-11-10T00:59:16.465+0000] {dag.py:3823} INFO - Setting next_dagrun for example_external_task_marker_child to None, run_after=None
[2025-11-10T00:59:16.471+0000] {logging_mixin.py:188} INFO - [2025-11-10T00:59:16.471+0000] {dag.py:3823} INFO - Setting next_dagrun for example_external_task_marker_parent to None, run_after=None
[2025-11-10T00:59:16.495+0000] {processor.py:183} INFO - Processing /home/airflow/.local/lib/python3.8/site-packages/airflow/example_dags/example_external_task_marker_dag.py took 0.096 seconds
[2025-11-10T00:59:47.417+0000] {processor.py:161} INFO - Started process (PID=2177) to work on /home/airflow/.local/lib/python3.8/site-packages/airflow/example_dags/example_external_task_marker_dag.py
[2025-11-10T00:59:47.418+0000] {processor.py:830} INFO - Processing file /home/airflow/.local/lib/python3.8/site-packages/airflow/example_dags/example_external_task_marker_dag.py for tasks to queue
[2025-11-10T00:59:47.419+0000] {logging_mixin.py:188} INFO - [2025-11-10T00:59:47.419+0000] {dagbag.py:538} INFO - Filling up the DagBag from /home/airflow/.local/lib/python3.8/site-packages/airflow/example_dags/example_external_task_marker_dag.py
[2025-11-10T00:59:47.427+0000] {processor.py:840} INFO - DAG(s) 'example_external_task_marker_child', 'example_external_task_marker_parent' retrieved from /home/airflow/.local/lib/python3.8/site-packages/airflow/example_dags/example_external_task_marker_dag.py
[2025-11-10T00:59:47.461+0000] {logging_mixin.py:188} INFO - [2025-11-10T00:59:47.460+0000] {dag.py:3036} INFO - Sync 2 DAGs
[2025-11-10T00:59:47.476+0000] {logging_mixin.py:188} INFO - [2025-11-10T00:59:47.475+0000] {dag.py:3823} INFO - Setting next_dagrun for example_external_task_marker_child to None, run_after=None
[2025-11-10T00:59:47.481+0000] {logging_mixin.py:188} INFO - [2025-11-10T00:59:47.481+0000] {dag.py:3823} INFO - Setting next_dagrun for example_external_task_marker_parent to None, run_after=None
[2025-11-10T00:59:47.502+0000] {processor.py:183} INFO - Processing /home/airflow/.local/lib/python3.8/site-packages/airflow/example_dags/example_external_task_marker_dag.py took 0.089 seconds
[2025-11-10T01:00:17.717+0000] {processor.py:161} INFO - Started process (PID=2274) to work on /home/airflow/.local/lib/python3.8/site-packages/airflow/example_dags/example_external_task_marker_dag.py
[2025-11-10T01:00:17.718+0000] {processor.py:830} INFO - Processing file /home/airflow/.local/lib/python3.8/site-packages/airflow/example_dags/example_external_task_marker_dag.py for tasks to queue
[2025-11-10T01:00:17.719+0000] {logging_mixin.py:188} INFO - [2025-11-10T01:00:17.719+0000] {dagbag.py:538} INFO - Filling up the DagBag from /home/airflow/.local/lib/python3.8/site-packages/airflow/example_dags/example_external_task_marker_dag.py
[2025-11-10T01:00:17.727+0000] {processor.py:840} INFO - DAG(s) 'example_external_task_marker_child', 'example_external_task_marker_parent' retrieved from /home/airflow/.local/lib/python3.8/site-packages/airflow/example_dags/example_external_task_marker_dag.py
[2025-11-10T01:00:17.763+0000] {logging_mixin.py:188} INFO - [2025-11-10T01:00:17.763+0000] {dag.py:3036} INFO - Sync 2 DAGs
[2025-11-10T01:00:17.777+0000] {logging_mixin.py:188} INFO - [2025-11-10T01:00:17.777+0000] {dag.py:3823} INFO - Setting next_dagrun for example_external_task_marker_child to None, run_after=None
[2025-11-10T01:00:17.782+0000] {logging_mixin.py:188} INFO - [2025-11-10T01:00:17.782+0000] {dag.py:3823} INFO - Setting next_dagrun for example_external_task_marker_parent to None, run_after=None
[2025-11-10T01:00:17.803+0000] {processor.py:183} INFO - Processing /home/airflow/.local/lib/python3.8/site-packages/airflow/example_dags/example_external_task_marker_dag.py took 0.090 seconds
[2025-11-10T01:00:48.250+0000] {processor.py:161} INFO - Started process (PID=2379) to work on /home/airflow/.local/lib/python3.8/site-packages/airflow/example_dags/example_external_task_marker_dag.py
[2025-11-10T01:00:48.251+0000] {processor.py:830} INFO - Processing file /home/airflow/.local/lib/python3.8/site-packages/airflow/example_dags/example_external_task_marker_dag.py for tasks to queue
[2025-11-10T01:00:48.253+0000] {logging_mixin.py:188} INFO - [2025-11-10T01:00:48.252+0000] {dagbag.py:538} INFO - Filling up the DagBag from /home/airflow/.local/lib/python3.8/site-packages/airflow/example_dags/example_external_task_marker_dag.py
[2025-11-10T01:00:48.263+0000] {processor.py:840} INFO - DAG(s) 'example_external_task_marker_child', 'example_external_task_marker_parent' retrieved from /home/airflow/.local/lib/python3.8/site-packages/airflow/example_dags/example_external_task_marker_dag.py
[2025-11-10T01:00:48.304+0000] {logging_mixin.py:188} INFO - [2025-11-10T01:00:48.304+0000] {dag.py:3036} INFO - Sync 2 DAGs
[2025-11-10T01:00:48.325+0000] {logging_mixin.py:188} INFO - [2025-11-10T01:00:48.325+0000] {dag.py:3823} INFO - Setting next_dagrun for example_external_task_marker_child to None, run_after=None
[2025-11-10T01:00:48.330+0000] {logging_mixin.py:188} INFO - [2025-11-10T01:00:48.330+0000] {dag.py:3823} INFO - Setting next_dagrun for example_external_task_marker_parent to None, run_after=None
[2025-11-10T01:00:48.355+0000] {processor.py:183} INFO - Processing /home/airflow/.local/lib/python3.8/site-packages/airflow/example_dags/example_external_task_marker_dag.py took 0.114 seconds
[2025-11-10T01:01:19.022+0000] {processor.py:161} INFO - Started process (PID=2491) to work on /home/airflow/.local/lib/python3.8/site-packages/airflow/example_dags/example_external_task_marker_dag.py
[2025-11-10T01:01:19.027+0000] {processor.py:830} INFO - Processing file /home/airflow/.local/lib/python3.8/site-packages/airflow/example_dags/example_external_task_marker_dag.py for tasks to queue
[2025-11-10T01:01:19.030+0000] {logging_mixin.py:188} INFO - [2025-11-10T01:01:19.029+0000] {dagbag.py:538} INFO - Filling up the DagBag from /home/airflow/.local/lib/python3.8/site-packages/airflow/example_dags/example_external_task_marker_dag.py
[2025-11-10T01:01:19.041+0000] {processor.py:840} INFO - DAG(s) 'example_external_task_marker_parent', 'example_external_task_marker_child' retrieved from /home/airflow/.local/lib/python3.8/site-packages/airflow/example_dags/example_external_task_marker_dag.py
[2025-11-10T01:01:19.097+0000] {logging_mixin.py:188} INFO - [2025-11-10T01:01:19.096+0000] {dag.py:3036} INFO - Sync 2 DAGs
[2025-11-10T01:01:19.117+0000] {logging_mixin.py:188} INFO - [2025-11-10T01:01:19.116+0000] {dag.py:3823} INFO - Setting next_dagrun for example_external_task_marker_child to None, run_after=None
[2025-11-10T01:01:19.122+0000] {logging_mixin.py:188} INFO - [2025-11-10T01:01:19.122+0000] {dag.py:3823} INFO - Setting next_dagrun for example_external_task_marker_parent to None, run_after=None
[2025-11-10T01:01:19.156+0000] {processor.py:183} INFO - Processing /home/airflow/.local/lib/python3.8/site-packages/airflow/example_dags/example_external_task_marker_dag.py took 0.141 seconds
[2025-11-10T01:01:49.567+0000] {processor.py:161} INFO - Started process (PID=2588) to work on /home/airflow/.local/lib/python3.8/site-packages/airflow/example_dags/example_external_task_marker_dag.py
[2025-11-10T01:01:49.568+0000] {processor.py:830} INFO - Processing file /home/airflow/.local/lib/python3.8/site-packages/airflow/example_dags/example_external_task_marker_dag.py for tasks to queue
[2025-11-10T01:01:49.569+0000] {logging_mixin.py:188} INFO - [2025-11-10T01:01:49.569+0000] {dagbag.py:538} INFO - Filling up the DagBag from /home/airflow/.local/lib/python3.8/site-packages/airflow/example_dags/example_external_task_marker_dag.py
[2025-11-10T01:01:49.576+0000] {processor.py:840} INFO - DAG(s) 'example_external_task_marker_parent', 'example_external_task_marker_child' retrieved from /home/airflow/.local/lib/python3.8/site-packages/airflow/example_dags/example_external_task_marker_dag.py
[2025-11-10T01:01:49.610+0000] {logging_mixin.py:188} INFO - [2025-11-10T01:01:49.610+0000] {dag.py:3036} INFO - Sync 2 DAGs
[2025-11-10T01:01:49.626+0000] {logging_mixin.py:188} INFO - [2025-11-10T01:01:49.625+0000] {dag.py:3823} INFO - Setting next_dagrun for example_external_task_marker_child to None, run_after=None
[2025-11-10T01:01:49.631+0000] {logging_mixin.py:188} INFO - [2025-11-10T01:01:49.631+0000] {dag.py:3823} INFO - Setting next_dagrun for example_external_task_marker_parent to None, run_after=None
[2025-11-10T01:01:49.655+0000] {processor.py:183} INFO - Processing /home/airflow/.local/lib/python3.8/site-packages/airflow/example_dags/example_external_task_marker_dag.py took 0.095 seconds
[2025-11-10T01:02:20.468+0000] {processor.py:161} INFO - Started process (PID=2685) to work on /home/airflow/.local/lib/python3.8/site-packages/airflow/example_dags/example_external_task_marker_dag.py
[2025-11-10T01:02:20.469+0000] {processor.py:830} INFO - Processing file /home/airflow/.local/lib/python3.8/site-packages/airflow/example_dags/example_external_task_marker_dag.py for tasks to queue
[2025-11-10T01:02:20.471+0000] {logging_mixin.py:188} INFO - [2025-11-10T01:02:20.471+0000] {dagbag.py:538} INFO - Filling up the DagBag from /home/airflow/.local/lib/python3.8/site-packages/airflow/example_dags/example_external_task_marker_dag.py
[2025-11-10T01:02:20.482+0000] {processor.py:840} INFO - DAG(s) 'example_external_task_marker_parent', 'example_external_task_marker_child' retrieved from /home/airflow/.local/lib/python3.8/site-packages/airflow/example_dags/example_external_task_marker_dag.py
[2025-11-10T01:02:20.531+0000] {logging_mixin.py:188} INFO - [2025-11-10T01:02:20.530+0000] {dag.py:3036} INFO - Sync 2 DAGs
[2025-11-10T01:02:20.554+0000] {logging_mixin.py:188} INFO - [2025-11-10T01:02:20.553+0000] {dag.py:3823} INFO - Setting next_dagrun for example_external_task_marker_child to None, run_after=None
[2025-11-10T01:02:20.561+0000] {logging_mixin.py:188} INFO - [2025-11-10T01:02:20.560+0000] {dag.py:3823} INFO - Setting next_dagrun for example_external_task_marker_parent to None, run_after=None
[2025-11-10T01:02:20.597+0000] {processor.py:183} INFO - Processing /home/airflow/.local/lib/python3.8/site-packages/airflow/example_dags/example_external_task_marker_dag.py took 0.133 seconds
[2025-11-10T01:02:51.537+0000] {processor.py:161} INFO - Started process (PID=2782) to work on /home/airflow/.local/lib/python3.8/site-packages/airflow/example_dags/example_external_task_marker_dag.py
[2025-11-10T01:02:51.538+0000] {processor.py:830} INFO - Processing file /home/airflow/.local/lib/python3.8/site-packages/airflow/example_dags/example_external_task_marker_dag.py for tasks to queue
[2025-11-10T01:02:51.539+0000] {logging_mixin.py:188} INFO - [2025-11-10T01:02:51.538+0000] {dagbag.py:538} INFO - Filling up the DagBag from /home/airflow/.local/lib/python3.8/site-packages/airflow/example_dags/example_external_task_marker_dag.py
[2025-11-10T01:02:51.551+0000] {processor.py:840} INFO - DAG(s) 'example_external_task_marker_child', 'example_external_task_marker_parent' retrieved from /home/airflow/.local/lib/python3.8/site-packages/airflow/example_dags/example_external_task_marker_dag.py
[2025-11-10T01:02:51.621+0000] {logging_mixin.py:188} INFO - [2025-11-10T01:02:51.621+0000] {dag.py:3036} INFO - Sync 2 DAGs
[2025-11-10T01:02:51.664+0000] {logging_mixin.py:188} INFO - [2025-11-10T01:02:51.664+0000] {dag.py:3823} INFO - Setting next_dagrun for example_external_task_marker_child to None, run_after=None
[2025-11-10T01:02:51.677+0000] {logging_mixin.py:188} INFO - [2025-11-10T01:02:51.677+0000] {dag.py:3823} INFO - Setting next_dagrun for example_external_task_marker_parent to None, run_after=None
[2025-11-10T01:02:51.716+0000] {processor.py:183} INFO - Processing /home/airflow/.local/lib/python3.8/site-packages/airflow/example_dags/example_external_task_marker_dag.py took 0.184 seconds
[2025-11-10T01:03:21.786+0000] {processor.py:161} INFO - Started process (PID=2887) to work on /home/airflow/.local/lib/python3.8/site-packages/airflow/example_dags/example_external_task_marker_dag.py
[2025-11-10T01:03:21.787+0000] {processor.py:830} INFO - Processing file /home/airflow/.local/lib/python3.8/site-packages/airflow/example_dags/example_external_task_marker_dag.py for tasks to queue
[2025-11-10T01:03:21.788+0000] {logging_mixin.py:188} INFO - [2025-11-10T01:03:21.788+0000] {dagbag.py:538} INFO - Filling up the DagBag from /home/airflow/.local/lib/python3.8/site-packages/airflow/example_dags/example_external_task_marker_dag.py
[2025-11-10T01:03:21.797+0000] {processor.py:840} INFO - DAG(s) 'example_external_task_marker_parent', 'example_external_task_marker_child' retrieved from /home/airflow/.local/lib/python3.8/site-packages/airflow/example_dags/example_external_task_marker_dag.py
[2025-11-10T01:03:21.834+0000] {logging_mixin.py:188} INFO - [2025-11-10T01:03:21.833+0000] {dag.py:3036} INFO - Sync 2 DAGs
[2025-11-10T01:03:21.851+0000] {logging_mixin.py:188} INFO - [2025-11-10T01:03:21.850+0000] {dag.py:3823} INFO - Setting next_dagrun for example_external_task_marker_child to None, run_after=None
[2025-11-10T01:03:21.856+0000] {logging_mixin.py:188} INFO - [2025-11-10T01:03:21.856+0000] {dag.py:3823} INFO - Setting next_dagrun for example_external_task_marker_parent to None, run_after=None
[2025-11-10T01:03:21.886+0000] {processor.py:183} INFO - Processing /home/airflow/.local/lib/python3.8/site-packages/airflow/example_dags/example_external_task_marker_dag.py took 0.104 seconds
[2025-11-10T01:03:52.039+0000] {processor.py:161} INFO - Started process (PID=2999) to work on /home/airflow/.local/lib/python3.8/site-packages/airflow/example_dags/example_external_task_marker_dag.py
[2025-11-10T01:03:52.040+0000] {processor.py:830} INFO - Processing file /home/airflow/.local/lib/python3.8/site-packages/airflow/example_dags/example_external_task_marker_dag.py for tasks to queue
[2025-11-10T01:03:52.041+0000] {logging_mixin.py:188} INFO - [2025-11-10T01:03:52.041+0000] {dagbag.py:538} INFO - Filling up the DagBag from /home/airflow/.local/lib/python3.8/site-packages/airflow/example_dags/example_external_task_marker_dag.py
[2025-11-10T01:03:52.049+0000] {processor.py:840} INFO - DAG(s) 'example_external_task_marker_child', 'example_external_task_marker_parent' retrieved from /home/airflow/.local/lib/python3.8/site-packages/airflow/example_dags/example_external_task_marker_dag.py
[2025-11-10T01:03:52.082+0000] {logging_mixin.py:188} INFO - [2025-11-10T01:03:52.082+0000] {dag.py:3036} INFO - Sync 2 DAGs
[2025-11-10T01:03:52.100+0000] {logging_mixin.py:188} INFO - [2025-11-10T01:03:52.100+0000] {dag.py:3823} INFO - Setting next_dagrun for example_external_task_marker_child to None, run_after=None
[2025-11-10T01:03:52.107+0000] {logging_mixin.py:188} INFO - [2025-11-10T01:03:52.107+0000] {dag.py:3823} INFO - Setting next_dagrun for example_external_task_marker_parent to None, run_after=None
[2025-11-10T01:03:52.152+0000] {processor.py:183} INFO - Processing /home/airflow/.local/lib/python3.8/site-packages/airflow/example_dags/example_external_task_marker_dag.py took 0.117 seconds
[2025-11-10T01:04:23.029+0000] {processor.py:161} INFO - Started process (PID=3096) to work on /home/airflow/.local/lib/python3.8/site-packages/airflow/example_dags/example_external_task_marker_dag.py
[2025-11-10T01:04:23.030+0000] {processor.py:830} INFO - Processing file /home/airflow/.local/lib/python3.8/site-packages/airflow/example_dags/example_external_task_marker_dag.py for tasks to queue
[2025-11-10T01:04:23.031+0000] {logging_mixin.py:188} INFO - [2025-11-10T01:04:23.031+0000] {dagbag.py:538} INFO - Filling up the DagBag from /home/airflow/.local/lib/python3.8/site-packages/airflow/example_dags/example_external_task_marker_dag.py
[2025-11-10T01:04:23.040+0000] {processor.py:840} INFO - DAG(s) 'example_external_task_marker_child', 'example_external_task_marker_parent' retrieved from /home/airflow/.local/lib/python3.8/site-packages/airflow/example_dags/example_external_task_marker_dag.py
[2025-11-10T01:04:23.072+0000] {logging_mixin.py:188} INFO - [2025-11-10T01:04:23.072+0000] {dag.py:3036} INFO - Sync 2 DAGs
[2025-11-10T01:04:23.086+0000] {logging_mixin.py:188} INFO - [2025-11-10T01:04:23.086+0000] {dag.py:3823} INFO - Setting next_dagrun for example_external_task_marker_child to None, run_after=None
[2025-11-10T01:04:23.091+0000] {logging_mixin.py:188} INFO - [2025-11-10T01:04:23.091+0000] {dag.py:3823} INFO - Setting next_dagrun for example_external_task_marker_parent to None, run_after=None
[2025-11-10T01:04:23.116+0000] {processor.py:183} INFO - Processing /home/airflow/.local/lib/python3.8/site-packages/airflow/example_dags/example_external_task_marker_dag.py took 0.091 seconds
[2025-11-10T01:04:53.324+0000] {processor.py:161} INFO - Started process (PID=3193) to work on /home/airflow/.local/lib/python3.8/site-packages/airflow/example_dags/example_external_task_marker_dag.py
[2025-11-10T01:04:53.325+0000] {processor.py:830} INFO - Processing file /home/airflow/.local/lib/python3.8/site-packages/airflow/example_dags/example_external_task_marker_dag.py for tasks to queue
[2025-11-10T01:04:53.326+0000] {logging_mixin.py:188} INFO - [2025-11-10T01:04:53.326+0000] {dagbag.py:538} INFO - Filling up the DagBag from /home/airflow/.local/lib/python3.8/site-packages/airflow/example_dags/example_external_task_marker_dag.py
[2025-11-10T01:04:53.334+0000] {processor.py:840} INFO - DAG(s) 'example_external_task_marker_child', 'example_external_task_marker_parent' retrieved from /home/airflow/.local/lib/python3.8/site-packages/airflow/example_dags/example_external_task_marker_dag.py
[2025-11-10T01:04:53.367+0000] {logging_mixin.py:188} INFO - [2025-11-10T01:04:53.366+0000] {dag.py:3036} INFO - Sync 2 DAGs
[2025-11-10T01:04:53.382+0000] {logging_mixin.py:188} INFO - [2025-11-10T01:04:53.382+0000] {dag.py:3823} INFO - Setting next_dagrun for example_external_task_marker_child to None, run_after=None
[2025-11-10T01:04:53.388+0000] {logging_mixin.py:188} INFO - [2025-11-10T01:04:53.388+0000] {dag.py:3823} INFO - Setting next_dagrun for example_external_task_marker_parent to None, run_after=None
[2025-11-10T01:04:53.412+0000] {processor.py:183} INFO - Processing /home/airflow/.local/lib/python3.8/site-packages/airflow/example_dags/example_external_task_marker_dag.py took 0.092 seconds
[2025-11-10T01:05:23.559+0000] {processor.py:161} INFO - Started process (PID=3290) to work on /home/airflow/.local/lib/python3.8/site-packages/airflow/example_dags/example_external_task_marker_dag.py
[2025-11-10T01:05:23.561+0000] {processor.py:830} INFO - Processing file /home/airflow/.local/lib/python3.8/site-packages/airflow/example_dags/example_external_task_marker_dag.py for tasks to queue
[2025-11-10T01:05:23.562+0000] {logging_mixin.py:188} INFO - [2025-11-10T01:05:23.562+0000] {dagbag.py:538} INFO - Filling up the DagBag from /home/airflow/.local/lib/python3.8/site-packages/airflow/example_dags/example_external_task_marker_dag.py
[2025-11-10T01:05:23.570+0000] {processor.py:840} INFO - DAG(s) 'example_external_task_marker_child', 'example_external_task_marker_parent' retrieved from /home/airflow/.local/lib/python3.8/site-packages/airflow/example_dags/example_external_task_marker_dag.py
[2025-11-10T01:05:23.603+0000] {logging_mixin.py:188} INFO - [2025-11-10T01:05:23.602+0000] {dag.py:3036} INFO - Sync 2 DAGs
[2025-11-10T01:05:23.617+0000] {logging_mixin.py:188} INFO - [2025-11-10T01:05:23.617+0000] {dag.py:3823} INFO - Setting next_dagrun for example_external_task_marker_child to None, run_after=None
[2025-11-10T01:05:23.622+0000] {logging_mixin.py:188} INFO - [2025-11-10T01:05:23.621+0000] {dag.py:3823} INFO - Setting next_dagrun for example_external_task_marker_parent to None, run_after=None
[2025-11-10T01:05:23.644+0000] {processor.py:183} INFO - Processing /home/airflow/.local/lib/python3.8/site-packages/airflow/example_dags/example_external_task_marker_dag.py took 0.089 seconds
[2025-11-10T01:05:54.095+0000] {processor.py:161} INFO - Started process (PID=3395) to work on /home/airflow/.local/lib/python3.8/site-packages/airflow/example_dags/example_external_task_marker_dag.py
[2025-11-10T01:05:54.096+0000] {processor.py:830} INFO - Processing file /home/airflow/.local/lib/python3.8/site-packages/airflow/example_dags/example_external_task_marker_dag.py for tasks to queue
[2025-11-10T01:05:54.098+0000] {logging_mixin.py:188} INFO - [2025-11-10T01:05:54.097+0000] {dagbag.py:538} INFO - Filling up the DagBag from /home/airflow/.local/lib/python3.8/site-packages/airflow/example_dags/example_external_task_marker_dag.py
[2025-11-10T01:05:54.108+0000] {processor.py:840} INFO - DAG(s) 'example_external_task_marker_child', 'example_external_task_marker_parent' retrieved from /home/airflow/.local/lib/python3.8/site-packages/airflow/example_dags/example_external_task_marker_dag.py
[2025-11-10T01:05:54.156+0000] {logging_mixin.py:188} INFO - [2025-11-10T01:05:54.155+0000] {dag.py:3036} INFO - Sync 2 DAGs
[2025-11-10T01:05:54.176+0000] {logging_mixin.py:188} INFO - [2025-11-10T01:05:54.176+0000] {dag.py:3823} INFO - Setting next_dagrun for example_external_task_marker_child to None, run_after=None
[2025-11-10T01:05:54.182+0000] {logging_mixin.py:188} INFO - [2025-11-10T01:05:54.182+0000] {dag.py:3823} INFO - Setting next_dagrun for example_external_task_marker_parent to None, run_after=None
[2025-11-10T01:05:54.207+0000] {processor.py:183} INFO - Processing /home/airflow/.local/lib/python3.8/site-packages/airflow/example_dags/example_external_task_marker_dag.py took 0.119 seconds
[2025-11-10T01:06:24.322+0000] {processor.py:161} INFO - Started process (PID=3508) to work on /home/airflow/.local/lib/python3.8/site-packages/airflow/example_dags/example_external_task_marker_dag.py
[2025-11-10T01:06:24.322+0000] {processor.py:830} INFO - Processing file /home/airflow/.local/lib/python3.8/site-packages/airflow/example_dags/example_external_task_marker_dag.py for tasks to queue
[2025-11-10T01:06:24.325+0000] {logging_mixin.py:188} INFO - [2025-11-10T01:06:24.324+0000] {dagbag.py:538} INFO - Filling up the DagBag from /home/airflow/.local/lib/python3.8/site-packages/airflow/example_dags/example_external_task_marker_dag.py
[2025-11-10T01:06:24.334+0000] {processor.py:840} INFO - DAG(s) 'example_external_task_marker_parent', 'example_external_task_marker_child' retrieved from /home/airflow/.local/lib/python3.8/site-packages/airflow/example_dags/example_external_task_marker_dag.py
[2025-11-10T01:06:24.393+0000] {logging_mixin.py:188} INFO - [2025-11-10T01:06:24.391+0000] {dag.py:3036} INFO - Sync 2 DAGs
[2025-11-10T01:06:24.419+0000] {logging_mixin.py:188} INFO - [2025-11-10T01:06:24.418+0000] {dag.py:3823} INFO - Setting next_dagrun for example_external_task_marker_child to None, run_after=None
[2025-11-10T01:06:24.425+0000] {logging_mixin.py:188} INFO - [2025-11-10T01:06:24.425+0000] {dag.py:3823} INFO - Setting next_dagrun for example_external_task_marker_parent to None, run_after=None
[2025-11-10T01:06:24.622+0000] {processor.py:183} INFO - Processing /home/airflow/.local/lib/python3.8/site-packages/airflow/example_dags/example_external_task_marker_dag.py took 0.305 seconds
[2025-11-10T01:06:55.150+0000] {processor.py:161} INFO - Started process (PID=3605) to work on /home/airflow/.local/lib/python3.8/site-packages/airflow/example_dags/example_external_task_marker_dag.py
[2025-11-10T01:06:55.152+0000] {processor.py:830} INFO - Processing file /home/airflow/.local/lib/python3.8/site-packages/airflow/example_dags/example_external_task_marker_dag.py for tasks to queue
[2025-11-10T01:06:55.154+0000] {logging_mixin.py:188} INFO - [2025-11-10T01:06:55.154+0000] {dagbag.py:538} INFO - Filling up the DagBag from /home/airflow/.local/lib/python3.8/site-packages/airflow/example_dags/example_external_task_marker_dag.py
[2025-11-10T01:06:55.161+0000] {processor.py:840} INFO - DAG(s) 'example_external_task_marker_child', 'example_external_task_marker_parent' retrieved from /home/airflow/.local/lib/python3.8/site-packages/airflow/example_dags/example_external_task_marker_dag.py
[2025-11-10T01:06:55.193+0000] {logging_mixin.py:188} INFO - [2025-11-10T01:06:55.193+0000] {dag.py:3036} INFO - Sync 2 DAGs
[2025-11-10T01:06:55.209+0000] {logging_mixin.py:188} INFO - [2025-11-10T01:06:55.209+0000] {dag.py:3823} INFO - Setting next_dagrun for example_external_task_marker_child to None, run_after=None
[2025-11-10T01:06:55.214+0000] {logging_mixin.py:188} INFO - [2025-11-10T01:06:55.214+0000] {dag.py:3823} INFO - Setting next_dagrun for example_external_task_marker_parent to None, run_after=None
[2025-11-10T01:06:55.235+0000] {processor.py:183} INFO - Processing /home/airflow/.local/lib/python3.8/site-packages/airflow/example_dags/example_external_task_marker_dag.py took 0.088 seconds
[2025-11-10T02:09:09.719+0000] {processor.py:161} INFO - Started process (PID=184) to work on /home/airflow/.local/lib/python3.8/site-packages/airflow/example_dags/example_external_task_marker_dag.py
[2025-11-10T02:09:09.721+0000] {processor.py:830} INFO - Processing file /home/airflow/.local/lib/python3.8/site-packages/airflow/example_dags/example_external_task_marker_dag.py for tasks to queue
[2025-11-10T02:09:09.723+0000] {logging_mixin.py:188} INFO - [2025-11-10T02:09:09.722+0000] {dagbag.py:538} INFO - Filling up the DagBag from /home/airflow/.local/lib/python3.8/site-packages/airflow/example_dags/example_external_task_marker_dag.py
[2025-11-10T02:09:09.736+0000] {processor.py:840} INFO - DAG(s) 'example_external_task_marker_parent', 'example_external_task_marker_child' retrieved from /home/airflow/.local/lib/python3.8/site-packages/airflow/example_dags/example_external_task_marker_dag.py
[2025-11-10T02:09:09.973+0000] {logging_mixin.py:188} INFO - [2025-11-10T02:09:09.972+0000] {dag.py:3036} INFO - Sync 2 DAGs
[2025-11-10T02:09:09.997+0000] {logging_mixin.py:188} INFO - [2025-11-10T02:09:09.997+0000] {dag.py:3823} INFO - Setting next_dagrun for example_external_task_marker_child to None, run_after=None
[2025-11-10T02:09:10.005+0000] {logging_mixin.py:188} INFO - [2025-11-10T02:09:10.005+0000] {dag.py:3823} INFO - Setting next_dagrun for example_external_task_marker_parent to None, run_after=None
[2025-11-10T02:09:10.044+0000] {processor.py:183} INFO - Processing /home/airflow/.local/lib/python3.8/site-packages/airflow/example_dags/example_external_task_marker_dag.py took 0.331 seconds
[2025-11-10T02:09:40.284+0000] {processor.py:161} INFO - Started process (PID=281) to work on /home/airflow/.local/lib/python3.8/site-packages/airflow/example_dags/example_external_task_marker_dag.py
[2025-11-10T02:09:40.285+0000] {processor.py:830} INFO - Processing file /home/airflow/.local/lib/python3.8/site-packages/airflow/example_dags/example_external_task_marker_dag.py for tasks to queue
[2025-11-10T02:09:40.287+0000] {logging_mixin.py:188} INFO - [2025-11-10T02:09:40.286+0000] {dagbag.py:538} INFO - Filling up the DagBag from /home/airflow/.local/lib/python3.8/site-packages/airflow/example_dags/example_external_task_marker_dag.py
[2025-11-10T02:09:40.296+0000] {processor.py:840} INFO - DAG(s) 'example_external_task_marker_parent', 'example_external_task_marker_child' retrieved from /home/airflow/.local/lib/python3.8/site-packages/airflow/example_dags/example_external_task_marker_dag.py
[2025-11-10T02:09:40.338+0000] {logging_mixin.py:188} INFO - [2025-11-10T02:09:40.337+0000] {dag.py:3036} INFO - Sync 2 DAGs
[2025-11-10T02:09:40.355+0000] {logging_mixin.py:188} INFO - [2025-11-10T02:09:40.355+0000] {dag.py:3823} INFO - Setting next_dagrun for example_external_task_marker_child to None, run_after=None
[2025-11-10T02:09:40.361+0000] {logging_mixin.py:188} INFO - [2025-11-10T02:09:40.360+0000] {dag.py:3823} INFO - Setting next_dagrun for example_external_task_marker_parent to None, run_after=None
[2025-11-10T02:09:40.390+0000] {processor.py:183} INFO - Processing /home/airflow/.local/lib/python3.8/site-packages/airflow/example_dags/example_external_task_marker_dag.py took 0.111 seconds
[2025-11-10T02:10:10.601+0000] {processor.py:161} INFO - Started process (PID=378) to work on /home/airflow/.local/lib/python3.8/site-packages/airflow/example_dags/example_external_task_marker_dag.py
[2025-11-10T02:10:10.603+0000] {processor.py:830} INFO - Processing file /home/airflow/.local/lib/python3.8/site-packages/airflow/example_dags/example_external_task_marker_dag.py for tasks to queue
[2025-11-10T02:10:10.604+0000] {logging_mixin.py:188} INFO - [2025-11-10T02:10:10.604+0000] {dagbag.py:538} INFO - Filling up the DagBag from /home/airflow/.local/lib/python3.8/site-packages/airflow/example_dags/example_external_task_marker_dag.py
[2025-11-10T02:10:10.612+0000] {processor.py:840} INFO - DAG(s) 'example_external_task_marker_child', 'example_external_task_marker_parent' retrieved from /home/airflow/.local/lib/python3.8/site-packages/airflow/example_dags/example_external_task_marker_dag.py
[2025-11-10T02:10:10.648+0000] {logging_mixin.py:188} INFO - [2025-11-10T02:10:10.648+0000] {dag.py:3036} INFO - Sync 2 DAGs
[2025-11-10T02:10:10.664+0000] {logging_mixin.py:188} INFO - [2025-11-10T02:10:10.663+0000] {dag.py:3823} INFO - Setting next_dagrun for example_external_task_marker_child to None, run_after=None
[2025-11-10T02:10:10.669+0000] {logging_mixin.py:188} INFO - [2025-11-10T02:10:10.669+0000] {dag.py:3823} INFO - Setting next_dagrun for example_external_task_marker_parent to None, run_after=None
[2025-11-10T02:10:10.692+0000] {processor.py:183} INFO - Processing /home/airflow/.local/lib/python3.8/site-packages/airflow/example_dags/example_external_task_marker_dag.py took 0.095 seconds
[2025-11-10T02:10:40.977+0000] {processor.py:161} INFO - Started process (PID=481) to work on /home/airflow/.local/lib/python3.8/site-packages/airflow/example_dags/example_external_task_marker_dag.py
[2025-11-10T02:10:40.979+0000] {processor.py:830} INFO - Processing file /home/airflow/.local/lib/python3.8/site-packages/airflow/example_dags/example_external_task_marker_dag.py for tasks to queue
[2025-11-10T02:10:40.980+0000] {logging_mixin.py:188} INFO - [2025-11-10T02:10:40.980+0000] {dagbag.py:538} INFO - Filling up the DagBag from /home/airflow/.local/lib/python3.8/site-packages/airflow/example_dags/example_external_task_marker_dag.py
[2025-11-10T02:10:40.991+0000] {processor.py:840} INFO - DAG(s) 'example_external_task_marker_parent', 'example_external_task_marker_child' retrieved from /home/airflow/.local/lib/python3.8/site-packages/airflow/example_dags/example_external_task_marker_dag.py
[2025-11-10T02:10:41.035+0000] {logging_mixin.py:188} INFO - [2025-11-10T02:10:41.035+0000] {dag.py:3036} INFO - Sync 2 DAGs
[2025-11-10T02:10:41.055+0000] {logging_mixin.py:188} INFO - [2025-11-10T02:10:41.055+0000] {dag.py:3823} INFO - Setting next_dagrun for example_external_task_marker_child to None, run_after=None
[2025-11-10T02:10:41.061+0000] {logging_mixin.py:188} INFO - [2025-11-10T02:10:41.061+0000] {dag.py:3823} INFO - Setting next_dagrun for example_external_task_marker_parent to None, run_after=None
[2025-11-10T02:10:41.087+0000] {processor.py:183} INFO - Processing /home/airflow/.local/lib/python3.8/site-packages/airflow/example_dags/example_external_task_marker_dag.py took 0.115 seconds
[2025-11-10T02:11:11.152+0000] {processor.py:161} INFO - Started process (PID=594) to work on /home/airflow/.local/lib/python3.8/site-packages/airflow/example_dags/example_external_task_marker_dag.py
[2025-11-10T02:11:11.153+0000] {processor.py:830} INFO - Processing file /home/airflow/.local/lib/python3.8/site-packages/airflow/example_dags/example_external_task_marker_dag.py for tasks to queue
[2025-11-10T02:11:11.155+0000] {logging_mixin.py:188} INFO - [2025-11-10T02:11:11.154+0000] {dagbag.py:538} INFO - Filling up the DagBag from /home/airflow/.local/lib/python3.8/site-packages/airflow/example_dags/example_external_task_marker_dag.py
[2025-11-10T02:11:11.162+0000] {processor.py:840} INFO - DAG(s) 'example_external_task_marker_parent', 'example_external_task_marker_child' retrieved from /home/airflow/.local/lib/python3.8/site-packages/airflow/example_dags/example_external_task_marker_dag.py
[2025-11-10T02:11:11.205+0000] {logging_mixin.py:188} INFO - [2025-11-10T02:11:11.205+0000] {dag.py:3036} INFO - Sync 2 DAGs
[2025-11-10T02:11:11.228+0000] {logging_mixin.py:188} INFO - [2025-11-10T02:11:11.228+0000] {dag.py:3823} INFO - Setting next_dagrun for example_external_task_marker_child to None, run_after=None
[2025-11-10T02:11:11.238+0000] {logging_mixin.py:188} INFO - [2025-11-10T02:11:11.238+0000] {dag.py:3823} INFO - Setting next_dagrun for example_external_task_marker_parent to None, run_after=None
[2025-11-10T02:11:11.278+0000] {processor.py:183} INFO - Processing /home/airflow/.local/lib/python3.8/site-packages/airflow/example_dags/example_external_task_marker_dag.py took 0.129 seconds
[2025-11-10T02:11:41.853+0000] {processor.py:161} INFO - Started process (PID=691) to work on /home/airflow/.local/lib/python3.8/site-packages/airflow/example_dags/example_external_task_marker_dag.py
[2025-11-10T02:11:41.854+0000] {processor.py:830} INFO - Processing file /home/airflow/.local/lib/python3.8/site-packages/airflow/example_dags/example_external_task_marker_dag.py for tasks to queue
[2025-11-10T02:11:41.855+0000] {logging_mixin.py:188} INFO - [2025-11-10T02:11:41.854+0000] {dagbag.py:538} INFO - Filling up the DagBag from /home/airflow/.local/lib/python3.8/site-packages/airflow/example_dags/example_external_task_marker_dag.py
[2025-11-10T02:11:41.862+0000] {processor.py:840} INFO - DAG(s) 'example_external_task_marker_parent', 'example_external_task_marker_child' retrieved from /home/airflow/.local/lib/python3.8/site-packages/airflow/example_dags/example_external_task_marker_dag.py
[2025-11-10T02:11:41.895+0000] {logging_mixin.py:188} INFO - [2025-11-10T02:11:41.894+0000] {dag.py:3036} INFO - Sync 2 DAGs
[2025-11-10T02:11:41.909+0000] {logging_mixin.py:188} INFO - [2025-11-10T02:11:41.909+0000] {dag.py:3823} INFO - Setting next_dagrun for example_external_task_marker_child to None, run_after=None
[2025-11-10T02:11:41.915+0000] {logging_mixin.py:188} INFO - [2025-11-10T02:11:41.914+0000] {dag.py:3823} INFO - Setting next_dagrun for example_external_task_marker_parent to None, run_after=None
[2025-11-10T02:11:41.939+0000] {processor.py:183} INFO - Processing /home/airflow/.local/lib/python3.8/site-packages/airflow/example_dags/example_external_task_marker_dag.py took 0.091 seconds
[2025-11-10T02:12:12.863+0000] {processor.py:161} INFO - Started process (PID=788) to work on /home/airflow/.local/lib/python3.8/site-packages/airflow/example_dags/example_external_task_marker_dag.py
[2025-11-10T02:12:12.864+0000] {processor.py:830} INFO - Processing file /home/airflow/.local/lib/python3.8/site-packages/airflow/example_dags/example_external_task_marker_dag.py for tasks to queue
[2025-11-10T02:12:12.866+0000] {logging_mixin.py:188} INFO - [2025-11-10T02:12:12.865+0000] {dagbag.py:538} INFO - Filling up the DagBag from /home/airflow/.local/lib/python3.8/site-packages/airflow/example_dags/example_external_task_marker_dag.py
[2025-11-10T02:12:12.874+0000] {processor.py:840} INFO - DAG(s) 'example_external_task_marker_child', 'example_external_task_marker_parent' retrieved from /home/airflow/.local/lib/python3.8/site-packages/airflow/example_dags/example_external_task_marker_dag.py
[2025-11-10T02:12:12.922+0000] {logging_mixin.py:188} INFO - [2025-11-10T02:12:12.921+0000] {dag.py:3036} INFO - Sync 2 DAGs
[2025-11-10T02:12:12.947+0000] {logging_mixin.py:188} INFO - [2025-11-10T02:12:12.946+0000] {dag.py:3823} INFO - Setting next_dagrun for example_external_task_marker_child to None, run_after=None
[2025-11-10T02:12:12.955+0000] {logging_mixin.py:188} INFO - [2025-11-10T02:12:12.955+0000] {dag.py:3823} INFO - Setting next_dagrun for example_external_task_marker_parent to None, run_after=None
[2025-11-10T02:12:12.987+0000] {processor.py:183} INFO - Processing /home/airflow/.local/lib/python3.8/site-packages/airflow/example_dags/example_external_task_marker_dag.py took 0.129 seconds
[2025-11-10T02:12:44.200+0000] {processor.py:161} INFO - Started process (PID=885) to work on /home/airflow/.local/lib/python3.8/site-packages/airflow/example_dags/example_external_task_marker_dag.py
[2025-11-10T02:12:44.202+0000] {processor.py:830} INFO - Processing file /home/airflow/.local/lib/python3.8/site-packages/airflow/example_dags/example_external_task_marker_dag.py for tasks to queue
[2025-11-10T02:12:44.203+0000] {logging_mixin.py:188} INFO - [2025-11-10T02:12:44.203+0000] {dagbag.py:538} INFO - Filling up the DagBag from /home/airflow/.local/lib/python3.8/site-packages/airflow/example_dags/example_external_task_marker_dag.py
[2025-11-10T02:12:44.211+0000] {processor.py:840} INFO - DAG(s) 'example_external_task_marker_parent', 'example_external_task_marker_child' retrieved from /home/airflow/.local/lib/python3.8/site-packages/airflow/example_dags/example_external_task_marker_dag.py
[2025-11-10T02:12:44.245+0000] {logging_mixin.py:188} INFO - [2025-11-10T02:12:44.244+0000] {dag.py:3036} INFO - Sync 2 DAGs
[2025-11-10T02:12:44.258+0000] {logging_mixin.py:188} INFO - [2025-11-10T02:12:44.258+0000] {dag.py:3823} INFO - Setting next_dagrun for example_external_task_marker_child to None, run_after=None
[2025-11-10T02:12:44.264+0000] {logging_mixin.py:188} INFO - [2025-11-10T02:12:44.264+0000] {dag.py:3823} INFO - Setting next_dagrun for example_external_task_marker_parent to None, run_after=None
[2025-11-10T02:12:44.287+0000] {processor.py:183} INFO - Processing /home/airflow/.local/lib/python3.8/site-packages/airflow/example_dags/example_external_task_marker_dag.py took 0.092 seconds
[2025-11-10T02:13:14.403+0000] {processor.py:161} INFO - Started process (PID=1003) to work on /home/airflow/.local/lib/python3.8/site-packages/airflow/example_dags/example_external_task_marker_dag.py
[2025-11-10T02:13:14.404+0000] {processor.py:830} INFO - Processing file /home/airflow/.local/lib/python3.8/site-packages/airflow/example_dags/example_external_task_marker_dag.py for tasks to queue
[2025-11-10T02:13:14.405+0000] {logging_mixin.py:188} INFO - [2025-11-10T02:13:14.404+0000] {dagbag.py:538} INFO - Filling up the DagBag from /home/airflow/.local/lib/python3.8/site-packages/airflow/example_dags/example_external_task_marker_dag.py
[2025-11-10T02:13:14.411+0000] {processor.py:840} INFO - DAG(s) 'example_external_task_marker_child', 'example_external_task_marker_parent' retrieved from /home/airflow/.local/lib/python3.8/site-packages/airflow/example_dags/example_external_task_marker_dag.py
[2025-11-10T02:13:14.443+0000] {logging_mixin.py:188} INFO - [2025-11-10T02:13:14.442+0000] {dag.py:3036} INFO - Sync 2 DAGs
[2025-11-10T02:13:14.456+0000] {logging_mixin.py:188} INFO - [2025-11-10T02:13:14.455+0000] {dag.py:3823} INFO - Setting next_dagrun for example_external_task_marker_child to None, run_after=None
[2025-11-10T02:13:14.460+0000] {logging_mixin.py:188} INFO - [2025-11-10T02:13:14.460+0000] {dag.py:3823} INFO - Setting next_dagrun for example_external_task_marker_parent to None, run_after=None
[2025-11-10T02:13:14.481+0000] {processor.py:183} INFO - Processing /home/airflow/.local/lib/python3.8/site-packages/airflow/example_dags/example_external_task_marker_dag.py took 0.082 seconds
