[2025-11-10T00:49:28.072+0000] {processor.py:161} INFO - Started process (PID=154) to work on /home/airflow/.local/lib/python3.8/site-packages/airflow/example_dags/example_python_operator.py
[2025-11-10T00:49:28.074+0000] {processor.py:830} INFO - Processing file /home/airflow/.local/lib/python3.8/site-packages/airflow/example_dags/example_python_operator.py for tasks to queue
[2025-11-10T00:49:28.075+0000] {logging_mixin.py:188} INFO - [2025-11-10T00:49:28.075+0000] {dagbag.py:538} INFO - Filling up the DagBag from /home/airflow/.local/lib/python3.8/site-packages/airflow/example_dags/example_python_operator.py
[2025-11-10T00:49:28.098+0000] {processor.py:840} INFO - DAG(s) 'example_python_operator' retrieved from /home/airflow/.local/lib/python3.8/site-packages/airflow/example_dags/example_python_operator.py
[2025-11-10T00:49:28.314+0000] {logging_mixin.py:188} INFO - [2025-11-10T00:49:28.313+0000] {override.py:1769} INFO - Created Permission View: can delete on DAG:example_python_operator
[2025-11-10T00:49:28.340+0000] {logging_mixin.py:188} INFO - [2025-11-10T00:49:28.339+0000] {override.py:1769} INFO - Created Permission View: can read on DAG:example_python_operator
[2025-11-10T00:49:28.358+0000] {logging_mixin.py:188} INFO - [2025-11-10T00:49:28.358+0000] {override.py:1769} INFO - Created Permission View: can edit on DAG:example_python_operator
[2025-11-10T00:49:28.360+0000] {logging_mixin.py:188} INFO - [2025-11-10T00:49:28.359+0000] {dag.py:3036} INFO - Sync 1 DAGs
[2025-11-10T00:49:28.381+0000] {logging_mixin.py:188} INFO - [2025-11-10T00:49:28.380+0000] {dag.py:3058} INFO - Creating ORM DAG for example_python_operator
[2025-11-10T00:49:28.382+0000] {logging_mixin.py:188} INFO - [2025-11-10T00:49:28.382+0000] {dag.py:3823} INFO - Setting next_dagrun for example_python_operator to None, run_after=None
[2025-11-10T00:49:28.415+0000] {processor.py:183} INFO - Processing /home/airflow/.local/lib/python3.8/site-packages/airflow/example_dags/example_python_operator.py took 0.349 seconds
[2025-11-10T00:49:59.173+0000] {processor.py:161} INFO - Started process (PID=266) to work on /home/airflow/.local/lib/python3.8/site-packages/airflow/example_dags/example_python_operator.py
[2025-11-10T00:49:59.174+0000] {processor.py:830} INFO - Processing file /home/airflow/.local/lib/python3.8/site-packages/airflow/example_dags/example_python_operator.py for tasks to queue
[2025-11-10T00:49:59.176+0000] {logging_mixin.py:188} INFO - [2025-11-10T00:49:59.175+0000] {dagbag.py:538} INFO - Filling up the DagBag from /home/airflow/.local/lib/python3.8/site-packages/airflow/example_dags/example_python_operator.py
[2025-11-10T00:49:59.191+0000] {processor.py:840} INFO - DAG(s) 'example_python_operator' retrieved from /home/airflow/.local/lib/python3.8/site-packages/airflow/example_dags/example_python_operator.py
[2025-11-10T00:49:59.230+0000] {logging_mixin.py:188} INFO - [2025-11-10T00:49:59.228+0000] {dag.py:3036} INFO - Sync 1 DAGs
[2025-11-10T00:49:59.250+0000] {logging_mixin.py:188} INFO - [2025-11-10T00:49:59.250+0000] {dag.py:3823} INFO - Setting next_dagrun for example_python_operator to None, run_after=None
[2025-11-10T00:49:59.285+0000] {processor.py:183} INFO - Processing /home/airflow/.local/lib/python3.8/site-packages/airflow/example_dags/example_python_operator.py took 0.116 seconds
[2025-11-10T00:50:30.037+0000] {processor.py:161} INFO - Started process (PID=361) to work on /home/airflow/.local/lib/python3.8/site-packages/airflow/example_dags/example_python_operator.py
[2025-11-10T00:50:30.038+0000] {processor.py:830} INFO - Processing file /home/airflow/.local/lib/python3.8/site-packages/airflow/example_dags/example_python_operator.py for tasks to queue
[2025-11-10T00:50:30.040+0000] {logging_mixin.py:188} INFO - [2025-11-10T00:50:30.039+0000] {dagbag.py:538} INFO - Filling up the DagBag from /home/airflow/.local/lib/python3.8/site-packages/airflow/example_dags/example_python_operator.py
[2025-11-10T00:50:30.055+0000] {processor.py:840} INFO - DAG(s) 'example_python_operator' retrieved from /home/airflow/.local/lib/python3.8/site-packages/airflow/example_dags/example_python_operator.py
[2025-11-10T00:50:30.094+0000] {logging_mixin.py:188} INFO - [2025-11-10T00:50:30.094+0000] {dag.py:3036} INFO - Sync 1 DAGs
[2025-11-10T00:50:30.110+0000] {logging_mixin.py:188} INFO - [2025-11-10T00:50:30.110+0000] {dag.py:3823} INFO - Setting next_dagrun for example_python_operator to None, run_after=None
[2025-11-10T00:50:30.149+0000] {processor.py:183} INFO - Processing /home/airflow/.local/lib/python3.8/site-packages/airflow/example_dags/example_python_operator.py took 0.117 seconds
[2025-11-10T00:51:00.531+0000] {processor.py:161} INFO - Started process (PID=458) to work on /home/airflow/.local/lib/python3.8/site-packages/airflow/example_dags/example_python_operator.py
[2025-11-10T00:51:00.532+0000] {processor.py:830} INFO - Processing file /home/airflow/.local/lib/python3.8/site-packages/airflow/example_dags/example_python_operator.py for tasks to queue
[2025-11-10T00:51:00.533+0000] {logging_mixin.py:188} INFO - [2025-11-10T00:51:00.533+0000] {dagbag.py:538} INFO - Filling up the DagBag from /home/airflow/.local/lib/python3.8/site-packages/airflow/example_dags/example_python_operator.py
[2025-11-10T00:51:00.549+0000] {processor.py:840} INFO - DAG(s) 'example_python_operator' retrieved from /home/airflow/.local/lib/python3.8/site-packages/airflow/example_dags/example_python_operator.py
[2025-11-10T00:51:00.588+0000] {logging_mixin.py:188} INFO - [2025-11-10T00:51:00.588+0000] {dag.py:3036} INFO - Sync 1 DAGs
[2025-11-10T00:51:00.605+0000] {logging_mixin.py:188} INFO - [2025-11-10T00:51:00.604+0000] {dag.py:3823} INFO - Setting next_dagrun for example_python_operator to None, run_after=None
[2025-11-10T00:51:00.639+0000] {processor.py:183} INFO - Processing /home/airflow/.local/lib/python3.8/site-packages/airflow/example_dags/example_python_operator.py took 0.111 seconds
[2025-11-10T00:51:30.960+0000] {processor.py:161} INFO - Started process (PID=555) to work on /home/airflow/.local/lib/python3.8/site-packages/airflow/example_dags/example_python_operator.py
[2025-11-10T00:51:30.961+0000] {processor.py:830} INFO - Processing file /home/airflow/.local/lib/python3.8/site-packages/airflow/example_dags/example_python_operator.py for tasks to queue
[2025-11-10T00:51:30.962+0000] {logging_mixin.py:188} INFO - [2025-11-10T00:51:30.962+0000] {dagbag.py:538} INFO - Filling up the DagBag from /home/airflow/.local/lib/python3.8/site-packages/airflow/example_dags/example_python_operator.py
[2025-11-10T00:51:30.977+0000] {processor.py:840} INFO - DAG(s) 'example_python_operator' retrieved from /home/airflow/.local/lib/python3.8/site-packages/airflow/example_dags/example_python_operator.py
[2025-11-10T00:51:31.018+0000] {logging_mixin.py:188} INFO - [2025-11-10T00:51:31.017+0000] {dag.py:3036} INFO - Sync 1 DAGs
[2025-11-10T00:51:31.036+0000] {logging_mixin.py:188} INFO - [2025-11-10T00:51:31.035+0000] {dag.py:3823} INFO - Setting next_dagrun for example_python_operator to None, run_after=None
[2025-11-10T00:51:31.068+0000] {processor.py:183} INFO - Processing /home/airflow/.local/lib/python3.8/site-packages/airflow/example_dags/example_python_operator.py took 0.113 seconds
[2025-11-10T00:52:01.319+0000] {processor.py:161} INFO - Started process (PID=652) to work on /home/airflow/.local/lib/python3.8/site-packages/airflow/example_dags/example_python_operator.py
[2025-11-10T00:52:01.320+0000] {processor.py:830} INFO - Processing file /home/airflow/.local/lib/python3.8/site-packages/airflow/example_dags/example_python_operator.py for tasks to queue
[2025-11-10T00:52:01.322+0000] {logging_mixin.py:188} INFO - [2025-11-10T00:52:01.322+0000] {dagbag.py:538} INFO - Filling up the DagBag from /home/airflow/.local/lib/python3.8/site-packages/airflow/example_dags/example_python_operator.py
[2025-11-10T00:52:01.340+0000] {processor.py:840} INFO - DAG(s) 'example_python_operator' retrieved from /home/airflow/.local/lib/python3.8/site-packages/airflow/example_dags/example_python_operator.py
[2025-11-10T00:52:01.378+0000] {logging_mixin.py:188} INFO - [2025-11-10T00:52:01.378+0000] {dag.py:3036} INFO - Sync 1 DAGs
[2025-11-10T00:52:01.397+0000] {logging_mixin.py:188} INFO - [2025-11-10T00:52:01.396+0000] {dag.py:3823} INFO - Setting next_dagrun for example_python_operator to None, run_after=None
[2025-11-10T00:52:01.428+0000] {processor.py:183} INFO - Processing /home/airflow/.local/lib/python3.8/site-packages/airflow/example_dags/example_python_operator.py took 0.115 seconds
[2025-11-10T00:52:31.664+0000] {processor.py:161} INFO - Started process (PID=749) to work on /home/airflow/.local/lib/python3.8/site-packages/airflow/example_dags/example_python_operator.py
[2025-11-10T00:52:31.665+0000] {processor.py:830} INFO - Processing file /home/airflow/.local/lib/python3.8/site-packages/airflow/example_dags/example_python_operator.py for tasks to queue
[2025-11-10T00:52:31.667+0000] {logging_mixin.py:188} INFO - [2025-11-10T00:52:31.666+0000] {dagbag.py:538} INFO - Filling up the DagBag from /home/airflow/.local/lib/python3.8/site-packages/airflow/example_dags/example_python_operator.py
[2025-11-10T00:52:31.683+0000] {processor.py:840} INFO - DAG(s) 'example_python_operator' retrieved from /home/airflow/.local/lib/python3.8/site-packages/airflow/example_dags/example_python_operator.py
[2025-11-10T00:52:31.727+0000] {logging_mixin.py:188} INFO - [2025-11-10T00:52:31.726+0000] {dag.py:3036} INFO - Sync 1 DAGs
[2025-11-10T00:52:31.748+0000] {logging_mixin.py:188} INFO - [2025-11-10T00:52:31.748+0000] {dag.py:3823} INFO - Setting next_dagrun for example_python_operator to None, run_after=None
[2025-11-10T00:52:31.781+0000] {processor.py:183} INFO - Processing /home/airflow/.local/lib/python3.8/site-packages/airflow/example_dags/example_python_operator.py took 0.121 seconds
[2025-11-10T00:53:01.973+0000] {processor.py:161} INFO - Started process (PID=846) to work on /home/airflow/.local/lib/python3.8/site-packages/airflow/example_dags/example_python_operator.py
[2025-11-10T00:53:01.975+0000] {processor.py:830} INFO - Processing file /home/airflow/.local/lib/python3.8/site-packages/airflow/example_dags/example_python_operator.py for tasks to queue
[2025-11-10T00:53:01.977+0000] {logging_mixin.py:188} INFO - [2025-11-10T00:53:01.977+0000] {dagbag.py:538} INFO - Filling up the DagBag from /home/airflow/.local/lib/python3.8/site-packages/airflow/example_dags/example_python_operator.py
[2025-11-10T00:53:02.001+0000] {processor.py:840} INFO - DAG(s) 'example_python_operator' retrieved from /home/airflow/.local/lib/python3.8/site-packages/airflow/example_dags/example_python_operator.py
[2025-11-10T00:53:02.046+0000] {logging_mixin.py:188} INFO - [2025-11-10T00:53:02.045+0000] {dag.py:3036} INFO - Sync 1 DAGs
[2025-11-10T00:53:02.070+0000] {logging_mixin.py:188} INFO - [2025-11-10T00:53:02.069+0000] {dag.py:3823} INFO - Setting next_dagrun for example_python_operator to None, run_after=None
[2025-11-10T00:53:02.103+0000] {processor.py:183} INFO - Processing /home/airflow/.local/lib/python3.8/site-packages/airflow/example_dags/example_python_operator.py took 0.134 seconds
[2025-11-10T00:53:32.580+0000] {processor.py:161} INFO - Started process (PID=951) to work on /home/airflow/.local/lib/python3.8/site-packages/airflow/example_dags/example_python_operator.py
[2025-11-10T00:53:32.581+0000] {processor.py:830} INFO - Processing file /home/airflow/.local/lib/python3.8/site-packages/airflow/example_dags/example_python_operator.py for tasks to queue
[2025-11-10T00:53:32.583+0000] {logging_mixin.py:188} INFO - [2025-11-10T00:53:32.582+0000] {dagbag.py:538} INFO - Filling up the DagBag from /home/airflow/.local/lib/python3.8/site-packages/airflow/example_dags/example_python_operator.py
[2025-11-10T00:53:32.598+0000] {processor.py:840} INFO - DAG(s) 'example_python_operator' retrieved from /home/airflow/.local/lib/python3.8/site-packages/airflow/example_dags/example_python_operator.py
[2025-11-10T00:53:32.640+0000] {logging_mixin.py:188} INFO - [2025-11-10T00:53:32.640+0000] {dag.py:3036} INFO - Sync 1 DAGs
[2025-11-10T00:53:32.663+0000] {logging_mixin.py:188} INFO - [2025-11-10T00:53:32.662+0000] {dag.py:3823} INFO - Setting next_dagrun for example_python_operator to None, run_after=None
[2025-11-10T00:53:32.698+0000] {processor.py:183} INFO - Processing /home/airflow/.local/lib/python3.8/site-packages/airflow/example_dags/example_python_operator.py took 0.123 seconds
[2025-11-10T00:54:03.171+0000] {processor.py:161} INFO - Started process (PID=1064) to work on /home/airflow/.local/lib/python3.8/site-packages/airflow/example_dags/example_python_operator.py
[2025-11-10T00:54:03.173+0000] {processor.py:830} INFO - Processing file /home/airflow/.local/lib/python3.8/site-packages/airflow/example_dags/example_python_operator.py for tasks to queue
[2025-11-10T00:54:03.174+0000] {logging_mixin.py:188} INFO - [2025-11-10T00:54:03.174+0000] {dagbag.py:538} INFO - Filling up the DagBag from /home/airflow/.local/lib/python3.8/site-packages/airflow/example_dags/example_python_operator.py
[2025-11-10T00:54:03.194+0000] {processor.py:840} INFO - DAG(s) 'example_python_operator' retrieved from /home/airflow/.local/lib/python3.8/site-packages/airflow/example_dags/example_python_operator.py
[2025-11-10T00:54:03.235+0000] {logging_mixin.py:188} INFO - [2025-11-10T00:54:03.233+0000] {dag.py:3036} INFO - Sync 1 DAGs
[2025-11-10T00:54:03.258+0000] {logging_mixin.py:188} INFO - [2025-11-10T00:54:03.258+0000] {dag.py:3823} INFO - Setting next_dagrun for example_python_operator to None, run_after=None
[2025-11-10T00:54:03.292+0000] {processor.py:183} INFO - Processing /home/airflow/.local/lib/python3.8/site-packages/airflow/example_dags/example_python_operator.py took 0.125 seconds
[2025-11-10T00:54:33.481+0000] {processor.py:161} INFO - Started process (PID=1161) to work on /home/airflow/.local/lib/python3.8/site-packages/airflow/example_dags/example_python_operator.py
[2025-11-10T00:54:33.483+0000] {processor.py:830} INFO - Processing file /home/airflow/.local/lib/python3.8/site-packages/airflow/example_dags/example_python_operator.py for tasks to queue
[2025-11-10T00:54:33.485+0000] {logging_mixin.py:188} INFO - [2025-11-10T00:54:33.484+0000] {dagbag.py:538} INFO - Filling up the DagBag from /home/airflow/.local/lib/python3.8/site-packages/airflow/example_dags/example_python_operator.py
[2025-11-10T00:54:33.500+0000] {processor.py:840} INFO - DAG(s) 'example_python_operator' retrieved from /home/airflow/.local/lib/python3.8/site-packages/airflow/example_dags/example_python_operator.py
[2025-11-10T00:54:33.553+0000] {logging_mixin.py:188} INFO - [2025-11-10T00:54:33.552+0000] {dag.py:3036} INFO - Sync 1 DAGs
[2025-11-10T00:54:33.578+0000] {logging_mixin.py:188} INFO - [2025-11-10T00:54:33.578+0000] {dag.py:3823} INFO - Setting next_dagrun for example_python_operator to None, run_after=None
[2025-11-10T00:54:33.619+0000] {processor.py:183} INFO - Processing /home/airflow/.local/lib/python3.8/site-packages/airflow/example_dags/example_python_operator.py took 0.143 seconds
[2025-11-10T00:55:04.189+0000] {processor.py:161} INFO - Started process (PID=1258) to work on /home/airflow/.local/lib/python3.8/site-packages/airflow/example_dags/example_python_operator.py
[2025-11-10T00:55:04.190+0000] {processor.py:830} INFO - Processing file /home/airflow/.local/lib/python3.8/site-packages/airflow/example_dags/example_python_operator.py for tasks to queue
[2025-11-10T00:55:04.192+0000] {logging_mixin.py:188} INFO - [2025-11-10T00:55:04.191+0000] {dagbag.py:538} INFO - Filling up the DagBag from /home/airflow/.local/lib/python3.8/site-packages/airflow/example_dags/example_python_operator.py
[2025-11-10T00:55:04.208+0000] {processor.py:840} INFO - DAG(s) 'example_python_operator' retrieved from /home/airflow/.local/lib/python3.8/site-packages/airflow/example_dags/example_python_operator.py
[2025-11-10T00:55:04.248+0000] {logging_mixin.py:188} INFO - [2025-11-10T00:55:04.248+0000] {dag.py:3036} INFO - Sync 1 DAGs
[2025-11-10T00:55:04.272+0000] {logging_mixin.py:188} INFO - [2025-11-10T00:55:04.271+0000] {dag.py:3823} INFO - Setting next_dagrun for example_python_operator to None, run_after=None
[2025-11-10T00:55:04.315+0000] {processor.py:183} INFO - Processing /home/airflow/.local/lib/python3.8/site-packages/airflow/example_dags/example_python_operator.py took 0.131 seconds
[2025-11-10T00:55:34.940+0000] {processor.py:161} INFO - Started process (PID=1355) to work on /home/airflow/.local/lib/python3.8/site-packages/airflow/example_dags/example_python_operator.py
[2025-11-10T00:55:34.941+0000] {processor.py:830} INFO - Processing file /home/airflow/.local/lib/python3.8/site-packages/airflow/example_dags/example_python_operator.py for tasks to queue
[2025-11-10T00:55:34.943+0000] {logging_mixin.py:188} INFO - [2025-11-10T00:55:34.943+0000] {dagbag.py:538} INFO - Filling up the DagBag from /home/airflow/.local/lib/python3.8/site-packages/airflow/example_dags/example_python_operator.py
[2025-11-10T00:55:34.961+0000] {processor.py:840} INFO - DAG(s) 'example_python_operator' retrieved from /home/airflow/.local/lib/python3.8/site-packages/airflow/example_dags/example_python_operator.py
[2025-11-10T00:55:35.013+0000] {logging_mixin.py:188} INFO - [2025-11-10T00:55:35.012+0000] {dag.py:3036} INFO - Sync 1 DAGs
[2025-11-10T00:55:35.031+0000] {logging_mixin.py:188} INFO - [2025-11-10T00:55:35.031+0000] {dag.py:3823} INFO - Setting next_dagrun for example_python_operator to None, run_after=None
[2025-11-10T00:55:35.064+0000] {processor.py:183} INFO - Processing /home/airflow/.local/lib/python3.8/site-packages/airflow/example_dags/example_python_operator.py took 0.128 seconds
[2025-11-10T00:56:05.174+0000] {processor.py:161} INFO - Started process (PID=1452) to work on /home/airflow/.local/lib/python3.8/site-packages/airflow/example_dags/example_python_operator.py
[2025-11-10T00:56:05.175+0000] {processor.py:830} INFO - Processing file /home/airflow/.local/lib/python3.8/site-packages/airflow/example_dags/example_python_operator.py for tasks to queue
[2025-11-10T00:56:05.177+0000] {logging_mixin.py:188} INFO - [2025-11-10T00:56:05.176+0000] {dagbag.py:538} INFO - Filling up the DagBag from /home/airflow/.local/lib/python3.8/site-packages/airflow/example_dags/example_python_operator.py
[2025-11-10T00:56:05.196+0000] {processor.py:840} INFO - DAG(s) 'example_python_operator' retrieved from /home/airflow/.local/lib/python3.8/site-packages/airflow/example_dags/example_python_operator.py
[2025-11-10T00:56:05.240+0000] {logging_mixin.py:188} INFO - [2025-11-10T00:56:05.240+0000] {dag.py:3036} INFO - Sync 1 DAGs
[2025-11-10T00:56:05.262+0000] {logging_mixin.py:188} INFO - [2025-11-10T00:56:05.262+0000] {dag.py:3823} INFO - Setting next_dagrun for example_python_operator to None, run_after=None
[2025-11-10T00:56:05.301+0000] {processor.py:183} INFO - Processing /home/airflow/.local/lib/python3.8/site-packages/airflow/example_dags/example_python_operator.py took 0.134 seconds
[2025-11-10T00:56:35.698+0000] {processor.py:161} INFO - Started process (PID=1549) to work on /home/airflow/.local/lib/python3.8/site-packages/airflow/example_dags/example_python_operator.py
[2025-11-10T00:56:35.700+0000] {processor.py:830} INFO - Processing file /home/airflow/.local/lib/python3.8/site-packages/airflow/example_dags/example_python_operator.py for tasks to queue
[2025-11-10T00:56:35.702+0000] {logging_mixin.py:188} INFO - [2025-11-10T00:56:35.701+0000] {dagbag.py:538} INFO - Filling up the DagBag from /home/airflow/.local/lib/python3.8/site-packages/airflow/example_dags/example_python_operator.py
[2025-11-10T00:56:35.731+0000] {processor.py:840} INFO - DAG(s) 'example_python_operator' retrieved from /home/airflow/.local/lib/python3.8/site-packages/airflow/example_dags/example_python_operator.py
[2025-11-10T00:56:35.812+0000] {logging_mixin.py:188} INFO - [2025-11-10T00:56:35.812+0000] {dag.py:3036} INFO - Sync 1 DAGs
[2025-11-10T00:56:35.851+0000] {logging_mixin.py:188} INFO - [2025-11-10T00:56:35.850+0000] {dag.py:3823} INFO - Setting next_dagrun for example_python_operator to None, run_after=None
[2025-11-10T00:56:35.936+0000] {processor.py:183} INFO - Processing /home/airflow/.local/lib/python3.8/site-packages/airflow/example_dags/example_python_operator.py took 0.243 seconds
[2025-11-10T00:57:06.603+0000] {processor.py:161} INFO - Started process (PID=1646) to work on /home/airflow/.local/lib/python3.8/site-packages/airflow/example_dags/example_python_operator.py
[2025-11-10T00:57:06.603+0000] {processor.py:830} INFO - Processing file /home/airflow/.local/lib/python3.8/site-packages/airflow/example_dags/example_python_operator.py for tasks to queue
[2025-11-10T00:57:06.605+0000] {logging_mixin.py:188} INFO - [2025-11-10T00:57:06.604+0000] {dagbag.py:538} INFO - Filling up the DagBag from /home/airflow/.local/lib/python3.8/site-packages/airflow/example_dags/example_python_operator.py
[2025-11-10T00:57:06.619+0000] {processor.py:840} INFO - DAG(s) 'example_python_operator' retrieved from /home/airflow/.local/lib/python3.8/site-packages/airflow/example_dags/example_python_operator.py
[2025-11-10T00:57:06.654+0000] {logging_mixin.py:188} INFO - [2025-11-10T00:57:06.654+0000] {dag.py:3036} INFO - Sync 1 DAGs
[2025-11-10T00:57:06.674+0000] {logging_mixin.py:188} INFO - [2025-11-10T00:57:06.674+0000] {dag.py:3823} INFO - Setting next_dagrun for example_python_operator to None, run_after=None
[2025-11-10T00:57:06.704+0000] {processor.py:183} INFO - Processing /home/airflow/.local/lib/python3.8/site-packages/airflow/example_dags/example_python_operator.py took 0.107 seconds
[2025-11-10T00:57:37.289+0000] {processor.py:161} INFO - Started process (PID=1743) to work on /home/airflow/.local/lib/python3.8/site-packages/airflow/example_dags/example_python_operator.py
[2025-11-10T00:57:37.291+0000] {processor.py:830} INFO - Processing file /home/airflow/.local/lib/python3.8/site-packages/airflow/example_dags/example_python_operator.py for tasks to queue
[2025-11-10T00:57:37.293+0000] {logging_mixin.py:188} INFO - [2025-11-10T00:57:37.292+0000] {dagbag.py:538} INFO - Filling up the DagBag from /home/airflow/.local/lib/python3.8/site-packages/airflow/example_dags/example_python_operator.py
[2025-11-10T00:57:37.307+0000] {processor.py:840} INFO - DAG(s) 'example_python_operator' retrieved from /home/airflow/.local/lib/python3.8/site-packages/airflow/example_dags/example_python_operator.py
[2025-11-10T00:57:37.344+0000] {logging_mixin.py:188} INFO - [2025-11-10T00:57:37.344+0000] {dag.py:3036} INFO - Sync 1 DAGs
[2025-11-10T00:57:37.366+0000] {logging_mixin.py:188} INFO - [2025-11-10T00:57:37.366+0000] {dag.py:3823} INFO - Setting next_dagrun for example_python_operator to None, run_after=None
[2025-11-10T00:57:37.396+0000] {processor.py:183} INFO - Processing /home/airflow/.local/lib/python3.8/site-packages/airflow/example_dags/example_python_operator.py took 0.112 seconds
[2025-11-10T00:58:07.585+0000] {processor.py:161} INFO - Started process (PID=1840) to work on /home/airflow/.local/lib/python3.8/site-packages/airflow/example_dags/example_python_operator.py
[2025-11-10T00:58:07.586+0000] {processor.py:830} INFO - Processing file /home/airflow/.local/lib/python3.8/site-packages/airflow/example_dags/example_python_operator.py for tasks to queue
[2025-11-10T00:58:07.587+0000] {logging_mixin.py:188} INFO - [2025-11-10T00:58:07.587+0000] {dagbag.py:538} INFO - Filling up the DagBag from /home/airflow/.local/lib/python3.8/site-packages/airflow/example_dags/example_python_operator.py
[2025-11-10T00:58:07.603+0000] {processor.py:840} INFO - DAG(s) 'example_python_operator' retrieved from /home/airflow/.local/lib/python3.8/site-packages/airflow/example_dags/example_python_operator.py
[2025-11-10T00:58:07.643+0000] {logging_mixin.py:188} INFO - [2025-11-10T00:58:07.642+0000] {dag.py:3036} INFO - Sync 1 DAGs
[2025-11-10T00:58:07.662+0000] {logging_mixin.py:188} INFO - [2025-11-10T00:58:07.662+0000] {dag.py:3823} INFO - Setting next_dagrun for example_python_operator to None, run_after=None
[2025-11-10T00:58:07.694+0000] {processor.py:183} INFO - Processing /home/airflow/.local/lib/python3.8/site-packages/airflow/example_dags/example_python_operator.py took 0.112 seconds
[2025-11-10T00:58:37.873+0000] {processor.py:161} INFO - Started process (PID=1937) to work on /home/airflow/.local/lib/python3.8/site-packages/airflow/example_dags/example_python_operator.py
[2025-11-10T00:58:37.875+0000] {processor.py:830} INFO - Processing file /home/airflow/.local/lib/python3.8/site-packages/airflow/example_dags/example_python_operator.py for tasks to queue
[2025-11-10T00:58:37.877+0000] {logging_mixin.py:188} INFO - [2025-11-10T00:58:37.877+0000] {dagbag.py:538} INFO - Filling up the DagBag from /home/airflow/.local/lib/python3.8/site-packages/airflow/example_dags/example_python_operator.py
[2025-11-10T00:58:37.898+0000] {processor.py:840} INFO - DAG(s) 'example_python_operator' retrieved from /home/airflow/.local/lib/python3.8/site-packages/airflow/example_dags/example_python_operator.py
[2025-11-10T00:58:37.944+0000] {logging_mixin.py:188} INFO - [2025-11-10T00:58:37.943+0000] {dag.py:3036} INFO - Sync 1 DAGs
[2025-11-10T00:58:37.963+0000] {logging_mixin.py:188} INFO - [2025-11-10T00:58:37.962+0000] {dag.py:3823} INFO - Setting next_dagrun for example_python_operator to None, run_after=None
[2025-11-10T00:58:38.005+0000] {processor.py:183} INFO - Processing /home/airflow/.local/lib/python3.8/site-packages/airflow/example_dags/example_python_operator.py took 0.138 seconds
[2025-11-10T00:59:08.284+0000] {processor.py:161} INFO - Started process (PID=2034) to work on /home/airflow/.local/lib/python3.8/site-packages/airflow/example_dags/example_python_operator.py
[2025-11-10T00:59:08.286+0000] {processor.py:830} INFO - Processing file /home/airflow/.local/lib/python3.8/site-packages/airflow/example_dags/example_python_operator.py for tasks to queue
[2025-11-10T00:59:08.287+0000] {logging_mixin.py:188} INFO - [2025-11-10T00:59:08.287+0000] {dagbag.py:538} INFO - Filling up the DagBag from /home/airflow/.local/lib/python3.8/site-packages/airflow/example_dags/example_python_operator.py
[2025-11-10T00:59:08.303+0000] {processor.py:840} INFO - DAG(s) 'example_python_operator' retrieved from /home/airflow/.local/lib/python3.8/site-packages/airflow/example_dags/example_python_operator.py
[2025-11-10T00:59:08.346+0000] {logging_mixin.py:188} INFO - [2025-11-10T00:59:08.345+0000] {dag.py:3036} INFO - Sync 1 DAGs
[2025-11-10T00:59:08.380+0000] {logging_mixin.py:188} INFO - [2025-11-10T00:59:08.380+0000] {dag.py:3823} INFO - Setting next_dagrun for example_python_operator to None, run_after=None
[2025-11-10T00:59:08.416+0000] {processor.py:183} INFO - Processing /home/airflow/.local/lib/python3.8/site-packages/airflow/example_dags/example_python_operator.py took 0.139 seconds
[2025-11-10T00:59:38.496+0000] {processor.py:161} INFO - Started process (PID=2138) to work on /home/airflow/.local/lib/python3.8/site-packages/airflow/example_dags/example_python_operator.py
[2025-11-10T00:59:38.498+0000] {processor.py:830} INFO - Processing file /home/airflow/.local/lib/python3.8/site-packages/airflow/example_dags/example_python_operator.py for tasks to queue
[2025-11-10T00:59:38.500+0000] {logging_mixin.py:188} INFO - [2025-11-10T00:59:38.499+0000] {dagbag.py:538} INFO - Filling up the DagBag from /home/airflow/.local/lib/python3.8/site-packages/airflow/example_dags/example_python_operator.py
[2025-11-10T00:59:38.513+0000] {processor.py:840} INFO - DAG(s) 'example_python_operator' retrieved from /home/airflow/.local/lib/python3.8/site-packages/airflow/example_dags/example_python_operator.py
[2025-11-10T00:59:38.549+0000] {logging_mixin.py:188} INFO - [2025-11-10T00:59:38.549+0000] {dag.py:3036} INFO - Sync 1 DAGs
[2025-11-10T00:59:38.565+0000] {logging_mixin.py:188} INFO - [2025-11-10T00:59:38.565+0000] {dag.py:3823} INFO - Setting next_dagrun for example_python_operator to None, run_after=None
[2025-11-10T00:59:38.590+0000] {processor.py:183} INFO - Processing /home/airflow/.local/lib/python3.8/site-packages/airflow/example_dags/example_python_operator.py took 0.098 seconds
[2025-11-10T01:00:08.717+0000] {processor.py:161} INFO - Started process (PID=2250) to work on /home/airflow/.local/lib/python3.8/site-packages/airflow/example_dags/example_python_operator.py
[2025-11-10T01:00:08.719+0000] {processor.py:830} INFO - Processing file /home/airflow/.local/lib/python3.8/site-packages/airflow/example_dags/example_python_operator.py for tasks to queue
[2025-11-10T01:00:08.720+0000] {logging_mixin.py:188} INFO - [2025-11-10T01:00:08.720+0000] {dagbag.py:538} INFO - Filling up the DagBag from /home/airflow/.local/lib/python3.8/site-packages/airflow/example_dags/example_python_operator.py
[2025-11-10T01:00:08.733+0000] {processor.py:840} INFO - DAG(s) 'example_python_operator' retrieved from /home/airflow/.local/lib/python3.8/site-packages/airflow/example_dags/example_python_operator.py
[2025-11-10T01:00:08.768+0000] {logging_mixin.py:188} INFO - [2025-11-10T01:00:08.768+0000] {dag.py:3036} INFO - Sync 1 DAGs
[2025-11-10T01:00:08.784+0000] {logging_mixin.py:188} INFO - [2025-11-10T01:00:08.783+0000] {dag.py:3823} INFO - Setting next_dagrun for example_python_operator to None, run_after=None
[2025-11-10T01:00:08.810+0000] {processor.py:183} INFO - Processing /home/airflow/.local/lib/python3.8/site-packages/airflow/example_dags/example_python_operator.py took 0.097 seconds
[2025-11-10T01:00:39.103+0000] {processor.py:161} INFO - Started process (PID=2347) to work on /home/airflow/.local/lib/python3.8/site-packages/airflow/example_dags/example_python_operator.py
[2025-11-10T01:00:39.104+0000] {processor.py:830} INFO - Processing file /home/airflow/.local/lib/python3.8/site-packages/airflow/example_dags/example_python_operator.py for tasks to queue
[2025-11-10T01:00:39.106+0000] {logging_mixin.py:188} INFO - [2025-11-10T01:00:39.105+0000] {dagbag.py:538} INFO - Filling up the DagBag from /home/airflow/.local/lib/python3.8/site-packages/airflow/example_dags/example_python_operator.py
[2025-11-10T01:00:39.124+0000] {processor.py:840} INFO - DAG(s) 'example_python_operator' retrieved from /home/airflow/.local/lib/python3.8/site-packages/airflow/example_dags/example_python_operator.py
[2025-11-10T01:00:39.161+0000] {logging_mixin.py:188} INFO - [2025-11-10T01:00:39.161+0000] {dag.py:3036} INFO - Sync 1 DAGs
[2025-11-10T01:00:39.180+0000] {logging_mixin.py:188} INFO - [2025-11-10T01:00:39.180+0000] {dag.py:3823} INFO - Setting next_dagrun for example_python_operator to None, run_after=None
[2025-11-10T01:00:39.210+0000] {processor.py:183} INFO - Processing /home/airflow/.local/lib/python3.8/site-packages/airflow/example_dags/example_python_operator.py took 0.111 seconds
[2025-11-10T01:01:09.811+0000] {processor.py:161} INFO - Started process (PID=2444) to work on /home/airflow/.local/lib/python3.8/site-packages/airflow/example_dags/example_python_operator.py
[2025-11-10T01:01:09.812+0000] {processor.py:830} INFO - Processing file /home/airflow/.local/lib/python3.8/site-packages/airflow/example_dags/example_python_operator.py for tasks to queue
[2025-11-10T01:01:09.813+0000] {logging_mixin.py:188} INFO - [2025-11-10T01:01:09.813+0000] {dagbag.py:538} INFO - Filling up the DagBag from /home/airflow/.local/lib/python3.8/site-packages/airflow/example_dags/example_python_operator.py
[2025-11-10T01:01:09.828+0000] {processor.py:840} INFO - DAG(s) 'example_python_operator' retrieved from /home/airflow/.local/lib/python3.8/site-packages/airflow/example_dags/example_python_operator.py
[2025-11-10T01:01:09.865+0000] {logging_mixin.py:188} INFO - [2025-11-10T01:01:09.865+0000] {dag.py:3036} INFO - Sync 1 DAGs
[2025-11-10T01:01:09.884+0000] {logging_mixin.py:188} INFO - [2025-11-10T01:01:09.883+0000] {dag.py:3823} INFO - Setting next_dagrun for example_python_operator to None, run_after=None
[2025-11-10T01:01:09.920+0000] {processor.py:183} INFO - Processing /home/airflow/.local/lib/python3.8/site-packages/airflow/example_dags/example_python_operator.py took 0.112 seconds
[2025-11-10T01:01:40.185+0000] {processor.py:161} INFO - Started process (PID=2541) to work on /home/airflow/.local/lib/python3.8/site-packages/airflow/example_dags/example_python_operator.py
[2025-11-10T01:01:40.186+0000] {processor.py:830} INFO - Processing file /home/airflow/.local/lib/python3.8/site-packages/airflow/example_dags/example_python_operator.py for tasks to queue
[2025-11-10T01:01:40.188+0000] {logging_mixin.py:188} INFO - [2025-11-10T01:01:40.187+0000] {dagbag.py:538} INFO - Filling up the DagBag from /home/airflow/.local/lib/python3.8/site-packages/airflow/example_dags/example_python_operator.py
[2025-11-10T01:01:40.202+0000] {processor.py:840} INFO - DAG(s) 'example_python_operator' retrieved from /home/airflow/.local/lib/python3.8/site-packages/airflow/example_dags/example_python_operator.py
[2025-11-10T01:01:40.233+0000] {logging_mixin.py:188} INFO - [2025-11-10T01:01:40.233+0000] {dag.py:3036} INFO - Sync 1 DAGs
[2025-11-10T01:01:40.248+0000] {logging_mixin.py:188} INFO - [2025-11-10T01:01:40.248+0000] {dag.py:3823} INFO - Setting next_dagrun for example_python_operator to None, run_after=None
[2025-11-10T01:01:40.272+0000] {processor.py:183} INFO - Processing /home/airflow/.local/lib/python3.8/site-packages/airflow/example_dags/example_python_operator.py took 0.092 seconds
[2025-11-10T01:02:11.110+0000] {processor.py:161} INFO - Started process (PID=2646) to work on /home/airflow/.local/lib/python3.8/site-packages/airflow/example_dags/example_python_operator.py
[2025-11-10T01:02:11.112+0000] {processor.py:830} INFO - Processing file /home/airflow/.local/lib/python3.8/site-packages/airflow/example_dags/example_python_operator.py for tasks to queue
[2025-11-10T01:02:11.114+0000] {logging_mixin.py:188} INFO - [2025-11-10T01:02:11.114+0000] {dagbag.py:538} INFO - Filling up the DagBag from /home/airflow/.local/lib/python3.8/site-packages/airflow/example_dags/example_python_operator.py
[2025-11-10T01:02:11.129+0000] {processor.py:840} INFO - DAG(s) 'example_python_operator' retrieved from /home/airflow/.local/lib/python3.8/site-packages/airflow/example_dags/example_python_operator.py
[2025-11-10T01:02:11.163+0000] {logging_mixin.py:188} INFO - [2025-11-10T01:02:11.163+0000] {dag.py:3036} INFO - Sync 1 DAGs
[2025-11-10T01:02:11.181+0000] {logging_mixin.py:188} INFO - [2025-11-10T01:02:11.180+0000] {dag.py:3823} INFO - Setting next_dagrun for example_python_operator to None, run_after=None
[2025-11-10T01:02:11.206+0000] {processor.py:183} INFO - Processing /home/airflow/.local/lib/python3.8/site-packages/airflow/example_dags/example_python_operator.py took 0.101 seconds
[2025-11-10T01:02:41.811+0000] {processor.py:161} INFO - Started process (PID=2758) to work on /home/airflow/.local/lib/python3.8/site-packages/airflow/example_dags/example_python_operator.py
[2025-11-10T01:02:41.812+0000] {processor.py:830} INFO - Processing file /home/airflow/.local/lib/python3.8/site-packages/airflow/example_dags/example_python_operator.py for tasks to queue
[2025-11-10T01:02:41.814+0000] {logging_mixin.py:188} INFO - [2025-11-10T01:02:41.813+0000] {dagbag.py:538} INFO - Filling up the DagBag from /home/airflow/.local/lib/python3.8/site-packages/airflow/example_dags/example_python_operator.py
[2025-11-10T01:02:41.829+0000] {processor.py:840} INFO - DAG(s) 'example_python_operator' retrieved from /home/airflow/.local/lib/python3.8/site-packages/airflow/example_dags/example_python_operator.py
[2025-11-10T01:02:41.863+0000] {logging_mixin.py:188} INFO - [2025-11-10T01:02:41.862+0000] {dag.py:3036} INFO - Sync 1 DAGs
[2025-11-10T01:02:41.879+0000] {logging_mixin.py:188} INFO - [2025-11-10T01:02:41.878+0000] {dag.py:3823} INFO - Setting next_dagrun for example_python_operator to None, run_after=None
[2025-11-10T01:02:41.906+0000] {processor.py:183} INFO - Processing /home/airflow/.local/lib/python3.8/site-packages/airflow/example_dags/example_python_operator.py took 0.101 seconds
[2025-11-10T01:03:12.139+0000] {processor.py:161} INFO - Started process (PID=2855) to work on /home/airflow/.local/lib/python3.8/site-packages/airflow/example_dags/example_python_operator.py
[2025-11-10T01:03:12.140+0000] {processor.py:830} INFO - Processing file /home/airflow/.local/lib/python3.8/site-packages/airflow/example_dags/example_python_operator.py for tasks to queue
[2025-11-10T01:03:12.142+0000] {logging_mixin.py:188} INFO - [2025-11-10T01:03:12.141+0000] {dagbag.py:538} INFO - Filling up the DagBag from /home/airflow/.local/lib/python3.8/site-packages/airflow/example_dags/example_python_operator.py
[2025-11-10T01:03:12.157+0000] {processor.py:840} INFO - DAG(s) 'example_python_operator' retrieved from /home/airflow/.local/lib/python3.8/site-packages/airflow/example_dags/example_python_operator.py
[2025-11-10T01:03:12.189+0000] {logging_mixin.py:188} INFO - [2025-11-10T01:03:12.189+0000] {dag.py:3036} INFO - Sync 1 DAGs
[2025-11-10T01:03:12.207+0000] {logging_mixin.py:188} INFO - [2025-11-10T01:03:12.207+0000] {dag.py:3823} INFO - Setting next_dagrun for example_python_operator to None, run_after=None
[2025-11-10T01:03:12.232+0000] {processor.py:183} INFO - Processing /home/airflow/.local/lib/python3.8/site-packages/airflow/example_dags/example_python_operator.py took 0.097 seconds
[2025-11-10T01:03:42.802+0000] {processor.py:161} INFO - Started process (PID=2952) to work on /home/airflow/.local/lib/python3.8/site-packages/airflow/example_dags/example_python_operator.py
[2025-11-10T01:03:42.803+0000] {processor.py:830} INFO - Processing file /home/airflow/.local/lib/python3.8/site-packages/airflow/example_dags/example_python_operator.py for tasks to queue
[2025-11-10T01:03:42.804+0000] {logging_mixin.py:188} INFO - [2025-11-10T01:03:42.804+0000] {dagbag.py:538} INFO - Filling up the DagBag from /home/airflow/.local/lib/python3.8/site-packages/airflow/example_dags/example_python_operator.py
[2025-11-10T01:03:42.817+0000] {processor.py:840} INFO - DAG(s) 'example_python_operator' retrieved from /home/airflow/.local/lib/python3.8/site-packages/airflow/example_dags/example_python_operator.py
[2025-11-10T01:03:42.850+0000] {logging_mixin.py:188} INFO - [2025-11-10T01:03:42.850+0000] {dag.py:3036} INFO - Sync 1 DAGs
[2025-11-10T01:03:42.864+0000] {logging_mixin.py:188} INFO - [2025-11-10T01:03:42.864+0000] {dag.py:3823} INFO - Setting next_dagrun for example_python_operator to None, run_after=None
[2025-11-10T01:03:42.891+0000] {processor.py:183} INFO - Processing /home/airflow/.local/lib/python3.8/site-packages/airflow/example_dags/example_python_operator.py took 0.093 seconds
[2025-11-10T01:04:13.007+0000] {processor.py:161} INFO - Started process (PID=3049) to work on /home/airflow/.local/lib/python3.8/site-packages/airflow/example_dags/example_python_operator.py
[2025-11-10T01:04:13.008+0000] {processor.py:830} INFO - Processing file /home/airflow/.local/lib/python3.8/site-packages/airflow/example_dags/example_python_operator.py for tasks to queue
[2025-11-10T01:04:13.010+0000] {logging_mixin.py:188} INFO - [2025-11-10T01:04:13.009+0000] {dagbag.py:538} INFO - Filling up the DagBag from /home/airflow/.local/lib/python3.8/site-packages/airflow/example_dags/example_python_operator.py
[2025-11-10T01:04:13.026+0000] {processor.py:840} INFO - DAG(s) 'example_python_operator' retrieved from /home/airflow/.local/lib/python3.8/site-packages/airflow/example_dags/example_python_operator.py
[2025-11-10T01:04:13.061+0000] {logging_mixin.py:188} INFO - [2025-11-10T01:04:13.060+0000] {dag.py:3036} INFO - Sync 1 DAGs
[2025-11-10T01:04:13.089+0000] {logging_mixin.py:188} INFO - [2025-11-10T01:04:13.088+0000] {dag.py:3823} INFO - Setting next_dagrun for example_python_operator to None, run_after=None
[2025-11-10T01:04:13.133+0000] {processor.py:183} INFO - Processing /home/airflow/.local/lib/python3.8/site-packages/airflow/example_dags/example_python_operator.py took 0.131 seconds
[2025-11-10T01:04:43.538+0000] {processor.py:161} INFO - Started process (PID=3146) to work on /home/airflow/.local/lib/python3.8/site-packages/airflow/example_dags/example_python_operator.py
[2025-11-10T01:04:43.540+0000] {processor.py:830} INFO - Processing file /home/airflow/.local/lib/python3.8/site-packages/airflow/example_dags/example_python_operator.py for tasks to queue
[2025-11-10T01:04:43.542+0000] {logging_mixin.py:188} INFO - [2025-11-10T01:04:43.541+0000] {dagbag.py:538} INFO - Filling up the DagBag from /home/airflow/.local/lib/python3.8/site-packages/airflow/example_dags/example_python_operator.py
[2025-11-10T01:04:43.558+0000] {processor.py:840} INFO - DAG(s) 'example_python_operator' retrieved from /home/airflow/.local/lib/python3.8/site-packages/airflow/example_dags/example_python_operator.py
[2025-11-10T01:04:43.605+0000] {logging_mixin.py:188} INFO - [2025-11-10T01:04:43.605+0000] {dag.py:3036} INFO - Sync 1 DAGs
[2025-11-10T01:04:43.626+0000] {logging_mixin.py:188} INFO - [2025-11-10T01:04:43.626+0000] {dag.py:3823} INFO - Setting next_dagrun for example_python_operator to None, run_after=None
[2025-11-10T01:04:43.661+0000] {processor.py:183} INFO - Processing /home/airflow/.local/lib/python3.8/site-packages/airflow/example_dags/example_python_operator.py took 0.127 seconds
[2025-11-10T01:05:13.887+0000] {processor.py:161} INFO - Started process (PID=3264) to work on /home/airflow/.local/lib/python3.8/site-packages/airflow/example_dags/example_python_operator.py
[2025-11-10T01:05:13.888+0000] {processor.py:830} INFO - Processing file /home/airflow/.local/lib/python3.8/site-packages/airflow/example_dags/example_python_operator.py for tasks to queue
[2025-11-10T01:05:13.889+0000] {logging_mixin.py:188} INFO - [2025-11-10T01:05:13.889+0000] {dagbag.py:538} INFO - Filling up the DagBag from /home/airflow/.local/lib/python3.8/site-packages/airflow/example_dags/example_python_operator.py
[2025-11-10T01:05:13.902+0000] {processor.py:840} INFO - DAG(s) 'example_python_operator' retrieved from /home/airflow/.local/lib/python3.8/site-packages/airflow/example_dags/example_python_operator.py
[2025-11-10T01:05:13.936+0000] {logging_mixin.py:188} INFO - [2025-11-10T01:05:13.935+0000] {dag.py:3036} INFO - Sync 1 DAGs
[2025-11-10T01:05:13.951+0000] {logging_mixin.py:188} INFO - [2025-11-10T01:05:13.950+0000] {dag.py:3823} INFO - Setting next_dagrun for example_python_operator to None, run_after=None
[2025-11-10T01:05:13.990+0000] {processor.py:183} INFO - Processing /home/airflow/.local/lib/python3.8/site-packages/airflow/example_dags/example_python_operator.py took 0.107 seconds
[2025-11-10T01:05:44.361+0000] {processor.py:161} INFO - Started process (PID=3361) to work on /home/airflow/.local/lib/python3.8/site-packages/airflow/example_dags/example_python_operator.py
[2025-11-10T01:05:44.362+0000] {processor.py:830} INFO - Processing file /home/airflow/.local/lib/python3.8/site-packages/airflow/example_dags/example_python_operator.py for tasks to queue
[2025-11-10T01:05:44.364+0000] {logging_mixin.py:188} INFO - [2025-11-10T01:05:44.363+0000] {dagbag.py:538} INFO - Filling up the DagBag from /home/airflow/.local/lib/python3.8/site-packages/airflow/example_dags/example_python_operator.py
[2025-11-10T01:05:44.379+0000] {processor.py:840} INFO - DAG(s) 'example_python_operator' retrieved from /home/airflow/.local/lib/python3.8/site-packages/airflow/example_dags/example_python_operator.py
[2025-11-10T01:05:44.415+0000] {logging_mixin.py:188} INFO - [2025-11-10T01:05:44.415+0000] {dag.py:3036} INFO - Sync 1 DAGs
[2025-11-10T01:05:44.430+0000] {logging_mixin.py:188} INFO - [2025-11-10T01:05:44.430+0000] {dag.py:3823} INFO - Setting next_dagrun for example_python_operator to None, run_after=None
[2025-11-10T01:05:44.456+0000] {processor.py:183} INFO - Processing /home/airflow/.local/lib/python3.8/site-packages/airflow/example_dags/example_python_operator.py took 0.100 seconds
[2025-11-10T01:06:14.597+0000] {processor.py:161} INFO - Started process (PID=3459) to work on /home/airflow/.local/lib/python3.8/site-packages/airflow/example_dags/example_python_operator.py
[2025-11-10T01:06:14.599+0000] {processor.py:830} INFO - Processing file /home/airflow/.local/lib/python3.8/site-packages/airflow/example_dags/example_python_operator.py for tasks to queue
[2025-11-10T01:06:14.600+0000] {logging_mixin.py:188} INFO - [2025-11-10T01:06:14.600+0000] {dagbag.py:538} INFO - Filling up the DagBag from /home/airflow/.local/lib/python3.8/site-packages/airflow/example_dags/example_python_operator.py
[2025-11-10T01:06:14.612+0000] {processor.py:840} INFO - DAG(s) 'example_python_operator' retrieved from /home/airflow/.local/lib/python3.8/site-packages/airflow/example_dags/example_python_operator.py
[2025-11-10T01:06:14.646+0000] {logging_mixin.py:188} INFO - [2025-11-10T01:06:14.645+0000] {dag.py:3036} INFO - Sync 1 DAGs
[2025-11-10T01:06:14.665+0000] {logging_mixin.py:188} INFO - [2025-11-10T01:06:14.665+0000] {dag.py:3823} INFO - Setting next_dagrun for example_python_operator to None, run_after=None
[2025-11-10T01:06:14.691+0000] {processor.py:183} INFO - Processing /home/airflow/.local/lib/python3.8/site-packages/airflow/example_dags/example_python_operator.py took 0.098 seconds
[2025-11-10T01:06:45.472+0000] {processor.py:161} INFO - Started process (PID=3556) to work on /home/airflow/.local/lib/python3.8/site-packages/airflow/example_dags/example_python_operator.py
[2025-11-10T01:06:45.473+0000] {processor.py:830} INFO - Processing file /home/airflow/.local/lib/python3.8/site-packages/airflow/example_dags/example_python_operator.py for tasks to queue
[2025-11-10T01:06:45.475+0000] {logging_mixin.py:188} INFO - [2025-11-10T01:06:45.474+0000] {dagbag.py:538} INFO - Filling up the DagBag from /home/airflow/.local/lib/python3.8/site-packages/airflow/example_dags/example_python_operator.py
[2025-11-10T01:06:45.488+0000] {processor.py:840} INFO - DAG(s) 'example_python_operator' retrieved from /home/airflow/.local/lib/python3.8/site-packages/airflow/example_dags/example_python_operator.py
[2025-11-10T01:06:45.521+0000] {logging_mixin.py:188} INFO - [2025-11-10T01:06:45.520+0000] {dag.py:3036} INFO - Sync 1 DAGs
[2025-11-10T01:06:45.538+0000] {logging_mixin.py:188} INFO - [2025-11-10T01:06:45.537+0000] {dag.py:3823} INFO - Setting next_dagrun for example_python_operator to None, run_after=None
[2025-11-10T01:06:45.566+0000] {processor.py:183} INFO - Processing /home/airflow/.local/lib/python3.8/site-packages/airflow/example_dags/example_python_operator.py took 0.098 seconds
[2025-11-10T01:07:16.216+0000] {processor.py:161} INFO - Started process (PID=3661) to work on /home/airflow/.local/lib/python3.8/site-packages/airflow/example_dags/example_python_operator.py
[2025-11-10T01:07:16.217+0000] {processor.py:830} INFO - Processing file /home/airflow/.local/lib/python3.8/site-packages/airflow/example_dags/example_python_operator.py for tasks to queue
[2025-11-10T01:07:16.218+0000] {logging_mixin.py:188} INFO - [2025-11-10T01:07:16.218+0000] {dagbag.py:538} INFO - Filling up the DagBag from /home/airflow/.local/lib/python3.8/site-packages/airflow/example_dags/example_python_operator.py
[2025-11-10T01:07:16.230+0000] {processor.py:840} INFO - DAG(s) 'example_python_operator' retrieved from /home/airflow/.local/lib/python3.8/site-packages/airflow/example_dags/example_python_operator.py
[2025-11-10T01:07:16.264+0000] {logging_mixin.py:188} INFO - [2025-11-10T01:07:16.264+0000] {dag.py:3036} INFO - Sync 1 DAGs
[2025-11-10T01:07:16.292+0000] {logging_mixin.py:188} INFO - [2025-11-10T01:07:16.291+0000] {dag.py:3823} INFO - Setting next_dagrun for example_python_operator to None, run_after=None
[2025-11-10T01:07:16.320+0000] {processor.py:183} INFO - Processing /home/airflow/.local/lib/python3.8/site-packages/airflow/example_dags/example_python_operator.py took 0.109 seconds
[2025-11-10T02:09:04.435+0000] {processor.py:161} INFO - Started process (PID=160) to work on /home/airflow/.local/lib/python3.8/site-packages/airflow/example_dags/example_python_operator.py
[2025-11-10T02:09:04.438+0000] {processor.py:830} INFO - Processing file /home/airflow/.local/lib/python3.8/site-packages/airflow/example_dags/example_python_operator.py for tasks to queue
[2025-11-10T02:09:04.440+0000] {logging_mixin.py:188} INFO - [2025-11-10T02:09:04.439+0000] {dagbag.py:538} INFO - Filling up the DagBag from /home/airflow/.local/lib/python3.8/site-packages/airflow/example_dags/example_python_operator.py
[2025-11-10T02:09:04.465+0000] {processor.py:840} INFO - DAG(s) 'example_python_operator' retrieved from /home/airflow/.local/lib/python3.8/site-packages/airflow/example_dags/example_python_operator.py
[2025-11-10T02:09:04.757+0000] {logging_mixin.py:188} INFO - [2025-11-10T02:09:04.756+0000] {dag.py:3036} INFO - Sync 1 DAGs
[2025-11-10T02:09:04.778+0000] {logging_mixin.py:188} INFO - [2025-11-10T02:09:04.777+0000] {dag.py:3823} INFO - Setting next_dagrun for example_python_operator to None, run_after=None
[2025-11-10T02:09:04.818+0000] {processor.py:183} INFO - Processing /home/airflow/.local/lib/python3.8/site-packages/airflow/example_dags/example_python_operator.py took 0.392 seconds
[2025-11-10T02:09:35.140+0000] {processor.py:161} INFO - Started process (PID=257) to work on /home/airflow/.local/lib/python3.8/site-packages/airflow/example_dags/example_python_operator.py
[2025-11-10T02:09:35.141+0000] {processor.py:830} INFO - Processing file /home/airflow/.local/lib/python3.8/site-packages/airflow/example_dags/example_python_operator.py for tasks to queue
[2025-11-10T02:09:35.142+0000] {logging_mixin.py:188} INFO - [2025-11-10T02:09:35.142+0000] {dagbag.py:538} INFO - Filling up the DagBag from /home/airflow/.local/lib/python3.8/site-packages/airflow/example_dags/example_python_operator.py
[2025-11-10T02:09:35.158+0000] {processor.py:840} INFO - DAG(s) 'example_python_operator' retrieved from /home/airflow/.local/lib/python3.8/site-packages/airflow/example_dags/example_python_operator.py
[2025-11-10T02:09:35.197+0000] {logging_mixin.py:188} INFO - [2025-11-10T02:09:35.197+0000] {dag.py:3036} INFO - Sync 1 DAGs
[2025-11-10T02:09:35.217+0000] {logging_mixin.py:188} INFO - [2025-11-10T02:09:35.216+0000] {dag.py:3823} INFO - Setting next_dagrun for example_python_operator to None, run_after=None
[2025-11-10T02:09:35.250+0000] {processor.py:183} INFO - Processing /home/airflow/.local/lib/python3.8/site-packages/airflow/example_dags/example_python_operator.py took 0.116 seconds
[2025-11-10T02:10:06.117+0000] {processor.py:161} INFO - Started process (PID=354) to work on /home/airflow/.local/lib/python3.8/site-packages/airflow/example_dags/example_python_operator.py
[2025-11-10T02:10:06.120+0000] {processor.py:830} INFO - Processing file /home/airflow/.local/lib/python3.8/site-packages/airflow/example_dags/example_python_operator.py for tasks to queue
[2025-11-10T02:10:06.122+0000] {logging_mixin.py:188} INFO - [2025-11-10T02:10:06.122+0000] {dagbag.py:538} INFO - Filling up the DagBag from /home/airflow/.local/lib/python3.8/site-packages/airflow/example_dags/example_python_operator.py
[2025-11-10T02:10:06.141+0000] {processor.py:840} INFO - DAG(s) 'example_python_operator' retrieved from /home/airflow/.local/lib/python3.8/site-packages/airflow/example_dags/example_python_operator.py
[2025-11-10T02:10:06.185+0000] {logging_mixin.py:188} INFO - [2025-11-10T02:10:06.185+0000] {dag.py:3036} INFO - Sync 1 DAGs
[2025-11-10T02:10:06.210+0000] {logging_mixin.py:188} INFO - [2025-11-10T02:10:06.210+0000] {dag.py:3823} INFO - Setting next_dagrun for example_python_operator to None, run_after=None
[2025-11-10T02:10:06.254+0000] {processor.py:183} INFO - Processing /home/airflow/.local/lib/python3.8/site-packages/airflow/example_dags/example_python_operator.py took 0.140 seconds
[2025-11-10T02:10:36.748+0000] {processor.py:161} INFO - Started process (PID=448) to work on /home/airflow/.local/lib/python3.8/site-packages/airflow/example_dags/example_python_operator.py
[2025-11-10T02:10:36.749+0000] {processor.py:830} INFO - Processing file /home/airflow/.local/lib/python3.8/site-packages/airflow/example_dags/example_python_operator.py for tasks to queue
[2025-11-10T02:10:36.751+0000] {logging_mixin.py:188} INFO - [2025-11-10T02:10:36.751+0000] {dagbag.py:538} INFO - Filling up the DagBag from /home/airflow/.local/lib/python3.8/site-packages/airflow/example_dags/example_python_operator.py
[2025-11-10T02:10:36.771+0000] {processor.py:840} INFO - DAG(s) 'example_python_operator' retrieved from /home/airflow/.local/lib/python3.8/site-packages/airflow/example_dags/example_python_operator.py
[2025-11-10T02:10:36.810+0000] {logging_mixin.py:188} INFO - [2025-11-10T02:10:36.809+0000] {dag.py:3036} INFO - Sync 1 DAGs
[2025-11-10T02:10:36.830+0000] {logging_mixin.py:188} INFO - [2025-11-10T02:10:36.830+0000] {dag.py:3823} INFO - Setting next_dagrun for example_python_operator to None, run_after=None
[2025-11-10T02:10:36.859+0000] {processor.py:183} INFO - Processing /home/airflow/.local/lib/python3.8/site-packages/airflow/example_dags/example_python_operator.py took 0.115 seconds
[2025-11-10T02:11:07.164+0000] {processor.py:161} INFO - Started process (PID=545) to work on /home/airflow/.local/lib/python3.8/site-packages/airflow/example_dags/example_python_operator.py
[2025-11-10T02:11:07.165+0000] {processor.py:830} INFO - Processing file /home/airflow/.local/lib/python3.8/site-packages/airflow/example_dags/example_python_operator.py for tasks to queue
[2025-11-10T02:11:07.166+0000] {logging_mixin.py:188} INFO - [2025-11-10T02:11:07.166+0000] {dagbag.py:538} INFO - Filling up the DagBag from /home/airflow/.local/lib/python3.8/site-packages/airflow/example_dags/example_python_operator.py
[2025-11-10T02:11:07.182+0000] {processor.py:840} INFO - DAG(s) 'example_python_operator' retrieved from /home/airflow/.local/lib/python3.8/site-packages/airflow/example_dags/example_python_operator.py
[2025-11-10T02:11:07.215+0000] {logging_mixin.py:188} INFO - [2025-11-10T02:11:07.215+0000] {dag.py:3036} INFO - Sync 1 DAGs
[2025-11-10T02:11:07.237+0000] {logging_mixin.py:188} INFO - [2025-11-10T02:11:07.237+0000] {dag.py:3823} INFO - Setting next_dagrun for example_python_operator to None, run_after=None
[2025-11-10T02:11:07.263+0000] {processor.py:183} INFO - Processing /home/airflow/.local/lib/python3.8/site-packages/airflow/example_dags/example_python_operator.py took 0.104 seconds
[2025-11-10T02:11:38.056+0000] {processor.py:161} INFO - Started process (PID=665) to work on /home/airflow/.local/lib/python3.8/site-packages/airflow/example_dags/example_python_operator.py
[2025-11-10T02:11:38.057+0000] {processor.py:830} INFO - Processing file /home/airflow/.local/lib/python3.8/site-packages/airflow/example_dags/example_python_operator.py for tasks to queue
[2025-11-10T02:11:38.058+0000] {logging_mixin.py:188} INFO - [2025-11-10T02:11:38.058+0000] {dagbag.py:538} INFO - Filling up the DagBag from /home/airflow/.local/lib/python3.8/site-packages/airflow/example_dags/example_python_operator.py
[2025-11-10T02:11:38.072+0000] {processor.py:840} INFO - DAG(s) 'example_python_operator' retrieved from /home/airflow/.local/lib/python3.8/site-packages/airflow/example_dags/example_python_operator.py
[2025-11-10T02:11:38.103+0000] {logging_mixin.py:188} INFO - [2025-11-10T02:11:38.103+0000] {dag.py:3036} INFO - Sync 1 DAGs
[2025-11-10T02:11:38.118+0000] {logging_mixin.py:188} INFO - [2025-11-10T02:11:38.118+0000] {dag.py:3823} INFO - Setting next_dagrun for example_python_operator to None, run_after=None
[2025-11-10T02:11:38.147+0000] {processor.py:183} INFO - Processing /home/airflow/.local/lib/python3.8/site-packages/airflow/example_dags/example_python_operator.py took 0.095 seconds
[2025-11-10T02:12:08.334+0000] {processor.py:161} INFO - Started process (PID=762) to work on /home/airflow/.local/lib/python3.8/site-packages/airflow/example_dags/example_python_operator.py
[2025-11-10T02:12:08.335+0000] {processor.py:830} INFO - Processing file /home/airflow/.local/lib/python3.8/site-packages/airflow/example_dags/example_python_operator.py for tasks to queue
[2025-11-10T02:12:08.336+0000] {logging_mixin.py:188} INFO - [2025-11-10T02:12:08.335+0000] {dagbag.py:538} INFO - Filling up the DagBag from /home/airflow/.local/lib/python3.8/site-packages/airflow/example_dags/example_python_operator.py
[2025-11-10T02:12:08.352+0000] {processor.py:840} INFO - DAG(s) 'example_python_operator' retrieved from /home/airflow/.local/lib/python3.8/site-packages/airflow/example_dags/example_python_operator.py
[2025-11-10T02:12:08.386+0000] {logging_mixin.py:188} INFO - [2025-11-10T02:12:08.386+0000] {dag.py:3036} INFO - Sync 1 DAGs
[2025-11-10T02:12:08.403+0000] {logging_mixin.py:188} INFO - [2025-11-10T02:12:08.402+0000] {dag.py:3823} INFO - Setting next_dagrun for example_python_operator to None, run_after=None
[2025-11-10T02:12:08.432+0000] {processor.py:183} INFO - Processing /home/airflow/.local/lib/python3.8/site-packages/airflow/example_dags/example_python_operator.py took 0.103 seconds
[2025-11-10T02:12:38.674+0000] {processor.py:161} INFO - Started process (PID=859) to work on /home/airflow/.local/lib/python3.8/site-packages/airflow/example_dags/example_python_operator.py
[2025-11-10T02:12:38.675+0000] {processor.py:830} INFO - Processing file /home/airflow/.local/lib/python3.8/site-packages/airflow/example_dags/example_python_operator.py for tasks to queue
[2025-11-10T02:12:38.676+0000] {logging_mixin.py:188} INFO - [2025-11-10T02:12:38.676+0000] {dagbag.py:538} INFO - Filling up the DagBag from /home/airflow/.local/lib/python3.8/site-packages/airflow/example_dags/example_python_operator.py
[2025-11-10T02:12:38.688+0000] {processor.py:840} INFO - DAG(s) 'example_python_operator' retrieved from /home/airflow/.local/lib/python3.8/site-packages/airflow/example_dags/example_python_operator.py
[2025-11-10T02:12:38.722+0000] {logging_mixin.py:188} INFO - [2025-11-10T02:12:38.722+0000] {dag.py:3036} INFO - Sync 1 DAGs
[2025-11-10T02:12:38.739+0000] {logging_mixin.py:188} INFO - [2025-11-10T02:12:38.739+0000] {dag.py:3823} INFO - Setting next_dagrun for example_python_operator to None, run_after=None
[2025-11-10T02:12:38.766+0000] {processor.py:183} INFO - Processing /home/airflow/.local/lib/python3.8/site-packages/airflow/example_dags/example_python_operator.py took 0.096 seconds
[2025-11-10T02:13:09.120+0000] {processor.py:161} INFO - Started process (PID=956) to work on /home/airflow/.local/lib/python3.8/site-packages/airflow/example_dags/example_python_operator.py
[2025-11-10T02:13:09.122+0000] {processor.py:830} INFO - Processing file /home/airflow/.local/lib/python3.8/site-packages/airflow/example_dags/example_python_operator.py for tasks to queue
[2025-11-10T02:13:09.123+0000] {logging_mixin.py:188} INFO - [2025-11-10T02:13:09.123+0000] {dagbag.py:538} INFO - Filling up the DagBag from /home/airflow/.local/lib/python3.8/site-packages/airflow/example_dags/example_python_operator.py
[2025-11-10T02:13:09.137+0000] {processor.py:840} INFO - DAG(s) 'example_python_operator' retrieved from /home/airflow/.local/lib/python3.8/site-packages/airflow/example_dags/example_python_operator.py
[2025-11-10T02:13:09.171+0000] {logging_mixin.py:188} INFO - [2025-11-10T02:13:09.171+0000] {dag.py:3036} INFO - Sync 1 DAGs
[2025-11-10T02:13:09.187+0000] {logging_mixin.py:188} INFO - [2025-11-10T02:13:09.187+0000] {dag.py:3823} INFO - Setting next_dagrun for example_python_operator to None, run_after=None
[2025-11-10T02:13:09.212+0000] {processor.py:183} INFO - Processing /home/airflow/.local/lib/python3.8/site-packages/airflow/example_dags/example_python_operator.py took 0.097 seconds
