[2025-11-10T00:49:32.776+0000] {processor.py:161} INFO - Started process (PID=191) to work on /home/airflow/.local/lib/python3.8/site-packages/airflow/example_dags/example_setup_teardown.py
[2025-11-10T00:49:32.777+0000] {processor.py:830} INFO - Processing file /home/airflow/.local/lib/python3.8/site-packages/airflow/example_dags/example_setup_teardown.py for tasks to queue
[2025-11-10T00:49:32.779+0000] {logging_mixin.py:188} INFO - [2025-11-10T00:49:32.779+0000] {dagbag.py:538} INFO - Filling up the DagBag from /home/airflow/.local/lib/python3.8/site-packages/airflow/example_dags/example_setup_teardown.py
[2025-11-10T00:49:32.788+0000] {processor.py:840} INFO - DAG(s) 'example_setup_teardown' retrieved from /home/airflow/.local/lib/python3.8/site-packages/airflow/example_dags/example_setup_teardown.py
[2025-11-10T00:49:32.965+0000] {logging_mixin.py:188} INFO - [2025-11-10T00:49:32.965+0000] {override.py:1769} INFO - Created Permission View: can delete on DAG:example_setup_teardown
[2025-11-10T00:49:32.984+0000] {logging_mixin.py:188} INFO - [2025-11-10T00:49:32.983+0000] {override.py:1769} INFO - Created Permission View: can read on DAG:example_setup_teardown
[2025-11-10T00:49:32.998+0000] {logging_mixin.py:188} INFO - [2025-11-10T00:49:32.998+0000] {override.py:1769} INFO - Created Permission View: can edit on DAG:example_setup_teardown
[2025-11-10T00:49:32.999+0000] {logging_mixin.py:188} INFO - [2025-11-10T00:49:32.999+0000] {dag.py:3036} INFO - Sync 1 DAGs
[2025-11-10T00:49:33.020+0000] {logging_mixin.py:188} INFO - [2025-11-10T00:49:33.020+0000] {dag.py:3058} INFO - Creating ORM DAG for example_setup_teardown
[2025-11-10T00:49:33.039+0000] {logging_mixin.py:188} INFO - [2025-11-10T00:49:33.038+0000] {dag.py:3823} INFO - Setting next_dagrun for example_setup_teardown to 2025-11-09 00:00:00+00:00, run_after=2025-11-10 00:00:00+00:00
[2025-11-10T00:49:33.071+0000] {processor.py:183} INFO - Processing /home/airflow/.local/lib/python3.8/site-packages/airflow/example_dags/example_setup_teardown.py took 0.299 seconds
[2025-11-10T00:50:03.253+0000] {processor.py:161} INFO - Started process (PID=288) to work on /home/airflow/.local/lib/python3.8/site-packages/airflow/example_dags/example_setup_teardown.py
[2025-11-10T00:50:03.254+0000] {processor.py:830} INFO - Processing file /home/airflow/.local/lib/python3.8/site-packages/airflow/example_dags/example_setup_teardown.py for tasks to queue
[2025-11-10T00:50:03.256+0000] {logging_mixin.py:188} INFO - [2025-11-10T00:50:03.255+0000] {dagbag.py:538} INFO - Filling up the DagBag from /home/airflow/.local/lib/python3.8/site-packages/airflow/example_dags/example_setup_teardown.py
[2025-11-10T00:50:03.265+0000] {processor.py:840} INFO - DAG(s) 'example_setup_teardown' retrieved from /home/airflow/.local/lib/python3.8/site-packages/airflow/example_dags/example_setup_teardown.py
[2025-11-10T00:50:03.300+0000] {logging_mixin.py:188} INFO - [2025-11-10T00:50:03.299+0000] {dag.py:3036} INFO - Sync 1 DAGs
[2025-11-10T00:50:03.329+0000] {logging_mixin.py:188} INFO - [2025-11-10T00:50:03.329+0000] {dag.py:3823} INFO - Setting next_dagrun for example_setup_teardown to 2025-11-09 00:00:00+00:00, run_after=2025-11-10 00:00:00+00:00
[2025-11-10T00:50:03.356+0000] {processor.py:183} INFO - Processing /home/airflow/.local/lib/python3.8/site-packages/airflow/example_dags/example_setup_teardown.py took 0.107 seconds
[2025-11-10T00:50:33.601+0000] {processor.py:161} INFO - Started process (PID=385) to work on /home/airflow/.local/lib/python3.8/site-packages/airflow/example_dags/example_setup_teardown.py
[2025-11-10T00:50:33.603+0000] {processor.py:830} INFO - Processing file /home/airflow/.local/lib/python3.8/site-packages/airflow/example_dags/example_setup_teardown.py for tasks to queue
[2025-11-10T00:50:33.604+0000] {logging_mixin.py:188} INFO - [2025-11-10T00:50:33.604+0000] {dagbag.py:538} INFO - Filling up the DagBag from /home/airflow/.local/lib/python3.8/site-packages/airflow/example_dags/example_setup_teardown.py
[2025-11-10T00:50:33.614+0000] {processor.py:840} INFO - DAG(s) 'example_setup_teardown' retrieved from /home/airflow/.local/lib/python3.8/site-packages/airflow/example_dags/example_setup_teardown.py
[2025-11-10T00:50:33.648+0000] {logging_mixin.py:188} INFO - [2025-11-10T00:50:33.647+0000] {dag.py:3036} INFO - Sync 1 DAGs
[2025-11-10T00:50:33.682+0000] {logging_mixin.py:188} INFO - [2025-11-10T00:50:33.681+0000] {dag.py:3823} INFO - Setting next_dagrun for example_setup_teardown to 2025-11-09 00:00:00+00:00, run_after=2025-11-10 00:00:00+00:00
[2025-11-10T00:50:33.713+0000] {processor.py:183} INFO - Processing /home/airflow/.local/lib/python3.8/site-packages/airflow/example_dags/example_setup_teardown.py took 0.116 seconds
[2025-11-10T00:51:04.918+0000] {processor.py:161} INFO - Started process (PID=482) to work on /home/airflow/.local/lib/python3.8/site-packages/airflow/example_dags/example_setup_teardown.py
[2025-11-10T00:51:04.920+0000] {processor.py:830} INFO - Processing file /home/airflow/.local/lib/python3.8/site-packages/airflow/example_dags/example_setup_teardown.py for tasks to queue
[2025-11-10T00:51:04.921+0000] {logging_mixin.py:188} INFO - [2025-11-10T00:51:04.921+0000] {dagbag.py:538} INFO - Filling up the DagBag from /home/airflow/.local/lib/python3.8/site-packages/airflow/example_dags/example_setup_teardown.py
[2025-11-10T00:51:04.933+0000] {processor.py:840} INFO - DAG(s) 'example_setup_teardown' retrieved from /home/airflow/.local/lib/python3.8/site-packages/airflow/example_dags/example_setup_teardown.py
[2025-11-10T00:51:04.967+0000] {logging_mixin.py:188} INFO - [2025-11-10T00:51:04.967+0000] {dag.py:3036} INFO - Sync 1 DAGs
[2025-11-10T00:51:04.995+0000] {logging_mixin.py:188} INFO - [2025-11-10T00:51:04.994+0000] {dag.py:3823} INFO - Setting next_dagrun for example_setup_teardown to 2025-11-09 00:00:00+00:00, run_after=2025-11-10 00:00:00+00:00
[2025-11-10T00:51:05.023+0000] {processor.py:183} INFO - Processing /home/airflow/.local/lib/python3.8/site-packages/airflow/example_dags/example_setup_teardown.py took 0.109 seconds
[2025-11-10T00:51:35.781+0000] {processor.py:161} INFO - Started process (PID=579) to work on /home/airflow/.local/lib/python3.8/site-packages/airflow/example_dags/example_setup_teardown.py
[2025-11-10T00:51:35.782+0000] {processor.py:830} INFO - Processing file /home/airflow/.local/lib/python3.8/site-packages/airflow/example_dags/example_setup_teardown.py for tasks to queue
[2025-11-10T00:51:35.785+0000] {logging_mixin.py:188} INFO - [2025-11-10T00:51:35.784+0000] {dagbag.py:538} INFO - Filling up the DagBag from /home/airflow/.local/lib/python3.8/site-packages/airflow/example_dags/example_setup_teardown.py
[2025-11-10T00:51:35.799+0000] {processor.py:840} INFO - DAG(s) 'example_setup_teardown' retrieved from /home/airflow/.local/lib/python3.8/site-packages/airflow/example_dags/example_setup_teardown.py
[2025-11-10T00:51:35.858+0000] {logging_mixin.py:188} INFO - [2025-11-10T00:51:35.858+0000] {dag.py:3036} INFO - Sync 1 DAGs
[2025-11-10T00:51:35.903+0000] {logging_mixin.py:188} INFO - [2025-11-10T00:51:35.903+0000] {dag.py:3823} INFO - Setting next_dagrun for example_setup_teardown to 2025-11-09 00:00:00+00:00, run_after=2025-11-10 00:00:00+00:00
[2025-11-10T00:51:35.951+0000] {processor.py:183} INFO - Processing /home/airflow/.local/lib/python3.8/site-packages/airflow/example_dags/example_setup_teardown.py took 0.174 seconds
[2025-11-10T00:52:06.954+0000] {processor.py:161} INFO - Started process (PID=684) to work on /home/airflow/.local/lib/python3.8/site-packages/airflow/example_dags/example_setup_teardown.py
[2025-11-10T00:52:06.955+0000] {processor.py:830} INFO - Processing file /home/airflow/.local/lib/python3.8/site-packages/airflow/example_dags/example_setup_teardown.py for tasks to queue
[2025-11-10T00:52:06.957+0000] {logging_mixin.py:188} INFO - [2025-11-10T00:52:06.956+0000] {dagbag.py:538} INFO - Filling up the DagBag from /home/airflow/.local/lib/python3.8/site-packages/airflow/example_dags/example_setup_teardown.py
[2025-11-10T00:52:06.968+0000] {processor.py:840} INFO - DAG(s) 'example_setup_teardown' retrieved from /home/airflow/.local/lib/python3.8/site-packages/airflow/example_dags/example_setup_teardown.py
[2025-11-10T00:52:07.009+0000] {logging_mixin.py:188} INFO - [2025-11-10T00:52:07.009+0000] {dag.py:3036} INFO - Sync 1 DAGs
[2025-11-10T00:52:07.044+0000] {logging_mixin.py:188} INFO - [2025-11-10T00:52:07.044+0000] {dag.py:3823} INFO - Setting next_dagrun for example_setup_teardown to 2025-11-09 00:00:00+00:00, run_after=2025-11-10 00:00:00+00:00
[2025-11-10T00:52:07.080+0000] {processor.py:183} INFO - Processing /home/airflow/.local/lib/python3.8/site-packages/airflow/example_dags/example_setup_teardown.py took 0.132 seconds
[2025-11-10T00:52:37.896+0000] {processor.py:161} INFO - Started process (PID=796) to work on /home/airflow/.local/lib/python3.8/site-packages/airflow/example_dags/example_setup_teardown.py
[2025-11-10T00:52:37.898+0000] {processor.py:830} INFO - Processing file /home/airflow/.local/lib/python3.8/site-packages/airflow/example_dags/example_setup_teardown.py for tasks to queue
[2025-11-10T00:52:37.901+0000] {logging_mixin.py:188} INFO - [2025-11-10T00:52:37.900+0000] {dagbag.py:538} INFO - Filling up the DagBag from /home/airflow/.local/lib/python3.8/site-packages/airflow/example_dags/example_setup_teardown.py
[2025-11-10T00:52:37.912+0000] {processor.py:840} INFO - DAG(s) 'example_setup_teardown' retrieved from /home/airflow/.local/lib/python3.8/site-packages/airflow/example_dags/example_setup_teardown.py
[2025-11-10T00:52:37.946+0000] {logging_mixin.py:188} INFO - [2025-11-10T00:52:37.945+0000] {dag.py:3036} INFO - Sync 1 DAGs
[2025-11-10T00:52:37.979+0000] {logging_mixin.py:188} INFO - [2025-11-10T00:52:37.979+0000] {dag.py:3823} INFO - Setting next_dagrun for example_setup_teardown to 2025-11-09 00:00:00+00:00, run_after=2025-11-10 00:00:00+00:00
[2025-11-10T00:52:38.013+0000] {processor.py:183} INFO - Processing /home/airflow/.local/lib/python3.8/site-packages/airflow/example_dags/example_setup_teardown.py took 0.121 seconds
[2025-11-10T00:53:08.075+0000] {processor.py:161} INFO - Started process (PID=891) to work on /home/airflow/.local/lib/python3.8/site-packages/airflow/example_dags/example_setup_teardown.py
[2025-11-10T00:53:08.077+0000] {processor.py:830} INFO - Processing file /home/airflow/.local/lib/python3.8/site-packages/airflow/example_dags/example_setup_teardown.py for tasks to queue
[2025-11-10T00:53:08.078+0000] {logging_mixin.py:188} INFO - [2025-11-10T00:53:08.078+0000] {dagbag.py:538} INFO - Filling up the DagBag from /home/airflow/.local/lib/python3.8/site-packages/airflow/example_dags/example_setup_teardown.py
[2025-11-10T00:53:08.088+0000] {processor.py:840} INFO - DAG(s) 'example_setup_teardown' retrieved from /home/airflow/.local/lib/python3.8/site-packages/airflow/example_dags/example_setup_teardown.py
[2025-11-10T00:53:08.125+0000] {logging_mixin.py:188} INFO - [2025-11-10T00:53:08.125+0000] {dag.py:3036} INFO - Sync 1 DAGs
[2025-11-10T00:53:08.158+0000] {logging_mixin.py:188} INFO - [2025-11-10T00:53:08.158+0000] {dag.py:3823} INFO - Setting next_dagrun for example_setup_teardown to 2025-11-09 00:00:00+00:00, run_after=2025-11-10 00:00:00+00:00
[2025-11-10T00:53:08.190+0000] {processor.py:183} INFO - Processing /home/airflow/.local/lib/python3.8/site-packages/airflow/example_dags/example_setup_teardown.py took 0.118 seconds
[2025-11-10T00:53:38.324+0000] {processor.py:161} INFO - Started process (PID=989) to work on /home/airflow/.local/lib/python3.8/site-packages/airflow/example_dags/example_setup_teardown.py
[2025-11-10T00:53:38.326+0000] {processor.py:830} INFO - Processing file /home/airflow/.local/lib/python3.8/site-packages/airflow/example_dags/example_setup_teardown.py for tasks to queue
[2025-11-10T00:53:38.328+0000] {logging_mixin.py:188} INFO - [2025-11-10T00:53:38.328+0000] {dagbag.py:538} INFO - Filling up the DagBag from /home/airflow/.local/lib/python3.8/site-packages/airflow/example_dags/example_setup_teardown.py
[2025-11-10T00:53:38.339+0000] {processor.py:840} INFO - DAG(s) 'example_setup_teardown' retrieved from /home/airflow/.local/lib/python3.8/site-packages/airflow/example_dags/example_setup_teardown.py
[2025-11-10T00:53:38.389+0000] {logging_mixin.py:188} INFO - [2025-11-10T00:53:38.389+0000] {dag.py:3036} INFO - Sync 1 DAGs
[2025-11-10T00:53:38.436+0000] {logging_mixin.py:188} INFO - [2025-11-10T00:53:38.435+0000] {dag.py:3823} INFO - Setting next_dagrun for example_setup_teardown to 2025-11-09 00:00:00+00:00, run_after=2025-11-10 00:00:00+00:00
[2025-11-10T00:53:38.474+0000] {processor.py:183} INFO - Processing /home/airflow/.local/lib/python3.8/site-packages/airflow/example_dags/example_setup_teardown.py took 0.156 seconds
[2025-11-10T00:54:08.722+0000] {processor.py:161} INFO - Started process (PID=1086) to work on /home/airflow/.local/lib/python3.8/site-packages/airflow/example_dags/example_setup_teardown.py
[2025-11-10T00:54:08.723+0000] {processor.py:830} INFO - Processing file /home/airflow/.local/lib/python3.8/site-packages/airflow/example_dags/example_setup_teardown.py for tasks to queue
[2025-11-10T00:54:08.724+0000] {logging_mixin.py:188} INFO - [2025-11-10T00:54:08.724+0000] {dagbag.py:538} INFO - Filling up the DagBag from /home/airflow/.local/lib/python3.8/site-packages/airflow/example_dags/example_setup_teardown.py
[2025-11-10T00:54:08.737+0000] {processor.py:840} INFO - DAG(s) 'example_setup_teardown' retrieved from /home/airflow/.local/lib/python3.8/site-packages/airflow/example_dags/example_setup_teardown.py
[2025-11-10T00:54:08.782+0000] {logging_mixin.py:188} INFO - [2025-11-10T00:54:08.782+0000] {dag.py:3036} INFO - Sync 1 DAGs
[2025-11-10T00:54:08.825+0000] {logging_mixin.py:188} INFO - [2025-11-10T00:54:08.825+0000] {dag.py:3823} INFO - Setting next_dagrun for example_setup_teardown to 2025-11-09 00:00:00+00:00, run_after=2025-11-10 00:00:00+00:00
[2025-11-10T00:54:08.860+0000] {processor.py:183} INFO - Processing /home/airflow/.local/lib/python3.8/site-packages/airflow/example_dags/example_setup_teardown.py took 0.142 seconds
[2025-11-10T00:54:40.182+0000] {processor.py:161} INFO - Started process (PID=1183) to work on /home/airflow/.local/lib/python3.8/site-packages/airflow/example_dags/example_setup_teardown.py
[2025-11-10T00:54:40.183+0000] {processor.py:830} INFO - Processing file /home/airflow/.local/lib/python3.8/site-packages/airflow/example_dags/example_setup_teardown.py for tasks to queue
[2025-11-10T00:54:40.186+0000] {logging_mixin.py:188} INFO - [2025-11-10T00:54:40.185+0000] {dagbag.py:538} INFO - Filling up the DagBag from /home/airflow/.local/lib/python3.8/site-packages/airflow/example_dags/example_setup_teardown.py
[2025-11-10T00:54:40.201+0000] {processor.py:840} INFO - DAG(s) 'example_setup_teardown' retrieved from /home/airflow/.local/lib/python3.8/site-packages/airflow/example_dags/example_setup_teardown.py
[2025-11-10T00:54:40.256+0000] {logging_mixin.py:188} INFO - [2025-11-10T00:54:40.255+0000] {dag.py:3036} INFO - Sync 1 DAGs
[2025-11-10T00:54:40.304+0000] {logging_mixin.py:188} INFO - [2025-11-10T00:54:40.304+0000] {dag.py:3823} INFO - Setting next_dagrun for example_setup_teardown to 2025-11-09 00:00:00+00:00, run_after=2025-11-10 00:00:00+00:00
[2025-11-10T00:54:40.344+0000] {processor.py:183} INFO - Processing /home/airflow/.local/lib/python3.8/site-packages/airflow/example_dags/example_setup_teardown.py took 0.169 seconds
[2025-11-10T00:55:10.523+0000] {processor.py:161} INFO - Started process (PID=1280) to work on /home/airflow/.local/lib/python3.8/site-packages/airflow/example_dags/example_setup_teardown.py
[2025-11-10T00:55:10.524+0000] {processor.py:830} INFO - Processing file /home/airflow/.local/lib/python3.8/site-packages/airflow/example_dags/example_setup_teardown.py for tasks to queue
[2025-11-10T00:55:10.526+0000] {logging_mixin.py:188} INFO - [2025-11-10T00:55:10.525+0000] {dagbag.py:538} INFO - Filling up the DagBag from /home/airflow/.local/lib/python3.8/site-packages/airflow/example_dags/example_setup_teardown.py
[2025-11-10T00:55:10.538+0000] {processor.py:840} INFO - DAG(s) 'example_setup_teardown' retrieved from /home/airflow/.local/lib/python3.8/site-packages/airflow/example_dags/example_setup_teardown.py
[2025-11-10T00:55:10.577+0000] {logging_mixin.py:188} INFO - [2025-11-10T00:55:10.577+0000] {dag.py:3036} INFO - Sync 1 DAGs
[2025-11-10T00:55:10.614+0000] {logging_mixin.py:188} INFO - [2025-11-10T00:55:10.614+0000] {dag.py:3823} INFO - Setting next_dagrun for example_setup_teardown to 2025-11-09 00:00:00+00:00, run_after=2025-11-10 00:00:00+00:00
[2025-11-10T00:55:10.651+0000] {processor.py:183} INFO - Processing /home/airflow/.local/lib/python3.8/site-packages/airflow/example_dags/example_setup_teardown.py took 0.133 seconds
[2025-11-10T00:55:41.957+0000] {processor.py:161} INFO - Started process (PID=1377) to work on /home/airflow/.local/lib/python3.8/site-packages/airflow/example_dags/example_setup_teardown.py
[2025-11-10T00:55:41.958+0000] {processor.py:830} INFO - Processing file /home/airflow/.local/lib/python3.8/site-packages/airflow/example_dags/example_setup_teardown.py for tasks to queue
[2025-11-10T00:55:41.960+0000] {logging_mixin.py:188} INFO - [2025-11-10T00:55:41.959+0000] {dagbag.py:538} INFO - Filling up the DagBag from /home/airflow/.local/lib/python3.8/site-packages/airflow/example_dags/example_setup_teardown.py
[2025-11-10T00:55:41.970+0000] {processor.py:840} INFO - DAG(s) 'example_setup_teardown' retrieved from /home/airflow/.local/lib/python3.8/site-packages/airflow/example_dags/example_setup_teardown.py
[2025-11-10T00:55:42.021+0000] {logging_mixin.py:188} INFO - [2025-11-10T00:55:42.021+0000] {dag.py:3036} INFO - Sync 1 DAGs
[2025-11-10T00:55:42.067+0000] {logging_mixin.py:188} INFO - [2025-11-10T00:55:42.067+0000] {dag.py:3823} INFO - Setting next_dagrun for example_setup_teardown to 2025-11-09 00:00:00+00:00, run_after=2025-11-10 00:00:00+00:00
[2025-11-10T00:55:42.101+0000] {processor.py:183} INFO - Processing /home/airflow/.local/lib/python3.8/site-packages/airflow/example_dags/example_setup_teardown.py took 0.148 seconds
[2025-11-10T00:56:12.463+0000] {processor.py:161} INFO - Started process (PID=1474) to work on /home/airflow/.local/lib/python3.8/site-packages/airflow/example_dags/example_setup_teardown.py
[2025-11-10T00:56:12.465+0000] {processor.py:830} INFO - Processing file /home/airflow/.local/lib/python3.8/site-packages/airflow/example_dags/example_setup_teardown.py for tasks to queue
[2025-11-10T00:56:12.468+0000] {logging_mixin.py:188} INFO - [2025-11-10T00:56:12.467+0000] {dagbag.py:538} INFO - Filling up the DagBag from /home/airflow/.local/lib/python3.8/site-packages/airflow/example_dags/example_setup_teardown.py
[2025-11-10T00:56:12.484+0000] {processor.py:840} INFO - DAG(s) 'example_setup_teardown' retrieved from /home/airflow/.local/lib/python3.8/site-packages/airflow/example_dags/example_setup_teardown.py
[2025-11-10T00:56:12.526+0000] {logging_mixin.py:188} INFO - [2025-11-10T00:56:12.526+0000] {dag.py:3036} INFO - Sync 1 DAGs
[2025-11-10T00:56:12.567+0000] {logging_mixin.py:188} INFO - [2025-11-10T00:56:12.566+0000] {dag.py:3823} INFO - Setting next_dagrun for example_setup_teardown to 2025-11-09 00:00:00+00:00, run_after=2025-11-10 00:00:00+00:00
[2025-11-10T00:56:12.603+0000] {processor.py:183} INFO - Processing /home/airflow/.local/lib/python3.8/site-packages/airflow/example_dags/example_setup_teardown.py took 0.146 seconds
[2025-11-10T00:56:43.611+0000] {processor.py:161} INFO - Started process (PID=1571) to work on /home/airflow/.local/lib/python3.8/site-packages/airflow/example_dags/example_setup_teardown.py
[2025-11-10T00:56:43.612+0000] {processor.py:830} INFO - Processing file /home/airflow/.local/lib/python3.8/site-packages/airflow/example_dags/example_setup_teardown.py for tasks to queue
[2025-11-10T00:56:43.614+0000] {logging_mixin.py:188} INFO - [2025-11-10T00:56:43.614+0000] {dagbag.py:538} INFO - Filling up the DagBag from /home/airflow/.local/lib/python3.8/site-packages/airflow/example_dags/example_setup_teardown.py
[2025-11-10T00:56:43.629+0000] {processor.py:840} INFO - DAG(s) 'example_setup_teardown' retrieved from /home/airflow/.local/lib/python3.8/site-packages/airflow/example_dags/example_setup_teardown.py
[2025-11-10T00:56:43.674+0000] {logging_mixin.py:188} INFO - [2025-11-10T00:56:43.674+0000] {dag.py:3036} INFO - Sync 1 DAGs
[2025-11-10T00:56:43.713+0000] {logging_mixin.py:188} INFO - [2025-11-10T00:56:43.713+0000] {dag.py:3823} INFO - Setting next_dagrun for example_setup_teardown to 2025-11-09 00:00:00+00:00, run_after=2025-11-10 00:00:00+00:00
[2025-11-10T00:56:43.755+0000] {processor.py:183} INFO - Processing /home/airflow/.local/lib/python3.8/site-packages/airflow/example_dags/example_setup_teardown.py took 0.151 seconds
[2025-11-10T00:57:13.833+0000] {processor.py:161} INFO - Started process (PID=1668) to work on /home/airflow/.local/lib/python3.8/site-packages/airflow/example_dags/example_setup_teardown.py
[2025-11-10T00:57:13.834+0000] {processor.py:830} INFO - Processing file /home/airflow/.local/lib/python3.8/site-packages/airflow/example_dags/example_setup_teardown.py for tasks to queue
[2025-11-10T00:57:13.836+0000] {logging_mixin.py:188} INFO - [2025-11-10T00:57:13.835+0000] {dagbag.py:538} INFO - Filling up the DagBag from /home/airflow/.local/lib/python3.8/site-packages/airflow/example_dags/example_setup_teardown.py
[2025-11-10T00:57:13.849+0000] {processor.py:840} INFO - DAG(s) 'example_setup_teardown' retrieved from /home/airflow/.local/lib/python3.8/site-packages/airflow/example_dags/example_setup_teardown.py
[2025-11-10T00:57:13.888+0000] {logging_mixin.py:188} INFO - [2025-11-10T00:57:13.887+0000] {dag.py:3036} INFO - Sync 1 DAGs
[2025-11-10T00:57:13.926+0000] {logging_mixin.py:188} INFO - [2025-11-10T00:57:13.926+0000] {dag.py:3823} INFO - Setting next_dagrun for example_setup_teardown to 2025-11-09 00:00:00+00:00, run_after=2025-11-10 00:00:00+00:00
[2025-11-10T00:57:13.974+0000] {processor.py:183} INFO - Processing /home/airflow/.local/lib/python3.8/site-packages/airflow/example_dags/example_setup_teardown.py took 0.147 seconds
[2025-11-10T00:57:44.337+0000] {processor.py:161} INFO - Started process (PID=1772) to work on /home/airflow/.local/lib/python3.8/site-packages/airflow/example_dags/example_setup_teardown.py
[2025-11-10T00:57:44.338+0000] {processor.py:830} INFO - Processing file /home/airflow/.local/lib/python3.8/site-packages/airflow/example_dags/example_setup_teardown.py for tasks to queue
[2025-11-10T00:57:44.340+0000] {logging_mixin.py:188} INFO - [2025-11-10T00:57:44.339+0000] {dagbag.py:538} INFO - Filling up the DagBag from /home/airflow/.local/lib/python3.8/site-packages/airflow/example_dags/example_setup_teardown.py
[2025-11-10T00:57:44.351+0000] {processor.py:840} INFO - DAG(s) 'example_setup_teardown' retrieved from /home/airflow/.local/lib/python3.8/site-packages/airflow/example_dags/example_setup_teardown.py
[2025-11-10T00:57:44.390+0000] {logging_mixin.py:188} INFO - [2025-11-10T00:57:44.389+0000] {dag.py:3036} INFO - Sync 1 DAGs
[2025-11-10T00:57:44.428+0000] {logging_mixin.py:188} INFO - [2025-11-10T00:57:44.427+0000] {dag.py:3823} INFO - Setting next_dagrun for example_setup_teardown to 2025-11-09 00:00:00+00:00, run_after=2025-11-10 00:00:00+00:00
[2025-11-10T00:57:44.466+0000] {processor.py:183} INFO - Processing /home/airflow/.local/lib/python3.8/site-packages/airflow/example_dags/example_setup_teardown.py took 0.134 seconds
[2025-11-10T00:58:14.810+0000] {processor.py:161} INFO - Started process (PID=1885) to work on /home/airflow/.local/lib/python3.8/site-packages/airflow/example_dags/example_setup_teardown.py
[2025-11-10T00:58:14.811+0000] {processor.py:830} INFO - Processing file /home/airflow/.local/lib/python3.8/site-packages/airflow/example_dags/example_setup_teardown.py for tasks to queue
[2025-11-10T00:58:14.812+0000] {logging_mixin.py:188} INFO - [2025-11-10T00:58:14.812+0000] {dagbag.py:538} INFO - Filling up the DagBag from /home/airflow/.local/lib/python3.8/site-packages/airflow/example_dags/example_setup_teardown.py
[2025-11-10T00:58:14.821+0000] {processor.py:840} INFO - DAG(s) 'example_setup_teardown' retrieved from /home/airflow/.local/lib/python3.8/site-packages/airflow/example_dags/example_setup_teardown.py
[2025-11-10T00:58:14.851+0000] {logging_mixin.py:188} INFO - [2025-11-10T00:58:14.851+0000] {dag.py:3036} INFO - Sync 1 DAGs
[2025-11-10T00:58:14.879+0000] {logging_mixin.py:188} INFO - [2025-11-10T00:58:14.878+0000] {dag.py:3823} INFO - Setting next_dagrun for example_setup_teardown to 2025-11-09 00:00:00+00:00, run_after=2025-11-10 00:00:00+00:00
[2025-11-10T00:58:14.905+0000] {processor.py:183} INFO - Processing /home/airflow/.local/lib/python3.8/site-packages/airflow/example_dags/example_setup_teardown.py took 0.099 seconds
[2025-11-10T00:58:45.879+0000] {processor.py:161} INFO - Started process (PID=1982) to work on /home/airflow/.local/lib/python3.8/site-packages/airflow/example_dags/example_setup_teardown.py
[2025-11-10T00:58:45.880+0000] {processor.py:830} INFO - Processing file /home/airflow/.local/lib/python3.8/site-packages/airflow/example_dags/example_setup_teardown.py for tasks to queue
[2025-11-10T00:58:45.881+0000] {logging_mixin.py:188} INFO - [2025-11-10T00:58:45.881+0000] {dagbag.py:538} INFO - Filling up the DagBag from /home/airflow/.local/lib/python3.8/site-packages/airflow/example_dags/example_setup_teardown.py
[2025-11-10T00:58:45.890+0000] {processor.py:840} INFO - DAG(s) 'example_setup_teardown' retrieved from /home/airflow/.local/lib/python3.8/site-packages/airflow/example_dags/example_setup_teardown.py
[2025-11-10T00:58:45.921+0000] {logging_mixin.py:188} INFO - [2025-11-10T00:58:45.920+0000] {dag.py:3036} INFO - Sync 1 DAGs
[2025-11-10T00:58:45.948+0000] {logging_mixin.py:188} INFO - [2025-11-10T00:58:45.948+0000] {dag.py:3823} INFO - Setting next_dagrun for example_setup_teardown to 2025-11-09 00:00:00+00:00, run_after=2025-11-10 00:00:00+00:00
[2025-11-10T00:58:45.970+0000] {processor.py:183} INFO - Processing /home/airflow/.local/lib/python3.8/site-packages/airflow/example_dags/example_setup_teardown.py took 0.095 seconds
[2025-11-10T00:59:16.231+0000] {processor.py:161} INFO - Started process (PID=2079) to work on /home/airflow/.local/lib/python3.8/site-packages/airflow/example_dags/example_setup_teardown.py
[2025-11-10T00:59:16.232+0000] {processor.py:830} INFO - Processing file /home/airflow/.local/lib/python3.8/site-packages/airflow/example_dags/example_setup_teardown.py for tasks to queue
[2025-11-10T00:59:16.234+0000] {logging_mixin.py:188} INFO - [2025-11-10T00:59:16.234+0000] {dagbag.py:538} INFO - Filling up the DagBag from /home/airflow/.local/lib/python3.8/site-packages/airflow/example_dags/example_setup_teardown.py
[2025-11-10T00:59:16.244+0000] {processor.py:840} INFO - DAG(s) 'example_setup_teardown' retrieved from /home/airflow/.local/lib/python3.8/site-packages/airflow/example_dags/example_setup_teardown.py
[2025-11-10T00:59:16.276+0000] {logging_mixin.py:188} INFO - [2025-11-10T00:59:16.275+0000] {dag.py:3036} INFO - Sync 1 DAGs
[2025-11-10T00:59:16.308+0000] {logging_mixin.py:188} INFO - [2025-11-10T00:59:16.308+0000] {dag.py:3823} INFO - Setting next_dagrun for example_setup_teardown to 2025-11-09 00:00:00+00:00, run_after=2025-11-10 00:00:00+00:00
[2025-11-10T00:59:16.351+0000] {processor.py:183} INFO - Processing /home/airflow/.local/lib/python3.8/site-packages/airflow/example_dags/example_setup_teardown.py took 0.126 seconds
[2025-11-10T00:59:47.246+0000] {processor.py:161} INFO - Started process (PID=2175) to work on /home/airflow/.local/lib/python3.8/site-packages/airflow/example_dags/example_setup_teardown.py
[2025-11-10T00:59:47.247+0000] {processor.py:830} INFO - Processing file /home/airflow/.local/lib/python3.8/site-packages/airflow/example_dags/example_setup_teardown.py for tasks to queue
[2025-11-10T00:59:47.249+0000] {logging_mixin.py:188} INFO - [2025-11-10T00:59:47.248+0000] {dagbag.py:538} INFO - Filling up the DagBag from /home/airflow/.local/lib/python3.8/site-packages/airflow/example_dags/example_setup_teardown.py
[2025-11-10T00:59:47.259+0000] {processor.py:840} INFO - DAG(s) 'example_setup_teardown' retrieved from /home/airflow/.local/lib/python3.8/site-packages/airflow/example_dags/example_setup_teardown.py
[2025-11-10T00:59:47.297+0000] {logging_mixin.py:188} INFO - [2025-11-10T00:59:47.296+0000] {dag.py:3036} INFO - Sync 1 DAGs
[2025-11-10T00:59:47.339+0000] {logging_mixin.py:188} INFO - [2025-11-10T00:59:47.339+0000] {dag.py:3823} INFO - Setting next_dagrun for example_setup_teardown to 2025-11-09 00:00:00+00:00, run_after=2025-11-10 00:00:00+00:00
[2025-11-10T00:59:47.368+0000] {processor.py:183} INFO - Processing /home/airflow/.local/lib/python3.8/site-packages/airflow/example_dags/example_setup_teardown.py took 0.125 seconds
[2025-11-10T01:00:17.574+0000] {processor.py:161} INFO - Started process (PID=2272) to work on /home/airflow/.local/lib/python3.8/site-packages/airflow/example_dags/example_setup_teardown.py
[2025-11-10T01:00:17.575+0000] {processor.py:830} INFO - Processing file /home/airflow/.local/lib/python3.8/site-packages/airflow/example_dags/example_setup_teardown.py for tasks to queue
[2025-11-10T01:00:17.577+0000] {logging_mixin.py:188} INFO - [2025-11-10T01:00:17.577+0000] {dagbag.py:538} INFO - Filling up the DagBag from /home/airflow/.local/lib/python3.8/site-packages/airflow/example_dags/example_setup_teardown.py
[2025-11-10T01:00:17.585+0000] {processor.py:840} INFO - DAG(s) 'example_setup_teardown' retrieved from /home/airflow/.local/lib/python3.8/site-packages/airflow/example_dags/example_setup_teardown.py
[2025-11-10T01:00:17.619+0000] {logging_mixin.py:188} INFO - [2025-11-10T01:00:17.618+0000] {dag.py:3036} INFO - Sync 1 DAGs
[2025-11-10T01:00:17.650+0000] {logging_mixin.py:188} INFO - [2025-11-10T01:00:17.649+0000] {dag.py:3823} INFO - Setting next_dagrun for example_setup_teardown to 2025-11-09 00:00:00+00:00, run_after=2025-11-10 00:00:00+00:00
[2025-11-10T01:00:17.673+0000] {processor.py:183} INFO - Processing /home/airflow/.local/lib/python3.8/site-packages/airflow/example_dags/example_setup_teardown.py took 0.104 seconds
[2025-11-10T01:00:48.042+0000] {processor.py:161} INFO - Started process (PID=2377) to work on /home/airflow/.local/lib/python3.8/site-packages/airflow/example_dags/example_setup_teardown.py
[2025-11-10T01:00:48.043+0000] {processor.py:830} INFO - Processing file /home/airflow/.local/lib/python3.8/site-packages/airflow/example_dags/example_setup_teardown.py for tasks to queue
[2025-11-10T01:00:48.044+0000] {logging_mixin.py:188} INFO - [2025-11-10T01:00:48.044+0000] {dagbag.py:538} INFO - Filling up the DagBag from /home/airflow/.local/lib/python3.8/site-packages/airflow/example_dags/example_setup_teardown.py
[2025-11-10T01:00:48.054+0000] {processor.py:840} INFO - DAG(s) 'example_setup_teardown' retrieved from /home/airflow/.local/lib/python3.8/site-packages/airflow/example_dags/example_setup_teardown.py
[2025-11-10T01:00:48.085+0000] {logging_mixin.py:188} INFO - [2025-11-10T01:00:48.084+0000] {dag.py:3036} INFO - Sync 1 DAGs
[2025-11-10T01:00:48.126+0000] {logging_mixin.py:188} INFO - [2025-11-10T01:00:48.125+0000] {dag.py:3823} INFO - Setting next_dagrun for example_setup_teardown to 2025-11-09 00:00:00+00:00, run_after=2025-11-10 00:00:00+00:00
[2025-11-10T01:00:48.168+0000] {processor.py:183} INFO - Processing /home/airflow/.local/lib/python3.8/site-packages/airflow/example_dags/example_setup_teardown.py took 0.129 seconds
[2025-11-10T01:01:18.851+0000] {processor.py:161} INFO - Started process (PID=2489) to work on /home/airflow/.local/lib/python3.8/site-packages/airflow/example_dags/example_setup_teardown.py
[2025-11-10T01:01:18.853+0000] {processor.py:830} INFO - Processing file /home/airflow/.local/lib/python3.8/site-packages/airflow/example_dags/example_setup_teardown.py for tasks to queue
[2025-11-10T01:01:18.854+0000] {logging_mixin.py:188} INFO - [2025-11-10T01:01:18.854+0000] {dagbag.py:538} INFO - Filling up the DagBag from /home/airflow/.local/lib/python3.8/site-packages/airflow/example_dags/example_setup_teardown.py
[2025-11-10T01:01:18.865+0000] {processor.py:840} INFO - DAG(s) 'example_setup_teardown' retrieved from /home/airflow/.local/lib/python3.8/site-packages/airflow/example_dags/example_setup_teardown.py
[2025-11-10T01:01:18.896+0000] {logging_mixin.py:188} INFO - [2025-11-10T01:01:18.896+0000] {dag.py:3036} INFO - Sync 1 DAGs
[2025-11-10T01:01:18.926+0000] {logging_mixin.py:188} INFO - [2025-11-10T01:01:18.925+0000] {dag.py:3823} INFO - Setting next_dagrun for example_setup_teardown to 2025-11-09 00:00:00+00:00, run_after=2025-11-10 00:00:00+00:00
[2025-11-10T01:01:18.959+0000] {processor.py:183} INFO - Processing /home/airflow/.local/lib/python3.8/site-packages/airflow/example_dags/example_setup_teardown.py took 0.114 seconds
[2025-11-10T01:01:49.422+0000] {processor.py:161} INFO - Started process (PID=2586) to work on /home/airflow/.local/lib/python3.8/site-packages/airflow/example_dags/example_setup_teardown.py
[2025-11-10T01:01:49.423+0000] {processor.py:830} INFO - Processing file /home/airflow/.local/lib/python3.8/site-packages/airflow/example_dags/example_setup_teardown.py for tasks to queue
[2025-11-10T01:01:49.425+0000] {logging_mixin.py:188} INFO - [2025-11-10T01:01:49.424+0000] {dagbag.py:538} INFO - Filling up the DagBag from /home/airflow/.local/lib/python3.8/site-packages/airflow/example_dags/example_setup_teardown.py
[2025-11-10T01:01:49.434+0000] {processor.py:840} INFO - DAG(s) 'example_setup_teardown' retrieved from /home/airflow/.local/lib/python3.8/site-packages/airflow/example_dags/example_setup_teardown.py
[2025-11-10T01:01:49.463+0000] {logging_mixin.py:188} INFO - [2025-11-10T01:01:49.462+0000] {dag.py:3036} INFO - Sync 1 DAGs
[2025-11-10T01:01:49.492+0000] {logging_mixin.py:188} INFO - [2025-11-10T01:01:49.492+0000] {dag.py:3823} INFO - Setting next_dagrun for example_setup_teardown to 2025-11-09 00:00:00+00:00, run_after=2025-11-10 00:00:00+00:00
[2025-11-10T01:01:49.518+0000] {processor.py:183} INFO - Processing /home/airflow/.local/lib/python3.8/site-packages/airflow/example_dags/example_setup_teardown.py took 0.100 seconds
[2025-11-10T01:02:20.284+0000] {processor.py:161} INFO - Started process (PID=2683) to work on /home/airflow/.local/lib/python3.8/site-packages/airflow/example_dags/example_setup_teardown.py
[2025-11-10T01:02:20.285+0000] {processor.py:830} INFO - Processing file /home/airflow/.local/lib/python3.8/site-packages/airflow/example_dags/example_setup_teardown.py for tasks to queue
[2025-11-10T01:02:20.286+0000] {logging_mixin.py:188} INFO - [2025-11-10T01:02:20.285+0000] {dagbag.py:538} INFO - Filling up the DagBag from /home/airflow/.local/lib/python3.8/site-packages/airflow/example_dags/example_setup_teardown.py
[2025-11-10T01:02:20.297+0000] {processor.py:840} INFO - DAG(s) 'example_setup_teardown' retrieved from /home/airflow/.local/lib/python3.8/site-packages/airflow/example_dags/example_setup_teardown.py
[2025-11-10T01:02:20.333+0000] {logging_mixin.py:188} INFO - [2025-11-10T01:02:20.332+0000] {dag.py:3036} INFO - Sync 1 DAGs
[2025-11-10T01:02:20.373+0000] {logging_mixin.py:188} INFO - [2025-11-10T01:02:20.373+0000] {dag.py:3823} INFO - Setting next_dagrun for example_setup_teardown to 2025-11-09 00:00:00+00:00, run_after=2025-11-10 00:00:00+00:00
[2025-11-10T01:02:20.410+0000] {processor.py:183} INFO - Processing /home/airflow/.local/lib/python3.8/site-packages/airflow/example_dags/example_setup_teardown.py took 0.130 seconds
[2025-11-10T01:02:50.496+0000] {processor.py:161} INFO - Started process (PID=2780) to work on /home/airflow/.local/lib/python3.8/site-packages/airflow/example_dags/example_setup_teardown.py
[2025-11-10T01:02:50.497+0000] {processor.py:830} INFO - Processing file /home/airflow/.local/lib/python3.8/site-packages/airflow/example_dags/example_setup_teardown.py for tasks to queue
[2025-11-10T01:02:50.499+0000] {logging_mixin.py:188} INFO - [2025-11-10T01:02:50.499+0000] {dagbag.py:538} INFO - Filling up the DagBag from /home/airflow/.local/lib/python3.8/site-packages/airflow/example_dags/example_setup_teardown.py
[2025-11-10T01:02:50.508+0000] {processor.py:840} INFO - DAG(s) 'example_setup_teardown' retrieved from /home/airflow/.local/lib/python3.8/site-packages/airflow/example_dags/example_setup_teardown.py
[2025-11-10T01:02:50.534+0000] {logging_mixin.py:188} INFO - [2025-11-10T01:02:50.534+0000] {dag.py:3036} INFO - Sync 1 DAGs
[2025-11-10T01:02:50.561+0000] {logging_mixin.py:188} INFO - [2025-11-10T01:02:50.561+0000] {dag.py:3823} INFO - Setting next_dagrun for example_setup_teardown to 2025-11-09 00:00:00+00:00, run_after=2025-11-10 00:00:00+00:00
[2025-11-10T01:02:50.591+0000] {processor.py:183} INFO - Processing /home/airflow/.local/lib/python3.8/site-packages/airflow/example_dags/example_setup_teardown.py took 0.099 seconds
[2025-11-10T01:03:20.759+0000] {processor.py:161} INFO - Started process (PID=2885) to work on /home/airflow/.local/lib/python3.8/site-packages/airflow/example_dags/example_setup_teardown.py
[2025-11-10T01:03:20.760+0000] {processor.py:830} INFO - Processing file /home/airflow/.local/lib/python3.8/site-packages/airflow/example_dags/example_setup_teardown.py for tasks to queue
[2025-11-10T01:03:20.761+0000] {logging_mixin.py:188} INFO - [2025-11-10T01:03:20.761+0000] {dagbag.py:538} INFO - Filling up the DagBag from /home/airflow/.local/lib/python3.8/site-packages/airflow/example_dags/example_setup_teardown.py
[2025-11-10T01:03:20.769+0000] {processor.py:840} INFO - DAG(s) 'example_setup_teardown' retrieved from /home/airflow/.local/lib/python3.8/site-packages/airflow/example_dags/example_setup_teardown.py
[2025-11-10T01:03:20.798+0000] {logging_mixin.py:188} INFO - [2025-11-10T01:03:20.798+0000] {dag.py:3036} INFO - Sync 1 DAGs
[2025-11-10T01:03:20.825+0000] {logging_mixin.py:188} INFO - [2025-11-10T01:03:20.825+0000] {dag.py:3823} INFO - Setting next_dagrun for example_setup_teardown to 2025-11-09 00:00:00+00:00, run_after=2025-11-10 00:00:00+00:00
[2025-11-10T01:03:20.852+0000] {processor.py:183} INFO - Processing /home/airflow/.local/lib/python3.8/site-packages/airflow/example_dags/example_setup_teardown.py took 0.095 seconds
[2025-11-10T01:03:51.026+0000] {processor.py:161} INFO - Started process (PID=2997) to work on /home/airflow/.local/lib/python3.8/site-packages/airflow/example_dags/example_setup_teardown.py
[2025-11-10T01:03:51.027+0000] {processor.py:830} INFO - Processing file /home/airflow/.local/lib/python3.8/site-packages/airflow/example_dags/example_setup_teardown.py for tasks to queue
[2025-11-10T01:03:51.029+0000] {logging_mixin.py:188} INFO - [2025-11-10T01:03:51.029+0000] {dagbag.py:538} INFO - Filling up the DagBag from /home/airflow/.local/lib/python3.8/site-packages/airflow/example_dags/example_setup_teardown.py
[2025-11-10T01:03:51.040+0000] {processor.py:840} INFO - DAG(s) 'example_setup_teardown' retrieved from /home/airflow/.local/lib/python3.8/site-packages/airflow/example_dags/example_setup_teardown.py
[2025-11-10T01:03:51.072+0000] {logging_mixin.py:188} INFO - [2025-11-10T01:03:51.071+0000] {dag.py:3036} INFO - Sync 1 DAGs
[2025-11-10T01:03:51.099+0000] {logging_mixin.py:188} INFO - [2025-11-10T01:03:51.099+0000] {dag.py:3823} INFO - Setting next_dagrun for example_setup_teardown to 2025-11-09 00:00:00+00:00, run_after=2025-11-10 00:00:00+00:00
[2025-11-10T01:03:51.198+0000] {processor.py:183} INFO - Processing /home/airflow/.local/lib/python3.8/site-packages/airflow/example_dags/example_setup_teardown.py took 0.178 seconds
[2025-11-10T01:04:22.016+0000] {processor.py:161} INFO - Started process (PID=3094) to work on /home/airflow/.local/lib/python3.8/site-packages/airflow/example_dags/example_setup_teardown.py
[2025-11-10T01:04:22.018+0000] {processor.py:830} INFO - Processing file /home/airflow/.local/lib/python3.8/site-packages/airflow/example_dags/example_setup_teardown.py for tasks to queue
[2025-11-10T01:04:22.019+0000] {logging_mixin.py:188} INFO - [2025-11-10T01:04:22.018+0000] {dagbag.py:538} INFO - Filling up the DagBag from /home/airflow/.local/lib/python3.8/site-packages/airflow/example_dags/example_setup_teardown.py
[2025-11-10T01:04:22.027+0000] {processor.py:840} INFO - DAG(s) 'example_setup_teardown' retrieved from /home/airflow/.local/lib/python3.8/site-packages/airflow/example_dags/example_setup_teardown.py
[2025-11-10T01:04:22.055+0000] {logging_mixin.py:188} INFO - [2025-11-10T01:04:22.055+0000] {dag.py:3036} INFO - Sync 1 DAGs
[2025-11-10T01:04:22.078+0000] {logging_mixin.py:188} INFO - [2025-11-10T01:04:22.078+0000] {dag.py:3823} INFO - Setting next_dagrun for example_setup_teardown to 2025-11-09 00:00:00+00:00, run_after=2025-11-10 00:00:00+00:00
[2025-11-10T01:04:22.103+0000] {processor.py:183} INFO - Processing /home/airflow/.local/lib/python3.8/site-packages/airflow/example_dags/example_setup_teardown.py took 0.091 seconds
[2025-11-10T01:04:52.311+0000] {processor.py:161} INFO - Started process (PID=3191) to work on /home/airflow/.local/lib/python3.8/site-packages/airflow/example_dags/example_setup_teardown.py
[2025-11-10T01:04:52.312+0000] {processor.py:830} INFO - Processing file /home/airflow/.local/lib/python3.8/site-packages/airflow/example_dags/example_setup_teardown.py for tasks to queue
[2025-11-10T01:04:52.314+0000] {logging_mixin.py:188} INFO - [2025-11-10T01:04:52.314+0000] {dagbag.py:538} INFO - Filling up the DagBag from /home/airflow/.local/lib/python3.8/site-packages/airflow/example_dags/example_setup_teardown.py
[2025-11-10T01:04:52.322+0000] {processor.py:840} INFO - DAG(s) 'example_setup_teardown' retrieved from /home/airflow/.local/lib/python3.8/site-packages/airflow/example_dags/example_setup_teardown.py
[2025-11-10T01:04:52.351+0000] {logging_mixin.py:188} INFO - [2025-11-10T01:04:52.351+0000] {dag.py:3036} INFO - Sync 1 DAGs
[2025-11-10T01:04:52.378+0000] {logging_mixin.py:188} INFO - [2025-11-10T01:04:52.378+0000] {dag.py:3823} INFO - Setting next_dagrun for example_setup_teardown to 2025-11-09 00:00:00+00:00, run_after=2025-11-10 00:00:00+00:00
[2025-11-10T01:04:52.404+0000] {processor.py:183} INFO - Processing /home/airflow/.local/lib/python3.8/site-packages/airflow/example_dags/example_setup_teardown.py took 0.096 seconds
[2025-11-10T01:05:22.540+0000] {processor.py:161} INFO - Started process (PID=3288) to work on /home/airflow/.local/lib/python3.8/site-packages/airflow/example_dags/example_setup_teardown.py
[2025-11-10T01:05:22.541+0000] {processor.py:830} INFO - Processing file /home/airflow/.local/lib/python3.8/site-packages/airflow/example_dags/example_setup_teardown.py for tasks to queue
[2025-11-10T01:05:22.543+0000] {logging_mixin.py:188} INFO - [2025-11-10T01:05:22.543+0000] {dagbag.py:538} INFO - Filling up the DagBag from /home/airflow/.local/lib/python3.8/site-packages/airflow/example_dags/example_setup_teardown.py
[2025-11-10T01:05:22.552+0000] {processor.py:840} INFO - DAG(s) 'example_setup_teardown' retrieved from /home/airflow/.local/lib/python3.8/site-packages/airflow/example_dags/example_setup_teardown.py
[2025-11-10T01:05:22.579+0000] {logging_mixin.py:188} INFO - [2025-11-10T01:05:22.579+0000] {dag.py:3036} INFO - Sync 1 DAGs
[2025-11-10T01:05:22.603+0000] {logging_mixin.py:188} INFO - [2025-11-10T01:05:22.603+0000] {dag.py:3823} INFO - Setting next_dagrun for example_setup_teardown to 2025-11-09 00:00:00+00:00, run_after=2025-11-10 00:00:00+00:00
[2025-11-10T01:05:22.628+0000] {processor.py:183} INFO - Processing /home/airflow/.local/lib/python3.8/site-packages/airflow/example_dags/example_setup_teardown.py took 0.092 seconds
[2025-11-10T01:05:53.073+0000] {processor.py:161} INFO - Started process (PID=3393) to work on /home/airflow/.local/lib/python3.8/site-packages/airflow/example_dags/example_setup_teardown.py
[2025-11-10T01:05:53.075+0000] {processor.py:830} INFO - Processing file /home/airflow/.local/lib/python3.8/site-packages/airflow/example_dags/example_setup_teardown.py for tasks to queue
[2025-11-10T01:05:53.076+0000] {logging_mixin.py:188} INFO - [2025-11-10T01:05:53.076+0000] {dagbag.py:538} INFO - Filling up the DagBag from /home/airflow/.local/lib/python3.8/site-packages/airflow/example_dags/example_setup_teardown.py
[2025-11-10T01:05:53.084+0000] {processor.py:840} INFO - DAG(s) 'example_setup_teardown' retrieved from /home/airflow/.local/lib/python3.8/site-packages/airflow/example_dags/example_setup_teardown.py
[2025-11-10T01:05:53.119+0000] {logging_mixin.py:188} INFO - [2025-11-10T01:05:53.119+0000] {dag.py:3036} INFO - Sync 1 DAGs
[2025-11-10T01:05:53.151+0000] {logging_mixin.py:188} INFO - [2025-11-10T01:05:53.151+0000] {dag.py:3823} INFO - Setting next_dagrun for example_setup_teardown to 2025-11-09 00:00:00+00:00, run_after=2025-11-10 00:00:00+00:00
[2025-11-10T01:05:53.180+0000] {processor.py:183} INFO - Processing /home/airflow/.local/lib/python3.8/site-packages/airflow/example_dags/example_setup_teardown.py took 0.111 seconds
[2025-11-10T01:06:24.000+0000] {processor.py:161} INFO - Started process (PID=3506) to work on /home/airflow/.local/lib/python3.8/site-packages/airflow/example_dags/example_setup_teardown.py
[2025-11-10T01:06:24.001+0000] {processor.py:830} INFO - Processing file /home/airflow/.local/lib/python3.8/site-packages/airflow/example_dags/example_setup_teardown.py for tasks to queue
[2025-11-10T01:06:24.003+0000] {logging_mixin.py:188} INFO - [2025-11-10T01:06:24.002+0000] {dagbag.py:538} INFO - Filling up the DagBag from /home/airflow/.local/lib/python3.8/site-packages/airflow/example_dags/example_setup_teardown.py
[2025-11-10T01:06:24.013+0000] {processor.py:840} INFO - DAG(s) 'example_setup_teardown' retrieved from /home/airflow/.local/lib/python3.8/site-packages/airflow/example_dags/example_setup_teardown.py
[2025-11-10T01:06:24.048+0000] {logging_mixin.py:188} INFO - [2025-11-10T01:06:24.048+0000] {dag.py:3036} INFO - Sync 1 DAGs
[2025-11-10T01:06:24.228+0000] {logging_mixin.py:188} INFO - [2025-11-10T01:06:24.228+0000] {dag.py:3823} INFO - Setting next_dagrun for example_setup_teardown to 2025-11-09 00:00:00+00:00, run_after=2025-11-10 00:00:00+00:00
[2025-11-10T01:06:24.261+0000] {processor.py:183} INFO - Processing /home/airflow/.local/lib/python3.8/site-packages/airflow/example_dags/example_setup_teardown.py took 0.267 seconds
[2025-11-10T01:06:55.024+0000] {processor.py:161} INFO - Started process (PID=3603) to work on /home/airflow/.local/lib/python3.8/site-packages/airflow/example_dags/example_setup_teardown.py
[2025-11-10T01:06:55.025+0000] {processor.py:830} INFO - Processing file /home/airflow/.local/lib/python3.8/site-packages/airflow/example_dags/example_setup_teardown.py for tasks to queue
[2025-11-10T01:06:55.026+0000] {logging_mixin.py:188} INFO - [2025-11-10T01:06:55.025+0000] {dagbag.py:538} INFO - Filling up the DagBag from /home/airflow/.local/lib/python3.8/site-packages/airflow/example_dags/example_setup_teardown.py
[2025-11-10T01:06:55.034+0000] {processor.py:840} INFO - DAG(s) 'example_setup_teardown' retrieved from /home/airflow/.local/lib/python3.8/site-packages/airflow/example_dags/example_setup_teardown.py
[2025-11-10T01:06:55.063+0000] {logging_mixin.py:188} INFO - [2025-11-10T01:06:55.063+0000] {dag.py:3036} INFO - Sync 1 DAGs
[2025-11-10T01:06:55.088+0000] {logging_mixin.py:188} INFO - [2025-11-10T01:06:55.088+0000] {dag.py:3823} INFO - Setting next_dagrun for example_setup_teardown to 2025-11-09 00:00:00+00:00, run_after=2025-11-10 00:00:00+00:00
[2025-11-10T01:06:55.110+0000] {processor.py:183} INFO - Processing /home/airflow/.local/lib/python3.8/site-packages/airflow/example_dags/example_setup_teardown.py took 0.090 seconds
