[2025-11-10T00:49:31.236+0000] {processor.py:161} INFO - Started process (PID=183) to work on /home/airflow/.local/lib/python3.8/site-packages/airflow/example_dags/example_params_trigger_ui.py
[2025-11-10T00:49:31.237+0000] {processor.py:830} INFO - Processing file /home/airflow/.local/lib/python3.8/site-packages/airflow/example_dags/example_params_trigger_ui.py for tasks to queue
[2025-11-10T00:49:31.239+0000] {logging_mixin.py:188} INFO - [2025-11-10T00:49:31.238+0000] {dagbag.py:538} INFO - Filling up the DagBag from /home/airflow/.local/lib/python3.8/site-packages/airflow/example_dags/example_params_trigger_ui.py
[2025-11-10T00:49:31.257+0000] {processor.py:840} INFO - DAG(s) 'example_params_trigger_ui' retrieved from /home/airflow/.local/lib/python3.8/site-packages/airflow/example_dags/example_params_trigger_ui.py
[2025-11-10T00:49:31.500+0000] {logging_mixin.py:188} INFO - [2025-11-10T00:49:31.499+0000] {override.py:1769} INFO - Created Permission View: can delete on DAG:example_params_trigger_ui
[2025-11-10T00:49:31.521+0000] {logging_mixin.py:188} INFO - [2025-11-10T00:49:31.521+0000] {override.py:1769} INFO - Created Permission View: can read on DAG:example_params_trigger_ui
[2025-11-10T00:49:31.537+0000] {logging_mixin.py:188} INFO - [2025-11-10T00:49:31.536+0000] {override.py:1769} INFO - Created Permission View: can edit on DAG:example_params_trigger_ui
[2025-11-10T00:49:31.538+0000] {logging_mixin.py:188} INFO - [2025-11-10T00:49:31.538+0000] {dag.py:3036} INFO - Sync 1 DAGs
[2025-11-10T00:49:31.556+0000] {logging_mixin.py:188} INFO - [2025-11-10T00:49:31.556+0000] {dag.py:3058} INFO - Creating ORM DAG for example_params_trigger_ui
[2025-11-10T00:49:31.558+0000] {logging_mixin.py:188} INFO - [2025-11-10T00:49:31.558+0000] {dag.py:3823} INFO - Setting next_dagrun for example_params_trigger_ui to None, run_after=None
[2025-11-10T00:49:31.591+0000] {processor.py:183} INFO - Processing /home/airflow/.local/lib/python3.8/site-packages/airflow/example_dags/example_params_trigger_ui.py took 0.359 seconds
[2025-11-10T00:50:02.420+0000] {processor.py:161} INFO - Started process (PID=280) to work on /home/airflow/.local/lib/python3.8/site-packages/airflow/example_dags/example_params_trigger_ui.py
[2025-11-10T00:50:02.421+0000] {processor.py:830} INFO - Processing file /home/airflow/.local/lib/python3.8/site-packages/airflow/example_dags/example_params_trigger_ui.py for tasks to queue
[2025-11-10T00:50:02.422+0000] {logging_mixin.py:188} INFO - [2025-11-10T00:50:02.422+0000] {dagbag.py:538} INFO - Filling up the DagBag from /home/airflow/.local/lib/python3.8/site-packages/airflow/example_dags/example_params_trigger_ui.py
[2025-11-10T00:50:02.442+0000] {processor.py:840} INFO - DAG(s) 'example_params_trigger_ui' retrieved from /home/airflow/.local/lib/python3.8/site-packages/airflow/example_dags/example_params_trigger_ui.py
[2025-11-10T00:50:02.519+0000] {logging_mixin.py:188} INFO - [2025-11-10T00:50:02.519+0000] {dag.py:3036} INFO - Sync 1 DAGs
[2025-11-10T00:50:02.533+0000] {logging_mixin.py:188} INFO - [2025-11-10T00:50:02.532+0000] {dag.py:3823} INFO - Setting next_dagrun for example_params_trigger_ui to None, run_after=None
[2025-11-10T00:50:02.572+0000] {processor.py:183} INFO - Processing /home/airflow/.local/lib/python3.8/site-packages/airflow/example_dags/example_params_trigger_ui.py took 0.155 seconds
[2025-11-10T00:50:32.679+0000] {processor.py:161} INFO - Started process (PID=377) to work on /home/airflow/.local/lib/python3.8/site-packages/airflow/example_dags/example_params_trigger_ui.py
[2025-11-10T00:50:32.680+0000] {processor.py:830} INFO - Processing file /home/airflow/.local/lib/python3.8/site-packages/airflow/example_dags/example_params_trigger_ui.py for tasks to queue
[2025-11-10T00:50:32.682+0000] {logging_mixin.py:188} INFO - [2025-11-10T00:50:32.681+0000] {dagbag.py:538} INFO - Filling up the DagBag from /home/airflow/.local/lib/python3.8/site-packages/airflow/example_dags/example_params_trigger_ui.py
[2025-11-10T00:50:32.700+0000] {processor.py:840} INFO - DAG(s) 'example_params_trigger_ui' retrieved from /home/airflow/.local/lib/python3.8/site-packages/airflow/example_dags/example_params_trigger_ui.py
[2025-11-10T00:50:32.815+0000] {logging_mixin.py:188} INFO - [2025-11-10T00:50:32.815+0000] {dag.py:3036} INFO - Sync 1 DAGs
[2025-11-10T00:50:32.837+0000] {logging_mixin.py:188} INFO - [2025-11-10T00:50:32.837+0000] {dag.py:3823} INFO - Setting next_dagrun for example_params_trigger_ui to None, run_after=None
[2025-11-10T00:50:32.872+0000] {processor.py:183} INFO - Processing /home/airflow/.local/lib/python3.8/site-packages/airflow/example_dags/example_params_trigger_ui.py took 0.198 seconds
[2025-11-10T00:51:04.047+0000] {processor.py:161} INFO - Started process (PID=474) to work on /home/airflow/.local/lib/python3.8/site-packages/airflow/example_dags/example_params_trigger_ui.py
[2025-11-10T00:51:04.048+0000] {processor.py:830} INFO - Processing file /home/airflow/.local/lib/python3.8/site-packages/airflow/example_dags/example_params_trigger_ui.py for tasks to queue
[2025-11-10T00:51:04.049+0000] {logging_mixin.py:188} INFO - [2025-11-10T00:51:04.049+0000] {dagbag.py:538} INFO - Filling up the DagBag from /home/airflow/.local/lib/python3.8/site-packages/airflow/example_dags/example_params_trigger_ui.py
[2025-11-10T00:51:04.068+0000] {processor.py:840} INFO - DAG(s) 'example_params_trigger_ui' retrieved from /home/airflow/.local/lib/python3.8/site-packages/airflow/example_dags/example_params_trigger_ui.py
[2025-11-10T00:51:04.159+0000] {logging_mixin.py:188} INFO - [2025-11-10T00:51:04.159+0000] {dag.py:3036} INFO - Sync 1 DAGs
[2025-11-10T00:51:04.176+0000] {logging_mixin.py:188} INFO - [2025-11-10T00:51:04.176+0000] {dag.py:3823} INFO - Setting next_dagrun for example_params_trigger_ui to None, run_after=None
[2025-11-10T00:51:04.209+0000] {processor.py:183} INFO - Processing /home/airflow/.local/lib/python3.8/site-packages/airflow/example_dags/example_params_trigger_ui.py took 0.167 seconds
[2025-11-10T00:51:35.012+0000] {processor.py:161} INFO - Started process (PID=571) to work on /home/airflow/.local/lib/python3.8/site-packages/airflow/example_dags/example_params_trigger_ui.py
[2025-11-10T00:51:35.013+0000] {processor.py:830} INFO - Processing file /home/airflow/.local/lib/python3.8/site-packages/airflow/example_dags/example_params_trigger_ui.py for tasks to queue
[2025-11-10T00:51:35.016+0000] {logging_mixin.py:188} INFO - [2025-11-10T00:51:35.015+0000] {dagbag.py:538} INFO - Filling up the DagBag from /home/airflow/.local/lib/python3.8/site-packages/airflow/example_dags/example_params_trigger_ui.py
[2025-11-10T00:51:35.039+0000] {processor.py:840} INFO - DAG(s) 'example_params_trigger_ui' retrieved from /home/airflow/.local/lib/python3.8/site-packages/airflow/example_dags/example_params_trigger_ui.py
[2025-11-10T00:51:35.128+0000] {logging_mixin.py:188} INFO - [2025-11-10T00:51:35.127+0000] {dag.py:3036} INFO - Sync 1 DAGs
[2025-11-10T00:51:35.147+0000] {logging_mixin.py:188} INFO - [2025-11-10T00:51:35.146+0000] {dag.py:3823} INFO - Setting next_dagrun for example_params_trigger_ui to None, run_after=None
[2025-11-10T00:51:35.178+0000] {processor.py:183} INFO - Processing /home/airflow/.local/lib/python3.8/site-packages/airflow/example_dags/example_params_trigger_ui.py took 0.171 seconds
[2025-11-10T00:52:05.881+0000] {processor.py:161} INFO - Started process (PID=676) to work on /home/airflow/.local/lib/python3.8/site-packages/airflow/example_dags/example_params_trigger_ui.py
[2025-11-10T00:52:05.882+0000] {processor.py:830} INFO - Processing file /home/airflow/.local/lib/python3.8/site-packages/airflow/example_dags/example_params_trigger_ui.py for tasks to queue
[2025-11-10T00:52:05.885+0000] {logging_mixin.py:188} INFO - [2025-11-10T00:52:05.884+0000] {dagbag.py:538} INFO - Filling up the DagBag from /home/airflow/.local/lib/python3.8/site-packages/airflow/example_dags/example_params_trigger_ui.py
[2025-11-10T00:52:05.919+0000] {processor.py:840} INFO - DAG(s) 'example_params_trigger_ui' retrieved from /home/airflow/.local/lib/python3.8/site-packages/airflow/example_dags/example_params_trigger_ui.py
[2025-11-10T00:52:06.052+0000] {logging_mixin.py:188} INFO - [2025-11-10T00:52:06.052+0000] {dag.py:3036} INFO - Sync 1 DAGs
[2025-11-10T00:52:06.087+0000] {logging_mixin.py:188} INFO - [2025-11-10T00:52:06.086+0000] {dag.py:3823} INFO - Setting next_dagrun for example_params_trigger_ui to None, run_after=None
[2025-11-10T00:52:06.139+0000] {processor.py:183} INFO - Processing /home/airflow/.local/lib/python3.8/site-packages/airflow/example_dags/example_params_trigger_ui.py took 0.268 seconds
[2025-11-10T00:52:36.395+0000] {processor.py:161} INFO - Started process (PID=771) to work on /home/airflow/.local/lib/python3.8/site-packages/airflow/example_dags/example_params_trigger_ui.py
[2025-11-10T00:52:36.396+0000] {processor.py:830} INFO - Processing file /home/airflow/.local/lib/python3.8/site-packages/airflow/example_dags/example_params_trigger_ui.py for tasks to queue
[2025-11-10T00:52:36.399+0000] {logging_mixin.py:188} INFO - [2025-11-10T00:52:36.398+0000] {dagbag.py:538} INFO - Filling up the DagBag from /home/airflow/.local/lib/python3.8/site-packages/airflow/example_dags/example_params_trigger_ui.py
[2025-11-10T00:52:36.431+0000] {processor.py:840} INFO - DAG(s) 'example_params_trigger_ui' retrieved from /home/airflow/.local/lib/python3.8/site-packages/airflow/example_dags/example_params_trigger_ui.py
[2025-11-10T00:52:36.534+0000] {logging_mixin.py:188} INFO - [2025-11-10T00:52:36.534+0000] {dag.py:3036} INFO - Sync 1 DAGs
[2025-11-10T00:52:36.559+0000] {logging_mixin.py:188} INFO - [2025-11-10T00:52:36.559+0000] {dag.py:3823} INFO - Setting next_dagrun for example_params_trigger_ui to None, run_after=None
[2025-11-10T00:52:36.593+0000] {processor.py:183} INFO - Processing /home/airflow/.local/lib/python3.8/site-packages/airflow/example_dags/example_params_trigger_ui.py took 0.203 seconds
[2025-11-10T00:53:06.818+0000] {processor.py:161} INFO - Started process (PID=883) to work on /home/airflow/.local/lib/python3.8/site-packages/airflow/example_dags/example_params_trigger_ui.py
[2025-11-10T00:53:06.820+0000] {processor.py:830} INFO - Processing file /home/airflow/.local/lib/python3.8/site-packages/airflow/example_dags/example_params_trigger_ui.py for tasks to queue
[2025-11-10T00:53:06.822+0000] {logging_mixin.py:188} INFO - [2025-11-10T00:53:06.821+0000] {dagbag.py:538} INFO - Filling up the DagBag from /home/airflow/.local/lib/python3.8/site-packages/airflow/example_dags/example_params_trigger_ui.py
[2025-11-10T00:53:06.845+0000] {processor.py:840} INFO - DAG(s) 'example_params_trigger_ui' retrieved from /home/airflow/.local/lib/python3.8/site-packages/airflow/example_dags/example_params_trigger_ui.py
[2025-11-10T00:53:06.950+0000] {logging_mixin.py:188} INFO - [2025-11-10T00:53:06.949+0000] {dag.py:3036} INFO - Sync 1 DAGs
[2025-11-10T00:53:06.983+0000] {logging_mixin.py:188} INFO - [2025-11-10T00:53:06.983+0000] {dag.py:3823} INFO - Setting next_dagrun for example_params_trigger_ui to None, run_after=None
[2025-11-10T00:53:07.026+0000] {processor.py:183} INFO - Processing /home/airflow/.local/lib/python3.8/site-packages/airflow/example_dags/example_params_trigger_ui.py took 0.212 seconds
[2025-11-10T00:53:37.310+0000] {processor.py:161} INFO - Started process (PID=981) to work on /home/airflow/.local/lib/python3.8/site-packages/airflow/example_dags/example_params_trigger_ui.py
[2025-11-10T00:53:37.311+0000] {processor.py:830} INFO - Processing file /home/airflow/.local/lib/python3.8/site-packages/airflow/example_dags/example_params_trigger_ui.py for tasks to queue
[2025-11-10T00:53:37.313+0000] {logging_mixin.py:188} INFO - [2025-11-10T00:53:37.312+0000] {dagbag.py:538} INFO - Filling up the DagBag from /home/airflow/.local/lib/python3.8/site-packages/airflow/example_dags/example_params_trigger_ui.py
[2025-11-10T00:53:37.333+0000] {processor.py:840} INFO - DAG(s) 'example_params_trigger_ui' retrieved from /home/airflow/.local/lib/python3.8/site-packages/airflow/example_dags/example_params_trigger_ui.py
[2025-11-10T00:53:37.409+0000] {logging_mixin.py:188} INFO - [2025-11-10T00:53:37.409+0000] {dag.py:3036} INFO - Sync 1 DAGs
[2025-11-10T00:53:37.428+0000] {logging_mixin.py:188} INFO - [2025-11-10T00:53:37.427+0000] {dag.py:3823} INFO - Setting next_dagrun for example_params_trigger_ui to None, run_after=None
[2025-11-10T00:53:37.462+0000] {processor.py:183} INFO - Processing /home/airflow/.local/lib/python3.8/site-packages/airflow/example_dags/example_params_trigger_ui.py took 0.158 seconds
[2025-11-10T00:54:07.927+0000] {processor.py:161} INFO - Started process (PID=1078) to work on /home/airflow/.local/lib/python3.8/site-packages/airflow/example_dags/example_params_trigger_ui.py
[2025-11-10T00:54:07.928+0000] {processor.py:830} INFO - Processing file /home/airflow/.local/lib/python3.8/site-packages/airflow/example_dags/example_params_trigger_ui.py for tasks to queue
[2025-11-10T00:54:07.929+0000] {logging_mixin.py:188} INFO - [2025-11-10T00:54:07.929+0000] {dagbag.py:538} INFO - Filling up the DagBag from /home/airflow/.local/lib/python3.8/site-packages/airflow/example_dags/example_params_trigger_ui.py
[2025-11-10T00:54:07.955+0000] {processor.py:840} INFO - DAG(s) 'example_params_trigger_ui' retrieved from /home/airflow/.local/lib/python3.8/site-packages/airflow/example_dags/example_params_trigger_ui.py
[2025-11-10T00:54:08.048+0000] {logging_mixin.py:188} INFO - [2025-11-10T00:54:08.047+0000] {dag.py:3036} INFO - Sync 1 DAGs
[2025-11-10T00:54:08.068+0000] {logging_mixin.py:188} INFO - [2025-11-10T00:54:08.068+0000] {dag.py:3823} INFO - Setting next_dagrun for example_params_trigger_ui to None, run_after=None
[2025-11-10T00:54:08.102+0000] {processor.py:183} INFO - Processing /home/airflow/.local/lib/python3.8/site-packages/airflow/example_dags/example_params_trigger_ui.py took 0.181 seconds
[2025-11-10T00:54:39.025+0000] {processor.py:161} INFO - Started process (PID=1175) to work on /home/airflow/.local/lib/python3.8/site-packages/airflow/example_dags/example_params_trigger_ui.py
[2025-11-10T00:54:39.027+0000] {processor.py:830} INFO - Processing file /home/airflow/.local/lib/python3.8/site-packages/airflow/example_dags/example_params_trigger_ui.py for tasks to queue
[2025-11-10T00:54:39.029+0000] {logging_mixin.py:188} INFO - [2025-11-10T00:54:39.029+0000] {dagbag.py:538} INFO - Filling up the DagBag from /home/airflow/.local/lib/python3.8/site-packages/airflow/example_dags/example_params_trigger_ui.py
[2025-11-10T00:54:39.055+0000] {processor.py:840} INFO - DAG(s) 'example_params_trigger_ui' retrieved from /home/airflow/.local/lib/python3.8/site-packages/airflow/example_dags/example_params_trigger_ui.py
[2025-11-10T00:54:39.166+0000] {logging_mixin.py:188} INFO - [2025-11-10T00:54:39.165+0000] {dag.py:3036} INFO - Sync 1 DAGs
[2025-11-10T00:54:39.193+0000] {logging_mixin.py:188} INFO - [2025-11-10T00:54:39.193+0000] {dag.py:3823} INFO - Setting next_dagrun for example_params_trigger_ui to None, run_after=None
[2025-11-10T00:54:39.241+0000] {processor.py:183} INFO - Processing /home/airflow/.local/lib/python3.8/site-packages/airflow/example_dags/example_params_trigger_ui.py took 0.221 seconds
[2025-11-10T00:55:09.532+0000] {processor.py:161} INFO - Started process (PID=1272) to work on /home/airflow/.local/lib/python3.8/site-packages/airflow/example_dags/example_params_trigger_ui.py
[2025-11-10T00:55:09.533+0000] {processor.py:830} INFO - Processing file /home/airflow/.local/lib/python3.8/site-packages/airflow/example_dags/example_params_trigger_ui.py for tasks to queue
[2025-11-10T00:55:09.535+0000] {logging_mixin.py:188} INFO - [2025-11-10T00:55:09.535+0000] {dagbag.py:538} INFO - Filling up the DagBag from /home/airflow/.local/lib/python3.8/site-packages/airflow/example_dags/example_params_trigger_ui.py
[2025-11-10T00:55:09.560+0000] {processor.py:840} INFO - DAG(s) 'example_params_trigger_ui' retrieved from /home/airflow/.local/lib/python3.8/site-packages/airflow/example_dags/example_params_trigger_ui.py
[2025-11-10T00:55:09.651+0000] {logging_mixin.py:188} INFO - [2025-11-10T00:55:09.650+0000] {dag.py:3036} INFO - Sync 1 DAGs
[2025-11-10T00:55:09.671+0000] {logging_mixin.py:188} INFO - [2025-11-10T00:55:09.671+0000] {dag.py:3823} INFO - Setting next_dagrun for example_params_trigger_ui to None, run_after=None
[2025-11-10T00:55:09.705+0000] {processor.py:183} INFO - Processing /home/airflow/.local/lib/python3.8/site-packages/airflow/example_dags/example_params_trigger_ui.py took 0.177 seconds
[2025-11-10T00:55:40.662+0000] {processor.py:161} INFO - Started process (PID=1369) to work on /home/airflow/.local/lib/python3.8/site-packages/airflow/example_dags/example_params_trigger_ui.py
[2025-11-10T00:55:40.664+0000] {processor.py:830} INFO - Processing file /home/airflow/.local/lib/python3.8/site-packages/airflow/example_dags/example_params_trigger_ui.py for tasks to queue
[2025-11-10T00:55:40.665+0000] {logging_mixin.py:188} INFO - [2025-11-10T00:55:40.665+0000] {dagbag.py:538} INFO - Filling up the DagBag from /home/airflow/.local/lib/python3.8/site-packages/airflow/example_dags/example_params_trigger_ui.py
[2025-11-10T00:55:40.693+0000] {processor.py:840} INFO - DAG(s) 'example_params_trigger_ui' retrieved from /home/airflow/.local/lib/python3.8/site-packages/airflow/example_dags/example_params_trigger_ui.py
[2025-11-10T00:55:40.791+0000] {logging_mixin.py:188} INFO - [2025-11-10T00:55:40.791+0000] {dag.py:3036} INFO - Sync 1 DAGs
[2025-11-10T00:55:40.814+0000] {logging_mixin.py:188} INFO - [2025-11-10T00:55:40.813+0000] {dag.py:3823} INFO - Setting next_dagrun for example_params_trigger_ui to None, run_after=None
[2025-11-10T00:55:40.871+0000] {processor.py:183} INFO - Processing /home/airflow/.local/lib/python3.8/site-packages/airflow/example_dags/example_params_trigger_ui.py took 0.214 seconds
[2025-11-10T00:56:11.296+0000] {processor.py:161} INFO - Started process (PID=1466) to work on /home/airflow/.local/lib/python3.8/site-packages/airflow/example_dags/example_params_trigger_ui.py
[2025-11-10T00:56:11.298+0000] {processor.py:830} INFO - Processing file /home/airflow/.local/lib/python3.8/site-packages/airflow/example_dags/example_params_trigger_ui.py for tasks to queue
[2025-11-10T00:56:11.300+0000] {logging_mixin.py:188} INFO - [2025-11-10T00:56:11.299+0000] {dagbag.py:538} INFO - Filling up the DagBag from /home/airflow/.local/lib/python3.8/site-packages/airflow/example_dags/example_params_trigger_ui.py
[2025-11-10T00:56:11.337+0000] {processor.py:840} INFO - DAG(s) 'example_params_trigger_ui' retrieved from /home/airflow/.local/lib/python3.8/site-packages/airflow/example_dags/example_params_trigger_ui.py
[2025-11-10T00:56:11.460+0000] {logging_mixin.py:188} INFO - [2025-11-10T00:56:11.460+0000] {dag.py:3036} INFO - Sync 1 DAGs
[2025-11-10T00:56:11.485+0000] {logging_mixin.py:188} INFO - [2025-11-10T00:56:11.484+0000] {dag.py:3823} INFO - Setting next_dagrun for example_params_trigger_ui to None, run_after=None
[2025-11-10T00:56:11.529+0000] {processor.py:183} INFO - Processing /home/airflow/.local/lib/python3.8/site-packages/airflow/example_dags/example_params_trigger_ui.py took 0.240 seconds
[2025-11-10T00:56:42.399+0000] {processor.py:161} INFO - Started process (PID=1563) to work on /home/airflow/.local/lib/python3.8/site-packages/airflow/example_dags/example_params_trigger_ui.py
[2025-11-10T00:56:42.400+0000] {processor.py:830} INFO - Processing file /home/airflow/.local/lib/python3.8/site-packages/airflow/example_dags/example_params_trigger_ui.py for tasks to queue
[2025-11-10T00:56:42.403+0000] {logging_mixin.py:188} INFO - [2025-11-10T00:56:42.402+0000] {dagbag.py:538} INFO - Filling up the DagBag from /home/airflow/.local/lib/python3.8/site-packages/airflow/example_dags/example_params_trigger_ui.py
[2025-11-10T00:56:42.439+0000] {processor.py:840} INFO - DAG(s) 'example_params_trigger_ui' retrieved from /home/airflow/.local/lib/python3.8/site-packages/airflow/example_dags/example_params_trigger_ui.py
[2025-11-10T00:56:42.602+0000] {logging_mixin.py:188} INFO - [2025-11-10T00:56:42.601+0000] {dag.py:3036} INFO - Sync 1 DAGs
[2025-11-10T00:56:42.638+0000] {logging_mixin.py:188} INFO - [2025-11-10T00:56:42.637+0000] {dag.py:3823} INFO - Setting next_dagrun for example_params_trigger_ui to None, run_after=None
[2025-11-10T00:56:42.693+0000] {processor.py:183} INFO - Processing /home/airflow/.local/lib/python3.8/site-packages/airflow/example_dags/example_params_trigger_ui.py took 0.301 seconds
[2025-11-10T00:57:12.806+0000] {processor.py:161} INFO - Started process (PID=1660) to work on /home/airflow/.local/lib/python3.8/site-packages/airflow/example_dags/example_params_trigger_ui.py
[2025-11-10T00:57:12.807+0000] {processor.py:830} INFO - Processing file /home/airflow/.local/lib/python3.8/site-packages/airflow/example_dags/example_params_trigger_ui.py for tasks to queue
[2025-11-10T00:57:12.809+0000] {logging_mixin.py:188} INFO - [2025-11-10T00:57:12.808+0000] {dagbag.py:538} INFO - Filling up the DagBag from /home/airflow/.local/lib/python3.8/site-packages/airflow/example_dags/example_params_trigger_ui.py
[2025-11-10T00:57:12.833+0000] {processor.py:840} INFO - DAG(s) 'example_params_trigger_ui' retrieved from /home/airflow/.local/lib/python3.8/site-packages/airflow/example_dags/example_params_trigger_ui.py
[2025-11-10T00:57:12.913+0000] {logging_mixin.py:188} INFO - [2025-11-10T00:57:12.913+0000] {dag.py:3036} INFO - Sync 1 DAGs
[2025-11-10T00:57:12.935+0000] {logging_mixin.py:188} INFO - [2025-11-10T00:57:12.935+0000] {dag.py:3823} INFO - Setting next_dagrun for example_params_trigger_ui to None, run_after=None
[2025-11-10T00:57:12.971+0000] {processor.py:183} INFO - Processing /home/airflow/.local/lib/python3.8/site-packages/airflow/example_dags/example_params_trigger_ui.py took 0.171 seconds
[2025-11-10T00:57:43.425+0000] {processor.py:161} INFO - Started process (PID=1757) to work on /home/airflow/.local/lib/python3.8/site-packages/airflow/example_dags/example_params_trigger_ui.py
[2025-11-10T00:57:43.426+0000] {processor.py:830} INFO - Processing file /home/airflow/.local/lib/python3.8/site-packages/airflow/example_dags/example_params_trigger_ui.py for tasks to queue
[2025-11-10T00:57:43.428+0000] {logging_mixin.py:188} INFO - [2025-11-10T00:57:43.427+0000] {dagbag.py:538} INFO - Filling up the DagBag from /home/airflow/.local/lib/python3.8/site-packages/airflow/example_dags/example_params_trigger_ui.py
[2025-11-10T00:57:43.449+0000] {processor.py:840} INFO - DAG(s) 'example_params_trigger_ui' retrieved from /home/airflow/.local/lib/python3.8/site-packages/airflow/example_dags/example_params_trigger_ui.py
[2025-11-10T00:57:43.533+0000] {logging_mixin.py:188} INFO - [2025-11-10T00:57:43.532+0000] {dag.py:3036} INFO - Sync 1 DAGs
[2025-11-10T00:57:43.553+0000] {logging_mixin.py:188} INFO - [2025-11-10T00:57:43.552+0000] {dag.py:3823} INFO - Setting next_dagrun for example_params_trigger_ui to None, run_after=None
[2025-11-10T00:57:43.584+0000] {processor.py:183} INFO - Processing /home/airflow/.local/lib/python3.8/site-packages/airflow/example_dags/example_params_trigger_ui.py took 0.162 seconds
[2025-11-10T00:58:13.885+0000] {processor.py:161} INFO - Started process (PID=1862) to work on /home/airflow/.local/lib/python3.8/site-packages/airflow/example_dags/example_params_trigger_ui.py
[2025-11-10T00:58:13.907+0000] {processor.py:830} INFO - Processing file /home/airflow/.local/lib/python3.8/site-packages/airflow/example_dags/example_params_trigger_ui.py for tasks to queue
[2025-11-10T00:58:13.928+0000] {logging_mixin.py:188} INFO - [2025-11-10T00:58:13.927+0000] {dagbag.py:538} INFO - Filling up the DagBag from /home/airflow/.local/lib/python3.8/site-packages/airflow/example_dags/example_params_trigger_ui.py
[2025-11-10T00:58:13.951+0000] {processor.py:840} INFO - DAG(s) 'example_params_trigger_ui' retrieved from /home/airflow/.local/lib/python3.8/site-packages/airflow/example_dags/example_params_trigger_ui.py
[2025-11-10T00:58:14.026+0000] {logging_mixin.py:188} INFO - [2025-11-10T00:58:14.026+0000] {dag.py:3036} INFO - Sync 1 DAGs
[2025-11-10T00:58:14.042+0000] {logging_mixin.py:188} INFO - [2025-11-10T00:58:14.042+0000] {dag.py:3823} INFO - Setting next_dagrun for example_params_trigger_ui to None, run_after=None
[2025-11-10T00:58:14.074+0000] {processor.py:183} INFO - Processing /home/airflow/.local/lib/python3.8/site-packages/airflow/example_dags/example_params_trigger_ui.py took 0.193 seconds
[2025-11-10T00:58:44.254+0000] {processor.py:161} INFO - Started process (PID=1974) to work on /home/airflow/.local/lib/python3.8/site-packages/airflow/example_dags/example_params_trigger_ui.py
[2025-11-10T00:58:44.255+0000] {processor.py:830} INFO - Processing file /home/airflow/.local/lib/python3.8/site-packages/airflow/example_dags/example_params_trigger_ui.py for tasks to queue
[2025-11-10T00:58:44.257+0000] {logging_mixin.py:188} INFO - [2025-11-10T00:58:44.256+0000] {dagbag.py:538} INFO - Filling up the DagBag from /home/airflow/.local/lib/python3.8/site-packages/airflow/example_dags/example_params_trigger_ui.py
[2025-11-10T00:58:44.274+0000] {processor.py:840} INFO - DAG(s) 'example_params_trigger_ui' retrieved from /home/airflow/.local/lib/python3.8/site-packages/airflow/example_dags/example_params_trigger_ui.py
[2025-11-10T00:58:44.358+0000] {logging_mixin.py:188} INFO - [2025-11-10T00:58:44.358+0000] {dag.py:3036} INFO - Sync 1 DAGs
[2025-11-10T00:58:44.380+0000] {logging_mixin.py:188} INFO - [2025-11-10T00:58:44.380+0000] {dag.py:3823} INFO - Setting next_dagrun for example_params_trigger_ui to None, run_after=None
[2025-11-10T00:58:44.412+0000] {processor.py:183} INFO - Processing /home/airflow/.local/lib/python3.8/site-packages/airflow/example_dags/example_params_trigger_ui.py took 0.163 seconds
[2025-11-10T00:59:14.668+0000] {processor.py:161} INFO - Started process (PID=2071) to work on /home/airflow/.local/lib/python3.8/site-packages/airflow/example_dags/example_params_trigger_ui.py
[2025-11-10T00:59:14.669+0000] {processor.py:830} INFO - Processing file /home/airflow/.local/lib/python3.8/site-packages/airflow/example_dags/example_params_trigger_ui.py for tasks to queue
[2025-11-10T00:59:14.671+0000] {logging_mixin.py:188} INFO - [2025-11-10T00:59:14.670+0000] {dagbag.py:538} INFO - Filling up the DagBag from /home/airflow/.local/lib/python3.8/site-packages/airflow/example_dags/example_params_trigger_ui.py
[2025-11-10T00:59:14.690+0000] {processor.py:840} INFO - DAG(s) 'example_params_trigger_ui' retrieved from /home/airflow/.local/lib/python3.8/site-packages/airflow/example_dags/example_params_trigger_ui.py
[2025-11-10T00:59:14.774+0000] {logging_mixin.py:188} INFO - [2025-11-10T00:59:14.774+0000] {dag.py:3036} INFO - Sync 1 DAGs
[2025-11-10T00:59:14.793+0000] {logging_mixin.py:188} INFO - [2025-11-10T00:59:14.792+0000] {dag.py:3823} INFO - Setting next_dagrun for example_params_trigger_ui to None, run_after=None
[2025-11-10T00:59:14.825+0000] {processor.py:183} INFO - Processing /home/airflow/.local/lib/python3.8/site-packages/airflow/example_dags/example_params_trigger_ui.py took 0.162 seconds
[2025-11-10T00:59:45.413+0000] {processor.py:161} INFO - Started process (PID=2167) to work on /home/airflow/.local/lib/python3.8/site-packages/airflow/example_dags/example_params_trigger_ui.py
[2025-11-10T00:59:45.414+0000] {processor.py:830} INFO - Processing file /home/airflow/.local/lib/python3.8/site-packages/airflow/example_dags/example_params_trigger_ui.py for tasks to queue
[2025-11-10T00:59:45.415+0000] {logging_mixin.py:188} INFO - [2025-11-10T00:59:45.415+0000] {dagbag.py:538} INFO - Filling up the DagBag from /home/airflow/.local/lib/python3.8/site-packages/airflow/example_dags/example_params_trigger_ui.py
[2025-11-10T00:59:45.433+0000] {processor.py:840} INFO - DAG(s) 'example_params_trigger_ui' retrieved from /home/airflow/.local/lib/python3.8/site-packages/airflow/example_dags/example_params_trigger_ui.py
[2025-11-10T00:59:45.496+0000] {logging_mixin.py:188} INFO - [2025-11-10T00:59:45.496+0000] {dag.py:3036} INFO - Sync 1 DAGs
[2025-11-10T00:59:45.512+0000] {logging_mixin.py:188} INFO - [2025-11-10T00:59:45.511+0000] {dag.py:3823} INFO - Setting next_dagrun for example_params_trigger_ui to None, run_after=None
[2025-11-10T00:59:45.538+0000] {processor.py:183} INFO - Processing /home/airflow/.local/lib/python3.8/site-packages/airflow/example_dags/example_params_trigger_ui.py took 0.128 seconds
[2025-11-10T01:00:15.706+0000] {processor.py:161} INFO - Started process (PID=2263) to work on /home/airflow/.local/lib/python3.8/site-packages/airflow/example_dags/example_params_trigger_ui.py
[2025-11-10T01:00:15.707+0000] {processor.py:830} INFO - Processing file /home/airflow/.local/lib/python3.8/site-packages/airflow/example_dags/example_params_trigger_ui.py for tasks to queue
[2025-11-10T01:00:15.708+0000] {logging_mixin.py:188} INFO - [2025-11-10T01:00:15.708+0000] {dagbag.py:538} INFO - Filling up the DagBag from /home/airflow/.local/lib/python3.8/site-packages/airflow/example_dags/example_params_trigger_ui.py
[2025-11-10T01:00:15.725+0000] {processor.py:840} INFO - DAG(s) 'example_params_trigger_ui' retrieved from /home/airflow/.local/lib/python3.8/site-packages/airflow/example_dags/example_params_trigger_ui.py
[2025-11-10T01:00:15.788+0000] {logging_mixin.py:188} INFO - [2025-11-10T01:00:15.788+0000] {dag.py:3036} INFO - Sync 1 DAGs
[2025-11-10T01:00:15.805+0000] {logging_mixin.py:188} INFO - [2025-11-10T01:00:15.805+0000] {dag.py:3823} INFO - Setting next_dagrun for example_params_trigger_ui to None, run_after=None
[2025-11-10T01:00:15.833+0000] {processor.py:183} INFO - Processing /home/airflow/.local/lib/python3.8/site-packages/airflow/example_dags/example_params_trigger_ui.py took 0.130 seconds
[2025-11-10T01:00:46.145+0000] {processor.py:161} INFO - Started process (PID=2360) to work on /home/airflow/.local/lib/python3.8/site-packages/airflow/example_dags/example_params_trigger_ui.py
[2025-11-10T01:00:46.152+0000] {processor.py:830} INFO - Processing file /home/airflow/.local/lib/python3.8/site-packages/airflow/example_dags/example_params_trigger_ui.py for tasks to queue
[2025-11-10T01:00:46.154+0000] {logging_mixin.py:188} INFO - [2025-11-10T01:00:46.153+0000] {dagbag.py:538} INFO - Filling up the DagBag from /home/airflow/.local/lib/python3.8/site-packages/airflow/example_dags/example_params_trigger_ui.py
[2025-11-10T01:00:46.195+0000] {processor.py:840} INFO - DAG(s) 'example_params_trigger_ui' retrieved from /home/airflow/.local/lib/python3.8/site-packages/airflow/example_dags/example_params_trigger_ui.py
[2025-11-10T01:00:46.358+0000] {logging_mixin.py:188} INFO - [2025-11-10T01:00:46.358+0000] {dag.py:3036} INFO - Sync 1 DAGs
[2025-11-10T01:00:46.389+0000] {logging_mixin.py:188} INFO - [2025-11-10T01:00:46.388+0000] {dag.py:3823} INFO - Setting next_dagrun for example_params_trigger_ui to None, run_after=None
[2025-11-10T01:00:46.431+0000] {processor.py:183} INFO - Processing /home/airflow/.local/lib/python3.8/site-packages/airflow/example_dags/example_params_trigger_ui.py took 0.290 seconds
[2025-11-10T01:01:16.939+0000] {processor.py:161} INFO - Started process (PID=2466) to work on /home/airflow/.local/lib/python3.8/site-packages/airflow/example_dags/example_params_trigger_ui.py
[2025-11-10T01:01:16.940+0000] {processor.py:830} INFO - Processing file /home/airflow/.local/lib/python3.8/site-packages/airflow/example_dags/example_params_trigger_ui.py for tasks to queue
[2025-11-10T01:01:16.942+0000] {logging_mixin.py:188} INFO - [2025-11-10T01:01:16.942+0000] {dagbag.py:538} INFO - Filling up the DagBag from /home/airflow/.local/lib/python3.8/site-packages/airflow/example_dags/example_params_trigger_ui.py
[2025-11-10T01:01:16.963+0000] {processor.py:840} INFO - DAG(s) 'example_params_trigger_ui' retrieved from /home/airflow/.local/lib/python3.8/site-packages/airflow/example_dags/example_params_trigger_ui.py
[2025-11-10T01:01:17.057+0000] {logging_mixin.py:188} INFO - [2025-11-10T01:01:17.057+0000] {dag.py:3036} INFO - Sync 1 DAGs
[2025-11-10T01:01:17.074+0000] {logging_mixin.py:188} INFO - [2025-11-10T01:01:17.073+0000] {dag.py:3823} INFO - Setting next_dagrun for example_params_trigger_ui to None, run_after=None
[2025-11-10T01:01:17.102+0000] {processor.py:183} INFO - Processing /home/airflow/.local/lib/python3.8/site-packages/airflow/example_dags/example_params_trigger_ui.py took 0.167 seconds
[2025-11-10T01:01:47.329+0000] {processor.py:161} INFO - Started process (PID=2577) to work on /home/airflow/.local/lib/python3.8/site-packages/airflow/example_dags/example_params_trigger_ui.py
[2025-11-10T01:01:47.331+0000] {processor.py:830} INFO - Processing file /home/airflow/.local/lib/python3.8/site-packages/airflow/example_dags/example_params_trigger_ui.py for tasks to queue
[2025-11-10T01:01:47.333+0000] {logging_mixin.py:188} INFO - [2025-11-10T01:01:47.332+0000] {dagbag.py:538} INFO - Filling up the DagBag from /home/airflow/.local/lib/python3.8/site-packages/airflow/example_dags/example_params_trigger_ui.py
[2025-11-10T01:01:47.353+0000] {processor.py:840} INFO - DAG(s) 'example_params_trigger_ui' retrieved from /home/airflow/.local/lib/python3.8/site-packages/airflow/example_dags/example_params_trigger_ui.py
[2025-11-10T01:01:47.421+0000] {logging_mixin.py:188} INFO - [2025-11-10T01:01:47.420+0000] {dag.py:3036} INFO - Sync 1 DAGs
[2025-11-10T01:01:47.444+0000] {logging_mixin.py:188} INFO - [2025-11-10T01:01:47.444+0000] {dag.py:3823} INFO - Setting next_dagrun for example_params_trigger_ui to None, run_after=None
[2025-11-10T01:01:47.489+0000] {processor.py:183} INFO - Processing /home/airflow/.local/lib/python3.8/site-packages/airflow/example_dags/example_params_trigger_ui.py took 0.164 seconds
[2025-11-10T01:02:18.269+0000] {processor.py:161} INFO - Started process (PID=2675) to work on /home/airflow/.local/lib/python3.8/site-packages/airflow/example_dags/example_params_trigger_ui.py
[2025-11-10T01:02:18.270+0000] {processor.py:830} INFO - Processing file /home/airflow/.local/lib/python3.8/site-packages/airflow/example_dags/example_params_trigger_ui.py for tasks to queue
[2025-11-10T01:02:18.271+0000] {logging_mixin.py:188} INFO - [2025-11-10T01:02:18.271+0000] {dagbag.py:538} INFO - Filling up the DagBag from /home/airflow/.local/lib/python3.8/site-packages/airflow/example_dags/example_params_trigger_ui.py
[2025-11-10T01:02:18.293+0000] {processor.py:840} INFO - DAG(s) 'example_params_trigger_ui' retrieved from /home/airflow/.local/lib/python3.8/site-packages/airflow/example_dags/example_params_trigger_ui.py
[2025-11-10T01:02:18.407+0000] {logging_mixin.py:188} INFO - [2025-11-10T01:02:18.406+0000] {dag.py:3036} INFO - Sync 1 DAGs
[2025-11-10T01:02:18.424+0000] {logging_mixin.py:188} INFO - [2025-11-10T01:02:18.424+0000] {dag.py:3823} INFO - Setting next_dagrun for example_params_trigger_ui to None, run_after=None
[2025-11-10T01:02:18.458+0000] {processor.py:183} INFO - Processing /home/airflow/.local/lib/python3.8/site-packages/airflow/example_dags/example_params_trigger_ui.py took 0.195 seconds
[2025-11-10T01:02:48.765+0000] {processor.py:161} INFO - Started process (PID=2772) to work on /home/airflow/.local/lib/python3.8/site-packages/airflow/example_dags/example_params_trigger_ui.py
[2025-11-10T01:02:48.766+0000] {processor.py:830} INFO - Processing file /home/airflow/.local/lib/python3.8/site-packages/airflow/example_dags/example_params_trigger_ui.py for tasks to queue
[2025-11-10T01:02:48.768+0000] {logging_mixin.py:188} INFO - [2025-11-10T01:02:48.767+0000] {dagbag.py:538} INFO - Filling up the DagBag from /home/airflow/.local/lib/python3.8/site-packages/airflow/example_dags/example_params_trigger_ui.py
[2025-11-10T01:02:48.784+0000] {processor.py:840} INFO - DAG(s) 'example_params_trigger_ui' retrieved from /home/airflow/.local/lib/python3.8/site-packages/airflow/example_dags/example_params_trigger_ui.py
[2025-11-10T01:02:48.852+0000] {logging_mixin.py:188} INFO - [2025-11-10T01:02:48.852+0000] {dag.py:3036} INFO - Sync 1 DAGs
[2025-11-10T01:02:48.868+0000] {logging_mixin.py:188} INFO - [2025-11-10T01:02:48.868+0000] {dag.py:3823} INFO - Setting next_dagrun for example_params_trigger_ui to None, run_after=None
[2025-11-10T01:02:48.893+0000] {processor.py:183} INFO - Processing /home/airflow/.local/lib/python3.8/site-packages/airflow/example_dags/example_params_trigger_ui.py took 0.134 seconds
[2025-11-10T01:03:18.965+0000] {processor.py:161} INFO - Started process (PID=2868) to work on /home/airflow/.local/lib/python3.8/site-packages/airflow/example_dags/example_params_trigger_ui.py
[2025-11-10T01:03:18.966+0000] {processor.py:830} INFO - Processing file /home/airflow/.local/lib/python3.8/site-packages/airflow/example_dags/example_params_trigger_ui.py for tasks to queue
[2025-11-10T01:03:18.967+0000] {logging_mixin.py:188} INFO - [2025-11-10T01:03:18.967+0000] {dagbag.py:538} INFO - Filling up the DagBag from /home/airflow/.local/lib/python3.8/site-packages/airflow/example_dags/example_params_trigger_ui.py
[2025-11-10T01:03:18.983+0000] {processor.py:840} INFO - DAG(s) 'example_params_trigger_ui' retrieved from /home/airflow/.local/lib/python3.8/site-packages/airflow/example_dags/example_params_trigger_ui.py
[2025-11-10T01:03:19.045+0000] {logging_mixin.py:188} INFO - [2025-11-10T01:03:19.044+0000] {dag.py:3036} INFO - Sync 1 DAGs
[2025-11-10T01:03:19.065+0000] {logging_mixin.py:188} INFO - [2025-11-10T01:03:19.065+0000] {dag.py:3823} INFO - Setting next_dagrun for example_params_trigger_ui to None, run_after=None
[2025-11-10T01:03:19.105+0000] {processor.py:183} INFO - Processing /home/airflow/.local/lib/python3.8/site-packages/airflow/example_dags/example_params_trigger_ui.py took 0.143 seconds
[2025-11-10T01:03:49.907+0000] {processor.py:161} INFO - Started process (PID=2974) to work on /home/airflow/.local/lib/python3.8/site-packages/airflow/example_dags/example_params_trigger_ui.py
[2025-11-10T01:03:49.908+0000] {processor.py:830} INFO - Processing file /home/airflow/.local/lib/python3.8/site-packages/airflow/example_dags/example_params_trigger_ui.py for tasks to queue
[2025-11-10T01:03:49.909+0000] {logging_mixin.py:188} INFO - [2025-11-10T01:03:49.908+0000] {dagbag.py:538} INFO - Filling up the DagBag from /home/airflow/.local/lib/python3.8/site-packages/airflow/example_dags/example_params_trigger_ui.py
[2025-11-10T01:03:49.928+0000] {processor.py:840} INFO - DAG(s) 'example_params_trigger_ui' retrieved from /home/airflow/.local/lib/python3.8/site-packages/airflow/example_dags/example_params_trigger_ui.py
[2025-11-10T01:03:50.009+0000] {logging_mixin.py:188} INFO - [2025-11-10T01:03:50.008+0000] {dag.py:3036} INFO - Sync 1 DAGs
[2025-11-10T01:03:50.027+0000] {logging_mixin.py:188} INFO - [2025-11-10T01:03:50.027+0000] {dag.py:3823} INFO - Setting next_dagrun for example_params_trigger_ui to None, run_after=None
[2025-11-10T01:03:50.067+0000] {processor.py:183} INFO - Processing /home/airflow/.local/lib/python3.8/site-packages/airflow/example_dags/example_params_trigger_ui.py took 0.165 seconds
[2025-11-10T01:04:20.218+0000] {processor.py:161} INFO - Started process (PID=3085) to work on /home/airflow/.local/lib/python3.8/site-packages/airflow/example_dags/example_params_trigger_ui.py
[2025-11-10T01:04:20.219+0000] {processor.py:830} INFO - Processing file /home/airflow/.local/lib/python3.8/site-packages/airflow/example_dags/example_params_trigger_ui.py for tasks to queue
[2025-11-10T01:04:20.221+0000] {logging_mixin.py:188} INFO - [2025-11-10T01:04:20.220+0000] {dagbag.py:538} INFO - Filling up the DagBag from /home/airflow/.local/lib/python3.8/site-packages/airflow/example_dags/example_params_trigger_ui.py
[2025-11-10T01:04:20.240+0000] {processor.py:840} INFO - DAG(s) 'example_params_trigger_ui' retrieved from /home/airflow/.local/lib/python3.8/site-packages/airflow/example_dags/example_params_trigger_ui.py
[2025-11-10T01:04:20.302+0000] {logging_mixin.py:188} INFO - [2025-11-10T01:04:20.301+0000] {dag.py:3036} INFO - Sync 1 DAGs
[2025-11-10T01:04:20.318+0000] {logging_mixin.py:188} INFO - [2025-11-10T01:04:20.318+0000] {dag.py:3823} INFO - Setting next_dagrun for example_params_trigger_ui to None, run_after=None
[2025-11-10T01:04:20.344+0000] {processor.py:183} INFO - Processing /home/airflow/.local/lib/python3.8/site-packages/airflow/example_dags/example_params_trigger_ui.py took 0.129 seconds
[2025-11-10T01:04:50.488+0000] {processor.py:161} INFO - Started process (PID=3182) to work on /home/airflow/.local/lib/python3.8/site-packages/airflow/example_dags/example_params_trigger_ui.py
[2025-11-10T01:04:50.489+0000] {processor.py:830} INFO - Processing file /home/airflow/.local/lib/python3.8/site-packages/airflow/example_dags/example_params_trigger_ui.py for tasks to queue
[2025-11-10T01:04:50.491+0000] {logging_mixin.py:188} INFO - [2025-11-10T01:04:50.490+0000] {dagbag.py:538} INFO - Filling up the DagBag from /home/airflow/.local/lib/python3.8/site-packages/airflow/example_dags/example_params_trigger_ui.py
[2025-11-10T01:04:50.507+0000] {processor.py:840} INFO - DAG(s) 'example_params_trigger_ui' retrieved from /home/airflow/.local/lib/python3.8/site-packages/airflow/example_dags/example_params_trigger_ui.py
[2025-11-10T01:04:50.573+0000] {logging_mixin.py:188} INFO - [2025-11-10T01:04:50.573+0000] {dag.py:3036} INFO - Sync 1 DAGs
[2025-11-10T01:04:50.590+0000] {logging_mixin.py:188} INFO - [2025-11-10T01:04:50.589+0000] {dag.py:3823} INFO - Setting next_dagrun for example_params_trigger_ui to None, run_after=None
[2025-11-10T01:04:50.618+0000] {processor.py:183} INFO - Processing /home/airflow/.local/lib/python3.8/site-packages/airflow/example_dags/example_params_trigger_ui.py took 0.132 seconds
[2025-11-10T01:05:20.834+0000] {processor.py:161} INFO - Started process (PID=3279) to work on /home/airflow/.local/lib/python3.8/site-packages/airflow/example_dags/example_params_trigger_ui.py
[2025-11-10T01:05:20.835+0000] {processor.py:830} INFO - Processing file /home/airflow/.local/lib/python3.8/site-packages/airflow/example_dags/example_params_trigger_ui.py for tasks to queue
[2025-11-10T01:05:20.836+0000] {logging_mixin.py:188} INFO - [2025-11-10T01:05:20.836+0000] {dagbag.py:538} INFO - Filling up the DagBag from /home/airflow/.local/lib/python3.8/site-packages/airflow/example_dags/example_params_trigger_ui.py
[2025-11-10T01:05:20.853+0000] {processor.py:840} INFO - DAG(s) 'example_params_trigger_ui' retrieved from /home/airflow/.local/lib/python3.8/site-packages/airflow/example_dags/example_params_trigger_ui.py
[2025-11-10T01:05:20.916+0000] {logging_mixin.py:188} INFO - [2025-11-10T01:05:20.916+0000] {dag.py:3036} INFO - Sync 1 DAGs
[2025-11-10T01:05:20.932+0000] {logging_mixin.py:188} INFO - [2025-11-10T01:05:20.931+0000] {dag.py:3823} INFO - Setting next_dagrun for example_params_trigger_ui to None, run_after=None
[2025-11-10T01:05:20.956+0000] {processor.py:183} INFO - Processing /home/airflow/.local/lib/python3.8/site-packages/airflow/example_dags/example_params_trigger_ui.py took 0.125 seconds
[2025-11-10T01:05:51.217+0000] {processor.py:161} INFO - Started process (PID=3376) to work on /home/airflow/.local/lib/python3.8/site-packages/airflow/example_dags/example_params_trigger_ui.py
[2025-11-10T01:05:51.219+0000] {processor.py:830} INFO - Processing file /home/airflow/.local/lib/python3.8/site-packages/airflow/example_dags/example_params_trigger_ui.py for tasks to queue
[2025-11-10T01:05:51.220+0000] {logging_mixin.py:188} INFO - [2025-11-10T01:05:51.220+0000] {dagbag.py:538} INFO - Filling up the DagBag from /home/airflow/.local/lib/python3.8/site-packages/airflow/example_dags/example_params_trigger_ui.py
[2025-11-10T01:05:51.240+0000] {processor.py:840} INFO - DAG(s) 'example_params_trigger_ui' retrieved from /home/airflow/.local/lib/python3.8/site-packages/airflow/example_dags/example_params_trigger_ui.py
[2025-11-10T01:05:51.306+0000] {logging_mixin.py:188} INFO - [2025-11-10T01:05:51.305+0000] {dag.py:3036} INFO - Sync 1 DAGs
[2025-11-10T01:05:51.324+0000] {logging_mixin.py:188} INFO - [2025-11-10T01:05:51.323+0000] {dag.py:3823} INFO - Setting next_dagrun for example_params_trigger_ui to None, run_after=None
[2025-11-10T01:05:51.351+0000] {processor.py:183} INFO - Processing /home/airflow/.local/lib/python3.8/site-packages/airflow/example_dags/example_params_trigger_ui.py took 0.138 seconds
[2025-11-10T01:06:21.734+0000] {processor.py:161} INFO - Started process (PID=3482) to work on /home/airflow/.local/lib/python3.8/site-packages/airflow/example_dags/example_params_trigger_ui.py
[2025-11-10T01:06:21.735+0000] {processor.py:830} INFO - Processing file /home/airflow/.local/lib/python3.8/site-packages/airflow/example_dags/example_params_trigger_ui.py for tasks to queue
[2025-11-10T01:06:21.736+0000] {logging_mixin.py:188} INFO - [2025-11-10T01:06:21.736+0000] {dagbag.py:538} INFO - Filling up the DagBag from /home/airflow/.local/lib/python3.8/site-packages/airflow/example_dags/example_params_trigger_ui.py
[2025-11-10T01:06:21.761+0000] {processor.py:840} INFO - DAG(s) 'example_params_trigger_ui' retrieved from /home/airflow/.local/lib/python3.8/site-packages/airflow/example_dags/example_params_trigger_ui.py
[2025-11-10T01:06:21.851+0000] {logging_mixin.py:188} INFO - [2025-11-10T01:06:21.851+0000] {dag.py:3036} INFO - Sync 1 DAGs
[2025-11-10T01:06:21.874+0000] {logging_mixin.py:188} INFO - [2025-11-10T01:06:21.873+0000] {dag.py:3823} INFO - Setting next_dagrun for example_params_trigger_ui to None, run_after=None
[2025-11-10T01:06:21.911+0000] {processor.py:183} INFO - Processing /home/airflow/.local/lib/python3.8/site-packages/airflow/example_dags/example_params_trigger_ui.py took 0.182 seconds
[2025-11-10T01:06:52.290+0000] {processor.py:161} INFO - Started process (PID=3594) to work on /home/airflow/.local/lib/python3.8/site-packages/airflow/example_dags/example_params_trigger_ui.py
[2025-11-10T01:06:52.291+0000] {processor.py:830} INFO - Processing file /home/airflow/.local/lib/python3.8/site-packages/airflow/example_dags/example_params_trigger_ui.py for tasks to queue
[2025-11-10T01:06:52.292+0000] {logging_mixin.py:188} INFO - [2025-11-10T01:06:52.292+0000] {dagbag.py:538} INFO - Filling up the DagBag from /home/airflow/.local/lib/python3.8/site-packages/airflow/example_dags/example_params_trigger_ui.py
[2025-11-10T01:06:52.314+0000] {processor.py:840} INFO - DAG(s) 'example_params_trigger_ui' retrieved from /home/airflow/.local/lib/python3.8/site-packages/airflow/example_dags/example_params_trigger_ui.py
[2025-11-10T01:06:52.383+0000] {logging_mixin.py:188} INFO - [2025-11-10T01:06:52.382+0000] {dag.py:3036} INFO - Sync 1 DAGs
[2025-11-10T01:06:52.399+0000] {logging_mixin.py:188} INFO - [2025-11-10T01:06:52.399+0000] {dag.py:3823} INFO - Setting next_dagrun for example_params_trigger_ui to None, run_after=None
[2025-11-10T01:06:52.427+0000] {processor.py:183} INFO - Processing /home/airflow/.local/lib/python3.8/site-packages/airflow/example_dags/example_params_trigger_ui.py took 0.140 seconds
[2025-11-10T02:09:07.483+0000] {processor.py:161} INFO - Started process (PID=174) to work on /home/airflow/.local/lib/python3.8/site-packages/airflow/example_dags/example_params_trigger_ui.py
[2025-11-10T02:09:07.484+0000] {processor.py:830} INFO - Processing file /home/airflow/.local/lib/python3.8/site-packages/airflow/example_dags/example_params_trigger_ui.py for tasks to queue
[2025-11-10T02:09:07.487+0000] {logging_mixin.py:188} INFO - [2025-11-10T02:09:07.486+0000] {dagbag.py:538} INFO - Filling up the DagBag from /home/airflow/.local/lib/python3.8/site-packages/airflow/example_dags/example_params_trigger_ui.py
[2025-11-10T02:09:07.512+0000] {processor.py:840} INFO - DAG(s) 'example_params_trigger_ui' retrieved from /home/airflow/.local/lib/python3.8/site-packages/airflow/example_dags/example_params_trigger_ui.py
[2025-11-10T02:09:07.816+0000] {logging_mixin.py:188} INFO - [2025-11-10T02:09:07.816+0000] {dag.py:3036} INFO - Sync 1 DAGs
[2025-11-10T02:09:07.838+0000] {logging_mixin.py:188} INFO - [2025-11-10T02:09:07.837+0000] {dag.py:3823} INFO - Setting next_dagrun for example_params_trigger_ui to None, run_after=None
[2025-11-10T02:09:07.889+0000] {processor.py:183} INFO - Processing /home/airflow/.local/lib/python3.8/site-packages/airflow/example_dags/example_params_trigger_ui.py took 0.413 seconds
[2025-11-10T02:09:37.960+0000] {processor.py:161} INFO - Started process (PID=271) to work on /home/airflow/.local/lib/python3.8/site-packages/airflow/example_dags/example_params_trigger_ui.py
[2025-11-10T02:09:37.962+0000] {processor.py:830} INFO - Processing file /home/airflow/.local/lib/python3.8/site-packages/airflow/example_dags/example_params_trigger_ui.py for tasks to queue
[2025-11-10T02:09:37.964+0000] {logging_mixin.py:188} INFO - [2025-11-10T02:09:37.963+0000] {dagbag.py:538} INFO - Filling up the DagBag from /home/airflow/.local/lib/python3.8/site-packages/airflow/example_dags/example_params_trigger_ui.py
[2025-11-10T02:09:37.986+0000] {processor.py:840} INFO - DAG(s) 'example_params_trigger_ui' retrieved from /home/airflow/.local/lib/python3.8/site-packages/airflow/example_dags/example_params_trigger_ui.py
[2025-11-10T02:09:38.078+0000] {logging_mixin.py:188} INFO - [2025-11-10T02:09:38.078+0000] {dag.py:3036} INFO - Sync 1 DAGs
[2025-11-10T02:09:38.278+0000] {logging_mixin.py:188} INFO - [2025-11-10T02:09:38.277+0000] {dag.py:3823} INFO - Setting next_dagrun for example_params_trigger_ui to None, run_after=None
[2025-11-10T02:09:38.309+0000] {processor.py:183} INFO - Processing /home/airflow/.local/lib/python3.8/site-packages/airflow/example_dags/example_params_trigger_ui.py took 0.353 seconds
[2025-11-10T02:10:08.493+0000] {processor.py:161} INFO - Started process (PID=368) to work on /home/airflow/.local/lib/python3.8/site-packages/airflow/example_dags/example_params_trigger_ui.py
[2025-11-10T02:10:08.495+0000] {processor.py:830} INFO - Processing file /home/airflow/.local/lib/python3.8/site-packages/airflow/example_dags/example_params_trigger_ui.py for tasks to queue
[2025-11-10T02:10:08.498+0000] {logging_mixin.py:188} INFO - [2025-11-10T02:10:08.497+0000] {dagbag.py:538} INFO - Filling up the DagBag from /home/airflow/.local/lib/python3.8/site-packages/airflow/example_dags/example_params_trigger_ui.py
[2025-11-10T02:10:08.519+0000] {processor.py:840} INFO - DAG(s) 'example_params_trigger_ui' retrieved from /home/airflow/.local/lib/python3.8/site-packages/airflow/example_dags/example_params_trigger_ui.py
[2025-11-10T02:10:08.603+0000] {logging_mixin.py:188} INFO - [2025-11-10T02:10:08.602+0000] {dag.py:3036} INFO - Sync 1 DAGs
[2025-11-10T02:10:08.628+0000] {logging_mixin.py:188} INFO - [2025-11-10T02:10:08.628+0000] {dag.py:3823} INFO - Setting next_dagrun for example_params_trigger_ui to None, run_after=None
[2025-11-10T02:10:08.664+0000] {processor.py:183} INFO - Processing /home/airflow/.local/lib/python3.8/site-packages/airflow/example_dags/example_params_trigger_ui.py took 0.175 seconds
[2025-11-10T02:10:38.725+0000] {processor.py:161} INFO - Started process (PID=464) to work on /home/airflow/.local/lib/python3.8/site-packages/airflow/example_dags/example_params_trigger_ui.py
[2025-11-10T02:10:38.726+0000] {processor.py:830} INFO - Processing file /home/airflow/.local/lib/python3.8/site-packages/airflow/example_dags/example_params_trigger_ui.py for tasks to queue
[2025-11-10T02:10:38.728+0000] {logging_mixin.py:188} INFO - [2025-11-10T02:10:38.727+0000] {dagbag.py:538} INFO - Filling up the DagBag from /home/airflow/.local/lib/python3.8/site-packages/airflow/example_dags/example_params_trigger_ui.py
[2025-11-10T02:10:38.749+0000] {processor.py:840} INFO - DAG(s) 'example_params_trigger_ui' retrieved from /home/airflow/.local/lib/python3.8/site-packages/airflow/example_dags/example_params_trigger_ui.py
[2025-11-10T02:10:38.842+0000] {logging_mixin.py:188} INFO - [2025-11-10T02:10:38.841+0000] {dag.py:3036} INFO - Sync 1 DAGs
[2025-11-10T02:10:38.885+0000] {logging_mixin.py:188} INFO - [2025-11-10T02:10:38.885+0000] {dag.py:3823} INFO - Setting next_dagrun for example_params_trigger_ui to None, run_after=None
[2025-11-10T02:10:38.926+0000] {processor.py:183} INFO - Processing /home/airflow/.local/lib/python3.8/site-packages/airflow/example_dags/example_params_trigger_ui.py took 0.205 seconds
[2025-11-10T02:11:10.325+0000] {processor.py:161} INFO - Started process (PID=569) to work on /home/airflow/.local/lib/python3.8/site-packages/airflow/example_dags/example_params_trigger_ui.py
[2025-11-10T02:11:10.327+0000] {processor.py:830} INFO - Processing file /home/airflow/.local/lib/python3.8/site-packages/airflow/example_dags/example_params_trigger_ui.py for tasks to queue
[2025-11-10T02:11:10.328+0000] {logging_mixin.py:188} INFO - [2025-11-10T02:11:10.328+0000] {dagbag.py:538} INFO - Filling up the DagBag from /home/airflow/.local/lib/python3.8/site-packages/airflow/example_dags/example_params_trigger_ui.py
[2025-11-10T02:11:10.345+0000] {processor.py:840} INFO - DAG(s) 'example_params_trigger_ui' retrieved from /home/airflow/.local/lib/python3.8/site-packages/airflow/example_dags/example_params_trigger_ui.py
[2025-11-10T02:11:10.414+0000] {logging_mixin.py:188} INFO - [2025-11-10T02:11:10.414+0000] {dag.py:3036} INFO - Sync 1 DAGs
[2025-11-10T02:11:10.449+0000] {logging_mixin.py:188} INFO - [2025-11-10T02:11:10.448+0000] {dag.py:3823} INFO - Setting next_dagrun for example_params_trigger_ui to None, run_after=None
[2025-11-10T02:11:10.499+0000] {processor.py:183} INFO - Processing /home/airflow/.local/lib/python3.8/site-packages/airflow/example_dags/example_params_trigger_ui.py took 0.178 seconds
[2025-11-10T02:11:41.054+0000] {processor.py:161} INFO - Started process (PID=681) to work on /home/airflow/.local/lib/python3.8/site-packages/airflow/example_dags/example_params_trigger_ui.py
[2025-11-10T02:11:41.055+0000] {processor.py:830} INFO - Processing file /home/airflow/.local/lib/python3.8/site-packages/airflow/example_dags/example_params_trigger_ui.py for tasks to queue
[2025-11-10T02:11:41.056+0000] {logging_mixin.py:188} INFO - [2025-11-10T02:11:41.056+0000] {dagbag.py:538} INFO - Filling up the DagBag from /home/airflow/.local/lib/python3.8/site-packages/airflow/example_dags/example_params_trigger_ui.py
[2025-11-10T02:11:41.074+0000] {processor.py:840} INFO - DAG(s) 'example_params_trigger_ui' retrieved from /home/airflow/.local/lib/python3.8/site-packages/airflow/example_dags/example_params_trigger_ui.py
[2025-11-10T02:11:41.151+0000] {logging_mixin.py:188} INFO - [2025-11-10T02:11:41.150+0000] {dag.py:3036} INFO - Sync 1 DAGs
[2025-11-10T02:11:41.168+0000] {logging_mixin.py:188} INFO - [2025-11-10T02:11:41.167+0000] {dag.py:3823} INFO - Setting next_dagrun for example_params_trigger_ui to None, run_after=None
[2025-11-10T02:11:41.196+0000] {processor.py:183} INFO - Processing /home/airflow/.local/lib/python3.8/site-packages/airflow/example_dags/example_params_trigger_ui.py took 0.147 seconds
[2025-11-10T02:12:11.689+0000] {processor.py:161} INFO - Started process (PID=778) to work on /home/airflow/.local/lib/python3.8/site-packages/airflow/example_dags/example_params_trigger_ui.py
[2025-11-10T02:12:11.690+0000] {processor.py:830} INFO - Processing file /home/airflow/.local/lib/python3.8/site-packages/airflow/example_dags/example_params_trigger_ui.py for tasks to queue
[2025-11-10T02:12:11.691+0000] {logging_mixin.py:188} INFO - [2025-11-10T02:12:11.691+0000] {dagbag.py:538} INFO - Filling up the DagBag from /home/airflow/.local/lib/python3.8/site-packages/airflow/example_dags/example_params_trigger_ui.py
[2025-11-10T02:12:11.708+0000] {processor.py:840} INFO - DAG(s) 'example_params_trigger_ui' retrieved from /home/airflow/.local/lib/python3.8/site-packages/airflow/example_dags/example_params_trigger_ui.py
[2025-11-10T02:12:11.779+0000] {logging_mixin.py:188} INFO - [2025-11-10T02:12:11.778+0000] {dag.py:3036} INFO - Sync 1 DAGs
[2025-11-10T02:12:11.794+0000] {logging_mixin.py:188} INFO - [2025-11-10T02:12:11.793+0000] {dag.py:3823} INFO - Setting next_dagrun for example_params_trigger_ui to None, run_after=None
[2025-11-10T02:12:11.819+0000] {processor.py:183} INFO - Processing /home/airflow/.local/lib/python3.8/site-packages/airflow/example_dags/example_params_trigger_ui.py took 0.134 seconds
[2025-11-10T02:12:41.987+0000] {processor.py:161} INFO - Started process (PID=873) to work on /home/airflow/.local/lib/python3.8/site-packages/airflow/example_dags/example_params_trigger_ui.py
[2025-11-10T02:12:41.988+0000] {processor.py:830} INFO - Processing file /home/airflow/.local/lib/python3.8/site-packages/airflow/example_dags/example_params_trigger_ui.py for tasks to queue
[2025-11-10T02:12:41.990+0000] {logging_mixin.py:188} INFO - [2025-11-10T02:12:41.989+0000] {dagbag.py:538} INFO - Filling up the DagBag from /home/airflow/.local/lib/python3.8/site-packages/airflow/example_dags/example_params_trigger_ui.py
[2025-11-10T02:12:42.008+0000] {processor.py:840} INFO - DAG(s) 'example_params_trigger_ui' retrieved from /home/airflow/.local/lib/python3.8/site-packages/airflow/example_dags/example_params_trigger_ui.py
[2025-11-10T02:12:42.078+0000] {logging_mixin.py:188} INFO - [2025-11-10T02:12:42.077+0000] {dag.py:3036} INFO - Sync 1 DAGs
[2025-11-10T02:12:42.093+0000] {logging_mixin.py:188} INFO - [2025-11-10T02:12:42.093+0000] {dag.py:3823} INFO - Setting next_dagrun for example_params_trigger_ui to None, run_after=None
[2025-11-10T02:12:42.120+0000] {processor.py:183} INFO - Processing /home/airflow/.local/lib/python3.8/site-packages/airflow/example_dags/example_params_trigger_ui.py took 0.138 seconds
[2025-11-10T02:13:12.203+0000] {processor.py:161} INFO - Started process (PID=977) to work on /home/airflow/.local/lib/python3.8/site-packages/airflow/example_dags/example_params_trigger_ui.py
[2025-11-10T02:13:12.204+0000] {processor.py:830} INFO - Processing file /home/airflow/.local/lib/python3.8/site-packages/airflow/example_dags/example_params_trigger_ui.py for tasks to queue
[2025-11-10T02:13:12.205+0000] {logging_mixin.py:188} INFO - [2025-11-10T02:13:12.205+0000] {dagbag.py:538} INFO - Filling up the DagBag from /home/airflow/.local/lib/python3.8/site-packages/airflow/example_dags/example_params_trigger_ui.py
[2025-11-10T02:13:12.219+0000] {processor.py:840} INFO - DAG(s) 'example_params_trigger_ui' retrieved from /home/airflow/.local/lib/python3.8/site-packages/airflow/example_dags/example_params_trigger_ui.py
[2025-11-10T02:13:12.292+0000] {logging_mixin.py:188} INFO - [2025-11-10T02:13:12.292+0000] {dag.py:3036} INFO - Sync 1 DAGs
[2025-11-10T02:13:12.307+0000] {logging_mixin.py:188} INFO - [2025-11-10T02:13:12.307+0000] {dag.py:3823} INFO - Setting next_dagrun for example_params_trigger_ui to None, run_after=None
[2025-11-10T02:13:12.340+0000] {processor.py:183} INFO - Processing /home/airflow/.local/lib/python3.8/site-packages/airflow/example_dags/example_params_trigger_ui.py took 0.140 seconds
