[2025-11-10T00:49:32.732+0000] {processor.py:161} INFO - Started process (PID=190) to work on /home/airflow/.local/lib/python3.8/site-packages/airflow/example_dags/example_sensor_decorator.py
[2025-11-10T00:49:32.733+0000] {processor.py:830} INFO - Processing file /home/airflow/.local/lib/python3.8/site-packages/airflow/example_dags/example_sensor_decorator.py for tasks to queue
[2025-11-10T00:49:32.735+0000] {logging_mixin.py:188} INFO - [2025-11-10T00:49:32.735+0000] {dagbag.py:538} INFO - Filling up the DagBag from /home/airflow/.local/lib/python3.8/site-packages/airflow/example_dags/example_sensor_decorator.py
[2025-11-10T00:49:32.749+0000] {processor.py:840} INFO - DAG(s) 'example_sensor_decorator' retrieved from /home/airflow/.local/lib/python3.8/site-packages/airflow/example_dags/example_sensor_decorator.py
[2025-11-10T00:49:32.920+0000] {logging_mixin.py:188} INFO - [2025-11-10T00:49:32.919+0000] {override.py:1769} INFO - Created Permission View: can delete on DAG:example_sensor_decorator
[2025-11-10T00:49:32.941+0000] {logging_mixin.py:188} INFO - [2025-11-10T00:49:32.940+0000] {override.py:1769} INFO - Created Permission View: can read on DAG:example_sensor_decorator
[2025-11-10T00:49:32.952+0000] {logging_mixin.py:188} INFO - [2025-11-10T00:49:32.952+0000] {override.py:1769} INFO - Created Permission View: can edit on DAG:example_sensor_decorator
[2025-11-10T00:49:32.954+0000] {logging_mixin.py:188} INFO - [2025-11-10T00:49:32.953+0000] {dag.py:3036} INFO - Sync 1 DAGs
[2025-11-10T00:49:32.971+0000] {logging_mixin.py:188} INFO - [2025-11-10T00:49:32.970+0000] {dag.py:3058} INFO - Creating ORM DAG for example_sensor_decorator
[2025-11-10T00:49:32.972+0000] {logging_mixin.py:188} INFO - [2025-11-10T00:49:32.972+0000] {dag.py:3823} INFO - Setting next_dagrun for example_sensor_decorator to None, run_after=None
[2025-11-10T00:49:33.004+0000] {processor.py:183} INFO - Processing /home/airflow/.local/lib/python3.8/site-packages/airflow/example_dags/example_sensor_decorator.py took 0.276 seconds
[2025-11-10T00:50:03.114+0000] {processor.py:161} INFO - Started process (PID=287) to work on /home/airflow/.local/lib/python3.8/site-packages/airflow/example_dags/example_sensor_decorator.py
[2025-11-10T00:50:03.116+0000] {processor.py:830} INFO - Processing file /home/airflow/.local/lib/python3.8/site-packages/airflow/example_dags/example_sensor_decorator.py for tasks to queue
[2025-11-10T00:50:03.117+0000] {logging_mixin.py:188} INFO - [2025-11-10T00:50:03.117+0000] {dagbag.py:538} INFO - Filling up the DagBag from /home/airflow/.local/lib/python3.8/site-packages/airflow/example_dags/example_sensor_decorator.py
[2025-11-10T00:50:03.124+0000] {processor.py:840} INFO - DAG(s) 'example_sensor_decorator' retrieved from /home/airflow/.local/lib/python3.8/site-packages/airflow/example_dags/example_sensor_decorator.py
[2025-11-10T00:50:03.154+0000] {logging_mixin.py:188} INFO - [2025-11-10T00:50:03.154+0000] {dag.py:3036} INFO - Sync 1 DAGs
[2025-11-10T00:50:03.168+0000] {logging_mixin.py:188} INFO - [2025-11-10T00:50:03.168+0000] {dag.py:3823} INFO - Setting next_dagrun for example_sensor_decorator to None, run_after=None
[2025-11-10T00:50:03.198+0000] {processor.py:183} INFO - Processing /home/airflow/.local/lib/python3.8/site-packages/airflow/example_dags/example_sensor_decorator.py took 0.088 seconds
[2025-11-10T00:50:33.450+0000] {processor.py:161} INFO - Started process (PID=384) to work on /home/airflow/.local/lib/python3.8/site-packages/airflow/example_dags/example_sensor_decorator.py
[2025-11-10T00:50:33.452+0000] {processor.py:830} INFO - Processing file /home/airflow/.local/lib/python3.8/site-packages/airflow/example_dags/example_sensor_decorator.py for tasks to queue
[2025-11-10T00:50:33.454+0000] {logging_mixin.py:188} INFO - [2025-11-10T00:50:33.454+0000] {dagbag.py:538} INFO - Filling up the DagBag from /home/airflow/.local/lib/python3.8/site-packages/airflow/example_dags/example_sensor_decorator.py
[2025-11-10T00:50:33.463+0000] {processor.py:840} INFO - DAG(s) 'example_sensor_decorator' retrieved from /home/airflow/.local/lib/python3.8/site-packages/airflow/example_dags/example_sensor_decorator.py
[2025-11-10T00:50:33.497+0000] {logging_mixin.py:188} INFO - [2025-11-10T00:50:33.496+0000] {dag.py:3036} INFO - Sync 1 DAGs
[2025-11-10T00:50:33.513+0000] {logging_mixin.py:188} INFO - [2025-11-10T00:50:33.513+0000] {dag.py:3823} INFO - Setting next_dagrun for example_sensor_decorator to None, run_after=None
[2025-11-10T00:50:33.543+0000] {processor.py:183} INFO - Processing /home/airflow/.local/lib/python3.8/site-packages/airflow/example_dags/example_sensor_decorator.py took 0.096 seconds
[2025-11-10T00:51:04.774+0000] {processor.py:161} INFO - Started process (PID=481) to work on /home/airflow/.local/lib/python3.8/site-packages/airflow/example_dags/example_sensor_decorator.py
[2025-11-10T00:51:04.775+0000] {processor.py:830} INFO - Processing file /home/airflow/.local/lib/python3.8/site-packages/airflow/example_dags/example_sensor_decorator.py for tasks to queue
[2025-11-10T00:51:04.777+0000] {logging_mixin.py:188} INFO - [2025-11-10T00:51:04.776+0000] {dagbag.py:538} INFO - Filling up the DagBag from /home/airflow/.local/lib/python3.8/site-packages/airflow/example_dags/example_sensor_decorator.py
[2025-11-10T00:51:04.784+0000] {processor.py:840} INFO - DAG(s) 'example_sensor_decorator' retrieved from /home/airflow/.local/lib/python3.8/site-packages/airflow/example_dags/example_sensor_decorator.py
[2025-11-10T00:51:04.820+0000] {logging_mixin.py:188} INFO - [2025-11-10T00:51:04.819+0000] {dag.py:3036} INFO - Sync 1 DAGs
[2025-11-10T00:51:04.838+0000] {logging_mixin.py:188} INFO - [2025-11-10T00:51:04.838+0000] {dag.py:3823} INFO - Setting next_dagrun for example_sensor_decorator to None, run_after=None
[2025-11-10T00:51:04.870+0000] {processor.py:183} INFO - Processing /home/airflow/.local/lib/python3.8/site-packages/airflow/example_dags/example_sensor_decorator.py took 0.101 seconds
[2025-11-10T00:51:35.739+0000] {processor.py:161} INFO - Started process (PID=578) to work on /home/airflow/.local/lib/python3.8/site-packages/airflow/example_dags/example_sensor_decorator.py
[2025-11-10T00:51:35.740+0000] {processor.py:830} INFO - Processing file /home/airflow/.local/lib/python3.8/site-packages/airflow/example_dags/example_sensor_decorator.py for tasks to queue
[2025-11-10T00:51:35.742+0000] {logging_mixin.py:188} INFO - [2025-11-10T00:51:35.741+0000] {dagbag.py:538} INFO - Filling up the DagBag from /home/airflow/.local/lib/python3.8/site-packages/airflow/example_dags/example_sensor_decorator.py
[2025-11-10T00:51:35.756+0000] {processor.py:840} INFO - DAG(s) 'example_sensor_decorator' retrieved from /home/airflow/.local/lib/python3.8/site-packages/airflow/example_dags/example_sensor_decorator.py
[2025-11-10T00:51:35.804+0000] {logging_mixin.py:188} INFO - [2025-11-10T00:51:35.804+0000] {dag.py:3036} INFO - Sync 1 DAGs
[2025-11-10T00:51:35.841+0000] {logging_mixin.py:188} INFO - [2025-11-10T00:51:35.841+0000] {dag.py:3823} INFO - Setting next_dagrun for example_sensor_decorator to None, run_after=None
[2025-11-10T00:51:35.886+0000] {processor.py:183} INFO - Processing /home/airflow/.local/lib/python3.8/site-packages/airflow/example_dags/example_sensor_decorator.py took 0.154 seconds
[2025-11-10T00:52:06.875+0000] {processor.py:161} INFO - Started process (PID=683) to work on /home/airflow/.local/lib/python3.8/site-packages/airflow/example_dags/example_sensor_decorator.py
[2025-11-10T00:52:06.876+0000] {processor.py:830} INFO - Processing file /home/airflow/.local/lib/python3.8/site-packages/airflow/example_dags/example_sensor_decorator.py for tasks to queue
[2025-11-10T00:52:06.878+0000] {logging_mixin.py:188} INFO - [2025-11-10T00:52:06.877+0000] {dagbag.py:538} INFO - Filling up the DagBag from /home/airflow/.local/lib/python3.8/site-packages/airflow/example_dags/example_sensor_decorator.py
[2025-11-10T00:52:06.885+0000] {processor.py:840} INFO - DAG(s) 'example_sensor_decorator' retrieved from /home/airflow/.local/lib/python3.8/site-packages/airflow/example_dags/example_sensor_decorator.py
[2025-11-10T00:52:06.918+0000] {logging_mixin.py:188} INFO - [2025-11-10T00:52:06.918+0000] {dag.py:3036} INFO - Sync 1 DAGs
[2025-11-10T00:52:06.937+0000] {logging_mixin.py:188} INFO - [2025-11-10T00:52:06.937+0000] {dag.py:3823} INFO - Setting next_dagrun for example_sensor_decorator to None, run_after=None
[2025-11-10T00:52:06.976+0000] {processor.py:183} INFO - Processing /home/airflow/.local/lib/python3.8/site-packages/airflow/example_dags/example_sensor_decorator.py took 0.105 seconds
[2025-11-10T00:52:37.738+0000] {processor.py:161} INFO - Started process (PID=795) to work on /home/airflow/.local/lib/python3.8/site-packages/airflow/example_dags/example_sensor_decorator.py
[2025-11-10T00:52:37.740+0000] {processor.py:830} INFO - Processing file /home/airflow/.local/lib/python3.8/site-packages/airflow/example_dags/example_sensor_decorator.py for tasks to queue
[2025-11-10T00:52:37.742+0000] {logging_mixin.py:188} INFO - [2025-11-10T00:52:37.741+0000] {dagbag.py:538} INFO - Filling up the DagBag from /home/airflow/.local/lib/python3.8/site-packages/airflow/example_dags/example_sensor_decorator.py
[2025-11-10T00:52:37.752+0000] {processor.py:840} INFO - DAG(s) 'example_sensor_decorator' retrieved from /home/airflow/.local/lib/python3.8/site-packages/airflow/example_dags/example_sensor_decorator.py
[2025-11-10T00:52:37.788+0000] {logging_mixin.py:188} INFO - [2025-11-10T00:52:37.788+0000] {dag.py:3036} INFO - Sync 1 DAGs
[2025-11-10T00:52:37.811+0000] {logging_mixin.py:188} INFO - [2025-11-10T00:52:37.811+0000] {dag.py:3823} INFO - Setting next_dagrun for example_sensor_decorator to None, run_after=None
[2025-11-10T00:52:37.847+0000] {processor.py:183} INFO - Processing /home/airflow/.local/lib/python3.8/site-packages/airflow/example_dags/example_sensor_decorator.py took 0.114 seconds
[2025-11-10T00:53:07.909+0000] {processor.py:161} INFO - Started process (PID=890) to work on /home/airflow/.local/lib/python3.8/site-packages/airflow/example_dags/example_sensor_decorator.py
[2025-11-10T00:53:07.911+0000] {processor.py:830} INFO - Processing file /home/airflow/.local/lib/python3.8/site-packages/airflow/example_dags/example_sensor_decorator.py for tasks to queue
[2025-11-10T00:53:07.913+0000] {logging_mixin.py:188} INFO - [2025-11-10T00:53:07.913+0000] {dagbag.py:538} INFO - Filling up the DagBag from /home/airflow/.local/lib/python3.8/site-packages/airflow/example_dags/example_sensor_decorator.py
[2025-11-10T00:53:07.924+0000] {processor.py:840} INFO - DAG(s) 'example_sensor_decorator' retrieved from /home/airflow/.local/lib/python3.8/site-packages/airflow/example_dags/example_sensor_decorator.py
[2025-11-10T00:53:07.966+0000] {logging_mixin.py:188} INFO - [2025-11-10T00:53:07.966+0000] {dag.py:3036} INFO - Sync 1 DAGs
[2025-11-10T00:53:07.985+0000] {logging_mixin.py:188} INFO - [2025-11-10T00:53:07.985+0000] {dag.py:3823} INFO - Setting next_dagrun for example_sensor_decorator to None, run_after=None
[2025-11-10T00:53:08.017+0000] {processor.py:183} INFO - Processing /home/airflow/.local/lib/python3.8/site-packages/airflow/example_dags/example_sensor_decorator.py took 0.112 seconds
[2025-11-10T00:53:38.114+0000] {processor.py:161} INFO - Started process (PID=988) to work on /home/airflow/.local/lib/python3.8/site-packages/airflow/example_dags/example_sensor_decorator.py
[2025-11-10T00:53:38.115+0000] {processor.py:830} INFO - Processing file /home/airflow/.local/lib/python3.8/site-packages/airflow/example_dags/example_sensor_decorator.py for tasks to queue
[2025-11-10T00:53:38.117+0000] {logging_mixin.py:188} INFO - [2025-11-10T00:53:38.116+0000] {dagbag.py:538} INFO - Filling up the DagBag from /home/airflow/.local/lib/python3.8/site-packages/airflow/example_dags/example_sensor_decorator.py
[2025-11-10T00:53:38.124+0000] {processor.py:840} INFO - DAG(s) 'example_sensor_decorator' retrieved from /home/airflow/.local/lib/python3.8/site-packages/airflow/example_dags/example_sensor_decorator.py
[2025-11-10T00:53:38.171+0000] {logging_mixin.py:188} INFO - [2025-11-10T00:53:38.170+0000] {dag.py:3036} INFO - Sync 1 DAGs
[2025-11-10T00:53:38.209+0000] {logging_mixin.py:188} INFO - [2025-11-10T00:53:38.209+0000] {dag.py:3823} INFO - Setting next_dagrun for example_sensor_decorator to None, run_after=None
[2025-11-10T00:53:38.253+0000] {processor.py:183} INFO - Processing /home/airflow/.local/lib/python3.8/site-packages/airflow/example_dags/example_sensor_decorator.py took 0.143 seconds
[2025-11-10T00:54:08.603+0000] {processor.py:161} INFO - Started process (PID=1085) to work on /home/airflow/.local/lib/python3.8/site-packages/airflow/example_dags/example_sensor_decorator.py
[2025-11-10T00:54:08.604+0000] {processor.py:830} INFO - Processing file /home/airflow/.local/lib/python3.8/site-packages/airflow/example_dags/example_sensor_decorator.py for tasks to queue
[2025-11-10T00:54:08.607+0000] {logging_mixin.py:188} INFO - [2025-11-10T00:54:08.606+0000] {dagbag.py:538} INFO - Filling up the DagBag from /home/airflow/.local/lib/python3.8/site-packages/airflow/example_dags/example_sensor_decorator.py
[2025-11-10T00:54:08.616+0000] {processor.py:840} INFO - DAG(s) 'example_sensor_decorator' retrieved from /home/airflow/.local/lib/python3.8/site-packages/airflow/example_dags/example_sensor_decorator.py
[2025-11-10T00:54:08.654+0000] {logging_mixin.py:188} INFO - [2025-11-10T00:54:08.652+0000] {dag.py:3036} INFO - Sync 1 DAGs
[2025-11-10T00:54:08.681+0000] {logging_mixin.py:188} INFO - [2025-11-10T00:54:08.679+0000] {dag.py:3823} INFO - Setting next_dagrun for example_sensor_decorator to None, run_after=None
[2025-11-10T00:54:08.715+0000] {processor.py:183} INFO - Processing /home/airflow/.local/lib/python3.8/site-packages/airflow/example_dags/example_sensor_decorator.py took 0.116 seconds
[2025-11-10T00:54:40.008+0000] {processor.py:161} INFO - Started process (PID=1182) to work on /home/airflow/.local/lib/python3.8/site-packages/airflow/example_dags/example_sensor_decorator.py
[2025-11-10T00:54:40.010+0000] {processor.py:830} INFO - Processing file /home/airflow/.local/lib/python3.8/site-packages/airflow/example_dags/example_sensor_decorator.py for tasks to queue
[2025-11-10T00:54:40.012+0000] {logging_mixin.py:188} INFO - [2025-11-10T00:54:40.012+0000] {dagbag.py:538} INFO - Filling up the DagBag from /home/airflow/.local/lib/python3.8/site-packages/airflow/example_dags/example_sensor_decorator.py
[2025-11-10T00:54:40.022+0000] {processor.py:840} INFO - DAG(s) 'example_sensor_decorator' retrieved from /home/airflow/.local/lib/python3.8/site-packages/airflow/example_dags/example_sensor_decorator.py
[2025-11-10T00:54:40.064+0000] {logging_mixin.py:188} INFO - [2025-11-10T00:54:40.064+0000] {dag.py:3036} INFO - Sync 1 DAGs
[2025-11-10T00:54:40.085+0000] {logging_mixin.py:188} INFO - [2025-11-10T00:54:40.084+0000] {dag.py:3823} INFO - Setting next_dagrun for example_sensor_decorator to None, run_after=None
[2025-11-10T00:54:40.124+0000] {processor.py:183} INFO - Processing /home/airflow/.local/lib/python3.8/site-packages/airflow/example_dags/example_sensor_decorator.py took 0.122 seconds
[2025-11-10T00:55:10.354+0000] {processor.py:161} INFO - Started process (PID=1279) to work on /home/airflow/.local/lib/python3.8/site-packages/airflow/example_dags/example_sensor_decorator.py
[2025-11-10T00:55:10.355+0000] {processor.py:830} INFO - Processing file /home/airflow/.local/lib/python3.8/site-packages/airflow/example_dags/example_sensor_decorator.py for tasks to queue
[2025-11-10T00:55:10.357+0000] {logging_mixin.py:188} INFO - [2025-11-10T00:55:10.356+0000] {dagbag.py:538} INFO - Filling up the DagBag from /home/airflow/.local/lib/python3.8/site-packages/airflow/example_dags/example_sensor_decorator.py
[2025-11-10T00:55:10.368+0000] {processor.py:840} INFO - DAG(s) 'example_sensor_decorator' retrieved from /home/airflow/.local/lib/python3.8/site-packages/airflow/example_dags/example_sensor_decorator.py
[2025-11-10T00:55:10.408+0000] {logging_mixin.py:188} INFO - [2025-11-10T00:55:10.407+0000] {dag.py:3036} INFO - Sync 1 DAGs
[2025-11-10T00:55:10.427+0000] {logging_mixin.py:188} INFO - [2025-11-10T00:55:10.427+0000] {dag.py:3823} INFO - Setting next_dagrun for example_sensor_decorator to None, run_after=None
[2025-11-10T00:55:10.463+0000] {processor.py:183} INFO - Processing /home/airflow/.local/lib/python3.8/site-packages/airflow/example_dags/example_sensor_decorator.py took 0.114 seconds
[2025-11-10T00:55:41.746+0000] {processor.py:161} INFO - Started process (PID=1376) to work on /home/airflow/.local/lib/python3.8/site-packages/airflow/example_dags/example_sensor_decorator.py
[2025-11-10T00:55:41.748+0000] {processor.py:830} INFO - Processing file /home/airflow/.local/lib/python3.8/site-packages/airflow/example_dags/example_sensor_decorator.py for tasks to queue
[2025-11-10T00:55:41.749+0000] {logging_mixin.py:188} INFO - [2025-11-10T00:55:41.749+0000] {dagbag.py:538} INFO - Filling up the DagBag from /home/airflow/.local/lib/python3.8/site-packages/airflow/example_dags/example_sensor_decorator.py
[2025-11-10T00:55:41.758+0000] {processor.py:840} INFO - DAG(s) 'example_sensor_decorator' retrieved from /home/airflow/.local/lib/python3.8/site-packages/airflow/example_dags/example_sensor_decorator.py
[2025-11-10T00:55:41.797+0000] {logging_mixin.py:188} INFO - [2025-11-10T00:55:41.797+0000] {dag.py:3036} INFO - Sync 1 DAGs
[2025-11-10T00:55:41.818+0000] {logging_mixin.py:188} INFO - [2025-11-10T00:55:41.818+0000] {dag.py:3823} INFO - Setting next_dagrun for example_sensor_decorator to None, run_after=None
[2025-11-10T00:55:41.869+0000] {processor.py:183} INFO - Processing /home/airflow/.local/lib/python3.8/site-packages/airflow/example_dags/example_sensor_decorator.py took 0.127 seconds
[2025-11-10T00:56:12.264+0000] {processor.py:161} INFO - Started process (PID=1473) to work on /home/airflow/.local/lib/python3.8/site-packages/airflow/example_dags/example_sensor_decorator.py
[2025-11-10T00:56:12.266+0000] {processor.py:830} INFO - Processing file /home/airflow/.local/lib/python3.8/site-packages/airflow/example_dags/example_sensor_decorator.py for tasks to queue
[2025-11-10T00:56:12.268+0000] {logging_mixin.py:188} INFO - [2025-11-10T00:56:12.268+0000] {dagbag.py:538} INFO - Filling up the DagBag from /home/airflow/.local/lib/python3.8/site-packages/airflow/example_dags/example_sensor_decorator.py
[2025-11-10T00:56:12.280+0000] {processor.py:840} INFO - DAG(s) 'example_sensor_decorator' retrieved from /home/airflow/.local/lib/python3.8/site-packages/airflow/example_dags/example_sensor_decorator.py
[2025-11-10T00:56:12.327+0000] {logging_mixin.py:188} INFO - [2025-11-10T00:56:12.326+0000] {dag.py:3036} INFO - Sync 1 DAGs
[2025-11-10T00:56:12.361+0000] {logging_mixin.py:188} INFO - [2025-11-10T00:56:12.360+0000] {dag.py:3823} INFO - Setting next_dagrun for example_sensor_decorator to None, run_after=None
[2025-11-10T00:56:12.407+0000] {processor.py:183} INFO - Processing /home/airflow/.local/lib/python3.8/site-packages/airflow/example_dags/example_sensor_decorator.py took 0.150 seconds
[2025-11-10T00:56:43.401+0000] {processor.py:161} INFO - Started process (PID=1570) to work on /home/airflow/.local/lib/python3.8/site-packages/airflow/example_dags/example_sensor_decorator.py
[2025-11-10T00:56:43.403+0000] {processor.py:830} INFO - Processing file /home/airflow/.local/lib/python3.8/site-packages/airflow/example_dags/example_sensor_decorator.py for tasks to queue
[2025-11-10T00:56:43.405+0000] {logging_mixin.py:188} INFO - [2025-11-10T00:56:43.405+0000] {dagbag.py:538} INFO - Filling up the DagBag from /home/airflow/.local/lib/python3.8/site-packages/airflow/example_dags/example_sensor_decorator.py
[2025-11-10T00:56:43.420+0000] {processor.py:840} INFO - DAG(s) 'example_sensor_decorator' retrieved from /home/airflow/.local/lib/python3.8/site-packages/airflow/example_dags/example_sensor_decorator.py
[2025-11-10T00:56:43.468+0000] {logging_mixin.py:188} INFO - [2025-11-10T00:56:43.467+0000] {dag.py:3036} INFO - Sync 1 DAGs
[2025-11-10T00:56:43.498+0000] {logging_mixin.py:188} INFO - [2025-11-10T00:56:43.497+0000] {dag.py:3823} INFO - Setting next_dagrun for example_sensor_decorator to None, run_after=None
[2025-11-10T00:56:43.548+0000] {processor.py:183} INFO - Processing /home/airflow/.local/lib/python3.8/site-packages/airflow/example_dags/example_sensor_decorator.py took 0.151 seconds
[2025-11-10T00:57:13.622+0000] {processor.py:161} INFO - Started process (PID=1667) to work on /home/airflow/.local/lib/python3.8/site-packages/airflow/example_dags/example_sensor_decorator.py
[2025-11-10T00:57:13.625+0000] {processor.py:830} INFO - Processing file /home/airflow/.local/lib/python3.8/site-packages/airflow/example_dags/example_sensor_decorator.py for tasks to queue
[2025-11-10T00:57:13.626+0000] {logging_mixin.py:188} INFO - [2025-11-10T00:57:13.626+0000] {dagbag.py:538} INFO - Filling up the DagBag from /home/airflow/.local/lib/python3.8/site-packages/airflow/example_dags/example_sensor_decorator.py
[2025-11-10T00:57:13.636+0000] {processor.py:840} INFO - DAG(s) 'example_sensor_decorator' retrieved from /home/airflow/.local/lib/python3.8/site-packages/airflow/example_dags/example_sensor_decorator.py
[2025-11-10T00:57:13.677+0000] {logging_mixin.py:188} INFO - [2025-11-10T00:57:13.676+0000] {dag.py:3036} INFO - Sync 1 DAGs
[2025-11-10T00:57:13.708+0000] {logging_mixin.py:188} INFO - [2025-11-10T00:57:13.707+0000] {dag.py:3823} INFO - Setting next_dagrun for example_sensor_decorator to None, run_after=None
[2025-11-10T00:57:13.754+0000] {processor.py:183} INFO - Processing /home/airflow/.local/lib/python3.8/site-packages/airflow/example_dags/example_sensor_decorator.py took 0.136 seconds
[2025-11-10T00:57:44.194+0000] {processor.py:161} INFO - Started process (PID=1771) to work on /home/airflow/.local/lib/python3.8/site-packages/airflow/example_dags/example_sensor_decorator.py
[2025-11-10T00:57:44.195+0000] {processor.py:830} INFO - Processing file /home/airflow/.local/lib/python3.8/site-packages/airflow/example_dags/example_sensor_decorator.py for tasks to queue
[2025-11-10T00:57:44.197+0000] {logging_mixin.py:188} INFO - [2025-11-10T00:57:44.196+0000] {dagbag.py:538} INFO - Filling up the DagBag from /home/airflow/.local/lib/python3.8/site-packages/airflow/example_dags/example_sensor_decorator.py
[2025-11-10T00:57:44.205+0000] {processor.py:840} INFO - DAG(s) 'example_sensor_decorator' retrieved from /home/airflow/.local/lib/python3.8/site-packages/airflow/example_dags/example_sensor_decorator.py
[2025-11-10T00:57:44.237+0000] {logging_mixin.py:188} INFO - [2025-11-10T00:57:44.236+0000] {dag.py:3036} INFO - Sync 1 DAGs
[2025-11-10T00:57:44.260+0000] {logging_mixin.py:188} INFO - [2025-11-10T00:57:44.259+0000] {dag.py:3823} INFO - Setting next_dagrun for example_sensor_decorator to None, run_after=None
[2025-11-10T00:57:44.288+0000] {processor.py:183} INFO - Processing /home/airflow/.local/lib/python3.8/site-packages/airflow/example_dags/example_sensor_decorator.py took 0.099 seconds
[2025-11-10T00:58:14.596+0000] {processor.py:161} INFO - Started process (PID=1869) to work on /home/airflow/.local/lib/python3.8/site-packages/airflow/example_dags/example_sensor_decorator.py
[2025-11-10T00:58:14.597+0000] {processor.py:830} INFO - Processing file /home/airflow/.local/lib/python3.8/site-packages/airflow/example_dags/example_sensor_decorator.py for tasks to queue
[2025-11-10T00:58:14.599+0000] {logging_mixin.py:188} INFO - [2025-11-10T00:58:14.598+0000] {dagbag.py:538} INFO - Filling up the DagBag from /home/airflow/.local/lib/python3.8/site-packages/airflow/example_dags/example_sensor_decorator.py
[2025-11-10T00:58:14.607+0000] {processor.py:840} INFO - DAG(s) 'example_sensor_decorator' retrieved from /home/airflow/.local/lib/python3.8/site-packages/airflow/example_dags/example_sensor_decorator.py
[2025-11-10T00:58:14.644+0000] {logging_mixin.py:188} INFO - [2025-11-10T00:58:14.644+0000] {dag.py:3036} INFO - Sync 1 DAGs
[2025-11-10T00:58:14.665+0000] {logging_mixin.py:188} INFO - [2025-11-10T00:58:14.665+0000] {dag.py:3823} INFO - Setting next_dagrun for example_sensor_decorator to None, run_after=None
[2025-11-10T00:58:14.716+0000] {processor.py:183} INFO - Processing /home/airflow/.local/lib/python3.8/site-packages/airflow/example_dags/example_sensor_decorator.py took 0.128 seconds
[2025-11-10T00:58:45.749+0000] {processor.py:161} INFO - Started process (PID=1981) to work on /home/airflow/.local/lib/python3.8/site-packages/airflow/example_dags/example_sensor_decorator.py
[2025-11-10T00:58:45.751+0000] {processor.py:830} INFO - Processing file /home/airflow/.local/lib/python3.8/site-packages/airflow/example_dags/example_sensor_decorator.py for tasks to queue
[2025-11-10T00:58:45.752+0000] {logging_mixin.py:188} INFO - [2025-11-10T00:58:45.752+0000] {dagbag.py:538} INFO - Filling up the DagBag from /home/airflow/.local/lib/python3.8/site-packages/airflow/example_dags/example_sensor_decorator.py
[2025-11-10T00:58:45.759+0000] {processor.py:840} INFO - DAG(s) 'example_sensor_decorator' retrieved from /home/airflow/.local/lib/python3.8/site-packages/airflow/example_dags/example_sensor_decorator.py
[2025-11-10T00:58:45.789+0000] {logging_mixin.py:188} INFO - [2025-11-10T00:58:45.788+0000] {dag.py:3036} INFO - Sync 1 DAGs
[2025-11-10T00:58:45.803+0000] {logging_mixin.py:188} INFO - [2025-11-10T00:58:45.803+0000] {dag.py:3823} INFO - Setting next_dagrun for example_sensor_decorator to None, run_after=None
[2025-11-10T00:58:45.834+0000] {processor.py:183} INFO - Processing /home/airflow/.local/lib/python3.8/site-packages/airflow/example_dags/example_sensor_decorator.py took 0.091 seconds
[2025-11-10T00:59:16.038+0000] {processor.py:161} INFO - Started process (PID=2078) to work on /home/airflow/.local/lib/python3.8/site-packages/airflow/example_dags/example_sensor_decorator.py
[2025-11-10T00:59:16.040+0000] {processor.py:830} INFO - Processing file /home/airflow/.local/lib/python3.8/site-packages/airflow/example_dags/example_sensor_decorator.py for tasks to queue
[2025-11-10T00:59:16.044+0000] {logging_mixin.py:188} INFO - [2025-11-10T00:59:16.043+0000] {dagbag.py:538} INFO - Filling up the DagBag from /home/airflow/.local/lib/python3.8/site-packages/airflow/example_dags/example_sensor_decorator.py
[2025-11-10T00:59:16.054+0000] {processor.py:840} INFO - DAG(s) 'example_sensor_decorator' retrieved from /home/airflow/.local/lib/python3.8/site-packages/airflow/example_dags/example_sensor_decorator.py
[2025-11-10T00:59:16.102+0000] {logging_mixin.py:188} INFO - [2025-11-10T00:59:16.102+0000] {dag.py:3036} INFO - Sync 1 DAGs
[2025-11-10T00:59:16.134+0000] {logging_mixin.py:188} INFO - [2025-11-10T00:59:16.134+0000] {dag.py:3823} INFO - Setting next_dagrun for example_sensor_decorator to None, run_after=None
[2025-11-10T00:59:16.173+0000] {processor.py:183} INFO - Processing /home/airflow/.local/lib/python3.8/site-packages/airflow/example_dags/example_sensor_decorator.py took 0.141 seconds
[2025-11-10T00:59:47.116+0000] {processor.py:161} INFO - Started process (PID=2174) to work on /home/airflow/.local/lib/python3.8/site-packages/airflow/example_dags/example_sensor_decorator.py
[2025-11-10T00:59:47.117+0000] {processor.py:830} INFO - Processing file /home/airflow/.local/lib/python3.8/site-packages/airflow/example_dags/example_sensor_decorator.py for tasks to queue
[2025-11-10T00:59:47.119+0000] {logging_mixin.py:188} INFO - [2025-11-10T00:59:47.118+0000] {dagbag.py:538} INFO - Filling up the DagBag from /home/airflow/.local/lib/python3.8/site-packages/airflow/example_dags/example_sensor_decorator.py
[2025-11-10T00:59:47.126+0000] {processor.py:840} INFO - DAG(s) 'example_sensor_decorator' retrieved from /home/airflow/.local/lib/python3.8/site-packages/airflow/example_dags/example_sensor_decorator.py
[2025-11-10T00:59:47.156+0000] {logging_mixin.py:188} INFO - [2025-11-10T00:59:47.155+0000] {dag.py:3036} INFO - Sync 1 DAGs
[2025-11-10T00:59:47.171+0000] {logging_mixin.py:188} INFO - [2025-11-10T00:59:47.171+0000] {dag.py:3823} INFO - Setting next_dagrun for example_sensor_decorator to None, run_after=None
[2025-11-10T00:59:47.201+0000] {processor.py:183} INFO - Processing /home/airflow/.local/lib/python3.8/site-packages/airflow/example_dags/example_sensor_decorator.py took 0.089 seconds
[2025-11-10T01:00:17.405+0000] {processor.py:161} INFO - Started process (PID=2271) to work on /home/airflow/.local/lib/python3.8/site-packages/airflow/example_dags/example_sensor_decorator.py
[2025-11-10T01:00:17.406+0000] {processor.py:830} INFO - Processing file /home/airflow/.local/lib/python3.8/site-packages/airflow/example_dags/example_sensor_decorator.py for tasks to queue
[2025-11-10T01:00:17.407+0000] {logging_mixin.py:188} INFO - [2025-11-10T01:00:17.407+0000] {dagbag.py:538} INFO - Filling up the DagBag from /home/airflow/.local/lib/python3.8/site-packages/airflow/example_dags/example_sensor_decorator.py
[2025-11-10T01:00:17.415+0000] {processor.py:840} INFO - DAG(s) 'example_sensor_decorator' retrieved from /home/airflow/.local/lib/python3.8/site-packages/airflow/example_dags/example_sensor_decorator.py
[2025-11-10T01:00:17.449+0000] {logging_mixin.py:188} INFO - [2025-11-10T01:00:17.448+0000] {dag.py:3036} INFO - Sync 1 DAGs
[2025-11-10T01:00:17.467+0000] {logging_mixin.py:188} INFO - [2025-11-10T01:00:17.467+0000] {dag.py:3823} INFO - Setting next_dagrun for example_sensor_decorator to None, run_after=None
[2025-11-10T01:00:17.520+0000] {processor.py:183} INFO - Processing /home/airflow/.local/lib/python3.8/site-packages/airflow/example_dags/example_sensor_decorator.py took 0.119 seconds
[2025-11-10T01:00:47.910+0000] {processor.py:161} INFO - Started process (PID=2376) to work on /home/airflow/.local/lib/python3.8/site-packages/airflow/example_dags/example_sensor_decorator.py
[2025-11-10T01:00:47.911+0000] {processor.py:830} INFO - Processing file /home/airflow/.local/lib/python3.8/site-packages/airflow/example_dags/example_sensor_decorator.py for tasks to queue
[2025-11-10T01:00:47.913+0000] {logging_mixin.py:188} INFO - [2025-11-10T01:00:47.913+0000] {dagbag.py:538} INFO - Filling up the DagBag from /home/airflow/.local/lib/python3.8/site-packages/airflow/example_dags/example_sensor_decorator.py
[2025-11-10T01:00:47.924+0000] {processor.py:840} INFO - DAG(s) 'example_sensor_decorator' retrieved from /home/airflow/.local/lib/python3.8/site-packages/airflow/example_dags/example_sensor_decorator.py
[2025-11-10T01:00:47.958+0000] {logging_mixin.py:188} INFO - [2025-11-10T01:00:47.958+0000] {dag.py:3036} INFO - Sync 1 DAGs
[2025-11-10T01:00:47.973+0000] {logging_mixin.py:188} INFO - [2025-11-10T01:00:47.973+0000] {dag.py:3823} INFO - Setting next_dagrun for example_sensor_decorator to None, run_after=None
[2025-11-10T01:00:48.000+0000] {processor.py:183} INFO - Processing /home/airflow/.local/lib/python3.8/site-packages/airflow/example_dags/example_sensor_decorator.py took 0.093 seconds
[2025-11-10T01:01:18.638+0000] {processor.py:161} INFO - Started process (PID=2488) to work on /home/airflow/.local/lib/python3.8/site-packages/airflow/example_dags/example_sensor_decorator.py
[2025-11-10T01:01:18.640+0000] {processor.py:830} INFO - Processing file /home/airflow/.local/lib/python3.8/site-packages/airflow/example_dags/example_sensor_decorator.py for tasks to queue
[2025-11-10T01:01:18.643+0000] {logging_mixin.py:188} INFO - [2025-11-10T01:01:18.642+0000] {dagbag.py:538} INFO - Filling up the DagBag from /home/airflow/.local/lib/python3.8/site-packages/airflow/example_dags/example_sensor_decorator.py
[2025-11-10T01:01:18.655+0000] {processor.py:840} INFO - DAG(s) 'example_sensor_decorator' retrieved from /home/airflow/.local/lib/python3.8/site-packages/airflow/example_dags/example_sensor_decorator.py
[2025-11-10T01:01:18.697+0000] {logging_mixin.py:188} INFO - [2025-11-10T01:01:18.696+0000] {dag.py:3036} INFO - Sync 1 DAGs
[2025-11-10T01:01:18.720+0000] {logging_mixin.py:188} INFO - [2025-11-10T01:01:18.719+0000] {dag.py:3823} INFO - Setting next_dagrun for example_sensor_decorator to None, run_after=None
[2025-11-10T01:01:18.773+0000] {processor.py:183} INFO - Processing /home/airflow/.local/lib/python3.8/site-packages/airflow/example_dags/example_sensor_decorator.py took 0.142 seconds
[2025-11-10T01:01:49.295+0000] {processor.py:161} INFO - Started process (PID=2585) to work on /home/airflow/.local/lib/python3.8/site-packages/airflow/example_dags/example_sensor_decorator.py
[2025-11-10T01:01:49.296+0000] {processor.py:830} INFO - Processing file /home/airflow/.local/lib/python3.8/site-packages/airflow/example_dags/example_sensor_decorator.py for tasks to queue
[2025-11-10T01:01:49.298+0000] {logging_mixin.py:188} INFO - [2025-11-10T01:01:49.297+0000] {dagbag.py:538} INFO - Filling up the DagBag from /home/airflow/.local/lib/python3.8/site-packages/airflow/example_dags/example_sensor_decorator.py
[2025-11-10T01:01:49.304+0000] {processor.py:840} INFO - DAG(s) 'example_sensor_decorator' retrieved from /home/airflow/.local/lib/python3.8/site-packages/airflow/example_dags/example_sensor_decorator.py
[2025-11-10T01:01:49.331+0000] {logging_mixin.py:188} INFO - [2025-11-10T01:01:49.331+0000] {dag.py:3036} INFO - Sync 1 DAGs
[2025-11-10T01:01:49.346+0000] {logging_mixin.py:188} INFO - [2025-11-10T01:01:49.345+0000] {dag.py:3823} INFO - Setting next_dagrun for example_sensor_decorator to None, run_after=None
[2025-11-10T01:01:49.376+0000] {processor.py:183} INFO - Processing /home/airflow/.local/lib/python3.8/site-packages/airflow/example_dags/example_sensor_decorator.py took 0.084 seconds
[2025-11-10T01:02:20.095+0000] {processor.py:161} INFO - Started process (PID=2682) to work on /home/airflow/.local/lib/python3.8/site-packages/airflow/example_dags/example_sensor_decorator.py
[2025-11-10T01:02:20.096+0000] {processor.py:830} INFO - Processing file /home/airflow/.local/lib/python3.8/site-packages/airflow/example_dags/example_sensor_decorator.py for tasks to queue
[2025-11-10T01:02:20.098+0000] {logging_mixin.py:188} INFO - [2025-11-10T01:02:20.097+0000] {dagbag.py:538} INFO - Filling up the DagBag from /home/airflow/.local/lib/python3.8/site-packages/airflow/example_dags/example_sensor_decorator.py
[2025-11-10T01:02:20.110+0000] {processor.py:840} INFO - DAG(s) 'example_sensor_decorator' retrieved from /home/airflow/.local/lib/python3.8/site-packages/airflow/example_dags/example_sensor_decorator.py
[2025-11-10T01:02:20.163+0000] {logging_mixin.py:188} INFO - [2025-11-10T01:02:20.163+0000] {dag.py:3036} INFO - Sync 1 DAGs
[2025-11-10T01:02:20.192+0000] {logging_mixin.py:188} INFO - [2025-11-10T01:02:20.191+0000] {dag.py:3823} INFO - Setting next_dagrun for example_sensor_decorator to None, run_after=None
[2025-11-10T01:02:20.227+0000] {processor.py:183} INFO - Processing /home/airflow/.local/lib/python3.8/site-packages/airflow/example_dags/example_sensor_decorator.py took 0.138 seconds
[2025-11-10T01:02:50.359+0000] {processor.py:161} INFO - Started process (PID=2779) to work on /home/airflow/.local/lib/python3.8/site-packages/airflow/example_dags/example_sensor_decorator.py
[2025-11-10T01:02:50.361+0000] {processor.py:830} INFO - Processing file /home/airflow/.local/lib/python3.8/site-packages/airflow/example_dags/example_sensor_decorator.py for tasks to queue
[2025-11-10T01:02:50.363+0000] {logging_mixin.py:188} INFO - [2025-11-10T01:02:50.363+0000] {dagbag.py:538} INFO - Filling up the DagBag from /home/airflow/.local/lib/python3.8/site-packages/airflow/example_dags/example_sensor_decorator.py
[2025-11-10T01:02:50.370+0000] {processor.py:840} INFO - DAG(s) 'example_sensor_decorator' retrieved from /home/airflow/.local/lib/python3.8/site-packages/airflow/example_dags/example_sensor_decorator.py
[2025-11-10T01:02:50.404+0000] {logging_mixin.py:188} INFO - [2025-11-10T01:02:50.403+0000] {dag.py:3036} INFO - Sync 1 DAGs
[2025-11-10T01:02:50.421+0000] {logging_mixin.py:188} INFO - [2025-11-10T01:02:50.420+0000] {dag.py:3823} INFO - Setting next_dagrun for example_sensor_decorator to None, run_after=None
[2025-11-10T01:02:50.453+0000] {processor.py:183} INFO - Processing /home/airflow/.local/lib/python3.8/site-packages/airflow/example_dags/example_sensor_decorator.py took 0.097 seconds
[2025-11-10T01:03:20.632+0000] {processor.py:161} INFO - Started process (PID=2883) to work on /home/airflow/.local/lib/python3.8/site-packages/airflow/example_dags/example_sensor_decorator.py
[2025-11-10T01:03:20.633+0000] {processor.py:830} INFO - Processing file /home/airflow/.local/lib/python3.8/site-packages/airflow/example_dags/example_sensor_decorator.py for tasks to queue
[2025-11-10T01:03:20.635+0000] {logging_mixin.py:188} INFO - [2025-11-10T01:03:20.635+0000] {dagbag.py:538} INFO - Filling up the DagBag from /home/airflow/.local/lib/python3.8/site-packages/airflow/example_dags/example_sensor_decorator.py
[2025-11-10T01:03:20.642+0000] {processor.py:840} INFO - DAG(s) 'example_sensor_decorator' retrieved from /home/airflow/.local/lib/python3.8/site-packages/airflow/example_dags/example_sensor_decorator.py
[2025-11-10T01:03:20.673+0000] {logging_mixin.py:188} INFO - [2025-11-10T01:03:20.672+0000] {dag.py:3036} INFO - Sync 1 DAGs
[2025-11-10T01:03:20.690+0000] {logging_mixin.py:188} INFO - [2025-11-10T01:03:20.690+0000] {dag.py:3823} INFO - Setting next_dagrun for example_sensor_decorator to None, run_after=None
[2025-11-10T01:03:20.716+0000] {processor.py:183} INFO - Processing /home/airflow/.local/lib/python3.8/site-packages/airflow/example_dags/example_sensor_decorator.py took 0.088 seconds
[2025-11-10T01:03:50.838+0000] {processor.py:161} INFO - Started process (PID=2996) to work on /home/airflow/.local/lib/python3.8/site-packages/airflow/example_dags/example_sensor_decorator.py
[2025-11-10T01:03:50.839+0000] {processor.py:830} INFO - Processing file /home/airflow/.local/lib/python3.8/site-packages/airflow/example_dags/example_sensor_decorator.py for tasks to queue
[2025-11-10T01:03:50.840+0000] {logging_mixin.py:188} INFO - [2025-11-10T01:03:50.840+0000] {dagbag.py:538} INFO - Filling up the DagBag from /home/airflow/.local/lib/python3.8/site-packages/airflow/example_dags/example_sensor_decorator.py
[2025-11-10T01:03:50.848+0000] {processor.py:840} INFO - DAG(s) 'example_sensor_decorator' retrieved from /home/airflow/.local/lib/python3.8/site-packages/airflow/example_dags/example_sensor_decorator.py
[2025-11-10T01:03:50.883+0000] {logging_mixin.py:188} INFO - [2025-11-10T01:03:50.883+0000] {dag.py:3036} INFO - Sync 1 DAGs
[2025-11-10T01:03:50.906+0000] {logging_mixin.py:188} INFO - [2025-11-10T01:03:50.905+0000] {dag.py:3823} INFO - Setting next_dagrun for example_sensor_decorator to None, run_after=None
[2025-11-10T01:03:50.954+0000] {processor.py:183} INFO - Processing /home/airflow/.local/lib/python3.8/site-packages/airflow/example_dags/example_sensor_decorator.py took 0.120 seconds
[2025-11-10T01:04:21.887+0000] {processor.py:161} INFO - Started process (PID=3093) to work on /home/airflow/.local/lib/python3.8/site-packages/airflow/example_dags/example_sensor_decorator.py
[2025-11-10T01:04:21.888+0000] {processor.py:830} INFO - Processing file /home/airflow/.local/lib/python3.8/site-packages/airflow/example_dags/example_sensor_decorator.py for tasks to queue
[2025-11-10T01:04:21.889+0000] {logging_mixin.py:188} INFO - [2025-11-10T01:04:21.889+0000] {dagbag.py:538} INFO - Filling up the DagBag from /home/airflow/.local/lib/python3.8/site-packages/airflow/example_dags/example_sensor_decorator.py
[2025-11-10T01:04:21.896+0000] {processor.py:840} INFO - DAG(s) 'example_sensor_decorator' retrieved from /home/airflow/.local/lib/python3.8/site-packages/airflow/example_dags/example_sensor_decorator.py
[2025-11-10T01:04:21.924+0000] {logging_mixin.py:188} INFO - [2025-11-10T01:04:21.924+0000] {dag.py:3036} INFO - Sync 1 DAGs
[2025-11-10T01:04:21.940+0000] {logging_mixin.py:188} INFO - [2025-11-10T01:04:21.940+0000] {dag.py:3823} INFO - Setting next_dagrun for example_sensor_decorator to None, run_after=None
[2025-11-10T01:04:21.965+0000] {processor.py:183} INFO - Processing /home/airflow/.local/lib/python3.8/site-packages/airflow/example_dags/example_sensor_decorator.py took 0.081 seconds
[2025-11-10T01:04:52.172+0000] {processor.py:161} INFO - Started process (PID=3190) to work on /home/airflow/.local/lib/python3.8/site-packages/airflow/example_dags/example_sensor_decorator.py
[2025-11-10T01:04:52.173+0000] {processor.py:830} INFO - Processing file /home/airflow/.local/lib/python3.8/site-packages/airflow/example_dags/example_sensor_decorator.py for tasks to queue
[2025-11-10T01:04:52.174+0000] {logging_mixin.py:188} INFO - [2025-11-10T01:04:52.174+0000] {dagbag.py:538} INFO - Filling up the DagBag from /home/airflow/.local/lib/python3.8/site-packages/airflow/example_dags/example_sensor_decorator.py
[2025-11-10T01:04:52.183+0000] {processor.py:840} INFO - DAG(s) 'example_sensor_decorator' retrieved from /home/airflow/.local/lib/python3.8/site-packages/airflow/example_dags/example_sensor_decorator.py
[2025-11-10T01:04:52.214+0000] {logging_mixin.py:188} INFO - [2025-11-10T01:04:52.214+0000] {dag.py:3036} INFO - Sync 1 DAGs
[2025-11-10T01:04:52.232+0000] {logging_mixin.py:188} INFO - [2025-11-10T01:04:52.232+0000] {dag.py:3823} INFO - Setting next_dagrun for example_sensor_decorator to None, run_after=None
[2025-11-10T01:04:52.262+0000] {processor.py:183} INFO - Processing /home/airflow/.local/lib/python3.8/site-packages/airflow/example_dags/example_sensor_decorator.py took 0.095 seconds
[2025-11-10T01:05:22.415+0000] {processor.py:161} INFO - Started process (PID=3287) to work on /home/airflow/.local/lib/python3.8/site-packages/airflow/example_dags/example_sensor_decorator.py
[2025-11-10T01:05:22.416+0000] {processor.py:830} INFO - Processing file /home/airflow/.local/lib/python3.8/site-packages/airflow/example_dags/example_sensor_decorator.py for tasks to queue
[2025-11-10T01:05:22.417+0000] {logging_mixin.py:188} INFO - [2025-11-10T01:05:22.417+0000] {dagbag.py:538} INFO - Filling up the DagBag from /home/airflow/.local/lib/python3.8/site-packages/airflow/example_dags/example_sensor_decorator.py
[2025-11-10T01:05:22.424+0000] {processor.py:840} INFO - DAG(s) 'example_sensor_decorator' retrieved from /home/airflow/.local/lib/python3.8/site-packages/airflow/example_dags/example_sensor_decorator.py
[2025-11-10T01:05:22.451+0000] {logging_mixin.py:188} INFO - [2025-11-10T01:05:22.451+0000] {dag.py:3036} INFO - Sync 1 DAGs
[2025-11-10T01:05:22.468+0000] {logging_mixin.py:188} INFO - [2025-11-10T01:05:22.468+0000] {dag.py:3823} INFO - Setting next_dagrun for example_sensor_decorator to None, run_after=None
[2025-11-10T01:05:22.491+0000] {processor.py:183} INFO - Processing /home/airflow/.local/lib/python3.8/site-packages/airflow/example_dags/example_sensor_decorator.py took 0.081 seconds
[2025-11-10T01:05:52.942+0000] {processor.py:161} INFO - Started process (PID=3391) to work on /home/airflow/.local/lib/python3.8/site-packages/airflow/example_dags/example_sensor_decorator.py
[2025-11-10T01:05:52.943+0000] {processor.py:830} INFO - Processing file /home/airflow/.local/lib/python3.8/site-packages/airflow/example_dags/example_sensor_decorator.py for tasks to queue
[2025-11-10T01:05:52.944+0000] {logging_mixin.py:188} INFO - [2025-11-10T01:05:52.944+0000] {dagbag.py:538} INFO - Filling up the DagBag from /home/airflow/.local/lib/python3.8/site-packages/airflow/example_dags/example_sensor_decorator.py
[2025-11-10T01:05:52.952+0000] {processor.py:840} INFO - DAG(s) 'example_sensor_decorator' retrieved from /home/airflow/.local/lib/python3.8/site-packages/airflow/example_dags/example_sensor_decorator.py
[2025-11-10T01:05:52.979+0000] {logging_mixin.py:188} INFO - [2025-11-10T01:05:52.978+0000] {dag.py:3036} INFO - Sync 1 DAGs
[2025-11-10T01:05:52.994+0000] {logging_mixin.py:188} INFO - [2025-11-10T01:05:52.994+0000] {dag.py:3823} INFO - Setting next_dagrun for example_sensor_decorator to None, run_after=None
[2025-11-10T01:05:53.022+0000] {processor.py:183} INFO - Processing /home/airflow/.local/lib/python3.8/site-packages/airflow/example_dags/example_sensor_decorator.py took 0.084 seconds
[2025-11-10T01:06:23.862+0000] {processor.py:161} INFO - Started process (PID=3505) to work on /home/airflow/.local/lib/python3.8/site-packages/airflow/example_dags/example_sensor_decorator.py
[2025-11-10T01:06:23.864+0000] {processor.py:830} INFO - Processing file /home/airflow/.local/lib/python3.8/site-packages/airflow/example_dags/example_sensor_decorator.py for tasks to queue
[2025-11-10T01:06:23.866+0000] {logging_mixin.py:188} INFO - [2025-11-10T01:06:23.865+0000] {dagbag.py:538} INFO - Filling up the DagBag from /home/airflow/.local/lib/python3.8/site-packages/airflow/example_dags/example_sensor_decorator.py
[2025-11-10T01:06:23.875+0000] {processor.py:840} INFO - DAG(s) 'example_sensor_decorator' retrieved from /home/airflow/.local/lib/python3.8/site-packages/airflow/example_dags/example_sensor_decorator.py
[2025-11-10T01:06:23.906+0000] {logging_mixin.py:188} INFO - [2025-11-10T01:06:23.906+0000] {dag.py:3036} INFO - Sync 1 DAGs
[2025-11-10T01:06:23.921+0000] {logging_mixin.py:188} INFO - [2025-11-10T01:06:23.921+0000] {dag.py:3823} INFO - Setting next_dagrun for example_sensor_decorator to None, run_after=None
[2025-11-10T01:06:23.956+0000] {processor.py:183} INFO - Processing /home/airflow/.local/lib/python3.8/site-packages/airflow/example_dags/example_sensor_decorator.py took 0.098 seconds
[2025-11-10T01:06:54.900+0000] {processor.py:161} INFO - Started process (PID=3602) to work on /home/airflow/.local/lib/python3.8/site-packages/airflow/example_dags/example_sensor_decorator.py
[2025-11-10T01:06:54.902+0000] {processor.py:830} INFO - Processing file /home/airflow/.local/lib/python3.8/site-packages/airflow/example_dags/example_sensor_decorator.py for tasks to queue
[2025-11-10T01:06:54.904+0000] {logging_mixin.py:188} INFO - [2025-11-10T01:06:54.903+0000] {dagbag.py:538} INFO - Filling up the DagBag from /home/airflow/.local/lib/python3.8/site-packages/airflow/example_dags/example_sensor_decorator.py
[2025-11-10T01:06:54.911+0000] {processor.py:840} INFO - DAG(s) 'example_sensor_decorator' retrieved from /home/airflow/.local/lib/python3.8/site-packages/airflow/example_dags/example_sensor_decorator.py
[2025-11-10T01:06:54.946+0000] {logging_mixin.py:188} INFO - [2025-11-10T01:06:54.946+0000] {dag.py:3036} INFO - Sync 1 DAGs
[2025-11-10T01:06:54.961+0000] {logging_mixin.py:188} INFO - [2025-11-10T01:06:54.961+0000] {dag.py:3823} INFO - Setting next_dagrun for example_sensor_decorator to None, run_after=None
[2025-11-10T01:06:54.985+0000] {processor.py:183} INFO - Processing /home/airflow/.local/lib/python3.8/site-packages/airflow/example_dags/example_sensor_decorator.py took 0.092 seconds
