[2025-11-10T00:49:29.115+0000] {processor.py:161} INFO - Started process (PID=174) to work on /home/airflow/.local/lib/python3.8/site-packages/airflow/example_dags/example_dag_decorator.py
[2025-11-10T00:49:29.118+0000] {processor.py:830} INFO - Processing file /home/airflow/.local/lib/python3.8/site-packages/airflow/example_dags/example_dag_decorator.py for tasks to queue
[2025-11-10T00:49:29.120+0000] {logging_mixin.py:188} INFO - [2025-11-10T00:49:29.120+0000] {dagbag.py:538} INFO - Filling up the DagBag from /home/airflow/.local/lib/python3.8/site-packages/airflow/example_dags/example_dag_decorator.py
[2025-11-10T00:49:29.454+0000] {processor.py:840} INFO - DAG(s) 'example_dag_decorator' retrieved from /home/airflow/.local/lib/python3.8/site-packages/airflow/example_dags/example_dag_decorator.py
[2025-11-10T00:49:29.678+0000] {logging_mixin.py:188} INFO - [2025-11-10T00:49:29.677+0000] {override.py:1769} INFO - Created Permission View: can delete on DAG:example_dag_decorator
[2025-11-10T00:49:29.703+0000] {logging_mixin.py:188} INFO - [2025-11-10T00:49:29.702+0000] {override.py:1769} INFO - Created Permission View: can read on DAG:example_dag_decorator
[2025-11-10T00:49:29.719+0000] {logging_mixin.py:188} INFO - [2025-11-10T00:49:29.718+0000] {override.py:1769} INFO - Created Permission View: can edit on DAG:example_dag_decorator
[2025-11-10T00:49:29.720+0000] {logging_mixin.py:188} INFO - [2025-11-10T00:49:29.720+0000] {dag.py:3036} INFO - Sync 1 DAGs
[2025-11-10T00:49:29.750+0000] {logging_mixin.py:188} INFO - [2025-11-10T00:49:29.749+0000] {dag.py:3058} INFO - Creating ORM DAG for example_dag_decorator
[2025-11-10T00:49:29.752+0000] {logging_mixin.py:188} INFO - [2025-11-10T00:49:29.751+0000] {dag.py:3823} INFO - Setting next_dagrun for example_dag_decorator to None, run_after=None
[2025-11-10T00:49:30.029+0000] {processor.py:183} INFO - Processing /home/airflow/.local/lib/python3.8/site-packages/airflow/example_dags/example_dag_decorator.py took 0.918 seconds
[2025-11-10T00:50:00.158+0000] {processor.py:161} INFO - Started process (PID=272) to work on /home/airflow/.local/lib/python3.8/site-packages/airflow/example_dags/example_dag_decorator.py
[2025-11-10T00:50:00.159+0000] {processor.py:830} INFO - Processing file /home/airflow/.local/lib/python3.8/site-packages/airflow/example_dags/example_dag_decorator.py for tasks to queue
[2025-11-10T00:50:00.161+0000] {logging_mixin.py:188} INFO - [2025-11-10T00:50:00.160+0000] {dagbag.py:538} INFO - Filling up the DagBag from /home/airflow/.local/lib/python3.8/site-packages/airflow/example_dags/example_dag_decorator.py
[2025-11-10T00:50:00.286+0000] {processor.py:840} INFO - DAG(s) 'example_dag_decorator' retrieved from /home/airflow/.local/lib/python3.8/site-packages/airflow/example_dags/example_dag_decorator.py
[2025-11-10T00:50:00.650+0000] {logging_mixin.py:188} INFO - [2025-11-10T00:50:00.649+0000] {dag.py:3036} INFO - Sync 1 DAGs
[2025-11-10T00:50:00.663+0000] {logging_mixin.py:188} INFO - [2025-11-10T00:50:00.663+0000] {dag.py:3823} INFO - Setting next_dagrun for example_dag_decorator to None, run_after=None
[2025-11-10T00:50:00.698+0000] {processor.py:183} INFO - Processing /home/airflow/.local/lib/python3.8/site-packages/airflow/example_dags/example_dag_decorator.py took 0.544 seconds
[2025-11-10T00:50:31.803+0000] {processor.py:161} INFO - Started process (PID=369) to work on /home/airflow/.local/lib/python3.8/site-packages/airflow/example_dags/example_dag_decorator.py
[2025-11-10T00:50:31.804+0000] {processor.py:830} INFO - Processing file /home/airflow/.local/lib/python3.8/site-packages/airflow/example_dags/example_dag_decorator.py for tasks to queue
[2025-11-10T00:50:31.805+0000] {logging_mixin.py:188} INFO - [2025-11-10T00:50:31.805+0000] {dagbag.py:538} INFO - Filling up the DagBag from /home/airflow/.local/lib/python3.8/site-packages/airflow/example_dags/example_dag_decorator.py
[2025-11-10T00:50:31.960+0000] {processor.py:840} INFO - DAG(s) 'example_dag_decorator' retrieved from /home/airflow/.local/lib/python3.8/site-packages/airflow/example_dags/example_dag_decorator.py
[2025-11-10T00:50:32.136+0000] {logging_mixin.py:188} INFO - [2025-11-10T00:50:32.135+0000] {dag.py:3036} INFO - Sync 1 DAGs
[2025-11-10T00:50:32.153+0000] {logging_mixin.py:188} INFO - [2025-11-10T00:50:32.151+0000] {dag.py:3823} INFO - Setting next_dagrun for example_dag_decorator to None, run_after=None
[2025-11-10T00:50:32.189+0000] {processor.py:183} INFO - Processing /home/airflow/.local/lib/python3.8/site-packages/airflow/example_dags/example_dag_decorator.py took 0.391 seconds
[2025-11-10T00:51:03.052+0000] {processor.py:161} INFO - Started process (PID=466) to work on /home/airflow/.local/lib/python3.8/site-packages/airflow/example_dags/example_dag_decorator.py
[2025-11-10T00:51:03.055+0000] {processor.py:830} INFO - Processing file /home/airflow/.local/lib/python3.8/site-packages/airflow/example_dags/example_dag_decorator.py for tasks to queue
[2025-11-10T00:51:03.058+0000] {logging_mixin.py:188} INFO - [2025-11-10T00:51:03.057+0000] {dagbag.py:538} INFO - Filling up the DagBag from /home/airflow/.local/lib/python3.8/site-packages/airflow/example_dags/example_dag_decorator.py
[2025-11-10T00:51:03.241+0000] {processor.py:840} INFO - DAG(s) 'example_dag_decorator' retrieved from /home/airflow/.local/lib/python3.8/site-packages/airflow/example_dags/example_dag_decorator.py
[2025-11-10T00:51:03.414+0000] {logging_mixin.py:188} INFO - [2025-11-10T00:51:03.413+0000] {dag.py:3036} INFO - Sync 1 DAGs
[2025-11-10T00:51:03.428+0000] {logging_mixin.py:188} INFO - [2025-11-10T00:51:03.428+0000] {dag.py:3823} INFO - Setting next_dagrun for example_dag_decorator to None, run_after=None
[2025-11-10T00:51:03.458+0000] {processor.py:183} INFO - Processing /home/airflow/.local/lib/python3.8/site-packages/airflow/example_dags/example_dag_decorator.py took 0.412 seconds
[2025-11-10T00:51:33.557+0000] {processor.py:161} INFO - Started process (PID=562) to work on /home/airflow/.local/lib/python3.8/site-packages/airflow/example_dags/example_dag_decorator.py
[2025-11-10T00:51:33.558+0000] {processor.py:830} INFO - Processing file /home/airflow/.local/lib/python3.8/site-packages/airflow/example_dags/example_dag_decorator.py for tasks to queue
[2025-11-10T00:51:33.560+0000] {logging_mixin.py:188} INFO - [2025-11-10T00:51:33.560+0000] {dagbag.py:538} INFO - Filling up the DagBag from /home/airflow/.local/lib/python3.8/site-packages/airflow/example_dags/example_dag_decorator.py
[2025-11-10T00:51:33.696+0000] {processor.py:840} INFO - DAG(s) 'example_dag_decorator' retrieved from /home/airflow/.local/lib/python3.8/site-packages/airflow/example_dags/example_dag_decorator.py
[2025-11-10T00:51:33.839+0000] {logging_mixin.py:188} INFO - [2025-11-10T00:51:33.839+0000] {dag.py:3036} INFO - Sync 1 DAGs
[2025-11-10T00:51:33.856+0000] {logging_mixin.py:188} INFO - [2025-11-10T00:51:33.856+0000] {dag.py:3823} INFO - Setting next_dagrun for example_dag_decorator to None, run_after=None
[2025-11-10T00:51:33.888+0000] {processor.py:183} INFO - Processing /home/airflow/.local/lib/python3.8/site-packages/airflow/example_dags/example_dag_decorator.py took 0.336 seconds
[2025-11-10T00:52:04.016+0000] {processor.py:161} INFO - Started process (PID=658) to work on /home/airflow/.local/lib/python3.8/site-packages/airflow/example_dags/example_dag_decorator.py
[2025-11-10T00:52:04.017+0000] {processor.py:830} INFO - Processing file /home/airflow/.local/lib/python3.8/site-packages/airflow/example_dags/example_dag_decorator.py for tasks to queue
[2025-11-10T00:52:04.019+0000] {logging_mixin.py:188} INFO - [2025-11-10T00:52:04.019+0000] {dagbag.py:538} INFO - Filling up the DagBag from /home/airflow/.local/lib/python3.8/site-packages/airflow/example_dags/example_dag_decorator.py
[2025-11-10T00:52:04.207+0000] {processor.py:840} INFO - DAG(s) 'example_dag_decorator' retrieved from /home/airflow/.local/lib/python3.8/site-packages/airflow/example_dags/example_dag_decorator.py
[2025-11-10T00:52:04.417+0000] {logging_mixin.py:188} INFO - [2025-11-10T00:52:04.416+0000] {dag.py:3036} INFO - Sync 1 DAGs
[2025-11-10T00:52:04.442+0000] {logging_mixin.py:188} INFO - [2025-11-10T00:52:04.442+0000] {dag.py:3823} INFO - Setting next_dagrun for example_dag_decorator to None, run_after=None
[2025-11-10T00:52:04.530+0000] {processor.py:183} INFO - Processing /home/airflow/.local/lib/python3.8/site-packages/airflow/example_dags/example_dag_decorator.py took 0.523 seconds
[2025-11-10T00:52:35.212+0000] {processor.py:161} INFO - Started process (PID=763) to work on /home/airflow/.local/lib/python3.8/site-packages/airflow/example_dags/example_dag_decorator.py
[2025-11-10T00:52:35.215+0000] {processor.py:830} INFO - Processing file /home/airflow/.local/lib/python3.8/site-packages/airflow/example_dags/example_dag_decorator.py for tasks to queue
[2025-11-10T00:52:35.218+0000] {logging_mixin.py:188} INFO - [2025-11-10T00:52:35.217+0000] {dagbag.py:538} INFO - Filling up the DagBag from /home/airflow/.local/lib/python3.8/site-packages/airflow/example_dags/example_dag_decorator.py
[2025-11-10T00:52:35.455+0000] {processor.py:840} INFO - DAG(s) 'example_dag_decorator' retrieved from /home/airflow/.local/lib/python3.8/site-packages/airflow/example_dags/example_dag_decorator.py
[2025-11-10T00:52:35.662+0000] {logging_mixin.py:188} INFO - [2025-11-10T00:52:35.661+0000] {dag.py:3036} INFO - Sync 1 DAGs
[2025-11-10T00:52:35.683+0000] {logging_mixin.py:188} INFO - [2025-11-10T00:52:35.682+0000] {dag.py:3823} INFO - Setting next_dagrun for example_dag_decorator to None, run_after=None
[2025-11-10T00:52:35.730+0000] {processor.py:183} INFO - Processing /home/airflow/.local/lib/python3.8/site-packages/airflow/example_dags/example_dag_decorator.py took 0.524 seconds
[2025-11-10T00:53:05.879+0000] {processor.py:161} INFO - Started process (PID=876) to work on /home/airflow/.local/lib/python3.8/site-packages/airflow/example_dags/example_dag_decorator.py
[2025-11-10T00:53:05.880+0000] {processor.py:830} INFO - Processing file /home/airflow/.local/lib/python3.8/site-packages/airflow/example_dags/example_dag_decorator.py for tasks to queue
[2025-11-10T00:53:05.882+0000] {logging_mixin.py:188} INFO - [2025-11-10T00:53:05.882+0000] {dagbag.py:538} INFO - Filling up the DagBag from /home/airflow/.local/lib/python3.8/site-packages/airflow/example_dags/example_dag_decorator.py
[2025-11-10T00:53:06.086+0000] {processor.py:840} INFO - DAG(s) 'example_dag_decorator' retrieved from /home/airflow/.local/lib/python3.8/site-packages/airflow/example_dags/example_dag_decorator.py
[2025-11-10T00:53:06.146+0000] {logging_mixin.py:188} INFO - [2025-11-10T00:53:06.145+0000] {dag.py:3036} INFO - Sync 1 DAGs
[2025-11-10T00:53:06.185+0000] {logging_mixin.py:188} INFO - [2025-11-10T00:53:06.184+0000] {dag.py:3823} INFO - Setting next_dagrun for example_dag_decorator to None, run_after=None
[2025-11-10T00:53:06.226+0000] {processor.py:183} INFO - Processing /home/airflow/.local/lib/python3.8/site-packages/airflow/example_dags/example_dag_decorator.py took 0.353 seconds
[2025-11-10T00:53:36.319+0000] {processor.py:161} INFO - Started process (PID=975) to work on /home/airflow/.local/lib/python3.8/site-packages/airflow/example_dags/example_dag_decorator.py
[2025-11-10T00:53:36.322+0000] {processor.py:830} INFO - Processing file /home/airflow/.local/lib/python3.8/site-packages/airflow/example_dags/example_dag_decorator.py for tasks to queue
[2025-11-10T00:53:36.327+0000] {logging_mixin.py:188} INFO - [2025-11-10T00:53:36.326+0000] {dagbag.py:538} INFO - Filling up the DagBag from /home/airflow/.local/lib/python3.8/site-packages/airflow/example_dags/example_dag_decorator.py
[2025-11-10T00:53:36.476+0000] {processor.py:840} INFO - DAG(s) 'example_dag_decorator' retrieved from /home/airflow/.local/lib/python3.8/site-packages/airflow/example_dags/example_dag_decorator.py
[2025-11-10T00:53:36.637+0000] {logging_mixin.py:188} INFO - [2025-11-10T00:53:36.637+0000] {dag.py:3036} INFO - Sync 1 DAGs
[2025-11-10T00:53:36.650+0000] {logging_mixin.py:188} INFO - [2025-11-10T00:53:36.649+0000] {dag.py:3823} INFO - Setting next_dagrun for example_dag_decorator to None, run_after=None
[2025-11-10T00:53:36.687+0000] {processor.py:183} INFO - Processing /home/airflow/.local/lib/python3.8/site-packages/airflow/example_dags/example_dag_decorator.py took 0.371 seconds
[2025-11-10T00:54:06.960+0000] {processor.py:161} INFO - Started process (PID=1072) to work on /home/airflow/.local/lib/python3.8/site-packages/airflow/example_dags/example_dag_decorator.py
[2025-11-10T00:54:06.962+0000] {processor.py:830} INFO - Processing file /home/airflow/.local/lib/python3.8/site-packages/airflow/example_dags/example_dag_decorator.py for tasks to queue
[2025-11-10T00:54:06.966+0000] {logging_mixin.py:188} INFO - [2025-11-10T00:54:06.965+0000] {dagbag.py:538} INFO - Filling up the DagBag from /home/airflow/.local/lib/python3.8/site-packages/airflow/example_dags/example_dag_decorator.py
[2025-11-10T00:54:07.098+0000] {processor.py:840} INFO - DAG(s) 'example_dag_decorator' retrieved from /home/airflow/.local/lib/python3.8/site-packages/airflow/example_dags/example_dag_decorator.py
[2025-11-10T00:54:07.274+0000] {logging_mixin.py:188} INFO - [2025-11-10T00:54:07.273+0000] {dag.py:3036} INFO - Sync 1 DAGs
[2025-11-10T00:54:07.289+0000] {logging_mixin.py:188} INFO - [2025-11-10T00:54:07.288+0000] {dag.py:3823} INFO - Setting next_dagrun for example_dag_decorator to None, run_after=None
[2025-11-10T00:54:07.319+0000] {processor.py:183} INFO - Processing /home/airflow/.local/lib/python3.8/site-packages/airflow/example_dags/example_dag_decorator.py took 0.364 seconds
[2025-11-10T00:54:38.243+0000] {processor.py:161} INFO - Started process (PID=1169) to work on /home/airflow/.local/lib/python3.8/site-packages/airflow/example_dags/example_dag_decorator.py
[2025-11-10T00:54:38.244+0000] {processor.py:830} INFO - Processing file /home/airflow/.local/lib/python3.8/site-packages/airflow/example_dags/example_dag_decorator.py for tasks to queue
[2025-11-10T00:54:38.247+0000] {logging_mixin.py:188} INFO - [2025-11-10T00:54:38.246+0000] {dagbag.py:538} INFO - Filling up the DagBag from /home/airflow/.local/lib/python3.8/site-packages/airflow/example_dags/example_dag_decorator.py
[2025-11-10T00:54:38.441+0000] {processor.py:840} INFO - DAG(s) 'example_dag_decorator' retrieved from /home/airflow/.local/lib/python3.8/site-packages/airflow/example_dags/example_dag_decorator.py
[2025-11-10T00:54:38.661+0000] {logging_mixin.py:188} INFO - [2025-11-10T00:54:38.660+0000] {dag.py:3036} INFO - Sync 1 DAGs
[2025-11-10T00:54:38.689+0000] {logging_mixin.py:188} INFO - [2025-11-10T00:54:38.688+0000] {dag.py:3823} INFO - Setting next_dagrun for example_dag_decorator to None, run_after=None
[2025-11-10T00:54:38.737+0000] {processor.py:183} INFO - Processing /home/airflow/.local/lib/python3.8/site-packages/airflow/example_dags/example_dag_decorator.py took 0.499 seconds
[2025-11-10T00:55:08.887+0000] {processor.py:161} INFO - Started process (PID=1266) to work on /home/airflow/.local/lib/python3.8/site-packages/airflow/example_dags/example_dag_decorator.py
[2025-11-10T00:55:08.889+0000] {processor.py:830} INFO - Processing file /home/airflow/.local/lib/python3.8/site-packages/airflow/example_dags/example_dag_decorator.py for tasks to queue
[2025-11-10T00:55:08.898+0000] {logging_mixin.py:188} INFO - [2025-11-10T00:55:08.892+0000] {dagbag.py:538} INFO - Filling up the DagBag from /home/airflow/.local/lib/python3.8/site-packages/airflow/example_dags/example_dag_decorator.py
[2025-11-10T00:55:09.062+0000] {processor.py:840} INFO - DAG(s) 'example_dag_decorator' retrieved from /home/airflow/.local/lib/python3.8/site-packages/airflow/example_dags/example_dag_decorator.py
[2025-11-10T00:55:09.246+0000] {logging_mixin.py:188} INFO - [2025-11-10T00:55:09.245+0000] {dag.py:3036} INFO - Sync 1 DAGs
[2025-11-10T00:55:09.269+0000] {logging_mixin.py:188} INFO - [2025-11-10T00:55:09.269+0000] {dag.py:3823} INFO - Setting next_dagrun for example_dag_decorator to None, run_after=None
[2025-11-10T00:55:09.302+0000] {processor.py:183} INFO - Processing /home/airflow/.local/lib/python3.8/site-packages/airflow/example_dags/example_dag_decorator.py took 0.420 seconds
[2025-11-10T00:55:39.676+0000] {processor.py:161} INFO - Started process (PID=1363) to work on /home/airflow/.local/lib/python3.8/site-packages/airflow/example_dags/example_dag_decorator.py
[2025-11-10T00:55:39.677+0000] {processor.py:830} INFO - Processing file /home/airflow/.local/lib/python3.8/site-packages/airflow/example_dags/example_dag_decorator.py for tasks to queue
[2025-11-10T00:55:39.679+0000] {logging_mixin.py:188} INFO - [2025-11-10T00:55:39.679+0000] {dagbag.py:538} INFO - Filling up the DagBag from /home/airflow/.local/lib/python3.8/site-packages/airflow/example_dags/example_dag_decorator.py
[2025-11-10T00:55:39.894+0000] {processor.py:840} INFO - DAG(s) 'example_dag_decorator' retrieved from /home/airflow/.local/lib/python3.8/site-packages/airflow/example_dags/example_dag_decorator.py
[2025-11-10T00:55:40.470+0000] {logging_mixin.py:188} INFO - [2025-11-10T00:55:40.467+0000] {dag.py:3036} INFO - Sync 1 DAGs
[2025-11-10T00:55:40.491+0000] {logging_mixin.py:188} INFO - [2025-11-10T00:55:40.491+0000] {dag.py:3823} INFO - Setting next_dagrun for example_dag_decorator to None, run_after=None
[2025-11-10T00:55:40.539+0000] {processor.py:183} INFO - Processing /home/airflow/.local/lib/python3.8/site-packages/airflow/example_dags/example_dag_decorator.py took 0.871 seconds
[2025-11-10T00:56:10.806+0000] {processor.py:161} INFO - Started process (PID=1463) to work on /home/airflow/.local/lib/python3.8/site-packages/airflow/example_dags/example_dag_decorator.py
[2025-11-10T00:56:10.808+0000] {processor.py:830} INFO - Processing file /home/airflow/.local/lib/python3.8/site-packages/airflow/example_dags/example_dag_decorator.py for tasks to queue
[2025-11-10T00:56:10.810+0000] {logging_mixin.py:188} INFO - [2025-11-10T00:56:10.809+0000] {dagbag.py:538} INFO - Filling up the DagBag from /home/airflow/.local/lib/python3.8/site-packages/airflow/example_dags/example_dag_decorator.py
[2025-11-10T00:56:11.024+0000] {processor.py:840} INFO - DAG(s) 'example_dag_decorator' retrieved from /home/airflow/.local/lib/python3.8/site-packages/airflow/example_dags/example_dag_decorator.py
[2025-11-10T00:56:11.301+0000] {logging_mixin.py:188} INFO - [2025-11-10T00:56:11.301+0000] {dag.py:3036} INFO - Sync 1 DAGs
[2025-11-10T00:56:11.335+0000] {logging_mixin.py:188} INFO - [2025-11-10T00:56:11.334+0000] {dag.py:3823} INFO - Setting next_dagrun for example_dag_decorator to None, run_after=None
[2025-11-10T00:56:11.394+0000] {processor.py:183} INFO - Processing /home/airflow/.local/lib/python3.8/site-packages/airflow/example_dags/example_dag_decorator.py took 0.593 seconds
[2025-11-10T00:56:41.690+0000] {processor.py:161} INFO - Started process (PID=1562) to work on /home/airflow/.local/lib/python3.8/site-packages/airflow/example_dags/example_dag_decorator.py
[2025-11-10T00:56:41.692+0000] {processor.py:830} INFO - Processing file /home/airflow/.local/lib/python3.8/site-packages/airflow/example_dags/example_dag_decorator.py for tasks to queue
[2025-11-10T00:56:41.695+0000] {logging_mixin.py:188} INFO - [2025-11-10T00:56:41.694+0000] {dagbag.py:538} INFO - Filling up the DagBag from /home/airflow/.local/lib/python3.8/site-packages/airflow/example_dags/example_dag_decorator.py
[2025-11-10T00:56:41.952+0000] {processor.py:840} INFO - DAG(s) 'example_dag_decorator' retrieved from /home/airflow/.local/lib/python3.8/site-packages/airflow/example_dags/example_dag_decorator.py
[2025-11-10T00:56:42.250+0000] {logging_mixin.py:188} INFO - [2025-11-10T00:56:42.249+0000] {dag.py:3036} INFO - Sync 1 DAGs
[2025-11-10T00:56:42.276+0000] {logging_mixin.py:188} INFO - [2025-11-10T00:56:42.275+0000] {dag.py:3823} INFO - Setting next_dagrun for example_dag_decorator to None, run_after=None
[2025-11-10T00:56:42.333+0000] {processor.py:183} INFO - Processing /home/airflow/.local/lib/python3.8/site-packages/airflow/example_dags/example_dag_decorator.py took 0.649 seconds
[2025-11-10T00:57:12.437+0000] {processor.py:161} INFO - Started process (PID=1657) to work on /home/airflow/.local/lib/python3.8/site-packages/airflow/example_dags/example_dag_decorator.py
[2025-11-10T00:57:12.439+0000] {processor.py:830} INFO - Processing file /home/airflow/.local/lib/python3.8/site-packages/airflow/example_dags/example_dag_decorator.py for tasks to queue
[2025-11-10T00:57:12.440+0000] {logging_mixin.py:188} INFO - [2025-11-10T00:57:12.440+0000] {dagbag.py:538} INFO - Filling up the DagBag from /home/airflow/.local/lib/python3.8/site-packages/airflow/example_dags/example_dag_decorator.py
[2025-11-10T00:57:12.588+0000] {processor.py:840} INFO - DAG(s) 'example_dag_decorator' retrieved from /home/airflow/.local/lib/python3.8/site-packages/airflow/example_dags/example_dag_decorator.py
[2025-11-10T00:57:12.778+0000] {logging_mixin.py:188} INFO - [2025-11-10T00:57:12.778+0000] {dag.py:3036} INFO - Sync 1 DAGs
[2025-11-10T00:57:12.795+0000] {logging_mixin.py:188} INFO - [2025-11-10T00:57:12.795+0000] {dag.py:3823} INFO - Setting next_dagrun for example_dag_decorator to None, run_after=None
[2025-11-10T00:57:12.833+0000] {processor.py:183} INFO - Processing /home/airflow/.local/lib/python3.8/site-packages/airflow/example_dags/example_dag_decorator.py took 0.402 seconds
[2025-11-10T00:57:43.082+0000] {processor.py:161} INFO - Started process (PID=1754) to work on /home/airflow/.local/lib/python3.8/site-packages/airflow/example_dags/example_dag_decorator.py
[2025-11-10T00:57:43.084+0000] {processor.py:830} INFO - Processing file /home/airflow/.local/lib/python3.8/site-packages/airflow/example_dags/example_dag_decorator.py for tasks to queue
[2025-11-10T00:57:43.085+0000] {logging_mixin.py:188} INFO - [2025-11-10T00:57:43.084+0000] {dagbag.py:538} INFO - Filling up the DagBag from /home/airflow/.local/lib/python3.8/site-packages/airflow/example_dags/example_dag_decorator.py
[2025-11-10T00:57:43.228+0000] {processor.py:840} INFO - DAG(s) 'example_dag_decorator' retrieved from /home/airflow/.local/lib/python3.8/site-packages/airflow/example_dags/example_dag_decorator.py
[2025-11-10T00:57:43.389+0000] {logging_mixin.py:188} INFO - [2025-11-10T00:57:43.388+0000] {dag.py:3036} INFO - Sync 1 DAGs
[2025-11-10T00:57:43.408+0000] {logging_mixin.py:188} INFO - [2025-11-10T00:57:43.408+0000] {dag.py:3823} INFO - Setting next_dagrun for example_dag_decorator to None, run_after=None
[2025-11-10T00:57:43.440+0000] {processor.py:183} INFO - Processing /home/airflow/.local/lib/python3.8/site-packages/airflow/example_dags/example_dag_decorator.py took 0.364 seconds
[2025-11-10T00:58:13.611+0000] {processor.py:161} INFO - Started process (PID=1861) to work on /home/airflow/.local/lib/python3.8/site-packages/airflow/example_dags/example_dag_decorator.py
[2025-11-10T00:58:13.613+0000] {processor.py:830} INFO - Processing file /home/airflow/.local/lib/python3.8/site-packages/airflow/example_dags/example_dag_decorator.py for tasks to queue
[2025-11-10T00:58:13.615+0000] {logging_mixin.py:188} INFO - [2025-11-10T00:58:13.614+0000] {dagbag.py:538} INFO - Filling up the DagBag from /home/airflow/.local/lib/python3.8/site-packages/airflow/example_dags/example_dag_decorator.py
[2025-11-10T00:58:13.743+0000] {processor.py:840} INFO - DAG(s) 'example_dag_decorator' retrieved from /home/airflow/.local/lib/python3.8/site-packages/airflow/example_dags/example_dag_decorator.py
[2025-11-10T00:58:13.779+0000] {logging_mixin.py:188} INFO - [2025-11-10T00:58:13.777+0000] {dag.py:3036} INFO - Sync 1 DAGs
[2025-11-10T00:58:13.797+0000] {logging_mixin.py:188} INFO - [2025-11-10T00:58:13.797+0000] {dag.py:3823} INFO - Setting next_dagrun for example_dag_decorator to None, run_after=None
[2025-11-10T00:58:13.821+0000] {processor.py:183} INFO - Processing /home/airflow/.local/lib/python3.8/site-packages/airflow/example_dags/example_dag_decorator.py took 0.215 seconds
[2025-11-10T00:58:43.859+0000] {processor.py:161} INFO - Started process (PID=1973) to work on /home/airflow/.local/lib/python3.8/site-packages/airflow/example_dags/example_dag_decorator.py
[2025-11-10T00:58:43.860+0000] {processor.py:830} INFO - Processing file /home/airflow/.local/lib/python3.8/site-packages/airflow/example_dags/example_dag_decorator.py for tasks to queue
[2025-11-10T00:58:43.861+0000] {logging_mixin.py:188} INFO - [2025-11-10T00:58:43.861+0000] {dagbag.py:538} INFO - Filling up the DagBag from /home/airflow/.local/lib/python3.8/site-packages/airflow/example_dags/example_dag_decorator.py
[2025-11-10T00:58:43.994+0000] {processor.py:840} INFO - DAG(s) 'example_dag_decorator' retrieved from /home/airflow/.local/lib/python3.8/site-packages/airflow/example_dags/example_dag_decorator.py
[2025-11-10T00:58:44.153+0000] {logging_mixin.py:188} INFO - [2025-11-10T00:58:44.152+0000] {dag.py:3036} INFO - Sync 1 DAGs
[2025-11-10T00:58:44.167+0000] {logging_mixin.py:188} INFO - [2025-11-10T00:58:44.166+0000] {dag.py:3823} INFO - Setting next_dagrun for example_dag_decorator to None, run_after=None
[2025-11-10T00:58:44.194+0000] {processor.py:183} INFO - Processing /home/airflow/.local/lib/python3.8/site-packages/airflow/example_dags/example_dag_decorator.py took 0.340 seconds
[2025-11-10T00:59:14.292+0000] {processor.py:161} INFO - Started process (PID=2070) to work on /home/airflow/.local/lib/python3.8/site-packages/airflow/example_dags/example_dag_decorator.py
[2025-11-10T00:59:14.293+0000] {processor.py:830} INFO - Processing file /home/airflow/.local/lib/python3.8/site-packages/airflow/example_dags/example_dag_decorator.py for tasks to queue
[2025-11-10T00:59:14.295+0000] {logging_mixin.py:188} INFO - [2025-11-10T00:59:14.294+0000] {dagbag.py:538} INFO - Filling up the DagBag from /home/airflow/.local/lib/python3.8/site-packages/airflow/example_dags/example_dag_decorator.py
[2025-11-10T00:59:14.420+0000] {processor.py:840} INFO - DAG(s) 'example_dag_decorator' retrieved from /home/airflow/.local/lib/python3.8/site-packages/airflow/example_dags/example_dag_decorator.py
[2025-11-10T00:59:14.574+0000] {logging_mixin.py:188} INFO - [2025-11-10T00:59:14.574+0000] {dag.py:3036} INFO - Sync 1 DAGs
[2025-11-10T00:59:14.588+0000] {logging_mixin.py:188} INFO - [2025-11-10T00:59:14.588+0000] {dag.py:3823} INFO - Setting next_dagrun for example_dag_decorator to None, run_after=None
[2025-11-10T00:59:14.617+0000] {processor.py:183} INFO - Processing /home/airflow/.local/lib/python3.8/site-packages/airflow/example_dags/example_dag_decorator.py took 0.328 seconds
[2025-11-10T00:59:45.413+0000] {processor.py:161} INFO - Started process (PID=2166) to work on /home/airflow/.local/lib/python3.8/site-packages/airflow/example_dags/example_dag_decorator.py
[2025-11-10T00:59:45.414+0000] {processor.py:830} INFO - Processing file /home/airflow/.local/lib/python3.8/site-packages/airflow/example_dags/example_dag_decorator.py for tasks to queue
[2025-11-10T00:59:45.416+0000] {logging_mixin.py:188} INFO - [2025-11-10T00:59:45.415+0000] {dagbag.py:538} INFO - Filling up the DagBag from /home/airflow/.local/lib/python3.8/site-packages/airflow/example_dags/example_dag_decorator.py
[2025-11-10T00:59:45.529+0000] {processor.py:840} INFO - DAG(s) 'example_dag_decorator' retrieved from /home/airflow/.local/lib/python3.8/site-packages/airflow/example_dags/example_dag_decorator.py
[2025-11-10T00:59:45.819+0000] {logging_mixin.py:188} INFO - [2025-11-10T00:59:45.819+0000] {dag.py:3036} INFO - Sync 1 DAGs
[2025-11-10T00:59:45.840+0000] {logging_mixin.py:188} INFO - [2025-11-10T00:59:45.840+0000] {dag.py:3823} INFO - Setting next_dagrun for example_dag_decorator to None, run_after=None
[2025-11-10T00:59:45.880+0000] {processor.py:183} INFO - Processing /home/airflow/.local/lib/python3.8/site-packages/airflow/example_dags/example_dag_decorator.py took 0.471 seconds
[2025-11-10T01:00:15.937+0000] {processor.py:161} INFO - Started process (PID=2266) to work on /home/airflow/.local/lib/python3.8/site-packages/airflow/example_dags/example_dag_decorator.py
[2025-11-10T01:00:15.939+0000] {processor.py:830} INFO - Processing file /home/airflow/.local/lib/python3.8/site-packages/airflow/example_dags/example_dag_decorator.py for tasks to queue
[2025-11-10T01:00:15.940+0000] {logging_mixin.py:188} INFO - [2025-11-10T01:00:15.940+0000] {dagbag.py:538} INFO - Filling up the DagBag from /home/airflow/.local/lib/python3.8/site-packages/airflow/example_dags/example_dag_decorator.py
[2025-11-10T01:00:16.060+0000] {processor.py:840} INFO - DAG(s) 'example_dag_decorator' retrieved from /home/airflow/.local/lib/python3.8/site-packages/airflow/example_dags/example_dag_decorator.py
[2025-11-10T01:00:16.258+0000] {logging_mixin.py:188} INFO - [2025-11-10T01:00:16.257+0000] {dag.py:3036} INFO - Sync 1 DAGs
[2025-11-10T01:00:16.277+0000] {logging_mixin.py:188} INFO - [2025-11-10T01:00:16.276+0000] {dag.py:3823} INFO - Setting next_dagrun for example_dag_decorator to None, run_after=None
[2025-11-10T01:00:16.307+0000] {processor.py:183} INFO - Processing /home/airflow/.local/lib/python3.8/site-packages/airflow/example_dags/example_dag_decorator.py took 0.373 seconds
[2025-11-10T01:00:46.480+0000] {processor.py:161} INFO - Started process (PID=2370) to work on /home/airflow/.local/lib/python3.8/site-packages/airflow/example_dags/example_dag_decorator.py
[2025-11-10T01:00:46.482+0000] {processor.py:830} INFO - Processing file /home/airflow/.local/lib/python3.8/site-packages/airflow/example_dags/example_dag_decorator.py for tasks to queue
[2025-11-10T01:00:46.484+0000] {logging_mixin.py:188} INFO - [2025-11-10T01:00:46.483+0000] {dagbag.py:538} INFO - Filling up the DagBag from /home/airflow/.local/lib/python3.8/site-packages/airflow/example_dags/example_dag_decorator.py
[2025-11-10T01:00:46.628+0000] {processor.py:840} INFO - DAG(s) 'example_dag_decorator' retrieved from /home/airflow/.local/lib/python3.8/site-packages/airflow/example_dags/example_dag_decorator.py
[2025-11-10T01:00:46.671+0000] {logging_mixin.py:188} INFO - [2025-11-10T01:00:46.671+0000] {dag.py:3036} INFO - Sync 1 DAGs
[2025-11-10T01:00:46.691+0000] {logging_mixin.py:188} INFO - [2025-11-10T01:00:46.691+0000] {dag.py:3823} INFO - Setting next_dagrun for example_dag_decorator to None, run_after=None
[2025-11-10T01:00:46.729+0000] {processor.py:183} INFO - Processing /home/airflow/.local/lib/python3.8/site-packages/airflow/example_dags/example_dag_decorator.py took 0.253 seconds
[2025-11-10T01:01:16.939+0000] {processor.py:161} INFO - Started process (PID=2465) to work on /home/airflow/.local/lib/python3.8/site-packages/airflow/example_dags/example_dag_decorator.py
[2025-11-10T01:01:16.941+0000] {processor.py:830} INFO - Processing file /home/airflow/.local/lib/python3.8/site-packages/airflow/example_dags/example_dag_decorator.py for tasks to queue
[2025-11-10T01:01:16.942+0000] {logging_mixin.py:188} INFO - [2025-11-10T01:01:16.942+0000] {dagbag.py:538} INFO - Filling up the DagBag from /home/airflow/.local/lib/python3.8/site-packages/airflow/example_dags/example_dag_decorator.py
[2025-11-10T01:01:17.082+0000] {processor.py:840} INFO - DAG(s) 'example_dag_decorator' retrieved from /home/airflow/.local/lib/python3.8/site-packages/airflow/example_dags/example_dag_decorator.py
[2025-11-10T01:01:17.275+0000] {logging_mixin.py:188} INFO - [2025-11-10T01:01:17.275+0000] {dag.py:3036} INFO - Sync 1 DAGs
[2025-11-10T01:01:17.293+0000] {logging_mixin.py:188} INFO - [2025-11-10T01:01:17.292+0000] {dag.py:3823} INFO - Setting next_dagrun for example_dag_decorator to None, run_after=None
[2025-11-10T01:01:17.331+0000] {processor.py:183} INFO - Processing /home/airflow/.local/lib/python3.8/site-packages/airflow/example_dags/example_dag_decorator.py took 0.396 seconds
[2025-11-10T01:01:47.460+0000] {processor.py:161} INFO - Started process (PID=2579) to work on /home/airflow/.local/lib/python3.8/site-packages/airflow/example_dags/example_dag_decorator.py
[2025-11-10T01:01:47.463+0000] {processor.py:830} INFO - Processing file /home/airflow/.local/lib/python3.8/site-packages/airflow/example_dags/example_dag_decorator.py for tasks to queue
[2025-11-10T01:01:47.466+0000] {logging_mixin.py:188} INFO - [2025-11-10T01:01:47.465+0000] {dagbag.py:538} INFO - Filling up the DagBag from /home/airflow/.local/lib/python3.8/site-packages/airflow/example_dags/example_dag_decorator.py
[2025-11-10T01:01:47.662+0000] {processor.py:840} INFO - DAG(s) 'example_dag_decorator' retrieved from /home/airflow/.local/lib/python3.8/site-packages/airflow/example_dags/example_dag_decorator.py
[2025-11-10T01:01:47.830+0000] {logging_mixin.py:188} INFO - [2025-11-10T01:01:47.829+0000] {dag.py:3036} INFO - Sync 1 DAGs
[2025-11-10T01:01:47.847+0000] {logging_mixin.py:188} INFO - [2025-11-10T01:01:47.846+0000] {dag.py:3823} INFO - Setting next_dagrun for example_dag_decorator to None, run_after=None
[2025-11-10T01:01:47.881+0000] {processor.py:183} INFO - Processing /home/airflow/.local/lib/python3.8/site-packages/airflow/example_dags/example_dag_decorator.py took 0.426 seconds
[2025-11-10T01:02:18.269+0000] {processor.py:161} INFO - Started process (PID=2674) to work on /home/airflow/.local/lib/python3.8/site-packages/airflow/example_dags/example_dag_decorator.py
[2025-11-10T01:02:18.270+0000] {processor.py:830} INFO - Processing file /home/airflow/.local/lib/python3.8/site-packages/airflow/example_dags/example_dag_decorator.py for tasks to queue
[2025-11-10T01:02:18.271+0000] {logging_mixin.py:188} INFO - [2025-11-10T01:02:18.271+0000] {dagbag.py:538} INFO - Filling up the DagBag from /home/airflow/.local/lib/python3.8/site-packages/airflow/example_dags/example_dag_decorator.py
[2025-11-10T01:02:18.441+0000] {processor.py:840} INFO - DAG(s) 'example_dag_decorator' retrieved from /home/airflow/.local/lib/python3.8/site-packages/airflow/example_dags/example_dag_decorator.py
[2025-11-10T01:02:18.617+0000] {logging_mixin.py:188} INFO - [2025-11-10T01:02:18.616+0000] {dag.py:3036} INFO - Sync 1 DAGs
[2025-11-10T01:02:18.646+0000] {logging_mixin.py:188} INFO - [2025-11-10T01:02:18.645+0000] {dag.py:3823} INFO - Setting next_dagrun for example_dag_decorator to None, run_after=None
[2025-11-10T01:02:18.689+0000] {processor.py:183} INFO - Processing /home/airflow/.local/lib/python3.8/site-packages/airflow/example_dags/example_dag_decorator.py took 0.426 seconds
[2025-11-10T01:02:48.761+0000] {processor.py:161} INFO - Started process (PID=2771) to work on /home/airflow/.local/lib/python3.8/site-packages/airflow/example_dags/example_dag_decorator.py
[2025-11-10T01:02:48.761+0000] {processor.py:830} INFO - Processing file /home/airflow/.local/lib/python3.8/site-packages/airflow/example_dags/example_dag_decorator.py for tasks to queue
[2025-11-10T01:02:48.763+0000] {logging_mixin.py:188} INFO - [2025-11-10T01:02:48.762+0000] {dagbag.py:538} INFO - Filling up the DagBag from /home/airflow/.local/lib/python3.8/site-packages/airflow/example_dags/example_dag_decorator.py
[2025-11-10T01:02:48.881+0000] {processor.py:840} INFO - DAG(s) 'example_dag_decorator' retrieved from /home/airflow/.local/lib/python3.8/site-packages/airflow/example_dags/example_dag_decorator.py
[2025-11-10T01:02:48.913+0000] {logging_mixin.py:188} INFO - [2025-11-10T01:02:48.913+0000] {dag.py:3036} INFO - Sync 1 DAGs
[2025-11-10T01:02:48.931+0000] {logging_mixin.py:188} INFO - [2025-11-10T01:02:48.930+0000] {dag.py:3823} INFO - Setting next_dagrun for example_dag_decorator to None, run_after=None
[2025-11-10T01:02:48.955+0000] {processor.py:183} INFO - Processing /home/airflow/.local/lib/python3.8/site-packages/airflow/example_dags/example_dag_decorator.py took 0.199 seconds
[2025-11-10T01:03:19.082+0000] {processor.py:161} INFO - Started process (PID=2869) to work on /home/airflow/.local/lib/python3.8/site-packages/airflow/example_dags/example_dag_decorator.py
[2025-11-10T01:03:19.085+0000] {processor.py:830} INFO - Processing file /home/airflow/.local/lib/python3.8/site-packages/airflow/example_dags/example_dag_decorator.py for tasks to queue
[2025-11-10T01:03:19.088+0000] {logging_mixin.py:188} INFO - [2025-11-10T01:03:19.087+0000] {dagbag.py:538} INFO - Filling up the DagBag from /home/airflow/.local/lib/python3.8/site-packages/airflow/example_dags/example_dag_decorator.py
[2025-11-10T01:03:19.222+0000] {processor.py:840} INFO - DAG(s) 'example_dag_decorator' retrieved from /home/airflow/.local/lib/python3.8/site-packages/airflow/example_dags/example_dag_decorator.py
[2025-11-10T01:03:19.380+0000] {logging_mixin.py:188} INFO - [2025-11-10T01:03:19.379+0000] {dag.py:3036} INFO - Sync 1 DAGs
[2025-11-10T01:03:19.393+0000] {logging_mixin.py:188} INFO - [2025-11-10T01:03:19.393+0000] {dag.py:3823} INFO - Setting next_dagrun for example_dag_decorator to None, run_after=None
[2025-11-10T01:03:19.423+0000] {processor.py:183} INFO - Processing /home/airflow/.local/lib/python3.8/site-packages/airflow/example_dags/example_dag_decorator.py took 0.346 seconds
[2025-11-10T01:03:49.905+0000] {processor.py:161} INFO - Started process (PID=2973) to work on /home/airflow/.local/lib/python3.8/site-packages/airflow/example_dags/example_dag_decorator.py
[2025-11-10T01:03:49.906+0000] {processor.py:830} INFO - Processing file /home/airflow/.local/lib/python3.8/site-packages/airflow/example_dags/example_dag_decorator.py for tasks to queue
[2025-11-10T01:03:49.907+0000] {logging_mixin.py:188} INFO - [2025-11-10T01:03:49.907+0000] {dagbag.py:538} INFO - Filling up the DagBag from /home/airflow/.local/lib/python3.8/site-packages/airflow/example_dags/example_dag_decorator.py
[2025-11-10T01:03:50.036+0000] {processor.py:840} INFO - DAG(s) 'example_dag_decorator' retrieved from /home/airflow/.local/lib/python3.8/site-packages/airflow/example_dags/example_dag_decorator.py
[2025-11-10T01:03:50.206+0000] {logging_mixin.py:188} INFO - [2025-11-10T01:03:50.205+0000] {dag.py:3036} INFO - Sync 1 DAGs
[2025-11-10T01:03:50.237+0000] {logging_mixin.py:188} INFO - [2025-11-10T01:03:50.237+0000] {dag.py:3823} INFO - Setting next_dagrun for example_dag_decorator to None, run_after=None
[2025-11-10T01:03:50.275+0000] {processor.py:183} INFO - Processing /home/airflow/.local/lib/python3.8/site-packages/airflow/example_dags/example_dag_decorator.py took 0.374 seconds
[2025-11-10T01:04:20.393+0000] {processor.py:161} INFO - Started process (PID=3086) to work on /home/airflow/.local/lib/python3.8/site-packages/airflow/example_dags/example_dag_decorator.py
[2025-11-10T01:04:20.394+0000] {processor.py:830} INFO - Processing file /home/airflow/.local/lib/python3.8/site-packages/airflow/example_dags/example_dag_decorator.py for tasks to queue
[2025-11-10T01:04:20.396+0000] {logging_mixin.py:188} INFO - [2025-11-10T01:04:20.395+0000] {dagbag.py:538} INFO - Filling up the DagBag from /home/airflow/.local/lib/python3.8/site-packages/airflow/example_dags/example_dag_decorator.py
[2025-11-10T01:04:20.511+0000] {processor.py:840} INFO - DAG(s) 'example_dag_decorator' retrieved from /home/airflow/.local/lib/python3.8/site-packages/airflow/example_dags/example_dag_decorator.py
[2025-11-10T01:04:20.547+0000] {logging_mixin.py:188} INFO - [2025-11-10T01:04:20.546+0000] {dag.py:3036} INFO - Sync 1 DAGs
[2025-11-10T01:04:20.561+0000] {logging_mixin.py:188} INFO - [2025-11-10T01:04:20.561+0000] {dag.py:3823} INFO - Setting next_dagrun for example_dag_decorator to None, run_after=None
[2025-11-10T01:04:20.585+0000] {processor.py:183} INFO - Processing /home/airflow/.local/lib/python3.8/site-packages/airflow/example_dags/example_dag_decorator.py took 0.197 seconds
[2025-11-10T01:04:50.666+0000] {processor.py:161} INFO - Started process (PID=3183) to work on /home/airflow/.local/lib/python3.8/site-packages/airflow/example_dags/example_dag_decorator.py
[2025-11-10T01:04:50.667+0000] {processor.py:830} INFO - Processing file /home/airflow/.local/lib/python3.8/site-packages/airflow/example_dags/example_dag_decorator.py for tasks to queue
[2025-11-10T01:04:50.669+0000] {logging_mixin.py:188} INFO - [2025-11-10T01:04:50.668+0000] {dagbag.py:538} INFO - Filling up the DagBag from /home/airflow/.local/lib/python3.8/site-packages/airflow/example_dags/example_dag_decorator.py
[2025-11-10T01:04:50.786+0000] {processor.py:840} INFO - DAG(s) 'example_dag_decorator' retrieved from /home/airflow/.local/lib/python3.8/site-packages/airflow/example_dags/example_dag_decorator.py
[2025-11-10T01:04:50.822+0000] {logging_mixin.py:188} INFO - [2025-11-10T01:04:50.821+0000] {dag.py:3036} INFO - Sync 1 DAGs
[2025-11-10T01:04:50.837+0000] {logging_mixin.py:188} INFO - [2025-11-10T01:04:50.837+0000] {dag.py:3823} INFO - Setting next_dagrun for example_dag_decorator to None, run_after=None
[2025-11-10T01:04:50.860+0000] {processor.py:183} INFO - Processing /home/airflow/.local/lib/python3.8/site-packages/airflow/example_dags/example_dag_decorator.py took 0.199 seconds
[2025-11-10T01:05:20.941+0000] {processor.py:161} INFO - Started process (PID=3281) to work on /home/airflow/.local/lib/python3.8/site-packages/airflow/example_dags/example_dag_decorator.py
[2025-11-10T01:05:20.942+0000] {processor.py:830} INFO - Processing file /home/airflow/.local/lib/python3.8/site-packages/airflow/example_dags/example_dag_decorator.py for tasks to queue
[2025-11-10T01:05:20.944+0000] {logging_mixin.py:188} INFO - [2025-11-10T01:05:20.943+0000] {dagbag.py:538} INFO - Filling up the DagBag from /home/airflow/.local/lib/python3.8/site-packages/airflow/example_dags/example_dag_decorator.py
[2025-11-10T01:05:21.059+0000] {processor.py:840} INFO - DAG(s) 'example_dag_decorator' retrieved from /home/airflow/.local/lib/python3.8/site-packages/airflow/example_dags/example_dag_decorator.py
[2025-11-10T01:05:21.188+0000] {logging_mixin.py:188} INFO - [2025-11-10T01:05:21.188+0000] {dag.py:3036} INFO - Sync 1 DAGs
[2025-11-10T01:05:21.199+0000] {logging_mixin.py:188} INFO - [2025-11-10T01:05:21.199+0000] {dag.py:3823} INFO - Setting next_dagrun for example_dag_decorator to None, run_after=None
[2025-11-10T01:05:21.220+0000] {processor.py:183} INFO - Processing /home/airflow/.local/lib/python3.8/site-packages/airflow/example_dags/example_dag_decorator.py took 0.282 seconds
[2025-11-10T01:05:51.392+0000] {processor.py:161} INFO - Started process (PID=3379) to work on /home/airflow/.local/lib/python3.8/site-packages/airflow/example_dags/example_dag_decorator.py
[2025-11-10T01:05:51.393+0000] {processor.py:830} INFO - Processing file /home/airflow/.local/lib/python3.8/site-packages/airflow/example_dags/example_dag_decorator.py for tasks to queue
[2025-11-10T01:05:51.395+0000] {logging_mixin.py:188} INFO - [2025-11-10T01:05:51.394+0000] {dagbag.py:538} INFO - Filling up the DagBag from /home/airflow/.local/lib/python3.8/site-packages/airflow/example_dags/example_dag_decorator.py
[2025-11-10T01:05:51.506+0000] {processor.py:840} INFO - DAG(s) 'example_dag_decorator' retrieved from /home/airflow/.local/lib/python3.8/site-packages/airflow/example_dags/example_dag_decorator.py
[2025-11-10T01:05:51.836+0000] {logging_mixin.py:188} INFO - [2025-11-10T01:05:51.835+0000] {dag.py:3036} INFO - Sync 1 DAGs
[2025-11-10T01:05:51.849+0000] {logging_mixin.py:188} INFO - [2025-11-10T01:05:51.849+0000] {dag.py:3823} INFO - Setting next_dagrun for example_dag_decorator to None, run_after=None
[2025-11-10T01:05:51.872+0000] {processor.py:183} INFO - Processing /home/airflow/.local/lib/python3.8/site-packages/airflow/example_dags/example_dag_decorator.py took 0.484 seconds
[2025-11-10T01:06:22.213+0000] {processor.py:161} INFO - Started process (PID=3501) to work on /home/airflow/.local/lib/python3.8/site-packages/airflow/example_dags/example_dag_decorator.py
[2025-11-10T01:06:22.214+0000] {processor.py:830} INFO - Processing file /home/airflow/.local/lib/python3.8/site-packages/airflow/example_dags/example_dag_decorator.py for tasks to queue
[2025-11-10T01:06:22.217+0000] {logging_mixin.py:188} INFO - [2025-11-10T01:06:22.216+0000] {dagbag.py:538} INFO - Filling up the DagBag from /home/airflow/.local/lib/python3.8/site-packages/airflow/example_dags/example_dag_decorator.py
[2025-11-10T01:06:22.520+0000] {processor.py:840} INFO - DAG(s) 'example_dag_decorator' retrieved from /home/airflow/.local/lib/python3.8/site-packages/airflow/example_dags/example_dag_decorator.py
[2025-11-10T01:06:22.662+0000] {logging_mixin.py:188} INFO - [2025-11-10T01:06:22.661+0000] {dag.py:3036} INFO - Sync 1 DAGs
[2025-11-10T01:06:22.673+0000] {logging_mixin.py:188} INFO - [2025-11-10T01:06:22.673+0000] {dag.py:3823} INFO - Setting next_dagrun for example_dag_decorator to None, run_after=None
[2025-11-10T01:06:22.700+0000] {processor.py:183} INFO - Processing /home/airflow/.local/lib/python3.8/site-packages/airflow/example_dags/example_dag_decorator.py took 0.490 seconds
[2025-11-10T01:06:53.552+0000] {processor.py:161} INFO - Started process (PID=3598) to work on /home/airflow/.local/lib/python3.8/site-packages/airflow/example_dags/example_dag_decorator.py
[2025-11-10T01:06:53.553+0000] {processor.py:830} INFO - Processing file /home/airflow/.local/lib/python3.8/site-packages/airflow/example_dags/example_dag_decorator.py for tasks to queue
[2025-11-10T01:06:53.554+0000] {logging_mixin.py:188} INFO - [2025-11-10T01:06:53.554+0000] {dagbag.py:538} INFO - Filling up the DagBag from /home/airflow/.local/lib/python3.8/site-packages/airflow/example_dags/example_dag_decorator.py
[2025-11-10T01:06:53.667+0000] {processor.py:840} INFO - DAG(s) 'example_dag_decorator' retrieved from /home/airflow/.local/lib/python3.8/site-packages/airflow/example_dags/example_dag_decorator.py
[2025-11-10T01:06:53.784+0000] {logging_mixin.py:188} INFO - [2025-11-10T01:06:53.784+0000] {dag.py:3036} INFO - Sync 1 DAGs
[2025-11-10T01:06:53.797+0000] {logging_mixin.py:188} INFO - [2025-11-10T01:06:53.797+0000] {dag.py:3823} INFO - Setting next_dagrun for example_dag_decorator to None, run_after=None
[2025-11-10T01:06:53.820+0000] {processor.py:183} INFO - Processing /home/airflow/.local/lib/python3.8/site-packages/airflow/example_dags/example_dag_decorator.py took 0.272 seconds
