[2025-11-10T00:49:24.448+0000] {processor.py:161} INFO - Started process (PID=135) to work on /home/airflow/.local/lib/python3.8/site-packages/airflow/example_dags/example_dynamic_task_mapping.py
[2025-11-10T00:49:24.449+0000] {processor.py:830} INFO - Processing file /home/airflow/.local/lib/python3.8/site-packages/airflow/example_dags/example_dynamic_task_mapping.py for tasks to queue
[2025-11-10T00:49:24.451+0000] {logging_mixin.py:188} INFO - [2025-11-10T00:49:24.450+0000] {dagbag.py:538} INFO - Filling up the DagBag from /home/airflow/.local/lib/python3.8/site-packages/airflow/example_dags/example_dynamic_task_mapping.py
[2025-11-10T00:49:24.475+0000] {processor.py:840} INFO - DAG(s) 'example_dynamic_task_mapping' retrieved from /home/airflow/.local/lib/python3.8/site-packages/airflow/example_dags/example_dynamic_task_mapping.py
[2025-11-10T00:49:24.828+0000] {logging_mixin.py:188} INFO - [2025-11-10T00:49:24.827+0000] {override.py:1769} INFO - Created Permission View: can delete on DAG:example_dynamic_task_mapping
[2025-11-10T00:49:24.848+0000] {logging_mixin.py:188} INFO - [2025-11-10T00:49:24.848+0000] {override.py:1769} INFO - Created Permission View: can read on DAG:example_dynamic_task_mapping
[2025-11-10T00:49:24.860+0000] {logging_mixin.py:188} INFO - [2025-11-10T00:49:24.860+0000] {override.py:1769} INFO - Created Permission View: can edit on DAG:example_dynamic_task_mapping
[2025-11-10T00:49:24.861+0000] {logging_mixin.py:188} INFO - [2025-11-10T00:49:24.861+0000] {dag.py:3036} INFO - Sync 1 DAGs
[2025-11-10T00:49:24.877+0000] {logging_mixin.py:188} INFO - [2025-11-10T00:49:24.876+0000] {dag.py:3058} INFO - Creating ORM DAG for example_dynamic_task_mapping
[2025-11-10T00:49:24.894+0000] {logging_mixin.py:188} INFO - [2025-11-10T00:49:24.894+0000] {dag.py:3823} INFO - Setting next_dagrun for example_dynamic_task_mapping to 2022-03-04 00:00:00+00:00, run_after=2022-03-05 00:00:00+00:00
[2025-11-10T00:49:24.922+0000] {processor.py:183} INFO - Processing /home/airflow/.local/lib/python3.8/site-packages/airflow/example_dags/example_dynamic_task_mapping.py took 0.479 seconds
[2025-11-10T00:49:55.077+0000] {processor.py:161} INFO - Started process (PID=233) to work on /home/airflow/.local/lib/python3.8/site-packages/airflow/example_dags/example_dynamic_task_mapping.py
[2025-11-10T00:49:55.079+0000] {processor.py:830} INFO - Processing file /home/airflow/.local/lib/python3.8/site-packages/airflow/example_dags/example_dynamic_task_mapping.py for tasks to queue
[2025-11-10T00:49:55.081+0000] {logging_mixin.py:188} INFO - [2025-11-10T00:49:55.081+0000] {dagbag.py:538} INFO - Filling up the DagBag from /home/airflow/.local/lib/python3.8/site-packages/airflow/example_dags/example_dynamic_task_mapping.py
[2025-11-10T00:49:55.096+0000] {processor.py:840} INFO - DAG(s) 'example_dynamic_task_mapping' retrieved from /home/airflow/.local/lib/python3.8/site-packages/airflow/example_dags/example_dynamic_task_mapping.py
[2025-11-10T00:49:55.136+0000] {logging_mixin.py:188} INFO - [2025-11-10T00:49:55.136+0000] {dag.py:3036} INFO - Sync 1 DAGs
[2025-11-10T00:49:55.179+0000] {logging_mixin.py:188} INFO - [2025-11-10T00:49:55.178+0000] {dag.py:3823} INFO - Setting next_dagrun for example_dynamic_task_mapping to 2022-03-04 00:00:00+00:00, run_after=2022-03-05 00:00:00+00:00
[2025-11-10T00:49:55.211+0000] {processor.py:183} INFO - Processing /home/airflow/.local/lib/python3.8/site-packages/airflow/example_dags/example_dynamic_task_mapping.py took 0.139 seconds
[2025-11-10T00:50:25.378+0000] {processor.py:161} INFO - Started process (PID=338) to work on /home/airflow/.local/lib/python3.8/site-packages/airflow/example_dags/example_dynamic_task_mapping.py
[2025-11-10T00:50:25.379+0000] {processor.py:830} INFO - Processing file /home/airflow/.local/lib/python3.8/site-packages/airflow/example_dags/example_dynamic_task_mapping.py for tasks to queue
[2025-11-10T00:50:25.382+0000] {logging_mixin.py:188} INFO - [2025-11-10T00:50:25.381+0000] {dagbag.py:538} INFO - Filling up the DagBag from /home/airflow/.local/lib/python3.8/site-packages/airflow/example_dags/example_dynamic_task_mapping.py
[2025-11-10T00:50:25.400+0000] {processor.py:840} INFO - DAG(s) 'example_dynamic_task_mapping' retrieved from /home/airflow/.local/lib/python3.8/site-packages/airflow/example_dags/example_dynamic_task_mapping.py
[2025-11-10T00:50:25.451+0000] {logging_mixin.py:188} INFO - [2025-11-10T00:50:25.451+0000] {dag.py:3036} INFO - Sync 1 DAGs
[2025-11-10T00:50:25.504+0000] {logging_mixin.py:188} INFO - [2025-11-10T00:50:25.503+0000] {dag.py:3823} INFO - Setting next_dagrun for example_dynamic_task_mapping to 2022-03-04 00:00:00+00:00, run_after=2022-03-05 00:00:00+00:00
[2025-11-10T00:50:25.555+0000] {processor.py:183} INFO - Processing /home/airflow/.local/lib/python3.8/site-packages/airflow/example_dags/example_dynamic_task_mapping.py took 0.185 seconds
[2025-11-10T00:50:56.002+0000] {processor.py:161} INFO - Started process (PID=450) to work on /home/airflow/.local/lib/python3.8/site-packages/airflow/example_dags/example_dynamic_task_mapping.py
[2025-11-10T00:50:56.005+0000] {processor.py:830} INFO - Processing file /home/airflow/.local/lib/python3.8/site-packages/airflow/example_dags/example_dynamic_task_mapping.py for tasks to queue
[2025-11-10T00:50:56.008+0000] {logging_mixin.py:188} INFO - [2025-11-10T00:50:56.007+0000] {dagbag.py:538} INFO - Filling up the DagBag from /home/airflow/.local/lib/python3.8/site-packages/airflow/example_dags/example_dynamic_task_mapping.py
[2025-11-10T00:50:56.032+0000] {processor.py:840} INFO - DAG(s) 'example_dynamic_task_mapping' retrieved from /home/airflow/.local/lib/python3.8/site-packages/airflow/example_dags/example_dynamic_task_mapping.py
[2025-11-10T00:50:56.079+0000] {logging_mixin.py:188} INFO - [2025-11-10T00:50:56.078+0000] {dag.py:3036} INFO - Sync 1 DAGs
[2025-11-10T00:50:56.123+0000] {logging_mixin.py:188} INFO - [2025-11-10T00:50:56.122+0000] {dag.py:3823} INFO - Setting next_dagrun for example_dynamic_task_mapping to 2022-03-04 00:00:00+00:00, run_after=2022-03-05 00:00:00+00:00
[2025-11-10T00:50:56.161+0000] {processor.py:183} INFO - Processing /home/airflow/.local/lib/python3.8/site-packages/airflow/example_dags/example_dynamic_task_mapping.py took 0.168 seconds
[2025-11-10T00:51:26.357+0000] {processor.py:161} INFO - Started process (PID=547) to work on /home/airflow/.local/lib/python3.8/site-packages/airflow/example_dags/example_dynamic_task_mapping.py
[2025-11-10T00:51:26.358+0000] {processor.py:830} INFO - Processing file /home/airflow/.local/lib/python3.8/site-packages/airflow/example_dags/example_dynamic_task_mapping.py for tasks to queue
[2025-11-10T00:51:26.360+0000] {logging_mixin.py:188} INFO - [2025-11-10T00:51:26.359+0000] {dagbag.py:538} INFO - Filling up the DagBag from /home/airflow/.local/lib/python3.8/site-packages/airflow/example_dags/example_dynamic_task_mapping.py
[2025-11-10T00:51:26.371+0000] {processor.py:840} INFO - DAG(s) 'example_dynamic_task_mapping' retrieved from /home/airflow/.local/lib/python3.8/site-packages/airflow/example_dags/example_dynamic_task_mapping.py
[2025-11-10T00:51:26.406+0000] {logging_mixin.py:188} INFO - [2025-11-10T00:51:26.404+0000] {dag.py:3036} INFO - Sync 1 DAGs
[2025-11-10T00:51:26.436+0000] {logging_mixin.py:188} INFO - [2025-11-10T00:51:26.435+0000] {dag.py:3823} INFO - Setting next_dagrun for example_dynamic_task_mapping to 2022-03-04 00:00:00+00:00, run_after=2022-03-05 00:00:00+00:00
[2025-11-10T00:51:26.469+0000] {processor.py:183} INFO - Processing /home/airflow/.local/lib/python3.8/site-packages/airflow/example_dags/example_dynamic_task_mapping.py took 0.116 seconds
[2025-11-10T00:51:56.757+0000] {processor.py:161} INFO - Started process (PID=644) to work on /home/airflow/.local/lib/python3.8/site-packages/airflow/example_dags/example_dynamic_task_mapping.py
[2025-11-10T00:51:56.759+0000] {processor.py:830} INFO - Processing file /home/airflow/.local/lib/python3.8/site-packages/airflow/example_dags/example_dynamic_task_mapping.py for tasks to queue
[2025-11-10T00:51:56.762+0000] {logging_mixin.py:188} INFO - [2025-11-10T00:51:56.762+0000] {dagbag.py:538} INFO - Filling up the DagBag from /home/airflow/.local/lib/python3.8/site-packages/airflow/example_dags/example_dynamic_task_mapping.py
[2025-11-10T00:51:56.773+0000] {processor.py:840} INFO - DAG(s) 'example_dynamic_task_mapping' retrieved from /home/airflow/.local/lib/python3.8/site-packages/airflow/example_dags/example_dynamic_task_mapping.py
[2025-11-10T00:51:56.811+0000] {logging_mixin.py:188} INFO - [2025-11-10T00:51:56.810+0000] {dag.py:3036} INFO - Sync 1 DAGs
[2025-11-10T00:51:56.846+0000] {logging_mixin.py:188} INFO - [2025-11-10T00:51:56.846+0000] {dag.py:3823} INFO - Setting next_dagrun for example_dynamic_task_mapping to 2022-03-04 00:00:00+00:00, run_after=2022-03-05 00:00:00+00:00
[2025-11-10T00:51:56.886+0000] {processor.py:183} INFO - Processing /home/airflow/.local/lib/python3.8/site-packages/airflow/example_dags/example_dynamic_task_mapping.py took 0.132 seconds
[2025-11-10T00:52:27.083+0000] {processor.py:161} INFO - Started process (PID=741) to work on /home/airflow/.local/lib/python3.8/site-packages/airflow/example_dags/example_dynamic_task_mapping.py
[2025-11-10T00:52:27.085+0000] {processor.py:830} INFO - Processing file /home/airflow/.local/lib/python3.8/site-packages/airflow/example_dags/example_dynamic_task_mapping.py for tasks to queue
[2025-11-10T00:52:27.086+0000] {logging_mixin.py:188} INFO - [2025-11-10T00:52:27.086+0000] {dagbag.py:538} INFO - Filling up the DagBag from /home/airflow/.local/lib/python3.8/site-packages/airflow/example_dags/example_dynamic_task_mapping.py
[2025-11-10T00:52:27.096+0000] {processor.py:840} INFO - DAG(s) 'example_dynamic_task_mapping' retrieved from /home/airflow/.local/lib/python3.8/site-packages/airflow/example_dags/example_dynamic_task_mapping.py
[2025-11-10T00:52:27.135+0000] {logging_mixin.py:188} INFO - [2025-11-10T00:52:27.135+0000] {dag.py:3036} INFO - Sync 1 DAGs
[2025-11-10T00:52:27.172+0000] {logging_mixin.py:188} INFO - [2025-11-10T00:52:27.171+0000] {dag.py:3823} INFO - Setting next_dagrun for example_dynamic_task_mapping to 2022-03-04 00:00:00+00:00, run_after=2022-03-05 00:00:00+00:00
[2025-11-10T00:52:27.208+0000] {processor.py:183} INFO - Processing /home/airflow/.local/lib/python3.8/site-packages/airflow/example_dags/example_dynamic_task_mapping.py took 0.130 seconds
[2025-11-10T00:52:57.374+0000] {processor.py:161} INFO - Started process (PID=838) to work on /home/airflow/.local/lib/python3.8/site-packages/airflow/example_dags/example_dynamic_task_mapping.py
[2025-11-10T00:52:57.375+0000] {processor.py:830} INFO - Processing file /home/airflow/.local/lib/python3.8/site-packages/airflow/example_dags/example_dynamic_task_mapping.py for tasks to queue
[2025-11-10T00:52:57.377+0000] {logging_mixin.py:188} INFO - [2025-11-10T00:52:57.376+0000] {dagbag.py:538} INFO - Filling up the DagBag from /home/airflow/.local/lib/python3.8/site-packages/airflow/example_dags/example_dynamic_task_mapping.py
[2025-11-10T00:52:57.389+0000] {processor.py:840} INFO - DAG(s) 'example_dynamic_task_mapping' retrieved from /home/airflow/.local/lib/python3.8/site-packages/airflow/example_dags/example_dynamic_task_mapping.py
[2025-11-10T00:52:57.428+0000] {logging_mixin.py:188} INFO - [2025-11-10T00:52:57.427+0000] {dag.py:3036} INFO - Sync 1 DAGs
[2025-11-10T00:52:57.463+0000] {logging_mixin.py:188} INFO - [2025-11-10T00:52:57.462+0000] {dag.py:3823} INFO - Setting next_dagrun for example_dynamic_task_mapping to 2022-03-04 00:00:00+00:00, run_after=2022-03-05 00:00:00+00:00
[2025-11-10T00:52:57.498+0000] {processor.py:183} INFO - Processing /home/airflow/.local/lib/python3.8/site-packages/airflow/example_dags/example_dynamic_task_mapping.py took 0.128 seconds
[2025-11-10T00:53:27.889+0000] {processor.py:161} INFO - Started process (PID=935) to work on /home/airflow/.local/lib/python3.8/site-packages/airflow/example_dags/example_dynamic_task_mapping.py
[2025-11-10T00:53:27.891+0000] {processor.py:830} INFO - Processing file /home/airflow/.local/lib/python3.8/site-packages/airflow/example_dags/example_dynamic_task_mapping.py for tasks to queue
[2025-11-10T00:53:27.894+0000] {logging_mixin.py:188} INFO - [2025-11-10T00:53:27.893+0000] {dagbag.py:538} INFO - Filling up the DagBag from /home/airflow/.local/lib/python3.8/site-packages/airflow/example_dags/example_dynamic_task_mapping.py
[2025-11-10T00:53:27.907+0000] {processor.py:840} INFO - DAG(s) 'example_dynamic_task_mapping' retrieved from /home/airflow/.local/lib/python3.8/site-packages/airflow/example_dags/example_dynamic_task_mapping.py
[2025-11-10T00:53:27.942+0000] {logging_mixin.py:188} INFO - [2025-11-10T00:53:27.941+0000] {dag.py:3036} INFO - Sync 1 DAGs
[2025-11-10T00:53:27.980+0000] {logging_mixin.py:188} INFO - [2025-11-10T00:53:27.980+0000] {dag.py:3823} INFO - Setting next_dagrun for example_dynamic_task_mapping to 2022-03-04 00:00:00+00:00, run_after=2022-03-05 00:00:00+00:00
[2025-11-10T00:53:28.019+0000] {processor.py:183} INFO - Processing /home/airflow/.local/lib/python3.8/site-packages/airflow/example_dags/example_dynamic_task_mapping.py took 0.136 seconds
[2025-11-10T00:53:58.521+0000] {processor.py:161} INFO - Started process (PID=1033) to work on /home/airflow/.local/lib/python3.8/site-packages/airflow/example_dags/example_dynamic_task_mapping.py
[2025-11-10T00:53:58.522+0000] {processor.py:830} INFO - Processing file /home/airflow/.local/lib/python3.8/site-packages/airflow/example_dags/example_dynamic_task_mapping.py for tasks to queue
[2025-11-10T00:53:58.523+0000] {logging_mixin.py:188} INFO - [2025-11-10T00:53:58.523+0000] {dagbag.py:538} INFO - Filling up the DagBag from /home/airflow/.local/lib/python3.8/site-packages/airflow/example_dags/example_dynamic_task_mapping.py
[2025-11-10T00:53:58.535+0000] {processor.py:840} INFO - DAG(s) 'example_dynamic_task_mapping' retrieved from /home/airflow/.local/lib/python3.8/site-packages/airflow/example_dags/example_dynamic_task_mapping.py
[2025-11-10T00:53:58.576+0000] {logging_mixin.py:188} INFO - [2025-11-10T00:53:58.576+0000] {dag.py:3036} INFO - Sync 1 DAGs
[2025-11-10T00:53:58.610+0000] {logging_mixin.py:188} INFO - [2025-11-10T00:53:58.609+0000] {dag.py:3823} INFO - Setting next_dagrun for example_dynamic_task_mapping to 2022-03-04 00:00:00+00:00, run_after=2022-03-05 00:00:00+00:00
[2025-11-10T00:53:58.649+0000] {processor.py:183} INFO - Processing /home/airflow/.local/lib/python3.8/site-packages/airflow/example_dags/example_dynamic_task_mapping.py took 0.133 seconds
[2025-11-10T00:54:28.855+0000] {processor.py:161} INFO - Started process (PID=1130) to work on /home/airflow/.local/lib/python3.8/site-packages/airflow/example_dags/example_dynamic_task_mapping.py
[2025-11-10T00:54:28.856+0000] {processor.py:830} INFO - Processing file /home/airflow/.local/lib/python3.8/site-packages/airflow/example_dags/example_dynamic_task_mapping.py for tasks to queue
[2025-11-10T00:54:28.857+0000] {logging_mixin.py:188} INFO - [2025-11-10T00:54:28.857+0000] {dagbag.py:538} INFO - Filling up the DagBag from /home/airflow/.local/lib/python3.8/site-packages/airflow/example_dags/example_dynamic_task_mapping.py
[2025-11-10T00:54:28.867+0000] {processor.py:840} INFO - DAG(s) 'example_dynamic_task_mapping' retrieved from /home/airflow/.local/lib/python3.8/site-packages/airflow/example_dags/example_dynamic_task_mapping.py
[2025-11-10T00:54:28.905+0000] {logging_mixin.py:188} INFO - [2025-11-10T00:54:28.905+0000] {dag.py:3036} INFO - Sync 1 DAGs
[2025-11-10T00:54:28.939+0000] {logging_mixin.py:188} INFO - [2025-11-10T00:54:28.939+0000] {dag.py:3823} INFO - Setting next_dagrun for example_dynamic_task_mapping to 2022-03-04 00:00:00+00:00, run_after=2022-03-05 00:00:00+00:00
[2025-11-10T00:54:28.962+0000] {processor.py:183} INFO - Processing /home/airflow/.local/lib/python3.8/site-packages/airflow/example_dags/example_dynamic_task_mapping.py took 0.112 seconds
[2025-11-10T00:54:59.562+0000] {processor.py:161} INFO - Started process (PID=1235) to work on /home/airflow/.local/lib/python3.8/site-packages/airflow/example_dags/example_dynamic_task_mapping.py
[2025-11-10T00:54:59.563+0000] {processor.py:830} INFO - Processing file /home/airflow/.local/lib/python3.8/site-packages/airflow/example_dags/example_dynamic_task_mapping.py for tasks to queue
[2025-11-10T00:54:59.567+0000] {logging_mixin.py:188} INFO - [2025-11-10T00:54:59.566+0000] {dagbag.py:538} INFO - Filling up the DagBag from /home/airflow/.local/lib/python3.8/site-packages/airflow/example_dags/example_dynamic_task_mapping.py
[2025-11-10T00:54:59.591+0000] {processor.py:840} INFO - DAG(s) 'example_dynamic_task_mapping' retrieved from /home/airflow/.local/lib/python3.8/site-packages/airflow/example_dags/example_dynamic_task_mapping.py
[2025-11-10T00:54:59.646+0000] {logging_mixin.py:188} INFO - [2025-11-10T00:54:59.645+0000] {dag.py:3036} INFO - Sync 1 DAGs
[2025-11-10T00:54:59.707+0000] {logging_mixin.py:188} INFO - [2025-11-10T00:54:59.706+0000] {dag.py:3823} INFO - Setting next_dagrun for example_dynamic_task_mapping to 2022-03-04 00:00:00+00:00, run_after=2022-03-05 00:00:00+00:00
[2025-11-10T00:54:59.755+0000] {processor.py:183} INFO - Processing /home/airflow/.local/lib/python3.8/site-packages/airflow/example_dags/example_dynamic_task_mapping.py took 0.207 seconds
[2025-11-10T00:55:30.141+0000] {processor.py:161} INFO - Started process (PID=1332) to work on /home/airflow/.local/lib/python3.8/site-packages/airflow/example_dags/example_dynamic_task_mapping.py
[2025-11-10T00:55:30.142+0000] {processor.py:830} INFO - Processing file /home/airflow/.local/lib/python3.8/site-packages/airflow/example_dags/example_dynamic_task_mapping.py for tasks to queue
[2025-11-10T00:55:30.144+0000] {logging_mixin.py:188} INFO - [2025-11-10T00:55:30.143+0000] {dagbag.py:538} INFO - Filling up the DagBag from /home/airflow/.local/lib/python3.8/site-packages/airflow/example_dags/example_dynamic_task_mapping.py
[2025-11-10T00:55:30.155+0000] {processor.py:840} INFO - DAG(s) 'example_dynamic_task_mapping' retrieved from /home/airflow/.local/lib/python3.8/site-packages/airflow/example_dags/example_dynamic_task_mapping.py
[2025-11-10T00:55:30.195+0000] {logging_mixin.py:188} INFO - [2025-11-10T00:55:30.194+0000] {dag.py:3036} INFO - Sync 1 DAGs
[2025-11-10T00:55:30.241+0000] {logging_mixin.py:188} INFO - [2025-11-10T00:55:30.240+0000] {dag.py:3823} INFO - Setting next_dagrun for example_dynamic_task_mapping to 2022-03-04 00:00:00+00:00, run_after=2022-03-05 00:00:00+00:00
[2025-11-10T00:55:30.308+0000] {processor.py:183} INFO - Processing /home/airflow/.local/lib/python3.8/site-packages/airflow/example_dags/example_dynamic_task_mapping.py took 0.171 seconds
[2025-11-10T00:56:00.904+0000] {processor.py:161} INFO - Started process (PID=1429) to work on /home/airflow/.local/lib/python3.8/site-packages/airflow/example_dags/example_dynamic_task_mapping.py
[2025-11-10T00:56:00.910+0000] {processor.py:830} INFO - Processing file /home/airflow/.local/lib/python3.8/site-packages/airflow/example_dags/example_dynamic_task_mapping.py for tasks to queue
[2025-11-10T00:56:00.915+0000] {logging_mixin.py:188} INFO - [2025-11-10T00:56:00.915+0000] {dagbag.py:538} INFO - Filling up the DagBag from /home/airflow/.local/lib/python3.8/site-packages/airflow/example_dags/example_dynamic_task_mapping.py
[2025-11-10T00:56:00.939+0000] {processor.py:840} INFO - DAG(s) 'example_dynamic_task_mapping' retrieved from /home/airflow/.local/lib/python3.8/site-packages/airflow/example_dags/example_dynamic_task_mapping.py
[2025-11-10T00:56:00.984+0000] {logging_mixin.py:188} INFO - [2025-11-10T00:56:00.984+0000] {dag.py:3036} INFO - Sync 1 DAGs
[2025-11-10T00:56:01.024+0000] {logging_mixin.py:188} INFO - [2025-11-10T00:56:01.024+0000] {dag.py:3823} INFO - Setting next_dagrun for example_dynamic_task_mapping to 2022-03-04 00:00:00+00:00, run_after=2022-03-05 00:00:00+00:00
[2025-11-10T00:56:01.065+0000] {processor.py:183} INFO - Processing /home/airflow/.local/lib/python3.8/site-packages/airflow/example_dags/example_dynamic_task_mapping.py took 0.167 seconds
[2025-11-10T00:56:31.736+0000] {processor.py:161} INFO - Started process (PID=1526) to work on /home/airflow/.local/lib/python3.8/site-packages/airflow/example_dags/example_dynamic_task_mapping.py
[2025-11-10T00:56:31.738+0000] {processor.py:830} INFO - Processing file /home/airflow/.local/lib/python3.8/site-packages/airflow/example_dags/example_dynamic_task_mapping.py for tasks to queue
[2025-11-10T00:56:31.741+0000] {logging_mixin.py:188} INFO - [2025-11-10T00:56:31.741+0000] {dagbag.py:538} INFO - Filling up the DagBag from /home/airflow/.local/lib/python3.8/site-packages/airflow/example_dags/example_dynamic_task_mapping.py
[2025-11-10T00:56:31.758+0000] {processor.py:840} INFO - DAG(s) 'example_dynamic_task_mapping' retrieved from /home/airflow/.local/lib/python3.8/site-packages/airflow/example_dags/example_dynamic_task_mapping.py
[2025-11-10T00:56:31.807+0000] {logging_mixin.py:188} INFO - [2025-11-10T00:56:31.806+0000] {dag.py:3036} INFO - Sync 1 DAGs
[2025-11-10T00:56:31.894+0000] {logging_mixin.py:188} INFO - [2025-11-10T00:56:31.894+0000] {dag.py:3823} INFO - Setting next_dagrun for example_dynamic_task_mapping to 2022-03-04 00:00:00+00:00, run_after=2022-03-05 00:00:00+00:00
[2025-11-10T00:56:31.935+0000] {processor.py:183} INFO - Processing /home/airflow/.local/lib/python3.8/site-packages/airflow/example_dags/example_dynamic_task_mapping.py took 0.206 seconds
[2025-11-10T00:57:02.071+0000] {processor.py:161} INFO - Started process (PID=1623) to work on /home/airflow/.local/lib/python3.8/site-packages/airflow/example_dags/example_dynamic_task_mapping.py
[2025-11-10T00:57:02.072+0000] {processor.py:830} INFO - Processing file /home/airflow/.local/lib/python3.8/site-packages/airflow/example_dags/example_dynamic_task_mapping.py for tasks to queue
[2025-11-10T00:57:02.073+0000] {logging_mixin.py:188} INFO - [2025-11-10T00:57:02.073+0000] {dagbag.py:538} INFO - Filling up the DagBag from /home/airflow/.local/lib/python3.8/site-packages/airflow/example_dags/example_dynamic_task_mapping.py
[2025-11-10T00:57:02.086+0000] {processor.py:840} INFO - DAG(s) 'example_dynamic_task_mapping' retrieved from /home/airflow/.local/lib/python3.8/site-packages/airflow/example_dags/example_dynamic_task_mapping.py
[2025-11-10T00:57:02.122+0000] {logging_mixin.py:188} INFO - [2025-11-10T00:57:02.121+0000] {dag.py:3036} INFO - Sync 1 DAGs
[2025-11-10T00:57:02.174+0000] {logging_mixin.py:188} INFO - [2025-11-10T00:57:02.173+0000] {dag.py:3823} INFO - Setting next_dagrun for example_dynamic_task_mapping to 2022-03-04 00:00:00+00:00, run_after=2022-03-05 00:00:00+00:00
[2025-11-10T00:57:02.246+0000] {processor.py:183} INFO - Processing /home/airflow/.local/lib/python3.8/site-packages/airflow/example_dags/example_dynamic_task_mapping.py took 0.181 seconds
[2025-11-10T00:57:32.723+0000] {processor.py:161} INFO - Started process (PID=1735) to work on /home/airflow/.local/lib/python3.8/site-packages/airflow/example_dags/example_dynamic_task_mapping.py
[2025-11-10T00:57:32.724+0000] {processor.py:830} INFO - Processing file /home/airflow/.local/lib/python3.8/site-packages/airflow/example_dags/example_dynamic_task_mapping.py for tasks to queue
[2025-11-10T00:57:32.727+0000] {logging_mixin.py:188} INFO - [2025-11-10T00:57:32.726+0000] {dagbag.py:538} INFO - Filling up the DagBag from /home/airflow/.local/lib/python3.8/site-packages/airflow/example_dags/example_dynamic_task_mapping.py
[2025-11-10T00:57:32.737+0000] {processor.py:840} INFO - DAG(s) 'example_dynamic_task_mapping' retrieved from /home/airflow/.local/lib/python3.8/site-packages/airflow/example_dags/example_dynamic_task_mapping.py
[2025-11-10T00:57:32.774+0000] {logging_mixin.py:188} INFO - [2025-11-10T00:57:32.773+0000] {dag.py:3036} INFO - Sync 1 DAGs
[2025-11-10T00:57:32.808+0000] {logging_mixin.py:188} INFO - [2025-11-10T00:57:32.808+0000] {dag.py:3823} INFO - Setting next_dagrun for example_dynamic_task_mapping to 2022-03-04 00:00:00+00:00, run_after=2022-03-05 00:00:00+00:00
[2025-11-10T00:57:32.843+0000] {processor.py:183} INFO - Processing /home/airflow/.local/lib/python3.8/site-packages/airflow/example_dags/example_dynamic_task_mapping.py took 0.125 seconds
[2025-11-10T00:58:03.036+0000] {processor.py:161} INFO - Started process (PID=1832) to work on /home/airflow/.local/lib/python3.8/site-packages/airflow/example_dags/example_dynamic_task_mapping.py
[2025-11-10T00:58:03.037+0000] {processor.py:830} INFO - Processing file /home/airflow/.local/lib/python3.8/site-packages/airflow/example_dags/example_dynamic_task_mapping.py for tasks to queue
[2025-11-10T00:58:03.039+0000] {logging_mixin.py:188} INFO - [2025-11-10T00:58:03.038+0000] {dagbag.py:538} INFO - Filling up the DagBag from /home/airflow/.local/lib/python3.8/site-packages/airflow/example_dags/example_dynamic_task_mapping.py
[2025-11-10T00:58:03.054+0000] {processor.py:840} INFO - DAG(s) 'example_dynamic_task_mapping' retrieved from /home/airflow/.local/lib/python3.8/site-packages/airflow/example_dags/example_dynamic_task_mapping.py
[2025-11-10T00:58:03.086+0000] {logging_mixin.py:188} INFO - [2025-11-10T00:58:03.086+0000] {dag.py:3036} INFO - Sync 1 DAGs
[2025-11-10T00:58:03.118+0000] {logging_mixin.py:188} INFO - [2025-11-10T00:58:03.117+0000] {dag.py:3823} INFO - Setting next_dagrun for example_dynamic_task_mapping to 2022-03-04 00:00:00+00:00, run_after=2022-03-05 00:00:00+00:00
[2025-11-10T00:58:03.150+0000] {processor.py:183} INFO - Processing /home/airflow/.local/lib/python3.8/site-packages/airflow/example_dags/example_dynamic_task_mapping.py took 0.116 seconds
[2025-11-10T00:58:33.361+0000] {processor.py:161} INFO - Started process (PID=1929) to work on /home/airflow/.local/lib/python3.8/site-packages/airflow/example_dags/example_dynamic_task_mapping.py
[2025-11-10T00:58:33.362+0000] {processor.py:830} INFO - Processing file /home/airflow/.local/lib/python3.8/site-packages/airflow/example_dags/example_dynamic_task_mapping.py for tasks to queue
[2025-11-10T00:58:33.364+0000] {logging_mixin.py:188} INFO - [2025-11-10T00:58:33.363+0000] {dagbag.py:538} INFO - Filling up the DagBag from /home/airflow/.local/lib/python3.8/site-packages/airflow/example_dags/example_dynamic_task_mapping.py
[2025-11-10T00:58:33.378+0000] {processor.py:840} INFO - DAG(s) 'example_dynamic_task_mapping' retrieved from /home/airflow/.local/lib/python3.8/site-packages/airflow/example_dags/example_dynamic_task_mapping.py
[2025-11-10T00:58:33.410+0000] {logging_mixin.py:188} INFO - [2025-11-10T00:58:33.410+0000] {dag.py:3036} INFO - Sync 1 DAGs
[2025-11-10T00:58:33.443+0000] {logging_mixin.py:188} INFO - [2025-11-10T00:58:33.443+0000] {dag.py:3823} INFO - Setting next_dagrun for example_dynamic_task_mapping to 2022-03-04 00:00:00+00:00, run_after=2022-03-05 00:00:00+00:00
[2025-11-10T00:58:33.469+0000] {processor.py:183} INFO - Processing /home/airflow/.local/lib/python3.8/site-packages/airflow/example_dags/example_dynamic_task_mapping.py took 0.114 seconds
[2025-11-10T00:59:03.643+0000] {processor.py:161} INFO - Started process (PID=2026) to work on /home/airflow/.local/lib/python3.8/site-packages/airflow/example_dags/example_dynamic_task_mapping.py
[2025-11-10T00:59:03.645+0000] {processor.py:830} INFO - Processing file /home/airflow/.local/lib/python3.8/site-packages/airflow/example_dags/example_dynamic_task_mapping.py for tasks to queue
[2025-11-10T00:59:03.647+0000] {logging_mixin.py:188} INFO - [2025-11-10T00:59:03.646+0000] {dagbag.py:538} INFO - Filling up the DagBag from /home/airflow/.local/lib/python3.8/site-packages/airflow/example_dags/example_dynamic_task_mapping.py
[2025-11-10T00:59:03.656+0000] {processor.py:840} INFO - DAG(s) 'example_dynamic_task_mapping' retrieved from /home/airflow/.local/lib/python3.8/site-packages/airflow/example_dags/example_dynamic_task_mapping.py
[2025-11-10T00:59:03.683+0000] {logging_mixin.py:188} INFO - [2025-11-10T00:59:03.682+0000] {dag.py:3036} INFO - Sync 1 DAGs
[2025-11-10T00:59:03.708+0000] {logging_mixin.py:188} INFO - [2025-11-10T00:59:03.707+0000] {dag.py:3823} INFO - Setting next_dagrun for example_dynamic_task_mapping to 2022-03-04 00:00:00+00:00, run_after=2022-03-05 00:00:00+00:00
[2025-11-10T00:59:03.732+0000] {processor.py:183} INFO - Processing /home/airflow/.local/lib/python3.8/site-packages/airflow/example_dags/example_dynamic_task_mapping.py took 0.093 seconds
[2025-11-10T00:59:34.724+0000] {processor.py:161} INFO - Started process (PID=2123) to work on /home/airflow/.local/lib/python3.8/site-packages/airflow/example_dags/example_dynamic_task_mapping.py
[2025-11-10T00:59:34.725+0000] {processor.py:830} INFO - Processing file /home/airflow/.local/lib/python3.8/site-packages/airflow/example_dags/example_dynamic_task_mapping.py for tasks to queue
[2025-11-10T00:59:34.728+0000] {logging_mixin.py:188} INFO - [2025-11-10T00:59:34.727+0000] {dagbag.py:538} INFO - Filling up the DagBag from /home/airflow/.local/lib/python3.8/site-packages/airflow/example_dags/example_dynamic_task_mapping.py
[2025-11-10T00:59:34.738+0000] {processor.py:840} INFO - DAG(s) 'example_dynamic_task_mapping' retrieved from /home/airflow/.local/lib/python3.8/site-packages/airflow/example_dags/example_dynamic_task_mapping.py
[2025-11-10T00:59:34.766+0000] {logging_mixin.py:188} INFO - [2025-11-10T00:59:34.766+0000] {dag.py:3036} INFO - Sync 1 DAGs
[2025-11-10T00:59:34.791+0000] {logging_mixin.py:188} INFO - [2025-11-10T00:59:34.791+0000] {dag.py:3823} INFO - Setting next_dagrun for example_dynamic_task_mapping to 2022-03-04 00:00:00+00:00, run_after=2022-03-05 00:00:00+00:00
[2025-11-10T00:59:34.814+0000] {processor.py:183} INFO - Processing /home/airflow/.local/lib/python3.8/site-packages/airflow/example_dags/example_dynamic_task_mapping.py took 0.095 seconds
[2025-11-10T01:00:05.098+0000] {processor.py:161} INFO - Started process (PID=2226) to work on /home/airflow/.local/lib/python3.8/site-packages/airflow/example_dags/example_dynamic_task_mapping.py
[2025-11-10T01:00:05.104+0000] {processor.py:830} INFO - Processing file /home/airflow/.local/lib/python3.8/site-packages/airflow/example_dags/example_dynamic_task_mapping.py for tasks to queue
[2025-11-10T01:00:05.106+0000] {logging_mixin.py:188} INFO - [2025-11-10T01:00:05.106+0000] {dagbag.py:538} INFO - Filling up the DagBag from /home/airflow/.local/lib/python3.8/site-packages/airflow/example_dags/example_dynamic_task_mapping.py
[2025-11-10T01:00:05.133+0000] {processor.py:840} INFO - DAG(s) 'example_dynamic_task_mapping' retrieved from /home/airflow/.local/lib/python3.8/site-packages/airflow/example_dags/example_dynamic_task_mapping.py
[2025-11-10T01:00:05.195+0000] {logging_mixin.py:188} INFO - [2025-11-10T01:00:05.195+0000] {dag.py:3036} INFO - Sync 1 DAGs
[2025-11-10T01:00:05.225+0000] {logging_mixin.py:188} INFO - [2025-11-10T01:00:05.225+0000] {dag.py:3823} INFO - Setting next_dagrun for example_dynamic_task_mapping to 2022-03-04 00:00:00+00:00, run_after=2022-03-05 00:00:00+00:00
[2025-11-10T01:00:05.252+0000] {processor.py:183} INFO - Processing /home/airflow/.local/lib/python3.8/site-packages/airflow/example_dags/example_dynamic_task_mapping.py took 0.159 seconds
[2025-11-10T01:00:35.363+0000] {processor.py:161} INFO - Started process (PID=2339) to work on /home/airflow/.local/lib/python3.8/site-packages/airflow/example_dags/example_dynamic_task_mapping.py
[2025-11-10T01:00:35.365+0000] {processor.py:830} INFO - Processing file /home/airflow/.local/lib/python3.8/site-packages/airflow/example_dags/example_dynamic_task_mapping.py for tasks to queue
[2025-11-10T01:00:35.367+0000] {logging_mixin.py:188} INFO - [2025-11-10T01:00:35.366+0000] {dagbag.py:538} INFO - Filling up the DagBag from /home/airflow/.local/lib/python3.8/site-packages/airflow/example_dags/example_dynamic_task_mapping.py
[2025-11-10T01:00:35.376+0000] {processor.py:840} INFO - DAG(s) 'example_dynamic_task_mapping' retrieved from /home/airflow/.local/lib/python3.8/site-packages/airflow/example_dags/example_dynamic_task_mapping.py
[2025-11-10T01:00:35.410+0000] {logging_mixin.py:188} INFO - [2025-11-10T01:00:35.410+0000] {dag.py:3036} INFO - Sync 1 DAGs
[2025-11-10T01:00:35.442+0000] {logging_mixin.py:188} INFO - [2025-11-10T01:00:35.441+0000] {dag.py:3823} INFO - Setting next_dagrun for example_dynamic_task_mapping to 2022-03-04 00:00:00+00:00, run_after=2022-03-05 00:00:00+00:00
[2025-11-10T01:00:35.473+0000] {processor.py:183} INFO - Processing /home/airflow/.local/lib/python3.8/site-packages/airflow/example_dags/example_dynamic_task_mapping.py took 0.114 seconds
[2025-11-10T01:01:06.035+0000] {processor.py:161} INFO - Started process (PID=2436) to work on /home/airflow/.local/lib/python3.8/site-packages/airflow/example_dags/example_dynamic_task_mapping.py
[2025-11-10T01:01:06.036+0000] {processor.py:830} INFO - Processing file /home/airflow/.local/lib/python3.8/site-packages/airflow/example_dags/example_dynamic_task_mapping.py for tasks to queue
[2025-11-10T01:01:06.038+0000] {logging_mixin.py:188} INFO - [2025-11-10T01:01:06.037+0000] {dagbag.py:538} INFO - Filling up the DagBag from /home/airflow/.local/lib/python3.8/site-packages/airflow/example_dags/example_dynamic_task_mapping.py
[2025-11-10T01:01:06.048+0000] {processor.py:840} INFO - DAG(s) 'example_dynamic_task_mapping' retrieved from /home/airflow/.local/lib/python3.8/site-packages/airflow/example_dags/example_dynamic_task_mapping.py
[2025-11-10T01:01:06.077+0000] {logging_mixin.py:188} INFO - [2025-11-10T01:01:06.076+0000] {dag.py:3036} INFO - Sync 1 DAGs
[2025-11-10T01:01:06.112+0000] {logging_mixin.py:188} INFO - [2025-11-10T01:01:06.112+0000] {dag.py:3823} INFO - Setting next_dagrun for example_dynamic_task_mapping to 2022-03-04 00:00:00+00:00, run_after=2022-03-05 00:00:00+00:00
[2025-11-10T01:01:06.164+0000] {processor.py:183} INFO - Processing /home/airflow/.local/lib/python3.8/site-packages/airflow/example_dags/example_dynamic_task_mapping.py took 0.132 seconds
[2025-11-10T01:01:36.270+0000] {processor.py:161} INFO - Started process (PID=2533) to work on /home/airflow/.local/lib/python3.8/site-packages/airflow/example_dags/example_dynamic_task_mapping.py
[2025-11-10T01:01:36.271+0000] {processor.py:830} INFO - Processing file /home/airflow/.local/lib/python3.8/site-packages/airflow/example_dags/example_dynamic_task_mapping.py for tasks to queue
[2025-11-10T01:01:36.273+0000] {logging_mixin.py:188} INFO - [2025-11-10T01:01:36.272+0000] {dagbag.py:538} INFO - Filling up the DagBag from /home/airflow/.local/lib/python3.8/site-packages/airflow/example_dags/example_dynamic_task_mapping.py
[2025-11-10T01:01:36.286+0000] {processor.py:840} INFO - DAG(s) 'example_dynamic_task_mapping' retrieved from /home/airflow/.local/lib/python3.8/site-packages/airflow/example_dags/example_dynamic_task_mapping.py
[2025-11-10T01:01:36.341+0000] {logging_mixin.py:188} INFO - [2025-11-10T01:01:36.341+0000] {dag.py:3036} INFO - Sync 1 DAGs
[2025-11-10T01:01:36.390+0000] {logging_mixin.py:188} INFO - [2025-11-10T01:01:36.389+0000] {dag.py:3823} INFO - Setting next_dagrun for example_dynamic_task_mapping to 2022-03-04 00:00:00+00:00, run_after=2022-03-05 00:00:00+00:00
[2025-11-10T01:01:36.597+0000] {processor.py:183} INFO - Processing /home/airflow/.local/lib/python3.8/site-packages/airflow/example_dags/example_dynamic_task_mapping.py took 0.334 seconds
[2025-11-10T01:02:07.439+0000] {processor.py:161} INFO - Started process (PID=2630) to work on /home/airflow/.local/lib/python3.8/site-packages/airflow/example_dags/example_dynamic_task_mapping.py
[2025-11-10T01:02:07.441+0000] {processor.py:830} INFO - Processing file /home/airflow/.local/lib/python3.8/site-packages/airflow/example_dags/example_dynamic_task_mapping.py for tasks to queue
[2025-11-10T01:02:07.442+0000] {logging_mixin.py:188} INFO - [2025-11-10T01:02:07.442+0000] {dagbag.py:538} INFO - Filling up the DagBag from /home/airflow/.local/lib/python3.8/site-packages/airflow/example_dags/example_dynamic_task_mapping.py
[2025-11-10T01:02:07.451+0000] {processor.py:840} INFO - DAG(s) 'example_dynamic_task_mapping' retrieved from /home/airflow/.local/lib/python3.8/site-packages/airflow/example_dags/example_dynamic_task_mapping.py
[2025-11-10T01:02:07.480+0000] {logging_mixin.py:188} INFO - [2025-11-10T01:02:07.480+0000] {dag.py:3036} INFO - Sync 1 DAGs
[2025-11-10T01:02:07.513+0000] {logging_mixin.py:188} INFO - [2025-11-10T01:02:07.513+0000] {dag.py:3823} INFO - Setting next_dagrun for example_dynamic_task_mapping to 2022-03-04 00:00:00+00:00, run_after=2022-03-05 00:00:00+00:00
[2025-11-10T01:02:07.539+0000] {processor.py:183} INFO - Processing /home/airflow/.local/lib/python3.8/site-packages/airflow/example_dags/example_dynamic_task_mapping.py took 0.104 seconds
[2025-11-10T01:02:38.091+0000] {processor.py:161} INFO - Started process (PID=2727) to work on /home/airflow/.local/lib/python3.8/site-packages/airflow/example_dags/example_dynamic_task_mapping.py
[2025-11-10T01:02:38.092+0000] {processor.py:830} INFO - Processing file /home/airflow/.local/lib/python3.8/site-packages/airflow/example_dags/example_dynamic_task_mapping.py for tasks to queue
[2025-11-10T01:02:38.094+0000] {logging_mixin.py:188} INFO - [2025-11-10T01:02:38.093+0000] {dagbag.py:538} INFO - Filling up the DagBag from /home/airflow/.local/lib/python3.8/site-packages/airflow/example_dags/example_dynamic_task_mapping.py
[2025-11-10T01:02:38.102+0000] {processor.py:840} INFO - DAG(s) 'example_dynamic_task_mapping' retrieved from /home/airflow/.local/lib/python3.8/site-packages/airflow/example_dags/example_dynamic_task_mapping.py
[2025-11-10T01:02:38.131+0000] {logging_mixin.py:188} INFO - [2025-11-10T01:02:38.131+0000] {dag.py:3036} INFO - Sync 1 DAGs
[2025-11-10T01:02:38.159+0000] {logging_mixin.py:188} INFO - [2025-11-10T01:02:38.158+0000] {dag.py:3823} INFO - Setting next_dagrun for example_dynamic_task_mapping to 2022-03-04 00:00:00+00:00, run_after=2022-03-05 00:00:00+00:00
[2025-11-10T01:02:38.184+0000] {processor.py:183} INFO - Processing /home/airflow/.local/lib/python3.8/site-packages/airflow/example_dags/example_dynamic_task_mapping.py took 0.097 seconds
[2025-11-10T01:03:08.596+0000] {processor.py:161} INFO - Started process (PID=2847) to work on /home/airflow/.local/lib/python3.8/site-packages/airflow/example_dags/example_dynamic_task_mapping.py
[2025-11-10T01:03:08.597+0000] {processor.py:830} INFO - Processing file /home/airflow/.local/lib/python3.8/site-packages/airflow/example_dags/example_dynamic_task_mapping.py for tasks to queue
[2025-11-10T01:03:08.598+0000] {logging_mixin.py:188} INFO - [2025-11-10T01:03:08.598+0000] {dagbag.py:538} INFO - Filling up the DagBag from /home/airflow/.local/lib/python3.8/site-packages/airflow/example_dags/example_dynamic_task_mapping.py
[2025-11-10T01:03:08.608+0000] {processor.py:840} INFO - DAG(s) 'example_dynamic_task_mapping' retrieved from /home/airflow/.local/lib/python3.8/site-packages/airflow/example_dags/example_dynamic_task_mapping.py
[2025-11-10T01:03:08.640+0000] {logging_mixin.py:188} INFO - [2025-11-10T01:03:08.640+0000] {dag.py:3036} INFO - Sync 1 DAGs
[2025-11-10T01:03:08.677+0000] {logging_mixin.py:188} INFO - [2025-11-10T01:03:08.676+0000] {dag.py:3823} INFO - Setting next_dagrun for example_dynamic_task_mapping to 2022-03-04 00:00:00+00:00, run_after=2022-03-05 00:00:00+00:00
[2025-11-10T01:03:08.720+0000] {processor.py:183} INFO - Processing /home/airflow/.local/lib/python3.8/site-packages/airflow/example_dags/example_dynamic_task_mapping.py took 0.130 seconds
[2025-11-10T01:03:38.797+0000] {processor.py:161} INFO - Started process (PID=2942) to work on /home/airflow/.local/lib/python3.8/site-packages/airflow/example_dags/example_dynamic_task_mapping.py
[2025-11-10T01:03:38.798+0000] {processor.py:830} INFO - Processing file /home/airflow/.local/lib/python3.8/site-packages/airflow/example_dags/example_dynamic_task_mapping.py for tasks to queue
[2025-11-10T01:03:38.799+0000] {logging_mixin.py:188} INFO - [2025-11-10T01:03:38.799+0000] {dagbag.py:538} INFO - Filling up the DagBag from /home/airflow/.local/lib/python3.8/site-packages/airflow/example_dags/example_dynamic_task_mapping.py
[2025-11-10T01:03:38.811+0000] {processor.py:840} INFO - DAG(s) 'example_dynamic_task_mapping' retrieved from /home/airflow/.local/lib/python3.8/site-packages/airflow/example_dags/example_dynamic_task_mapping.py
[2025-11-10T01:03:38.845+0000] {logging_mixin.py:188} INFO - [2025-11-10T01:03:38.845+0000] {dag.py:3036} INFO - Sync 1 DAGs
[2025-11-10T01:03:38.881+0000] {logging_mixin.py:188} INFO - [2025-11-10T01:03:38.881+0000] {dag.py:3823} INFO - Setting next_dagrun for example_dynamic_task_mapping to 2022-03-04 00:00:00+00:00, run_after=2022-03-05 00:00:00+00:00
[2025-11-10T01:03:38.921+0000] {processor.py:183} INFO - Processing /home/airflow/.local/lib/python3.8/site-packages/airflow/example_dags/example_dynamic_task_mapping.py took 0.128 seconds
[2025-11-10T01:04:09.129+0000] {processor.py:161} INFO - Started process (PID=3039) to work on /home/airflow/.local/lib/python3.8/site-packages/airflow/example_dags/example_dynamic_task_mapping.py
[2025-11-10T01:04:09.134+0000] {processor.py:830} INFO - Processing file /home/airflow/.local/lib/python3.8/site-packages/airflow/example_dags/example_dynamic_task_mapping.py for tasks to queue
[2025-11-10T01:04:09.137+0000] {logging_mixin.py:188} INFO - [2025-11-10T01:04:09.136+0000] {dagbag.py:538} INFO - Filling up the DagBag from /home/airflow/.local/lib/python3.8/site-packages/airflow/example_dags/example_dynamic_task_mapping.py
[2025-11-10T01:04:09.154+0000] {processor.py:840} INFO - DAG(s) 'example_dynamic_task_mapping' retrieved from /home/airflow/.local/lib/python3.8/site-packages/airflow/example_dags/example_dynamic_task_mapping.py
[2025-11-10T01:04:09.195+0000] {logging_mixin.py:188} INFO - [2025-11-10T01:04:09.194+0000] {dag.py:3036} INFO - Sync 1 DAGs
[2025-11-10T01:04:09.223+0000] {logging_mixin.py:188} INFO - [2025-11-10T01:04:09.223+0000] {dag.py:3823} INFO - Setting next_dagrun for example_dynamic_task_mapping to 2022-03-04 00:00:00+00:00, run_after=2022-03-05 00:00:00+00:00
[2025-11-10T01:04:09.246+0000] {processor.py:183} INFO - Processing /home/airflow/.local/lib/python3.8/site-packages/airflow/example_dags/example_dynamic_task_mapping.py took 0.121 seconds
[2025-11-10T01:04:39.584+0000] {processor.py:161} INFO - Started process (PID=3136) to work on /home/airflow/.local/lib/python3.8/site-packages/airflow/example_dags/example_dynamic_task_mapping.py
[2025-11-10T01:04:39.585+0000] {processor.py:830} INFO - Processing file /home/airflow/.local/lib/python3.8/site-packages/airflow/example_dags/example_dynamic_task_mapping.py for tasks to queue
[2025-11-10T01:04:39.587+0000] {logging_mixin.py:188} INFO - [2025-11-10T01:04:39.586+0000] {dagbag.py:538} INFO - Filling up the DagBag from /home/airflow/.local/lib/python3.8/site-packages/airflow/example_dags/example_dynamic_task_mapping.py
[2025-11-10T01:04:39.598+0000] {processor.py:840} INFO - DAG(s) 'example_dynamic_task_mapping' retrieved from /home/airflow/.local/lib/python3.8/site-packages/airflow/example_dags/example_dynamic_task_mapping.py
[2025-11-10T01:04:39.627+0000] {logging_mixin.py:188} INFO - [2025-11-10T01:04:39.627+0000] {dag.py:3036} INFO - Sync 1 DAGs
[2025-11-10T01:04:39.661+0000] {logging_mixin.py:188} INFO - [2025-11-10T01:04:39.660+0000] {dag.py:3823} INFO - Setting next_dagrun for example_dynamic_task_mapping to 2022-03-04 00:00:00+00:00, run_after=2022-03-05 00:00:00+00:00
[2025-11-10T01:04:39.692+0000] {processor.py:183} INFO - Processing /home/airflow/.local/lib/python3.8/site-packages/airflow/example_dags/example_dynamic_task_mapping.py took 0.112 seconds
[2025-11-10T01:05:10.092+0000] {processor.py:161} INFO - Started process (PID=3233) to work on /home/airflow/.local/lib/python3.8/site-packages/airflow/example_dags/example_dynamic_task_mapping.py
[2025-11-10T01:05:10.095+0000] {processor.py:830} INFO - Processing file /home/airflow/.local/lib/python3.8/site-packages/airflow/example_dags/example_dynamic_task_mapping.py for tasks to queue
[2025-11-10T01:05:10.097+0000] {logging_mixin.py:188} INFO - [2025-11-10T01:05:10.096+0000] {dagbag.py:538} INFO - Filling up the DagBag from /home/airflow/.local/lib/python3.8/site-packages/airflow/example_dags/example_dynamic_task_mapping.py
[2025-11-10T01:05:10.111+0000] {processor.py:840} INFO - DAG(s) 'example_dynamic_task_mapping' retrieved from /home/airflow/.local/lib/python3.8/site-packages/airflow/example_dags/example_dynamic_task_mapping.py
[2025-11-10T01:05:10.146+0000] {logging_mixin.py:188} INFO - [2025-11-10T01:05:10.146+0000] {dag.py:3036} INFO - Sync 1 DAGs
[2025-11-10T01:05:10.170+0000] {logging_mixin.py:188} INFO - [2025-11-10T01:05:10.170+0000] {dag.py:3823} INFO - Setting next_dagrun for example_dynamic_task_mapping to 2022-03-04 00:00:00+00:00, run_after=2022-03-05 00:00:00+00:00
[2025-11-10T01:05:10.194+0000] {processor.py:183} INFO - Processing /home/airflow/.local/lib/python3.8/site-packages/airflow/example_dags/example_dynamic_task_mapping.py took 0.105 seconds
[2025-11-10T01:05:40.744+0000] {processor.py:161} INFO - Started process (PID=3338) to work on /home/airflow/.local/lib/python3.8/site-packages/airflow/example_dags/example_dynamic_task_mapping.py
[2025-11-10T01:05:40.748+0000] {processor.py:830} INFO - Processing file /home/airflow/.local/lib/python3.8/site-packages/airflow/example_dags/example_dynamic_task_mapping.py for tasks to queue
[2025-11-10T01:05:40.756+0000] {logging_mixin.py:188} INFO - [2025-11-10T01:05:40.751+0000] {dagbag.py:538} INFO - Filling up the DagBag from /home/airflow/.local/lib/python3.8/site-packages/airflow/example_dags/example_dynamic_task_mapping.py
[2025-11-10T01:05:40.792+0000] {processor.py:840} INFO - DAG(s) 'example_dynamic_task_mapping' retrieved from /home/airflow/.local/lib/python3.8/site-packages/airflow/example_dags/example_dynamic_task_mapping.py
[2025-11-10T01:05:40.829+0000] {logging_mixin.py:188} INFO - [2025-11-10T01:05:40.828+0000] {dag.py:3036} INFO - Sync 1 DAGs
[2025-11-10T01:05:40.862+0000] {logging_mixin.py:188} INFO - [2025-11-10T01:05:40.861+0000] {dag.py:3823} INFO - Setting next_dagrun for example_dynamic_task_mapping to 2022-03-04 00:00:00+00:00, run_after=2022-03-05 00:00:00+00:00
[2025-11-10T01:05:40.894+0000] {processor.py:183} INFO - Processing /home/airflow/.local/lib/python3.8/site-packages/airflow/example_dags/example_dynamic_task_mapping.py took 0.155 seconds
[2025-11-10T01:06:11.416+0000] {processor.py:161} INFO - Started process (PID=3449) to work on /home/airflow/.local/lib/python3.8/site-packages/airflow/example_dags/example_dynamic_task_mapping.py
[2025-11-10T01:06:11.417+0000] {processor.py:830} INFO - Processing file /home/airflow/.local/lib/python3.8/site-packages/airflow/example_dags/example_dynamic_task_mapping.py for tasks to queue
[2025-11-10T01:06:11.418+0000] {logging_mixin.py:188} INFO - [2025-11-10T01:06:11.418+0000] {dagbag.py:538} INFO - Filling up the DagBag from /home/airflow/.local/lib/python3.8/site-packages/airflow/example_dags/example_dynamic_task_mapping.py
[2025-11-10T01:06:11.428+0000] {processor.py:840} INFO - DAG(s) 'example_dynamic_task_mapping' retrieved from /home/airflow/.local/lib/python3.8/site-packages/airflow/example_dags/example_dynamic_task_mapping.py
[2025-11-10T01:06:11.459+0000] {logging_mixin.py:188} INFO - [2025-11-10T01:06:11.458+0000] {dag.py:3036} INFO - Sync 1 DAGs
[2025-11-10T01:06:11.493+0000] {logging_mixin.py:188} INFO - [2025-11-10T01:06:11.492+0000] {dag.py:3823} INFO - Setting next_dagrun for example_dynamic_task_mapping to 2022-03-04 00:00:00+00:00, run_after=2022-03-05 00:00:00+00:00
[2025-11-10T01:06:11.532+0000] {processor.py:183} INFO - Processing /home/airflow/.local/lib/python3.8/site-packages/airflow/example_dags/example_dynamic_task_mapping.py took 0.120 seconds
[2025-11-10T01:06:42.196+0000] {processor.py:161} INFO - Started process (PID=3546) to work on /home/airflow/.local/lib/python3.8/site-packages/airflow/example_dags/example_dynamic_task_mapping.py
[2025-11-10T01:06:42.197+0000] {processor.py:830} INFO - Processing file /home/airflow/.local/lib/python3.8/site-packages/airflow/example_dags/example_dynamic_task_mapping.py for tasks to queue
[2025-11-10T01:06:42.199+0000] {logging_mixin.py:188} INFO - [2025-11-10T01:06:42.199+0000] {dagbag.py:538} INFO - Filling up the DagBag from /home/airflow/.local/lib/python3.8/site-packages/airflow/example_dags/example_dynamic_task_mapping.py
[2025-11-10T01:06:42.208+0000] {processor.py:840} INFO - DAG(s) 'example_dynamic_task_mapping' retrieved from /home/airflow/.local/lib/python3.8/site-packages/airflow/example_dags/example_dynamic_task_mapping.py
[2025-11-10T01:06:42.239+0000] {logging_mixin.py:188} INFO - [2025-11-10T01:06:42.239+0000] {dag.py:3036} INFO - Sync 1 DAGs
[2025-11-10T01:06:42.268+0000] {logging_mixin.py:188} INFO - [2025-11-10T01:06:42.268+0000] {dag.py:3823} INFO - Setting next_dagrun for example_dynamic_task_mapping to 2022-03-04 00:00:00+00:00, run_after=2022-03-05 00:00:00+00:00
[2025-11-10T01:06:42.298+0000] {processor.py:183} INFO - Processing /home/airflow/.local/lib/python3.8/site-packages/airflow/example_dags/example_dynamic_task_mapping.py took 0.105 seconds
[2025-11-10T01:07:12.512+0000] {processor.py:161} INFO - Started process (PID=3643) to work on /home/airflow/.local/lib/python3.8/site-packages/airflow/example_dags/example_dynamic_task_mapping.py
[2025-11-10T01:07:12.513+0000] {processor.py:830} INFO - Processing file /home/airflow/.local/lib/python3.8/site-packages/airflow/example_dags/example_dynamic_task_mapping.py for tasks to queue
[2025-11-10T01:07:12.515+0000] {logging_mixin.py:188} INFO - [2025-11-10T01:07:12.514+0000] {dagbag.py:538} INFO - Filling up the DagBag from /home/airflow/.local/lib/python3.8/site-packages/airflow/example_dags/example_dynamic_task_mapping.py
[2025-11-10T01:07:12.522+0000] {processor.py:840} INFO - DAG(s) 'example_dynamic_task_mapping' retrieved from /home/airflow/.local/lib/python3.8/site-packages/airflow/example_dags/example_dynamic_task_mapping.py
[2025-11-10T01:07:12.552+0000] {logging_mixin.py:188} INFO - [2025-11-10T01:07:12.552+0000] {dag.py:3036} INFO - Sync 1 DAGs
[2025-11-10T01:07:12.597+0000] {logging_mixin.py:188} INFO - [2025-11-10T01:07:12.597+0000] {dag.py:3823} INFO - Setting next_dagrun for example_dynamic_task_mapping to 2022-03-04 00:00:00+00:00, run_after=2022-03-05 00:00:00+00:00
[2025-11-10T01:07:12.640+0000] {processor.py:183} INFO - Processing /home/airflow/.local/lib/python3.8/site-packages/airflow/example_dags/example_dynamic_task_mapping.py took 0.132 seconds
