[2025-11-10T00:49:33.734+0000] {processor.py:161} INFO - Started process (PID=196) to work on /home/airflow/.local/lib/python3.8/site-packages/airflow/example_dags/example_latest_only_with_trigger.py
[2025-11-10T00:49:33.735+0000] {processor.py:830} INFO - Processing file /home/airflow/.local/lib/python3.8/site-packages/airflow/example_dags/example_latest_only_with_trigger.py for tasks to queue
[2025-11-10T00:49:33.737+0000] {logging_mixin.py:188} INFO - [2025-11-10T00:49:33.736+0000] {dagbag.py:538} INFO - Filling up the DagBag from /home/airflow/.local/lib/python3.8/site-packages/airflow/example_dags/example_latest_only_with_trigger.py
[2025-11-10T00:49:33.749+0000] {processor.py:840} INFO - DAG(s) 'latest_only_with_trigger' retrieved from /home/airflow/.local/lib/python3.8/site-packages/airflow/example_dags/example_latest_only_with_trigger.py
[2025-11-10T00:49:33.915+0000] {logging_mixin.py:188} INFO - [2025-11-10T00:49:33.914+0000] {override.py:1769} INFO - Created Permission View: can delete on DAG:latest_only_with_trigger
[2025-11-10T00:49:33.934+0000] {logging_mixin.py:188} INFO - [2025-11-10T00:49:33.933+0000] {override.py:1769} INFO - Created Permission View: can read on DAG:latest_only_with_trigger
[2025-11-10T00:49:33.950+0000] {logging_mixin.py:188} INFO - [2025-11-10T00:49:33.950+0000] {override.py:1769} INFO - Created Permission View: can edit on DAG:latest_only_with_trigger
[2025-11-10T00:49:33.951+0000] {logging_mixin.py:188} INFO - [2025-11-10T00:49:33.951+0000] {dag.py:3036} INFO - Sync 1 DAGs
[2025-11-10T00:49:33.968+0000] {logging_mixin.py:188} INFO - [2025-11-10T00:49:33.968+0000] {dag.py:3058} INFO - Creating ORM DAG for latest_only_with_trigger
[2025-11-10T00:49:33.983+0000] {logging_mixin.py:188} INFO - [2025-11-10T00:49:33.983+0000] {dag.py:3823} INFO - Setting next_dagrun for latest_only_with_trigger to 2025-11-09 20:00:00+00:00, run_after=2025-11-10 00:00:00+00:00
[2025-11-10T00:49:34.012+0000] {processor.py:183} INFO - Processing /home/airflow/.local/lib/python3.8/site-packages/airflow/example_dags/example_latest_only_with_trigger.py took 0.282 seconds
[2025-11-10T00:50:04.709+0000] {processor.py:161} INFO - Started process (PID=293) to work on /home/airflow/.local/lib/python3.8/site-packages/airflow/example_dags/example_latest_only_with_trigger.py
[2025-11-10T00:50:04.711+0000] {processor.py:830} INFO - Processing file /home/airflow/.local/lib/python3.8/site-packages/airflow/example_dags/example_latest_only_with_trigger.py for tasks to queue
[2025-11-10T00:50:04.712+0000] {logging_mixin.py:188} INFO - [2025-11-10T00:50:04.712+0000] {dagbag.py:538} INFO - Filling up the DagBag from /home/airflow/.local/lib/python3.8/site-packages/airflow/example_dags/example_latest_only_with_trigger.py
[2025-11-10T00:50:04.722+0000] {processor.py:840} INFO - DAG(s) 'latest_only_with_trigger' retrieved from /home/airflow/.local/lib/python3.8/site-packages/airflow/example_dags/example_latest_only_with_trigger.py
[2025-11-10T00:50:04.753+0000] {logging_mixin.py:188} INFO - [2025-11-10T00:50:04.752+0000] {dag.py:3036} INFO - Sync 1 DAGs
[2025-11-10T00:50:04.784+0000] {logging_mixin.py:188} INFO - [2025-11-10T00:50:04.784+0000] {dag.py:3823} INFO - Setting next_dagrun for latest_only_with_trigger to 2025-11-09 20:00:00+00:00, run_after=2025-11-10 00:00:00+00:00
[2025-11-10T00:50:04.809+0000] {processor.py:183} INFO - Processing /home/airflow/.local/lib/python3.8/site-packages/airflow/example_dags/example_latest_only_with_trigger.py took 0.103 seconds
[2025-11-10T00:50:34.978+0000] {processor.py:161} INFO - Started process (PID=390) to work on /home/airflow/.local/lib/python3.8/site-packages/airflow/example_dags/example_latest_only_with_trigger.py
[2025-11-10T00:50:34.979+0000] {processor.py:830} INFO - Processing file /home/airflow/.local/lib/python3.8/site-packages/airflow/example_dags/example_latest_only_with_trigger.py for tasks to queue
[2025-11-10T00:50:34.981+0000] {logging_mixin.py:188} INFO - [2025-11-10T00:50:34.981+0000] {dagbag.py:538} INFO - Filling up the DagBag from /home/airflow/.local/lib/python3.8/site-packages/airflow/example_dags/example_latest_only_with_trigger.py
[2025-11-10T00:50:34.990+0000] {processor.py:840} INFO - DAG(s) 'latest_only_with_trigger' retrieved from /home/airflow/.local/lib/python3.8/site-packages/airflow/example_dags/example_latest_only_with_trigger.py
[2025-11-10T00:50:35.029+0000] {logging_mixin.py:188} INFO - [2025-11-10T00:50:35.026+0000] {dag.py:3036} INFO - Sync 1 DAGs
[2025-11-10T00:50:35.067+0000] {logging_mixin.py:188} INFO - [2025-11-10T00:50:35.067+0000] {dag.py:3823} INFO - Setting next_dagrun for latest_only_with_trigger to 2025-11-09 20:00:00+00:00, run_after=2025-11-10 00:00:00+00:00
[2025-11-10T00:50:35.100+0000] {processor.py:183} INFO - Processing /home/airflow/.local/lib/python3.8/site-packages/airflow/example_dags/example_latest_only_with_trigger.py took 0.128 seconds
[2025-11-10T00:51:05.431+0000] {processor.py:161} INFO - Started process (PID=487) to work on /home/airflow/.local/lib/python3.8/site-packages/airflow/example_dags/example_latest_only_with_trigger.py
[2025-11-10T00:51:05.433+0000] {processor.py:830} INFO - Processing file /home/airflow/.local/lib/python3.8/site-packages/airflow/example_dags/example_latest_only_with_trigger.py for tasks to queue
[2025-11-10T00:51:05.434+0000] {logging_mixin.py:188} INFO - [2025-11-10T00:51:05.434+0000] {dagbag.py:538} INFO - Filling up the DagBag from /home/airflow/.local/lib/python3.8/site-packages/airflow/example_dags/example_latest_only_with_trigger.py
[2025-11-10T00:51:05.441+0000] {processor.py:840} INFO - DAG(s) 'latest_only_with_trigger' retrieved from /home/airflow/.local/lib/python3.8/site-packages/airflow/example_dags/example_latest_only_with_trigger.py
[2025-11-10T00:51:05.477+0000] {logging_mixin.py:188} INFO - [2025-11-10T00:51:05.476+0000] {dag.py:3036} INFO - Sync 1 DAGs
[2025-11-10T00:51:05.511+0000] {logging_mixin.py:188} INFO - [2025-11-10T00:51:05.511+0000] {dag.py:3823} INFO - Setting next_dagrun for latest_only_with_trigger to 2025-11-09 20:00:00+00:00, run_after=2025-11-10 00:00:00+00:00
[2025-11-10T00:51:05.538+0000] {processor.py:183} INFO - Processing /home/airflow/.local/lib/python3.8/site-packages/airflow/example_dags/example_latest_only_with_trigger.py took 0.111 seconds
[2025-11-10T00:51:36.387+0000] {processor.py:161} INFO - Started process (PID=591) to work on /home/airflow/.local/lib/python3.8/site-packages/airflow/example_dags/example_latest_only_with_trigger.py
[2025-11-10T00:51:36.388+0000] {processor.py:830} INFO - Processing file /home/airflow/.local/lib/python3.8/site-packages/airflow/example_dags/example_latest_only_with_trigger.py for tasks to queue
[2025-11-10T00:51:36.390+0000] {logging_mixin.py:188} INFO - [2025-11-10T00:51:36.389+0000] {dagbag.py:538} INFO - Filling up the DagBag from /home/airflow/.local/lib/python3.8/site-packages/airflow/example_dags/example_latest_only_with_trigger.py
[2025-11-10T00:51:36.402+0000] {processor.py:840} INFO - DAG(s) 'latest_only_with_trigger' retrieved from /home/airflow/.local/lib/python3.8/site-packages/airflow/example_dags/example_latest_only_with_trigger.py
[2025-11-10T00:51:36.443+0000] {logging_mixin.py:188} INFO - [2025-11-10T00:51:36.442+0000] {dag.py:3036} INFO - Sync 1 DAGs
[2025-11-10T00:51:36.484+0000] {logging_mixin.py:188} INFO - [2025-11-10T00:51:36.483+0000] {dag.py:3823} INFO - Setting next_dagrun for latest_only_with_trigger to 2025-11-09 20:00:00+00:00, run_after=2025-11-10 00:00:00+00:00
[2025-11-10T00:51:36.533+0000] {processor.py:183} INFO - Processing /home/airflow/.local/lib/python3.8/site-packages/airflow/example_dags/example_latest_only_with_trigger.py took 0.151 seconds
[2025-11-10T00:52:07.393+0000] {processor.py:161} INFO - Started process (PID=689) to work on /home/airflow/.local/lib/python3.8/site-packages/airflow/example_dags/example_latest_only_with_trigger.py
[2025-11-10T00:52:07.395+0000] {processor.py:830} INFO - Processing file /home/airflow/.local/lib/python3.8/site-packages/airflow/example_dags/example_latest_only_with_trigger.py for tasks to queue
[2025-11-10T00:52:07.396+0000] {logging_mixin.py:188} INFO - [2025-11-10T00:52:07.396+0000] {dagbag.py:538} INFO - Filling up the DagBag from /home/airflow/.local/lib/python3.8/site-packages/airflow/example_dags/example_latest_only_with_trigger.py
[2025-11-10T00:52:07.407+0000] {processor.py:840} INFO - DAG(s) 'latest_only_with_trigger' retrieved from /home/airflow/.local/lib/python3.8/site-packages/airflow/example_dags/example_latest_only_with_trigger.py
[2025-11-10T00:52:07.448+0000] {logging_mixin.py:188} INFO - [2025-11-10T00:52:07.448+0000] {dag.py:3036} INFO - Sync 1 DAGs
[2025-11-10T00:52:07.513+0000] {logging_mixin.py:188} INFO - [2025-11-10T00:52:07.512+0000] {dag.py:3823} INFO - Setting next_dagrun for latest_only_with_trigger to 2025-11-09 20:00:00+00:00, run_after=2025-11-10 00:00:00+00:00
[2025-11-10T00:52:07.560+0000] {processor.py:183} INFO - Processing /home/airflow/.local/lib/python3.8/site-packages/airflow/example_dags/example_latest_only_with_trigger.py took 0.172 seconds
[2025-11-10T00:52:38.474+0000] {processor.py:161} INFO - Started process (PID=801) to work on /home/airflow/.local/lib/python3.8/site-packages/airflow/example_dags/example_latest_only_with_trigger.py
[2025-11-10T00:52:38.476+0000] {processor.py:830} INFO - Processing file /home/airflow/.local/lib/python3.8/site-packages/airflow/example_dags/example_latest_only_with_trigger.py for tasks to queue
[2025-11-10T00:52:38.479+0000] {logging_mixin.py:188} INFO - [2025-11-10T00:52:38.478+0000] {dagbag.py:538} INFO - Filling up the DagBag from /home/airflow/.local/lib/python3.8/site-packages/airflow/example_dags/example_latest_only_with_trigger.py
[2025-11-10T00:52:38.488+0000] {processor.py:840} INFO - DAG(s) 'latest_only_with_trigger' retrieved from /home/airflow/.local/lib/python3.8/site-packages/airflow/example_dags/example_latest_only_with_trigger.py
[2025-11-10T00:52:38.527+0000] {logging_mixin.py:188} INFO - [2025-11-10T00:52:38.526+0000] {dag.py:3036} INFO - Sync 1 DAGs
[2025-11-10T00:52:38.574+0000] {logging_mixin.py:188} INFO - [2025-11-10T00:52:38.573+0000] {dag.py:3823} INFO - Setting next_dagrun for latest_only_with_trigger to 2025-11-09 20:00:00+00:00, run_after=2025-11-10 00:00:00+00:00
[2025-11-10T00:52:38.619+0000] {processor.py:183} INFO - Processing /home/airflow/.local/lib/python3.8/site-packages/airflow/example_dags/example_latest_only_with_trigger.py took 0.150 seconds
[2025-11-10T00:53:09.005+0000] {processor.py:161} INFO - Started process (PID=898) to work on /home/airflow/.local/lib/python3.8/site-packages/airflow/example_dags/example_latest_only_with_trigger.py
[2025-11-10T00:53:09.006+0000] {processor.py:830} INFO - Processing file /home/airflow/.local/lib/python3.8/site-packages/airflow/example_dags/example_latest_only_with_trigger.py for tasks to queue
[2025-11-10T00:53:09.009+0000] {logging_mixin.py:188} INFO - [2025-11-10T00:53:09.008+0000] {dagbag.py:538} INFO - Filling up the DagBag from /home/airflow/.local/lib/python3.8/site-packages/airflow/example_dags/example_latest_only_with_trigger.py
[2025-11-10T00:53:09.018+0000] {processor.py:840} INFO - DAG(s) 'latest_only_with_trigger' retrieved from /home/airflow/.local/lib/python3.8/site-packages/airflow/example_dags/example_latest_only_with_trigger.py
[2025-11-10T00:53:09.053+0000] {logging_mixin.py:188} INFO - [2025-11-10T00:53:09.053+0000] {dag.py:3036} INFO - Sync 1 DAGs
[2025-11-10T00:53:09.083+0000] {logging_mixin.py:188} INFO - [2025-11-10T00:53:09.083+0000] {dag.py:3823} INFO - Setting next_dagrun for latest_only_with_trigger to 2025-11-09 20:00:00+00:00, run_after=2025-11-10 00:00:00+00:00
[2025-11-10T00:53:09.114+0000] {processor.py:183} INFO - Processing /home/airflow/.local/lib/python3.8/site-packages/airflow/example_dags/example_latest_only_with_trigger.py took 0.112 seconds
[2025-11-10T00:53:39.177+0000] {processor.py:161} INFO - Started process (PID=994) to work on /home/airflow/.local/lib/python3.8/site-packages/airflow/example_dags/example_latest_only_with_trigger.py
[2025-11-10T00:53:39.178+0000] {processor.py:830} INFO - Processing file /home/airflow/.local/lib/python3.8/site-packages/airflow/example_dags/example_latest_only_with_trigger.py for tasks to queue
[2025-11-10T00:53:39.180+0000] {logging_mixin.py:188} INFO - [2025-11-10T00:53:39.179+0000] {dagbag.py:538} INFO - Filling up the DagBag from /home/airflow/.local/lib/python3.8/site-packages/airflow/example_dags/example_latest_only_with_trigger.py
[2025-11-10T00:53:39.192+0000] {processor.py:840} INFO - DAG(s) 'latest_only_with_trigger' retrieved from /home/airflow/.local/lib/python3.8/site-packages/airflow/example_dags/example_latest_only_with_trigger.py
[2025-11-10T00:53:39.232+0000] {logging_mixin.py:188} INFO - [2025-11-10T00:53:39.232+0000] {dag.py:3036} INFO - Sync 1 DAGs
[2025-11-10T00:53:39.268+0000] {logging_mixin.py:188} INFO - [2025-11-10T00:53:39.268+0000] {dag.py:3823} INFO - Setting next_dagrun for latest_only_with_trigger to 2025-11-09 20:00:00+00:00, run_after=2025-11-10 00:00:00+00:00
[2025-11-10T00:53:39.301+0000] {processor.py:183} INFO - Processing /home/airflow/.local/lib/python3.8/site-packages/airflow/example_dags/example_latest_only_with_trigger.py took 0.130 seconds
[2025-11-10T00:54:10.117+0000] {processor.py:161} INFO - Started process (PID=1091) to work on /home/airflow/.local/lib/python3.8/site-packages/airflow/example_dags/example_latest_only_with_trigger.py
[2025-11-10T00:54:10.118+0000] {processor.py:830} INFO - Processing file /home/airflow/.local/lib/python3.8/site-packages/airflow/example_dags/example_latest_only_with_trigger.py for tasks to queue
[2025-11-10T00:54:10.119+0000] {logging_mixin.py:188} INFO - [2025-11-10T00:54:10.119+0000] {dagbag.py:538} INFO - Filling up the DagBag from /home/airflow/.local/lib/python3.8/site-packages/airflow/example_dags/example_latest_only_with_trigger.py
[2025-11-10T00:54:10.129+0000] {processor.py:840} INFO - DAG(s) 'latest_only_with_trigger' retrieved from /home/airflow/.local/lib/python3.8/site-packages/airflow/example_dags/example_latest_only_with_trigger.py
[2025-11-10T00:54:10.166+0000] {logging_mixin.py:188} INFO - [2025-11-10T00:54:10.166+0000] {dag.py:3036} INFO - Sync 1 DAGs
[2025-11-10T00:54:10.200+0000] {logging_mixin.py:188} INFO - [2025-11-10T00:54:10.199+0000] {dag.py:3823} INFO - Setting next_dagrun for latest_only_with_trigger to 2025-11-09 20:00:00+00:00, run_after=2025-11-10 00:00:00+00:00
[2025-11-10T00:54:10.234+0000] {processor.py:183} INFO - Processing /home/airflow/.local/lib/python3.8/site-packages/airflow/example_dags/example_latest_only_with_trigger.py took 0.123 seconds
[2025-11-10T00:54:40.749+0000] {processor.py:161} INFO - Started process (PID=1188) to work on /home/airflow/.local/lib/python3.8/site-packages/airflow/example_dags/example_latest_only_with_trigger.py
[2025-11-10T00:54:40.750+0000] {processor.py:830} INFO - Processing file /home/airflow/.local/lib/python3.8/site-packages/airflow/example_dags/example_latest_only_with_trigger.py for tasks to queue
[2025-11-10T00:54:40.751+0000] {logging_mixin.py:188} INFO - [2025-11-10T00:54:40.751+0000] {dagbag.py:538} INFO - Filling up the DagBag from /home/airflow/.local/lib/python3.8/site-packages/airflow/example_dags/example_latest_only_with_trigger.py
[2025-11-10T00:54:40.760+0000] {processor.py:840} INFO - DAG(s) 'latest_only_with_trigger' retrieved from /home/airflow/.local/lib/python3.8/site-packages/airflow/example_dags/example_latest_only_with_trigger.py
[2025-11-10T00:54:40.797+0000] {logging_mixin.py:188} INFO - [2025-11-10T00:54:40.796+0000] {dag.py:3036} INFO - Sync 1 DAGs
[2025-11-10T00:54:40.836+0000] {logging_mixin.py:188} INFO - [2025-11-10T00:54:40.836+0000] {dag.py:3823} INFO - Setting next_dagrun for latest_only_with_trigger to 2025-11-09 20:00:00+00:00, run_after=2025-11-10 00:00:00+00:00
[2025-11-10T00:54:40.870+0000] {processor.py:183} INFO - Processing /home/airflow/.local/lib/python3.8/site-packages/airflow/example_dags/example_latest_only_with_trigger.py took 0.125 seconds
[2025-11-10T00:55:11.055+0000] {processor.py:161} INFO - Started process (PID=1285) to work on /home/airflow/.local/lib/python3.8/site-packages/airflow/example_dags/example_latest_only_with_trigger.py
[2025-11-10T00:55:11.056+0000] {processor.py:830} INFO - Processing file /home/airflow/.local/lib/python3.8/site-packages/airflow/example_dags/example_latest_only_with_trigger.py for tasks to queue
[2025-11-10T00:55:11.058+0000] {logging_mixin.py:188} INFO - [2025-11-10T00:55:11.057+0000] {dagbag.py:538} INFO - Filling up the DagBag from /home/airflow/.local/lib/python3.8/site-packages/airflow/example_dags/example_latest_only_with_trigger.py
[2025-11-10T00:55:11.068+0000] {processor.py:840} INFO - DAG(s) 'latest_only_with_trigger' retrieved from /home/airflow/.local/lib/python3.8/site-packages/airflow/example_dags/example_latest_only_with_trigger.py
[2025-11-10T00:55:11.109+0000] {logging_mixin.py:188} INFO - [2025-11-10T00:55:11.108+0000] {dag.py:3036} INFO - Sync 1 DAGs
[2025-11-10T00:55:11.139+0000] {logging_mixin.py:188} INFO - [2025-11-10T00:55:11.139+0000] {dag.py:3823} INFO - Setting next_dagrun for latest_only_with_trigger to 2025-11-09 20:00:00+00:00, run_after=2025-11-10 00:00:00+00:00
[2025-11-10T00:55:11.172+0000] {processor.py:183} INFO - Processing /home/airflow/.local/lib/python3.8/site-packages/airflow/example_dags/example_latest_only_with_trigger.py took 0.122 seconds
[2025-11-10T00:55:42.575+0000] {processor.py:161} INFO - Started process (PID=1389) to work on /home/airflow/.local/lib/python3.8/site-packages/airflow/example_dags/example_latest_only_with_trigger.py
[2025-11-10T00:55:42.576+0000] {processor.py:830} INFO - Processing file /home/airflow/.local/lib/python3.8/site-packages/airflow/example_dags/example_latest_only_with_trigger.py for tasks to queue
[2025-11-10T00:55:42.577+0000] {logging_mixin.py:188} INFO - [2025-11-10T00:55:42.577+0000] {dagbag.py:538} INFO - Filling up the DagBag from /home/airflow/.local/lib/python3.8/site-packages/airflow/example_dags/example_latest_only_with_trigger.py
[2025-11-10T00:55:42.586+0000] {processor.py:840} INFO - DAG(s) 'latest_only_with_trigger' retrieved from /home/airflow/.local/lib/python3.8/site-packages/airflow/example_dags/example_latest_only_with_trigger.py
[2025-11-10T00:55:42.622+0000] {logging_mixin.py:188} INFO - [2025-11-10T00:55:42.621+0000] {dag.py:3036} INFO - Sync 1 DAGs
[2025-11-10T00:55:42.658+0000] {logging_mixin.py:188} INFO - [2025-11-10T00:55:42.658+0000] {dag.py:3823} INFO - Setting next_dagrun for latest_only_with_trigger to 2025-11-09 20:00:00+00:00, run_after=2025-11-10 00:00:00+00:00
[2025-11-10T00:55:42.694+0000] {processor.py:183} INFO - Processing /home/airflow/.local/lib/python3.8/site-packages/airflow/example_dags/example_latest_only_with_trigger.py took 0.124 seconds
[2025-11-10T00:56:13.027+0000] {processor.py:161} INFO - Started process (PID=1479) to work on /home/airflow/.local/lib/python3.8/site-packages/airflow/example_dags/example_latest_only_with_trigger.py
[2025-11-10T00:56:13.029+0000] {processor.py:830} INFO - Processing file /home/airflow/.local/lib/python3.8/site-packages/airflow/example_dags/example_latest_only_with_trigger.py for tasks to queue
[2025-11-10T00:56:13.030+0000] {logging_mixin.py:188} INFO - [2025-11-10T00:56:13.030+0000] {dagbag.py:538} INFO - Filling up the DagBag from /home/airflow/.local/lib/python3.8/site-packages/airflow/example_dags/example_latest_only_with_trigger.py
[2025-11-10T00:56:13.039+0000] {processor.py:840} INFO - DAG(s) 'latest_only_with_trigger' retrieved from /home/airflow/.local/lib/python3.8/site-packages/airflow/example_dags/example_latest_only_with_trigger.py
[2025-11-10T00:56:13.081+0000] {logging_mixin.py:188} INFO - [2025-11-10T00:56:13.081+0000] {dag.py:3036} INFO - Sync 1 DAGs
[2025-11-10T00:56:13.115+0000] {logging_mixin.py:188} INFO - [2025-11-10T00:56:13.114+0000] {dag.py:3823} INFO - Setting next_dagrun for latest_only_with_trigger to 2025-11-09 20:00:00+00:00, run_after=2025-11-10 00:00:00+00:00
[2025-11-10T00:56:13.149+0000] {processor.py:183} INFO - Processing /home/airflow/.local/lib/python3.8/site-packages/airflow/example_dags/example_latest_only_with_trigger.py took 0.127 seconds
[2025-11-10T00:56:44.218+0000] {processor.py:161} INFO - Started process (PID=1576) to work on /home/airflow/.local/lib/python3.8/site-packages/airflow/example_dags/example_latest_only_with_trigger.py
[2025-11-10T00:56:44.219+0000] {processor.py:830} INFO - Processing file /home/airflow/.local/lib/python3.8/site-packages/airflow/example_dags/example_latest_only_with_trigger.py for tasks to queue
[2025-11-10T00:56:44.221+0000] {logging_mixin.py:188} INFO - [2025-11-10T00:56:44.221+0000] {dagbag.py:538} INFO - Filling up the DagBag from /home/airflow/.local/lib/python3.8/site-packages/airflow/example_dags/example_latest_only_with_trigger.py
[2025-11-10T00:56:44.233+0000] {processor.py:840} INFO - DAG(s) 'latest_only_with_trigger' retrieved from /home/airflow/.local/lib/python3.8/site-packages/airflow/example_dags/example_latest_only_with_trigger.py
[2025-11-10T00:56:44.273+0000] {logging_mixin.py:188} INFO - [2025-11-10T00:56:44.272+0000] {dag.py:3036} INFO - Sync 1 DAGs
[2025-11-10T00:56:44.310+0000] {logging_mixin.py:188} INFO - [2025-11-10T00:56:44.310+0000] {dag.py:3823} INFO - Setting next_dagrun for latest_only_with_trigger to 2025-11-09 20:00:00+00:00, run_after=2025-11-10 00:00:00+00:00
[2025-11-10T00:56:44.351+0000] {processor.py:183} INFO - Processing /home/airflow/.local/lib/python3.8/site-packages/airflow/example_dags/example_latest_only_with_trigger.py took 0.140 seconds
[2025-11-10T00:57:14.507+0000] {processor.py:161} INFO - Started process (PID=1673) to work on /home/airflow/.local/lib/python3.8/site-packages/airflow/example_dags/example_latest_only_with_trigger.py
[2025-11-10T00:57:14.508+0000] {processor.py:830} INFO - Processing file /home/airflow/.local/lib/python3.8/site-packages/airflow/example_dags/example_latest_only_with_trigger.py for tasks to queue
[2025-11-10T00:57:14.509+0000] {logging_mixin.py:188} INFO - [2025-11-10T00:57:14.509+0000] {dagbag.py:538} INFO - Filling up the DagBag from /home/airflow/.local/lib/python3.8/site-packages/airflow/example_dags/example_latest_only_with_trigger.py
[2025-11-10T00:57:14.518+0000] {processor.py:840} INFO - DAG(s) 'latest_only_with_trigger' retrieved from /home/airflow/.local/lib/python3.8/site-packages/airflow/example_dags/example_latest_only_with_trigger.py
[2025-11-10T00:57:14.552+0000] {logging_mixin.py:188} INFO - [2025-11-10T00:57:14.551+0000] {dag.py:3036} INFO - Sync 1 DAGs
[2025-11-10T00:57:14.580+0000] {logging_mixin.py:188} INFO - [2025-11-10T00:57:14.579+0000] {dag.py:3823} INFO - Setting next_dagrun for latest_only_with_trigger to 2025-11-09 20:00:00+00:00, run_after=2025-11-10 00:00:00+00:00
[2025-11-10T00:57:14.610+0000] {processor.py:183} INFO - Processing /home/airflow/.local/lib/python3.8/site-packages/airflow/example_dags/example_latest_only_with_trigger.py took 0.108 seconds
[2025-11-10T00:57:44.896+0000] {processor.py:161} INFO - Started process (PID=1778) to work on /home/airflow/.local/lib/python3.8/site-packages/airflow/example_dags/example_latest_only_with_trigger.py
[2025-11-10T00:57:44.897+0000] {processor.py:830} INFO - Processing file /home/airflow/.local/lib/python3.8/site-packages/airflow/example_dags/example_latest_only_with_trigger.py for tasks to queue
[2025-11-10T00:57:44.900+0000] {logging_mixin.py:188} INFO - [2025-11-10T00:57:44.899+0000] {dagbag.py:538} INFO - Filling up the DagBag from /home/airflow/.local/lib/python3.8/site-packages/airflow/example_dags/example_latest_only_with_trigger.py
[2025-11-10T00:57:44.908+0000] {processor.py:840} INFO - DAG(s) 'latest_only_with_trigger' retrieved from /home/airflow/.local/lib/python3.8/site-packages/airflow/example_dags/example_latest_only_with_trigger.py
[2025-11-10T00:57:44.943+0000] {logging_mixin.py:188} INFO - [2025-11-10T00:57:44.943+0000] {dag.py:3036} INFO - Sync 1 DAGs
[2025-11-10T00:57:44.975+0000] {logging_mixin.py:188} INFO - [2025-11-10T00:57:44.974+0000] {dag.py:3823} INFO - Setting next_dagrun for latest_only_with_trigger to 2025-11-09 20:00:00+00:00, run_after=2025-11-10 00:00:00+00:00
[2025-11-10T00:57:45.010+0000] {processor.py:183} INFO - Processing /home/airflow/.local/lib/python3.8/site-packages/airflow/example_dags/example_latest_only_with_trigger.py took 0.118 seconds
[2025-11-10T00:58:15.298+0000] {processor.py:161} INFO - Started process (PID=1890) to work on /home/airflow/.local/lib/python3.8/site-packages/airflow/example_dags/example_latest_only_with_trigger.py
[2025-11-10T00:58:15.299+0000] {processor.py:830} INFO - Processing file /home/airflow/.local/lib/python3.8/site-packages/airflow/example_dags/example_latest_only_with_trigger.py for tasks to queue
[2025-11-10T00:58:15.301+0000] {logging_mixin.py:188} INFO - [2025-11-10T00:58:15.300+0000] {dagbag.py:538} INFO - Filling up the DagBag from /home/airflow/.local/lib/python3.8/site-packages/airflow/example_dags/example_latest_only_with_trigger.py
[2025-11-10T00:58:15.310+0000] {processor.py:840} INFO - DAG(s) 'latest_only_with_trigger' retrieved from /home/airflow/.local/lib/python3.8/site-packages/airflow/example_dags/example_latest_only_with_trigger.py
[2025-11-10T00:58:15.337+0000] {logging_mixin.py:188} INFO - [2025-11-10T00:58:15.337+0000] {dag.py:3036} INFO - Sync 1 DAGs
[2025-11-10T00:58:15.366+0000] {logging_mixin.py:188} INFO - [2025-11-10T00:58:15.366+0000] {dag.py:3823} INFO - Setting next_dagrun for latest_only_with_trigger to 2025-11-09 20:00:00+00:00, run_after=2025-11-10 00:00:00+00:00
[2025-11-10T00:58:15.395+0000] {processor.py:183} INFO - Processing /home/airflow/.local/lib/python3.8/site-packages/airflow/example_dags/example_latest_only_with_trigger.py took 0.100 seconds
[2025-11-10T00:58:46.454+0000] {processor.py:161} INFO - Started process (PID=1987) to work on /home/airflow/.local/lib/python3.8/site-packages/airflow/example_dags/example_latest_only_with_trigger.py
[2025-11-10T00:58:46.454+0000] {processor.py:830} INFO - Processing file /home/airflow/.local/lib/python3.8/site-packages/airflow/example_dags/example_latest_only_with_trigger.py for tasks to queue
[2025-11-10T00:58:46.456+0000] {logging_mixin.py:188} INFO - [2025-11-10T00:58:46.455+0000] {dagbag.py:538} INFO - Filling up the DagBag from /home/airflow/.local/lib/python3.8/site-packages/airflow/example_dags/example_latest_only_with_trigger.py
[2025-11-10T00:58:46.466+0000] {processor.py:840} INFO - DAG(s) 'latest_only_with_trigger' retrieved from /home/airflow/.local/lib/python3.8/site-packages/airflow/example_dags/example_latest_only_with_trigger.py
[2025-11-10T00:58:46.498+0000] {logging_mixin.py:188} INFO - [2025-11-10T00:58:46.498+0000] {dag.py:3036} INFO - Sync 1 DAGs
[2025-11-10T00:58:46.527+0000] {logging_mixin.py:188} INFO - [2025-11-10T00:58:46.527+0000] {dag.py:3823} INFO - Setting next_dagrun for latest_only_with_trigger to 2025-11-09 20:00:00+00:00, run_after=2025-11-10 00:00:00+00:00
[2025-11-10T00:58:46.555+0000] {processor.py:183} INFO - Processing /home/airflow/.local/lib/python3.8/site-packages/airflow/example_dags/example_latest_only_with_trigger.py took 0.105 seconds
[2025-11-10T00:59:16.703+0000] {processor.py:161} INFO - Started process (PID=2084) to work on /home/airflow/.local/lib/python3.8/site-packages/airflow/example_dags/example_latest_only_with_trigger.py
[2025-11-10T00:59:16.704+0000] {processor.py:830} INFO - Processing file /home/airflow/.local/lib/python3.8/site-packages/airflow/example_dags/example_latest_only_with_trigger.py for tasks to queue
[2025-11-10T00:59:16.706+0000] {logging_mixin.py:188} INFO - [2025-11-10T00:59:16.705+0000] {dagbag.py:538} INFO - Filling up the DagBag from /home/airflow/.local/lib/python3.8/site-packages/airflow/example_dags/example_latest_only_with_trigger.py
[2025-11-10T00:59:16.714+0000] {processor.py:840} INFO - DAG(s) 'latest_only_with_trigger' retrieved from /home/airflow/.local/lib/python3.8/site-packages/airflow/example_dags/example_latest_only_with_trigger.py
[2025-11-10T00:59:16.745+0000] {logging_mixin.py:188} INFO - [2025-11-10T00:59:16.745+0000] {dag.py:3036} INFO - Sync 1 DAGs
[2025-11-10T00:59:16.774+0000] {logging_mixin.py:188} INFO - [2025-11-10T00:59:16.773+0000] {dag.py:3823} INFO - Setting next_dagrun for latest_only_with_trigger to 2025-11-09 20:00:00+00:00, run_after=2025-11-10 00:00:00+00:00
[2025-11-10T00:59:16.800+0000] {processor.py:183} INFO - Processing /home/airflow/.local/lib/python3.8/site-packages/airflow/example_dags/example_latest_only_with_trigger.py took 0.101 seconds
[2025-11-10T00:59:47.732+0000] {processor.py:161} INFO - Started process (PID=2180) to work on /home/airflow/.local/lib/python3.8/site-packages/airflow/example_dags/example_latest_only_with_trigger.py
[2025-11-10T00:59:47.733+0000] {processor.py:830} INFO - Processing file /home/airflow/.local/lib/python3.8/site-packages/airflow/example_dags/example_latest_only_with_trigger.py for tasks to queue
[2025-11-10T00:59:47.734+0000] {logging_mixin.py:188} INFO - [2025-11-10T00:59:47.734+0000] {dagbag.py:538} INFO - Filling up the DagBag from /home/airflow/.local/lib/python3.8/site-packages/airflow/example_dags/example_latest_only_with_trigger.py
[2025-11-10T00:59:47.743+0000] {processor.py:840} INFO - DAG(s) 'latest_only_with_trigger' retrieved from /home/airflow/.local/lib/python3.8/site-packages/airflow/example_dags/example_latest_only_with_trigger.py
[2025-11-10T00:59:47.771+0000] {logging_mixin.py:188} INFO - [2025-11-10T00:59:47.770+0000] {dag.py:3036} INFO - Sync 1 DAGs
[2025-11-10T00:59:47.797+0000] {logging_mixin.py:188} INFO - [2025-11-10T00:59:47.797+0000] {dag.py:3823} INFO - Setting next_dagrun for latest_only_with_trigger to 2025-11-09 20:00:00+00:00, run_after=2025-11-10 00:00:00+00:00
[2025-11-10T00:59:47.819+0000] {processor.py:183} INFO - Processing /home/airflow/.local/lib/python3.8/site-packages/airflow/example_dags/example_latest_only_with_trigger.py took 0.091 seconds
[2025-11-10T01:00:18.036+0000] {processor.py:161} INFO - Started process (PID=2277) to work on /home/airflow/.local/lib/python3.8/site-packages/airflow/example_dags/example_latest_only_with_trigger.py
[2025-11-10T01:00:18.038+0000] {processor.py:830} INFO - Processing file /home/airflow/.local/lib/python3.8/site-packages/airflow/example_dags/example_latest_only_with_trigger.py for tasks to queue
[2025-11-10T01:00:18.040+0000] {logging_mixin.py:188} INFO - [2025-11-10T01:00:18.039+0000] {dagbag.py:538} INFO - Filling up the DagBag from /home/airflow/.local/lib/python3.8/site-packages/airflow/example_dags/example_latest_only_with_trigger.py
[2025-11-10T01:00:18.049+0000] {processor.py:840} INFO - DAG(s) 'latest_only_with_trigger' retrieved from /home/airflow/.local/lib/python3.8/site-packages/airflow/example_dags/example_latest_only_with_trigger.py
[2025-11-10T01:00:18.079+0000] {logging_mixin.py:188} INFO - [2025-11-10T01:00:18.079+0000] {dag.py:3036} INFO - Sync 1 DAGs
[2025-11-10T01:00:18.107+0000] {logging_mixin.py:188} INFO - [2025-11-10T01:00:18.107+0000] {dag.py:3823} INFO - Setting next_dagrun for latest_only_with_trigger to 2025-11-09 20:00:00+00:00, run_after=2025-11-10 00:00:00+00:00
[2025-11-10T01:00:18.135+0000] {processor.py:183} INFO - Processing /home/airflow/.local/lib/python3.8/site-packages/airflow/example_dags/example_latest_only_with_trigger.py took 0.102 seconds
[2025-11-10T01:00:48.436+0000] {processor.py:161} INFO - Started process (PID=2382) to work on /home/airflow/.local/lib/python3.8/site-packages/airflow/example_dags/example_latest_only_with_trigger.py
[2025-11-10T01:00:48.437+0000] {processor.py:830} INFO - Processing file /home/airflow/.local/lib/python3.8/site-packages/airflow/example_dags/example_latest_only_with_trigger.py for tasks to queue
[2025-11-10T01:00:48.438+0000] {logging_mixin.py:188} INFO - [2025-11-10T01:00:48.438+0000] {dagbag.py:538} INFO - Filling up the DagBag from /home/airflow/.local/lib/python3.8/site-packages/airflow/example_dags/example_latest_only_with_trigger.py
[2025-11-10T01:00:48.445+0000] {processor.py:840} INFO - DAG(s) 'latest_only_with_trigger' retrieved from /home/airflow/.local/lib/python3.8/site-packages/airflow/example_dags/example_latest_only_with_trigger.py
[2025-11-10T01:00:48.476+0000] {logging_mixin.py:188} INFO - [2025-11-10T01:00:48.476+0000] {dag.py:3036} INFO - Sync 1 DAGs
[2025-11-10T01:00:48.507+0000] {logging_mixin.py:188} INFO - [2025-11-10T01:00:48.506+0000] {dag.py:3823} INFO - Setting next_dagrun for latest_only_with_trigger to 2025-11-09 20:00:00+00:00, run_after=2025-11-10 00:00:00+00:00
[2025-11-10T01:00:48.545+0000] {processor.py:183} INFO - Processing /home/airflow/.local/lib/python3.8/site-packages/airflow/example_dags/example_latest_only_with_trigger.py took 0.113 seconds
[2025-11-10T01:01:19.382+0000] {processor.py:161} INFO - Started process (PID=2494) to work on /home/airflow/.local/lib/python3.8/site-packages/airflow/example_dags/example_latest_only_with_trigger.py
[2025-11-10T01:01:19.383+0000] {processor.py:830} INFO - Processing file /home/airflow/.local/lib/python3.8/site-packages/airflow/example_dags/example_latest_only_with_trigger.py for tasks to queue
[2025-11-10T01:01:19.384+0000] {logging_mixin.py:188} INFO - [2025-11-10T01:01:19.384+0000] {dagbag.py:538} INFO - Filling up the DagBag from /home/airflow/.local/lib/python3.8/site-packages/airflow/example_dags/example_latest_only_with_trigger.py
[2025-11-10T01:01:19.394+0000] {processor.py:840} INFO - DAG(s) 'latest_only_with_trigger' retrieved from /home/airflow/.local/lib/python3.8/site-packages/airflow/example_dags/example_latest_only_with_trigger.py
[2025-11-10T01:01:19.442+0000] {logging_mixin.py:188} INFO - [2025-11-10T01:01:19.442+0000] {dag.py:3036} INFO - Sync 1 DAGs
[2025-11-10T01:01:19.484+0000] {logging_mixin.py:188} INFO - [2025-11-10T01:01:19.484+0000] {dag.py:3823} INFO - Setting next_dagrun for latest_only_with_trigger to 2025-11-09 20:00:00+00:00, run_after=2025-11-10 00:00:00+00:00
[2025-11-10T01:01:19.515+0000] {processor.py:183} INFO - Processing /home/airflow/.local/lib/python3.8/site-packages/airflow/example_dags/example_latest_only_with_trigger.py took 0.138 seconds
[2025-11-10T01:01:49.955+0000] {processor.py:161} INFO - Started process (PID=2591) to work on /home/airflow/.local/lib/python3.8/site-packages/airflow/example_dags/example_latest_only_with_trigger.py
[2025-11-10T01:01:49.956+0000] {processor.py:830} INFO - Processing file /home/airflow/.local/lib/python3.8/site-packages/airflow/example_dags/example_latest_only_with_trigger.py for tasks to queue
[2025-11-10T01:01:49.957+0000] {logging_mixin.py:188} INFO - [2025-11-10T01:01:49.956+0000] {dagbag.py:538} INFO - Filling up the DagBag from /home/airflow/.local/lib/python3.8/site-packages/airflow/example_dags/example_latest_only_with_trigger.py
[2025-11-10T01:01:49.965+0000] {processor.py:840} INFO - DAG(s) 'latest_only_with_trigger' retrieved from /home/airflow/.local/lib/python3.8/site-packages/airflow/example_dags/example_latest_only_with_trigger.py
[2025-11-10T01:01:49.994+0000] {logging_mixin.py:188} INFO - [2025-11-10T01:01:49.994+0000] {dag.py:3036} INFO - Sync 1 DAGs
[2025-11-10T01:01:50.030+0000] {logging_mixin.py:188} INFO - [2025-11-10T01:01:50.030+0000] {dag.py:3823} INFO - Setting next_dagrun for latest_only_with_trigger to 2025-11-09 20:00:00+00:00, run_after=2025-11-10 00:00:00+00:00
[2025-11-10T01:01:50.057+0000] {processor.py:183} INFO - Processing /home/airflow/.local/lib/python3.8/site-packages/airflow/example_dags/example_latest_only_with_trigger.py took 0.106 seconds
[2025-11-10T01:02:20.833+0000] {processor.py:161} INFO - Started process (PID=2688) to work on /home/airflow/.local/lib/python3.8/site-packages/airflow/example_dags/example_latest_only_with_trigger.py
[2025-11-10T01:02:20.834+0000] {processor.py:830} INFO - Processing file /home/airflow/.local/lib/python3.8/site-packages/airflow/example_dags/example_latest_only_with_trigger.py for tasks to queue
[2025-11-10T01:02:20.836+0000] {logging_mixin.py:188} INFO - [2025-11-10T01:02:20.835+0000] {dagbag.py:538} INFO - Filling up the DagBag from /home/airflow/.local/lib/python3.8/site-packages/airflow/example_dags/example_latest_only_with_trigger.py
[2025-11-10T01:02:20.843+0000] {processor.py:840} INFO - DAG(s) 'latest_only_with_trigger' retrieved from /home/airflow/.local/lib/python3.8/site-packages/airflow/example_dags/example_latest_only_with_trigger.py
[2025-11-10T01:02:20.874+0000] {logging_mixin.py:188} INFO - [2025-11-10T01:02:20.873+0000] {dag.py:3036} INFO - Sync 1 DAGs
[2025-11-10T01:02:20.907+0000] {logging_mixin.py:188} INFO - [2025-11-10T01:02:20.906+0000] {dag.py:3823} INFO - Setting next_dagrun for latest_only_with_trigger to 2025-11-09 20:00:00+00:00, run_after=2025-11-10 00:00:00+00:00
[2025-11-10T01:02:20.938+0000] {processor.py:183} INFO - Processing /home/airflow/.local/lib/python3.8/site-packages/airflow/example_dags/example_latest_only_with_trigger.py took 0.111 seconds
[2025-11-10T01:02:51.943+0000] {processor.py:161} INFO - Started process (PID=2785) to work on /home/airflow/.local/lib/python3.8/site-packages/airflow/example_dags/example_latest_only_with_trigger.py
[2025-11-10T01:02:51.944+0000] {processor.py:830} INFO - Processing file /home/airflow/.local/lib/python3.8/site-packages/airflow/example_dags/example_latest_only_with_trigger.py for tasks to queue
[2025-11-10T01:02:51.946+0000] {logging_mixin.py:188} INFO - [2025-11-10T01:02:51.945+0000] {dagbag.py:538} INFO - Filling up the DagBag from /home/airflow/.local/lib/python3.8/site-packages/airflow/example_dags/example_latest_only_with_trigger.py
[2025-11-10T01:02:51.956+0000] {processor.py:840} INFO - DAG(s) 'latest_only_with_trigger' retrieved from /home/airflow/.local/lib/python3.8/site-packages/airflow/example_dags/example_latest_only_with_trigger.py
[2025-11-10T01:02:51.990+0000] {logging_mixin.py:188} INFO - [2025-11-10T01:02:51.990+0000] {dag.py:3036} INFO - Sync 1 DAGs
[2025-11-10T01:02:52.029+0000] {logging_mixin.py:188} INFO - [2025-11-10T01:02:52.029+0000] {dag.py:3823} INFO - Setting next_dagrun for latest_only_with_trigger to 2025-11-09 20:00:00+00:00, run_after=2025-11-10 00:00:00+00:00
[2025-11-10T01:02:52.063+0000] {processor.py:183} INFO - Processing /home/airflow/.local/lib/python3.8/site-packages/airflow/example_dags/example_latest_only_with_trigger.py took 0.124 seconds
[2025-11-10T01:03:22.950+0000] {processor.py:161} INFO - Started process (PID=2905) to work on /home/airflow/.local/lib/python3.8/site-packages/airflow/example_dags/example_latest_only_with_trigger.py
[2025-11-10T01:03:22.951+0000] {processor.py:830} INFO - Processing file /home/airflow/.local/lib/python3.8/site-packages/airflow/example_dags/example_latest_only_with_trigger.py for tasks to queue
[2025-11-10T01:03:22.954+0000] {logging_mixin.py:188} INFO - [2025-11-10T01:03:22.953+0000] {dagbag.py:538} INFO - Filling up the DagBag from /home/airflow/.local/lib/python3.8/site-packages/airflow/example_dags/example_latest_only_with_trigger.py
[2025-11-10T01:03:22.962+0000] {processor.py:840} INFO - DAG(s) 'latest_only_with_trigger' retrieved from /home/airflow/.local/lib/python3.8/site-packages/airflow/example_dags/example_latest_only_with_trigger.py
[2025-11-10T01:03:22.992+0000] {logging_mixin.py:188} INFO - [2025-11-10T01:03:22.991+0000] {dag.py:3036} INFO - Sync 1 DAGs
[2025-11-10T01:03:23.021+0000] {logging_mixin.py:188} INFO - [2025-11-10T01:03:23.021+0000] {dag.py:3823} INFO - Setting next_dagrun for latest_only_with_trigger to 2025-11-09 20:00:00+00:00, run_after=2025-11-10 00:00:00+00:00
[2025-11-10T01:03:23.053+0000] {processor.py:183} INFO - Processing /home/airflow/.local/lib/python3.8/site-packages/airflow/example_dags/example_latest_only_with_trigger.py took 0.107 seconds
[2025-11-10T01:03:53.237+0000] {processor.py:161} INFO - Started process (PID=3002) to work on /home/airflow/.local/lib/python3.8/site-packages/airflow/example_dags/example_latest_only_with_trigger.py
[2025-11-10T01:03:53.238+0000] {processor.py:830} INFO - Processing file /home/airflow/.local/lib/python3.8/site-packages/airflow/example_dags/example_latest_only_with_trigger.py for tasks to queue
[2025-11-10T01:03:53.240+0000] {logging_mixin.py:188} INFO - [2025-11-10T01:03:53.240+0000] {dagbag.py:538} INFO - Filling up the DagBag from /home/airflow/.local/lib/python3.8/site-packages/airflow/example_dags/example_latest_only_with_trigger.py
[2025-11-10T01:03:53.251+0000] {processor.py:840} INFO - DAG(s) 'latest_only_with_trigger' retrieved from /home/airflow/.local/lib/python3.8/site-packages/airflow/example_dags/example_latest_only_with_trigger.py
[2025-11-10T01:03:53.282+0000] {logging_mixin.py:188} INFO - [2025-11-10T01:03:53.281+0000] {dag.py:3036} INFO - Sync 1 DAGs
[2025-11-10T01:03:53.315+0000] {logging_mixin.py:188} INFO - [2025-11-10T01:03:53.314+0000] {dag.py:3823} INFO - Setting next_dagrun for latest_only_with_trigger to 2025-11-09 20:00:00+00:00, run_after=2025-11-10 00:00:00+00:00
[2025-11-10T01:03:53.346+0000] {processor.py:183} INFO - Processing /home/airflow/.local/lib/python3.8/site-packages/airflow/example_dags/example_latest_only_with_trigger.py took 0.114 seconds
[2025-11-10T01:04:24.194+0000] {processor.py:161} INFO - Started process (PID=3099) to work on /home/airflow/.local/lib/python3.8/site-packages/airflow/example_dags/example_latest_only_with_trigger.py
[2025-11-10T01:04:24.195+0000] {processor.py:830} INFO - Processing file /home/airflow/.local/lib/python3.8/site-packages/airflow/example_dags/example_latest_only_with_trigger.py for tasks to queue
[2025-11-10T01:04:24.196+0000] {logging_mixin.py:188} INFO - [2025-11-10T01:04:24.196+0000] {dagbag.py:538} INFO - Filling up the DagBag from /home/airflow/.local/lib/python3.8/site-packages/airflow/example_dags/example_latest_only_with_trigger.py
[2025-11-10T01:04:24.207+0000] {processor.py:840} INFO - DAG(s) 'latest_only_with_trigger' retrieved from /home/airflow/.local/lib/python3.8/site-packages/airflow/example_dags/example_latest_only_with_trigger.py
[2025-11-10T01:04:24.247+0000] {logging_mixin.py:188} INFO - [2025-11-10T01:04:24.246+0000] {dag.py:3036} INFO - Sync 1 DAGs
[2025-11-10T01:04:24.282+0000] {logging_mixin.py:188} INFO - [2025-11-10T01:04:24.281+0000] {dag.py:3823} INFO - Setting next_dagrun for latest_only_with_trigger to 2025-11-09 20:00:00+00:00, run_after=2025-11-10 00:00:00+00:00
[2025-11-10T01:04:24.326+0000] {processor.py:183} INFO - Processing /home/airflow/.local/lib/python3.8/site-packages/airflow/example_dags/example_latest_only_with_trigger.py took 0.137 seconds
[2025-11-10T01:04:54.479+0000] {processor.py:161} INFO - Started process (PID=3196) to work on /home/airflow/.local/lib/python3.8/site-packages/airflow/example_dags/example_latest_only_with_trigger.py
[2025-11-10T01:04:54.480+0000] {processor.py:830} INFO - Processing file /home/airflow/.local/lib/python3.8/site-packages/airflow/example_dags/example_latest_only_with_trigger.py for tasks to queue
[2025-11-10T01:04:54.481+0000] {logging_mixin.py:188} INFO - [2025-11-10T01:04:54.481+0000] {dagbag.py:538} INFO - Filling up the DagBag from /home/airflow/.local/lib/python3.8/site-packages/airflow/example_dags/example_latest_only_with_trigger.py
[2025-11-10T01:04:54.490+0000] {processor.py:840} INFO - DAG(s) 'latest_only_with_trigger' retrieved from /home/airflow/.local/lib/python3.8/site-packages/airflow/example_dags/example_latest_only_with_trigger.py
[2025-11-10T01:04:54.521+0000] {logging_mixin.py:188} INFO - [2025-11-10T01:04:54.520+0000] {dag.py:3036} INFO - Sync 1 DAGs
[2025-11-10T01:04:54.548+0000] {logging_mixin.py:188} INFO - [2025-11-10T01:04:54.548+0000] {dag.py:3823} INFO - Setting next_dagrun for latest_only_with_trigger to 2025-11-09 20:00:00+00:00, run_after=2025-11-10 00:00:00+00:00
[2025-11-10T01:04:54.573+0000] {processor.py:183} INFO - Processing /home/airflow/.local/lib/python3.8/site-packages/airflow/example_dags/example_latest_only_with_trigger.py took 0.100 seconds
[2025-11-10T01:05:24.717+0000] {processor.py:161} INFO - Started process (PID=3293) to work on /home/airflow/.local/lib/python3.8/site-packages/airflow/example_dags/example_latest_only_with_trigger.py
[2025-11-10T01:05:24.718+0000] {processor.py:830} INFO - Processing file /home/airflow/.local/lib/python3.8/site-packages/airflow/example_dags/example_latest_only_with_trigger.py for tasks to queue
[2025-11-10T01:05:24.721+0000] {logging_mixin.py:188} INFO - [2025-11-10T01:05:24.720+0000] {dagbag.py:538} INFO - Filling up the DagBag from /home/airflow/.local/lib/python3.8/site-packages/airflow/example_dags/example_latest_only_with_trigger.py
[2025-11-10T01:05:24.734+0000] {processor.py:840} INFO - DAG(s) 'latest_only_with_trigger' retrieved from /home/airflow/.local/lib/python3.8/site-packages/airflow/example_dags/example_latest_only_with_trigger.py
[2025-11-10T01:05:24.778+0000] {logging_mixin.py:188} INFO - [2025-11-10T01:05:24.778+0000] {dag.py:3036} INFO - Sync 1 DAGs
[2025-11-10T01:05:24.813+0000] {logging_mixin.py:188} INFO - [2025-11-10T01:05:24.812+0000] {dag.py:3823} INFO - Setting next_dagrun for latest_only_with_trigger to 2025-11-09 20:00:00+00:00, run_after=2025-11-10 00:00:00+00:00
[2025-11-10T01:05:24.847+0000] {processor.py:183} INFO - Processing /home/airflow/.local/lib/python3.8/site-packages/airflow/example_dags/example_latest_only_with_trigger.py took 0.133 seconds
[2025-11-10T01:05:55.270+0000] {processor.py:161} INFO - Started process (PID=3413) to work on /home/airflow/.local/lib/python3.8/site-packages/airflow/example_dags/example_latest_only_with_trigger.py
[2025-11-10T01:05:55.274+0000] {processor.py:830} INFO - Processing file /home/airflow/.local/lib/python3.8/site-packages/airflow/example_dags/example_latest_only_with_trigger.py for tasks to queue
[2025-11-10T01:05:55.275+0000] {logging_mixin.py:188} INFO - [2025-11-10T01:05:55.275+0000] {dagbag.py:538} INFO - Filling up the DagBag from /home/airflow/.local/lib/python3.8/site-packages/airflow/example_dags/example_latest_only_with_trigger.py
[2025-11-10T01:05:55.283+0000] {processor.py:840} INFO - DAG(s) 'latest_only_with_trigger' retrieved from /home/airflow/.local/lib/python3.8/site-packages/airflow/example_dags/example_latest_only_with_trigger.py
[2025-11-10T01:05:55.318+0000] {logging_mixin.py:188} INFO - [2025-11-10T01:05:55.317+0000] {dag.py:3036} INFO - Sync 1 DAGs
[2025-11-10T01:05:55.362+0000] {logging_mixin.py:188} INFO - [2025-11-10T01:05:55.362+0000] {dag.py:3823} INFO - Setting next_dagrun for latest_only_with_trigger to 2025-11-09 20:00:00+00:00, run_after=2025-11-10 00:00:00+00:00
[2025-11-10T01:05:55.395+0000] {processor.py:183} INFO - Processing /home/airflow/.local/lib/python3.8/site-packages/airflow/example_dags/example_latest_only_with_trigger.py took 0.129 seconds
[2025-11-10T01:06:25.694+0000] {processor.py:161} INFO - Started process (PID=3511) to work on /home/airflow/.local/lib/python3.8/site-packages/airflow/example_dags/example_latest_only_with_trigger.py
[2025-11-10T01:06:25.696+0000] {processor.py:830} INFO - Processing file /home/airflow/.local/lib/python3.8/site-packages/airflow/example_dags/example_latest_only_with_trigger.py for tasks to queue
[2025-11-10T01:06:25.698+0000] {logging_mixin.py:188} INFO - [2025-11-10T01:06:25.697+0000] {dagbag.py:538} INFO - Filling up the DagBag from /home/airflow/.local/lib/python3.8/site-packages/airflow/example_dags/example_latest_only_with_trigger.py
[2025-11-10T01:06:25.709+0000] {processor.py:840} INFO - DAG(s) 'latest_only_with_trigger' retrieved from /home/airflow/.local/lib/python3.8/site-packages/airflow/example_dags/example_latest_only_with_trigger.py
[2025-11-10T01:06:25.739+0000] {logging_mixin.py:188} INFO - [2025-11-10T01:06:25.739+0000] {dag.py:3036} INFO - Sync 1 DAGs
[2025-11-10T01:06:25.930+0000] {logging_mixin.py:188} INFO - [2025-11-10T01:06:25.930+0000] {dag.py:3823} INFO - Setting next_dagrun for latest_only_with_trigger to 2025-11-09 20:00:00+00:00, run_after=2025-11-10 00:00:00+00:00
[2025-11-10T01:06:25.958+0000] {processor.py:183} INFO - Processing /home/airflow/.local/lib/python3.8/site-packages/airflow/example_dags/example_latest_only_with_trigger.py took 0.268 seconds
[2025-11-10T01:06:56.285+0000] {processor.py:161} INFO - Started process (PID=3608) to work on /home/airflow/.local/lib/python3.8/site-packages/airflow/example_dags/example_latest_only_with_trigger.py
[2025-11-10T01:06:56.286+0000] {processor.py:830} INFO - Processing file /home/airflow/.local/lib/python3.8/site-packages/airflow/example_dags/example_latest_only_with_trigger.py for tasks to queue
[2025-11-10T01:06:56.288+0000] {logging_mixin.py:188} INFO - [2025-11-10T01:06:56.288+0000] {dagbag.py:538} INFO - Filling up the DagBag from /home/airflow/.local/lib/python3.8/site-packages/airflow/example_dags/example_latest_only_with_trigger.py
[2025-11-10T01:06:56.296+0000] {processor.py:840} INFO - DAG(s) 'latest_only_with_trigger' retrieved from /home/airflow/.local/lib/python3.8/site-packages/airflow/example_dags/example_latest_only_with_trigger.py
[2025-11-10T01:06:56.322+0000] {logging_mixin.py:188} INFO - [2025-11-10T01:06:56.321+0000] {dag.py:3036} INFO - Sync 1 DAGs
[2025-11-10T01:06:56.347+0000] {logging_mixin.py:188} INFO - [2025-11-10T01:06:56.347+0000] {dag.py:3823} INFO - Setting next_dagrun for latest_only_with_trigger to 2025-11-09 20:00:00+00:00, run_after=2025-11-10 00:00:00+00:00
[2025-11-10T01:06:56.384+0000] {processor.py:183} INFO - Processing /home/airflow/.local/lib/python3.8/site-packages/airflow/example_dags/example_latest_only_with_trigger.py took 0.103 seconds
