[2025-11-10T00:49:30.858+0000] {processor.py:161} INFO - Started process (PID=181) to work on /home/airflow/.local/lib/python3.8/site-packages/airflow/example_dags/example_short_circuit_operator.py
[2025-11-10T00:49:30.860+0000] {processor.py:830} INFO - Processing file /home/airflow/.local/lib/python3.8/site-packages/airflow/example_dags/example_short_circuit_operator.py for tasks to queue
[2025-11-10T00:49:30.862+0000] {logging_mixin.py:188} INFO - [2025-11-10T00:49:30.861+0000] {dagbag.py:538} INFO - Filling up the DagBag from /home/airflow/.local/lib/python3.8/site-packages/airflow/example_dags/example_short_circuit_operator.py
[2025-11-10T00:49:30.875+0000] {processor.py:840} INFO - DAG(s) 'example_short_circuit_operator' retrieved from /home/airflow/.local/lib/python3.8/site-packages/airflow/example_dags/example_short_circuit_operator.py
[2025-11-10T00:49:31.064+0000] {logging_mixin.py:188} INFO - [2025-11-10T00:49:31.063+0000] {override.py:1769} INFO - Created Permission View: can delete on DAG:example_short_circuit_operator
[2025-11-10T00:49:31.095+0000] {logging_mixin.py:188} INFO - [2025-11-10T00:49:31.094+0000] {override.py:1769} INFO - Created Permission View: can read on DAG:example_short_circuit_operator
[2025-11-10T00:49:31.110+0000] {logging_mixin.py:188} INFO - [2025-11-10T00:49:31.109+0000] {override.py:1769} INFO - Created Permission View: can edit on DAG:example_short_circuit_operator
[2025-11-10T00:49:31.112+0000] {logging_mixin.py:188} INFO - [2025-11-10T00:49:31.112+0000] {dag.py:3036} INFO - Sync 1 DAGs
[2025-11-10T00:49:31.133+0000] {logging_mixin.py:188} INFO - [2025-11-10T00:49:31.132+0000] {dag.py:3058} INFO - Creating ORM DAG for example_short_circuit_operator
[2025-11-10T00:49:31.151+0000] {logging_mixin.py:188} INFO - [2025-11-10T00:49:31.151+0000] {dag.py:3823} INFO - Setting next_dagrun for example_short_circuit_operator to 2025-11-09 00:00:00+00:00, run_after=2025-11-10 00:00:00+00:00
[2025-11-10T00:49:31.192+0000] {processor.py:183} INFO - Processing /home/airflow/.local/lib/python3.8/site-packages/airflow/example_dags/example_short_circuit_operator.py took 0.338 seconds
[2025-11-10T00:50:01.248+0000] {processor.py:161} INFO - Started process (PID=278) to work on /home/airflow/.local/lib/python3.8/site-packages/airflow/example_dags/example_short_circuit_operator.py
[2025-11-10T00:50:01.250+0000] {processor.py:830} INFO - Processing file /home/airflow/.local/lib/python3.8/site-packages/airflow/example_dags/example_short_circuit_operator.py for tasks to queue
[2025-11-10T00:50:01.251+0000] {logging_mixin.py:188} INFO - [2025-11-10T00:50:01.251+0000] {dagbag.py:538} INFO - Filling up the DagBag from /home/airflow/.local/lib/python3.8/site-packages/airflow/example_dags/example_short_circuit_operator.py
[2025-11-10T00:50:01.262+0000] {processor.py:840} INFO - DAG(s) 'example_short_circuit_operator' retrieved from /home/airflow/.local/lib/python3.8/site-packages/airflow/example_dags/example_short_circuit_operator.py
[2025-11-10T00:50:01.298+0000] {logging_mixin.py:188} INFO - [2025-11-10T00:50:01.297+0000] {dag.py:3036} INFO - Sync 1 DAGs
[2025-11-10T00:50:01.328+0000] {logging_mixin.py:188} INFO - [2025-11-10T00:50:01.327+0000] {dag.py:3823} INFO - Setting next_dagrun for example_short_circuit_operator to 2025-11-09 00:00:00+00:00, run_after=2025-11-10 00:00:00+00:00
[2025-11-10T00:50:01.362+0000] {processor.py:183} INFO - Processing /home/airflow/.local/lib/python3.8/site-packages/airflow/example_dags/example_short_circuit_operator.py took 0.120 seconds
[2025-11-10T00:50:32.500+0000] {processor.py:161} INFO - Started process (PID=375) to work on /home/airflow/.local/lib/python3.8/site-packages/airflow/example_dags/example_short_circuit_operator.py
[2025-11-10T00:50:32.501+0000] {processor.py:830} INFO - Processing file /home/airflow/.local/lib/python3.8/site-packages/airflow/example_dags/example_short_circuit_operator.py for tasks to queue
[2025-11-10T00:50:32.502+0000] {logging_mixin.py:188} INFO - [2025-11-10T00:50:32.502+0000] {dagbag.py:538} INFO - Filling up the DagBag from /home/airflow/.local/lib/python3.8/site-packages/airflow/example_dags/example_short_circuit_operator.py
[2025-11-10T00:50:32.514+0000] {processor.py:840} INFO - DAG(s) 'example_short_circuit_operator' retrieved from /home/airflow/.local/lib/python3.8/site-packages/airflow/example_dags/example_short_circuit_operator.py
[2025-11-10T00:50:32.554+0000] {logging_mixin.py:188} INFO - [2025-11-10T00:50:32.554+0000] {dag.py:3036} INFO - Sync 1 DAGs
[2025-11-10T00:50:32.589+0000] {logging_mixin.py:188} INFO - [2025-11-10T00:50:32.589+0000] {dag.py:3823} INFO - Setting next_dagrun for example_short_circuit_operator to 2025-11-09 00:00:00+00:00, run_after=2025-11-10 00:00:00+00:00
[2025-11-10T00:50:32.627+0000] {processor.py:183} INFO - Processing /home/airflow/.local/lib/python3.8/site-packages/airflow/example_dags/example_short_circuit_operator.py took 0.132 seconds
[2025-11-10T00:51:03.851+0000] {processor.py:161} INFO - Started process (PID=472) to work on /home/airflow/.local/lib/python3.8/site-packages/airflow/example_dags/example_short_circuit_operator.py
[2025-11-10T00:51:03.852+0000] {processor.py:830} INFO - Processing file /home/airflow/.local/lib/python3.8/site-packages/airflow/example_dags/example_short_circuit_operator.py for tasks to queue
[2025-11-10T00:51:03.854+0000] {logging_mixin.py:188} INFO - [2025-11-10T00:51:03.854+0000] {dagbag.py:538} INFO - Filling up the DagBag from /home/airflow/.local/lib/python3.8/site-packages/airflow/example_dags/example_short_circuit_operator.py
[2025-11-10T00:51:03.865+0000] {processor.py:840} INFO - DAG(s) 'example_short_circuit_operator' retrieved from /home/airflow/.local/lib/python3.8/site-packages/airflow/example_dags/example_short_circuit_operator.py
[2025-11-10T00:51:03.903+0000] {logging_mixin.py:188} INFO - [2025-11-10T00:51:03.903+0000] {dag.py:3036} INFO - Sync 1 DAGs
[2025-11-10T00:51:03.932+0000] {logging_mixin.py:188} INFO - [2025-11-10T00:51:03.932+0000] {dag.py:3823} INFO - Setting next_dagrun for example_short_circuit_operator to 2025-11-09 00:00:00+00:00, run_after=2025-11-10 00:00:00+00:00
[2025-11-10T00:51:03.961+0000] {processor.py:183} INFO - Processing /home/airflow/.local/lib/python3.8/site-packages/airflow/example_dags/example_short_circuit_operator.py took 0.113 seconds
[2025-11-10T00:51:34.832+0000] {processor.py:161} INFO - Started process (PID=569) to work on /home/airflow/.local/lib/python3.8/site-packages/airflow/example_dags/example_short_circuit_operator.py
[2025-11-10T00:51:34.833+0000] {processor.py:830} INFO - Processing file /home/airflow/.local/lib/python3.8/site-packages/airflow/example_dags/example_short_circuit_operator.py for tasks to queue
[2025-11-10T00:51:34.835+0000] {logging_mixin.py:188} INFO - [2025-11-10T00:51:34.835+0000] {dagbag.py:538} INFO - Filling up the DagBag from /home/airflow/.local/lib/python3.8/site-packages/airflow/example_dags/example_short_circuit_operator.py
[2025-11-10T00:51:34.849+0000] {processor.py:840} INFO - DAG(s) 'example_short_circuit_operator' retrieved from /home/airflow/.local/lib/python3.8/site-packages/airflow/example_dags/example_short_circuit_operator.py
[2025-11-10T00:51:34.893+0000] {logging_mixin.py:188} INFO - [2025-11-10T00:51:34.892+0000] {dag.py:3036} INFO - Sync 1 DAGs
[2025-11-10T00:51:34.930+0000] {logging_mixin.py:188} INFO - [2025-11-10T00:51:34.930+0000] {dag.py:3823} INFO - Setting next_dagrun for example_short_circuit_operator to 2025-11-09 00:00:00+00:00, run_after=2025-11-10 00:00:00+00:00
[2025-11-10T00:51:34.968+0000] {processor.py:183} INFO - Processing /home/airflow/.local/lib/python3.8/site-packages/airflow/example_dags/example_short_circuit_operator.py took 0.141 seconds
[2025-11-10T00:52:05.468+0000] {processor.py:161} INFO - Started process (PID=673) to work on /home/airflow/.local/lib/python3.8/site-packages/airflow/example_dags/example_short_circuit_operator.py
[2025-11-10T00:52:05.469+0000] {processor.py:830} INFO - Processing file /home/airflow/.local/lib/python3.8/site-packages/airflow/example_dags/example_short_circuit_operator.py for tasks to queue
[2025-11-10T00:52:05.470+0000] {logging_mixin.py:188} INFO - [2025-11-10T00:52:05.470+0000] {dagbag.py:538} INFO - Filling up the DagBag from /home/airflow/.local/lib/python3.8/site-packages/airflow/example_dags/example_short_circuit_operator.py
[2025-11-10T00:52:05.485+0000] {processor.py:840} INFO - DAG(s) 'example_short_circuit_operator' retrieved from /home/airflow/.local/lib/python3.8/site-packages/airflow/example_dags/example_short_circuit_operator.py
[2025-11-10T00:52:05.527+0000] {logging_mixin.py:188} INFO - [2025-11-10T00:52:05.526+0000] {dag.py:3036} INFO - Sync 1 DAGs
[2025-11-10T00:52:05.564+0000] {logging_mixin.py:188} INFO - [2025-11-10T00:52:05.564+0000] {dag.py:3823} INFO - Setting next_dagrun for example_short_circuit_operator to 2025-11-09 00:00:00+00:00, run_after=2025-11-10 00:00:00+00:00
[2025-11-10T00:52:05.603+0000] {processor.py:183} INFO - Processing /home/airflow/.local/lib/python3.8/site-packages/airflow/example_dags/example_short_circuit_operator.py took 0.140 seconds
[2025-11-10T00:52:36.077+0000] {processor.py:161} INFO - Started process (PID=769) to work on /home/airflow/.local/lib/python3.8/site-packages/airflow/example_dags/example_short_circuit_operator.py
[2025-11-10T00:52:36.080+0000] {processor.py:830} INFO - Processing file /home/airflow/.local/lib/python3.8/site-packages/airflow/example_dags/example_short_circuit_operator.py for tasks to queue
[2025-11-10T00:52:36.089+0000] {logging_mixin.py:188} INFO - [2025-11-10T00:52:36.088+0000] {dagbag.py:538} INFO - Filling up the DagBag from /home/airflow/.local/lib/python3.8/site-packages/airflow/example_dags/example_short_circuit_operator.py
[2025-11-10T00:52:36.121+0000] {processor.py:840} INFO - DAG(s) 'example_short_circuit_operator' retrieved from /home/airflow/.local/lib/python3.8/site-packages/airflow/example_dags/example_short_circuit_operator.py
[2025-11-10T00:52:36.190+0000] {logging_mixin.py:188} INFO - [2025-11-10T00:52:36.190+0000] {dag.py:3036} INFO - Sync 1 DAGs
[2025-11-10T00:52:36.265+0000] {logging_mixin.py:188} INFO - [2025-11-10T00:52:36.264+0000] {dag.py:3823} INFO - Setting next_dagrun for example_short_circuit_operator to 2025-11-09 00:00:00+00:00, run_after=2025-11-10 00:00:00+00:00
[2025-11-10T00:52:36.330+0000] {processor.py:183} INFO - Processing /home/airflow/.local/lib/python3.8/site-packages/airflow/example_dags/example_short_circuit_operator.py took 0.262 seconds
[2025-11-10T00:53:06.459+0000] {processor.py:161} INFO - Started process (PID=881) to work on /home/airflow/.local/lib/python3.8/site-packages/airflow/example_dags/example_short_circuit_operator.py
[2025-11-10T00:53:06.460+0000] {processor.py:830} INFO - Processing file /home/airflow/.local/lib/python3.8/site-packages/airflow/example_dags/example_short_circuit_operator.py for tasks to queue
[2025-11-10T00:53:06.462+0000] {logging_mixin.py:188} INFO - [2025-11-10T00:53:06.462+0000] {dagbag.py:538} INFO - Filling up the DagBag from /home/airflow/.local/lib/python3.8/site-packages/airflow/example_dags/example_short_circuit_operator.py
[2025-11-10T00:53:06.473+0000] {processor.py:840} INFO - DAG(s) 'example_short_circuit_operator' retrieved from /home/airflow/.local/lib/python3.8/site-packages/airflow/example_dags/example_short_circuit_operator.py
[2025-11-10T00:53:06.513+0000] {logging_mixin.py:188} INFO - [2025-11-10T00:53:06.512+0000] {dag.py:3036} INFO - Sync 1 DAGs
[2025-11-10T00:53:06.542+0000] {logging_mixin.py:188} INFO - [2025-11-10T00:53:06.541+0000] {dag.py:3823} INFO - Setting next_dagrun for example_short_circuit_operator to 2025-11-09 00:00:00+00:00, run_after=2025-11-10 00:00:00+00:00
[2025-11-10T00:53:06.575+0000] {processor.py:183} INFO - Processing /home/airflow/.local/lib/python3.8/site-packages/airflow/example_dags/example_short_circuit_operator.py took 0.120 seconds
[2025-11-10T00:53:37.129+0000] {processor.py:161} INFO - Started process (PID=979) to work on /home/airflow/.local/lib/python3.8/site-packages/airflow/example_dags/example_short_circuit_operator.py
[2025-11-10T00:53:37.131+0000] {processor.py:830} INFO - Processing file /home/airflow/.local/lib/python3.8/site-packages/airflow/example_dags/example_short_circuit_operator.py for tasks to queue
[2025-11-10T00:53:37.133+0000] {logging_mixin.py:188} INFO - [2025-11-10T00:53:37.132+0000] {dagbag.py:538} INFO - Filling up the DagBag from /home/airflow/.local/lib/python3.8/site-packages/airflow/example_dags/example_short_circuit_operator.py
[2025-11-10T00:53:37.146+0000] {processor.py:840} INFO - DAG(s) 'example_short_circuit_operator' retrieved from /home/airflow/.local/lib/python3.8/site-packages/airflow/example_dags/example_short_circuit_operator.py
[2025-11-10T00:53:37.191+0000] {logging_mixin.py:188} INFO - [2025-11-10T00:53:37.191+0000] {dag.py:3036} INFO - Sync 1 DAGs
[2025-11-10T00:53:37.222+0000] {logging_mixin.py:188} INFO - [2025-11-10T00:53:37.222+0000] {dag.py:3823} INFO - Setting next_dagrun for example_short_circuit_operator to 2025-11-09 00:00:00+00:00, run_after=2025-11-10 00:00:00+00:00
[2025-11-10T00:53:37.252+0000] {processor.py:183} INFO - Processing /home/airflow/.local/lib/python3.8/site-packages/airflow/example_dags/example_short_circuit_operator.py took 0.128 seconds
[2025-11-10T00:54:07.747+0000] {processor.py:161} INFO - Started process (PID=1076) to work on /home/airflow/.local/lib/python3.8/site-packages/airflow/example_dags/example_short_circuit_operator.py
[2025-11-10T00:54:07.749+0000] {processor.py:830} INFO - Processing file /home/airflow/.local/lib/python3.8/site-packages/airflow/example_dags/example_short_circuit_operator.py for tasks to queue
[2025-11-10T00:54:07.751+0000] {logging_mixin.py:188} INFO - [2025-11-10T00:54:07.751+0000] {dagbag.py:538} INFO - Filling up the DagBag from /home/airflow/.local/lib/python3.8/site-packages/airflow/example_dags/example_short_circuit_operator.py
[2025-11-10T00:54:07.760+0000] {processor.py:840} INFO - DAG(s) 'example_short_circuit_operator' retrieved from /home/airflow/.local/lib/python3.8/site-packages/airflow/example_dags/example_short_circuit_operator.py
[2025-11-10T00:54:07.799+0000] {logging_mixin.py:188} INFO - [2025-11-10T00:54:07.798+0000] {dag.py:3036} INFO - Sync 1 DAGs
[2025-11-10T00:54:07.834+0000] {logging_mixin.py:188} INFO - [2025-11-10T00:54:07.833+0000] {dag.py:3823} INFO - Setting next_dagrun for example_short_circuit_operator to 2025-11-09 00:00:00+00:00, run_after=2025-11-10 00:00:00+00:00
[2025-11-10T00:54:07.867+0000] {processor.py:183} INFO - Processing /home/airflow/.local/lib/python3.8/site-packages/airflow/example_dags/example_short_circuit_operator.py took 0.126 seconds
[2025-11-10T00:54:38.798+0000] {processor.py:161} INFO - Started process (PID=1173) to work on /home/airflow/.local/lib/python3.8/site-packages/airflow/example_dags/example_short_circuit_operator.py
[2025-11-10T00:54:38.799+0000] {processor.py:830} INFO - Processing file /home/airflow/.local/lib/python3.8/site-packages/airflow/example_dags/example_short_circuit_operator.py for tasks to queue
[2025-11-10T00:54:38.801+0000] {logging_mixin.py:188} INFO - [2025-11-10T00:54:38.801+0000] {dagbag.py:538} INFO - Filling up the DagBag from /home/airflow/.local/lib/python3.8/site-packages/airflow/example_dags/example_short_circuit_operator.py
[2025-11-10T00:54:38.819+0000] {processor.py:840} INFO - DAG(s) 'example_short_circuit_operator' retrieved from /home/airflow/.local/lib/python3.8/site-packages/airflow/example_dags/example_short_circuit_operator.py
[2025-11-10T00:54:38.876+0000] {logging_mixin.py:188} INFO - [2025-11-10T00:54:38.875+0000] {dag.py:3036} INFO - Sync 1 DAGs
[2025-11-10T00:54:38.925+0000] {logging_mixin.py:188} INFO - [2025-11-10T00:54:38.924+0000] {dag.py:3823} INFO - Setting next_dagrun for example_short_circuit_operator to 2025-11-09 00:00:00+00:00, run_after=2025-11-10 00:00:00+00:00
[2025-11-10T00:54:38.967+0000] {processor.py:183} INFO - Processing /home/airflow/.local/lib/python3.8/site-packages/airflow/example_dags/example_short_circuit_operator.py took 0.176 seconds
[2025-11-10T00:55:09.354+0000] {processor.py:161} INFO - Started process (PID=1270) to work on /home/airflow/.local/lib/python3.8/site-packages/airflow/example_dags/example_short_circuit_operator.py
[2025-11-10T00:55:09.355+0000] {processor.py:830} INFO - Processing file /home/airflow/.local/lib/python3.8/site-packages/airflow/example_dags/example_short_circuit_operator.py for tasks to queue
[2025-11-10T00:55:09.357+0000] {logging_mixin.py:188} INFO - [2025-11-10T00:55:09.357+0000] {dagbag.py:538} INFO - Filling up the DagBag from /home/airflow/.local/lib/python3.8/site-packages/airflow/example_dags/example_short_circuit_operator.py
[2025-11-10T00:55:09.369+0000] {processor.py:840} INFO - DAG(s) 'example_short_circuit_operator' retrieved from /home/airflow/.local/lib/python3.8/site-packages/airflow/example_dags/example_short_circuit_operator.py
[2025-11-10T00:55:09.409+0000] {logging_mixin.py:188} INFO - [2025-11-10T00:55:09.409+0000] {dag.py:3036} INFO - Sync 1 DAGs
[2025-11-10T00:55:09.444+0000] {logging_mixin.py:188} INFO - [2025-11-10T00:55:09.444+0000] {dag.py:3823} INFO - Setting next_dagrun for example_short_circuit_operator to 2025-11-09 00:00:00+00:00, run_after=2025-11-10 00:00:00+00:00
[2025-11-10T00:55:09.484+0000] {processor.py:183} INFO - Processing /home/airflow/.local/lib/python3.8/site-packages/airflow/example_dags/example_short_circuit_operator.py took 0.134 seconds
[2025-11-10T00:55:40.416+0000] {processor.py:161} INFO - Started process (PID=1367) to work on /home/airflow/.local/lib/python3.8/site-packages/airflow/example_dags/example_short_circuit_operator.py
[2025-11-10T00:55:40.416+0000] {processor.py:830} INFO - Processing file /home/airflow/.local/lib/python3.8/site-packages/airflow/example_dags/example_short_circuit_operator.py for tasks to queue
[2025-11-10T00:55:40.418+0000] {logging_mixin.py:188} INFO - [2025-11-10T00:55:40.417+0000] {dagbag.py:538} INFO - Filling up the DagBag from /home/airflow/.local/lib/python3.8/site-packages/airflow/example_dags/example_short_circuit_operator.py
[2025-11-10T00:55:40.429+0000] {processor.py:840} INFO - DAG(s) 'example_short_circuit_operator' retrieved from /home/airflow/.local/lib/python3.8/site-packages/airflow/example_dags/example_short_circuit_operator.py
[2025-11-10T00:55:40.494+0000] {logging_mixin.py:188} INFO - [2025-11-10T00:55:40.493+0000] {dag.py:3036} INFO - Sync 1 DAGs
[2025-11-10T00:55:40.542+0000] {logging_mixin.py:188} INFO - [2025-11-10T00:55:40.542+0000] {dag.py:3823} INFO - Setting next_dagrun for example_short_circuit_operator to 2025-11-09 00:00:00+00:00, run_after=2025-11-10 00:00:00+00:00
[2025-11-10T00:55:40.588+0000] {processor.py:183} INFO - Processing /home/airflow/.local/lib/python3.8/site-packages/airflow/example_dags/example_short_circuit_operator.py took 0.176 seconds
[2025-11-10T00:56:10.806+0000] {processor.py:161} INFO - Started process (PID=1464) to work on /home/airflow/.local/lib/python3.8/site-packages/airflow/example_dags/example_short_circuit_operator.py
[2025-11-10T00:56:10.808+0000] {processor.py:830} INFO - Processing file /home/airflow/.local/lib/python3.8/site-packages/airflow/example_dags/example_short_circuit_operator.py for tasks to queue
[2025-11-10T00:56:10.810+0000] {logging_mixin.py:188} INFO - [2025-11-10T00:56:10.809+0000] {dagbag.py:538} INFO - Filling up the DagBag from /home/airflow/.local/lib/python3.8/site-packages/airflow/example_dags/example_short_circuit_operator.py
[2025-11-10T00:56:10.828+0000] {processor.py:840} INFO - DAG(s) 'example_short_circuit_operator' retrieved from /home/airflow/.local/lib/python3.8/site-packages/airflow/example_dags/example_short_circuit_operator.py
[2025-11-10T00:56:10.878+0000] {logging_mixin.py:188} INFO - [2025-11-10T00:56:10.878+0000] {dag.py:3036} INFO - Sync 1 DAGs
[2025-11-10T00:56:10.928+0000] {logging_mixin.py:188} INFO - [2025-11-10T00:56:10.927+0000] {dag.py:3823} INFO - Setting next_dagrun for example_short_circuit_operator to 2025-11-09 00:00:00+00:00, run_after=2025-11-10 00:00:00+00:00
[2025-11-10T00:56:10.974+0000] {processor.py:183} INFO - Processing /home/airflow/.local/lib/python3.8/site-packages/airflow/example_dags/example_short_circuit_operator.py took 0.172 seconds
[2025-11-10T00:56:41.356+0000] {processor.py:161} INFO - Started process (PID=1560) to work on /home/airflow/.local/lib/python3.8/site-packages/airflow/example_dags/example_short_circuit_operator.py
[2025-11-10T00:56:41.358+0000] {processor.py:830} INFO - Processing file /home/airflow/.local/lib/python3.8/site-packages/airflow/example_dags/example_short_circuit_operator.py for tasks to queue
[2025-11-10T00:56:41.362+0000] {logging_mixin.py:188} INFO - [2025-11-10T00:56:41.360+0000] {dagbag.py:538} INFO - Filling up the DagBag from /home/airflow/.local/lib/python3.8/site-packages/airflow/example_dags/example_short_circuit_operator.py
[2025-11-10T00:56:41.384+0000] {processor.py:840} INFO - DAG(s) 'example_short_circuit_operator' retrieved from /home/airflow/.local/lib/python3.8/site-packages/airflow/example_dags/example_short_circuit_operator.py
[2025-11-10T00:56:41.479+0000] {logging_mixin.py:188} INFO - [2025-11-10T00:56:41.478+0000] {dag.py:3036} INFO - Sync 1 DAGs
[2025-11-10T00:56:41.550+0000] {logging_mixin.py:188} INFO - [2025-11-10T00:56:41.550+0000] {dag.py:3823} INFO - Setting next_dagrun for example_short_circuit_operator to 2025-11-09 00:00:00+00:00, run_after=2025-11-10 00:00:00+00:00
[2025-11-10T00:56:41.601+0000] {processor.py:183} INFO - Processing /home/airflow/.local/lib/python3.8/site-packages/airflow/example_dags/example_short_circuit_operator.py took 0.253 seconds
[2025-11-10T00:57:12.443+0000] {processor.py:161} INFO - Started process (PID=1658) to work on /home/airflow/.local/lib/python3.8/site-packages/airflow/example_dags/example_short_circuit_operator.py
[2025-11-10T00:57:12.444+0000] {processor.py:830} INFO - Processing file /home/airflow/.local/lib/python3.8/site-packages/airflow/example_dags/example_short_circuit_operator.py for tasks to queue
[2025-11-10T00:57:12.445+0000] {logging_mixin.py:188} INFO - [2025-11-10T00:57:12.445+0000] {dagbag.py:538} INFO - Filling up the DagBag from /home/airflow/.local/lib/python3.8/site-packages/airflow/example_dags/example_short_circuit_operator.py
[2025-11-10T00:57:12.459+0000] {processor.py:840} INFO - DAG(s) 'example_short_circuit_operator' retrieved from /home/airflow/.local/lib/python3.8/site-packages/airflow/example_dags/example_short_circuit_operator.py
[2025-11-10T00:57:12.494+0000] {logging_mixin.py:188} INFO - [2025-11-10T00:57:12.493+0000] {dag.py:3036} INFO - Sync 1 DAGs
[2025-11-10T00:57:12.527+0000] {logging_mixin.py:188} INFO - [2025-11-10T00:57:12.526+0000] {dag.py:3823} INFO - Setting next_dagrun for example_short_circuit_operator to 2025-11-09 00:00:00+00:00, run_after=2025-11-10 00:00:00+00:00
[2025-11-10T00:57:12.561+0000] {processor.py:183} INFO - Processing /home/airflow/.local/lib/python3.8/site-packages/airflow/example_dags/example_short_circuit_operator.py took 0.122 seconds
[2025-11-10T00:57:43.082+0000] {processor.py:161} INFO - Started process (PID=1755) to work on /home/airflow/.local/lib/python3.8/site-packages/airflow/example_dags/example_short_circuit_operator.py
[2025-11-10T00:57:43.084+0000] {processor.py:830} INFO - Processing file /home/airflow/.local/lib/python3.8/site-packages/airflow/example_dags/example_short_circuit_operator.py for tasks to queue
[2025-11-10T00:57:43.086+0000] {logging_mixin.py:188} INFO - [2025-11-10T00:57:43.085+0000] {dagbag.py:538} INFO - Filling up the DagBag from /home/airflow/.local/lib/python3.8/site-packages/airflow/example_dags/example_short_circuit_operator.py
[2025-11-10T00:57:43.100+0000] {processor.py:840} INFO - DAG(s) 'example_short_circuit_operator' retrieved from /home/airflow/.local/lib/python3.8/site-packages/airflow/example_dags/example_short_circuit_operator.py
[2025-11-10T00:57:43.133+0000] {logging_mixin.py:188} INFO - [2025-11-10T00:57:43.132+0000] {dag.py:3036} INFO - Sync 1 DAGs
[2025-11-10T00:57:43.163+0000] {logging_mixin.py:188} INFO - [2025-11-10T00:57:43.162+0000] {dag.py:3823} INFO - Setting next_dagrun for example_short_circuit_operator to 2025-11-09 00:00:00+00:00, run_after=2025-11-10 00:00:00+00:00
[2025-11-10T00:57:43.199+0000] {processor.py:183} INFO - Processing /home/airflow/.local/lib/python3.8/site-packages/airflow/example_dags/example_short_circuit_operator.py took 0.123 seconds
[2025-11-10T00:58:13.283+0000] {processor.py:161} INFO - Started process (PID=1859) to work on /home/airflow/.local/lib/python3.8/site-packages/airflow/example_dags/example_short_circuit_operator.py
[2025-11-10T00:58:13.284+0000] {processor.py:830} INFO - Processing file /home/airflow/.local/lib/python3.8/site-packages/airflow/example_dags/example_short_circuit_operator.py for tasks to queue
[2025-11-10T00:58:13.285+0000] {logging_mixin.py:188} INFO - [2025-11-10T00:58:13.285+0000] {dagbag.py:538} INFO - Filling up the DagBag from /home/airflow/.local/lib/python3.8/site-packages/airflow/example_dags/example_short_circuit_operator.py
[2025-11-10T00:58:13.297+0000] {processor.py:840} INFO - DAG(s) 'example_short_circuit_operator' retrieved from /home/airflow/.local/lib/python3.8/site-packages/airflow/example_dags/example_short_circuit_operator.py
[2025-11-10T00:58:13.333+0000] {logging_mixin.py:188} INFO - [2025-11-10T00:58:13.333+0000] {dag.py:3036} INFO - Sync 1 DAGs
[2025-11-10T00:58:13.361+0000] {logging_mixin.py:188} INFO - [2025-11-10T00:58:13.360+0000] {dag.py:3823} INFO - Setting next_dagrun for example_short_circuit_operator to 2025-11-09 00:00:00+00:00, run_after=2025-11-10 00:00:00+00:00
[2025-11-10T00:58:13.384+0000] {processor.py:183} INFO - Processing /home/airflow/.local/lib/python3.8/site-packages/airflow/example_dags/example_short_circuit_operator.py took 0.106 seconds
[2025-11-10T00:58:43.680+0000] {processor.py:161} INFO - Started process (PID=1971) to work on /home/airflow/.local/lib/python3.8/site-packages/airflow/example_dags/example_short_circuit_operator.py
[2025-11-10T00:58:43.682+0000] {processor.py:830} INFO - Processing file /home/airflow/.local/lib/python3.8/site-packages/airflow/example_dags/example_short_circuit_operator.py for tasks to queue
[2025-11-10T00:58:43.685+0000] {logging_mixin.py:188} INFO - [2025-11-10T00:58:43.683+0000] {dagbag.py:538} INFO - Filling up the DagBag from /home/airflow/.local/lib/python3.8/site-packages/airflow/example_dags/example_short_circuit_operator.py
[2025-11-10T00:58:43.698+0000] {processor.py:840} INFO - DAG(s) 'example_short_circuit_operator' retrieved from /home/airflow/.local/lib/python3.8/site-packages/airflow/example_dags/example_short_circuit_operator.py
[2025-11-10T00:58:43.732+0000] {logging_mixin.py:188} INFO - [2025-11-10T00:58:43.732+0000] {dag.py:3036} INFO - Sync 1 DAGs
[2025-11-10T00:58:43.763+0000] {logging_mixin.py:188} INFO - [2025-11-10T00:58:43.763+0000] {dag.py:3823} INFO - Setting next_dagrun for example_short_circuit_operator to 2025-11-09 00:00:00+00:00, run_after=2025-11-10 00:00:00+00:00
[2025-11-10T00:58:43.792+0000] {processor.py:183} INFO - Processing /home/airflow/.local/lib/python3.8/site-packages/airflow/example_dags/example_short_circuit_operator.py took 0.116 seconds
[2025-11-10T00:59:13.975+0000] {processor.py:161} INFO - Started process (PID=2068) to work on /home/airflow/.local/lib/python3.8/site-packages/airflow/example_dags/example_short_circuit_operator.py
[2025-11-10T00:59:13.976+0000] {processor.py:830} INFO - Processing file /home/airflow/.local/lib/python3.8/site-packages/airflow/example_dags/example_short_circuit_operator.py for tasks to queue
[2025-11-10T00:59:13.977+0000] {logging_mixin.py:188} INFO - [2025-11-10T00:59:13.977+0000] {dagbag.py:538} INFO - Filling up the DagBag from /home/airflow/.local/lib/python3.8/site-packages/airflow/example_dags/example_short_circuit_operator.py
[2025-11-10T00:59:13.988+0000] {processor.py:840} INFO - DAG(s) 'example_short_circuit_operator' retrieved from /home/airflow/.local/lib/python3.8/site-packages/airflow/example_dags/example_short_circuit_operator.py
[2025-11-10T00:59:14.020+0000] {logging_mixin.py:188} INFO - [2025-11-10T00:59:14.020+0000] {dag.py:3036} INFO - Sync 1 DAGs
[2025-11-10T00:59:14.049+0000] {logging_mixin.py:188} INFO - [2025-11-10T00:59:14.048+0000] {dag.py:3823} INFO - Setting next_dagrun for example_short_circuit_operator to 2025-11-09 00:00:00+00:00, run_after=2025-11-10 00:00:00+00:00
[2025-11-10T00:59:14.076+0000] {processor.py:183} INFO - Processing /home/airflow/.local/lib/python3.8/site-packages/airflow/example_dags/example_short_circuit_operator.py took 0.105 seconds
[2025-11-10T00:59:44.221+0000] {processor.py:161} INFO - Started process (PID=2164) to work on /home/airflow/.local/lib/python3.8/site-packages/airflow/example_dags/example_short_circuit_operator.py
[2025-11-10T00:59:44.222+0000] {processor.py:830} INFO - Processing file /home/airflow/.local/lib/python3.8/site-packages/airflow/example_dags/example_short_circuit_operator.py for tasks to queue
[2025-11-10T00:59:44.226+0000] {logging_mixin.py:188} INFO - [2025-11-10T00:59:44.226+0000] {dagbag.py:538} INFO - Filling up the DagBag from /home/airflow/.local/lib/python3.8/site-packages/airflow/example_dags/example_short_circuit_operator.py
[2025-11-10T00:59:44.235+0000] {processor.py:840} INFO - DAG(s) 'example_short_circuit_operator' retrieved from /home/airflow/.local/lib/python3.8/site-packages/airflow/example_dags/example_short_circuit_operator.py
[2025-11-10T00:59:44.270+0000] {logging_mixin.py:188} INFO - [2025-11-10T00:59:44.270+0000] {dag.py:3036} INFO - Sync 1 DAGs
[2025-11-10T00:59:44.303+0000] {logging_mixin.py:188} INFO - [2025-11-10T00:59:44.302+0000] {dag.py:3823} INFO - Setting next_dagrun for example_short_circuit_operator to 2025-11-09 00:00:00+00:00, run_after=2025-11-10 00:00:00+00:00
[2025-11-10T00:59:44.331+0000] {processor.py:183} INFO - Processing /home/airflow/.local/lib/python3.8/site-packages/airflow/example_dags/example_short_circuit_operator.py took 0.113 seconds
[2025-11-10T01:00:14.514+0000] {processor.py:161} INFO - Started process (PID=2261) to work on /home/airflow/.local/lib/python3.8/site-packages/airflow/example_dags/example_short_circuit_operator.py
[2025-11-10T01:00:14.515+0000] {processor.py:830} INFO - Processing file /home/airflow/.local/lib/python3.8/site-packages/airflow/example_dags/example_short_circuit_operator.py for tasks to queue
[2025-11-10T01:00:14.517+0000] {logging_mixin.py:188} INFO - [2025-11-10T01:00:14.517+0000] {dagbag.py:538} INFO - Filling up the DagBag from /home/airflow/.local/lib/python3.8/site-packages/airflow/example_dags/example_short_circuit_operator.py
[2025-11-10T01:00:14.529+0000] {processor.py:840} INFO - DAG(s) 'example_short_circuit_operator' retrieved from /home/airflow/.local/lib/python3.8/site-packages/airflow/example_dags/example_short_circuit_operator.py
[2025-11-10T01:00:14.566+0000] {logging_mixin.py:188} INFO - [2025-11-10T01:00:14.566+0000] {dag.py:3036} INFO - Sync 1 DAGs
[2025-11-10T01:00:14.594+0000] {logging_mixin.py:188} INFO - [2025-11-10T01:00:14.593+0000] {dag.py:3823} INFO - Setting next_dagrun for example_short_circuit_operator to 2025-11-09 00:00:00+00:00, run_after=2025-11-10 00:00:00+00:00
[2025-11-10T01:00:14.624+0000] {processor.py:183} INFO - Processing /home/airflow/.local/lib/python3.8/site-packages/airflow/example_dags/example_short_circuit_operator.py took 0.113 seconds
[2025-11-10T01:00:44.803+0000] {processor.py:161} INFO - Started process (PID=2358) to work on /home/airflow/.local/lib/python3.8/site-packages/airflow/example_dags/example_short_circuit_operator.py
[2025-11-10T01:00:44.804+0000] {processor.py:830} INFO - Processing file /home/airflow/.local/lib/python3.8/site-packages/airflow/example_dags/example_short_circuit_operator.py for tasks to queue
[2025-11-10T01:00:44.806+0000] {logging_mixin.py:188} INFO - [2025-11-10T01:00:44.805+0000] {dagbag.py:538} INFO - Filling up the DagBag from /home/airflow/.local/lib/python3.8/site-packages/airflow/example_dags/example_short_circuit_operator.py
[2025-11-10T01:00:44.818+0000] {processor.py:840} INFO - DAG(s) 'example_short_circuit_operator' retrieved from /home/airflow/.local/lib/python3.8/site-packages/airflow/example_dags/example_short_circuit_operator.py
[2025-11-10T01:00:44.878+0000] {logging_mixin.py:188} INFO - [2025-11-10T01:00:44.877+0000] {dag.py:3036} INFO - Sync 1 DAGs
[2025-11-10T01:00:44.929+0000] {logging_mixin.py:188} INFO - [2025-11-10T01:00:44.928+0000] {dag.py:3823} INFO - Setting next_dagrun for example_short_circuit_operator to 2025-11-09 00:00:00+00:00, run_after=2025-11-10 00:00:00+00:00
[2025-11-10T01:00:44.975+0000] {processor.py:183} INFO - Processing /home/airflow/.local/lib/python3.8/site-packages/airflow/example_dags/example_short_circuit_operator.py took 0.179 seconds
[2025-11-10T01:01:15.744+0000] {processor.py:161} INFO - Started process (PID=2463) to work on /home/airflow/.local/lib/python3.8/site-packages/airflow/example_dags/example_short_circuit_operator.py
[2025-11-10T01:01:15.745+0000] {processor.py:830} INFO - Processing file /home/airflow/.local/lib/python3.8/site-packages/airflow/example_dags/example_short_circuit_operator.py for tasks to queue
[2025-11-10T01:01:15.747+0000] {logging_mixin.py:188} INFO - [2025-11-10T01:01:15.746+0000] {dagbag.py:538} INFO - Filling up the DagBag from /home/airflow/.local/lib/python3.8/site-packages/airflow/example_dags/example_short_circuit_operator.py
[2025-11-10T01:01:15.760+0000] {processor.py:840} INFO - DAG(s) 'example_short_circuit_operator' retrieved from /home/airflow/.local/lib/python3.8/site-packages/airflow/example_dags/example_short_circuit_operator.py
[2025-11-10T01:01:15.796+0000] {logging_mixin.py:188} INFO - [2025-11-10T01:01:15.795+0000] {dag.py:3036} INFO - Sync 1 DAGs
[2025-11-10T01:01:15.827+0000] {logging_mixin.py:188} INFO - [2025-11-10T01:01:15.826+0000] {dag.py:3823} INFO - Setting next_dagrun for example_short_circuit_operator to 2025-11-09 00:00:00+00:00, run_after=2025-11-10 00:00:00+00:00
[2025-11-10T01:01:15.854+0000] {processor.py:183} INFO - Processing /home/airflow/.local/lib/python3.8/site-packages/airflow/example_dags/example_short_circuit_operator.py took 0.115 seconds
[2025-11-10T01:01:46.059+0000] {processor.py:161} INFO - Started process (PID=2575) to work on /home/airflow/.local/lib/python3.8/site-packages/airflow/example_dags/example_short_circuit_operator.py
[2025-11-10T01:01:46.061+0000] {processor.py:830} INFO - Processing file /home/airflow/.local/lib/python3.8/site-packages/airflow/example_dags/example_short_circuit_operator.py for tasks to queue
[2025-11-10T01:01:46.064+0000] {logging_mixin.py:188} INFO - [2025-11-10T01:01:46.063+0000] {dagbag.py:538} INFO - Filling up the DagBag from /home/airflow/.local/lib/python3.8/site-packages/airflow/example_dags/example_short_circuit_operator.py
[2025-11-10T01:01:46.077+0000] {processor.py:840} INFO - DAG(s) 'example_short_circuit_operator' retrieved from /home/airflow/.local/lib/python3.8/site-packages/airflow/example_dags/example_short_circuit_operator.py
[2025-11-10T01:01:46.113+0000] {logging_mixin.py:188} INFO - [2025-11-10T01:01:46.113+0000] {dag.py:3036} INFO - Sync 1 DAGs
[2025-11-10T01:01:46.170+0000] {logging_mixin.py:188} INFO - [2025-11-10T01:01:46.169+0000] {dag.py:3823} INFO - Setting next_dagrun for example_short_circuit_operator to 2025-11-09 00:00:00+00:00, run_after=2025-11-10 00:00:00+00:00
[2025-11-10T01:01:46.215+0000] {processor.py:183} INFO - Processing /home/airflow/.local/lib/python3.8/site-packages/airflow/example_dags/example_short_circuit_operator.py took 0.159 seconds
[2025-11-10T01:02:17.054+0000] {processor.py:161} INFO - Started process (PID=2672) to work on /home/airflow/.local/lib/python3.8/site-packages/airflow/example_dags/example_short_circuit_operator.py
[2025-11-10T01:02:17.055+0000] {processor.py:830} INFO - Processing file /home/airflow/.local/lib/python3.8/site-packages/airflow/example_dags/example_short_circuit_operator.py for tasks to queue
[2025-11-10T01:02:17.057+0000] {logging_mixin.py:188} INFO - [2025-11-10T01:02:17.056+0000] {dagbag.py:538} INFO - Filling up the DagBag from /home/airflow/.local/lib/python3.8/site-packages/airflow/example_dags/example_short_circuit_operator.py
[2025-11-10T01:02:17.069+0000] {processor.py:840} INFO - DAG(s) 'example_short_circuit_operator' retrieved from /home/airflow/.local/lib/python3.8/site-packages/airflow/example_dags/example_short_circuit_operator.py
[2025-11-10T01:02:17.101+0000] {logging_mixin.py:188} INFO - [2025-11-10T01:02:17.101+0000] {dag.py:3036} INFO - Sync 1 DAGs
[2025-11-10T01:02:17.133+0000] {logging_mixin.py:188} INFO - [2025-11-10T01:02:17.133+0000] {dag.py:3823} INFO - Setting next_dagrun for example_short_circuit_operator to 2025-11-09 00:00:00+00:00, run_after=2025-11-10 00:00:00+00:00
[2025-11-10T01:02:17.163+0000] {processor.py:183} INFO - Processing /home/airflow/.local/lib/python3.8/site-packages/airflow/example_dags/example_short_circuit_operator.py took 0.112 seconds
[2025-11-10T01:02:47.552+0000] {processor.py:161} INFO - Started process (PID=2769) to work on /home/airflow/.local/lib/python3.8/site-packages/airflow/example_dags/example_short_circuit_operator.py
[2025-11-10T01:02:47.553+0000] {processor.py:830} INFO - Processing file /home/airflow/.local/lib/python3.8/site-packages/airflow/example_dags/example_short_circuit_operator.py for tasks to queue
[2025-11-10T01:02:47.555+0000] {logging_mixin.py:188} INFO - [2025-11-10T01:02:47.555+0000] {dagbag.py:538} INFO - Filling up the DagBag from /home/airflow/.local/lib/python3.8/site-packages/airflow/example_dags/example_short_circuit_operator.py
[2025-11-10T01:02:47.567+0000] {processor.py:840} INFO - DAG(s) 'example_short_circuit_operator' retrieved from /home/airflow/.local/lib/python3.8/site-packages/airflow/example_dags/example_short_circuit_operator.py
[2025-11-10T01:02:47.607+0000] {logging_mixin.py:188} INFO - [2025-11-10T01:02:47.607+0000] {dag.py:3036} INFO - Sync 1 DAGs
[2025-11-10T01:02:47.647+0000] {logging_mixin.py:188} INFO - [2025-11-10T01:02:47.646+0000] {dag.py:3823} INFO - Setting next_dagrun for example_short_circuit_operator to 2025-11-09 00:00:00+00:00, run_after=2025-11-10 00:00:00+00:00
[2025-11-10T01:02:47.677+0000] {processor.py:183} INFO - Processing /home/airflow/.local/lib/python3.8/site-packages/airflow/example_dags/example_short_circuit_operator.py took 0.128 seconds
[2025-11-10T01:03:17.788+0000] {processor.py:161} INFO - Started process (PID=2866) to work on /home/airflow/.local/lib/python3.8/site-packages/airflow/example_dags/example_short_circuit_operator.py
[2025-11-10T01:03:17.789+0000] {processor.py:830} INFO - Processing file /home/airflow/.local/lib/python3.8/site-packages/airflow/example_dags/example_short_circuit_operator.py for tasks to queue
[2025-11-10T01:03:17.790+0000] {logging_mixin.py:188} INFO - [2025-11-10T01:03:17.790+0000] {dagbag.py:538} INFO - Filling up the DagBag from /home/airflow/.local/lib/python3.8/site-packages/airflow/example_dags/example_short_circuit_operator.py
[2025-11-10T01:03:17.802+0000] {processor.py:840} INFO - DAG(s) 'example_short_circuit_operator' retrieved from /home/airflow/.local/lib/python3.8/site-packages/airflow/example_dags/example_short_circuit_operator.py
[2025-11-10T01:03:17.836+0000] {logging_mixin.py:188} INFO - [2025-11-10T01:03:17.836+0000] {dag.py:3036} INFO - Sync 1 DAGs
[2025-11-10T01:03:17.863+0000] {logging_mixin.py:188} INFO - [2025-11-10T01:03:17.862+0000] {dag.py:3823} INFO - Setting next_dagrun for example_short_circuit_operator to 2025-11-09 00:00:00+00:00, run_after=2025-11-10 00:00:00+00:00
[2025-11-10T01:03:17.891+0000] {processor.py:183} INFO - Processing /home/airflow/.local/lib/python3.8/site-packages/airflow/example_dags/example_short_circuit_operator.py took 0.107 seconds
[2025-11-10T01:03:48.674+0000] {processor.py:161} INFO - Started process (PID=2971) to work on /home/airflow/.local/lib/python3.8/site-packages/airflow/example_dags/example_short_circuit_operator.py
[2025-11-10T01:03:48.676+0000] {processor.py:830} INFO - Processing file /home/airflow/.local/lib/python3.8/site-packages/airflow/example_dags/example_short_circuit_operator.py for tasks to queue
[2025-11-10T01:03:48.677+0000] {logging_mixin.py:188} INFO - [2025-11-10T01:03:48.677+0000] {dagbag.py:538} INFO - Filling up the DagBag from /home/airflow/.local/lib/python3.8/site-packages/airflow/example_dags/example_short_circuit_operator.py
[2025-11-10T01:03:48.688+0000] {processor.py:840} INFO - DAG(s) 'example_short_circuit_operator' retrieved from /home/airflow/.local/lib/python3.8/site-packages/airflow/example_dags/example_short_circuit_operator.py
[2025-11-10T01:03:48.725+0000] {logging_mixin.py:188} INFO - [2025-11-10T01:03:48.725+0000] {dag.py:3036} INFO - Sync 1 DAGs
[2025-11-10T01:03:48.778+0000] {logging_mixin.py:188} INFO - [2025-11-10T01:03:48.777+0000] {dag.py:3823} INFO - Setting next_dagrun for example_short_circuit_operator to 2025-11-09 00:00:00+00:00, run_after=2025-11-10 00:00:00+00:00
[2025-11-10T01:03:48.816+0000] {processor.py:183} INFO - Processing /home/airflow/.local/lib/python3.8/site-packages/airflow/example_dags/example_short_circuit_operator.py took 0.145 seconds
[2025-11-10T01:04:18.873+0000] {processor.py:161} INFO - Started process (PID=3082) to work on /home/airflow/.local/lib/python3.8/site-packages/airflow/example_dags/example_short_circuit_operator.py
[2025-11-10T01:04:18.875+0000] {processor.py:830} INFO - Processing file /home/airflow/.local/lib/python3.8/site-packages/airflow/example_dags/example_short_circuit_operator.py for tasks to queue
[2025-11-10T01:04:18.876+0000] {logging_mixin.py:188} INFO - [2025-11-10T01:04:18.876+0000] {dagbag.py:538} INFO - Filling up the DagBag from /home/airflow/.local/lib/python3.8/site-packages/airflow/example_dags/example_short_circuit_operator.py
[2025-11-10T01:04:18.888+0000] {processor.py:840} INFO - DAG(s) 'example_short_circuit_operator' retrieved from /home/airflow/.local/lib/python3.8/site-packages/airflow/example_dags/example_short_circuit_operator.py
[2025-11-10T01:04:18.924+0000] {logging_mixin.py:188} INFO - [2025-11-10T01:04:18.923+0000] {dag.py:3036} INFO - Sync 1 DAGs
[2025-11-10T01:04:18.952+0000] {logging_mixin.py:188} INFO - [2025-11-10T01:04:18.952+0000] {dag.py:3823} INFO - Setting next_dagrun for example_short_circuit_operator to 2025-11-09 00:00:00+00:00, run_after=2025-11-10 00:00:00+00:00
[2025-11-10T01:04:18.981+0000] {processor.py:183} INFO - Processing /home/airflow/.local/lib/python3.8/site-packages/airflow/example_dags/example_short_circuit_operator.py took 0.113 seconds
[2025-11-10T01:04:49.167+0000] {processor.py:161} INFO - Started process (PID=3179) to work on /home/airflow/.local/lib/python3.8/site-packages/airflow/example_dags/example_short_circuit_operator.py
[2025-11-10T01:04:49.168+0000] {processor.py:830} INFO - Processing file /home/airflow/.local/lib/python3.8/site-packages/airflow/example_dags/example_short_circuit_operator.py for tasks to queue
[2025-11-10T01:04:49.170+0000] {logging_mixin.py:188} INFO - [2025-11-10T01:04:49.170+0000] {dagbag.py:538} INFO - Filling up the DagBag from /home/airflow/.local/lib/python3.8/site-packages/airflow/example_dags/example_short_circuit_operator.py
[2025-11-10T01:04:49.182+0000] {processor.py:840} INFO - DAG(s) 'example_short_circuit_operator' retrieved from /home/airflow/.local/lib/python3.8/site-packages/airflow/example_dags/example_short_circuit_operator.py
[2025-11-10T01:04:49.214+0000] {logging_mixin.py:188} INFO - [2025-11-10T01:04:49.214+0000] {dag.py:3036} INFO - Sync 1 DAGs
[2025-11-10T01:04:49.249+0000] {logging_mixin.py:188} INFO - [2025-11-10T01:04:49.249+0000] {dag.py:3823} INFO - Setting next_dagrun for example_short_circuit_operator to 2025-11-09 00:00:00+00:00, run_after=2025-11-10 00:00:00+00:00
[2025-11-10T01:04:49.278+0000] {processor.py:183} INFO - Processing /home/airflow/.local/lib/python3.8/site-packages/airflow/example_dags/example_short_circuit_operator.py took 0.116 seconds
[2025-11-10T01:05:19.598+0000] {processor.py:161} INFO - Started process (PID=3277) to work on /home/airflow/.local/lib/python3.8/site-packages/airflow/example_dags/example_short_circuit_operator.py
[2025-11-10T01:05:19.600+0000] {processor.py:830} INFO - Processing file /home/airflow/.local/lib/python3.8/site-packages/airflow/example_dags/example_short_circuit_operator.py for tasks to queue
[2025-11-10T01:05:19.602+0000] {logging_mixin.py:188} INFO - [2025-11-10T01:05:19.602+0000] {dagbag.py:538} INFO - Filling up the DagBag from /home/airflow/.local/lib/python3.8/site-packages/airflow/example_dags/example_short_circuit_operator.py
[2025-11-10T01:05:19.621+0000] {processor.py:840} INFO - DAG(s) 'example_short_circuit_operator' retrieved from /home/airflow/.local/lib/python3.8/site-packages/airflow/example_dags/example_short_circuit_operator.py
[2025-11-10T01:05:19.682+0000] {logging_mixin.py:188} INFO - [2025-11-10T01:05:19.681+0000] {dag.py:3036} INFO - Sync 1 DAGs
[2025-11-10T01:05:19.718+0000] {logging_mixin.py:188} INFO - [2025-11-10T01:05:19.718+0000] {dag.py:3823} INFO - Setting next_dagrun for example_short_circuit_operator to 2025-11-09 00:00:00+00:00, run_after=2025-11-10 00:00:00+00:00
[2025-11-10T01:05:19.753+0000] {processor.py:183} INFO - Processing /home/airflow/.local/lib/python3.8/site-packages/airflow/example_dags/example_short_circuit_operator.py took 0.159 seconds
[2025-11-10T01:05:50.033+0000] {processor.py:161} INFO - Started process (PID=3374) to work on /home/airflow/.local/lib/python3.8/site-packages/airflow/example_dags/example_short_circuit_operator.py
[2025-11-10T01:05:50.034+0000] {processor.py:830} INFO - Processing file /home/airflow/.local/lib/python3.8/site-packages/airflow/example_dags/example_short_circuit_operator.py for tasks to queue
[2025-11-10T01:05:50.036+0000] {logging_mixin.py:188} INFO - [2025-11-10T01:05:50.035+0000] {dagbag.py:538} INFO - Filling up the DagBag from /home/airflow/.local/lib/python3.8/site-packages/airflow/example_dags/example_short_circuit_operator.py
[2025-11-10T01:05:50.052+0000] {processor.py:840} INFO - DAG(s) 'example_short_circuit_operator' retrieved from /home/airflow/.local/lib/python3.8/site-packages/airflow/example_dags/example_short_circuit_operator.py
[2025-11-10T01:05:50.087+0000] {logging_mixin.py:188} INFO - [2025-11-10T01:05:50.087+0000] {dag.py:3036} INFO - Sync 1 DAGs
[2025-11-10T01:05:50.112+0000] {logging_mixin.py:188} INFO - [2025-11-10T01:05:50.112+0000] {dag.py:3823} INFO - Setting next_dagrun for example_short_circuit_operator to 2025-11-09 00:00:00+00:00, run_after=2025-11-10 00:00:00+00:00
[2025-11-10T01:05:50.141+0000] {processor.py:183} INFO - Processing /home/airflow/.local/lib/python3.8/site-packages/airflow/example_dags/example_short_circuit_operator.py took 0.112 seconds
[2025-11-10T01:06:20.552+0000] {processor.py:161} INFO - Started process (PID=3479) to work on /home/airflow/.local/lib/python3.8/site-packages/airflow/example_dags/example_short_circuit_operator.py
[2025-11-10T01:06:20.553+0000] {processor.py:830} INFO - Processing file /home/airflow/.local/lib/python3.8/site-packages/airflow/example_dags/example_short_circuit_operator.py for tasks to queue
[2025-11-10T01:06:20.554+0000] {logging_mixin.py:188} INFO - [2025-11-10T01:06:20.554+0000] {dagbag.py:538} INFO - Filling up the DagBag from /home/airflow/.local/lib/python3.8/site-packages/airflow/example_dags/example_short_circuit_operator.py
[2025-11-10T01:06:20.563+0000] {processor.py:840} INFO - DAG(s) 'example_short_circuit_operator' retrieved from /home/airflow/.local/lib/python3.8/site-packages/airflow/example_dags/example_short_circuit_operator.py
[2025-11-10T01:06:20.596+0000] {logging_mixin.py:188} INFO - [2025-11-10T01:06:20.596+0000] {dag.py:3036} INFO - Sync 1 DAGs
[2025-11-10T01:06:20.626+0000] {logging_mixin.py:188} INFO - [2025-11-10T01:06:20.625+0000] {dag.py:3823} INFO - Setting next_dagrun for example_short_circuit_operator to 2025-11-09 00:00:00+00:00, run_after=2025-11-10 00:00:00+00:00
[2025-11-10T01:06:20.651+0000] {processor.py:183} INFO - Processing /home/airflow/.local/lib/python3.8/site-packages/airflow/example_dags/example_short_circuit_operator.py took 0.103 seconds
[2025-11-10T01:06:51.099+0000] {processor.py:161} INFO - Started process (PID=3592) to work on /home/airflow/.local/lib/python3.8/site-packages/airflow/example_dags/example_short_circuit_operator.py
[2025-11-10T01:06:51.102+0000] {processor.py:830} INFO - Processing file /home/airflow/.local/lib/python3.8/site-packages/airflow/example_dags/example_short_circuit_operator.py for tasks to queue
[2025-11-10T01:06:51.105+0000] {logging_mixin.py:188} INFO - [2025-11-10T01:06:51.104+0000] {dagbag.py:538} INFO - Filling up the DagBag from /home/airflow/.local/lib/python3.8/site-packages/airflow/example_dags/example_short_circuit_operator.py
[2025-11-10T01:06:51.122+0000] {processor.py:840} INFO - DAG(s) 'example_short_circuit_operator' retrieved from /home/airflow/.local/lib/python3.8/site-packages/airflow/example_dags/example_short_circuit_operator.py
[2025-11-10T01:06:51.158+0000] {logging_mixin.py:188} INFO - [2025-11-10T01:06:51.158+0000] {dag.py:3036} INFO - Sync 1 DAGs
[2025-11-10T01:06:51.197+0000] {logging_mixin.py:188} INFO - [2025-11-10T01:06:51.197+0000] {dag.py:3823} INFO - Setting next_dagrun for example_short_circuit_operator to 2025-11-09 00:00:00+00:00, run_after=2025-11-10 00:00:00+00:00
[2025-11-10T01:06:51.234+0000] {processor.py:183} INFO - Processing /home/airflow/.local/lib/python3.8/site-packages/airflow/example_dags/example_short_circuit_operator.py took 0.139 seconds
