[2025-11-10T00:49:31.495+0000] {processor.py:161} INFO - Started process (PID=184) to work on /home/airflow/.local/lib/python3.8/site-packages/airflow/example_dags/tutorial_dag.py
[2025-11-10T00:49:31.497+0000] {processor.py:830} INFO - Processing file /home/airflow/.local/lib/python3.8/site-packages/airflow/example_dags/tutorial_dag.py for tasks to queue
[2025-11-10T00:49:31.499+0000] {logging_mixin.py:188} INFO - [2025-11-10T00:49:31.499+0000] {dagbag.py:538} INFO - Filling up the DagBag from /home/airflow/.local/lib/python3.8/site-packages/airflow/example_dags/tutorial_dag.py
[2025-11-10T00:49:31.509+0000] {processor.py:840} INFO - DAG(s) 'tutorial_dag' retrieved from /home/airflow/.local/lib/python3.8/site-packages/airflow/example_dags/tutorial_dag.py
[2025-11-10T00:49:31.681+0000] {logging_mixin.py:188} INFO - [2025-11-10T00:49:31.680+0000] {override.py:1769} INFO - Created Permission View: can delete on DAG:tutorial_dag
[2025-11-10T00:49:31.703+0000] {logging_mixin.py:188} INFO - [2025-11-10T00:49:31.702+0000] {override.py:1769} INFO - Created Permission View: can read on DAG:tutorial_dag
[2025-11-10T00:49:31.719+0000] {logging_mixin.py:188} INFO - [2025-11-10T00:49:31.718+0000] {override.py:1769} INFO - Created Permission View: can edit on DAG:tutorial_dag
[2025-11-10T00:49:31.720+0000] {logging_mixin.py:188} INFO - [2025-11-10T00:49:31.719+0000] {dag.py:3036} INFO - Sync 1 DAGs
[2025-11-10T00:49:31.735+0000] {logging_mixin.py:188} INFO - [2025-11-10T00:49:31.734+0000] {dag.py:3058} INFO - Creating ORM DAG for tutorial_dag
[2025-11-10T00:49:31.736+0000] {logging_mixin.py:188} INFO - [2025-11-10T00:49:31.736+0000] {dag.py:3823} INFO - Setting next_dagrun for tutorial_dag to None, run_after=None
[2025-11-10T00:49:31.771+0000] {processor.py:183} INFO - Processing /home/airflow/.local/lib/python3.8/site-packages/airflow/example_dags/tutorial_dag.py took 0.281 seconds
[2025-11-10T00:50:02.590+0000] {processor.py:161} INFO - Started process (PID=281) to work on /home/airflow/.local/lib/python3.8/site-packages/airflow/example_dags/tutorial_dag.py
[2025-11-10T00:50:02.592+0000] {processor.py:830} INFO - Processing file /home/airflow/.local/lib/python3.8/site-packages/airflow/example_dags/tutorial_dag.py for tasks to queue
[2025-11-10T00:50:02.594+0000] {logging_mixin.py:188} INFO - [2025-11-10T00:50:02.593+0000] {dagbag.py:538} INFO - Filling up the DagBag from /home/airflow/.local/lib/python3.8/site-packages/airflow/example_dags/tutorial_dag.py
[2025-11-10T00:50:02.602+0000] {processor.py:840} INFO - DAG(s) 'tutorial_dag' retrieved from /home/airflow/.local/lib/python3.8/site-packages/airflow/example_dags/tutorial_dag.py
[2025-11-10T00:50:02.652+0000] {logging_mixin.py:188} INFO - [2025-11-10T00:50:02.652+0000] {dag.py:3036} INFO - Sync 1 DAGs
[2025-11-10T00:50:02.693+0000] {logging_mixin.py:188} INFO - [2025-11-10T00:50:02.692+0000] {dag.py:3823} INFO - Setting next_dagrun for tutorial_dag to None, run_after=None
[2025-11-10T00:50:02.731+0000] {processor.py:183} INFO - Processing /home/airflow/.local/lib/python3.8/site-packages/airflow/example_dags/tutorial_dag.py took 0.148 seconds
[2025-11-10T00:50:32.801+0000] {processor.py:161} INFO - Started process (PID=378) to work on /home/airflow/.local/lib/python3.8/site-packages/airflow/example_dags/tutorial_dag.py
[2025-11-10T00:50:32.803+0000] {processor.py:830} INFO - Processing file /home/airflow/.local/lib/python3.8/site-packages/airflow/example_dags/tutorial_dag.py for tasks to queue
[2025-11-10T00:50:32.804+0000] {logging_mixin.py:188} INFO - [2025-11-10T00:50:32.804+0000] {dagbag.py:538} INFO - Filling up the DagBag from /home/airflow/.local/lib/python3.8/site-packages/airflow/example_dags/tutorial_dag.py
[2025-11-10T00:50:32.811+0000] {processor.py:840} INFO - DAG(s) 'tutorial_dag' retrieved from /home/airflow/.local/lib/python3.8/site-packages/airflow/example_dags/tutorial_dag.py
[2025-11-10T00:50:32.846+0000] {logging_mixin.py:188} INFO - [2025-11-10T00:50:32.846+0000] {dag.py:3036} INFO - Sync 1 DAGs
[2025-11-10T00:50:32.867+0000] {logging_mixin.py:188} INFO - [2025-11-10T00:50:32.867+0000] {dag.py:3823} INFO - Setting next_dagrun for tutorial_dag to None, run_after=None
[2025-11-10T00:50:32.912+0000] {processor.py:183} INFO - Processing /home/airflow/.local/lib/python3.8/site-packages/airflow/example_dags/tutorial_dag.py took 0.115 seconds
[2025-11-10T00:51:04.177+0000] {processor.py:161} INFO - Started process (PID=475) to work on /home/airflow/.local/lib/python3.8/site-packages/airflow/example_dags/tutorial_dag.py
[2025-11-10T00:51:04.177+0000] {processor.py:830} INFO - Processing file /home/airflow/.local/lib/python3.8/site-packages/airflow/example_dags/tutorial_dag.py for tasks to queue
[2025-11-10T00:51:04.179+0000] {logging_mixin.py:188} INFO - [2025-11-10T00:51:04.178+0000] {dagbag.py:538} INFO - Filling up the DagBag from /home/airflow/.local/lib/python3.8/site-packages/airflow/example_dags/tutorial_dag.py
[2025-11-10T00:51:04.185+0000] {processor.py:840} INFO - DAG(s) 'tutorial_dag' retrieved from /home/airflow/.local/lib/python3.8/site-packages/airflow/example_dags/tutorial_dag.py
[2025-11-10T00:51:04.220+0000] {logging_mixin.py:188} INFO - [2025-11-10T00:51:04.220+0000] {dag.py:3036} INFO - Sync 1 DAGs
[2025-11-10T00:51:04.239+0000] {logging_mixin.py:188} INFO - [2025-11-10T00:51:04.239+0000] {dag.py:3823} INFO - Setting next_dagrun for tutorial_dag to None, run_after=None
[2025-11-10T00:51:04.271+0000] {processor.py:183} INFO - Processing /home/airflow/.local/lib/python3.8/site-packages/airflow/example_dags/tutorial_dag.py took 0.098 seconds
[2025-11-10T00:51:35.097+0000] {processor.py:161} INFO - Started process (PID=572) to work on /home/airflow/.local/lib/python3.8/site-packages/airflow/example_dags/tutorial_dag.py
[2025-11-10T00:51:35.099+0000] {processor.py:830} INFO - Processing file /home/airflow/.local/lib/python3.8/site-packages/airflow/example_dags/tutorial_dag.py for tasks to queue
[2025-11-10T00:51:35.100+0000] {logging_mixin.py:188} INFO - [2025-11-10T00:51:35.100+0000] {dagbag.py:538} INFO - Filling up the DagBag from /home/airflow/.local/lib/python3.8/site-packages/airflow/example_dags/tutorial_dag.py
[2025-11-10T00:51:35.108+0000] {processor.py:840} INFO - DAG(s) 'tutorial_dag' retrieved from /home/airflow/.local/lib/python3.8/site-packages/airflow/example_dags/tutorial_dag.py
[2025-11-10T00:51:35.144+0000] {logging_mixin.py:188} INFO - [2025-11-10T00:51:35.144+0000] {dag.py:3036} INFO - Sync 1 DAGs
[2025-11-10T00:51:35.162+0000] {logging_mixin.py:188} INFO - [2025-11-10T00:51:35.162+0000] {dag.py:3823} INFO - Setting next_dagrun for tutorial_dag to None, run_after=None
[2025-11-10T00:51:35.193+0000] {processor.py:183} INFO - Processing /home/airflow/.local/lib/python3.8/site-packages/airflow/example_dags/tutorial_dag.py took 0.101 seconds
[2025-11-10T00:52:06.205+0000] {processor.py:161} INFO - Started process (PID=677) to work on /home/airflow/.local/lib/python3.8/site-packages/airflow/example_dags/tutorial_dag.py
[2025-11-10T00:52:06.206+0000] {processor.py:830} INFO - Processing file /home/airflow/.local/lib/python3.8/site-packages/airflow/example_dags/tutorial_dag.py for tasks to queue
[2025-11-10T00:52:06.209+0000] {logging_mixin.py:188} INFO - [2025-11-10T00:52:06.208+0000] {dagbag.py:538} INFO - Filling up the DagBag from /home/airflow/.local/lib/python3.8/site-packages/airflow/example_dags/tutorial_dag.py
[2025-11-10T00:52:06.218+0000] {processor.py:840} INFO - DAG(s) 'tutorial_dag' retrieved from /home/airflow/.local/lib/python3.8/site-packages/airflow/example_dags/tutorial_dag.py
[2025-11-10T00:52:06.259+0000] {logging_mixin.py:188} INFO - [2025-11-10T00:52:06.259+0000] {dag.py:3036} INFO - Sync 1 DAGs
[2025-11-10T00:52:06.279+0000] {logging_mixin.py:188} INFO - [2025-11-10T00:52:06.279+0000] {dag.py:3823} INFO - Setting next_dagrun for tutorial_dag to None, run_after=None
[2025-11-10T00:52:06.314+0000] {processor.py:183} INFO - Processing /home/airflow/.local/lib/python3.8/site-packages/airflow/example_dags/tutorial_dag.py took 0.113 seconds
[2025-11-10T00:52:36.560+0000] {processor.py:161} INFO - Started process (PID=772) to work on /home/airflow/.local/lib/python3.8/site-packages/airflow/example_dags/tutorial_dag.py
[2025-11-10T00:52:36.561+0000] {processor.py:830} INFO - Processing file /home/airflow/.local/lib/python3.8/site-packages/airflow/example_dags/tutorial_dag.py for tasks to queue
[2025-11-10T00:52:36.562+0000] {logging_mixin.py:188} INFO - [2025-11-10T00:52:36.562+0000] {dagbag.py:538} INFO - Filling up the DagBag from /home/airflow/.local/lib/python3.8/site-packages/airflow/example_dags/tutorial_dag.py
[2025-11-10T00:52:36.569+0000] {processor.py:840} INFO - DAG(s) 'tutorial_dag' retrieved from /home/airflow/.local/lib/python3.8/site-packages/airflow/example_dags/tutorial_dag.py
[2025-11-10T00:52:36.607+0000] {logging_mixin.py:188} INFO - [2025-11-10T00:52:36.606+0000] {dag.py:3036} INFO - Sync 1 DAGs
[2025-11-10T00:52:36.631+0000] {logging_mixin.py:188} INFO - [2025-11-10T00:52:36.631+0000] {dag.py:3823} INFO - Setting next_dagrun for tutorial_dag to None, run_after=None
[2025-11-10T00:52:36.696+0000] {processor.py:183} INFO - Processing /home/airflow/.local/lib/python3.8/site-packages/airflow/example_dags/tutorial_dag.py took 0.142 seconds
[2025-11-10T00:53:06.819+0000] {processor.py:161} INFO - Started process (PID=884) to work on /home/airflow/.local/lib/python3.8/site-packages/airflow/example_dags/tutorial_dag.py
[2025-11-10T00:53:06.821+0000] {processor.py:830} INFO - Processing file /home/airflow/.local/lib/python3.8/site-packages/airflow/example_dags/tutorial_dag.py for tasks to queue
[2025-11-10T00:53:06.822+0000] {logging_mixin.py:188} INFO - [2025-11-10T00:53:06.822+0000] {dagbag.py:538} INFO - Filling up the DagBag from /home/airflow/.local/lib/python3.8/site-packages/airflow/example_dags/tutorial_dag.py
[2025-11-10T00:53:06.830+0000] {processor.py:840} INFO - DAG(s) 'tutorial_dag' retrieved from /home/airflow/.local/lib/python3.8/site-packages/airflow/example_dags/tutorial_dag.py
[2025-11-10T00:53:06.873+0000] {logging_mixin.py:188} INFO - [2025-11-10T00:53:06.873+0000] {dag.py:3036} INFO - Sync 1 DAGs
[2025-11-10T00:53:06.890+0000] {logging_mixin.py:188} INFO - [2025-11-10T00:53:06.890+0000] {dag.py:3823} INFO - Setting next_dagrun for tutorial_dag to None, run_after=None
[2025-11-10T00:53:06.937+0000] {processor.py:183} INFO - Processing /home/airflow/.local/lib/python3.8/site-packages/airflow/example_dags/tutorial_dag.py took 0.122 seconds
[2025-11-10T00:53:37.471+0000] {processor.py:161} INFO - Started process (PID=982) to work on /home/airflow/.local/lib/python3.8/site-packages/airflow/example_dags/tutorial_dag.py
[2025-11-10T00:53:37.473+0000] {processor.py:830} INFO - Processing file /home/airflow/.local/lib/python3.8/site-packages/airflow/example_dags/tutorial_dag.py for tasks to queue
[2025-11-10T00:53:37.475+0000] {logging_mixin.py:188} INFO - [2025-11-10T00:53:37.474+0000] {dagbag.py:538} INFO - Filling up the DagBag from /home/airflow/.local/lib/python3.8/site-packages/airflow/example_dags/tutorial_dag.py
[2025-11-10T00:53:37.483+0000] {processor.py:840} INFO - DAG(s) 'tutorial_dag' retrieved from /home/airflow/.local/lib/python3.8/site-packages/airflow/example_dags/tutorial_dag.py
[2025-11-10T00:53:37.521+0000] {logging_mixin.py:188} INFO - [2025-11-10T00:53:37.521+0000] {dag.py:3036} INFO - Sync 1 DAGs
[2025-11-10T00:53:37.541+0000] {logging_mixin.py:188} INFO - [2025-11-10T00:53:37.541+0000] {dag.py:3823} INFO - Setting next_dagrun for tutorial_dag to None, run_after=None
[2025-11-10T00:53:37.577+0000] {processor.py:183} INFO - Processing /home/airflow/.local/lib/python3.8/site-packages/airflow/example_dags/tutorial_dag.py took 0.112 seconds
[2025-11-10T00:54:08.108+0000] {processor.py:161} INFO - Started process (PID=1079) to work on /home/airflow/.local/lib/python3.8/site-packages/airflow/example_dags/tutorial_dag.py
[2025-11-10T00:54:08.109+0000] {processor.py:830} INFO - Processing file /home/airflow/.local/lib/python3.8/site-packages/airflow/example_dags/tutorial_dag.py for tasks to queue
[2025-11-10T00:54:08.111+0000] {logging_mixin.py:188} INFO - [2025-11-10T00:54:08.111+0000] {dagbag.py:538} INFO - Filling up the DagBag from /home/airflow/.local/lib/python3.8/site-packages/airflow/example_dags/tutorial_dag.py
[2025-11-10T00:54:08.122+0000] {processor.py:840} INFO - DAG(s) 'tutorial_dag' retrieved from /home/airflow/.local/lib/python3.8/site-packages/airflow/example_dags/tutorial_dag.py
[2025-11-10T00:54:08.156+0000] {logging_mixin.py:188} INFO - [2025-11-10T00:54:08.156+0000] {dag.py:3036} INFO - Sync 1 DAGs
[2025-11-10T00:54:08.177+0000] {logging_mixin.py:188} INFO - [2025-11-10T00:54:08.177+0000] {dag.py:3823} INFO - Setting next_dagrun for tutorial_dag to None, run_after=None
[2025-11-10T00:54:08.229+0000] {processor.py:183} INFO - Processing /home/airflow/.local/lib/python3.8/site-packages/airflow/example_dags/tutorial_dag.py took 0.127 seconds
[2025-11-10T00:54:39.160+0000] {processor.py:161} INFO - Started process (PID=1176) to work on /home/airflow/.local/lib/python3.8/site-packages/airflow/example_dags/tutorial_dag.py
[2025-11-10T00:54:39.161+0000] {processor.py:830} INFO - Processing file /home/airflow/.local/lib/python3.8/site-packages/airflow/example_dags/tutorial_dag.py for tasks to queue
[2025-11-10T00:54:39.164+0000] {logging_mixin.py:188} INFO - [2025-11-10T00:54:39.163+0000] {dagbag.py:538} INFO - Filling up the DagBag from /home/airflow/.local/lib/python3.8/site-packages/airflow/example_dags/tutorial_dag.py
[2025-11-10T00:54:39.176+0000] {processor.py:840} INFO - DAG(s) 'tutorial_dag' retrieved from /home/airflow/.local/lib/python3.8/site-packages/airflow/example_dags/tutorial_dag.py
[2025-11-10T00:54:39.228+0000] {logging_mixin.py:188} INFO - [2025-11-10T00:54:39.227+0000] {dag.py:3036} INFO - Sync 1 DAGs
[2025-11-10T00:54:39.256+0000] {logging_mixin.py:188} INFO - [2025-11-10T00:54:39.255+0000] {dag.py:3823} INFO - Setting next_dagrun for tutorial_dag to None, run_after=None
[2025-11-10T00:54:39.301+0000] {processor.py:183} INFO - Processing /home/airflow/.local/lib/python3.8/site-packages/airflow/example_dags/tutorial_dag.py took 0.148 seconds
[2025-11-10T00:55:09.617+0000] {processor.py:161} INFO - Started process (PID=1273) to work on /home/airflow/.local/lib/python3.8/site-packages/airflow/example_dags/tutorial_dag.py
[2025-11-10T00:55:09.618+0000] {processor.py:830} INFO - Processing file /home/airflow/.local/lib/python3.8/site-packages/airflow/example_dags/tutorial_dag.py for tasks to queue
[2025-11-10T00:55:09.620+0000] {logging_mixin.py:188} INFO - [2025-11-10T00:55:09.619+0000] {dagbag.py:538} INFO - Filling up the DagBag from /home/airflow/.local/lib/python3.8/site-packages/airflow/example_dags/tutorial_dag.py
[2025-11-10T00:55:09.629+0000] {processor.py:840} INFO - DAG(s) 'tutorial_dag' retrieved from /home/airflow/.local/lib/python3.8/site-packages/airflow/example_dags/tutorial_dag.py
[2025-11-10T00:55:09.674+0000] {logging_mixin.py:188} INFO - [2025-11-10T00:55:09.674+0000] {dag.py:3036} INFO - Sync 1 DAGs
[2025-11-10T00:55:09.698+0000] {logging_mixin.py:188} INFO - [2025-11-10T00:55:09.698+0000] {dag.py:3823} INFO - Setting next_dagrun for tutorial_dag to None, run_after=None
[2025-11-10T00:55:09.734+0000] {processor.py:183} INFO - Processing /home/airflow/.local/lib/python3.8/site-packages/airflow/example_dags/tutorial_dag.py took 0.124 seconds
[2025-11-10T00:55:40.816+0000] {processor.py:161} INFO - Started process (PID=1370) to work on /home/airflow/.local/lib/python3.8/site-packages/airflow/example_dags/tutorial_dag.py
[2025-11-10T00:55:40.817+0000] {processor.py:830} INFO - Processing file /home/airflow/.local/lib/python3.8/site-packages/airflow/example_dags/tutorial_dag.py for tasks to queue
[2025-11-10T00:55:40.819+0000] {logging_mixin.py:188} INFO - [2025-11-10T00:55:40.818+0000] {dagbag.py:538} INFO - Filling up the DagBag from /home/airflow/.local/lib/python3.8/site-packages/airflow/example_dags/tutorial_dag.py
[2025-11-10T00:55:40.832+0000] {processor.py:840} INFO - DAG(s) 'tutorial_dag' retrieved from /home/airflow/.local/lib/python3.8/site-packages/airflow/example_dags/tutorial_dag.py
[2025-11-10T00:55:40.886+0000] {logging_mixin.py:188} INFO - [2025-11-10T00:55:40.886+0000] {dag.py:3036} INFO - Sync 1 DAGs
[2025-11-10T00:55:40.919+0000] {logging_mixin.py:188} INFO - [2025-11-10T00:55:40.918+0000] {dag.py:3823} INFO - Setting next_dagrun for tutorial_dag to None, run_after=None
[2025-11-10T00:55:40.977+0000] {processor.py:183} INFO - Processing /home/airflow/.local/lib/python3.8/site-packages/airflow/example_dags/tutorial_dag.py took 0.166 seconds
[2025-11-10T00:56:11.451+0000] {processor.py:161} INFO - Started process (PID=1467) to work on /home/airflow/.local/lib/python3.8/site-packages/airflow/example_dags/tutorial_dag.py
[2025-11-10T00:56:11.452+0000] {processor.py:830} INFO - Processing file /home/airflow/.local/lib/python3.8/site-packages/airflow/example_dags/tutorial_dag.py for tasks to queue
[2025-11-10T00:56:11.454+0000] {logging_mixin.py:188} INFO - [2025-11-10T00:56:11.453+0000] {dagbag.py:538} INFO - Filling up the DagBag from /home/airflow/.local/lib/python3.8/site-packages/airflow/example_dags/tutorial_dag.py
[2025-11-10T00:56:11.461+0000] {processor.py:840} INFO - DAG(s) 'tutorial_dag' retrieved from /home/airflow/.local/lib/python3.8/site-packages/airflow/example_dags/tutorial_dag.py
[2025-11-10T00:56:11.507+0000] {logging_mixin.py:188} INFO - [2025-11-10T00:56:11.506+0000] {dag.py:3036} INFO - Sync 1 DAGs
[2025-11-10T00:56:11.534+0000] {logging_mixin.py:188} INFO - [2025-11-10T00:56:11.533+0000] {dag.py:3823} INFO - Setting next_dagrun for tutorial_dag to None, run_after=None
[2025-11-10T00:56:11.586+0000] {processor.py:183} INFO - Processing /home/airflow/.local/lib/python3.8/site-packages/airflow/example_dags/tutorial_dag.py took 0.139 seconds
[2025-11-10T00:56:42.707+0000] {processor.py:161} INFO - Started process (PID=1564) to work on /home/airflow/.local/lib/python3.8/site-packages/airflow/example_dags/tutorial_dag.py
[2025-11-10T00:56:42.709+0000] {processor.py:830} INFO - Processing file /home/airflow/.local/lib/python3.8/site-packages/airflow/example_dags/tutorial_dag.py for tasks to queue
[2025-11-10T00:56:42.712+0000] {logging_mixin.py:188} INFO - [2025-11-10T00:56:42.711+0000] {dagbag.py:538} INFO - Filling up the DagBag from /home/airflow/.local/lib/python3.8/site-packages/airflow/example_dags/tutorial_dag.py
[2025-11-10T00:56:42.735+0000] {processor.py:840} INFO - DAG(s) 'tutorial_dag' retrieved from /home/airflow/.local/lib/python3.8/site-packages/airflow/example_dags/tutorial_dag.py
[2025-11-10T00:56:42.800+0000] {logging_mixin.py:188} INFO - [2025-11-10T00:56:42.798+0000] {dag.py:3036} INFO - Sync 1 DAGs
[2025-11-10T00:56:42.850+0000] {logging_mixin.py:188} INFO - [2025-11-10T00:56:42.849+0000] {dag.py:3823} INFO - Setting next_dagrun for tutorial_dag to None, run_after=None
[2025-11-10T00:56:42.919+0000] {processor.py:183} INFO - Processing /home/airflow/.local/lib/python3.8/site-packages/airflow/example_dags/tutorial_dag.py took 0.219 seconds
[2025-11-10T00:57:13.033+0000] {processor.py:161} INFO - Started process (PID=1661) to work on /home/airflow/.local/lib/python3.8/site-packages/airflow/example_dags/tutorial_dag.py
[2025-11-10T00:57:13.035+0000] {processor.py:830} INFO - Processing file /home/airflow/.local/lib/python3.8/site-packages/airflow/example_dags/tutorial_dag.py for tasks to queue
[2025-11-10T00:57:13.036+0000] {logging_mixin.py:188} INFO - [2025-11-10T00:57:13.036+0000] {dagbag.py:538} INFO - Filling up the DagBag from /home/airflow/.local/lib/python3.8/site-packages/airflow/example_dags/tutorial_dag.py
[2025-11-10T00:57:13.046+0000] {processor.py:840} INFO - DAG(s) 'tutorial_dag' retrieved from /home/airflow/.local/lib/python3.8/site-packages/airflow/example_dags/tutorial_dag.py
[2025-11-10T00:57:13.086+0000] {logging_mixin.py:188} INFO - [2025-11-10T00:57:13.085+0000] {dag.py:3036} INFO - Sync 1 DAGs
[2025-11-10T00:57:13.112+0000] {logging_mixin.py:188} INFO - [2025-11-10T00:57:13.111+0000] {dag.py:3823} INFO - Setting next_dagrun for tutorial_dag to None, run_after=None
[2025-11-10T00:57:13.158+0000] {processor.py:183} INFO - Processing /home/airflow/.local/lib/python3.8/site-packages/airflow/example_dags/tutorial_dag.py took 0.132 seconds
[2025-11-10T00:57:43.495+0000] {processor.py:161} INFO - Started process (PID=1758) to work on /home/airflow/.local/lib/python3.8/site-packages/airflow/example_dags/tutorial_dag.py
[2025-11-10T00:57:43.496+0000] {processor.py:830} INFO - Processing file /home/airflow/.local/lib/python3.8/site-packages/airflow/example_dags/tutorial_dag.py for tasks to queue
[2025-11-10T00:57:43.497+0000] {logging_mixin.py:188} INFO - [2025-11-10T00:57:43.497+0000] {dagbag.py:538} INFO - Filling up the DagBag from /home/airflow/.local/lib/python3.8/site-packages/airflow/example_dags/tutorial_dag.py
[2025-11-10T00:57:43.504+0000] {processor.py:840} INFO - DAG(s) 'tutorial_dag' retrieved from /home/airflow/.local/lib/python3.8/site-packages/airflow/example_dags/tutorial_dag.py
[2025-11-10T00:57:43.542+0000] {logging_mixin.py:188} INFO - [2025-11-10T00:57:43.541+0000] {dag.py:3036} INFO - Sync 1 DAGs
[2025-11-10T00:57:43.560+0000] {logging_mixin.py:188} INFO - [2025-11-10T00:57:43.560+0000] {dag.py:3823} INFO - Setting next_dagrun for tutorial_dag to None, run_after=None
[2025-11-10T00:57:43.588+0000] {processor.py:183} INFO - Processing /home/airflow/.local/lib/python3.8/site-packages/airflow/example_dags/tutorial_dag.py took 0.099 seconds
[2025-11-10T00:58:13.923+0000] {processor.py:161} INFO - Started process (PID=1863) to work on /home/airflow/.local/lib/python3.8/site-packages/airflow/example_dags/tutorial_dag.py
[2025-11-10T00:58:13.932+0000] {processor.py:830} INFO - Processing file /home/airflow/.local/lib/python3.8/site-packages/airflow/example_dags/tutorial_dag.py for tasks to queue
[2025-11-10T00:58:13.935+0000] {logging_mixin.py:188} INFO - [2025-11-10T00:58:13.935+0000] {dagbag.py:538} INFO - Filling up the DagBag from /home/airflow/.local/lib/python3.8/site-packages/airflow/example_dags/tutorial_dag.py
[2025-11-10T00:58:13.945+0000] {processor.py:840} INFO - DAG(s) 'tutorial_dag' retrieved from /home/airflow/.local/lib/python3.8/site-packages/airflow/example_dags/tutorial_dag.py
[2025-11-10T00:58:13.977+0000] {logging_mixin.py:188} INFO - [2025-11-10T00:58:13.977+0000] {dag.py:3036} INFO - Sync 1 DAGs
[2025-11-10T00:58:13.994+0000] {logging_mixin.py:188} INFO - [2025-11-10T00:58:13.994+0000] {dag.py:3823} INFO - Setting next_dagrun for tutorial_dag to None, run_after=None
[2025-11-10T00:58:14.027+0000] {processor.py:183} INFO - Processing /home/airflow/.local/lib/python3.8/site-packages/airflow/example_dags/tutorial_dag.py took 0.118 seconds
[2025-11-10T00:58:44.254+0000] {processor.py:161} INFO - Started process (PID=1975) to work on /home/airflow/.local/lib/python3.8/site-packages/airflow/example_dags/tutorial_dag.py
[2025-11-10T00:58:44.255+0000] {processor.py:830} INFO - Processing file /home/airflow/.local/lib/python3.8/site-packages/airflow/example_dags/tutorial_dag.py for tasks to queue
[2025-11-10T00:58:44.257+0000] {logging_mixin.py:188} INFO - [2025-11-10T00:58:44.256+0000] {dagbag.py:538} INFO - Filling up the DagBag from /home/airflow/.local/lib/python3.8/site-packages/airflow/example_dags/tutorial_dag.py
[2025-11-10T00:58:44.264+0000] {processor.py:840} INFO - DAG(s) 'tutorial_dag' retrieved from /home/airflow/.local/lib/python3.8/site-packages/airflow/example_dags/tutorial_dag.py
[2025-11-10T00:58:44.296+0000] {logging_mixin.py:188} INFO - [2025-11-10T00:58:44.295+0000] {dag.py:3036} INFO - Sync 1 DAGs
[2025-11-10T00:58:44.314+0000] {logging_mixin.py:188} INFO - [2025-11-10T00:58:44.314+0000] {dag.py:3823} INFO - Setting next_dagrun for tutorial_dag to None, run_after=None
[2025-11-10T00:58:44.347+0000] {processor.py:183} INFO - Processing /home/airflow/.local/lib/python3.8/site-packages/airflow/example_dags/tutorial_dag.py took 0.098 seconds
[2025-11-10T00:59:14.672+0000] {processor.py:161} INFO - Started process (PID=2072) to work on /home/airflow/.local/lib/python3.8/site-packages/airflow/example_dags/tutorial_dag.py
[2025-11-10T00:59:14.673+0000] {processor.py:830} INFO - Processing file /home/airflow/.local/lib/python3.8/site-packages/airflow/example_dags/tutorial_dag.py for tasks to queue
[2025-11-10T00:59:14.676+0000] {logging_mixin.py:188} INFO - [2025-11-10T00:59:14.676+0000] {dagbag.py:538} INFO - Filling up the DagBag from /home/airflow/.local/lib/python3.8/site-packages/airflow/example_dags/tutorial_dag.py
[2025-11-10T00:59:14.683+0000] {processor.py:840} INFO - DAG(s) 'tutorial_dag' retrieved from /home/airflow/.local/lib/python3.8/site-packages/airflow/example_dags/tutorial_dag.py
[2025-11-10T00:59:14.716+0000] {logging_mixin.py:188} INFO - [2025-11-10T00:59:14.716+0000] {dag.py:3036} INFO - Sync 1 DAGs
[2025-11-10T00:59:14.734+0000] {logging_mixin.py:188} INFO - [2025-11-10T00:59:14.733+0000] {dag.py:3823} INFO - Setting next_dagrun for tutorial_dag to None, run_after=None
[2025-11-10T00:59:14.768+0000] {processor.py:183} INFO - Processing /home/airflow/.local/lib/python3.8/site-packages/airflow/example_dags/tutorial_dag.py took 0.102 seconds
[2025-11-10T00:59:45.577+0000] {processor.py:161} INFO - Started process (PID=2168) to work on /home/airflow/.local/lib/python3.8/site-packages/airflow/example_dags/tutorial_dag.py
[2025-11-10T00:59:45.579+0000] {processor.py:830} INFO - Processing file /home/airflow/.local/lib/python3.8/site-packages/airflow/example_dags/tutorial_dag.py for tasks to queue
[2025-11-10T00:59:45.580+0000] {logging_mixin.py:188} INFO - [2025-11-10T00:59:45.580+0000] {dagbag.py:538} INFO - Filling up the DagBag from /home/airflow/.local/lib/python3.8/site-packages/airflow/example_dags/tutorial_dag.py
[2025-11-10T00:59:45.587+0000] {processor.py:840} INFO - DAG(s) 'tutorial_dag' retrieved from /home/airflow/.local/lib/python3.8/site-packages/airflow/example_dags/tutorial_dag.py
[2025-11-10T00:59:45.616+0000] {logging_mixin.py:188} INFO - [2025-11-10T00:59:45.616+0000] {dag.py:3036} INFO - Sync 1 DAGs
[2025-11-10T00:59:45.633+0000] {logging_mixin.py:188} INFO - [2025-11-10T00:59:45.633+0000] {dag.py:3823} INFO - Setting next_dagrun for tutorial_dag to None, run_after=None
[2025-11-10T00:59:45.662+0000] {processor.py:183} INFO - Processing /home/airflow/.local/lib/python3.8/site-packages/airflow/example_dags/tutorial_dag.py took 0.089 seconds
[2025-11-10T01:00:15.808+0000] {processor.py:161} INFO - Started process (PID=2264) to work on /home/airflow/.local/lib/python3.8/site-packages/airflow/example_dags/tutorial_dag.py
[2025-11-10T01:00:15.809+0000] {processor.py:830} INFO - Processing file /home/airflow/.local/lib/python3.8/site-packages/airflow/example_dags/tutorial_dag.py for tasks to queue
[2025-11-10T01:00:15.810+0000] {logging_mixin.py:188} INFO - [2025-11-10T01:00:15.810+0000] {dagbag.py:538} INFO - Filling up the DagBag from /home/airflow/.local/lib/python3.8/site-packages/airflow/example_dags/tutorial_dag.py
[2025-11-10T01:00:15.816+0000] {processor.py:840} INFO - DAG(s) 'tutorial_dag' retrieved from /home/airflow/.local/lib/python3.8/site-packages/airflow/example_dags/tutorial_dag.py
[2025-11-10T01:00:15.846+0000] {logging_mixin.py:188} INFO - [2025-11-10T01:00:15.846+0000] {dag.py:3036} INFO - Sync 1 DAGs
[2025-11-10T01:00:15.865+0000] {logging_mixin.py:188} INFO - [2025-11-10T01:00:15.865+0000] {dag.py:3823} INFO - Setting next_dagrun for tutorial_dag to None, run_after=None
[2025-11-10T01:00:15.894+0000] {processor.py:183} INFO - Processing /home/airflow/.local/lib/python3.8/site-packages/airflow/example_dags/tutorial_dag.py took 0.090 seconds
[2025-11-10T01:00:46.145+0000] {processor.py:161} INFO - Started process (PID=2361) to work on /home/airflow/.local/lib/python3.8/site-packages/airflow/example_dags/tutorial_dag.py
[2025-11-10T01:00:46.150+0000] {processor.py:830} INFO - Processing file /home/airflow/.local/lib/python3.8/site-packages/airflow/example_dags/tutorial_dag.py for tasks to queue
[2025-11-10T01:00:46.151+0000] {logging_mixin.py:188} INFO - [2025-11-10T01:00:46.151+0000] {dagbag.py:538} INFO - Filling up the DagBag from /home/airflow/.local/lib/python3.8/site-packages/airflow/example_dags/tutorial_dag.py
[2025-11-10T01:00:46.163+0000] {processor.py:840} INFO - DAG(s) 'tutorial_dag' retrieved from /home/airflow/.local/lib/python3.8/site-packages/airflow/example_dags/tutorial_dag.py
[2025-11-10T01:00:46.220+0000] {logging_mixin.py:188} INFO - [2025-11-10T01:00:46.220+0000] {dag.py:3036} INFO - Sync 1 DAGs
[2025-11-10T01:00:46.245+0000] {logging_mixin.py:188} INFO - [2025-11-10T01:00:46.244+0000] {dag.py:3823} INFO - Setting next_dagrun for tutorial_dag to None, run_after=None
[2025-11-10T01:00:46.302+0000] {processor.py:183} INFO - Processing /home/airflow/.local/lib/python3.8/site-packages/airflow/example_dags/tutorial_dag.py took 0.161 seconds
[2025-11-10T01:01:17.145+0000] {processor.py:161} INFO - Started process (PID=2467) to work on /home/airflow/.local/lib/python3.8/site-packages/airflow/example_dags/tutorial_dag.py
[2025-11-10T01:01:17.147+0000] {processor.py:830} INFO - Processing file /home/airflow/.local/lib/python3.8/site-packages/airflow/example_dags/tutorial_dag.py for tasks to queue
[2025-11-10T01:01:17.148+0000] {logging_mixin.py:188} INFO - [2025-11-10T01:01:17.148+0000] {dagbag.py:538} INFO - Filling up the DagBag from /home/airflow/.local/lib/python3.8/site-packages/airflow/example_dags/tutorial_dag.py
[2025-11-10T01:01:17.167+0000] {processor.py:840} INFO - DAG(s) 'tutorial_dag' retrieved from /home/airflow/.local/lib/python3.8/site-packages/airflow/example_dags/tutorial_dag.py
[2025-11-10T01:01:17.213+0000] {logging_mixin.py:188} INFO - [2025-11-10T01:01:17.212+0000] {dag.py:3036} INFO - Sync 1 DAGs
[2025-11-10T01:01:17.233+0000] {logging_mixin.py:188} INFO - [2025-11-10T01:01:17.233+0000] {dag.py:3823} INFO - Setting next_dagrun for tutorial_dag to None, run_after=None
[2025-11-10T01:01:17.270+0000] {processor.py:183} INFO - Processing /home/airflow/.local/lib/python3.8/site-packages/airflow/example_dags/tutorial_dag.py took 0.131 seconds
[2025-11-10T01:01:47.329+0000] {processor.py:161} INFO - Started process (PID=2578) to work on /home/airflow/.local/lib/python3.8/site-packages/airflow/example_dags/tutorial_dag.py
[2025-11-10T01:01:47.331+0000] {processor.py:830} INFO - Processing file /home/airflow/.local/lib/python3.8/site-packages/airflow/example_dags/tutorial_dag.py for tasks to queue
[2025-11-10T01:01:47.333+0000] {logging_mixin.py:188} INFO - [2025-11-10T01:01:47.332+0000] {dagbag.py:538} INFO - Filling up the DagBag from /home/airflow/.local/lib/python3.8/site-packages/airflow/example_dags/tutorial_dag.py
[2025-11-10T01:01:47.341+0000] {processor.py:840} INFO - DAG(s) 'tutorial_dag' retrieved from /home/airflow/.local/lib/python3.8/site-packages/airflow/example_dags/tutorial_dag.py
[2025-11-10T01:01:47.373+0000] {logging_mixin.py:188} INFO - [2025-11-10T01:01:47.372+0000] {dag.py:3036} INFO - Sync 1 DAGs
[2025-11-10T01:01:47.387+0000] {logging_mixin.py:188} INFO - [2025-11-10T01:01:47.387+0000] {dag.py:3823} INFO - Setting next_dagrun for tutorial_dag to None, run_after=None
[2025-11-10T01:01:47.412+0000] {processor.py:183} INFO - Processing /home/airflow/.local/lib/python3.8/site-packages/airflow/example_dags/tutorial_dag.py took 0.087 seconds
[2025-11-10T01:02:18.494+0000] {processor.py:161} INFO - Started process (PID=2676) to work on /home/airflow/.local/lib/python3.8/site-packages/airflow/example_dags/tutorial_dag.py
[2025-11-10T01:02:18.495+0000] {processor.py:830} INFO - Processing file /home/airflow/.local/lib/python3.8/site-packages/airflow/example_dags/tutorial_dag.py for tasks to queue
[2025-11-10T01:02:18.496+0000] {logging_mixin.py:188} INFO - [2025-11-10T01:02:18.496+0000] {dagbag.py:538} INFO - Filling up the DagBag from /home/airflow/.local/lib/python3.8/site-packages/airflow/example_dags/tutorial_dag.py
[2025-11-10T01:02:18.503+0000] {processor.py:840} INFO - DAG(s) 'tutorial_dag' retrieved from /home/airflow/.local/lib/python3.8/site-packages/airflow/example_dags/tutorial_dag.py
[2025-11-10T01:02:18.535+0000] {logging_mixin.py:188} INFO - [2025-11-10T01:02:18.535+0000] {dag.py:3036} INFO - Sync 1 DAGs
[2025-11-10T01:02:18.560+0000] {logging_mixin.py:188} INFO - [2025-11-10T01:02:18.560+0000] {dag.py:3823} INFO - Setting next_dagrun for tutorial_dag to None, run_after=None
[2025-11-10T01:02:18.608+0000] {processor.py:183} INFO - Processing /home/airflow/.local/lib/python3.8/site-packages/airflow/example_dags/tutorial_dag.py took 0.118 seconds
[2025-11-10T01:02:48.929+0000] {processor.py:161} INFO - Started process (PID=2773) to work on /home/airflow/.local/lib/python3.8/site-packages/airflow/example_dags/tutorial_dag.py
[2025-11-10T01:02:48.930+0000] {processor.py:830} INFO - Processing file /home/airflow/.local/lib/python3.8/site-packages/airflow/example_dags/tutorial_dag.py for tasks to queue
[2025-11-10T01:02:48.931+0000] {logging_mixin.py:188} INFO - [2025-11-10T01:02:48.930+0000] {dagbag.py:538} INFO - Filling up the DagBag from /home/airflow/.local/lib/python3.8/site-packages/airflow/example_dags/tutorial_dag.py
[2025-11-10T01:02:48.938+0000] {processor.py:840} INFO - DAG(s) 'tutorial_dag' retrieved from /home/airflow/.local/lib/python3.8/site-packages/airflow/example_dags/tutorial_dag.py
[2025-11-10T01:02:48.967+0000] {logging_mixin.py:188} INFO - [2025-11-10T01:02:48.966+0000] {dag.py:3036} INFO - Sync 1 DAGs
[2025-11-10T01:02:48.983+0000] {logging_mixin.py:188} INFO - [2025-11-10T01:02:48.983+0000] {dag.py:3823} INFO - Setting next_dagrun for tutorial_dag to None, run_after=None
[2025-11-10T01:02:49.012+0000] {processor.py:183} INFO - Processing /home/airflow/.local/lib/python3.8/site-packages/airflow/example_dags/tutorial_dag.py took 0.087 seconds
[2025-11-10T01:03:19.146+0000] {processor.py:161} INFO - Started process (PID=2870) to work on /home/airflow/.local/lib/python3.8/site-packages/airflow/example_dags/tutorial_dag.py
[2025-11-10T01:03:19.147+0000] {processor.py:830} INFO - Processing file /home/airflow/.local/lib/python3.8/site-packages/airflow/example_dags/tutorial_dag.py for tasks to queue
[2025-11-10T01:03:19.148+0000] {logging_mixin.py:188} INFO - [2025-11-10T01:03:19.148+0000] {dagbag.py:538} INFO - Filling up the DagBag from /home/airflow/.local/lib/python3.8/site-packages/airflow/example_dags/tutorial_dag.py
[2025-11-10T01:03:19.154+0000] {processor.py:840} INFO - DAG(s) 'tutorial_dag' retrieved from /home/airflow/.local/lib/python3.8/site-packages/airflow/example_dags/tutorial_dag.py
[2025-11-10T01:03:19.187+0000] {logging_mixin.py:188} INFO - [2025-11-10T01:03:19.187+0000] {dag.py:3036} INFO - Sync 1 DAGs
[2025-11-10T01:03:19.204+0000] {logging_mixin.py:188} INFO - [2025-11-10T01:03:19.203+0000] {dag.py:3823} INFO - Setting next_dagrun for tutorial_dag to None, run_after=None
[2025-11-10T01:03:19.229+0000] {processor.py:183} INFO - Processing /home/airflow/.local/lib/python3.8/site-packages/airflow/example_dags/tutorial_dag.py took 0.087 seconds
[2025-11-10T01:03:50.111+0000] {processor.py:161} INFO - Started process (PID=2975) to work on /home/airflow/.local/lib/python3.8/site-packages/airflow/example_dags/tutorial_dag.py
[2025-11-10T01:03:50.112+0000] {processor.py:830} INFO - Processing file /home/airflow/.local/lib/python3.8/site-packages/airflow/example_dags/tutorial_dag.py for tasks to queue
[2025-11-10T01:03:50.114+0000] {logging_mixin.py:188} INFO - [2025-11-10T01:03:50.113+0000] {dagbag.py:538} INFO - Filling up the DagBag from /home/airflow/.local/lib/python3.8/site-packages/airflow/example_dags/tutorial_dag.py
[2025-11-10T01:03:50.121+0000] {processor.py:840} INFO - DAG(s) 'tutorial_dag' retrieved from /home/airflow/.local/lib/python3.8/site-packages/airflow/example_dags/tutorial_dag.py
[2025-11-10T01:03:50.152+0000] {logging_mixin.py:188} INFO - [2025-11-10T01:03:50.152+0000] {dag.py:3036} INFO - Sync 1 DAGs
[2025-11-10T01:03:50.169+0000] {logging_mixin.py:188} INFO - [2025-11-10T01:03:50.168+0000] {dag.py:3823} INFO - Setting next_dagrun for tutorial_dag to None, run_after=None
[2025-11-10T01:03:50.239+0000] {processor.py:183} INFO - Processing /home/airflow/.local/lib/python3.8/site-packages/airflow/example_dags/tutorial_dag.py took 0.131 seconds
[2025-11-10T01:04:20.396+0000] {processor.py:161} INFO - Started process (PID=3087) to work on /home/airflow/.local/lib/python3.8/site-packages/airflow/example_dags/tutorial_dag.py
[2025-11-10T01:04:20.397+0000] {processor.py:830} INFO - Processing file /home/airflow/.local/lib/python3.8/site-packages/airflow/example_dags/tutorial_dag.py for tasks to queue
[2025-11-10T01:04:20.398+0000] {logging_mixin.py:188} INFO - [2025-11-10T01:04:20.398+0000] {dagbag.py:538} INFO - Filling up the DagBag from /home/airflow/.local/lib/python3.8/site-packages/airflow/example_dags/tutorial_dag.py
[2025-11-10T01:04:20.404+0000] {processor.py:840} INFO - DAG(s) 'tutorial_dag' retrieved from /home/airflow/.local/lib/python3.8/site-packages/airflow/example_dags/tutorial_dag.py
[2025-11-10T01:04:20.430+0000] {logging_mixin.py:188} INFO - [2025-11-10T01:04:20.430+0000] {dag.py:3036} INFO - Sync 1 DAGs
[2025-11-10T01:04:20.448+0000] {logging_mixin.py:188} INFO - [2025-11-10T01:04:20.447+0000] {dag.py:3823} INFO - Setting next_dagrun for tutorial_dag to None, run_after=None
[2025-11-10T01:04:20.472+0000] {processor.py:183} INFO - Processing /home/airflow/.local/lib/python3.8/site-packages/airflow/example_dags/tutorial_dag.py took 0.081 seconds
[2025-11-10T01:04:50.666+0000] {processor.py:161} INFO - Started process (PID=3184) to work on /home/airflow/.local/lib/python3.8/site-packages/airflow/example_dags/tutorial_dag.py
[2025-11-10T01:04:50.667+0000] {processor.py:830} INFO - Processing file /home/airflow/.local/lib/python3.8/site-packages/airflow/example_dags/tutorial_dag.py for tasks to queue
[2025-11-10T01:04:50.669+0000] {logging_mixin.py:188} INFO - [2025-11-10T01:04:50.668+0000] {dagbag.py:538} INFO - Filling up the DagBag from /home/airflow/.local/lib/python3.8/site-packages/airflow/example_dags/tutorial_dag.py
[2025-11-10T01:04:50.675+0000] {processor.py:840} INFO - DAG(s) 'tutorial_dag' retrieved from /home/airflow/.local/lib/python3.8/site-packages/airflow/example_dags/tutorial_dag.py
[2025-11-10T01:04:50.704+0000] {logging_mixin.py:188} INFO - [2025-11-10T01:04:50.703+0000] {dag.py:3036} INFO - Sync 1 DAGs
[2025-11-10T01:04:50.720+0000] {logging_mixin.py:188} INFO - [2025-11-10T01:04:50.720+0000] {dag.py:3823} INFO - Setting next_dagrun for tutorial_dag to None, run_after=None
[2025-11-10T01:04:50.747+0000] {processor.py:183} INFO - Processing /home/airflow/.local/lib/python3.8/site-packages/airflow/example_dags/tutorial_dag.py took 0.086 seconds
[2025-11-10T01:05:20.836+0000] {processor.py:161} INFO - Started process (PID=3280) to work on /home/airflow/.local/lib/python3.8/site-packages/airflow/example_dags/tutorial_dag.py
[2025-11-10T01:05:20.836+0000] {processor.py:830} INFO - Processing file /home/airflow/.local/lib/python3.8/site-packages/airflow/example_dags/tutorial_dag.py for tasks to queue
[2025-11-10T01:05:20.838+0000] {logging_mixin.py:188} INFO - [2025-11-10T01:05:20.837+0000] {dagbag.py:538} INFO - Filling up the DagBag from /home/airflow/.local/lib/python3.8/site-packages/airflow/example_dags/tutorial_dag.py
[2025-11-10T01:05:20.845+0000] {processor.py:840} INFO - DAG(s) 'tutorial_dag' retrieved from /home/airflow/.local/lib/python3.8/site-packages/airflow/example_dags/tutorial_dag.py
[2025-11-10T01:05:20.871+0000] {logging_mixin.py:188} INFO - [2025-11-10T01:05:20.870+0000] {dag.py:3036} INFO - Sync 1 DAGs
[2025-11-10T01:05:20.885+0000] {logging_mixin.py:188} INFO - [2025-11-10T01:05:20.884+0000] {dag.py:3823} INFO - Setting next_dagrun for tutorial_dag to None, run_after=None
[2025-11-10T01:05:20.906+0000] {processor.py:183} INFO - Processing /home/airflow/.local/lib/python3.8/site-packages/airflow/example_dags/tutorial_dag.py took 0.075 seconds
[2025-11-10T01:05:51.217+0000] {processor.py:161} INFO - Started process (PID=3377) to work on /home/airflow/.local/lib/python3.8/site-packages/airflow/example_dags/tutorial_dag.py
[2025-11-10T01:05:51.219+0000] {processor.py:830} INFO - Processing file /home/airflow/.local/lib/python3.8/site-packages/airflow/example_dags/tutorial_dag.py for tasks to queue
[2025-11-10T01:05:51.220+0000] {logging_mixin.py:188} INFO - [2025-11-10T01:05:51.220+0000] {dagbag.py:538} INFO - Filling up the DagBag from /home/airflow/.local/lib/python3.8/site-packages/airflow/example_dags/tutorial_dag.py
[2025-11-10T01:05:51.228+0000] {processor.py:840} INFO - DAG(s) 'tutorial_dag' retrieved from /home/airflow/.local/lib/python3.8/site-packages/airflow/example_dags/tutorial_dag.py
[2025-11-10T01:05:51.257+0000] {logging_mixin.py:188} INFO - [2025-11-10T01:05:51.257+0000] {dag.py:3036} INFO - Sync 1 DAGs
[2025-11-10T01:05:51.271+0000] {logging_mixin.py:188} INFO - [2025-11-10T01:05:51.271+0000] {dag.py:3823} INFO - Setting next_dagrun for tutorial_dag to None, run_after=None
[2025-11-10T01:05:51.297+0000] {processor.py:183} INFO - Processing /home/airflow/.local/lib/python3.8/site-packages/airflow/example_dags/tutorial_dag.py took 0.083 seconds
[2025-11-10T01:06:21.735+0000] {processor.py:161} INFO - Started process (PID=3483) to work on /home/airflow/.local/lib/python3.8/site-packages/airflow/example_dags/tutorial_dag.py
[2025-11-10T01:06:21.736+0000] {processor.py:830} INFO - Processing file /home/airflow/.local/lib/python3.8/site-packages/airflow/example_dags/tutorial_dag.py for tasks to queue
[2025-11-10T01:06:21.738+0000] {logging_mixin.py:188} INFO - [2025-11-10T01:06:21.737+0000] {dagbag.py:538} INFO - Filling up the DagBag from /home/airflow/.local/lib/python3.8/site-packages/airflow/example_dags/tutorial_dag.py
[2025-11-10T01:06:21.746+0000] {processor.py:840} INFO - DAG(s) 'tutorial_dag' retrieved from /home/airflow/.local/lib/python3.8/site-packages/airflow/example_dags/tutorial_dag.py
[2025-11-10T01:06:21.776+0000] {logging_mixin.py:188} INFO - [2025-11-10T01:06:21.775+0000] {dag.py:3036} INFO - Sync 1 DAGs
[2025-11-10T01:06:21.794+0000] {logging_mixin.py:188} INFO - [2025-11-10T01:06:21.794+0000] {dag.py:3823} INFO - Setting next_dagrun for tutorial_dag to None, run_after=None
[2025-11-10T01:06:21.831+0000] {processor.py:183} INFO - Processing /home/airflow/.local/lib/python3.8/site-packages/airflow/example_dags/tutorial_dag.py took 0.101 seconds
[2025-11-10T01:06:52.294+0000] {processor.py:161} INFO - Started process (PID=3595) to work on /home/airflow/.local/lib/python3.8/site-packages/airflow/example_dags/tutorial_dag.py
[2025-11-10T01:06:52.295+0000] {processor.py:830} INFO - Processing file /home/airflow/.local/lib/python3.8/site-packages/airflow/example_dags/tutorial_dag.py for tasks to queue
[2025-11-10T01:06:52.296+0000] {logging_mixin.py:188} INFO - [2025-11-10T01:06:52.295+0000] {dagbag.py:538} INFO - Filling up the DagBag from /home/airflow/.local/lib/python3.8/site-packages/airflow/example_dags/tutorial_dag.py
[2025-11-10T01:06:52.302+0000] {processor.py:840} INFO - DAG(s) 'tutorial_dag' retrieved from /home/airflow/.local/lib/python3.8/site-packages/airflow/example_dags/tutorial_dag.py
[2025-11-10T01:06:52.334+0000] {logging_mixin.py:188} INFO - [2025-11-10T01:06:52.333+0000] {dag.py:3036} INFO - Sync 1 DAGs
[2025-11-10T01:06:52.351+0000] {logging_mixin.py:188} INFO - [2025-11-10T01:06:52.351+0000] {dag.py:3823} INFO - Setting next_dagrun for tutorial_dag to None, run_after=None
[2025-11-10T01:06:52.376+0000] {processor.py:183} INFO - Processing /home/airflow/.local/lib/python3.8/site-packages/airflow/example_dags/tutorial_dag.py took 0.087 seconds
[2025-11-10T02:09:07.728+0000] {processor.py:161} INFO - Started process (PID=175) to work on /home/airflow/.local/lib/python3.8/site-packages/airflow/example_dags/tutorial_dag.py
[2025-11-10T02:09:07.731+0000] {processor.py:830} INFO - Processing file /home/airflow/.local/lib/python3.8/site-packages/airflow/example_dags/tutorial_dag.py for tasks to queue
[2025-11-10T02:09:07.732+0000] {logging_mixin.py:188} INFO - [2025-11-10T02:09:07.732+0000] {dagbag.py:538} INFO - Filling up the DagBag from /home/airflow/.local/lib/python3.8/site-packages/airflow/example_dags/tutorial_dag.py
[2025-11-10T02:09:07.739+0000] {processor.py:840} INFO - DAG(s) 'tutorial_dag' retrieved from /home/airflow/.local/lib/python3.8/site-packages/airflow/example_dags/tutorial_dag.py
[2025-11-10T02:09:07.998+0000] {logging_mixin.py:188} INFO - [2025-11-10T02:09:07.997+0000] {dag.py:3036} INFO - Sync 1 DAGs
[2025-11-10T02:09:08.029+0000] {logging_mixin.py:188} INFO - [2025-11-10T02:09:08.028+0000] {dag.py:3823} INFO - Setting next_dagrun for tutorial_dag to None, run_after=None
[2025-11-10T02:09:08.090+0000] {processor.py:183} INFO - Processing /home/airflow/.local/lib/python3.8/site-packages/airflow/example_dags/tutorial_dag.py took 0.366 seconds
[2025-11-10T02:09:38.274+0000] {processor.py:161} INFO - Started process (PID=272) to work on /home/airflow/.local/lib/python3.8/site-packages/airflow/example_dags/tutorial_dag.py
[2025-11-10T02:09:38.275+0000] {processor.py:830} INFO - Processing file /home/airflow/.local/lib/python3.8/site-packages/airflow/example_dags/tutorial_dag.py for tasks to queue
[2025-11-10T02:09:38.276+0000] {logging_mixin.py:188} INFO - [2025-11-10T02:09:38.276+0000] {dagbag.py:538} INFO - Filling up the DagBag from /home/airflow/.local/lib/python3.8/site-packages/airflow/example_dags/tutorial_dag.py
[2025-11-10T02:09:38.284+0000] {processor.py:840} INFO - DAG(s) 'tutorial_dag' retrieved from /home/airflow/.local/lib/python3.8/site-packages/airflow/example_dags/tutorial_dag.py
[2025-11-10T02:09:38.317+0000] {logging_mixin.py:188} INFO - [2025-11-10T02:09:38.316+0000] {dag.py:3036} INFO - Sync 1 DAGs
[2025-11-10T02:09:38.518+0000] {logging_mixin.py:188} INFO - [2025-11-10T02:09:38.517+0000] {dag.py:3823} INFO - Setting next_dagrun for tutorial_dag to None, run_after=None
[2025-11-10T02:09:38.551+0000] {processor.py:183} INFO - Processing /home/airflow/.local/lib/python3.8/site-packages/airflow/example_dags/tutorial_dag.py took 0.283 seconds
[2025-11-10T02:10:08.718+0000] {processor.py:161} INFO - Started process (PID=369) to work on /home/airflow/.local/lib/python3.8/site-packages/airflow/example_dags/tutorial_dag.py
[2025-11-10T02:10:08.720+0000] {processor.py:830} INFO - Processing file /home/airflow/.local/lib/python3.8/site-packages/airflow/example_dags/tutorial_dag.py for tasks to queue
[2025-11-10T02:10:08.721+0000] {logging_mixin.py:188} INFO - [2025-11-10T02:10:08.721+0000] {dagbag.py:538} INFO - Filling up the DagBag from /home/airflow/.local/lib/python3.8/site-packages/airflow/example_dags/tutorial_dag.py
[2025-11-10T02:10:08.728+0000] {processor.py:840} INFO - DAG(s) 'tutorial_dag' retrieved from /home/airflow/.local/lib/python3.8/site-packages/airflow/example_dags/tutorial_dag.py
[2025-11-10T02:10:08.758+0000] {logging_mixin.py:188} INFO - [2025-11-10T02:10:08.758+0000] {dag.py:3036} INFO - Sync 1 DAGs
[2025-11-10T02:10:08.775+0000] {logging_mixin.py:188} INFO - [2025-11-10T02:10:08.774+0000] {dag.py:3823} INFO - Setting next_dagrun for tutorial_dag to None, run_after=None
[2025-11-10T02:10:08.801+0000] {processor.py:183} INFO - Processing /home/airflow/.local/lib/python3.8/site-packages/airflow/example_dags/tutorial_dag.py took 0.088 seconds
[2025-11-10T02:10:38.978+0000] {processor.py:161} INFO - Started process (PID=465) to work on /home/airflow/.local/lib/python3.8/site-packages/airflow/example_dags/tutorial_dag.py
[2025-11-10T02:10:38.979+0000] {processor.py:830} INFO - Processing file /home/airflow/.local/lib/python3.8/site-packages/airflow/example_dags/tutorial_dag.py for tasks to queue
[2025-11-10T02:10:38.981+0000] {logging_mixin.py:188} INFO - [2025-11-10T02:10:38.980+0000] {dagbag.py:538} INFO - Filling up the DagBag from /home/airflow/.local/lib/python3.8/site-packages/airflow/example_dags/tutorial_dag.py
[2025-11-10T02:10:38.987+0000] {processor.py:840} INFO - DAG(s) 'tutorial_dag' retrieved from /home/airflow/.local/lib/python3.8/site-packages/airflow/example_dags/tutorial_dag.py
[2025-11-10T02:10:39.016+0000] {logging_mixin.py:188} INFO - [2025-11-10T02:10:39.015+0000] {dag.py:3036} INFO - Sync 1 DAGs
[2025-11-10T02:10:39.036+0000] {logging_mixin.py:188} INFO - [2025-11-10T02:10:39.035+0000] {dag.py:3823} INFO - Setting next_dagrun for tutorial_dag to None, run_after=None
[2025-11-10T02:10:39.073+0000] {processor.py:183} INFO - Processing /home/airflow/.local/lib/python3.8/site-packages/airflow/example_dags/tutorial_dag.py took 0.099 seconds
[2025-11-10T02:11:10.497+0000] {processor.py:161} INFO - Started process (PID=585) to work on /home/airflow/.local/lib/python3.8/site-packages/airflow/example_dags/tutorial_dag.py
[2025-11-10T02:11:10.499+0000] {processor.py:830} INFO - Processing file /home/airflow/.local/lib/python3.8/site-packages/airflow/example_dags/tutorial_dag.py for tasks to queue
[2025-11-10T02:11:10.501+0000] {logging_mixin.py:188} INFO - [2025-11-10T02:11:10.500+0000] {dagbag.py:538} INFO - Filling up the DagBag from /home/airflow/.local/lib/python3.8/site-packages/airflow/example_dags/tutorial_dag.py
[2025-11-10T02:11:10.508+0000] {processor.py:840} INFO - DAG(s) 'tutorial_dag' retrieved from /home/airflow/.local/lib/python3.8/site-packages/airflow/example_dags/tutorial_dag.py
[2025-11-10T02:11:10.542+0000] {logging_mixin.py:188} INFO - [2025-11-10T02:11:10.542+0000] {dag.py:3036} INFO - Sync 1 DAGs
[2025-11-10T02:11:10.558+0000] {logging_mixin.py:188} INFO - [2025-11-10T02:11:10.558+0000] {dag.py:3823} INFO - Setting next_dagrun for tutorial_dag to None, run_after=None
[2025-11-10T02:11:10.586+0000] {processor.py:183} INFO - Processing /home/airflow/.local/lib/python3.8/site-packages/airflow/example_dags/tutorial_dag.py took 0.094 seconds
[2025-11-10T02:11:41.198+0000] {processor.py:161} INFO - Started process (PID=682) to work on /home/airflow/.local/lib/python3.8/site-packages/airflow/example_dags/tutorial_dag.py
[2025-11-10T02:11:41.199+0000] {processor.py:830} INFO - Processing file /home/airflow/.local/lib/python3.8/site-packages/airflow/example_dags/tutorial_dag.py for tasks to queue
[2025-11-10T02:11:41.201+0000] {logging_mixin.py:188} INFO - [2025-11-10T02:11:41.200+0000] {dagbag.py:538} INFO - Filling up the DagBag from /home/airflow/.local/lib/python3.8/site-packages/airflow/example_dags/tutorial_dag.py
[2025-11-10T02:11:41.207+0000] {processor.py:840} INFO - DAG(s) 'tutorial_dag' retrieved from /home/airflow/.local/lib/python3.8/site-packages/airflow/example_dags/tutorial_dag.py
[2025-11-10T02:11:41.237+0000] {logging_mixin.py:188} INFO - [2025-11-10T02:11:41.237+0000] {dag.py:3036} INFO - Sync 1 DAGs
[2025-11-10T02:11:41.254+0000] {logging_mixin.py:188} INFO - [2025-11-10T02:11:41.253+0000] {dag.py:3823} INFO - Setting next_dagrun for tutorial_dag to None, run_after=None
[2025-11-10T02:11:41.279+0000] {processor.py:183} INFO - Processing /home/airflow/.local/lib/python3.8/site-packages/airflow/example_dags/tutorial_dag.py took 0.087 seconds
[2025-11-10T02:12:11.863+0000] {processor.py:161} INFO - Started process (PID=779) to work on /home/airflow/.local/lib/python3.8/site-packages/airflow/example_dags/tutorial_dag.py
[2025-11-10T02:12:11.864+0000] {processor.py:830} INFO - Processing file /home/airflow/.local/lib/python3.8/site-packages/airflow/example_dags/tutorial_dag.py for tasks to queue
[2025-11-10T02:12:11.865+0000] {logging_mixin.py:188} INFO - [2025-11-10T02:12:11.865+0000] {dagbag.py:538} INFO - Filling up the DagBag from /home/airflow/.local/lib/python3.8/site-packages/airflow/example_dags/tutorial_dag.py
[2025-11-10T02:12:11.871+0000] {processor.py:840} INFO - DAG(s) 'tutorial_dag' retrieved from /home/airflow/.local/lib/python3.8/site-packages/airflow/example_dags/tutorial_dag.py
[2025-11-10T02:12:11.902+0000] {logging_mixin.py:188} INFO - [2025-11-10T02:12:11.902+0000] {dag.py:3036} INFO - Sync 1 DAGs
[2025-11-10T02:12:11.921+0000] {logging_mixin.py:188} INFO - [2025-11-10T02:12:11.921+0000] {dag.py:3823} INFO - Setting next_dagrun for tutorial_dag to None, run_after=None
[2025-11-10T02:12:11.945+0000] {processor.py:183} INFO - Processing /home/airflow/.local/lib/python3.8/site-packages/airflow/example_dags/tutorial_dag.py took 0.087 seconds
[2025-11-10T02:12:42.172+0000] {processor.py:161} INFO - Started process (PID=874) to work on /home/airflow/.local/lib/python3.8/site-packages/airflow/example_dags/tutorial_dag.py
[2025-11-10T02:12:42.173+0000] {processor.py:830} INFO - Processing file /home/airflow/.local/lib/python3.8/site-packages/airflow/example_dags/tutorial_dag.py for tasks to queue
[2025-11-10T02:12:42.174+0000] {logging_mixin.py:188} INFO - [2025-11-10T02:12:42.174+0000] {dagbag.py:538} INFO - Filling up the DagBag from /home/airflow/.local/lib/python3.8/site-packages/airflow/example_dags/tutorial_dag.py
[2025-11-10T02:12:42.181+0000] {processor.py:840} INFO - DAG(s) 'tutorial_dag' retrieved from /home/airflow/.local/lib/python3.8/site-packages/airflow/example_dags/tutorial_dag.py
[2025-11-10T02:12:42.210+0000] {logging_mixin.py:188} INFO - [2025-11-10T02:12:42.210+0000] {dag.py:3036} INFO - Sync 1 DAGs
[2025-11-10T02:12:42.227+0000] {logging_mixin.py:188} INFO - [2025-11-10T02:12:42.226+0000] {dag.py:3823} INFO - Setting next_dagrun for tutorial_dag to None, run_after=None
[2025-11-10T02:12:42.254+0000] {processor.py:183} INFO - Processing /home/airflow/.local/lib/python3.8/site-packages/airflow/example_dags/tutorial_dag.py took 0.086 seconds
[2025-11-10T02:13:12.343+0000] {processor.py:161} INFO - Started process (PID=978) to work on /home/airflow/.local/lib/python3.8/site-packages/airflow/example_dags/tutorial_dag.py
[2025-11-10T02:13:12.344+0000] {processor.py:830} INFO - Processing file /home/airflow/.local/lib/python3.8/site-packages/airflow/example_dags/tutorial_dag.py for tasks to queue
[2025-11-10T02:13:12.346+0000] {logging_mixin.py:188} INFO - [2025-11-10T02:13:12.345+0000] {dagbag.py:538} INFO - Filling up the DagBag from /home/airflow/.local/lib/python3.8/site-packages/airflow/example_dags/tutorial_dag.py
[2025-11-10T02:13:12.352+0000] {processor.py:840} INFO - DAG(s) 'tutorial_dag' retrieved from /home/airflow/.local/lib/python3.8/site-packages/airflow/example_dags/tutorial_dag.py
[2025-11-10T02:13:12.384+0000] {logging_mixin.py:188} INFO - [2025-11-10T02:13:12.383+0000] {dag.py:3036} INFO - Sync 1 DAGs
[2025-11-10T02:13:12.403+0000] {logging_mixin.py:188} INFO - [2025-11-10T02:13:12.402+0000] {dag.py:3823} INFO - Setting next_dagrun for tutorial_dag to None, run_after=None
[2025-11-10T02:13:12.431+0000] {processor.py:183} INFO - Processing /home/airflow/.local/lib/python3.8/site-packages/airflow/example_dags/tutorial_dag.py took 0.094 seconds
