[2025-11-07T12:30:24.058+0000] {taskinstance.py:1956} INFO - Dependencies all met for dep_context=non-requeueable deps ti=<TaskInstance: dataset_analysis_dag.data_review manual__2025-11-07T12:29:55.707467+00:00 [queued]>
[2025-11-07T12:30:24.074+0000] {taskinstance.py:1956} INFO - Dependencies all met for dep_context=requeueable deps ti=<TaskInstance: dataset_analysis_dag.data_review manual__2025-11-07T12:29:55.707467+00:00 [queued]>
[2025-11-07T12:30:24.076+0000] {taskinstance.py:2170} INFO - Starting attempt 1 of 4
[2025-11-07T12:30:24.090+0000] {taskinstance.py:2191} INFO - Executing <Task(PythonOperator): data_review> on 2025-11-07 12:29:55.707467+00:00
[2025-11-07T12:30:24.099+0000] {standard_task_runner.py:60} INFO - Started process 1131 to run task
[2025-11-07T12:30:24.102+0000] {standard_task_runner.py:87} INFO - Running: ['***', 'tasks', 'run', 'dataset_analysis_dag', 'data_review', 'manual__2025-11-07T12:29:55.707467+00:00', '--job-id', '16', '--raw', '--subdir', 'DAGS_FOLDER/dataset_analysis_dag.py', '--cfg-path', '/tmp/tmp79gednfc']
[2025-11-07T12:30:24.104+0000] {standard_task_runner.py:88} INFO - Job 16: Subtask data_review
[2025-11-07T12:30:24.181+0000] {task_command.py:423} INFO - Running <TaskInstance: dataset_analysis_dag.data_review manual__2025-11-07T12:29:55.707467+00:00 [running]> on host 07e4f6cb044d
[2025-11-07T12:30:24.276+0000] {taskinstance.py:2480} INFO - Exporting env vars: AIRFLOW_CTX_DAG_OWNER='Marin_Botina' AIRFLOW_CTX_DAG_ID='dataset_analysis_dag' AIRFLOW_CTX_TASK_ID='data_review' AIRFLOW_CTX_EXECUTION_DATE='2025-11-07T12:29:55.707467+00:00' AIRFLOW_CTX_TRY_NUMBER='1' AIRFLOW_CTX_DAG_RUN_ID='manual__2025-11-07T12:29:55.707467+00:00'
[2025-11-07T12:30:54.103+0000] {logging_mixin.py:188} INFO - 
=== CATEGORIES ===
[2025-11-07T12:30:54.105+0000] {logging_mixin.py:188} INFO - num_records: 50
[2025-11-07T12:30:54.107+0000] {logging_mixin.py:188} INFO - num_columns: 2
[2025-11-07T12:30:54.109+0000] {logging_mixin.py:188} INFO - columns: ['category_id', 'category_name']
[2025-11-07T12:30:54.113+0000] {logging_mixin.py:188} INFO - dtypes: {'category_id': 'int64', 'category_name': 'object'}
[2025-11-07T12:30:54.115+0000] {logging_mixin.py:188} INFO - nulls: {'category_id': 0, 'category_name': 0}
[2025-11-07T12:30:54.117+0000] {logging_mixin.py:188} INFO - duplicates: 0
[2025-11-07T12:30:54.118+0000] {logging_mixin.py:188} INFO - 
=== PRODUCT_CATEGORY ===
[2025-11-07T12:30:54.118+0000] {logging_mixin.py:188} INFO - num_records: 112011
[2025-11-07T12:30:54.119+0000] {logging_mixin.py:188} INFO - num_columns: 2
[2025-11-07T12:30:54.120+0000] {logging_mixin.py:188} INFO - columns: ['product_code', 'category_id']
[2025-11-07T12:30:54.120+0000] {logging_mixin.py:188} INFO - dtypes: {'product_code': 'object', 'category_id': 'object'}
[2025-11-07T12:30:54.121+0000] {logging_mixin.py:188} INFO - nulls: {'product_code': 0, 'category_id': 0}
[2025-11-07T12:30:54.121+0000] {logging_mixin.py:188} INFO - duplicates: 18473
[2025-11-07T12:30:54.122+0000] {logging_mixin.py:188} INFO - 
=== TRANSACTIONS ===
[2025-11-07T12:30:54.124+0000] {logging_mixin.py:188} INFO - num_records: 1108987
[2025-11-07T12:30:54.125+0000] {logging_mixin.py:188} INFO - num_columns: 9
[2025-11-07T12:30:54.125+0000] {logging_mixin.py:188} INFO - columns: ['date', 'store', 'customer', 'products', 'year', 'month', 'week', 'day_of_week', 'day_name']
[2025-11-07T12:30:54.126+0000] {logging_mixin.py:188} INFO - dtypes: {'date': 'datetime64[ns]', 'store': 'int64', 'customer': 'int64', 'products': 'object', 'year': 'int64', 'month': 'int64', 'week': 'int64', 'day_of_week': 'int64', 'day_name': 'object'}
[2025-11-07T12:30:54.127+0000] {logging_mixin.py:188} INFO - nulls: {'date': 0, 'store': 0, 'customer': 0, 'products': 0, 'year': 0, 'month': 0, 'week': 0, 'day_of_week': 0, 'day_name': 0}
[2025-11-07T12:30:54.127+0000] {logging_mixin.py:188} INFO - duplicates: 1
[2025-11-07T12:30:54.286+0000] {python.py:201} INFO - Done. Returned value was: None
[2025-11-07T12:30:54.304+0000] {taskinstance.py:1138} INFO - Marking task as SUCCESS. dag_id=dataset_analysis_dag, task_id=data_review, execution_date=20251107T122955, start_date=20251107T123024, end_date=20251107T123054
[2025-11-07T12:30:54.367+0000] {local_task_job_runner.py:234} INFO - Task exited with return code 0
[2025-11-07T12:30:54.411+0000] {taskinstance.py:3280} INFO - 1 downstream tasks scheduled from follow-on schedule check
